3 3 3 2 12
32 1 256 0.0001 1 81.8 0.536185
32 1 256 0.0001 2 83.3 0.476885
32 1 256 0.0001 3 84.4 0.447048
32 1 256 0.0001 4 84.6 0.437449
32 1 256 0.0001 5 84.5 0.433266
32 1 256 0.0001 6 85.6 0.407492
32 1 256 0.0001 7 85.9 0.398232
32 1 256 0.0001 8 86.4 0.386974
32 1 256 0.0001 9 86.2 0.390189
32 1 256 0.0001 10 86.9 0.378251
32 1 256 0.0001 11 86.7 0.371388
32 1 256 0.0001 12 87.1 0.363805
32 1 256 0.001 1 85.3 0.427568
32 1 256 0.001 2 85.7 0.392752
32 1 256 0.001 3 87.3 0.357833
32 1 256 0.001 4 86.9 0.364613
32 1 256 0.001 5 87.8 0.343222
32 1 256 0.001 6 88.4 0.328567
32 1 256 0.001 7 88.4 0.333291
32 1 256 0.001 8 87.7 0.353103
32 1 256 0.001 9 88.8 0.332049
32 1 256 0.001 10 87.8 0.355701
32 1 256 0.001 11 89.4 0.330508
32 1 256 0.001 12 88.9 0.338550
32 1 384 0.0001 1 82.0 0.516846
32 1 384 0.0001 2 83.7 0.460680
32 1 384 0.0001 3 84.7 0.437760
32 1 384 0.0001 4 85.2 0.416323
32 1 384 0.0001 5 85.6 0.409242
32 1 384 0.0001 6 86.3 0.390451
32 1 384 0.0001 7 86.6 0.381833
32 1 384 0.0001 8 86.9 0.372327
32 1 384 0.0001 9 86.8 0.377172
32 1 384 0.0001 10 86.9 0.363965
32 1 384 0.0001 11 87.1 0.361109
32 1 384 0.0001 12 87.1 0.359387
32 1 384 0.001 1 85.2 0.399386
32 1 384 0.001 2 86.9 0.369718
32 1 384 0.001 3 87.2 0.378314
32 1 384 0.001 4 87.7 0.343700
32 1 384 0.001 5 87.5 0.355446
32 1 384 0.001 6 88.5 0.328104
32 1 384 0.001 7 88.2 0.328151
32 1 384 0.001 8 88.6 0.337553
32 1 384 0.001 9 88.7 0.325995
32 1 384 0.001 10 88.5 0.337419
32 1 384 0.001 11 88.4 0.342934
32 1 384 0.001 12 88.9 0.341982
32 1 512 0.0001 1 82.2 0.515758
32 1 512 0.0001 2 84.3 0.453506
32 1 512 0.0001 3 85.0 0.424806
32 1 512 0.0001 4 85.6 0.403822
32 1 512 0.0001 5 86.0 0.394724
32 1 512 0.0001 6 86.0 0.388702
32 1 512 0.0001 7 86.9 0.373592
32 1 512 0.0001 8 86.9 0.369969
32 1 512 0.0001 9 87.0 0.363339
32 1 512 0.0001 10 87.1 0.358400
32 1 512 0.0001 11 87.2 0.357440
32 1 512 0.0001 12 87.8 0.344234
32 1 512 0.001 1 85.3 0.396651
32 1 512 0.001 2 87.0 0.353342
32 1 512 0.001 3 86.1 0.366316
32 1 512 0.001 4 87.6 0.346230
32 1 512 0.001 5 87.7 0.356275
32 1 512 0.001 6 87.8 0.349333
32 1 512 0.001 7 88.3 0.334768
32 1 512 0.001 8 87.7 0.356155
32 1 512 0.001 9 88.5 0.337293
32 1 512 0.001 10 88.6 0.336652
32 1 512 0.001 11 88.7 0.347865
32 1 512 0.001 12 88.6 0.331190
32 2 256 0.0001 1 81.8 0.512132
32 2 256 0.0001 2 84.3 0.445153
32 2 256 0.0001 3 84.7 0.425467
32 2 256 0.0001 4 85.6 0.409352
32 2 256 0.0001 5 86.2 0.388013
32 2 256 0.0001 6 86.3 0.390898
32 2 256 0.0001 7 86.9 0.369104
32 2 256 0.0001 8 86.6 0.372191
32 2 256 0.0001 9 87.2 0.359571
32 2 256 0.0001 10 87.7 0.347644
32 2 256 0.0001 11 87.9 0.338022
32 2 256 0.0001 12 88.0 0.342210
32 2 256 0.001 1 86.0 0.389364
32 2 256 0.001 2 86.1 0.392037
32 2 256 0.001 3 86.6 0.379023
32 2 256 0.001 4 87.2 0.346618
32 2 256 0.001 5 88.1 0.332826
32 2 256 0.001 6 88.2 0.330862
32 2 256 0.001 7 88.4 0.330450
32 2 256 0.001 8 88.3 0.348479
32 2 256 0.001 9 89.3 0.318217
32 2 256 0.001 10 88.3 0.354587
32 2 256 0.001 11 88.0 0.362048
32 2 256 0.001 12 89.1 0.343672
32 2 384 0.0001 1 83.5 0.475182
32 2 384 0.0001 2 85.0 0.430297
32 2 384 0.0001 3 85.4 0.407774
32 2 384 0.0001 4 85.5 0.397702
32 2 384 0.0001 5 86.8 0.374098
32 2 384 0.0001 6 87.2 0.361625
32 2 384 0.0001 7 87.8 0.344547
32 2 384 0.0001 8 87.5 0.349937
32 2 384 0.0001 9 87.8 0.337814
32 2 384 0.0001 10 87.8 0.336209
32 2 384 0.0001 11 88.5 0.328925
32 2 384 0.0001 12 88.2 0.331793
32 2 384 0.001 1 87.4 0.356233
32 2 384 0.001 2 86.8 0.363858
32 2 384 0.001 3 86.5 0.377152
32 2 384 0.001 4 87.5 0.370936
32 2 384 0.001 5 87.7 0.349766
32 2 384 0.001 6 88.1 0.329153
32 2 384 0.001 7 88.5 0.343844
32 2 384 0.001 8 88.9 0.327321
32 2 384 0.001 9 88.7 0.337476
32 2 384 0.001 10 88.9 0.343350
32 2 384 0.001 11 88.0 0.378590
32 2 384 0.001 12 89.3 0.337905
32 2 512 0.0001 1 83.7 0.461758
32 2 512 0.0001 2 85.1 0.421303
32 2 512 0.0001 3 85.3 0.405682
32 2 512 0.0001 4 86.4 0.378351
32 2 512 0.0001 5 86.7 0.365006
32 2 512 0.0001 6 86.9 0.361408
32 2 512 0.0001 7 87.6 0.344371
32 2 512 0.0001 8 88.1 0.330610
32 2 512 0.0001 9 88.5 0.325737
32 2 512 0.0001 10 88.4 0.322638
32 2 512 0.0001 11 87.9 0.345349
32 2 512 0.0001 12 88.2 0.330815
32 2 512 0.001 1 85.2 0.407891
32 2 512 0.001 2 85.9 0.374379
32 2 512 0.001 3 87.9 0.336746
32 2 512 0.001 4 88.1 0.333330
32 2 512 0.001 5 87.1 0.364461
32 2 512 0.001 6 87.9 0.342970
32 2 512 0.001 7 88.1 0.338545
32 2 512 0.001 8 87.8 0.384807
32 2 512 0.001 9 87.7 0.358424
32 2 512 0.001 10 88.5 0.356082
32 2 512 0.001 11 88.6 0.342018
32 2 512 0.001 12 88.8 0.375136
32 3 256 0.0001 1 82.1 0.500486
32 3 256 0.0001 2 83.7 0.460981
32 3 256 0.0001 3 85.4 0.407832
32 3 256 0.0001 4 86.2 0.386048
32 3 256 0.0001 5 85.9 0.381966
32 3 256 0.0001 6 86.7 0.371058
32 3 256 0.0001 7 87.1 0.355567
32 3 256 0.0001 8 87.1 0.357500
32 3 256 0.0001 9 87.7 0.341002
32 3 256 0.0001 10 87.8 0.337434
32 3 256 0.0001 11 87.5 0.344236
32 3 256 0.0001 12 88.3 0.329219
32 3 256 0.001 1 84.6 0.432968
32 3 256 0.001 2 86.6 0.367628
32 3 256 0.001 3 87.5 0.351142
32 3 256 0.001 4 87.2 0.348108
32 3 256 0.001 5 87.1 0.354082
32 3 256 0.001 6 87.9 0.342090
32 3 256 0.001 7 88.3 0.335469
32 3 256 0.001 8 87.8 0.371944
32 3 256 0.001 9 88.2 0.336442
32 3 256 0.001 10 88.8 0.329400
32 3 256 0.001 11 88.9 0.343847
32 3 256 0.001 12 88.7 0.369032
32 3 384 0.0001 1 82.5 0.488919
32 3 384 0.0001 2 84.5 0.431842
32 3 384 0.0001 3 85.8 0.393470
32 3 384 0.0001 4 86.9 0.372931
32 3 384 0.0001 5 86.8 0.363174
32 3 384 0.0001 6 87.5 0.345322
32 3 384 0.0001 7 87.5 0.351582
32 3 384 0.0001 8 87.7 0.344137
32 3 384 0.0001 9 87.9 0.334458
32 3 384 0.0001 10 88.4 0.333328
32 3 384 0.0001 11 88.8 0.320701
32 3 384 0.0001 12 88.8 0.318519
32 3 384 0.001 1 85.7 0.400504
32 3 384 0.001 2 86.5 0.384033
32 3 384 0.001 3 86.7 0.368908
32 3 384 0.001 4 87.2 0.363314
32 3 384 0.001 5 87.4 0.348016
32 3 384 0.001 6 88.1 0.357326
32 3 384 0.001 7 88.1 0.370676
32 3 384 0.001 8 88.6 0.336583
32 3 384 0.001 9 88.4 0.360897
32 3 384 0.001 10 87.9 0.384722
32 3 384 0.001 11 88.1 0.357173
32 3 384 0.001 12 88.8 0.363670
32 3 512 0.0001 1 84.1 0.449978
32 3 512 0.0001 2 85.8 0.395389
32 3 512 0.0001 3 86.7 0.370789
32 3 512 0.0001 4 86.7 0.367531
32 3 512 0.0001 5 87.0 0.353957
32 3 512 0.0001 6 87.7 0.338366
32 3 512 0.0001 7 87.8 0.339697
32 3 512 0.0001 8 88.2 0.326269
32 3 512 0.0001 9 88.6 0.321699
32 3 512 0.0001 10 88.6 0.319620
32 3 512 0.0001 11 88.7 0.321092
32 3 512 0.0001 12 89.0 0.315177
32 3 512 0.001 1 84.7 0.419479
32 3 512 0.001 2 86.7 0.382772
32 3 512 0.001 3 87.2 0.351931
32 3 512 0.001 4 87.0 0.354754
32 3 512 0.001 5 87.6 0.340888
32 3 512 0.001 6 87.6 0.354192
32 3 512 0.001 7 88.4 0.332220
32 3 512 0.001 8 88.2 0.350633
32 3 512 0.001 9 88.0 0.372374
32 3 512 0.001 10 88.9 0.335336
32 3 512 0.001 11 88.8 0.358490
32 3 512 0.001 12 88.5 0.368306
64 1 256 0.0001 1 80.4 0.582434
64 1 256 0.0001 2 82.7 0.505215
64 1 256 0.0001 3 83.3 0.472743
64 1 256 0.0001 4 83.8 0.455446
64 1 256 0.0001 5 84.4 0.440468
64 1 256 0.0001 6 84.7 0.428404
64 1 256 0.0001 7 85.3 0.417985
64 1 256 0.0001 8 85.7 0.411933
64 1 256 0.0001 9 85.5 0.405319
64 1 256 0.0001 10 86.2 0.395795
64 1 256 0.0001 11 86.3 0.388797
64 1 256 0.0001 12 85.9 0.394332
64 1 256 0.001 1 85.7 0.404249
64 1 256 0.001 2 86.3 0.378183
64 1 256 0.001 3 86.8 0.364751
64 1 256 0.001 4 87.7 0.345498
64 1 256 0.001 5 87.6 0.340926
64 1 256 0.001 6 88.2 0.331943
64 1 256 0.001 7 88.4 0.328915
64 1 256 0.001 8 88.1 0.331178
64 1 256 0.001 9 87.2 0.347567
64 1 256 0.001 10 88.4 0.328804
64 1 256 0.001 11 88.7 0.329540
64 1 256 0.001 12 88.7 0.325946
64 1 384 0.0001 1 80.9 0.554993
64 1 384 0.0001 2 82.9 0.486553
64 1 384 0.0001 3 84.2 0.458353
64 1 384 0.0001 4 84.5 0.438104
64 1 384 0.0001 5 85.1 0.423821
64 1 384 0.0001 6 85.5 0.409917
64 1 384 0.0001 7 86.0 0.403178
64 1 384 0.0001 8 86.0 0.397031
64 1 384 0.0001 9 86.4 0.388216
64 1 384 0.0001 10 86.3 0.384250
64 1 384 0.0001 11 86.6 0.378155
64 1 384 0.0001 12 86.6 0.384896
64 1 384 0.001 1 85.9 0.390926
64 1 384 0.001 2 86.0 0.390156
64 1 384 0.001 3 85.8 0.410217
64 1 384 0.001 4 87.1 0.362864
64 1 384 0.001 5 88.0 0.343812
64 1 384 0.001 6 88.0 0.330751
64 1 384 0.001 7 88.5 0.321036
64 1 384 0.001 8 88.6 0.331409
64 1 384 0.001 9 88.7 0.319923
64 1 384 0.001 10 88.6 0.332687
64 1 384 0.001 11 88.5 0.333808
64 1 384 0.001 12 88.9 0.328167
64 1 512 0.0001 1 81.0 0.548243
64 1 512 0.0001 2 83.2 0.479908
64 1 512 0.0001 3 83.9 0.452408
64 1 512 0.0001 4 85.0 0.425977
64 1 512 0.0001 5 85.4 0.416872
64 1 512 0.0001 6 85.3 0.411739
64 1 512 0.0001 7 86.2 0.392638
64 1 512 0.0001 8 86.1 0.393529
64 1 512 0.0001 9 86.4 0.381758
64 1 512 0.0001 10 86.6 0.374123
64 1 512 0.0001 11 87.1 0.366927
64 1 512 0.0001 12 86.8 0.367024
64 1 512 0.001 1 86.4 0.384186
64 1 512 0.001 2 87.2 0.347289
64 1 512 0.001 3 86.8 0.359329
64 1 512 0.001 4 87.7 0.342203
64 1 512 0.001 5 87.3 0.354599
64 1 512 0.001 6 88.0 0.336731
64 1 512 0.001 7 88.4 0.333293
64 1 512 0.001 8 87.6 0.360465
64 1 512 0.001 9 88.8 0.326392
64 1 512 0.001 10 89.3 0.321337
64 1 512 0.001 11 88.8 0.332513
64 1 512 0.001 12 88.2 0.347786
64 2 256 0.0001 1 81.4 0.536843
64 2 256 0.0001 2 83.5 0.468985
64 2 256 0.0001 3 84.4 0.444492
64 2 256 0.0001 4 83.5 0.467348
64 2 256 0.0001 5 85.8 0.401391
64 2 256 0.0001 6 86.1 0.396647
64 2 256 0.0001 7 86.6 0.382224
64 2 256 0.0001 8 86.4 0.380420
64 2 256 0.0001 9 86.9 0.370565
64 2 256 0.0001 10 87.2 0.364486
64 2 256 0.0001 11 87.2 0.359835
64 2 256 0.0001 12 86.9 0.365434
64 2 256 0.001 1 85.9 0.398046
64 2 256 0.001 2 85.9 0.382485
64 2 256 0.001 3 86.9 0.353354
64 2 256 0.001 4 87.3 0.344973
64 2 256 0.001 5 87.6 0.343416
64 2 256 0.001 6 88.5 0.331219
64 2 256 0.001 7 89.0 0.322155
64 2 256 0.001 8 87.9 0.344866
64 2 256 0.001 9 89.0 0.328253
64 2 256 0.001 10 87.8 0.345161
64 2 256 0.001 11 89.4 0.312690
64 2 256 0.001 12 88.7 0.334919
64 2 384 0.0001 1 81.9 0.513002
64 2 384 0.0001 2 84.0 0.455224
64 2 384 0.0001 3 85.0 0.425586
64 2 384 0.0001 4 85.7 0.407278
64 2 384 0.0001 5 85.7 0.408001
64 2 384 0.0001 6 86.5 0.383985
64 2 384 0.0001 7 87.0 0.365142
64 2 384 0.0001 8 87.3 0.359176
64 2 384 0.0001 9 87.0 0.362929
64 2 384 0.0001 10 87.4 0.347697
64 2 384 0.0001 11 87.9 0.341485
64 2 384 0.0001 12 87.4 0.350329
64 2 384 0.001 1 86.8 0.361144
64 2 384 0.001 2 87.4 0.342205
64 2 384 0.001 3 87.6 0.360721
64 2 384 0.001 4 87.6 0.352454
64 2 384 0.001 5 86.9 0.366482
64 2 384 0.001 6 86.9 0.365479
64 2 384 0.001 7 88.1 0.337050
64 2 384 0.001 8 88.7 0.324146
64 2 384 0.001 9 88.7 0.321116
64 2 384 0.001 10 88.9 0.319637
64 2 384 0.001 11 88.8 0.357348
64 2 384 0.001 12 89.3 0.327921
64 2 512 0.0001 1 83.1 0.484686
64 2 512 0.0001 2 84.8 0.437060
64 2 512 0.0001 3 85.0 0.416176
64 2 512 0.0001 4 85.7 0.403748
64 2 512 0.0001 5 86.1 0.387340
64 2 512 0.0001 6 86.8 0.371735
64 2 512 0.0001 7 86.4 0.371076
64 2 512 0.0001 8 87.6 0.346907
64 2 512 0.0001 9 87.2 0.356628
64 2 512 0.0001 10 87.8 0.336371
64 2 512 0.0001 11 87.7 0.351567
64 2 512 0.0001 12 88.0 0.336135
64 2 512 0.001 1 86.1 0.391082
64 2 512 0.001 2 86.8 0.358988
64 2 512 0.001 3 88.2 0.333089
64 2 512 0.001 4 87.9 0.344490
64 2 512 0.001 5 88.1 0.354651
64 2 512 0.001 6 86.9 0.370349
64 2 512 0.001 7 89.1 0.314454
64 2 512 0.001 8 88.9 0.332787
64 2 512 0.001 9 88.8 0.326996
64 2 512 0.001 10 88.2 0.357700
64 2 512 0.001 11 89.0 0.334634
64 2 512 0.001 12 89.4 0.336491
64 3 256 0.0001 1 80.7 0.540657
64 3 256 0.0001 2 83.3 0.473616
64 3 256 0.0001 3 84.1 0.442222
64 3 256 0.0001 4 85.4 0.413360
64 3 256 0.0001 5 85.8 0.399253
64 3 256 0.0001 6 86.0 0.397647
64 3 256 0.0001 7 86.5 0.378262
64 3 256 0.0001 8 86.5 0.380779
64 3 256 0.0001 9 87.3 0.365476
64 3 256 0.0001 10 87.5 0.352456
64 3 256 0.0001 11 87.5 0.353462
64 3 256 0.0001 12 87.6 0.348965
64 3 256 0.001 1 85.4 0.392703
64 3 256 0.001 2 86.5 0.369316
64 3 256 0.001 3 86.7 0.379674
64 3 256 0.001 4 87.5 0.350233
64 3 256 0.001 5 87.9 0.341929
64 3 256 0.001 6 87.2 0.355837
64 3 256 0.001 7 88.3 0.324038
64 3 256 0.001 8 88.0 0.342713
64 3 256 0.001 9 87.5 0.338907
64 3 256 0.001 10 88.9 0.319470
64 3 256 0.001 11 89.0 0.330329
64 3 256 0.001 12 88.3 0.354561
64 3 384 0.0001 1 81.2 0.513396
64 3 384 0.0001 2 83.8 0.459013
64 3 384 0.0001 3 84.7 0.427910
64 3 384 0.0001 4 86.1 0.397523
64 3 384 0.0001 5 85.9 0.394639
64 3 384 0.0001 6 87.0 0.366133
64 3 384 0.0001 7 87.1 0.364183
64 3 384 0.0001 8 87.4 0.350776
64 3 384 0.0001 9 87.3 0.346931
64 3 384 0.0001 10 87.8 0.339704
64 3 384 0.0001 11 87.9 0.336185
64 3 384 0.0001 12 87.9 0.331424
64 3 384 0.001 1 85.8 0.394759
64 3 384 0.001 2 85.8 0.406473
64 3 384 0.001 3 87.2 0.362006
64 3 384 0.001 4 88.0 0.336674
64 3 384 0.001 5 87.6 0.341247
64 3 384 0.001 6 88.4 0.336040
64 3 384 0.001 7 88.8 0.335783
64 3 384 0.001 8 88.0 0.335016
64 3 384 0.001 9 88.5 0.345646
64 3 384 0.001 10 88.8 0.328506
64 3 384 0.001 11 88.6 0.336694
64 3 384 0.001 12 89.3 0.350500
64 3 512 0.0001 1 82.7 0.488896
64 3 512 0.0001 2 84.7 0.429442
64 3 512 0.0001 3 85.8 0.401396
64 3 512 0.0001 4 86.4 0.378789
64 3 512 0.0001 5 86.6 0.372001
64 3 512 0.0001 6 86.8 0.358424
64 3 512 0.0001 7 87.0 0.360067
64 3 512 0.0001 8 87.6 0.336452
64 3 512 0.0001 9 88.0 0.338525
64 3 512 0.0001 10 88.1 0.339200
64 3 512 0.0001 11 88.6 0.324917
64 3 512 0.0001 12 88.9 0.316200
64 3 512 0.001 1 85.3 0.395443
64 3 512 0.001 2 85.7 0.418819
64 3 512 0.001 3 87.2 0.355532
64 3 512 0.001 4 87.9 0.338756
64 3 512 0.001 5 88.0 0.336568
64 3 512 0.001 6 87.5 0.346333
64 3 512 0.001 7 87.8 0.351938
64 3 512 0.001 8 88.7 0.332347
64 3 512 0.001 9 88.0 0.348330
64 3 512 0.001 10 88.8 0.325385
64 3 512 0.001 11 88.7 0.345632
64 3 512 0.001 12 88.5 0.333487
128 1 256 0.0001 1 77.8 0.662838
128 1 256 0.0001 2 81.0 0.551863
128 1 256 0.0001 3 82.5 0.507170
128 1 256 0.0001 4 83.2 0.482048
128 1 256 0.0001 5 83.6 0.467070
128 1 256 0.0001 6 83.9 0.455621
128 1 256 0.0001 7 84.6 0.441313
128 1 256 0.0001 8 85.0 0.435804
128 1 256 0.0001 9 84.9 0.427728
128 1 256 0.0001 10 85.2 0.414574
128 1 256 0.0001 11 85.5 0.411997
128 1 256 0.0001 12 85.3 0.417404
128 1 256 0.001 1 85.9 0.399128
128 1 256 0.001 2 86.2 0.382685
128 1 256 0.001 3 86.0 0.383641
128 1 256 0.001 4 87.3 0.359778
128 1 256 0.001 5 87.7 0.349212
128 1 256 0.001 6 88.0 0.336112
128 1 256 0.001 7 88.2 0.332361
128 1 256 0.001 8 87.7 0.344575
128 1 256 0.001 9 87.0 0.355219
128 1 256 0.001 10 88.1 0.334574
128 1 256 0.001 11 88.3 0.331197
128 1 256 0.001 12 88.5 0.329042
128 1 384 0.0001 1 79.1 0.620917
128 1 384 0.0001 2 81.9 0.524451
128 1 384 0.0001 3 83.4 0.484521
128 1 384 0.0001 4 83.5 0.469934
128 1 384 0.0001 5 84.4 0.447013
128 1 384 0.0001 6 84.8 0.430977
128 1 384 0.0001 7 85.2 0.424025
128 1 384 0.0001 8 85.2 0.417895
128 1 384 0.0001 9 85.5 0.408635
128 1 384 0.0001 10 85.8 0.404381
128 1 384 0.0001 11 86.0 0.398190
128 1 384 0.0001 12 86.1 0.392365
128 1 384 0.001 1 84.9 0.415595
128 1 384 0.001 2 86.1 0.394920
128 1 384 0.001 3 86.7 0.366909
128 1 384 0.001 4 85.8 0.390057
128 1 384 0.001 5 87.9 0.335446
128 1 384 0.001 6 88.3 0.327784
128 1 384 0.001 7 87.5 0.343040
128 1 384 0.001 8 88.5 0.326059
128 1 384 0.001 9 88.1 0.334231
128 1 384 0.001 10 88.9 0.317958
128 1 384 0.001 11 89.0 0.310742
128 1 384 0.001 12 89.1 0.317280
128 1 512 0.0001 1 79.5 0.604082
128 1 512 0.0001 2 82.2 0.515273
128 1 512 0.0001 3 83.5 0.476547
128 1 512 0.0001 4 84.3 0.456003
128 1 512 0.0001 5 84.6 0.442121
128 1 512 0.0001 6 84.8 0.431209
128 1 512 0.0001 7 85.2 0.415785
128 1 512 0.0001 8 85.6 0.407710
128 1 512 0.0001 9 86.1 0.399908
128 1 512 0.0001 10 86.2 0.393132
128 1 512 0.0001 11 86.3 0.396554
128 1 512 0.0001 12 86.5 0.381631
128 1 512 0.001 1 86.2 0.384272
128 1 512 0.001 2 86.5 0.372869
128 1 512 0.001 3 87.4 0.347009
128 1 512 0.001 4 87.3 0.352067
128 1 512 0.001 5 87.9 0.342015
128 1 512 0.001 6 87.8 0.338592
128 1 512 0.001 7 88.4 0.322386
128 1 512 0.001 8 87.7 0.345107
128 1 512 0.001 9 88.2 0.341118
128 1 512 0.001 10 88.5 0.331560
128 1 512 0.001 11 88.6 0.326418
128 1 512 0.001 12 89.1 0.315528
128 2 256 0.0001 1 79.3 0.595633
128 2 256 0.0001 2 82.1 0.507155
128 2 256 0.0001 3 83.5 0.467995
128 2 256 0.0001 4 84.1 0.446408
128 2 256 0.0001 5 84.7 0.432486
128 2 256 0.0001 6 85.2 0.421298
128 2 256 0.0001 7 85.4 0.408867
128 2 256 0.0001 8 85.8 0.405900
128 2 256 0.0001 9 85.8 0.393607
128 2 256 0.0001 10 86.2 0.387705
128 2 256 0.0001 11 86.4 0.376212
128 2 256 0.0001 12 86.7 0.377049
128 2 256 0.001 1 86.3 0.391043
128 2 256 0.001 2 86.7 0.369532
128 2 256 0.001 3 87.6 0.351664
128 2 256 0.001 4 87.2 0.350199
128 2 256 0.001 5 87.5 0.352070
128 2 256 0.001 6 87.4 0.342902
128 2 256 0.001 7 88.2 0.340086
128 2 256 0.001 8 88.7 0.329141
128 2 256 0.001 9 88.3 0.352225
128 2 256 0.001 10 88.5 0.333558
128 2 256 0.001 11 88.7 0.328649
128 2 256 0.001 12 88.9 0.322612
128 2 384 0.0001 1 79.8 0.569082
128 2 384 0.0001 2 83.4 0.477799
128 2 384 0.0001 3 84.2 0.443329
128 2 384 0.0001 4 85.0 0.426690
128 2 384 0.0001 5 85.4 0.418696
128 2 384 0.0001 6 85.9 0.402972
128 2 384 0.0001 7 86.2 0.389589
128 2 384 0.0001 8 86.2 0.383775
128 2 384 0.0001 9 86.8 0.370752
128 2 384 0.0001 10 87.0 0.369649
128 2 384 0.0001 11 87.3 0.360998
128 2 384 0.0001 12 87.4 0.353700
128 2 384 0.001 1 85.6 0.396732
128 2 384 0.001 2 86.2 0.383032
128 2 384 0.001 3 87.4 0.361411
128 2 384 0.001 4 87.8 0.341319
128 2 384 0.001 5 86.9 0.374267
128 2 384 0.001 6 87.4 0.340116
128 2 384 0.001 7 88.1 0.336111
128 2 384 0.001 8 88.9 0.312890
128 2 384 0.001 9 88.4 0.323648
128 2 384 0.001 10 88.5 0.338370
128 2 384 0.001 11 89.4 0.330725
128 2 384 0.001 12 88.7 0.344725
128 2 512 0.0001 1 80.7 0.540052
128 2 512 0.0001 2 83.5 0.466659
128 2 512 0.0001 3 84.1 0.438824
128 2 512 0.0001 4 85.1 0.420393
128 2 512 0.0001 5 85.6 0.407214
128 2 512 0.0001 6 85.3 0.417446
128 2 512 0.0001 7 86.5 0.386496
128 2 512 0.0001 8 86.6 0.376449
128 2 512 0.0001 9 86.5 0.371094
128 2 512 0.0001 10 87.1 0.364844
128 2 512 0.0001 11 87.0 0.366580
128 2 512 0.0001 12 87.4 0.353770
128 2 512 0.001 1 86.1 0.386071
128 2 512 0.001 2 86.7 0.361182
128 2 512 0.001 3 87.1 0.351761
128 2 512 0.001 4 87.1 0.353136
128 2 512 0.001 5 86.7 0.372095
128 2 512 0.001 6 88.3 0.335387
128 2 512 0.001 7 88.1 0.333543
128 2 512 0.001 8 88.9 0.317796
128 2 512 0.001 9 88.5 0.320217
128 2 512 0.001 10 88.7 0.338340
128 2 512 0.001 11 88.6 0.339929
128 2 512 0.001 12 88.7 0.332902
128 3 256 0.0001 1 79.2 0.590364
128 3 256 0.0001 2 81.6 0.510695
128 3 256 0.0001 3 83.5 0.461329
128 3 256 0.0001 4 84.6 0.436145
128 3 256 0.0001 5 84.0 0.444251
128 3 256 0.0001 6 85.3 0.424225
128 3 256 0.0001 7 85.3 0.417225
128 3 256 0.0001 8 85.1 0.417928
128 3 256 0.0001 9 86.4 0.394600
128 3 256 0.0001 10 86.6 0.375852
128 3 256 0.0001 11 86.7 0.378801
128 3 256 0.0001 12 86.2 0.387244
128 3 256 0.001 1 84.9 0.415853
128 3 256 0.001 2 84.6 0.417344
128 3 256 0.001 3 87.6 0.349898
128 3 256 0.001 4 87.8 0.334035
128 3 256 0.001 5 87.9 0.338212
128 3 256 0.001 6 86.9 0.354312
128 3 256 0.001 7 87.6 0.341644
128 3 256 0.001 8 88.1 0.332700
128 3 256 0.001 9 88.0 0.332541
128 3 256 0.001 10 88.6 0.324614
128 3 256 0.001 11 88.4 0.331986
128 3 256 0.001 12 88.2 0.349694
128 3 384 0.0001 1 80.4 0.555129
128 3 384 0.0001 2 82.9 0.485486
128 3 384 0.0001 3 84.3 0.442710
128 3 384 0.0001 4 84.9 0.426085
128 3 384 0.0001 5 85.5 0.409668
128 3 384 0.0001 6 85.8 0.396705
128 3 384 0.0001 7 86.1 0.393095
128 3 384 0.0001 8 86.8 0.368067
128 3 384 0.0001 9 86.7 0.367745
128 3 384 0.0001 10 86.7 0.366795
128 3 384 0.0001 11 86.6 0.366996
128 3 384 0.0001 12 87.5 0.343487
128 3 384 0.001 1 86.6 0.377987
128 3 384 0.001 2 86.7 0.365473
128 3 384 0.001 3 86.2 0.385182
128 3 384 0.001 4 88.1 0.334284
128 3 384 0.001 5 88.1 0.324163
128 3 384 0.001 6 87.9 0.333270
128 3 384 0.001 7 88.4 0.338945
128 3 384 0.001 8 87.8 0.343957
128 3 384 0.001 9 88.3 0.345777
128 3 384 0.001 10 88.6 0.339703
128 3 384 0.001 11 89.2 0.323519
128 3 384 0.001 12 88.8 0.331627
128 3 512 0.0001 1 81.9 0.522254
128 3 512 0.0001 2 83.6 0.462251
128 3 512 0.0001 3 85.0 0.425745
128 3 512 0.0001 4 85.9 0.397911
128 3 512 0.0001 5 86.3 0.385964
128 3 512 0.0001 6 86.7 0.379407
128 3 512 0.0001 7 86.8 0.372449
128 3 512 0.0001 8 87.0 0.359023
128 3 512 0.0001 9 87.0 0.358715
128 3 512 0.0001 10 87.1 0.360826
128 3 512 0.0001 11 87.9 0.343119
128 3 512 0.0001 12 87.8 0.337577
128 3 512 0.001 1 86.4 0.377374
128 3 512 0.001 2 87.1 0.362797
128 3 512 0.001 3 86.8 0.373782
128 3 512 0.001 4 87.1 0.353342
128 3 512 0.001 5 87.5 0.344264
128 3 512 0.001 6 87.8 0.333199
128 3 512 0.001 7 87.8 0.332340
128 3 512 0.001 8 88.5 0.325896
128 3 512 0.001 9 88.5 0.343671
128 3 512 0.001 10 88.6 0.329808
128 3 512 0.001 11 88.7 0.326874
128 3 512 0.001 12 88.1 0.339964
