
-- K =1 --
1e-09 70.65
1e-08 70.66666666666667
1e-07 70.68333333333334
1e-06 70.61666666666667
1e-05 70.55
0.0001 70.36666666666666
0.001 70.26666666666667
0.01 70.03333333333333
0.1 69.96666666666667
0.9 70.05

-- K =2 --
1e-09 58.08333333333333
1e-08 58.08333333333333
1e-07 58.08333333333333
1e-06 57.833333333333336
1e-05 56.36666666666667
0.0001 56.08333333333333
0.001 56.25
0.01 56.2
0.1 55.883333333333326
0.9 54.900000000000006

-- K =5 --
1e-09 37.11666666666667
1e-08 37.083333333333336
1e-07 36.96666666666666
1e-06 35.199999999999996
1e-05 29.599999999999998
0.0001 27.6
0.001 27.833333333333332
0.01 27.866666666666667
0.1 27.800000000000004
0.9 27.500000000000004

-- K =10 --
1e-09 25.3
1e-08 25.3
1e-07 24.866666666666667
1e-06 22.3
1e-05 14.666666666666666
0.0001 11.700000000000001
0.001 12.0
0.01 12.1
0.1 11.916666666666668
0.9 11.216666666666667

-- K =20 --
1e-09 20.349999999999998
1e-08 20.316666666666666
1e-07 19.883333333333333
1e-06 15.833333333333332
1e-05 8.200000000000001
0.0001 5.616666666666666
0.001 6.216666666666667
0.01 6.566666666666666
0.1 6.283333333333334
0.9 5.433333333333333

-- K =50 --
1e-09 19.1
1e-08 19.066666666666666
1e-07 18.383333333333333
1e-06 13.683333333333334
1e-05 5.883333333333334
0.0001 4.433333333333334
0.001 5.4
0.01 6.1
0.1 5.766666666666667
0.9 4.266666666666667

-- K =100 --
1e-09 18.933333333333334
1e-08 18.883333333333333
1e-07 18.183333333333334
1e-06 13.383333333333333
1e-05 5.616666666666666
0.0001 4.3999999999999995
0.001 5.4
0.01 6.866666666666667
0.1 6.533333333333332
0.9 4.8

-- K =150 --
1e-09 18.95
1e-08 18.916666666666668
1e-07 18.083333333333336
1e-06 13.3
1e-05 5.616666666666666
0.0001 4.3999999999999995
0.001 5.800000000000001
0.01 7.7
0.1 7.3999999999999995
0.9 5.5

-- K =200 --
1e-09 18.95
1e-08 18.9
1e-07 18.033333333333335
1e-06 13.266666666666666
1e-05 5.616666666666666
0.0001 4.416666666666667
0.001 6.033333333333333
0.01 8.15
0.1 8.15
0.9 6.116666666666667

-- K =500 --
1e-09 18.933333333333334
1e-08 18.85
1e-07 18.033333333333335
1e-06 13.25
1e-05 5.65
0.0001 4.466666666666667
0.001 6.483333333333334
0.01 10.116666666666667
0.1 11.816666666666666
0.9 13.5
