Epoch 1
-------------------------------
2.307451     0 60000
2.306105 12800 60000
2.308695 25600 60000
2.299242 38400 60000
2.303882 51200 60000
Epoch 2
-------------------------------
2.303428     0 60000
2.305546 12800 60000
2.306494 25600 60000
2.304333 38400 60000
2.296373 51200 60000
Epoch 3
-------------------------------
2.300617     0 60000
2.297776 12800 60000
2.303720 25600 60000
2.308867 38400 60000
2.305404 51200 60000
Epoch 4
-------------------------------
2.297383     0 60000
2.302926 12800 60000
2.305641 25600 60000
2.301179 38400 60000
2.303514 51200 60000
Epoch 5
-------------------------------
2.295812     0 60000
2.298656 12800 60000
2.301790 25600 60000
2.305384 38400 60000
2.302521 51200 60000
Epoch 6
-------------------------------
2.304890     0 60000
2.296749 12800 60000
2.307789 25600 60000
2.298480 38400 60000
2.300800 51200 60000
Epoch 7
-------------------------------
2.304255     0 60000
2.305386 12800 60000
2.304226 25600 60000
2.307382 38400 60000
2.305690 51200 60000
Epoch 8
-------------------------------
2.301107     0 60000
2.301978 12800 60000
2.301567 25600 60000
2.301700 38400 60000
2.301472 51200 60000
Epoch 9
-------------------------------
2.305589     0 60000
2.303672 12800 60000
2.305833 25600 60000
2.305395 38400 60000
2.304465 51200 60000
Epoch 10
-------------------------------
2.305472     0 60000
2.299270 12800 60000
2.301286 25600 60000
2.301859 38400 60000
2.304749 51200 60000
Epoch 11
-------------------------------
2.300650     0 60000
2.304156 12800 60000
2.303768 25600 60000
2.304198 38400 60000
2.299294 51200 60000
Epoch 12
-------------------------------
2.300805     0 60000
2.304656 12800 60000
2.299419 25600 60000
2.304260 38400 60000
2.305207 51200 60000
