Epoch 1
-------------------------------
2.302207     0 60000
1.890663 12800 60000
1.737605 25600 60000
3.521783 38400 60000
2.312608 51200 60000
Epoch 2
-------------------------------
2.313253     0 60000
2.313672 12800 60000
2.303217 25600 60000
2.307903 38400 60000
2.290257 51200 60000
Epoch 3
-------------------------------
2.307148     0 60000
2.326465 12800 60000
2.310318 25600 60000
2.310062 38400 60000
2.302837 51200 60000
Epoch 4
-------------------------------
2.297576     0 60000
2.300689 12800 60000
2.320212 25600 60000
2.313770 38400 60000
2.304373 51200 60000
Epoch 5
-------------------------------
2.304832     0 60000
2.306772 12800 60000
2.296468 25600 60000
2.300662 38400 60000
2.302863 51200 60000
Epoch 6
-------------------------------
2.321305     0 60000
2.307642 12800 60000
2.295003 25600 60000
2.311646 38400 60000
2.302037 51200 60000
Epoch 7
-------------------------------
2.301122     0 60000
2.304086 12800 60000
2.318000 25600 60000
2.307776 38400 60000
2.299569 51200 60000
Epoch 8
-------------------------------
2.299800     0 60000
2.321074 12800 60000
2.320121 25600 60000
2.334766 38400 60000
2.306908 51200 60000
Epoch 9
-------------------------------
2.302726     0 60000
2.301425 12800 60000
2.304261 25600 60000
2.291510 38400 60000
2.313946 51200 60000
Epoch 10
-------------------------------
2.297090     0 60000
2.317951 12800 60000
2.305582 25600 60000
2.306399 38400 60000
2.309166 51200 60000
Epoch 11
-------------------------------
2.316420     0 60000
2.309816 12800 60000
2.305250 25600 60000
2.302245 38400 60000
2.305953 51200 60000
Epoch 12
-------------------------------
2.316503     0 60000
2.318717 12800 60000
2.310283 25600 60000
2.305105 38400 60000
2.301677 51200 60000
