Epoch 1
-------------------------------
2.309133     0 60000
2.302181 12800 60000
2.302118 25600 60000
2.305350 38400 60000
2.305583 51200 60000
Epoch 2
-------------------------------
2.298336     0 60000
2.303358 12800 60000
2.303313 25600 60000
2.299016 38400 60000
2.298918 51200 60000
Epoch 3
-------------------------------
2.307086     0 60000
2.303171 12800 60000
2.301592 25600 60000
2.305778 38400 60000
2.304774 51200 60000
Epoch 4
-------------------------------
2.305551     0 60000
2.301005 12800 60000
2.302087 25600 60000
2.301560 38400 60000
2.297117 51200 60000
Epoch 5
-------------------------------
2.299539     0 60000
2.303665 12800 60000
2.296660 25600 60000
2.299953 38400 60000
2.306799 51200 60000
Epoch 6
-------------------------------
2.302526     0 60000
2.304026 12800 60000
2.301158 25600 60000
2.302791 38400 60000
2.300851 51200 60000
Epoch 7
-------------------------------
2.306324     0 60000
2.303738 12800 60000
2.301406 25600 60000
2.304801 38400 60000
2.306620 51200 60000
Epoch 8
-------------------------------
2.304734     0 60000
2.305336 12800 60000
2.301659 25600 60000
2.300544 38400 60000
2.301060 51200 60000
Epoch 9
-------------------------------
2.302933     0 60000
2.310189 12800 60000
2.303973 25600 60000
2.303324 38400 60000
2.298451 51200 60000
Epoch 10
-------------------------------
2.295203     0 60000
2.299220 12800 60000
2.303078 25600 60000
2.305191 38400 60000
2.302940 51200 60000
Epoch 11
-------------------------------
2.303533     0 60000
2.299795 12800 60000
2.301414 25600 60000
2.303032 38400 60000
2.304488 51200 60000
Epoch 12
-------------------------------
2.308433     0 60000
2.304740 12800 60000
2.307372 25600 60000
2.302344 38400 60000
2.303023 51200 60000
