Epoch 1
-------------------------------
1.257830     0 60000
1.198266 12800 60000
1.134089 25600 60000
1.130319 38400 60000
1.086476 51200 60000
Epoch 2
-------------------------------
1.090616     0 60000
1.219955 12800 60000
1.156777 25600 60000
1.269698 38400 60000
1.055067 51200 60000
Epoch 3
-------------------------------
1.163239     0 60000
1.114608 12800 60000
1.201303 25600 60000
1.107959 38400 60000
1.295304 51200 60000
Epoch 4
-------------------------------
1.206389     0 60000
1.012730 12800 60000
1.085324 25600 60000
1.222298 38400 60000
1.308455 51200 60000
Epoch 5
-------------------------------
1.012356     0 60000
1.179093 12800 60000
1.116259 25600 60000
1.118139 38400 60000
1.073355 51200 60000
Epoch 6
-------------------------------
1.179588     0 60000
1.249477 12800 60000
1.146212 25600 60000
1.214904 38400 60000
1.308557 51200 60000
Epoch 7
-------------------------------
1.054350     0 60000
1.155086 12800 60000
1.261898 25600 60000
1.235899 38400 60000
1.263343 51200 60000
Epoch 8
-------------------------------
1.154472     0 60000
1.003605 12800 60000
1.148554 25600 60000
1.137094 38400 60000
1.178800 51200 60000
Epoch 9
-------------------------------
1.181004     0 60000
1.131467 12800 60000
1.207442 25600 60000
1.189958 38400 60000
1.221500 51200 60000
Epoch 10
-------------------------------
1.238199     0 60000
1.192277 12800 60000
1.160367 25600 60000
1.038258 38400 60000
1.178660 51200 60000
Epoch 11
-------------------------------
1.195234     0 60000
1.100448 12800 60000
1.330685 25600 60000
1.193030 38400 60000
1.247367 51200 60000
Epoch 12
-------------------------------
1.281181     0 60000
0.963321 12800 60000
1.088622 25600 60000
1.144482 38400 60000
1.143374 51200 60000
