Epoch 1
-------------------------------
2.308095     0 60000
2.278986 12800 60000
2.241745 25600 60000
2.204179 38400 60000
2.278503 51200 60000
Epoch 2
-------------------------------
2.253230     0 60000
2.300479 12800 60000
2.293006 25600 60000
2.327182 38400 60000
2.306133 51200 60000
Epoch 3
-------------------------------
2.304160     0 60000
2.329872 12800 60000
2.311461 25600 60000
2.301146 38400 60000
2.305557 51200 60000
Epoch 4
-------------------------------
2.307804     0 60000
2.304084 12800 60000
2.308275 25600 60000
2.307745 38400 60000
2.307796 51200 60000
Epoch 5
-------------------------------
2.304335     0 60000
2.300117 12800 60000
2.307975 25600 60000
2.305715 38400 60000
2.314085 51200 60000
Epoch 6
-------------------------------
2.300544     0 60000
2.306447 12800 60000
2.308147 25600 60000
2.315830 38400 60000
2.297307 51200 60000
Epoch 7
-------------------------------
2.302610     0 60000
2.302722 12800 60000
2.305201 25600 60000
2.328073 38400 60000
2.330407 51200 60000
Epoch 8
-------------------------------
2.308671     0 60000
2.294832 12800 60000
2.299053 25600 60000
2.305957 38400 60000
2.294120 51200 60000
Epoch 9
-------------------------------
2.307893     0 60000
2.317143 12800 60000
2.307480 25600 60000
2.289179 38400 60000
2.316717 51200 60000
Epoch 10
-------------------------------
2.317191     0 60000
2.265015 12800 60000
2.330040 25600 60000
2.308499 38400 60000
2.309531 51200 60000
Epoch 11
-------------------------------
2.329190     0 60000
2.311930 12800 60000
2.303153 25600 60000
2.298173 38400 60000
2.296388 51200 60000
Epoch 12
-------------------------------
2.298677     0 60000
2.304485 12800 60000
2.310389 25600 60000
2.300719 38400 60000
2.305184 51200 60000
