Epoch 1
-------------------------------
2.301253     0 60000
2.303592 12800 60000
2.310517 25600 60000
2.306545 38400 60000
2.308961 51200 60000
Epoch 2
-------------------------------
2.289194     0 60000
2.296575 12800 60000
2.297751 25600 60000
2.302594 38400 60000
2.315769 51200 60000
Epoch 3
-------------------------------
2.312081     0 60000
2.316774 12800 60000
2.300448 25600 60000
2.292809 38400 60000
2.296586 51200 60000
Epoch 4
-------------------------------
2.314075     0 60000
2.304189 12800 60000
2.302228 25600 60000
2.310183 38400 60000
2.328691 51200 60000
Epoch 5
-------------------------------
2.314124     0 60000
2.317877 12800 60000
2.308961 25600 60000
2.275902 38400 60000
2.311699 51200 60000
Epoch 6
-------------------------------
2.308526     0 60000
2.312511 12800 60000
2.311761 25600 60000
2.323378 38400 60000
2.315265 51200 60000
Epoch 7
-------------------------------
2.312921     0 60000
2.295358 12800 60000
2.298540 25600 60000
2.325295 38400 60000
2.309792 51200 60000
Epoch 8
-------------------------------
2.293148     0 60000
2.312520 12800 60000
2.320524 25600 60000
2.310897 38400 60000
2.304525 51200 60000
Epoch 9
-------------------------------
2.336750     0 60000
2.309000 12800 60000
2.323045 25600 60000
2.326576 38400 60000
2.306983 51200 60000
Epoch 10
-------------------------------
2.304887     0 60000
2.320552 12800 60000
2.310804 25600 60000
2.299183 38400 60000
2.319780 51200 60000
Epoch 11
-------------------------------
2.311297     0 60000
2.346345 12800 60000
2.307500 25600 60000
2.298437 38400 60000
2.314861 51200 60000
Epoch 12
-------------------------------
2.300949     0 60000
2.315183 12800 60000
2.288622 25600 60000
2.304901 38400 60000
2.313598 51200 60000
