Epoch 1
-------------------------------
2.312942     0 60000
2.291886 12800 60000
2.335367 25600 60000
2.312375 38400 60000
2.316006 51200 60000
Epoch 2
-------------------------------
2.294789     0 60000
2.308158 12800 60000
2.312406 25600 60000
2.301141 38400 60000
2.296700 51200 60000
Epoch 3
-------------------------------
2.317329     0 60000
2.300923 12800 60000
2.298782 25600 60000
2.297115 38400 60000
2.312900 51200 60000
Epoch 4
-------------------------------
2.317706     0 60000
2.302804 12800 60000
2.318601 25600 60000
2.300904 38400 60000
2.312320 51200 60000
Epoch 5
-------------------------------
2.299229     0 60000
2.335031 12800 60000
2.305411 25600 60000
2.311360 38400 60000
2.303167 51200 60000
Epoch 6
-------------------------------
2.298461     0 60000
2.294366 12800 60000
2.305949 25600 60000
2.301778 38400 60000
2.312939 51200 60000
Epoch 7
-------------------------------
2.307884     0 60000
2.312204 12800 60000
2.305076 25600 60000
2.322855 38400 60000
2.292832 51200 60000
Epoch 8
-------------------------------
2.307271     0 60000
2.302456 12800 60000
2.292463 25600 60000
2.308626 38400 60000
2.304474 51200 60000
Epoch 9
-------------------------------
2.316203     0 60000
2.309982 12800 60000
2.304142 25600 60000
2.309679 38400 60000
2.302444 51200 60000
Epoch 10
-------------------------------
2.297102     0 60000
2.296876 12800 60000
2.307043 25600 60000
2.303081 38400 60000
2.302494 51200 60000
Epoch 11
-------------------------------
2.311469     0 60000
2.304815 12800 60000
2.310545 25600 60000
2.307152 38400 60000
2.301491 51200 60000
Epoch 12
-------------------------------
2.329784     0 60000
2.296555 12800 60000
2.304356 25600 60000
2.313522 38400 60000
2.318013 51200 60000
