Epoch 1
-------------------------------
2.308094     0 60000
2.302443 12800 60000
2.300064 25600 60000
2.305472 38400 60000
2.303288 51200 60000
Epoch 2
-------------------------------
2.296686     0 60000
2.300248 12800 60000
2.299559 25600 60000
2.301352 38400 60000
2.307366 51200 60000
Epoch 3
-------------------------------
2.300876     0 60000
2.301832 12800 60000
2.306715 25600 60000
2.305409 38400 60000
2.301333 51200 60000
Epoch 4
-------------------------------
2.302213     0 60000
2.305334 12800 60000
2.305402 25600 60000
2.304882 38400 60000
2.305439 51200 60000
Epoch 5
-------------------------------
2.305423     0 60000
2.304906 12800 60000
2.303674 25600 60000
2.305192 38400 60000
2.300336 51200 60000
Epoch 6
-------------------------------
2.303950     0 60000
2.303146 12800 60000
2.305916 25600 60000
2.304096 38400 60000
2.302117 51200 60000
Epoch 7
-------------------------------
2.304482     0 60000
2.305539 12800 60000
2.303670 25600 60000
2.304320 38400 60000
2.302335 51200 60000
Epoch 8
-------------------------------
2.301165     0 60000
2.312298 12800 60000
2.302329 25600 60000
2.305454 38400 60000
2.299266 51200 60000
Epoch 9
-------------------------------
2.303944     0 60000
2.311239 12800 60000
2.300507 25600 60000
2.300325 38400 60000
2.303850 51200 60000
Epoch 10
-------------------------------
2.308618     0 60000
2.309706 12800 60000
2.304543 25600 60000
2.298422 38400 60000
2.301413 51200 60000
Epoch 11
-------------------------------
2.306842     0 60000
2.305582 12800 60000
2.305455 25600 60000
2.301008 38400 60000
2.305710 51200 60000
Epoch 12
-------------------------------
2.306208     0 60000
2.296029 12800 60000
2.300623 25600 60000
2.298123 38400 60000
2.299357 51200 60000
