Epoch 1
-------------------------------
2.301043     0 60000
2.303746 12800 60000
2.303018 25600 60000
2.303731 38400 60000
2.302490 51200 60000
Epoch 2
-------------------------------
2.302677     0 60000
2.301914 12800 60000
2.303035 25600 60000
2.303101 38400 60000
2.302598 51200 60000
Epoch 3
-------------------------------
2.302245     0 60000
2.303744 12800 60000
2.302692 25600 60000
2.302028 38400 60000
2.302991 51200 60000
Epoch 4
-------------------------------
2.303146     0 60000
2.301619 12800 60000
2.302504 25600 60000
2.302896 38400 60000
2.301695 51200 60000
Epoch 5
-------------------------------
2.302544     0 60000
2.303003 12800 60000
2.302850 25600 60000
2.302593 38400 60000
2.302188 51200 60000
Epoch 6
-------------------------------
2.302830     0 60000
2.303735 12800 60000
2.302290 25600 60000
2.304132 38400 60000
2.302960 51200 60000
Epoch 7
-------------------------------
2.303020     0 60000
2.301811 12800 60000
2.302897 25600 60000
2.302958 38400 60000
2.302454 51200 60000
Epoch 8
-------------------------------
2.302561     0 60000
2.302675 12800 60000
2.303042 25600 60000
2.302661 38400 60000
2.302917 51200 60000
Epoch 9
-------------------------------
2.302489     0 60000
2.301884 12800 60000
2.302810 25600 60000
2.303102 38400 60000
2.301979 51200 60000
Epoch 10
-------------------------------
2.302813     0 60000
2.301779 12800 60000
2.302334 25600 60000
2.302806 38400 60000
2.302833 51200 60000
Epoch 11
-------------------------------
2.302689     0 60000
2.303169 12800 60000
2.302876 25600 60000
2.302772 38400 60000
2.302274 51200 60000
Epoch 12
-------------------------------
2.302142     0 60000
2.302635 12800 60000
2.302246 25600 60000
2.302604 38400 60000
2.302704 51200 60000
