Epoch 1
-------------------------------
2.297352     0 60000
2.300466 12800 60000
2.301014 25600 60000
2.303258 38400 60000
2.301701 51200 60000
Epoch 2
-------------------------------
2.303094     0 60000
2.302899 12800 60000
2.302131 25600 60000
2.302510 38400 60000
2.302426 51200 60000
Epoch 3
-------------------------------
2.302544     0 60000
2.302874 12800 60000
2.302557 25600 60000
2.303515 38400 60000
2.302884 51200 60000
Epoch 4
-------------------------------
2.303295     0 60000
2.301761 12800 60000
2.302048 25600 60000
2.302708 38400 60000
2.302259 51200 60000
Epoch 5
-------------------------------
2.302727     0 60000
2.301524 12800 60000
2.302369 25600 60000
2.301599 38400 60000
2.303617 51200 60000
Epoch 6
-------------------------------
2.302522     0 60000
2.302457 12800 60000
2.303028 25600 60000
2.303019 38400 60000
2.303254 51200 60000
Epoch 7
-------------------------------
2.302868     0 60000
2.303017 12800 60000
2.302068 25600 60000
2.302747 38400 60000
2.302871 51200 60000
Epoch 8
-------------------------------
2.302488     0 60000
2.302178 12800 60000
2.301236 25600 60000
2.303598 38400 60000
2.302730 51200 60000
Epoch 9
-------------------------------
2.302405     0 60000
2.303048 12800 60000
2.302263 25600 60000
2.302488 38400 60000
2.302296 51200 60000
Epoch 10
-------------------------------
2.302253     0 60000
2.301635 12800 60000
2.302726 25600 60000
2.302274 38400 60000
2.301789 51200 60000
Epoch 11
-------------------------------
2.301933     0 60000
2.302752 12800 60000
2.302240 25600 60000
2.302419 38400 60000
2.302550 51200 60000
Epoch 12
-------------------------------
2.302402     0 60000
2.302365 12800 60000
2.302564 25600 60000
2.302054 38400 60000
2.302885 51200 60000
