Epoch 1
-------------------------------
2.307060     0 60000
2.301443 12800 60000
2.305232 25600 60000
2.301768 38400 60000
2.303141 51200 60000
Epoch 2
-------------------------------
2.302731     0 60000
2.301122 12800 60000
2.301626 25600 60000
2.302334 38400 60000
2.302883 51200 60000
Epoch 3
-------------------------------
2.302677     0 60000
2.301356 12800 60000
2.303323 25600 60000
2.302634 38400 60000
2.303504 51200 60000
Epoch 4
-------------------------------
2.302716     0 60000
2.302503 12800 60000
2.302721 25600 60000
2.301156 38400 60000
2.302580 51200 60000
Epoch 5
-------------------------------
2.302323     0 60000
2.303624 12800 60000
2.302070 25600 60000
2.303175 38400 60000
2.302195 51200 60000
Epoch 6
-------------------------------
2.302391     0 60000
2.302137 12800 60000
2.302979 25600 60000
2.301181 38400 60000
2.303468 51200 60000
Epoch 7
-------------------------------
2.302162     0 60000
2.303068 12800 60000
2.302868 25600 60000
2.302074 38400 60000
2.302881 51200 60000
Epoch 8
-------------------------------
2.302413     0 60000
2.302436 12800 60000
2.303411 25600 60000
2.301975 38400 60000
2.301952 51200 60000
Epoch 9
-------------------------------
2.302923     0 60000
2.303546 12800 60000
2.304326 25600 60000
2.303255 38400 60000
2.302683 51200 60000
Epoch 10
-------------------------------
2.302854     0 60000
2.302769 12800 60000
2.303306 25600 60000
2.302380 38400 60000
2.301961 51200 60000
Epoch 11
-------------------------------
2.301686     0 60000
2.302949 12800 60000
2.302943 25600 60000
2.302817 38400 60000
2.303101 51200 60000
Epoch 12
-------------------------------
2.302457     0 60000
2.303127 12800 60000
2.301263 25600 60000
2.302667 38400 60000
2.302893 51200 60000
