Epoch 1
-------------------------------
2.308615     0 60000
2.436176 12800 60000
2.299607 25600 60000
2.304574 38400 60000
2.311018 51200 60000
Epoch 2
-------------------------------
2.314659     0 60000
2.307818 12800 60000
2.300704 25600 60000
2.304462 38400 60000
2.312325 51200 60000
Epoch 3
-------------------------------
2.304456     0 60000
2.301169 12800 60000
2.305756 25600 60000
2.297916 38400 60000
2.306561 51200 60000
Epoch 4
-------------------------------
2.298043     0 60000
2.307749 12800 60000
2.300935 25600 60000
2.308319 38400 60000
2.306528 51200 60000
Epoch 5
-------------------------------
2.315865     0 60000
2.301723 12800 60000
2.304701 25600 60000
2.301974 38400 60000
2.309756 51200 60000
Epoch 6
-------------------------------
2.300309     0 60000
2.314149 12800 60000
2.298569 25600 60000
2.305902 38400 60000
2.303313 51200 60000
Epoch 7
-------------------------------
2.293705     0 60000
2.300989 12800 60000
2.307827 25600 60000
2.297300 38400 60000
2.304264 51200 60000
Epoch 8
-------------------------------
2.306690     0 60000
2.316135 12800 60000
2.302030 25600 60000
2.311460 38400 60000
2.313628 51200 60000
Epoch 9
-------------------------------
2.307482     0 60000
2.300092 12800 60000
2.298212 25600 60000
2.315144 38400 60000
2.308878 51200 60000
Epoch 10
-------------------------------
2.305504     0 60000
2.326338 12800 60000
2.319200 25600 60000
2.294098 38400 60000
2.320969 51200 60000
Epoch 11
-------------------------------
2.308526     0 60000
2.313292 12800 60000
2.316155 25600 60000
2.300664 38400 60000
2.315824 51200 60000
Epoch 12
-------------------------------
2.297980     0 60000
2.308737 12800 60000
2.296346 25600 60000
2.317601 38400 60000
2.312882 51200 60000
