Epoch 1
-------------------------------
2.307150     0 60000
2.302753 12800 60000
2.305032 25600 60000
2.307950 38400 60000
2.307545 51200 60000
Epoch 2
-------------------------------
2.303489     0 60000
2.308031 12800 60000
2.305702 25600 60000
2.302231 38400 60000
2.306997 51200 60000
Epoch 3
-------------------------------
2.299383     0 60000
2.296902 12800 60000
2.304041 25600 60000
2.302600 38400 60000
2.300723 51200 60000
Epoch 4
-------------------------------
2.305780     0 60000
2.306134 12800 60000
2.304787 25600 60000
2.302125 38400 60000
2.301514 51200 60000
Epoch 5
-------------------------------
2.306486     0 60000
2.297101 12800 60000
2.302310 25600 60000
2.302912 38400 60000
2.304769 51200 60000
Epoch 6
-------------------------------
2.302633     0 60000
2.296246 12800 60000
2.303206 25600 60000
2.301978 38400 60000
2.303683 51200 60000
Epoch 7
-------------------------------
2.304393     0 60000
2.307170 12800 60000
2.302187 25600 60000
2.304195 38400 60000
2.304249 51200 60000
Epoch 8
-------------------------------
2.302832     0 60000
2.304281 12800 60000
2.306627 25600 60000
2.306220 38400 60000
2.307634 51200 60000
Epoch 9
-------------------------------
2.303028     0 60000
2.306015 12800 60000
2.302505 25600 60000
2.299695 38400 60000
2.298869 51200 60000
Epoch 10
-------------------------------
2.306224     0 60000
2.306859 12800 60000
2.304429 25600 60000
2.302738 38400 60000
2.305634 51200 60000
Epoch 11
-------------------------------
2.301032     0 60000
2.302242 12800 60000
2.301889 25600 60000
2.304410 38400 60000
2.313708 51200 60000
Epoch 12
-------------------------------
2.301237     0 60000
2.302802 12800 60000
2.303288 25600 60000
2.301505 38400 60000
2.301488 51200 60000
