Epoch 1
-------------------------------
2.304194     0 60000
2.307228 12800 60000
2.304356 25600 60000
2.311722 38400 60000
2.301145 51200 60000
Epoch 2
-------------------------------
2.305905     0 60000
2.300977 12800 60000
2.307702 25600 60000
2.313375 38400 60000
2.321505 51200 60000
Epoch 3
-------------------------------
2.308795     0 60000
2.295551 12800 60000
2.300838 25600 60000
2.308405 38400 60000
2.302151 51200 60000
Epoch 4
-------------------------------
2.295056     0 60000
2.306560 12800 60000
2.315377 25600 60000
2.317569 38400 60000
2.331787 51200 60000
Epoch 5
-------------------------------
2.312828     0 60000
2.306137 12800 60000
2.287312 25600 60000
2.298618 38400 60000
2.323430 51200 60000
Epoch 6
-------------------------------
2.309785     0 60000
2.327497 12800 60000
2.294225 25600 60000
2.304151 38400 60000
2.296279 51200 60000
Epoch 7
-------------------------------
2.313709     0 60000
2.302581 12800 60000
2.297165 25600 60000
2.283737 38400 60000
2.303943 51200 60000
Epoch 8
-------------------------------
2.310942     0 60000
2.297233 12800 60000
2.299881 25600 60000
2.314595 38400 60000
2.308811 51200 60000
Epoch 9
-------------------------------
2.298797     0 60000
2.314232 12800 60000
2.308767 25600 60000
2.310555 38400 60000
2.306934 51200 60000
Epoch 10
-------------------------------
2.311533     0 60000
2.312867 12800 60000
2.296680 25600 60000
2.303483 38400 60000
2.303017 51200 60000
Epoch 11
-------------------------------
2.299521     0 60000
2.306001 12800 60000
2.297293 25600 60000
2.320042 38400 60000
2.307981 51200 60000
Epoch 12
-------------------------------
2.332259     0 60000
2.310616 12800 60000
2.303485 25600 60000
2.329037 38400 60000
2.310174 51200 60000
