Epoch 1
-------------------------------
2.300917     0 60000
2.305070 12800 60000
2.304675 25600 60000
2.304392 38400 60000
2.304291 51200 60000
Epoch 2
-------------------------------
2.303700     0 60000
2.303171 12800 60000
2.303054 25600 60000
2.303323 38400 60000
2.301542 51200 60000
Epoch 3
-------------------------------
2.302264     0 60000
2.302918 12800 60000
2.304494 25600 60000
2.303795 38400 60000
2.303799 51200 60000
Epoch 4
-------------------------------
2.302735     0 60000
2.302524 12800 60000
2.303703 25600 60000
2.302681 38400 60000
2.302387 51200 60000
Epoch 5
-------------------------------
2.302742     0 60000
2.303143 12800 60000
2.302621 25600 60000
2.302289 38400 60000
2.303146 51200 60000
Epoch 6
-------------------------------
2.302565     0 60000
2.302829 12800 60000
2.302531 25600 60000
2.303175 38400 60000
2.302862 51200 60000
Epoch 7
-------------------------------
2.302840     0 60000
2.303489 12800 60000
2.302215 25600 60000
2.303252 38400 60000
2.301572 51200 60000
Epoch 8
-------------------------------
2.302990     0 60000
2.303524 12800 60000
2.302711 25600 60000
2.302988 38400 60000
2.302351 51200 60000
Epoch 9
-------------------------------
2.303078     0 60000
2.301717 12800 60000
2.303254 25600 60000
2.303038 38400 60000
2.303215 51200 60000
Epoch 10
-------------------------------
2.302502     0 60000
2.303380 12800 60000
2.303352 25600 60000
2.303125 38400 60000
2.303404 51200 60000
Epoch 11
-------------------------------
2.302781     0 60000
2.301227 12800 60000
2.300786 25600 60000
2.301616 38400 60000
2.302609 51200 60000
Epoch 12
-------------------------------
2.302097     0 60000
2.302921 12800 60000
2.302928 25600 60000
2.301458 38400 60000
2.302826 51200 60000
