Epoch 1
-------------------------------
2.300471     0 60000
2.304580 12800 60000
2.301975 25600 60000
2.303813 38400 60000
2.302624 51200 60000
Epoch 2
-------------------------------
2.302711     0 60000
2.309220 12800 60000
2.318134 25600 60000
2.311539 38400 60000
2.308641 51200 60000
Epoch 3
-------------------------------
2.311967     0 60000
2.305382 12800 60000
2.304800 25600 60000
2.311217 38400 60000
2.311747 51200 60000
Epoch 4
-------------------------------
2.300724     0 60000
2.309016 12800 60000
2.310927 25600 60000
2.313020 38400 60000
2.293333 51200 60000
Epoch 5
-------------------------------
2.308423     0 60000
2.321472 12800 60000
2.290092 25600 60000
2.306004 38400 60000
2.313084 51200 60000
Epoch 6
-------------------------------
2.312834     0 60000
2.303940 12800 60000
2.324156 25600 60000
2.311739 38400 60000
2.312770 51200 60000
Epoch 7
-------------------------------
2.286311     0 60000
2.312514 12800 60000
2.313137 25600 60000
2.296866 38400 60000
2.292254 51200 60000
Epoch 8
-------------------------------
2.313601     0 60000
2.306393 12800 60000
2.294001 25600 60000
2.323540 38400 60000
2.289479 51200 60000
Epoch 9
-------------------------------
2.317245     0 60000
2.323619 12800 60000
2.312507 25600 60000
2.314426 38400 60000
2.317755 51200 60000
Epoch 10
-------------------------------
2.325125     0 60000
2.295393 12800 60000
2.287165 25600 60000
2.314408 38400 60000
2.300966 51200 60000
Epoch 11
-------------------------------
2.302171     0 60000
2.307843 12800 60000
2.316652 25600 60000
2.303162 38400 60000
2.314611 51200 60000
Epoch 12
-------------------------------
2.302304     0 60000
2.299510 12800 60000
2.317187 25600 60000
2.318706 38400 60000
2.305869 51200 60000
