Epoch 1
-------------------------------
2.301458     0 60000
2.307887 12800 60000
2.301685 25600 60000
2.303247 38400 60000
2.303258 51200 60000
Epoch 2
-------------------------------
2.303296     0 60000
2.301543 12800 60000
2.303356 25600 60000
2.302452 38400 60000
2.302307 51200 60000
Epoch 3
-------------------------------
2.302605     0 60000
2.302502 12800 60000
2.303499 25600 60000
2.303704 38400 60000
2.302095 51200 60000
Epoch 4
-------------------------------
2.303066     0 60000
2.303678 12800 60000
2.303036 25600 60000
2.302583 38400 60000
2.302988 51200 60000
Epoch 5
-------------------------------
2.302181     0 60000
2.302180 12800 60000
2.302527 25600 60000
2.302833 38400 60000
2.302387 51200 60000
Epoch 6
-------------------------------
2.302414     0 60000
2.302371 12800 60000
2.303389 25600 60000
2.301682 38400 60000
2.302451 51200 60000
Epoch 7
-------------------------------
2.302342     0 60000
2.300652 12800 60000
2.301551 25600 60000
2.303043 38400 60000
2.302828 51200 60000
Epoch 8
-------------------------------
2.302162     0 60000
2.303310 12800 60000
2.302463 25600 60000
2.303710 38400 60000
2.303278 51200 60000
Epoch 9
-------------------------------
2.303592     0 60000
2.303635 12800 60000
2.302249 25600 60000
2.301320 38400 60000
2.302207 51200 60000
Epoch 10
-------------------------------
2.302342     0 60000
2.304294 12800 60000
2.302294 25600 60000
2.302780 38400 60000
2.302010 51200 60000
Epoch 11
-------------------------------
2.302590     0 60000
2.302765 12800 60000
2.302917 25600 60000
2.302275 38400 60000
2.302518 51200 60000
Epoch 12
-------------------------------
2.302797     0 60000
2.302003 12800 60000
2.303201 25600 60000
2.303116 38400 60000
2.303510 51200 60000
