Epoch 1
-------------------------------
2.298936     0 60000
2.300807 12800 60000
2.301823 25600 60000
2.302863 38400 60000
2.303629 51200 60000
Epoch 2
-------------------------------
2.302252     0 60000
2.302405 12800 60000
2.302756 25600 60000
2.302916 38400 60000
2.302421 51200 60000
Epoch 3
-------------------------------
2.302505     0 60000
2.303483 12800 60000
2.303258 25600 60000
2.302355 38400 60000
2.303187 51200 60000
Epoch 4
-------------------------------
2.302911     0 60000
2.302687 12800 60000
2.302319 25600 60000
2.302308 38400 60000
2.303611 51200 60000
Epoch 5
-------------------------------
2.302937     0 60000
2.304179 12800 60000
2.303510 25600 60000
2.301766 38400 60000
2.302599 51200 60000
Epoch 6
-------------------------------
2.302484     0 60000
2.302887 12800 60000
2.304291 25600 60000
2.302166 38400 60000
2.303059 51200 60000
Epoch 7
-------------------------------
2.302454     0 60000
2.301587 12800 60000
2.302517 25600 60000
2.302790 38400 60000
2.302357 51200 60000
Epoch 8
-------------------------------
2.302137     0 60000
2.303847 12800 60000
2.302117 25600 60000
2.303065 38400 60000
2.302871 51200 60000
Epoch 9
-------------------------------
2.302730     0 60000
2.302724 12800 60000
2.303342 25600 60000
2.302742 38400 60000
2.302380 51200 60000
Epoch 10
-------------------------------
2.303046     0 60000
2.302619 12800 60000
2.303107 25600 60000
2.302827 38400 60000
2.302316 51200 60000
Epoch 11
-------------------------------
2.303425     0 60000
2.302906 12800 60000
2.303875 25600 60000
2.302324 38400 60000
2.302843 51200 60000
Epoch 12
-------------------------------
2.302658     0 60000
2.302517 12800 60000
2.302790 25600 60000
2.303090 38400 60000
2.302936 51200 60000
