Epoch 1
-------------------------------
2.298762     0 60000
5.103510 12800 60000
2.305366 25600 60000
2.316432 38400 60000
2.316773 51200 60000
Epoch 2
-------------------------------
40.715454     0 60000
2.295305 12800 60000
2.320719 25600 60000
2.309049 38400 60000
2.302194 51200 60000
Epoch 3
-------------------------------
2.291343     0 60000
2.315903 12800 60000
2.320115 25600 60000
2.319650 38400 60000
2.315685 51200 60000
Epoch 4
-------------------------------
2.287328     0 60000
2.325943 12800 60000
2.299385 25600 60000
2.314919 38400 60000
2.303712 51200 60000
Epoch 5
-------------------------------
2.302221     0 60000
2.314926 12800 60000
2.308901 25600 60000
2.317363 38400 60000
2.306415 51200 60000
Epoch 6
-------------------------------
2.314196     0 60000
2.312252 12800 60000
2.304008 25600 60000
2.310911 38400 60000
2.303508 51200 60000
Epoch 7
-------------------------------
2.332837     0 60000
2.301857 12800 60000
2.319414 25600 60000
2.311440 38400 60000
2.328654 51200 60000
Epoch 8
-------------------------------
2.300831     0 60000
2.312924 12800 60000
2.327570 25600 60000
2.296542 38400 60000
2.306975 51200 60000
Epoch 9
-------------------------------
2.313569     0 60000
2.312460 12800 60000
2.310652 25600 60000
2.315441 38400 60000
2.296697 51200 60000
Epoch 10
-------------------------------
2.314351     0 60000
2.297517 12800 60000
2.305272 25600 60000
2.324536 38400 60000
2.347702 51200 60000
Epoch 11
-------------------------------
2.320628     0 60000
2.304929 12800 60000
2.327874 25600 60000
2.320093 38400 60000
2.308870 51200 60000
Epoch 12
-------------------------------
2.300567     0 60000
2.302289 12800 60000
2.312965 25600 60000
2.304995 38400 60000
2.309127 51200 60000
