Epoch 1
-------------------------------
2.304044     0 60000
2.320668 12800 60000
2.336582 25600 60000
2.307763 38400 60000
2.307800 51200 60000
Epoch 2
-------------------------------
2.331813     0 60000
2.294650 12800 60000
2.305116 25600 60000
2.317078 38400 60000
2.301640 51200 60000
Epoch 3
-------------------------------
2.305222     0 60000
2.298007 12800 60000
2.296376 25600 60000
2.296540 38400 60000
2.305454 51200 60000
Epoch 4
-------------------------------
2.316790     0 60000
2.311257 12800 60000
2.313073 25600 60000
2.313209 38400 60000
2.307349 51200 60000
Epoch 5
-------------------------------
2.316910     0 60000
2.297078 12800 60000
2.303846 25600 60000
2.323415 38400 60000
2.301841 51200 60000
Epoch 6
-------------------------------
2.309880     0 60000
2.316485 12800 60000
2.314353 25600 60000
2.314945 38400 60000
2.302506 51200 60000
Epoch 7
-------------------------------
2.310731     0 60000
2.311218 12800 60000
2.309779 25600 60000
2.300863 38400 60000
2.299002 51200 60000
Epoch 8
-------------------------------
2.316275     0 60000
2.305939 12800 60000
2.301509 25600 60000
2.308315 38400 60000
2.303321 51200 60000
Epoch 9
-------------------------------
2.320272     0 60000
2.303961 12800 60000
2.296591 25600 60000
2.323404 38400 60000
2.299270 51200 60000
Epoch 10
-------------------------------
2.296077     0 60000
2.299561 12800 60000
2.320182 25600 60000
2.319900 38400 60000
2.326709 51200 60000
Epoch 11
-------------------------------
2.295516     0 60000
2.305141 12800 60000
2.309773 25600 60000
2.303750 38400 60000
2.303742 51200 60000
Epoch 12
-------------------------------
2.296716     0 60000
2.295515 12800 60000
2.318107 25600 60000
2.306537 38400 60000
2.308435 51200 60000
