Epoch 1
-------------------------------
2.299472     0 60000
2.303151 12800 60000
2.300308 25600 60000
2.301564 38400 60000
2.303018 51200 60000
Epoch 2
-------------------------------
2.302611     0 60000
2.302773 12800 60000
2.302317 25600 60000
2.303220 38400 60000
2.303457 51200 60000
Epoch 3
-------------------------------
2.303077     0 60000
2.302706 12800 60000
2.303061 25600 60000
2.302640 38400 60000
2.302735 51200 60000
Epoch 4
-------------------------------
2.302327     0 60000
2.304687 12800 60000
2.302161 25600 60000
2.303458 38400 60000
2.302748 51200 60000
Epoch 5
-------------------------------
2.303402     0 60000
2.302309 12800 60000
2.301973 25600 60000
2.302451 38400 60000
2.301714 51200 60000
Epoch 6
-------------------------------
2.302413     0 60000
2.303463 12800 60000
2.302762 25600 60000
2.302655 38400 60000
2.302515 51200 60000
Epoch 7
-------------------------------
2.302726     0 60000
2.302306 12800 60000
2.304266 25600 60000
2.303066 38400 60000
2.302725 51200 60000
Epoch 8
-------------------------------
2.302350     0 60000
2.301533 12800 60000
2.303788 25600 60000
2.302299 38400 60000
2.301820 51200 60000
Epoch 9
-------------------------------
2.302637     0 60000
2.302752 12800 60000
2.302170 25600 60000
2.303187 38400 60000
2.302106 51200 60000
Epoch 10
-------------------------------
2.302624     0 60000
2.301461 12800 60000
2.302974 25600 60000
2.302984 38400 60000
2.302361 51200 60000
Epoch 11
-------------------------------
2.302114     0 60000
2.301935 12800 60000
2.302232 25600 60000
2.302446 38400 60000
2.302840 51200 60000
Epoch 12
-------------------------------
2.302721     0 60000
2.301790 12800 60000
2.303604 25600 60000
2.302789 38400 60000
2.301634 51200 60000
