Epoch 1
-------------------------------
2.301915     0 60000
2.302884 12800 60000
2.303366 25600 60000
2.302865 38400 60000
2.302854 51200 60000
Epoch 2
-------------------------------
2.302505     0 60000
2.304781 12800 60000
2.301461 25600 60000
2.301595 38400 60000
2.302569 51200 60000
Epoch 3
-------------------------------
2.303371     0 60000
2.303087 12800 60000
2.302280 25600 60000
2.302939 38400 60000
2.302434 51200 60000
Epoch 4
-------------------------------
2.302474     0 60000
2.302243 12800 60000
2.301779 25600 60000
2.303017 38400 60000
2.303574 51200 60000
Epoch 5
-------------------------------
2.302694     0 60000
2.303145 12800 60000
2.303659 25600 60000
2.304295 38400 60000
2.302756 51200 60000
Epoch 6
-------------------------------
2.302690     0 60000
2.303124 12800 60000
2.302688 25600 60000
2.302734 38400 60000
2.303134 51200 60000
Epoch 7
-------------------------------
2.302140     0 60000
2.303932 12800 60000
2.302502 25600 60000
2.302792 38400 60000
2.302029 51200 60000
Epoch 8
-------------------------------
2.303129     0 60000
2.302462 12800 60000
2.302384 25600 60000
2.302957 38400 60000
2.302302 51200 60000
Epoch 9
-------------------------------
2.302375     0 60000
2.302910 12800 60000
2.302274 25600 60000
2.302609 38400 60000
2.303066 51200 60000
Epoch 10
-------------------------------
2.302948     0 60000
2.302629 12800 60000
2.302800 25600 60000
2.302861 38400 60000
2.303230 51200 60000
Epoch 11
-------------------------------
2.302748     0 60000
2.302639 12800 60000
2.303787 25600 60000
2.301885 38400 60000
2.301526 51200 60000
Epoch 12
-------------------------------
2.302614     0 60000
2.301677 12800 60000
2.300494 25600 60000
2.302405 38400 60000
2.302734 51200 60000
