Epoch 1
-------------------------------
1.408847     0 60000
1.348389 12800 60000
1.397996 25600 60000
1.330972 38400 60000
1.296440 51200 60000
Epoch 2
-------------------------------
1.437554     0 60000
1.389197 12800 60000
1.302904 25600 60000
1.339074 38400 60000
1.370616 51200 60000
Epoch 3
-------------------------------
1.256825     0 60000
1.376280 12800 60000
1.298331 25600 60000
1.355797 38400 60000
1.120482 51200 60000
Epoch 4
-------------------------------
1.223306     0 60000
1.369933 12800 60000
1.118795 25600 60000
1.409832 38400 60000
1.208541 51200 60000
Epoch 5
-------------------------------
1.265218     0 60000
1.248493 12800 60000
1.211816 25600 60000
1.332397 38400 60000
1.099071 51200 60000
Epoch 6
-------------------------------
1.303046     0 60000
1.247032 12800 60000
1.212735 25600 60000
1.167968 38400 60000
1.199427 51200 60000
Epoch 7
-------------------------------
1.301268     0 60000
1.181492 12800 60000
1.214811 25600 60000
1.281945 38400 60000
1.160017 51200 60000
Epoch 8
-------------------------------
1.145923     0 60000
1.283747 12800 60000
1.214638 25600 60000
1.223625 38400 60000
1.058261 51200 60000
Epoch 9
-------------------------------
1.348499     0 60000
1.218274 12800 60000
1.241431 25600 60000
1.212049 38400 60000
1.297523 51200 60000
Epoch 10
-------------------------------
1.218456     0 60000
1.148535 12800 60000
1.399152 25600 60000
1.168255 38400 60000
1.156953 51200 60000
Epoch 11
-------------------------------
1.095867     0 60000
1.315418 12800 60000
1.095962 25600 60000
1.055644 38400 60000
1.101242 51200 60000
Epoch 12
-------------------------------
1.296674     0 60000
1.314529 12800 60000
1.180950 25600 60000
1.318444 38400 60000
1.300747 51200 60000
