Epoch 1
-------------------------------
2.304625     0 60000
2.319762 12800 60000
2.326049 25600 60000
2.308602 38400 60000
2.303684 51200 60000
Epoch 2
-------------------------------
2.309309     0 60000
2.300545 12800 60000
2.295585 25600 60000
2.310054 38400 60000
2.308905 51200 60000
Epoch 3
-------------------------------
2.302043     0 60000
2.297985 12800 60000
2.306128 25600 60000
2.303397 38400 60000
2.302549 51200 60000
Epoch 4
-------------------------------
2.303774     0 60000
2.302380 12800 60000
2.320473 25600 60000
2.314342 38400 60000
2.301228 51200 60000
Epoch 5
-------------------------------
2.303820     0 60000
2.294590 12800 60000
2.299667 25600 60000
2.309010 38400 60000
2.336635 51200 60000
Epoch 6
-------------------------------
2.295875     0 60000
2.304358 12800 60000
2.324339 25600 60000
2.310621 38400 60000
2.300895 51200 60000
Epoch 7
-------------------------------
2.308400     0 60000
2.300213 12800 60000
2.295271 25600 60000
2.314791 38400 60000
2.300520 51200 60000
Epoch 8
-------------------------------
2.305362     0 60000
2.306580 12800 60000
2.327144 25600 60000
2.300097 38400 60000
2.315832 51200 60000
Epoch 9
-------------------------------
2.315969     0 60000
2.306439 12800 60000
2.302784 25600 60000
2.319685 38400 60000
2.317071 51200 60000
Epoch 10
-------------------------------
2.314588     0 60000
2.310442 12800 60000
2.310585 25600 60000
2.301245 38400 60000
2.307072 51200 60000
Epoch 11
-------------------------------
2.307293     0 60000
2.304463 12800 60000
2.304370 25600 60000
2.296221 38400 60000
2.282229 51200 60000
Epoch 12
-------------------------------
2.301840     0 60000
2.302325 12800 60000
2.321558 25600 60000
2.309676 38400 60000
2.293453 51200 60000
