Epoch 1
-------------------------------
2.317360     0 60000
2.301101 12800 60000
2.300842 25600 60000
2.299810 38400 60000
2.302019 51200 60000
Epoch 2
-------------------------------
2.299455     0 60000
2.305881 12800 60000
2.303583 25600 60000
2.303350 38400 60000
2.305843 51200 60000
Epoch 3
-------------------------------
2.303337     0 60000
2.297319 12800 60000
2.303420 25600 60000
2.311596 38400 60000
2.305556 51200 60000
Epoch 4
-------------------------------
2.309857     0 60000
2.301863 12800 60000
2.302199 25600 60000
2.306954 38400 60000
2.305538 51200 60000
Epoch 5
-------------------------------
2.306994     0 60000
2.299902 12800 60000
2.305908 25600 60000
2.300271 38400 60000
2.302053 51200 60000
Epoch 6
-------------------------------
2.300902     0 60000
2.305881 12800 60000
2.298507 25600 60000
2.304318 38400 60000
2.308330 51200 60000
Epoch 7
-------------------------------
2.304145     0 60000
2.308280 12800 60000
2.301082 25600 60000
2.301265 38400 60000
2.305368 51200 60000
Epoch 8
-------------------------------
2.299911     0 60000
2.298290 12800 60000
2.301165 25600 60000
2.299790 38400 60000
2.302655 51200 60000
Epoch 9
-------------------------------
2.300031     0 60000
2.297562 12800 60000
2.298764 25600 60000
2.303537 38400 60000
2.303938 51200 60000
Epoch 10
-------------------------------
2.303532     0 60000
2.304523 12800 60000
2.301237 25600 60000
2.304058 38400 60000
2.302438 51200 60000
Epoch 11
-------------------------------
2.306224     0 60000
2.301771 12800 60000
2.309563 25600 60000
2.303119 38400 60000
2.304671 51200 60000
Epoch 12
-------------------------------
2.303474     0 60000
2.301021 12800 60000
2.302749 25600 60000
2.303397 38400 60000
2.297374 51200 60000
