Epoch 1
-------------------------------
2.322488     0 60000
2.303437 12800 60000
2.299826 25600 60000
2.303805 38400 60000
2.302768 51200 60000
Epoch 2
-------------------------------
2.294231     0 60000
2.301747 12800 60000
2.305644 25600 60000
2.304153 38400 60000
2.304185 51200 60000
Epoch 3
-------------------------------
2.301446     0 60000
2.298664 12800 60000
2.305181 25600 60000
2.306117 38400 60000
2.302776 51200 60000
Epoch 4
-------------------------------
2.298231     0 60000
2.304570 12800 60000
2.309880 25600 60000
2.306506 38400 60000
2.304062 51200 60000
Epoch 5
-------------------------------
2.305174     0 60000
2.307538 12800 60000
2.301744 25600 60000
2.309986 38400 60000
2.303289 51200 60000
Epoch 6
-------------------------------
2.306769     0 60000
2.302559 12800 60000
2.301404 25600 60000
2.315499 38400 60000
2.300764 51200 60000
Epoch 7
-------------------------------
2.305315     0 60000
2.303780 12800 60000
2.300543 25600 60000
2.303207 38400 60000
2.307935 51200 60000
Epoch 8
-------------------------------
2.305052     0 60000
2.303268 12800 60000
2.295793 25600 60000
2.305434 38400 60000
2.305986 51200 60000
Epoch 9
-------------------------------
2.299971     0 60000
2.303622 12800 60000
2.304344 25600 60000
2.301904 38400 60000
2.301822 51200 60000
Epoch 10
-------------------------------
2.302310     0 60000
2.303639 12800 60000
2.299921 25600 60000
2.301624 38400 60000
2.302516 51200 60000
Epoch 11
-------------------------------
2.299861     0 60000
2.303092 12800 60000
2.298489 25600 60000
2.297660 38400 60000
2.304833 51200 60000
Epoch 12
-------------------------------
2.303800     0 60000
2.304583 12800 60000
2.304272 25600 60000
2.297202 38400 60000
2.307044 51200 60000
