Epoch 1
-------------------------------
2.303493     0 60000
2.298672 12800 60000
2.299745 25600 60000
2.303053 38400 60000
2.302565 51200 60000
Epoch 2
-------------------------------
2.279683     0 60000
2.305002 12800 60000
2.304850 25600 60000
2.300213 38400 60000
2.304461 51200 60000
Epoch 3
-------------------------------
2.303114     0 60000
2.301523 12800 60000
2.304152 25600 60000
2.300065 38400 60000
2.307859 51200 60000
Epoch 4
-------------------------------
2.306215     0 60000
2.298791 12800 60000
2.303679 25600 60000
2.308505 38400 60000
2.300871 51200 60000
Epoch 5
-------------------------------
2.300892     0 60000
2.304294 12800 60000
2.302352 25600 60000
2.301437 38400 60000
2.301690 51200 60000
Epoch 6
-------------------------------
2.303232     0 60000
2.301715 12800 60000
2.306088 25600 60000
2.304936 38400 60000
2.306459 51200 60000
Epoch 7
-------------------------------
2.298695     0 60000
2.301037 12800 60000
2.304175 25600 60000
2.301986 38400 60000
2.303942 51200 60000
Epoch 8
-------------------------------
2.306385     0 60000
2.301650 12800 60000
2.305801 25600 60000
2.303057 38400 60000
2.304665 51200 60000
Epoch 9
-------------------------------
2.305529     0 60000
2.310001 12800 60000
2.302000 25600 60000
2.299992 38400 60000
2.304759 51200 60000
Epoch 10
-------------------------------
2.306207     0 60000
2.307669 12800 60000
2.299988 25600 60000
2.305856 38400 60000
2.305779 51200 60000
Epoch 11
-------------------------------
2.306867     0 60000
2.291481 12800 60000
2.305924 25600 60000
2.304798 38400 60000
2.304868 51200 60000
Epoch 12
-------------------------------
2.304058     0 60000
2.307808 12800 60000
2.297334 25600 60000
2.310563 38400 60000
2.302238 51200 60000
