Epoch 1
-------------------------------
2.313963     0 60000
1.821499 12800 60000
1.569792 25600 60000
1.462136 38400 60000
1.499482 51200 60000
Epoch 2
-------------------------------
1.785104     0 60000
1.538049 12800 60000
1.484866 25600 60000
1.782608 38400 60000
1.431525 51200 60000
Epoch 3
-------------------------------
1.387659     0 60000
1.303886 12800 60000
1.392416 25600 60000
1.344483 38400 60000
1.769463 51200 60000
Epoch 4
-------------------------------
1.439272     0 60000
1.369770 12800 60000
1.756689 25600 60000
1.560019 38400 60000
1.334918 51200 60000
Epoch 5
-------------------------------
1.448751     0 60000
1.327156 12800 60000
1.276205 25600 60000
1.449546 38400 60000
1.421221 51200 60000
Epoch 6
-------------------------------
1.499189     0 60000
1.344322 12800 60000
1.375530 25600 60000
1.470788 38400 60000
1.477707 51200 60000
Epoch 7
-------------------------------
1.231974     0 60000
1.240236 12800 60000
1.354795 25600 60000
1.460468 38400 60000
1.460822 51200 60000
Epoch 8
-------------------------------
1.447563     0 60000
1.405707 12800 60000
1.555700 25600 60000
1.328157 38400 60000
2.590776 51200 60000
Epoch 9
-------------------------------
1.303084     0 60000
1.317776 12800 60000
1.409775 25600 60000
1.374923 38400 60000
1.401366 51200 60000
Epoch 10
-------------------------------
1.319801     0 60000
1.277900 12800 60000
1.337903 25600 60000
1.320842 38400 60000
1.607335 51200 60000
Epoch 11
-------------------------------
1.424040     0 60000
1.387655 12800 60000
1.251122 25600 60000
1.492836 38400 60000
1.320931 51200 60000
Epoch 12
-------------------------------
1.331591     0 60000
1.305976 12800 60000
1.400588 25600 60000
1.546994 38400 60000
1.540005 51200 60000
