Epoch 1
-------------------------------
2.293862     0 60000
2.305673 12800 60000
2.301992 25600 60000
2.302607 38400 60000
2.299425 51200 60000
Epoch 2
-------------------------------
2.293985     0 60000
2.303242 12800 60000
2.303267 25600 60000
2.306723 38400 60000
2.305975 51200 60000
Epoch 3
-------------------------------
2.302317     0 60000
2.303932 12800 60000
2.312333 25600 60000
2.299065 38400 60000
2.302052 51200 60000
Epoch 4
-------------------------------
2.307149     0 60000
2.305104 12800 60000
2.305208 25600 60000
2.307086 38400 60000
2.301053 51200 60000
Epoch 5
-------------------------------
2.302717     0 60000
2.307067 12800 60000
2.303765 25600 60000
2.301293 38400 60000
2.302714 51200 60000
Epoch 6
-------------------------------
2.303325     0 60000
2.300055 12800 60000
2.306723 25600 60000
2.304411 38400 60000
2.302531 51200 60000
Epoch 7
-------------------------------
2.302204     0 60000
2.303876 12800 60000
2.303834 25600 60000
2.304283 38400 60000
2.296044 51200 60000
Epoch 8
-------------------------------
2.302387     0 60000
2.302478 12800 60000
2.304307 25600 60000
2.306126 38400 60000
2.303853 51200 60000
Epoch 9
-------------------------------
2.302057     0 60000
2.298160 12800 60000
2.302031 25600 60000
2.310447 38400 60000
2.302273 51200 60000
Epoch 10
-------------------------------
2.302220     0 60000
2.302456 12800 60000
2.299289 25600 60000
2.300368 38400 60000
2.307399 51200 60000
Epoch 11
-------------------------------
2.301774     0 60000
2.300192 12800 60000
2.306235 25600 60000
2.302299 38400 60000
2.300812 51200 60000
Epoch 12
-------------------------------
2.303199     0 60000
2.301399 12800 60000
2.300781 25600 60000
2.305971 38400 60000
2.304528 51200 60000
