Epoch 1
-------------------------------
2.311410     0 60000
2.303844 12800 60000
2.299452 25600 60000
2.305124 38400 60000
2.310499 51200 60000
Epoch 2
-------------------------------
2.298160     0 60000
2.300526 12800 60000
2.307056 25600 60000
2.300696 38400 60000
2.303011 51200 60000
Epoch 3
-------------------------------
2.307715     0 60000
2.306462 12800 60000
2.302085 25600 60000
2.304300 38400 60000
2.301556 51200 60000
Epoch 4
-------------------------------
2.306594     0 60000
2.303340 12800 60000
2.301323 25600 60000
2.299701 38400 60000
2.301056 51200 60000
Epoch 5
-------------------------------
2.301307     0 60000
2.304146 12800 60000
2.305682 25600 60000
2.301994 38400 60000
2.305458 51200 60000
Epoch 6
-------------------------------
2.307332     0 60000
2.309506 12800 60000
2.303962 25600 60000
2.299070 38400 60000
2.299040 51200 60000
Epoch 7
-------------------------------
2.304135     0 60000
2.304117 12800 60000
2.296950 25600 60000
2.305117 38400 60000
2.308317 51200 60000
Epoch 8
-------------------------------
2.303881     0 60000
2.302021 12800 60000
2.303677 25600 60000
2.303347 38400 60000
2.306513 51200 60000
Epoch 9
-------------------------------
2.300587     0 60000
2.304851 12800 60000
2.308743 25600 60000
2.303423 38400 60000
2.304970 51200 60000
Epoch 10
-------------------------------
2.302659     0 60000
2.302230 12800 60000
2.304245 25600 60000
2.304946 38400 60000
2.299636 51200 60000
Epoch 11
-------------------------------
2.297602     0 60000
2.299085 12800 60000
2.302819 25600 60000
2.305455 38400 60000
2.304135 51200 60000
Epoch 12
-------------------------------
2.304668     0 60000
2.303046 12800 60000
2.295722 25600 60000
2.304817 38400 60000
2.309042 51200 60000
