Epoch 1
-------------------------------
2.298907     0 60000
2.300885 12800 60000
2.303705 25600 60000
2.301858 38400 60000
2.302634 51200 60000
Epoch 2
-------------------------------
2.301887     0 60000
2.302326 12800 60000
2.303516 25600 60000
2.301896 38400 60000
2.302180 51200 60000
Epoch 3
-------------------------------
2.303090     0 60000
2.302631 12800 60000
2.302924 25600 60000
2.302850 38400 60000
2.303419 51200 60000
Epoch 4
-------------------------------
2.303152     0 60000
2.300589 12800 60000
2.303129 25600 60000
2.302406 38400 60000
2.302158 51200 60000
Epoch 5
-------------------------------
2.302888     0 60000
2.302852 12800 60000
2.303572 25600 60000
2.301719 38400 60000
2.302511 51200 60000
Epoch 6
-------------------------------
2.302848     0 60000
2.302730 12800 60000
2.304009 25600 60000
2.302574 38400 60000
2.302245 51200 60000
Epoch 7
-------------------------------
2.302738     0 60000
2.301547 12800 60000
2.302076 25600 60000
2.301733 38400 60000
2.302819 51200 60000
Epoch 8
-------------------------------
2.302585     0 60000
2.302998 12800 60000
2.302536 25600 60000
2.303663 38400 60000
2.302582 51200 60000
Epoch 9
-------------------------------
2.302039     0 60000
2.303456 12800 60000
2.303843 25600 60000
2.304957 38400 60000
2.302824 51200 60000
Epoch 10
-------------------------------
2.302721     0 60000
2.302517 12800 60000
2.302633 25600 60000
2.302829 38400 60000
2.302772 51200 60000
Epoch 11
-------------------------------
2.301853     0 60000
2.302722 12800 60000
2.303478 25600 60000
2.302735 38400 60000
2.302875 51200 60000
Epoch 12
-------------------------------
2.303136     0 60000
2.303188 12800 60000
2.301815 25600 60000
2.302855 38400 60000
2.301830 51200 60000
