Epoch 1
-------------------------------
2.315169     0 60000
2.301500 12800 60000
2.301591 25600 60000
2.299952 38400 60000
2.300700 51200 60000
Epoch 2
-------------------------------
2.304342     0 60000
2.302377 12800 60000
2.298610 25600 60000
2.286430 38400 60000
2.287667 51200 60000
Epoch 3
-------------------------------
2.298717     0 60000
2.310394 12800 60000
2.304311 25600 60000
2.302805 38400 60000
2.302887 51200 60000
Epoch 4
-------------------------------
2.305720     0 60000
2.303949 12800 60000
2.303212 25600 60000
2.301313 38400 60000
2.301223 51200 60000
Epoch 5
-------------------------------
2.298599     0 60000
2.300259 12800 60000
2.302679 25600 60000
2.301435 38400 60000
2.300466 51200 60000
Epoch 6
-------------------------------
2.302133     0 60000
2.303252 12800 60000
2.298685 25600 60000
2.297012 38400 60000
2.304983 51200 60000
Epoch 7
-------------------------------
2.303153     0 60000
2.300208 12800 60000
2.303997 25600 60000
2.306183 38400 60000
2.304235 51200 60000
Epoch 8
-------------------------------
2.301663     0 60000
2.301722 12800 60000
2.302660 25600 60000
2.305362 38400 60000
2.307057 51200 60000
Epoch 9
-------------------------------
2.299265     0 60000
2.302214 12800 60000
2.304209 25600 60000
2.297388 38400 60000
2.304318 51200 60000
Epoch 10
-------------------------------
2.305071     0 60000
2.283641 12800 60000
2.302712 25600 60000
2.303131 38400 60000
2.300911 51200 60000
Epoch 11
-------------------------------
2.298381     0 60000
2.300383 12800 60000
2.299795 25600 60000
2.305962 38400 60000
2.308201 51200 60000
Epoch 12
-------------------------------
2.306300     0 60000
2.309716 12800 60000
2.301547 25600 60000
2.297700 38400 60000
2.306032 51200 60000
