Epoch 1
-------------------------------
2.306820     0 60000
2.300216 12800 60000
2.302549 25600 60000
2.302042 38400 60000
2.321143 51200 60000
Epoch 2
-------------------------------
2.312222     0 60000
2.301016 12800 60000
2.295762 25600 60000
2.315141 38400 60000
2.295598 51200 60000
Epoch 3
-------------------------------
2.301158     0 60000
2.316581 12800 60000
2.304346 25600 60000
2.313120 38400 60000
2.311679 51200 60000
Epoch 4
-------------------------------
2.301353     0 60000
2.313560 12800 60000
2.300483 25600 60000
2.312722 38400 60000
2.329487 51200 60000
Epoch 5
-------------------------------
2.306026     0 60000
2.311858 12800 60000
2.300424 25600 60000
2.315005 38400 60000
2.303475 51200 60000
Epoch 6
-------------------------------
2.310425     0 60000
2.299780 12800 60000
2.314459 25600 60000
2.293909 38400 60000
2.297805 51200 60000
Epoch 7
-------------------------------
2.307904     0 60000
2.299746 12800 60000
2.299163 25600 60000
2.304540 38400 60000
2.303684 51200 60000
Epoch 8
-------------------------------
2.314926     0 60000
2.311293 12800 60000
2.310012 25600 60000
2.318643 38400 60000
2.303004 51200 60000
Epoch 9
-------------------------------
2.307330     0 60000
2.310441 12800 60000
2.303756 25600 60000
2.297137 38400 60000
2.315990 51200 60000
Epoch 10
-------------------------------
2.289605     0 60000
2.297055 12800 60000
2.299390 25600 60000
2.305042 38400 60000
2.298481 51200 60000
Epoch 11
-------------------------------
2.322057     0 60000
2.303902 12800 60000
2.323498 25600 60000
2.308347 38400 60000
2.313528 51200 60000
Epoch 12
-------------------------------
2.294971     0 60000
2.316502 12800 60000
2.290642 25600 60000
2.306939 38400 60000
2.314042 51200 60000
