Epoch 1
-------------------------------
2.300815     0 60000
2.300245 12800 60000
2.300027 25600 60000
2.306462 38400 60000
2.304695 51200 60000
Epoch 2
-------------------------------
2.299869     0 60000
2.305137 12800 60000
2.301883 25600 60000
2.293928 38400 60000
2.307027 51200 60000
Epoch 3
-------------------------------
2.304263     0 60000
2.309797 12800 60000
2.297381 25600 60000
2.305518 38400 60000
2.303031 51200 60000
Epoch 4
-------------------------------
2.303736     0 60000
2.302101 12800 60000
2.301650 25600 60000
2.296552 38400 60000
2.304942 51200 60000
Epoch 5
-------------------------------
2.298956     0 60000
2.296578 12800 60000
2.304615 25600 60000
2.303574 38400 60000
2.300509 51200 60000
Epoch 6
-------------------------------
2.304948     0 60000
2.309758 12800 60000
2.299637 25600 60000
2.304401 38400 60000
2.304178 51200 60000
Epoch 7
-------------------------------
2.302636     0 60000
2.302186 12800 60000
2.312958 25600 60000
2.303823 38400 60000
2.303769 51200 60000
Epoch 8
-------------------------------
2.296381     0 60000
2.299449 12800 60000
2.311801 25600 60000
2.306441 38400 60000
2.306624 51200 60000
Epoch 9
-------------------------------
2.300291     0 60000
2.311564 12800 60000
2.301217 25600 60000
2.301321 38400 60000
2.304404 51200 60000
Epoch 10
-------------------------------
2.305607     0 60000
2.303216 12800 60000
2.305977 25600 60000
2.305354 38400 60000
2.299737 51200 60000
Epoch 11
-------------------------------
2.302459     0 60000
2.301772 12800 60000
2.306455 25600 60000
2.300650 38400 60000
2.295690 51200 60000
Epoch 12
-------------------------------
2.298061     0 60000
2.301152 12800 60000
2.301532 25600 60000
2.306514 38400 60000
2.307940 51200 60000
