Epoch 1
-------------------------------
2.300348     0 60000
2.301733 12800 60000
2.303072 25600 60000
2.302970 38400 60000
2.301341 51200 60000
Epoch 2
-------------------------------
2.302696     0 60000
2.303628 12800 60000
2.303651 25600 60000
2.302597 38400 60000
2.302955 51200 60000
Epoch 3
-------------------------------
2.302661     0 60000
2.303283 12800 60000
2.302820 25600 60000
2.303253 38400 60000
2.302936 51200 60000
Epoch 4
-------------------------------
2.302493     0 60000
2.303382 12800 60000
2.302642 25600 60000
2.284816 38400 60000
2.302183 51200 60000
Epoch 5
-------------------------------
2.302596     0 60000
2.302276 12800 60000
2.301946 25600 60000
2.302163 38400 60000
2.284978 51200 60000
Epoch 6
-------------------------------
2.302344     0 60000
2.302811 12800 60000
2.302409 25600 60000
2.302794 38400 60000
2.302296 51200 60000
Epoch 7
-------------------------------
2.302276     0 60000
2.303267 12800 60000
2.302609 25600 60000
2.302557 38400 60000
2.302320 51200 60000
Epoch 8
-------------------------------
2.302686     0 60000
2.302237 12800 60000
2.302959 25600 60000
2.303929 38400 60000
2.302142 51200 60000
Epoch 9
-------------------------------
2.302939     0 60000
2.302940 12800 60000
2.302729 25600 60000
2.302178 38400 60000
2.303137 51200 60000
Epoch 10
-------------------------------
2.302251     0 60000
2.302210 12800 60000
2.302142 25600 60000
2.302739 38400 60000
2.284635 51200 60000
Epoch 11
-------------------------------
2.302928     0 60000
2.301525 12800 60000
2.303272 25600 60000
2.284377 38400 60000
2.302171 51200 60000
Epoch 12
-------------------------------
2.284966     0 60000
2.304105 12800 60000
2.285214 25600 60000
2.302895 38400 60000
2.284794 51200 60000
