Epoch 1
-------------------------------
2.303855     0 60000
2.303030 12800 60000
2.302609 25600 60000
2.302490 38400 60000
2.304731 51200 60000
Epoch 2
-------------------------------
2.302884     0 60000
2.302783 12800 60000
2.304797 25600 60000
2.302567 38400 60000
2.302741 51200 60000
Epoch 3
-------------------------------
2.302189     0 60000
2.302455 12800 60000
2.303263 25600 60000
2.303609 38400 60000
2.302299 51200 60000
Epoch 4
-------------------------------
2.302914     0 60000
2.301816 12800 60000
2.302547 25600 60000
2.302632 38400 60000
2.303020 51200 60000
Epoch 5
-------------------------------
2.302698     0 60000
2.302553 12800 60000
2.303355 25600 60000
2.303838 38400 60000
2.302620 51200 60000
Epoch 6
-------------------------------
2.302620     0 60000
2.302389 12800 60000
2.302182 25600 60000
2.302640 38400 60000
2.302233 51200 60000
Epoch 7
-------------------------------
2.302783     0 60000
2.302759 12800 60000
2.304236 25600 60000
2.303667 38400 60000
2.302792 51200 60000
Epoch 8
-------------------------------
2.302568     0 60000
2.302272 12800 60000
2.303209 25600 60000
2.301893 38400 60000
2.302513 51200 60000
Epoch 9
-------------------------------
2.302908     0 60000
2.303191 12800 60000
2.303014 25600 60000
2.303030 38400 60000
2.302555 51200 60000
Epoch 10
-------------------------------
2.301651     0 60000
2.302712 12800 60000
2.302829 25600 60000
2.302580 38400 60000
2.302874 51200 60000
Epoch 11
-------------------------------
2.302767     0 60000
2.301521 12800 60000
2.304053 25600 60000
2.302595 38400 60000
2.302075 51200 60000
Epoch 12
-------------------------------
2.302889     0 60000
2.302356 12800 60000
2.302154 25600 60000
2.302627 38400 60000
2.302227 51200 60000
