Epoch 1
-------------------------------
2.293757     0 60000
2.318462  3200 60000
2.284564  6400 60000
2.294433  9600 60000
2.301015 12800 60000
2.302347 16000 60000
2.303625 19200 60000
2.304277 22400 60000
2.308125 25600 60000
2.303841 28800 60000
2.301974 32000 60000
2.303482 35200 60000
2.301044 38400 60000
2.303687 41600 60000
2.303299 44800 60000
2.304206 48000 60000
2.303764 51200 60000
2.303560 54400 60000
2.302541 57600 60000
Epoch 2
-------------------------------
2.303569     0 60000
2.300529  3200 60000
2.305508  6400 60000
2.303309  9600 60000
2.300763 12800 60000
2.302387 16000 60000
2.310036 19200 60000
2.300094 22400 60000
2.305111 25600 60000
2.305842 28800 60000
2.303376 32000 60000
2.302782 35200 60000
2.302414 38400 60000
2.301033 41600 60000
2.301070 44800 60000
2.304469 48000 60000
2.300352 51200 60000
2.302558 54400 60000
2.301915 57600 60000
Epoch 3
-------------------------------
2.303232     0 60000
2.303276  3200 60000
2.302520  6400 60000
2.301752  9600 60000
2.300870 12800 60000
2.301189 16000 60000
2.301888 19200 60000
2.304354 22400 60000
2.302422 25600 60000
2.301888 28800 60000
2.301650 32000 60000
2.307339 35200 60000
2.303108 38400 60000
2.303911 41600 60000
2.303901 44800 60000
2.300398 48000 60000
2.303980 51200 60000
2.299106 54400 60000
2.303634 57600 60000
Epoch 4
-------------------------------
2.304503     0 60000
2.300771  3200 60000
2.300838  6400 60000
2.302369  9600 60000
2.297310 12800 60000
2.298662 16000 60000
2.299200 19200 60000
2.303390 22400 60000
2.304660 25600 60000
2.306946 28800 60000
2.303385 32000 60000
2.298061 35200 60000
2.299603 38400 60000
2.301430 41600 60000
2.303034 44800 60000
2.304885 48000 60000
2.301692 51200 60000
2.301991 54400 60000
2.305371 57600 60000
Epoch 5
-------------------------------
2.302038     0 60000
2.304336  3200 60000
2.301352  6400 60000
2.302784  9600 60000
2.302654 12800 60000
2.304769 16000 60000
2.303247 19200 60000
2.302080 22400 60000
2.303557 25600 60000
2.300479 28800 60000
2.300341 32000 60000
2.300022 35200 60000
2.301012 38400 60000
2.300824 41600 60000
2.301114 44800 60000
2.301925 48000 60000
2.302842 51200 60000
2.299326 54400 60000
2.303324 57600 60000
Epoch 6
-------------------------------
2.303174     0 60000
2.301385  3200 60000
2.301415  6400 60000
2.301831  9600 60000
2.304402 12800 60000
2.301015 16000 60000
2.305914 19200 60000
2.303894 22400 60000
2.305962 25600 60000
2.299658 28800 60000
2.300677 32000 60000
2.302718 35200 60000
2.303176 38400 60000
2.307315 41600 60000
2.302850 44800 60000
2.304677 48000 60000
2.300950 51200 60000
2.303071 54400 60000
2.304260 57600 60000
Epoch 7
-------------------------------
2.301033     0 60000
2.304134  3200 60000
2.298472  6400 60000
2.301584  9600 60000
2.303665 12800 60000
2.303290 16000 60000
2.302492 19200 60000
2.303978 22400 60000
2.301911 25600 60000
2.304708 28800 60000
2.301442 32000 60000
2.304610 35200 60000
2.302990 38400 60000
2.301446 41600 60000
2.303086 44800 60000
2.300931 48000 60000
2.303459 51200 60000
2.298968 54400 60000
2.302344 57600 60000
Epoch 8
-------------------------------
2.302140     0 60000
2.299389  3200 60000
2.308022  6400 60000
2.305172  9600 60000
2.304767 12800 60000
2.302170 16000 60000
2.300990 19200 60000
2.304383 22400 60000
2.303091 25600 60000
2.303288 28800 60000
2.299790 32000 60000
2.299067 35200 60000
2.303277 38400 60000
2.304715 41600 60000
2.304228 44800 60000
2.301836 48000 60000
2.304745 51200 60000
2.300982 54400 60000
2.303827 57600 60000
Epoch 9
-------------------------------
2.298679     0 60000
2.304390  3200 60000
2.302199  6400 60000
2.304695  9600 60000
2.304983 12800 60000
2.298290 16000 60000
2.298167 19200 60000
2.300959 22400 60000
2.302615 25600 60000
2.305085 28800 60000
2.302034 32000 60000
2.303930 35200 60000
2.308290 38400 60000
2.303611 41600 60000
2.300232 44800 60000
2.302031 48000 60000
2.305632 51200 60000
2.304404 54400 60000
2.300629 57600 60000
Epoch 10
-------------------------------
2.304788     0 60000
2.306333  3200 60000
2.299925  6400 60000
2.299777  9600 60000
2.304041 12800 60000
2.301240 16000 60000
2.300829 19200 60000
2.300753 22400 60000
2.302491 25600 60000
2.305104 28800 60000
2.298289 32000 60000
2.303097 35200 60000
2.303376 38400 60000
2.305125 41600 60000
2.303679 44800 60000
2.304925 48000 60000
2.300592 51200 60000
2.302279 54400 60000
2.301316 57600 60000
Epoch 11
-------------------------------
2.301504     0 60000
2.301406  3200 60000
2.303133  6400 60000
2.304393  9600 60000
2.306047 12800 60000
2.305646 16000 60000
2.303554 19200 60000
2.303975 22400 60000
2.304479 25600 60000
2.301167 28800 60000
2.302010 32000 60000
2.304996 35200 60000
2.300716 38400 60000
2.301388 41600 60000
2.305883 44800 60000
2.302640 48000 60000
2.299951 51200 60000
2.304162 54400 60000
2.304517 57600 60000
Epoch 12
-------------------------------
2.306281     0 60000
2.302468  3200 60000
2.303965  6400 60000
2.301854  9600 60000
2.307994 12800 60000
2.305776 16000 60000
2.299733 19200 60000
2.301059 22400 60000
2.301032 25600 60000
2.304006 28800 60000
2.301257 32000 60000
2.301858 35200 60000
2.301752 38400 60000
2.303105 41600 60000
2.299879 44800 60000
2.302732 48000 60000
2.298723 51200 60000
2.309208 54400 60000
2.307675 57600 60000
