Epoch 1
-------------------------------
2.342402     0 60000
2.306254  3200 60000
2.297637  6400 60000
2.304927  9600 60000
2.303920 12800 60000
2.298854 16000 60000
2.296831 19200 60000
2.311451 22400 60000
2.290115 25600 60000
2.298733 28800 60000
2.319825 32000 60000
2.305813 35200 60000
2.301756 38400 60000
2.310129 41600 60000
2.307371 44800 60000
2.306671 48000 60000
2.306099 51200 60000
2.300406 54400 60000
2.303641 57600 60000
Epoch 2
-------------------------------
2.295716     0 60000
2.300342  3200 60000
2.309320  6400 60000
2.307023  9600 60000
2.305114 12800 60000
2.304984 16000 60000
2.306368 19200 60000
2.302160 22400 60000
2.302993 25600 60000
2.300466 28800 60000
2.314819 32000 60000
2.302738 35200 60000
2.308136 38400 60000
2.309283 41600 60000
2.301888 44800 60000
2.290260 48000 60000
2.303046 51200 60000
2.316575 54400 60000
2.307083 57600 60000
Epoch 3
-------------------------------
2.304892     0 60000
2.293232  3200 60000
2.303687  6400 60000
2.314425  9600 60000
2.325147 12800 60000
2.308326 16000 60000
2.299141 19200 60000
2.322150 22400 60000
2.303850 25600 60000
2.299685 28800 60000
2.295547 32000 60000
2.309130 35200 60000
2.292591 38400 60000
2.298068 41600 60000
2.298127 44800 60000
2.306873 48000 60000
2.287549 51200 60000
2.291761 54400 60000
2.300282 57600 60000
Epoch 4
-------------------------------
2.312298     0 60000
2.313591  3200 60000
2.293962  6400 60000
2.299020  9600 60000
2.300567 12800 60000
2.297080 16000 60000
2.301303 19200 60000
2.298269 22400 60000
2.298143 25600 60000
2.304668 28800 60000
2.297853 32000 60000
2.314946 35200 60000
2.306087 38400 60000
2.301432 41600 60000
2.303532 44800 60000
2.310003 48000 60000
2.305945 51200 60000
2.308419 54400 60000
2.304886 57600 60000
Epoch 5
-------------------------------
2.303034     0 60000
2.323962  3200 60000
2.305802  6400 60000
2.293739  9600 60000
2.307939 12800 60000
2.310890 16000 60000
2.311517 19200 60000
2.295276 22400 60000
2.308461 25600 60000
2.296027 28800 60000
2.306087 32000 60000
2.301412 35200 60000
2.297504 38400 60000
2.300091 41600 60000
2.308853 44800 60000
2.299753 48000 60000
2.304162 51200 60000
2.287352 54400 60000
2.291860 57600 60000
Epoch 6
-------------------------------
2.309622     0 60000
2.301414  3200 60000
2.319432  6400 60000
2.312709  9600 60000
2.310516 12800 60000
2.298474 16000 60000
2.308857 19200 60000
2.307026 22400 60000
2.297424 25600 60000
2.301649 28800 60000
2.307017 32000 60000
2.306312 35200 60000
2.298021 38400 60000
2.315312 41600 60000
2.287850 44800 60000
2.290629 48000 60000
2.306361 51200 60000
2.304126 54400 60000
2.298214 57600 60000
Epoch 7
-------------------------------
2.306856     0 60000
2.295090  3200 60000
2.302998  6400 60000
2.316732  9600 60000
2.302543 12800 60000
2.301923 16000 60000
2.312631 19200 60000
2.299011 22400 60000
2.298997 25600 60000
2.314842 28800 60000
2.330574 32000 60000
2.310681 35200 60000
2.302024 38400 60000
2.308247 41600 60000
2.301645 44800 60000
2.312932 48000 60000
2.302257 51200 60000
2.289727 54400 60000
2.309667 57600 60000
Epoch 8
-------------------------------
2.309472     0 60000
2.303510  3200 60000
2.309623  6400 60000
2.310441  9600 60000
2.312083 12800 60000
2.311049 16000 60000
2.309980 19200 60000
2.309400 22400 60000
2.307170 25600 60000
2.310133 28800 60000
2.303441 32000 60000
2.292923 35200 60000
2.295105 38400 60000
2.293123 41600 60000
2.304075 44800 60000
2.301213 48000 60000
2.293632 51200 60000
2.305658 54400 60000
2.299948 57600 60000
Epoch 9
-------------------------------
2.311214     0 60000
2.303991  3200 60000
2.328048  6400 60000
2.302465  9600 60000
2.297251 12800 60000
2.299585 16000 60000
2.302913 19200 60000
2.317666 22400 60000
2.298000 25600 60000
2.306355 28800 60000
2.303885 32000 60000
2.307326 35200 60000
2.322270 38400 60000
2.306744 41600 60000
2.302530 44800 60000
2.297651 48000 60000
2.304728 51200 60000
2.313884 54400 60000
2.304641 57600 60000
Epoch 10
-------------------------------
2.305043     0 60000
2.300819  3200 60000
2.296522  6400 60000
2.297882  9600 60000
2.304065 12800 60000
2.310332 16000 60000
2.283099 19200 60000
2.275493 22400 60000
2.298018 25600 60000
2.280138 28800 60000
2.303820 32000 60000
2.295165 35200 60000
2.295330 38400 60000
2.303604 41600 60000
2.316348 44800 60000
2.304932 48000 60000
2.299142 51200 60000
2.314462 54400 60000
2.296633 57600 60000
Epoch 11
-------------------------------
2.299647     0 60000
2.306074  3200 60000
2.308869  6400 60000
2.306646  9600 60000
2.292995 12800 60000
2.292991 16000 60000
2.295986 19200 60000
2.304570 22400 60000
2.314670 25600 60000
2.301872 28800 60000
2.303472 32000 60000
2.323894 35200 60000
2.287814 38400 60000
2.307815 41600 60000
2.301649 44800 60000
2.302295 48000 60000
2.290707 51200 60000
2.299637 54400 60000
2.292820 57600 60000
Epoch 12
-------------------------------
2.288541     0 60000
2.308916  3200 60000
2.284804  6400 60000
2.307891  9600 60000
2.302921 12800 60000
2.293417 16000 60000
2.301028 19200 60000
2.299574 22400 60000
2.315181 25600 60000
2.305349 28800 60000
2.291449 32000 60000
2.302671 35200 60000
2.307463 38400 60000
2.308585 41600 60000
2.307791 44800 60000
2.309832 48000 60000
2.310903 51200 60000
2.301549 54400 60000
2.303042 57600 60000
