Epoch 1
-------------------------------
2.315741     0 60000
2.304070  3200 60000
2.297028  6400 60000
2.311782  9600 60000
2.299856 12800 60000
2.303059 16000 60000
2.292488 19200 60000
2.300703 22400 60000
2.303900 25600 60000
2.303656 28800 60000
2.298276 32000 60000
2.304319 35200 60000
2.301022 38400 60000
2.311763 41600 60000
2.303716 44800 60000
2.302042 48000 60000
2.304870 51200 60000
2.305493 54400 60000
2.301707 57600 60000
Epoch 2
-------------------------------
2.301228     0 60000
2.302221  3200 60000
2.304181  6400 60000
2.299865  9600 60000
2.297590 12800 60000
2.302525 16000 60000
2.303448 19200 60000
2.306396 22400 60000
2.296630 25600 60000
2.300576 28800 60000
2.301856 32000 60000
2.302814 35200 60000
2.300064 38400 60000
2.301900 41600 60000
2.303082 44800 60000
2.302521 48000 60000
2.303504 51200 60000
2.302810 54400 60000
2.303720 57600 60000
Epoch 3
-------------------------------
2.302171     0 60000
2.306046  3200 60000
2.300070  6400 60000
2.303472  9600 60000
2.304379 12800 60000
2.304004 16000 60000
2.302271 19200 60000
2.304490 22400 60000
2.305229 25600 60000
2.305336 28800 60000
2.299987 32000 60000
2.302353 35200 60000
2.299531 38400 60000
2.301213 41600 60000
2.302477 44800 60000
2.301907 48000 60000
2.303069 51200 60000
2.300117 54400 60000
2.301036 57600 60000
Epoch 4
-------------------------------
2.304381     0 60000
2.303960  3200 60000
2.304077  6400 60000
2.301783  9600 60000
2.303331 12800 60000
2.304412 16000 60000
2.302535 19200 60000
2.302463 22400 60000
2.302000 25600 60000
2.303082 28800 60000
2.302045 32000 60000
2.306684 35200 60000
2.301060 38400 60000
2.299159 41600 60000
2.302162 44800 60000
2.302586 48000 60000
2.302259 51200 60000
2.305182 54400 60000
2.303823 57600 60000
Epoch 5
-------------------------------
2.303227     0 60000
2.299409  3200 60000
2.300524  6400 60000
2.302990  9600 60000
2.304034 12800 60000
2.301823 16000 60000
2.299102 19200 60000
2.301938 22400 60000
2.302074 25600 60000
2.303402 28800 60000
2.302605 32000 60000
2.303543 35200 60000
2.304564 38400 60000
2.302160 41600 60000
2.303260 44800 60000
2.301878 48000 60000
2.304248 51200 60000
2.303550 54400 60000
2.304212 57600 60000
Epoch 6
-------------------------------
2.303600     0 60000
2.302858  3200 60000
2.303357  6400 60000
2.304680  9600 60000
2.304369 12800 60000
2.303105 16000 60000
2.301301 19200 60000
2.304967 22400 60000
2.303920 25600 60000
2.302076 28800 60000
2.302421 32000 60000
2.301635 35200 60000
2.301031 38400 60000
2.301836 41600 60000
2.304533 44800 60000
2.304798 48000 60000
2.304436 51200 60000
2.302438 54400 60000
2.302657 57600 60000
Epoch 7
-------------------------------
2.301549     0 60000
2.302204  3200 60000
2.307690  6400 60000
2.301310  9600 60000
2.304875 12800 60000
2.302639 16000 60000
2.304143 19200 60000
2.304338 22400 60000
2.301383 25600 60000
2.303274 28800 60000
2.301422 32000 60000
2.303873 35200 60000
2.301297 38400 60000
2.303193 41600 60000
2.300852 44800 60000
2.300087 48000 60000
2.305499 51200 60000
2.303654 54400 60000
2.300783 57600 60000
Epoch 8
-------------------------------
2.301320     0 60000
2.304816  3200 60000
2.302538  6400 60000
2.301206  9600 60000
2.302523 12800 60000
2.301012 16000 60000
2.301078 19200 60000
2.303593 22400 60000
2.304589 25600 60000
2.302129 28800 60000
2.305158 32000 60000
2.305532 35200 60000
2.303912 38400 60000
2.300800 41600 60000
2.305783 44800 60000
2.301562 48000 60000
2.302953 51200 60000
2.300336 54400 60000
2.302000 57600 60000
Epoch 9
-------------------------------
2.304825     0 60000
2.302212  3200 60000
2.304756  6400 60000
2.302031  9600 60000
2.304158 12800 60000
2.305952 16000 60000
2.300185 19200 60000
2.303333 22400 60000
2.305528 25600 60000
2.301711 28800 60000
2.306161 32000 60000
2.302169 35200 60000
2.300907 38400 60000
2.308218 41600 60000
2.305599 44800 60000
2.304455 48000 60000
2.303409 51200 60000
2.303762 54400 60000
2.303650 57600 60000
Epoch 10
-------------------------------
2.303438     0 60000
2.303462  3200 60000
2.302112  6400 60000
2.299220  9600 60000
2.303189 12800 60000
2.303743 16000 60000
2.302370 19200 60000
2.304989 22400 60000
2.298173 25600 60000
2.301212 28800 60000
2.302864 32000 60000
2.305067 35200 60000
2.304727 38400 60000
2.301324 41600 60000
2.301285 44800 60000
2.302693 48000 60000
2.297919 51200 60000
2.301049 54400 60000
2.303573 57600 60000
Epoch 11
-------------------------------
2.303310     0 60000
2.301655  3200 60000
2.304294  6400 60000
2.297071  9600 60000
2.308156 12800 60000
2.303437 16000 60000
2.298872 19200 60000
2.303323 22400 60000
2.303995 25600 60000
2.301387 28800 60000
2.302046 32000 60000
2.299815 35200 60000
2.301959 38400 60000
2.302403 41600 60000
2.300521 44800 60000
2.304877 48000 60000
2.302073 51200 60000
2.301575 54400 60000
2.301334 57600 60000
Epoch 12
-------------------------------
2.302197     0 60000
2.304334  3200 60000
2.301915  6400 60000
2.302766  9600 60000
2.304540 12800 60000
2.306961 16000 60000
2.302429 19200 60000
2.300515 22400 60000
2.301170 25600 60000
2.301809 28800 60000
2.299096 32000 60000
2.302286 35200 60000
2.300799 38400 60000
2.304894 41600 60000
2.301883 44800 60000
2.299797 48000 60000
2.302421 51200 60000
2.303326 54400 60000
2.302247 57600 60000
