Epoch 1
-------------------------------
2.313622     0 60000
2.305593  3200 60000
2.296815  6400 60000
2.313356  9600 60000
2.308570 12800 60000
2.304771 16000 60000
2.323914 19200 60000
2.322328 22400 60000
2.304780 25600 60000
2.292086 28800 60000
2.301571 32000 60000
2.313490 35200 60000
2.295214 38400 60000
2.293451 41600 60000
2.308391 44800 60000
2.310681 48000 60000
2.293155 51200 60000
2.306252 54400 60000
2.291889 57600 60000
Epoch 2
-------------------------------
2.292407     0 60000
2.312121  3200 60000
2.321103  6400 60000
2.302775  9600 60000
2.288885 12800 60000
2.298793 16000 60000
2.295179 19200 60000
2.302634 22400 60000
2.302945 25600 60000
2.312567 28800 60000
2.295709 32000 60000
2.309884 35200 60000
2.306374 38400 60000
2.299571 41600 60000
2.311987 44800 60000
2.298400 48000 60000
2.297030 51200 60000
2.312055 54400 60000
2.335140 57600 60000
Epoch 3
-------------------------------
2.280940     0 60000
2.307778  3200 60000
2.301469  6400 60000
2.312867  9600 60000
2.301579 12800 60000
2.294934 16000 60000
2.302069 19200 60000
2.302925 22400 60000
2.302453 25600 60000
2.299782 28800 60000
2.292980 32000 60000
2.306115 35200 60000
2.304568 38400 60000
2.306865 41600 60000
2.308936 44800 60000
2.305531 48000 60000
2.294940 51200 60000
2.299790 54400 60000
2.298391 57600 60000
Epoch 4
-------------------------------
2.308951     0 60000
2.307483  3200 60000
2.302226  6400 60000
2.295092  9600 60000
2.300066 12800 60000
2.297988 16000 60000
2.321185 19200 60000
2.297930 22400 60000
2.306393 25600 60000
2.289856 28800 60000
2.315510 32000 60000
2.304762 35200 60000
2.303843 38400 60000
2.309724 41600 60000
2.314337 44800 60000
2.306381 48000 60000
2.304293 51200 60000
2.295315 54400 60000
2.305732 57600 60000
Epoch 5
-------------------------------
2.288613     0 60000
2.298665  3200 60000
2.299773  6400 60000
2.292505  9600 60000
2.300534 12800 60000
2.310387 16000 60000
2.301055 19200 60000
2.322447 22400 60000
2.303288 25600 60000
2.294738 28800 60000
2.314070 32000 60000
2.306123 35200 60000
2.318314 38400 60000
2.291761 41600 60000
2.309520 44800 60000
2.321271 48000 60000
2.285628 51200 60000
2.307487 54400 60000
2.300732 57600 60000
Epoch 6
-------------------------------
2.299359     0 60000
2.312058  3200 60000
2.311467  6400 60000
2.300720  9600 60000
2.308105 12800 60000
2.305447 16000 60000
2.292964 19200 60000
2.311831 22400 60000
2.316565 25600 60000
2.295280 28800 60000
2.294513 32000 60000
2.301105 35200 60000
2.287285 38400 60000
2.304452 41600 60000
2.302283 44800 60000
2.299151 48000 60000
2.302940 51200 60000
2.311639 54400 60000
2.296589 57600 60000
Epoch 7
-------------------------------
2.304010     0 60000
2.301492  3200 60000
2.300505  6400 60000
2.315347  9600 60000
2.286161 12800 60000
2.307803 16000 60000
2.318154 19200 60000
2.302865 22400 60000
2.302077 25600 60000
2.289583 28800 60000
2.321052 32000 60000
2.333860 35200 60000
2.325216 38400 60000
2.301383 41600 60000
2.300873 44800 60000
2.303632 48000 60000
2.310205 51200 60000
2.308304 54400 60000
2.317125 57600 60000
Epoch 8
-------------------------------
2.306114     0 60000
2.301728  3200 60000
2.309536  6400 60000
2.320695  9600 60000
2.326109 12800 60000
2.302900 16000 60000
2.313917 19200 60000
2.298627 22400 60000
2.286010 25600 60000
2.293493 28800 60000
2.302873 32000 60000
2.311774 35200 60000
2.303449 38400 60000
2.307845 41600 60000
2.297692 44800 60000
2.301866 48000 60000
2.304230 51200 60000
2.313130 54400 60000
2.301896 57600 60000
Epoch 9
-------------------------------
2.293714     0 60000
2.300828  3200 60000
2.294862  6400 60000
2.288499  9600 60000
2.294815 12800 60000
2.303912 16000 60000
2.314237 19200 60000
2.300003 22400 60000
2.302875 25600 60000
2.286039 28800 60000
2.306546 32000 60000
2.296938 35200 60000
2.318101 38400 60000
2.292063 41600 60000
2.303424 44800 60000
2.301803 48000 60000
2.293670 51200 60000
2.303603 54400 60000
2.300328 57600 60000
Epoch 10
-------------------------------
2.300080     0 60000
2.302890  3200 60000
2.290387  6400 60000
2.305220  9600 60000
2.292526 12800 60000
2.307350 16000 60000
2.292446 19200 60000
2.299460 22400 60000
2.305014 25600 60000
2.293585 28800 60000
2.294887 32000 60000
2.311485 35200 60000
2.310858 38400 60000
2.296856 41600 60000
2.290586 44800 60000
2.301520 48000 60000
2.292554 51200 60000
2.306278 54400 60000
2.305546 57600 60000
Epoch 11
-------------------------------
2.313692     0 60000
2.288630  3200 60000
2.303781  6400 60000
2.302202  9600 60000
2.308631 12800 60000
2.296627 16000 60000
2.298937 19200 60000
2.295626 22400 60000
2.309143 25600 60000
2.306381 28800 60000
2.299764 32000 60000
2.306931 35200 60000
2.311289 38400 60000
2.286666 41600 60000
2.305355 44800 60000
2.296648 48000 60000
2.311792 51200 60000
2.319353 54400 60000
2.299518 57600 60000
Epoch 12
-------------------------------
2.301249     0 60000
2.302764  3200 60000
2.314134  6400 60000
2.319989  9600 60000
2.318059 12800 60000
2.303807 16000 60000
2.298320 19200 60000
2.306827 22400 60000
2.297820 25600 60000
2.305328 28800 60000
2.311146 32000 60000
2.285394 35200 60000
2.288354 38400 60000
2.297339 41600 60000
2.300795 44800 60000
2.281946 48000 60000
2.299870 51200 60000
2.294175 54400 60000
2.303072 57600 60000
