Epoch 1
-------------------------------
2.296714     0 60000
2.316848  3200 60000
2.332919  6400 60000
2.264689  9600 60000
2.326817 12800 60000
2.411013 16000 60000
2.405403 19200 60000
2.277657 22400 60000
2.347689 25600 60000
2.343663 28800 60000
2.419326 32000 60000
2.328967 35200 60000
2.298221 38400 60000
2.343555 41600 60000
2.365660 44800 60000
2.305374 48000 60000
2.285825 51200 60000
2.326483 54400 60000
2.312585 57600 60000
Epoch 2
-------------------------------
2.329238     0 60000
2.298241  3200 60000
2.315637  6400 60000
2.303776  9600 60000
2.338924 12800 60000
2.281679 16000 60000
2.307832 19200 60000
2.321615 22400 60000
2.310273 25600 60000
2.292166 28800 60000
2.335704 32000 60000
2.328067 35200 60000
2.307024 38400 60000
2.351798 41600 60000
2.338479 44800 60000
2.380610 48000 60000
2.275572 51200 60000
2.309860 54400 60000
2.353234 57600 60000
Epoch 3
-------------------------------
2.273431     0 60000
2.331403  3200 60000
2.347879  6400 60000
2.270329  9600 60000
2.312231 12800 60000
2.261988 16000 60000
2.299359 19200 60000
2.328525 22400 60000
2.270136 25600 60000
2.312247 28800 60000
2.310641 32000 60000
2.297881 35200 60000
2.354314 38400 60000
2.326744 41600 60000
2.302410 44800 60000
2.309448 48000 60000
2.314509 51200 60000
2.322889 54400 60000
2.330224 57600 60000
Epoch 4
-------------------------------
2.252818     0 60000
2.326956  3200 60000
2.371890  6400 60000
2.346321  9600 60000
2.266515 12800 60000
2.359614 16000 60000
2.345945 19200 60000
2.315876 22400 60000
2.307574 25600 60000
2.350805 28800 60000
2.317034 32000 60000
2.291780 35200 60000
2.334543 38400 60000
2.270700 41600 60000
2.345636 44800 60000
2.339729 48000 60000
2.262365 51200 60000
2.348608 54400 60000
2.346002 57600 60000
Epoch 5
-------------------------------
2.254698     0 60000
2.319651  3200 60000
2.261285  6400 60000
2.284838  9600 60000
2.353107 12800 60000
2.347453 16000 60000
2.286162 19200 60000
2.379789 22400 60000
2.294677 25600 60000
2.311323 28800 60000
2.323781 32000 60000
2.322634 35200 60000
2.330349 38400 60000
2.321110 41600 60000
2.332039 44800 60000
2.328479 48000 60000
2.371917 51200 60000
2.318819 54400 60000
2.354741 57600 60000
Epoch 6
-------------------------------
2.299471     0 60000
2.322035  3200 60000
2.310986  6400 60000
2.322871  9600 60000
2.289016 12800 60000
2.278429 16000 60000
2.237381 19200 60000
2.298616 22400 60000
2.300091 25600 60000
2.297932 28800 60000
2.285499 32000 60000
2.357840 35200 60000
2.328546 38400 60000
2.317073 41600 60000
2.322106 44800 60000
2.343928 48000 60000
2.287432 51200 60000
2.311682 54400 60000
2.316319 57600 60000
Epoch 7
-------------------------------
2.325045     0 60000
2.320680  3200 60000
2.310987  6400 60000
2.328905  9600 60000
2.293781 12800 60000
2.326616 16000 60000
2.319561 19200 60000
2.310033 22400 60000
2.306825 25600 60000
2.334807 28800 60000
2.336359 32000 60000
2.323632 35200 60000
2.321369 38400 60000
2.360364 41600 60000
2.329659 44800 60000
2.301281 48000 60000
2.343870 51200 60000
2.284880 54400 60000
2.270366 57600 60000
Epoch 8
-------------------------------
2.317417     0 60000
2.308975  3200 60000
2.335604  6400 60000
2.300976  9600 60000
2.323619 12800 60000
2.306399 16000 60000
2.283156 19200 60000
2.320939 22400 60000
2.330522 25600 60000
2.301734 28800 60000
2.399235 32000 60000
2.277860 35200 60000
2.299226 38400 60000
2.312952 41600 60000
2.274756 44800 60000
2.324230 48000 60000
2.291849 51200 60000
2.283027 54400 60000
2.337960 57600 60000
Epoch 9
-------------------------------
2.372146     0 60000
2.297247  3200 60000
2.279748  6400 60000
2.296856  9600 60000
2.286397 12800 60000
2.314228 16000 60000
2.284941 19200 60000
2.300240 22400 60000
2.299531 25600 60000
2.326386 28800 60000
2.280001 32000 60000
2.278275 35200 60000
2.281867 38400 60000
2.327821 41600 60000
2.313620 44800 60000
2.333217 48000 60000
2.314832 51200 60000
2.336986 54400 60000
2.326741 57600 60000
Epoch 10
-------------------------------
2.308618     0 60000
2.346353  3200 60000
2.309489  6400 60000
2.293168  9600 60000
2.336063 12800 60000
2.301060 16000 60000
2.327817 19200 60000
2.311939 22400 60000
2.313746 25600 60000
2.318234 28800 60000
2.326554 32000 60000
2.354268 35200 60000
2.341825 38400 60000
2.324648 41600 60000
2.379499 44800 60000
2.291516 48000 60000
2.359513 51200 60000
2.291608 54400 60000
2.303022 57600 60000
Epoch 11
-------------------------------
2.348048     0 60000
2.302121  3200 60000
2.373255  6400 60000
2.298004  9600 60000
2.298574 12800 60000
2.307158 16000 60000
2.303545 19200 60000
2.272933 22400 60000
2.282429 25600 60000
2.354471 28800 60000
2.280957 32000 60000
2.354274 35200 60000
2.332627 38400 60000
2.318489 41600 60000
2.300704 44800 60000
2.315407 48000 60000
2.304965 51200 60000
2.271728 54400 60000
2.314749 57600 60000
Epoch 12
-------------------------------
2.311044     0 60000
2.402722  3200 60000
2.317183  6400 60000
2.291390  9600 60000
2.298378 12800 60000
2.297934 16000 60000
2.306184 19200 60000
2.351065 22400 60000
2.331430 25600 60000
2.302039 28800 60000
2.320359 32000 60000
2.386320 35200 60000
2.280656 38400 60000
2.305547 41600 60000
2.279784 44800 60000
2.275088 48000 60000
2.305568 51200 60000
2.307547 54400 60000
2.325253 57600 60000
