Epoch 1
-------------------------------
2.307652     0 60000
2.339811  3200 60000
2.279395  6400 60000
2.305997  9600 60000
2.277258 12800 60000
2.291934 16000 60000
2.332013 19200 60000
2.294253 22400 60000
2.277050 25600 60000
2.295443 28800 60000
2.341749 32000 60000
2.310073 35200 60000
2.323497 38400 60000
2.350369 41600 60000
2.330332 44800 60000
2.364943 48000 60000
2.330639 51200 60000
2.297623 54400 60000
2.319106 57600 60000
Epoch 2
-------------------------------
2.301825     0 60000
2.240267  3200 60000
2.298592  6400 60000
2.338334  9600 60000
2.316026 12800 60000
2.359925 16000 60000
2.292008 19200 60000
2.281737 22400 60000
2.276412 25600 60000
2.290193 28800 60000
2.366381 32000 60000
2.273966 35200 60000
2.339429 38400 60000
2.347907 41600 60000
2.364459 44800 60000
2.304069 48000 60000
2.287532 51200 60000
2.292257 54400 60000
2.282947 57600 60000
Epoch 3
-------------------------------
2.297669     0 60000
2.328534  3200 60000
2.343059  6400 60000
2.315992  9600 60000
2.295838 12800 60000
2.323997 16000 60000
2.275465 19200 60000
2.432523 22400 60000
2.311314 25600 60000
2.332880 28800 60000
2.297934 32000 60000
2.296163 35200 60000
2.262083 38400 60000
2.307015 41600 60000
2.303596 44800 60000
2.298532 48000 60000
2.315642 51200 60000
2.292911 54400 60000
2.352215 57600 60000
Epoch 4
-------------------------------
2.337077     0 60000
2.319920  3200 60000
2.323928  6400 60000
2.309470  9600 60000
2.340002 12800 60000
2.285636 16000 60000
2.327108 19200 60000
2.354815 22400 60000
2.310298 25600 60000
2.319877 28800 60000
2.271093 32000 60000
2.332190 35200 60000
2.306407 38400 60000
2.306775 41600 60000
2.314413 44800 60000
2.317393 48000 60000
2.368616 51200 60000
2.303708 54400 60000
2.332866 57600 60000
Epoch 5
-------------------------------
2.289318     0 60000
2.395123  3200 60000
2.328287  6400 60000
2.296247  9600 60000
2.396797 12800 60000
2.329029 16000 60000
2.338880 19200 60000
2.351994 22400 60000
2.289309 25600 60000
2.300138 28800 60000
2.312917 32000 60000
2.328813 35200 60000
2.359854 38400 60000
2.280421 41600 60000
2.324187 44800 60000
2.290649 48000 60000
2.300163 51200 60000
2.361794 54400 60000
2.334991 57600 60000
Epoch 6
-------------------------------
2.309757     0 60000
2.329066  3200 60000
2.246304  6400 60000
2.279419  9600 60000
2.263695 12800 60000
2.298544 16000 60000
2.325625 19200 60000
2.315782 22400 60000
2.346555 25600 60000
2.316252 28800 60000
2.323264 32000 60000
2.309201 35200 60000
2.357548 38400 60000
2.364115 41600 60000
2.331675 44800 60000
2.349749 48000 60000
2.299894 51200 60000
2.311212 54400 60000
2.315166 57600 60000
Epoch 7
-------------------------------
2.373738     0 60000
2.285067  3200 60000
2.328130  6400 60000
2.342388  9600 60000
2.306725 12800 60000
2.314715 16000 60000
2.288875 19200 60000
2.310661 22400 60000
2.333703 25600 60000
2.304863 28800 60000
2.356046 32000 60000
2.284997 35200 60000
2.322197 38400 60000
2.312891 41600 60000
2.331504 44800 60000
2.317032 48000 60000
2.324897 51200 60000
2.294814 54400 60000
2.303424 57600 60000
Epoch 8
-------------------------------
2.350809     0 60000
2.374822  3200 60000
2.326653  6400 60000
2.322889  9600 60000
2.299932 12800 60000
2.365082 16000 60000
2.288826 19200 60000
2.391474 22400 60000
2.335711 25600 60000
2.324918 28800 60000
2.267498 32000 60000
2.303268 35200 60000
2.341667 38400 60000
2.294905 41600 60000
2.325423 44800 60000
2.311785 48000 60000
2.346233 51200 60000
2.331534 54400 60000
2.290200 57600 60000
Epoch 9
-------------------------------
2.352132     0 60000
2.324049  3200 60000
2.309182  6400 60000
2.372309  9600 60000
2.312473 12800 60000
2.292852 16000 60000
2.308487 19200 60000
2.286825 22400 60000
2.282803 25600 60000
2.301932 28800 60000
2.315299 32000 60000
2.302341 35200 60000
2.336509 38400 60000
2.295587 41600 60000
2.283173 44800 60000
2.345053 48000 60000
2.355889 51200 60000
2.315260 54400 60000
2.317306 57600 60000
Epoch 10
-------------------------------
2.289954     0 60000
2.385238  3200 60000
2.299757  6400 60000
2.327472  9600 60000
2.354865 12800 60000
2.325396 16000 60000
2.352803 19200 60000
2.302729 22400 60000
2.288224 25600 60000
2.305751 28800 60000
2.311575 32000 60000
2.312625 35200 60000
2.329030 38400 60000
2.292806 41600 60000
2.356219 44800 60000
2.282377 48000 60000
2.286861 51200 60000
2.283405 54400 60000
2.358335 57600 60000
Epoch 11
-------------------------------
2.291085     0 60000
2.292973  3200 60000
2.304470  6400 60000
2.314928  9600 60000
2.352729 12800 60000
2.251979 16000 60000
2.291292 19200 60000
2.324457 22400 60000
2.309261 25600 60000
2.311308 28800 60000
2.331045 32000 60000
2.340090 35200 60000
2.288360 38400 60000
2.309944 41600 60000
2.284527 44800 60000
2.311577 48000 60000
2.317605 51200 60000
2.295400 54400 60000
2.296519 57600 60000
Epoch 12
-------------------------------
2.289660     0 60000
2.337714  3200 60000
2.338697  6400 60000
2.312944  9600 60000
2.327800 12800 60000
2.345318 16000 60000
2.313262 19200 60000
2.322701 22400 60000
2.315780 25600 60000
2.319863 28800 60000
2.328417 32000 60000
2.329036 35200 60000
2.374676 38400 60000
2.373294 41600 60000
2.294245 44800 60000
2.322547 48000 60000
2.285529 51200 60000
2.294276 54400 60000
2.349111 57600 60000
