Epoch 1
-------------------------------
2.291402     0 60000
2.309100  3200 60000
2.304625  6400 60000
2.315656  9600 60000
2.314049 12800 60000
2.306682 16000 60000
2.307776 19200 60000
2.301311 22400 60000
2.298618 25600 60000
2.296125 28800 60000
2.300778 32000 60000
2.302621 35200 60000
2.302256 38400 60000
2.305126 41600 60000
2.304872 44800 60000
2.304995 48000 60000
2.301666 51200 60000
2.303137 54400 60000
2.303885 57600 60000
Epoch 2
-------------------------------
2.304689     0 60000
2.307747  3200 60000
2.303355  6400 60000
2.298287  9600 60000
2.305748 12800 60000
2.302458 16000 60000
2.304678 19200 60000
2.303568 22400 60000
2.300258 25600 60000
2.304886 28800 60000
2.299788 32000 60000
2.300997 35200 60000
2.300299 38400 60000
2.304478 41600 60000
2.301537 44800 60000
2.302898 48000 60000
2.302947 51200 60000
2.302747 54400 60000
2.300271 57600 60000
Epoch 3
-------------------------------
2.300368     0 60000
2.304998  3200 60000
2.305869  6400 60000
2.301328  9600 60000
2.306315 12800 60000
2.298839 16000 60000
2.308798 19200 60000
2.303609 22400 60000
2.300647 25600 60000
2.302083 28800 60000
2.302161 32000 60000
2.301319 35200 60000
2.301820 38400 60000
2.302996 41600 60000
2.304804 44800 60000
2.303620 48000 60000
2.303273 51200 60000
2.304542 54400 60000
2.308374 57600 60000
Epoch 4
-------------------------------
2.305266     0 60000
2.302927  3200 60000
2.303388  6400 60000
2.301990  9600 60000
2.301440 12800 60000
2.303660 16000 60000
2.299605 19200 60000
2.302789 22400 60000
2.300627 25600 60000
2.307652 28800 60000
2.298404 32000 60000
2.306094 35200 60000
2.304242 38400 60000
2.304892 41600 60000
2.304582 44800 60000
2.301014 48000 60000
2.302048 51200 60000
2.305715 54400 60000
2.300219 57600 60000
Epoch 5
-------------------------------
2.300312     0 60000
2.301170  3200 60000
2.298762  6400 60000
2.302861  9600 60000
2.299757 12800 60000
2.302535 16000 60000
2.303948 19200 60000
2.300923 22400 60000
2.302168 25600 60000
2.306643 28800 60000
2.304780 32000 60000
2.310387 35200 60000
2.298924 38400 60000
2.301768 41600 60000
2.298028 44800 60000
2.299020 48000 60000
2.302917 51200 60000
2.301392 54400 60000
2.301760 57600 60000
Epoch 6
-------------------------------
2.302513     0 60000
2.300640  3200 60000
2.305389  6400 60000
2.300878  9600 60000
2.300885 12800 60000
2.303579 16000 60000
2.303366 19200 60000
2.303799 22400 60000
2.302664 25600 60000
2.301866 28800 60000
2.303009 32000 60000
2.301611 35200 60000
2.304148 38400 60000
2.302933 41600 60000
2.304589 44800 60000
2.302713 48000 60000
2.303214 51200 60000
2.301201 54400 60000
2.302897 57600 60000
Epoch 7
-------------------------------
2.301861     0 60000
2.304705  3200 60000
2.304795  6400 60000
2.301311  9600 60000
2.300253 12800 60000
2.302093 16000 60000
2.301635 19200 60000
2.301351 22400 60000
2.300804 25600 60000
2.303464 28800 60000
2.297835 32000 60000
2.302510 35200 60000
2.302488 38400 60000
2.302808 41600 60000
2.301137 44800 60000
2.302784 48000 60000
2.304392 51200 60000
2.301822 54400 60000
2.303395 57600 60000
Epoch 8
-------------------------------
2.304103     0 60000
2.303820  3200 60000
2.303008  6400 60000
2.300110  9600 60000
2.302995 12800 60000
2.302471 16000 60000
2.301127 19200 60000
2.303762 22400 60000
2.304500 25600 60000
2.305319 28800 60000
2.303486 32000 60000
2.300885 35200 60000
2.303860 38400 60000
2.305312 41600 60000
2.303982 44800 60000
2.304548 48000 60000
2.301457 51200 60000
2.305473 54400 60000
2.300570 57600 60000
Epoch 9
-------------------------------
2.301449     0 60000
2.300796  3200 60000
2.301516  6400 60000
2.301513  9600 60000
2.301144 12800 60000
2.297112 16000 60000
2.300762 19200 60000
2.304021 22400 60000
2.303410 25600 60000
2.305698 28800 60000
2.300679 32000 60000
2.299565 35200 60000
2.301905 38400 60000
2.302921 41600 60000
2.305543 44800 60000
2.305282 48000 60000
2.298452 51200 60000
2.304627 54400 60000
2.302431 57600 60000
Epoch 10
-------------------------------
2.296940     0 60000
2.302616  3200 60000
2.305429  6400 60000
2.300654  9600 60000
2.301844 12800 60000
2.302871 16000 60000
2.304667 19200 60000
2.304380 22400 60000
2.299102 25600 60000
2.303434 28800 60000
2.302380 32000 60000
2.301817 35200 60000
2.303407 38400 60000
2.302669 41600 60000
2.303051 44800 60000
2.303527 48000 60000
2.305075 51200 60000
2.300057 54400 60000
2.302782 57600 60000
Epoch 11
-------------------------------
2.301375     0 60000
2.299439  3200 60000
2.299206  6400 60000
2.300510  9600 60000
2.301537 12800 60000
2.301232 16000 60000
2.300458 19200 60000
2.302414 22400 60000
2.302378 25600 60000
2.307244 28800 60000
2.303992 32000 60000
2.304524 35200 60000
2.303236 38400 60000
2.298774 41600 60000
2.304129 44800 60000
2.302152 48000 60000
2.303179 51200 60000
2.300982 54400 60000
2.303164 57600 60000
Epoch 12
-------------------------------
2.301621     0 60000
2.301740  3200 60000
2.302989  6400 60000
2.301929  9600 60000
2.301647 12800 60000
2.303923 16000 60000
2.303627 19200 60000
2.303041 22400 60000
2.303770 25600 60000
2.302723 28800 60000
2.304486 32000 60000
2.304229 35200 60000
2.299670 38400 60000
2.300514 41600 60000
2.303127 44800 60000
2.303712 48000 60000
2.302426 51200 60000
2.305096 54400 60000
2.301802 57600 60000
