Epoch 1
-------------------------------
2.308408     0 60000
2.295029  3200 60000
2.256791  6400 60000
2.281249  9600 60000
2.291307 12800 60000
2.299532 16000 60000
2.321240 19200 60000
2.360144 22400 60000
2.307152 25600 60000
2.322928 28800 60000
2.322510 32000 60000
2.349138 35200 60000
2.292925 38400 60000
2.264258 41600 60000
2.278900 44800 60000
2.234576 48000 60000
2.302582 51200 60000
2.296941 54400 60000
2.328077 57600 60000
Epoch 2
-------------------------------
2.317025     0 60000
2.339329  3200 60000
2.287067  6400 60000
2.318537  9600 60000
2.298052 12800 60000
2.353049 16000 60000
2.317230 19200 60000
2.315091 22400 60000
2.325111 25600 60000
2.277386 28800 60000
2.263034 32000 60000
2.370057 35200 60000
2.275996 38400 60000
2.302039 41600 60000
2.305711 44800 60000
2.276071 48000 60000
2.305441 51200 60000
2.290313 54400 60000
2.339339 57600 60000
Epoch 3
-------------------------------
2.332465     0 60000
2.308200  3200 60000
2.320862  6400 60000
2.296938  9600 60000
2.308864 12800 60000
2.302412 16000 60000
2.289599 19200 60000
2.314401 22400 60000
2.297569 25600 60000
2.347750 28800 60000
2.341716 32000 60000
2.293874 35200 60000
2.347018 38400 60000
2.313100 41600 60000
2.379296 44800 60000
2.321086 48000 60000
2.317036 51200 60000
2.323079 54400 60000
2.318466 57600 60000
Epoch 4
-------------------------------
2.347651     0 60000
2.328887  3200 60000
2.332271  6400 60000
2.319991  9600 60000
2.290922 12800 60000
2.320230 16000 60000
2.308560 19200 60000
2.362516 22400 60000
2.318203 25600 60000
2.280069 28800 60000
2.333281 32000 60000
2.289565 35200 60000
2.324475 38400 60000
2.332340 41600 60000
2.276204 44800 60000
2.415560 48000 60000
2.290162 51200 60000
2.287612 54400 60000
2.255797 57600 60000
Epoch 5
-------------------------------
2.294546     0 60000
2.303384  3200 60000
2.328940  6400 60000
2.319377  9600 60000
2.363853 12800 60000
2.331790 16000 60000
2.302394 19200 60000
2.317358 22400 60000
2.318249 25600 60000
2.350161 28800 60000
2.294262 32000 60000
2.328802 35200 60000
2.277177 38400 60000
2.314353 41600 60000
2.325622 44800 60000
2.287518 48000 60000
2.288952 51200 60000
2.318228 54400 60000
2.322301 57600 60000
Epoch 6
-------------------------------
2.303955     0 60000
2.364724  3200 60000
2.310750  6400 60000
2.298636  9600 60000
2.377251 12800 60000
2.345875 16000 60000
2.339566 19200 60000
2.249159 22400 60000
2.302288 25600 60000
2.299826 28800 60000
2.304169 32000 60000
2.379506 35200 60000
2.309694 38400 60000
2.294632 41600 60000
2.303009 44800 60000
2.283157 48000 60000
2.347708 51200 60000
2.297240 54400 60000
2.320272 57600 60000
Epoch 7
-------------------------------
2.323403     0 60000
2.259439  3200 60000
2.330219  6400 60000
2.335809  9600 60000
2.324797 12800 60000
2.338682 16000 60000
2.300965 19200 60000
2.345028 22400 60000
2.289539 25600 60000
2.301214 28800 60000
2.310617 32000 60000
2.200578 35200 60000
2.263868 38400 60000
2.270529 41600 60000
2.329058 44800 60000
2.315762 48000 60000
2.294150 51200 60000
2.313782 54400 60000
2.357875 57600 60000
Epoch 8
-------------------------------
2.287544     0 60000
2.326686  3200 60000
2.304018  6400 60000
2.369190  9600 60000
2.302203 12800 60000
2.275128 16000 60000
2.309089 19200 60000
2.354154 22400 60000
2.287312 25600 60000
2.262495 28800 60000
2.303094 32000 60000
2.307537 35200 60000
2.325812 38400 60000
2.316214 41600 60000
2.339605 44800 60000
2.302199 48000 60000
2.277959 51200 60000
2.288944 54400 60000
2.299532 57600 60000
Epoch 9
-------------------------------
2.328530     0 60000
2.319881  3200 60000
2.300513  6400 60000
2.311374  9600 60000
2.313096 12800 60000
2.296090 16000 60000
2.318114 19200 60000
2.305954 22400 60000
2.327209 25600 60000
2.377468 28800 60000
2.347527 32000 60000
2.305342 35200 60000
2.372095 38400 60000
2.271308 41600 60000
2.318388 44800 60000
2.320702 48000 60000
2.348485 51200 60000
2.314389 54400 60000
2.270891 57600 60000
Epoch 10
-------------------------------
2.304831     0 60000
2.292592  3200 60000
2.320654  6400 60000
2.316607  9600 60000
2.295384 12800 60000
2.286825 16000 60000
2.426786 19200 60000
2.304736 22400 60000
2.268018 25600 60000
2.334945 28800 60000
2.337546 32000 60000
2.335066 35200 60000
2.338797 38400 60000
2.329874 41600 60000
2.272016 44800 60000
2.262556 48000 60000
2.310736 51200 60000
2.292763 54400 60000
2.298519 57600 60000
Epoch 11
-------------------------------
2.312634     0 60000
2.326768  3200 60000
2.288804  6400 60000
2.300187  9600 60000
2.337182 12800 60000
2.308828 16000 60000
2.352901 19200 60000
2.306952 22400 60000
2.335611 25600 60000
2.346568 28800 60000
2.345721 32000 60000
2.321018 35200 60000
2.272562 38400 60000
2.320953 41600 60000
2.338220 44800 60000
2.306198 48000 60000
2.308451 51200 60000
2.291819 54400 60000
2.309171 57600 60000
Epoch 12
-------------------------------
2.310076     0 60000
2.294881  3200 60000
2.249002  6400 60000
2.376167  9600 60000
2.271096 12800 60000
2.295558 16000 60000
2.313632 19200 60000
2.292181 22400 60000
2.286458 25600 60000
2.328398 28800 60000
2.339566 32000 60000
2.348604 35200 60000
2.388012 38400 60000
2.355001 41600 60000
2.300287 44800 60000
2.345514 48000 60000
2.318798 51200 60000
2.295831 54400 60000
2.321146 57600 60000
