Epoch 1
-------------------------------
2.340352     0 60000
2.311341  3200 60000
2.308503  6400 60000
2.299534  9600 60000
2.311581 12800 60000
2.302293 16000 60000
2.311780 19200 60000
2.301360 22400 60000
2.297011 25600 60000
2.299329 28800 60000
2.312741 32000 60000
2.319500 35200 60000
2.306480 38400 60000
2.315371 41600 60000
2.287954 44800 60000
2.295606 48000 60000
2.312634 51200 60000
2.309783 54400 60000
2.296350 57600 60000
Epoch 2
-------------------------------
2.287598     0 60000
2.303823  3200 60000
2.306343  6400 60000
2.315359  9600 60000
2.306191 12800 60000
2.317661 16000 60000
2.310339 19200 60000
2.308840 22400 60000
2.302899 25600 60000
2.290258 28800 60000
2.304799 32000 60000
2.292222 35200 60000
2.291884 38400 60000
2.300777 41600 60000
2.307696 44800 60000
2.301646 48000 60000
2.298812 51200 60000
2.303818 54400 60000
2.300920 57600 60000
Epoch 3
-------------------------------
2.305734     0 60000
2.301798  3200 60000
2.312682  6400 60000
2.318802  9600 60000
2.306908 12800 60000
2.304084 16000 60000
2.305035 19200 60000
2.303714 22400 60000
2.303335 25600 60000
2.306211 28800 60000
2.298817 32000 60000
2.311632 35200 60000
2.311363 38400 60000
2.322625 41600 60000
2.302471 44800 60000
2.302094 48000 60000
2.296678 51200 60000
2.288572 54400 60000
2.313365 57600 60000
Epoch 4
-------------------------------
2.304668     0 60000
2.296375  3200 60000
2.303210  6400 60000
2.301701  9600 60000
2.307831 12800 60000
2.300997 16000 60000
2.294652 19200 60000
2.303068 22400 60000
2.313392 25600 60000
2.285635 28800 60000
2.311882 32000 60000
2.297295 35200 60000
2.313228 38400 60000
2.305733 41600 60000
2.299693 44800 60000
2.292030 48000 60000
2.304523 51200 60000
2.315597 54400 60000
2.295390 57600 60000
Epoch 5
-------------------------------
2.296797     0 60000
2.307454  3200 60000
2.308681  6400 60000
2.301884  9600 60000
2.302017 12800 60000
2.311677 16000 60000
2.300701 19200 60000
2.297244 22400 60000
2.300612 25600 60000
2.309290 28800 60000
2.305506 32000 60000
2.310088 35200 60000
2.306624 38400 60000
2.297092 41600 60000
2.306408 44800 60000
2.307296 48000 60000
2.296408 51200 60000
2.305135 54400 60000
2.299920 57600 60000
Epoch 6
-------------------------------
2.301242     0 60000
2.308003  3200 60000
2.294434  6400 60000
2.302339  9600 60000
2.306491 12800 60000
2.307120 16000 60000
2.293133 19200 60000
2.298809 22400 60000
2.297255 25600 60000
2.301700 28800 60000
2.294651 32000 60000
2.311013 35200 60000
2.292518 38400 60000
2.307155 41600 60000
2.303687 44800 60000
2.294517 48000 60000
2.286428 51200 60000
2.296027 54400 60000
2.301581 57600 60000
Epoch 7
-------------------------------
2.300948     0 60000
2.298764  3200 60000
2.303852  6400 60000
2.306634  9600 60000
2.285040 12800 60000
2.316148 16000 60000
2.314547 19200 60000
2.317205 22400 60000
2.307504 25600 60000
2.287007 28800 60000
2.292562 32000 60000
2.297437 35200 60000
2.309659 38400 60000
2.288568 41600 60000
2.311647 44800 60000
2.310256 48000 60000
2.306861 51200 60000
2.296228 54400 60000
2.295969 57600 60000
Epoch 8
-------------------------------
2.303424     0 60000
2.312890  3200 60000
2.313029  6400 60000
2.305173  9600 60000
2.284412 12800 60000
2.298890 16000 60000
2.306444 19200 60000
2.309804 22400 60000
2.330621 25600 60000
2.322314 28800 60000
2.303668 32000 60000
2.308183 35200 60000
2.322809 38400 60000
2.311593 41600 60000
2.299052 44800 60000
2.295076 48000 60000
2.296358 51200 60000
2.300957 54400 60000
2.279984 57600 60000
Epoch 9
-------------------------------
2.297390     0 60000
2.297139  3200 60000
2.306536  6400 60000
2.300861  9600 60000
2.325622 12800 60000
2.285267 16000 60000
2.311595 19200 60000
2.304018 22400 60000
2.286134 25600 60000
2.301111 28800 60000
2.313099 32000 60000
2.303763 35200 60000
2.305089 38400 60000
2.294386 41600 60000
2.302716 44800 60000
2.297319 48000 60000
2.299935 51200 60000
2.300981 54400 60000
2.314695 57600 60000
Epoch 10
-------------------------------
2.303108     0 60000
2.307610  3200 60000
2.306456  6400 60000
2.324878  9600 60000
2.301080 12800 60000
2.301639 16000 60000
2.310459 19200 60000
2.310823 22400 60000
2.310419 25600 60000
2.311456 28800 60000
2.299670 32000 60000
2.319402 35200 60000
2.301958 38400 60000
2.297106 41600 60000
2.296613 44800 60000
2.310707 48000 60000
2.300679 51200 60000
2.304365 54400 60000
2.303606 57600 60000
Epoch 11
-------------------------------
2.313636     0 60000
2.305252  3200 60000
2.316302  6400 60000
2.303547  9600 60000
2.311260 12800 60000
2.316606 16000 60000
2.294014 19200 60000
2.310840 22400 60000
2.317825 25600 60000
2.295204 28800 60000
2.293625 32000 60000
2.302073 35200 60000
2.301662 38400 60000
2.304340 41600 60000
2.296934 44800 60000
2.307890 48000 60000
2.298544 51200 60000
2.299117 54400 60000
2.301545 57600 60000
Epoch 12
-------------------------------
2.304303     0 60000
2.280113  3200 60000
2.312031  6400 60000
2.293654  9600 60000
2.310312 12800 60000
2.311593 16000 60000
2.307517 19200 60000
2.309893 22400 60000
2.299212 25600 60000
2.305916 28800 60000
2.304962 32000 60000
2.310018 35200 60000
2.303240 38400 60000
2.305293 41600 60000
2.306845 44800 60000
2.301860 48000 60000
2.313218 51200 60000
2.303087 54400 60000
2.304069 57600 60000
