Epoch 1
-------------------------------
2.343522     0 60000
2.296203  3200 60000
2.291709  6400 60000
2.298176  9600 60000
2.299045 12800 60000
2.312799 16000 60000
2.314681 19200 60000
2.291042 22400 60000
2.312868 25600 60000
2.300421 28800 60000
2.312511 32000 60000
2.300327 35200 60000
2.302876 38400 60000
2.316041 41600 60000
2.328433 44800 60000
2.315780 48000 60000
2.297523 51200 60000
2.292623 54400 60000
2.289976 57600 60000
Epoch 2
-------------------------------
2.309114     0 60000
2.301465  3200 60000
2.310210  6400 60000
2.305389  9600 60000
2.310576 12800 60000
2.317329 16000 60000
2.293295 19200 60000
2.308946 22400 60000
2.308115 25600 60000
2.295094 28800 60000
2.299936 32000 60000
2.311442 35200 60000
2.303633 38400 60000
2.312119 41600 60000
2.299703 44800 60000
2.301923 48000 60000
2.299150 51200 60000
2.314798 54400 60000
2.293572 57600 60000
Epoch 3
-------------------------------
2.307762     0 60000
2.290478  3200 60000
2.294961  6400 60000
2.302639  9600 60000
2.294099 12800 60000
2.306342 16000 60000
2.315745 19200 60000
2.303338 22400 60000
2.315830 25600 60000
2.302021 28800 60000
2.304586 32000 60000
2.292844 35200 60000
2.316874 38400 60000
2.300901 41600 60000
2.292296 44800 60000
2.313373 48000 60000
2.320846 51200 60000
2.314572 54400 60000
2.304799 57600 60000
Epoch 4
-------------------------------
2.290301     0 60000
2.295668  3200 60000
2.309149  6400 60000
2.318033  9600 60000
2.306984 12800 60000
2.309549 16000 60000
2.298889 19200 60000
2.304092 22400 60000
2.305376 25600 60000
2.314605 28800 60000
2.285030 32000 60000
2.290964 35200 60000
2.289811 38400 60000
2.300990 41600 60000
2.300118 44800 60000
2.314722 48000 60000
2.298915 51200 60000
2.291700 54400 60000
2.299060 57600 60000
Epoch 5
-------------------------------
2.292862     0 60000
2.299794  3200 60000
2.293351  6400 60000
2.306749  9600 60000
2.305183 12800 60000
2.307388 16000 60000
2.308009 19200 60000
2.303192 22400 60000
2.311458 25600 60000
2.316839 28800 60000
2.304832 32000 60000
2.302924 35200 60000
2.303279 38400 60000
2.299966 41600 60000
2.308709 44800 60000
2.287504 48000 60000
2.305546 51200 60000
2.308692 54400 60000
2.310411 57600 60000
Epoch 6
-------------------------------
2.309462     0 60000
2.307317  3200 60000
2.302600  6400 60000
2.301683  9600 60000
2.303020 12800 60000
2.304095 16000 60000
2.293439 19200 60000
2.303026 22400 60000
2.301591 25600 60000
2.287831 28800 60000
2.311728 32000 60000
2.279651 35200 60000
2.307769 38400 60000
2.313128 41600 60000
2.302895 44800 60000
2.302464 48000 60000
2.297516 51200 60000
2.304615 54400 60000
2.290765 57600 60000
Epoch 7
-------------------------------
2.306296     0 60000
2.300875  3200 60000
2.311445  6400 60000
2.297460  9600 60000
2.313012 12800 60000
2.287651 16000 60000
2.315341 19200 60000
2.295410 22400 60000
2.306039 25600 60000
2.311771 28800 60000
2.298956 32000 60000
2.298518 35200 60000
2.314169 38400 60000
2.298579 41600 60000
2.309677 44800 60000
2.309746 48000 60000
2.292795 51200 60000
2.297699 54400 60000
2.305267 57600 60000
Epoch 8
-------------------------------
2.302538     0 60000
2.298502  3200 60000
2.300138  6400 60000
2.306959  9600 60000
2.307925 12800 60000
2.318811 16000 60000
2.290526 19200 60000
2.299339 22400 60000
2.308426 25600 60000
2.313217 28800 60000
2.306592 32000 60000
2.307965 35200 60000
2.297138 38400 60000
2.321234 41600 60000
2.312642 44800 60000
2.299249 48000 60000
2.307064 51200 60000
2.308333 54400 60000
2.305857 57600 60000
Epoch 9
-------------------------------
2.301290     0 60000
2.303018  3200 60000
2.300671  6400 60000
2.288900  9600 60000
2.298523 12800 60000
2.309799 16000 60000
2.304689 19200 60000
2.301413 22400 60000
2.307150 25600 60000
2.310569 28800 60000
2.300602 32000 60000
2.296350 35200 60000
2.299676 38400 60000
2.306602 41600 60000
2.307354 44800 60000
2.296626 48000 60000
2.288708 51200 60000
2.308591 54400 60000
2.290078 57600 60000
Epoch 10
-------------------------------
2.304432     0 60000
2.318955  3200 60000
2.324573  6400 60000
2.305078  9600 60000
2.303452 12800 60000
2.311875 16000 60000
2.304986 19200 60000
2.301978 22400 60000
2.308700 25600 60000
2.305661 28800 60000
2.308195 32000 60000
2.288940 35200 60000
2.302443 38400 60000
2.301565 41600 60000
2.311792 44800 60000
2.301983 48000 60000
2.310991 51200 60000
2.301939 54400 60000
2.315833 57600 60000
Epoch 11
-------------------------------
2.298599     0 60000
2.307559  3200 60000
2.303879  6400 60000
2.303004  9600 60000
2.293657 12800 60000
2.301333 16000 60000
2.312484 19200 60000
2.310625 22400 60000
2.303236 25600 60000
2.287277 28800 60000
2.301957 32000 60000
2.294509 35200 60000
2.310918 38400 60000
2.305941 41600 60000
2.297992 44800 60000
2.299642 48000 60000
2.289631 51200 60000
2.297981 54400 60000
2.295300 57600 60000
Epoch 12
-------------------------------
2.302724     0 60000
2.311897  3200 60000
2.305519  6400 60000
2.309618  9600 60000
2.311736 12800 60000
2.305508 16000 60000
2.298325 19200 60000
2.302564 22400 60000
2.283418 25600 60000
2.308164 28800 60000
2.295074 32000 60000
2.309694 35200 60000
2.302620 38400 60000
2.291348 41600 60000
2.299476 44800 60000
2.308789 48000 60000
2.300700 51200 60000
2.296231 54400 60000
2.312309 57600 60000
