Epoch 1
-------------------------------
2.300651     0 60000
2.291307  3200 60000
2.279771  6400 60000
2.322560  9600 60000
2.267867 12800 60000
2.288990 16000 60000
2.293081 19200 60000
2.322689 22400 60000
2.340737 25600 60000
2.342429 28800 60000
2.325862 32000 60000
2.368192 35200 60000
2.391715 38400 60000
2.308446 41600 60000
2.274725 44800 60000
2.301919 48000 60000
2.393518 51200 60000
2.346297 54400 60000
2.307831 57600 60000
Epoch 2
-------------------------------
2.341387     0 60000
2.344102  3200 60000
2.315789  6400 60000
2.359353  9600 60000
2.339841 12800 60000
2.293411 16000 60000
2.296713 19200 60000
2.295690 22400 60000
2.308422 25600 60000
2.338477 28800 60000
2.256757 32000 60000
2.329614 35200 60000
2.300765 38400 60000
2.275427 41600 60000
2.294711 44800 60000
2.302691 48000 60000
2.286784 51200 60000
2.343889 54400 60000
2.335529 57600 60000
Epoch 3
-------------------------------
2.305241     0 60000
2.272007  3200 60000
2.346983  6400 60000
2.311473  9600 60000
2.309585 12800 60000
2.290043 16000 60000
2.341467 19200 60000
2.333268 22400 60000
2.328655 25600 60000
2.337732 28800 60000
2.352675 32000 60000
2.281064 35200 60000
2.314283 38400 60000
2.317617 41600 60000
2.261903 44800 60000
2.279190 48000 60000
2.266185 51200 60000
2.312866 54400 60000
2.309567 57600 60000
Epoch 4
-------------------------------
2.292819     0 60000
2.334499  3200 60000
2.296156  6400 60000
2.337123  9600 60000
2.290735 12800 60000
2.319701 16000 60000
2.276042 19200 60000
2.323104 22400 60000
2.305825 25600 60000
2.365814 28800 60000
2.316007 32000 60000
2.305787 35200 60000
2.313660 38400 60000
2.260969 41600 60000
2.332286 44800 60000
2.219031 48000 60000
2.306185 51200 60000
2.297337 54400 60000
2.319996 57600 60000
Epoch 5
-------------------------------
2.333741     0 60000
2.335187  3200 60000
2.304743  6400 60000
2.329072  9600 60000
2.363290 12800 60000
2.276351 16000 60000
2.306264 19200 60000
2.312722 22400 60000
2.314352 25600 60000
2.370571 28800 60000
2.386619 32000 60000
2.326444 35200 60000
2.319921 38400 60000
2.277886 41600 60000
2.284181 44800 60000
2.290807 48000 60000
2.349932 51200 60000
2.266909 54400 60000
2.290204 57600 60000
Epoch 6
-------------------------------
2.303199     0 60000
2.320397  3200 60000
2.372096  6400 60000
2.319199  9600 60000
2.363706 12800 60000
2.328415 16000 60000
2.316228 19200 60000
2.281335 22400 60000
2.307977 25600 60000
2.315394 28800 60000
2.294935 32000 60000
2.327072 35200 60000
2.313447 38400 60000
2.366837 41600 60000
2.294159 44800 60000
2.359301 48000 60000
2.348812 51200 60000
2.324869 54400 60000
2.309081 57600 60000
Epoch 7
-------------------------------
2.353318     0 60000
2.325595  3200 60000
2.290390  6400 60000
2.277746  9600 60000
2.321882 12800 60000
2.329883 16000 60000
2.308302 19200 60000
2.356778 22400 60000
2.292995 25600 60000
2.315928 28800 60000
2.298702 32000 60000
2.293410 35200 60000
2.325540 38400 60000
2.323207 41600 60000
2.255494 44800 60000
2.344410 48000 60000
2.281858 51200 60000
2.293134 54400 60000
2.295687 57600 60000
Epoch 8
-------------------------------
2.317538     0 60000
2.286556  3200 60000
2.293080  6400 60000
2.355812  9600 60000
2.360621 12800 60000
2.338143 16000 60000
2.336489 19200 60000
2.305029 22400 60000
2.329857 25600 60000
2.372162 28800 60000
2.326129 32000 60000
2.321627 35200 60000
2.329376 38400 60000
2.368752 41600 60000
2.369149 44800 60000
2.318142 48000 60000
2.263326 51200 60000
2.318465 54400 60000
2.306499 57600 60000
Epoch 9
-------------------------------
2.374491     0 60000
2.313351  3200 60000
2.324137  6400 60000
2.300629  9600 60000
2.266152 12800 60000
2.346780 16000 60000
2.316772 19200 60000
2.302358 22400 60000
2.339583 25600 60000
2.335126 28800 60000
2.365064 32000 60000
2.293275 35200 60000
2.321563 38400 60000
2.317489 41600 60000
2.290738 44800 60000
2.287655 48000 60000
2.278164 51200 60000
2.319036 54400 60000
2.354445 57600 60000
Epoch 10
-------------------------------
2.324961     0 60000
2.338803  3200 60000
2.346628  6400 60000
2.304684  9600 60000
2.351311 12800 60000
2.292423 16000 60000
2.327374 19200 60000
2.261930 22400 60000
2.307448 25600 60000
2.306403 28800 60000
2.348026 32000 60000
2.382210 35200 60000
2.302013 38400 60000
2.320174 41600 60000
2.294941 44800 60000
2.324652 48000 60000
2.362785 51200 60000
2.316628 54400 60000
2.258804 57600 60000
Epoch 11
-------------------------------
2.319076     0 60000
2.284967  3200 60000
2.319694  6400 60000
2.298162  9600 60000
2.319995 12800 60000
2.305822 16000 60000
2.331726 19200 60000
2.374557 22400 60000
2.316582 25600 60000
2.289779 28800 60000
2.276732 32000 60000
2.327189 35200 60000
2.305298 38400 60000
2.296590 41600 60000
2.320942 44800 60000
2.313272 48000 60000
2.331553 51200 60000
2.309375 54400 60000
2.302867 57600 60000
Epoch 12
-------------------------------
2.299139     0 60000
2.334539  3200 60000
2.339342  6400 60000
2.333251  9600 60000
2.335780 12800 60000
2.333736 16000 60000
2.272522 19200 60000
2.274925 22400 60000
2.322536 25600 60000
2.314199 28800 60000
2.309298 32000 60000
2.323073 35200 60000
2.315503 38400 60000
2.311370 41600 60000
2.319206 44800 60000
2.321446 48000 60000
2.271993 51200 60000
2.309796 54400 60000
2.352041 57600 60000
