Epoch 1
-------------------------------
2.299899     0 60000
2.328917  3200 60000
2.284503  6400 60000
2.338506  9600 60000
2.301791 12800 60000
2.330380 16000 60000
2.300697 19200 60000
2.332121 22400 60000
2.305352 25600 60000
2.326716 28800 60000
2.338658 32000 60000
2.287892 35200 60000
2.334943 38400 60000
2.307534 41600 60000
2.324269 44800 60000
2.267313 48000 60000
2.288507 51200 60000
2.290498 54400 60000
2.388858 57600 60000
Epoch 2
-------------------------------
2.312411     0 60000
2.340228  3200 60000
2.378376  6400 60000
2.336236  9600 60000
2.322357 12800 60000
2.320060 16000 60000
2.309315 19200 60000
2.300780 22400 60000
2.347057 25600 60000
2.335658 28800 60000
2.297107 32000 60000
2.281904 35200 60000
2.431170 38400 60000
2.300912 41600 60000
2.279263 44800 60000
2.300798 48000 60000
2.328762 51200 60000
2.269605 54400 60000
2.321820 57600 60000
Epoch 3
-------------------------------
2.280160     0 60000
2.295383  3200 60000
2.319353  6400 60000
2.319795  9600 60000
2.364487 12800 60000
2.310998 16000 60000
2.310350 19200 60000
2.289714 22400 60000
2.350132 25600 60000
2.310718 28800 60000
2.326087 32000 60000
2.340492 35200 60000
2.319849 38400 60000
2.315464 41600 60000
2.378211 44800 60000
2.303212 48000 60000
2.312923 51200 60000
2.280858 54400 60000
2.342710 57600 60000
Epoch 4
-------------------------------
2.268900     0 60000
2.292318  3200 60000
2.316672  6400 60000
2.349577  9600 60000
2.309175 12800 60000
2.312493 16000 60000
2.305196 19200 60000
2.363980 22400 60000
2.306636 25600 60000
2.320257 28800 60000
2.369239 32000 60000
2.310556 35200 60000
2.308205 38400 60000
2.297779 41600 60000
2.333829 44800 60000
2.250452 48000 60000
2.318662 51200 60000
2.319025 54400 60000
2.298429 57600 60000
Epoch 5
-------------------------------
2.311060     0 60000
2.312316  3200 60000
2.329433  6400 60000
2.335258  9600 60000
2.353224 12800 60000
2.310068 16000 60000
2.330595 19200 60000
2.318660 22400 60000
2.364573 25600 60000
2.267521 28800 60000
2.298769 32000 60000
2.332906 35200 60000
2.255552 38400 60000
2.326587 41600 60000
2.314436 44800 60000
2.336263 48000 60000
2.352710 51200 60000
2.290753 54400 60000
2.278712 57600 60000
Epoch 6
-------------------------------
2.265694     0 60000
2.312998  3200 60000
2.320455  6400 60000
2.327963  9600 60000
2.349198 12800 60000
2.312871 16000 60000
2.358340 19200 60000
2.287419 22400 60000
2.314219 25600 60000
2.270881 28800 60000
2.322955 32000 60000
2.323108 35200 60000
2.314605 38400 60000
2.290019 41600 60000
2.339655 44800 60000
2.270820 48000 60000
2.298623 51200 60000
2.311253 54400 60000
2.277313 57600 60000
Epoch 7
-------------------------------
2.340084     0 60000
2.311017  3200 60000
2.284739  6400 60000
2.329073  9600 60000
2.278483 12800 60000
2.302566 16000 60000
2.346179 19200 60000
2.324420 22400 60000
2.311658 25600 60000
2.322073 28800 60000
2.326837 32000 60000
2.307918 35200 60000
2.358849 38400 60000
2.303102 41600 60000
2.297368 44800 60000
2.306757 48000 60000
2.302703 51200 60000
2.362135 54400 60000
2.347972 57600 60000
Epoch 8
-------------------------------
2.317557     0 60000
2.274242  3200 60000
2.288953  6400 60000
2.310098  9600 60000
2.324225 12800 60000
2.281918 16000 60000
2.333204 19200 60000
2.304172 22400 60000
2.328143 25600 60000
2.318942 28800 60000
2.319185 32000 60000
2.297926 35200 60000
2.316625 38400 60000
2.331594 41600 60000
2.305421 44800 60000
2.299107 48000 60000
2.284428 51200 60000
2.272135 54400 60000
2.280815 57600 60000
Epoch 9
-------------------------------
2.273397     0 60000
2.300037  3200 60000
2.284048  6400 60000
2.305924  9600 60000
2.357743 12800 60000
2.382331 16000 60000
2.362277 19200 60000
2.251348 22400 60000
2.301762 25600 60000
2.348214 28800 60000
2.322652 32000 60000
2.264371 35200 60000
2.317801 38400 60000
2.364689 41600 60000
2.338987 44800 60000
2.292964 48000 60000
2.304466 51200 60000
2.334489 54400 60000
2.319022 57600 60000
Epoch 10
-------------------------------
2.328603     0 60000
2.286636  3200 60000
2.316103  6400 60000
2.275064  9600 60000
2.319471 12800 60000
2.331087 16000 60000
2.327321 19200 60000
2.325246 22400 60000
2.328570 25600 60000
2.310097 28800 60000
2.309307 32000 60000
2.323290 35200 60000
2.287375 38400 60000
2.300076 41600 60000
2.335776 44800 60000
2.305275 48000 60000
2.319577 51200 60000
2.353659 54400 60000
2.302882 57600 60000
Epoch 11
-------------------------------
2.311062     0 60000
2.288676  3200 60000
2.352579  6400 60000
2.329595  9600 60000
2.297314 12800 60000
2.291538 16000 60000
2.329239 19200 60000
2.303211 22400 60000
2.303188 25600 60000
2.288520 28800 60000
2.393649 32000 60000
2.319146 35200 60000
2.321702 38400 60000
2.305077 41600 60000
2.294998 44800 60000
2.342339 48000 60000
2.302825 51200 60000
2.327772 54400 60000
2.331097 57600 60000
Epoch 12
-------------------------------
2.342336     0 60000
2.351172  3200 60000
2.301417  6400 60000
2.325412  9600 60000
2.296453 12800 60000
2.374187 16000 60000
2.318261 19200 60000
2.305984 22400 60000
2.321839 25600 60000
2.318586 28800 60000
2.289344 32000 60000
2.321816 35200 60000
2.332774 38400 60000
2.305569 41600 60000
2.278798 44800 60000
2.317687 48000 60000
2.315807 51200 60000
2.306400 54400 60000
2.301471 57600 60000
