Epoch 1
-------------------------------
2.300600     0 60000
2.298823  3200 60000
2.295703  6400 60000
2.305652  9600 60000
2.306295 12800 60000
2.306418 16000 60000
2.305295 19200 60000
2.302611 22400 60000
2.302554 25600 60000
2.300694 28800 60000
2.300225 32000 60000
2.303236 35200 60000
2.304723 38400 60000
2.305772 41600 60000
2.306335 44800 60000
2.304534 48000 60000
2.301663 51200 60000
2.302988 54400 60000
2.301790 57600 60000
Epoch 2
-------------------------------
2.302889     0 60000
2.303523  3200 60000
2.303249  6400 60000
2.303763  9600 60000
2.300210 12800 60000
2.302935 16000 60000
2.304000 19200 60000
2.300765 22400 60000
2.302270 25600 60000
2.299683 28800 60000
2.305496 32000 60000
2.306561 35200 60000
2.303598 38400 60000
2.302672 41600 60000
2.304575 44800 60000
2.303965 48000 60000
2.301227 51200 60000
2.303656 54400 60000
2.302267 57600 60000
Epoch 3
-------------------------------
2.299513     0 60000
2.302791  3200 60000
2.303260  6400 60000
2.299717  9600 60000
2.306849 12800 60000
2.301127 16000 60000
2.305781 19200 60000
2.302520 22400 60000
2.303829 25600 60000
2.303232 28800 60000
2.304250 32000 60000
2.300588 35200 60000
2.299695 38400 60000
2.303046 41600 60000
2.304255 44800 60000
2.305666 48000 60000
2.303725 51200 60000
2.299642 54400 60000
2.303468 57600 60000
Epoch 4
-------------------------------
2.304730     0 60000
2.303562  3200 60000
2.304989  6400 60000
2.299528  9600 60000
2.301031 12800 60000
2.298729 16000 60000
2.300865 19200 60000
2.304653 22400 60000
2.300844 25600 60000
2.301278 28800 60000
2.300843 32000 60000
2.308555 35200 60000
2.303176 38400 60000
2.304251 41600 60000
2.305774 44800 60000
2.302863 48000 60000
2.302335 51200 60000
2.306103 54400 60000
2.302372 57600 60000
Epoch 5
-------------------------------
2.299442     0 60000
2.301261  3200 60000
2.301236  6400 60000
2.304900  9600 60000
2.305289 12800 60000
2.304927 16000 60000
2.302675 19200 60000
2.301603 22400 60000
2.304437 25600 60000
2.301730 28800 60000
2.305207 32000 60000
2.302765 35200 60000
2.301406 38400 60000
2.301628 41600 60000
2.296649 44800 60000
2.303086 48000 60000
2.303245 51200 60000
2.304085 54400 60000
2.301564 57600 60000
Epoch 6
-------------------------------
2.306450     0 60000
2.304927  3200 60000
2.304107  6400 60000
2.300155  9600 60000
2.304722 12800 60000
2.301632 16000 60000
2.303766 19200 60000
2.306791 22400 60000
2.295943 25600 60000
2.306056 28800 60000
2.301881 32000 60000
2.299114 35200 60000
2.306046 38400 60000
2.298712 41600 60000
2.302886 44800 60000
2.302781 48000 60000
2.299000 51200 60000
2.300472 54400 60000
2.302709 57600 60000
Epoch 7
-------------------------------
2.302351     0 60000
2.304977  3200 60000
2.300477  6400 60000
2.301405  9600 60000
2.301884 12800 60000
2.301739 16000 60000
2.302576 19200 60000
2.302802 22400 60000
2.307169 25600 60000
2.303309 28800 60000
2.300459 32000 60000
2.302931 35200 60000
2.305799 38400 60000
2.304879 41600 60000
2.302859 44800 60000
2.304766 48000 60000
2.303340 51200 60000
2.303516 54400 60000
2.303062 57600 60000
Epoch 8
-------------------------------
2.303144     0 60000
2.301791  3200 60000
2.300153  6400 60000
2.299263  9600 60000
2.306118 12800 60000
2.304272 16000 60000
2.304907 19200 60000
2.301138 22400 60000
2.303649 25600 60000
2.303576 28800 60000
2.304593 32000 60000
2.301488 35200 60000
2.301467 38400 60000
2.303265 41600 60000
2.302238 44800 60000
2.302415 48000 60000
2.301688 51200 60000
2.305336 54400 60000
2.302917 57600 60000
Epoch 9
-------------------------------
2.306045     0 60000
2.302381  3200 60000
2.302035  6400 60000
2.306692  9600 60000
2.300474 12800 60000
2.302188 16000 60000
2.304263 19200 60000
2.304026 22400 60000
2.303222 25600 60000
2.301490 28800 60000
2.301530 32000 60000
2.301975 35200 60000
2.303437 38400 60000
2.304896 41600 60000
2.303731 44800 60000
2.302592 48000 60000
2.301719 51200 60000
2.302948 54400 60000
2.303216 57600 60000
Epoch 10
-------------------------------
2.303986     0 60000
2.302381  3200 60000
2.303993  6400 60000
2.302077  9600 60000
2.299311 12800 60000
2.309032 16000 60000
2.302727 19200 60000
2.304898 22400 60000
2.303876 25600 60000
2.304250 28800 60000
2.302562 32000 60000
2.298799 35200 60000
2.302987 38400 60000
2.300375 41600 60000
2.304848 44800 60000
2.299925 48000 60000
2.304706 51200 60000
2.302828 54400 60000
2.304424 57600 60000
Epoch 11
-------------------------------
2.303913     0 60000
2.305715  3200 60000
2.303488  6400 60000
2.304804  9600 60000
2.303244 12800 60000
2.301735 16000 60000
2.299994 19200 60000
2.302112 22400 60000
2.305314 25600 60000
2.301552 28800 60000
2.301624 32000 60000
2.301271 35200 60000
2.303379 38400 60000
2.300866 41600 60000
2.303979 44800 60000
2.302087 48000 60000
2.301356 51200 60000
2.302651 54400 60000
2.301857 57600 60000
Epoch 12
-------------------------------
2.303374     0 60000
2.303036  3200 60000
2.303471  6400 60000
2.310192  9600 60000
2.302177 12800 60000
2.302358 16000 60000
2.303860 19200 60000
2.302661 22400 60000
2.303250 25600 60000
2.302913 28800 60000
2.305906 32000 60000
2.307324 35200 60000
2.306210 38400 60000
2.304171 41600 60000
2.302766 44800 60000
2.307406 48000 60000
2.303863 51200 60000
2.299386 54400 60000
2.305161 57600 60000
