Epoch 1
-------------------------------
2.283771     0 60000
2.304793  3200 60000
2.316678  6400 60000
2.298230  9600 60000
2.305271 12800 60000
2.307798 16000 60000
2.307786 19200 60000
2.299844 22400 60000
2.310007 25600 60000
2.305876 28800 60000
2.306585 32000 60000
2.310589 35200 60000
2.306319 38400 60000
2.306025 41600 60000
2.301452 44800 60000
2.299560 48000 60000
2.322556 51200 60000
2.302007 54400 60000
2.311910 57600 60000
Epoch 2
-------------------------------
2.307151     0 60000
2.286896  3200 60000
2.292508  6400 60000
2.291368  9600 60000
2.302149 12800 60000
2.297396 16000 60000
2.319447 19200 60000
2.294449 22400 60000
2.307474 25600 60000
2.314141 28800 60000
2.311210 32000 60000
2.294191 35200 60000
2.303072 38400 60000
2.297867 41600 60000
2.306026 44800 60000
2.311439 48000 60000
2.328779 51200 60000
2.299233 54400 60000
2.297728 57600 60000
Epoch 3
-------------------------------
2.304638     0 60000
2.302947  3200 60000
2.315384  6400 60000
2.318979  9600 60000
2.282232 12800 60000
2.285436 16000 60000
2.305399 19200 60000
2.302331 22400 60000
2.321340 25600 60000
2.307084 28800 60000
2.309040 32000 60000
2.304549 35200 60000
2.298868 38400 60000
2.306623 41600 60000
2.303794 44800 60000
2.297698 48000 60000
2.294324 51200 60000
2.299630 54400 60000
2.301690 57600 60000
Epoch 4
-------------------------------
2.312756     0 60000
2.302920  3200 60000
2.299608  6400 60000
2.302053  9600 60000
2.310889 12800 60000
2.306270 16000 60000
2.293731 19200 60000
2.299558 22400 60000
2.300630 25600 60000
2.304215 28800 60000
2.301249 32000 60000
2.299162 35200 60000
2.301739 38400 60000
2.300566 41600 60000
2.306159 44800 60000
2.297144 48000 60000
2.296139 51200 60000
2.301878 54400 60000
2.306993 57600 60000
Epoch 5
-------------------------------
2.310503     0 60000
2.313760  3200 60000
2.308082  6400 60000
2.304274  9600 60000
2.292359 12800 60000
2.314377 16000 60000
2.303227 19200 60000
2.308962 22400 60000
2.316474 25600 60000
2.310488 28800 60000
2.313800 32000 60000
2.302705 35200 60000
2.314990 38400 60000
2.302231 41600 60000
2.304041 44800 60000
2.305131 48000 60000
2.299805 51200 60000
2.296971 54400 60000
2.302275 57600 60000
Epoch 6
-------------------------------
2.317149     0 60000
2.305811  3200 60000
2.292322  6400 60000
2.303221  9600 60000
2.301486 12800 60000
2.300672 16000 60000
2.307208 19200 60000
2.300819 22400 60000
2.294716 25600 60000
2.290317 28800 60000
2.303043 32000 60000
2.304654 35200 60000
2.306509 38400 60000
2.305771 41600 60000
2.300200 44800 60000
2.304015 48000 60000
2.308902 51200 60000
2.305267 54400 60000
2.299864 57600 60000
Epoch 7
-------------------------------
2.317896     0 60000
2.299762  3200 60000
2.301585  6400 60000
2.308358  9600 60000
2.310050 12800 60000
2.313936 16000 60000
2.304111 19200 60000
2.292675 22400 60000
2.297576 25600 60000
2.296453 28800 60000
2.304477 32000 60000
2.311727 35200 60000
2.303060 38400 60000
2.292313 41600 60000
2.303913 44800 60000
2.303312 48000 60000
2.272799 51200 60000
2.306180 54400 60000
2.318396 57600 60000
Epoch 8
-------------------------------
2.301957     0 60000
2.314247  3200 60000
2.303304  6400 60000
2.291109  9600 60000
2.300485 12800 60000
2.294456 16000 60000
2.301022 19200 60000
2.302019 22400 60000
2.301344 25600 60000
2.277690 28800 60000
2.292089 32000 60000
2.302887 35200 60000
2.315595 38400 60000
2.316459 41600 60000
2.304415 44800 60000
2.301171 48000 60000
2.309388 51200 60000
2.308680 54400 60000
2.303845 57600 60000
Epoch 9
-------------------------------
2.307829     0 60000
2.303688  3200 60000
2.294024  6400 60000
2.312228  9600 60000
2.323972 12800 60000
2.312418 16000 60000
2.318415 19200 60000
2.297608 22400 60000
2.301218 25600 60000
2.299729 28800 60000
2.305495 32000 60000
2.315090 35200 60000
2.303429 38400 60000
2.313749 41600 60000
2.291397 44800 60000
2.305995 48000 60000
2.294331 51200 60000
2.304301 54400 60000
2.304766 57600 60000
Epoch 10
-------------------------------
2.301707     0 60000
2.303539  3200 60000
2.302699  6400 60000
2.302588  9600 60000
2.307584 12800 60000
2.302127 16000 60000
2.306313 19200 60000
2.288850 22400 60000
2.315565 25600 60000
2.308465 28800 60000
2.312186 32000 60000
2.300408 35200 60000
2.304401 38400 60000
2.316226 41600 60000
2.304532 44800 60000
2.316954 48000 60000
2.300961 51200 60000
2.299560 54400 60000
2.308033 57600 60000
Epoch 11
-------------------------------
2.294209     0 60000
2.305065  3200 60000
2.316439  6400 60000
2.307648  9600 60000
2.310792 12800 60000
2.302466 16000 60000
2.311933 19200 60000
2.307571 22400 60000
2.294801 25600 60000
2.299197 28800 60000
2.308675 32000 60000
2.308414 35200 60000
2.310563 38400 60000
2.300658 41600 60000
2.297165 44800 60000
2.305626 48000 60000
2.300664 51200 60000
2.300497 54400 60000
2.309337 57600 60000
Epoch 12
-------------------------------
2.299268     0 60000
2.308873  3200 60000
2.300150  6400 60000
2.303230  9600 60000
2.295247 12800 60000
2.306966 16000 60000
2.305782 19200 60000
2.300181 22400 60000
2.303178 25600 60000
2.314355 28800 60000
2.304719 32000 60000
2.300981 35200 60000
2.308042 38400 60000
2.309863 41600 60000
2.314849 44800 60000
2.289544 48000 60000
2.309805 51200 60000
2.302001 54400 60000
2.304173 57600 60000
