Epoch 1
-------------------------------
2.301426     0 60000
2.301347  3200 60000
2.290215  6400 60000
2.304946  9600 60000
2.295545 12800 60000
2.298633 16000 60000
2.301497 19200 60000
2.301347 22400 60000
2.302494 25600 60000
2.301062 28800 60000
2.302126 32000 60000
2.302209 35200 60000
2.305727 38400 60000
2.300922 41600 60000
2.303017 44800 60000
2.304799 48000 60000
2.303707 51200 60000
2.303183 54400 60000
2.303919 57600 60000
Epoch 2
-------------------------------
2.302337     0 60000
2.300779  3200 60000
2.302714  6400 60000
2.303096  9600 60000
2.302680 12800 60000
2.307452 16000 60000
2.301853 19200 60000
2.304532 22400 60000
2.302067 25600 60000
2.305124 28800 60000
2.301588 32000 60000
2.304011 35200 60000
2.302309 38400 60000
2.302667 41600 60000
2.305275 44800 60000
2.302224 48000 60000
2.299264 51200 60000
2.302797 54400 60000
2.300780 57600 60000
Epoch 3
-------------------------------
2.301767     0 60000
2.301355  3200 60000
2.305123  6400 60000
2.304250  9600 60000
2.299393 12800 60000
2.305078 16000 60000
2.305161 19200 60000
2.301994 22400 60000
2.304869 25600 60000
2.301233 28800 60000
2.301822 32000 60000
2.304741 35200 60000
2.299412 38400 60000
2.303470 41600 60000
2.300740 44800 60000
2.302629 48000 60000
2.304830 51200 60000
2.304298 54400 60000
2.306187 57600 60000
Epoch 4
-------------------------------
2.303669     0 60000
2.302506  3200 60000
2.301835  6400 60000
2.300538  9600 60000
2.302025 12800 60000
2.301356 16000 60000
2.305201 19200 60000
2.302896 22400 60000
2.304478 25600 60000
2.301635 28800 60000
2.305464 32000 60000
2.298014 35200 60000
2.300902 38400 60000
2.307391 41600 60000
2.307644 44800 60000
2.303233 48000 60000
2.303962 51200 60000
2.306293 54400 60000
2.300501 57600 60000
Epoch 5
-------------------------------
2.302060     0 60000
2.305279  3200 60000
2.296859  6400 60000
2.302440  9600 60000
2.304460 12800 60000
2.305799 16000 60000
2.304945 19200 60000
2.302977 22400 60000
2.303814 25600 60000
2.301722 28800 60000
2.305874 32000 60000
2.302298 35200 60000
2.302845 38400 60000
2.303738 41600 60000
2.301828 44800 60000
2.303819 48000 60000
2.300964 51200 60000
2.305304 54400 60000
2.301768 57600 60000
Epoch 6
-------------------------------
2.302235     0 60000
2.304338  3200 60000
2.299628  6400 60000
2.308220  9600 60000
2.302710 12800 60000
2.304655 16000 60000
2.300617 19200 60000
2.299746 22400 60000
2.303261 25600 60000
2.300356 28800 60000
2.305201 32000 60000
2.301677 35200 60000
2.302074 38400 60000
2.303617 41600 60000
2.306791 44800 60000
2.303754 48000 60000
2.301721 51200 60000
2.301622 54400 60000
2.303216 57600 60000
Epoch 7
-------------------------------
2.307493     0 60000
2.303026  3200 60000
2.302684  6400 60000
2.300096  9600 60000
2.302882 12800 60000
2.301781 16000 60000
2.300236 19200 60000
2.307050 22400 60000
2.302746 25600 60000
2.300518 28800 60000
2.300148 32000 60000
2.305691 35200 60000
2.300623 38400 60000
2.300122 41600 60000
2.308088 44800 60000
2.303050 48000 60000
2.301320 51200 60000
2.303439 54400 60000
2.303970 57600 60000
Epoch 8
-------------------------------
2.305153     0 60000
2.302850  3200 60000
2.303313  6400 60000
2.300192  9600 60000
2.300466 12800 60000
2.301784 16000 60000
2.299922 19200 60000
2.306938 22400 60000
2.300692 25600 60000
2.300730 28800 60000
2.300834 32000 60000
2.303211 35200 60000
2.302378 38400 60000
2.303474 41600 60000
2.299987 44800 60000
2.303239 48000 60000
2.305880 51200 60000
2.302928 54400 60000
2.305837 57600 60000
Epoch 9
-------------------------------
2.300585     0 60000
2.304240  3200 60000
2.304752  6400 60000
2.305102  9600 60000
2.299179 12800 60000
2.304183 16000 60000
2.300991 19200 60000
2.304554 22400 60000
2.302911 25600 60000
2.303658 28800 60000
2.304570 32000 60000
2.300890 35200 60000
2.298876 38400 60000
2.299513 41600 60000
2.302405 44800 60000
2.301708 48000 60000
2.307214 51200 60000
2.298349 54400 60000
2.301450 57600 60000
Epoch 10
-------------------------------
2.300769     0 60000
2.303808  3200 60000
2.301253  6400 60000
2.300462  9600 60000
2.304271 12800 60000
2.303402 16000 60000
2.303253 19200 60000
2.297966 22400 60000
2.301086 25600 60000
2.300748 28800 60000
2.298860 32000 60000
2.302747 35200 60000
2.304868 38400 60000
2.304013 41600 60000
2.300391 44800 60000
2.305004 48000 60000
2.300931 51200 60000
2.303937 54400 60000
2.302404 57600 60000
Epoch 11
-------------------------------
2.301255     0 60000
2.303690  3200 60000
2.301953  6400 60000
2.303344  9600 60000
2.303196 12800 60000
2.303472 16000 60000
2.301238 19200 60000
2.303734 22400 60000
2.300116 25600 60000
2.300012 28800 60000
2.305532 32000 60000
2.301145 35200 60000
2.301995 38400 60000
2.303207 41600 60000
2.307461 44800 60000
2.302438 48000 60000
2.299187 51200 60000
2.306025 54400 60000
2.302472 57600 60000
Epoch 12
-------------------------------
2.301788     0 60000
2.305288  3200 60000
2.302266  6400 60000
2.304767  9600 60000
2.303423 12800 60000
2.303202 16000 60000
2.303933 19200 60000
2.301950 22400 60000
2.302937 25600 60000
2.301604 28800 60000
2.306998 32000 60000
2.299116 35200 60000
2.302184 38400 60000
2.301508 41600 60000
2.302122 44800 60000
2.304983 48000 60000
2.303862 51200 60000
2.304394 54400 60000
2.304400 57600 60000
