Epoch 1
-------------------------------
2.299900     0 60000
2.306296  3200 60000
2.301887  6400 60000
2.294442  9600 60000
2.300338 12800 60000
2.309336 16000 60000
2.300485 19200 60000
2.300842 22400 60000
2.302644 25600 60000
2.305487 28800 60000
2.301880 32000 60000
2.303957 35200 60000
2.304278 38400 60000
2.302412 41600 60000
2.304641 44800 60000
2.302493 48000 60000
2.303211 51200 60000
2.303834 54400 60000
2.304487 57600 60000
Epoch 2
-------------------------------
2.300224     0 60000
2.304829  3200 60000
2.305072  6400 60000
2.300060  9600 60000
2.301286 12800 60000
2.304947 16000 60000
2.305551 19200 60000
2.304139 22400 60000
2.303136 25600 60000
2.304261 28800 60000
2.302781 32000 60000
2.301876 35200 60000
2.302626 38400 60000
2.303537 41600 60000
2.301342 44800 60000
2.301926 48000 60000
2.303068 51200 60000
2.300679 54400 60000
2.302879 57600 60000
Epoch 3
-------------------------------
2.302853     0 60000
2.303562  3200 60000
2.301181  6400 60000
2.301682  9600 60000
2.301729 12800 60000
2.299026 16000 60000
2.303176 19200 60000
2.303777 22400 60000
2.298364 25600 60000
2.301462 28800 60000
2.306912 32000 60000
2.304060 35200 60000
2.302757 38400 60000
2.298698 41600 60000
2.302164 44800 60000
2.303588 48000 60000
2.302885 51200 60000
2.300514 54400 60000
2.302710 57600 60000
Epoch 4
-------------------------------
2.304337     0 60000
2.305113  3200 60000
2.300782  6400 60000
2.300994  9600 60000
2.302463 12800 60000
2.299327 16000 60000
2.303920 19200 60000
2.306610 22400 60000
2.302105 25600 60000
2.300625 28800 60000
2.308338 32000 60000
2.301447 35200 60000
2.301173 38400 60000
2.303928 41600 60000
2.307167 44800 60000
2.300978 48000 60000
2.305178 51200 60000
2.300711 54400 60000
2.306163 57600 60000
Epoch 5
-------------------------------
2.303600     0 60000
2.302687  3200 60000
2.301313  6400 60000
2.306419  9600 60000
2.302637 12800 60000
2.305511 16000 60000
2.301480 19200 60000
2.299293 22400 60000
2.303270 25600 60000
2.301481 28800 60000
2.303290 32000 60000
2.305196 35200 60000
2.298585 38400 60000
2.300837 41600 60000
2.302001 44800 60000
2.302949 48000 60000
2.304261 51200 60000
2.303384 54400 60000
2.303773 57600 60000
Epoch 6
-------------------------------
2.300532     0 60000
2.303694  3200 60000
2.306346  6400 60000
2.303166  9600 60000
2.301371 12800 60000
2.300584 16000 60000
2.300253 19200 60000
2.301413 22400 60000
2.303449 25600 60000
2.304428 28800 60000
2.305819 32000 60000
2.302756 35200 60000
2.304109 38400 60000
2.303638 41600 60000
2.300397 44800 60000
2.300194 48000 60000
2.302055 51200 60000
2.304248 54400 60000
2.304084 57600 60000
Epoch 7
-------------------------------
2.304286     0 60000
2.302039  3200 60000
2.304335  6400 60000
2.300124  9600 60000
2.302566 12800 60000
2.297244 16000 60000
2.303055 19200 60000
2.299190 22400 60000
2.301943 25600 60000
2.301170 28800 60000
2.306904 32000 60000
2.304653 35200 60000
2.301999 38400 60000
2.300834 41600 60000
2.302294 44800 60000
2.302221 48000 60000
2.299090 51200 60000
2.300562 54400 60000
2.300190 57600 60000
Epoch 8
-------------------------------
2.300338     0 60000
2.304342  3200 60000
2.303985  6400 60000
2.303341  9600 60000
2.302697 12800 60000
2.301527 16000 60000
2.304964 19200 60000
2.304545 22400 60000
2.302623 25600 60000
2.307901 28800 60000
2.304616 32000 60000
2.302893 35200 60000
2.304164 38400 60000
2.305100 41600 60000
2.301362 44800 60000
2.306822 48000 60000
2.302095 51200 60000
2.305836 54400 60000
2.301745 57600 60000
Epoch 9
-------------------------------
2.300973     0 60000
2.300465  3200 60000
2.301559  6400 60000
2.304188  9600 60000
2.304179 12800 60000
2.302789 16000 60000
2.297836 19200 60000
2.305298 22400 60000
2.302758 25600 60000
2.303937 28800 60000
2.303391 32000 60000
2.298960 35200 60000
2.301758 38400 60000
2.297754 41600 60000
2.299863 44800 60000
2.306593 48000 60000
2.303763 51200 60000
2.300740 54400 60000
2.301910 57600 60000
Epoch 10
-------------------------------
2.302151     0 60000
2.304383  3200 60000
2.304023  6400 60000
2.308967  9600 60000
2.298762 12800 60000
2.305821 16000 60000
2.301952 19200 60000
2.304955 22400 60000
2.304113 25600 60000
2.304325 28800 60000
2.301596 32000 60000
2.303661 35200 60000
2.305985 38400 60000
2.304271 41600 60000
2.300914 44800 60000
2.305396 48000 60000
2.302236 51200 60000
2.300062 54400 60000
2.305713 57600 60000
Epoch 11
-------------------------------
2.303623     0 60000
2.302698  3200 60000
2.307781  6400 60000
2.303389  9600 60000
2.304067 12800 60000
2.302307 16000 60000
2.302494 19200 60000
2.304799 22400 60000
2.302515 25600 60000
2.303190 28800 60000
2.304070 32000 60000
2.305214 35200 60000
2.302143 38400 60000
2.303080 41600 60000
2.297723 44800 60000
2.308234 48000 60000
2.303993 51200 60000
2.301662 54400 60000
2.301926 57600 60000
Epoch 12
-------------------------------
2.303069     0 60000
2.303532  3200 60000
2.304176  6400 60000
2.303026  9600 60000
2.302996 12800 60000
2.303309 16000 60000
2.302871 19200 60000
2.303797 22400 60000
2.300514 25600 60000
2.304607 28800 60000
2.301291 32000 60000
2.303102 35200 60000
2.303414 38400 60000
2.307097 41600 60000
2.302610 44800 60000
2.303504 48000 60000
2.305151 51200 60000
2.305177 54400 60000
2.304609 57600 60000
