Epoch 1
-------------------------------
2.373338     0 60000
2.305382  3200 60000
2.310710  6400 60000
2.297442  9600 60000
2.298198 12800 60000
2.306272 16000 60000
2.304994 19200 60000
2.297781 22400 60000
2.296013 25600 60000
2.301940 28800 60000
2.289541 32000 60000
2.301596 35200 60000
2.294671 38400 60000
2.302032 41600 60000
2.302541 44800 60000
2.295028 48000 60000
2.304978 51200 60000
2.303475 54400 60000
2.292345 57600 60000
Epoch 2
-------------------------------
2.302922     0 60000
2.297283  3200 60000
2.282352  6400 60000
2.305275  9600 60000
2.317719 12800 60000
2.277237 16000 60000
2.301020 19200 60000
2.294961 22400 60000
2.314931 25600 60000
2.308134 28800 60000
2.301874 32000 60000
2.303495 35200 60000
2.307131 38400 60000
2.301759 41600 60000
2.296731 44800 60000
2.313327 48000 60000
2.304096 51200 60000
2.301446 54400 60000
2.310055 57600 60000
Epoch 3
-------------------------------
2.296113     0 60000
2.308010  3200 60000
2.287791  6400 60000
2.301100  9600 60000
2.299285 12800 60000
2.302370 16000 60000
2.304883 19200 60000
2.308587 22400 60000
2.312150 25600 60000
2.301930 28800 60000
2.300650 32000 60000
2.307451 35200 60000
2.311778 38400 60000
2.298471 41600 60000
2.298467 44800 60000
2.284637 48000 60000
2.322404 51200 60000
2.292577 54400 60000
2.295335 57600 60000
Epoch 4
-------------------------------
2.302877     0 60000
2.306635  3200 60000
2.298335  6400 60000
2.299529  9600 60000
2.308707 12800 60000
2.309605 16000 60000
2.325419 19200 60000
2.304962 22400 60000
2.311250 25600 60000
2.306766 28800 60000
2.298924 32000 60000
2.289198 35200 60000
2.318807 38400 60000
2.295710 41600 60000
2.308730 44800 60000
2.293934 48000 60000
2.299206 51200 60000
2.314091 54400 60000
2.305330 57600 60000
Epoch 5
-------------------------------
2.296208     0 60000
2.300596  3200 60000
2.299992  6400 60000
2.306142  9600 60000
2.296145 12800 60000
2.298251 16000 60000
2.308787 19200 60000
2.308236 22400 60000
2.309210 25600 60000
2.306731 28800 60000
2.303721 32000 60000
2.314564 35200 60000
2.303402 38400 60000
2.295752 41600 60000
2.306009 44800 60000
2.303344 48000 60000
2.287673 51200 60000
2.308511 54400 60000
2.319627 57600 60000
Epoch 6
-------------------------------
2.302021     0 60000
2.298510  3200 60000
2.304618  6400 60000
2.285370  9600 60000
2.298993 12800 60000
2.305272 16000 60000
2.280389 19200 60000
2.295598 22400 60000
2.308805 25600 60000
2.301986 28800 60000
2.289412 32000 60000
2.303291 35200 60000
2.307762 38400 60000
2.301089 41600 60000
2.301883 44800 60000
2.293473 48000 60000
2.292549 51200 60000
2.294878 54400 60000
2.302484 57600 60000
Epoch 7
-------------------------------
2.285017     0 60000
2.301532  3200 60000
2.304142  6400 60000
2.299641  9600 60000
2.228067 12800 60000
2.307424 16000 60000
2.300258 19200 60000
2.300610 22400 60000
2.304312 25600 60000
2.286473 28800 60000
2.306886 32000 60000
2.320698 35200 60000
2.303353 38400 60000
2.304130 41600 60000
2.292039 44800 60000
2.296807 48000 60000
2.311724 51200 60000
2.313896 54400 60000
2.300750 57600 60000
Epoch 8
-------------------------------
2.329606     0 60000
2.304691  3200 60000
2.304417  6400 60000
2.297829  9600 60000
2.293540 12800 60000
2.305384 16000 60000
2.318251 19200 60000
2.302366 22400 60000
2.316839 25600 60000
2.306479 28800 60000
2.302422 32000 60000
2.297974 35200 60000
2.299191 38400 60000
2.315071 41600 60000
2.302241 44800 60000
2.307283 48000 60000
2.303751 51200 60000
2.301269 54400 60000
2.308181 57600 60000
Epoch 9
-------------------------------
2.300972     0 60000
2.304773  3200 60000
2.327814  6400 60000
2.300192  9600 60000
2.296570 12800 60000
2.304736 16000 60000
2.308856 19200 60000
2.303289 22400 60000
2.305423 25600 60000
2.300473 28800 60000
2.308917 32000 60000
2.300302 35200 60000
2.291483 38400 60000
2.304914 41600 60000
2.310945 44800 60000
2.325958 48000 60000
2.286582 51200 60000
2.291077 54400 60000
2.287635 57600 60000
Epoch 10
-------------------------------
2.307410     0 60000
2.307943  3200 60000
2.293588  6400 60000
2.304803  9600 60000
2.319968 12800 60000
2.304627 16000 60000
2.310274 19200 60000
2.290113 22400 60000
2.288920 25600 60000
2.304559 28800 60000
2.296778 32000 60000
2.300247 35200 60000
2.311232 38400 60000
2.309532 41600 60000
2.306526 44800 60000
2.304238 48000 60000
2.304163 51200 60000
2.307671 54400 60000
2.289387 57600 60000
Epoch 11
-------------------------------
2.289395     0 60000
2.294673  3200 60000
2.312403  6400 60000
2.302486  9600 60000
2.306673 12800 60000
2.306656 16000 60000
2.303947 19200 60000
2.299739 22400 60000
2.309705 25600 60000
2.314283 28800 60000
2.303351 32000 60000
2.299001 35200 60000
2.291993 38400 60000
2.309644 41600 60000
2.303699 44800 60000
2.298224 48000 60000
2.307358 51200 60000
2.297204 54400 60000
2.303361 57600 60000
Epoch 12
-------------------------------
2.314181     0 60000
2.303474  3200 60000
2.306892  6400 60000
2.302393  9600 60000
2.314301 12800 60000
2.289939 16000 60000
2.297036 19200 60000
2.301620 22400 60000
2.281497 25600 60000
2.295846 28800 60000
2.305156 32000 60000
2.308159 35200 60000
2.318134 38400 60000
2.308446 41600 60000
2.307263 44800 60000
2.289686 48000 60000
2.298307 51200 60000
2.308321 54400 60000
2.294913 57600 60000
