Epoch 1
-------------------------------
2.287875     0 60000
2.299901  3200 60000
2.309542  6400 60000
2.302050  9600 60000
2.308472 12800 60000
2.296488 16000 60000
2.314112 19200 60000
2.302973 22400 60000
2.306515 25600 60000
2.306713 28800 60000
2.296832 32000 60000
2.304960 35200 60000
2.305488 38400 60000
2.298366 41600 60000
2.298836 44800 60000
2.304893 48000 60000
2.304693 51200 60000
2.303963 54400 60000
2.299726 57600 60000
Epoch 2
-------------------------------
2.301690     0 60000
2.302437  3200 60000
2.302538  6400 60000
2.301183  9600 60000
2.303378 12800 60000
2.304760 16000 60000
2.301903 19200 60000
2.301981 22400 60000
2.301471 25600 60000
2.303524 28800 60000
2.301672 32000 60000
2.301190 35200 60000
2.306875 38400 60000
2.303744 41600 60000
2.305404 44800 60000
2.304982 48000 60000
2.296765 51200 60000
2.301905 54400 60000
2.303899 57600 60000
Epoch 3
-------------------------------
2.299971     0 60000
2.302122  3200 60000
2.302644  6400 60000
2.304038  9600 60000
2.305406 12800 60000
2.298838 16000 60000
2.305620 19200 60000
2.300666 22400 60000
2.303832 25600 60000
2.299455 28800 60000
2.303015 32000 60000
2.300973 35200 60000
2.303418 38400 60000
2.300789 41600 60000
2.300614 44800 60000
2.304880 48000 60000
2.303587 51200 60000
2.302225 54400 60000
2.304367 57600 60000
Epoch 4
-------------------------------
2.303297     0 60000
2.302995  3200 60000
2.301338  6400 60000
2.302387  9600 60000
2.301261 12800 60000
2.304048 16000 60000
2.304526 19200 60000
2.305622 22400 60000
2.306696 25600 60000
2.301288 28800 60000
2.303686 32000 60000
2.301708 35200 60000
2.303197 38400 60000
2.304619 41600 60000
2.305968 44800 60000
2.303505 48000 60000
2.302666 51200 60000
2.304910 54400 60000
2.303363 57600 60000
Epoch 5
-------------------------------
2.304341     0 60000
2.301929  3200 60000
2.301406  6400 60000
2.299401  9600 60000
2.302857 12800 60000
2.304887 16000 60000
2.304026 19200 60000
2.309384 22400 60000
2.299705 25600 60000
2.302846 28800 60000
2.302507 32000 60000
2.304059 35200 60000
2.300993 38400 60000
2.305430 41600 60000
2.303515 44800 60000
2.305937 48000 60000
2.304887 51200 60000
2.304384 54400 60000
2.303943 57600 60000
Epoch 6
-------------------------------
2.304548     0 60000
2.304482  3200 60000
2.300804  6400 60000
2.303281  9600 60000
2.301785 12800 60000
2.302891 16000 60000
2.304908 19200 60000
2.300856 22400 60000
2.302419 25600 60000
2.301594 28800 60000
2.299939 32000 60000
2.305915 35200 60000
2.303809 38400 60000
2.305049 41600 60000
2.306711 44800 60000
2.303410 48000 60000
2.302400 51200 60000
2.307204 54400 60000
2.305296 57600 60000
Epoch 7
-------------------------------
2.304171     0 60000
2.299469  3200 60000
2.299834  6400 60000
2.303750  9600 60000
2.306860 12800 60000
2.302904 16000 60000
2.304651 19200 60000
2.302113 22400 60000
2.296575 25600 60000
2.301938 28800 60000
2.299839 32000 60000
2.302847 35200 60000
2.304258 38400 60000
2.304665 41600 60000
2.298322 44800 60000
2.302423 48000 60000
2.300972 51200 60000
2.300149 54400 60000
2.305532 57600 60000
Epoch 8
-------------------------------
2.302964     0 60000
2.300847  3200 60000
2.305115  6400 60000
2.303402  9600 60000
2.304431 12800 60000
2.304840 16000 60000
2.300676 19200 60000
2.301833 22400 60000
2.303303 25600 60000
2.302226 28800 60000
2.301322 32000 60000
2.304140 35200 60000
2.302154 38400 60000
2.304968 41600 60000
2.301767 44800 60000
2.300163 48000 60000
2.304557 51200 60000
2.301304 54400 60000
2.301375 57600 60000
Epoch 9
-------------------------------
2.302772     0 60000
2.302449  3200 60000
2.301205  6400 60000
2.302366  9600 60000
2.306029 12800 60000
2.303540 16000 60000
2.301738 19200 60000
2.303508 22400 60000
2.302462 25600 60000
2.304005 28800 60000
2.305498 32000 60000
2.303597 35200 60000
2.305884 38400 60000
2.307208 41600 60000
2.299792 44800 60000
2.303707 48000 60000
2.305064 51200 60000
2.302032 54400 60000
2.302089 57600 60000
Epoch 10
-------------------------------
2.305287     0 60000
2.302877  3200 60000
2.303404  6400 60000
2.302642  9600 60000
2.303104 12800 60000
2.298910 16000 60000
2.298897 19200 60000
2.299818 22400 60000
2.304296 25600 60000
2.303233 28800 60000
2.298183 32000 60000
2.302362 35200 60000
2.303994 38400 60000
2.305017 41600 60000
2.301892 44800 60000
2.304729 48000 60000
2.299745 51200 60000
2.302244 54400 60000
2.305295 57600 60000
Epoch 11
-------------------------------
2.299379     0 60000
2.302428  3200 60000
2.297345  6400 60000
2.301011  9600 60000
2.299841 12800 60000
2.303612 16000 60000
2.306719 19200 60000
2.305275 22400 60000
2.300806 25600 60000
2.300073 28800 60000
2.301963 32000 60000
2.301390 35200 60000
2.299730 38400 60000
2.299502 41600 60000
2.300495 44800 60000
2.302295 48000 60000
2.302426 51200 60000
2.300246 54400 60000
2.303432 57600 60000
Epoch 12
-------------------------------
2.302805     0 60000
2.301950  3200 60000
2.302556  6400 60000
2.300498  9600 60000
2.304672 12800 60000
2.302859 16000 60000
2.300667 19200 60000
2.303973 22400 60000
2.302401 25600 60000
2.304627 28800 60000
2.301256 32000 60000
2.310385 35200 60000
2.298569 38400 60000
2.302215 41600 60000
2.305878 44800 60000
2.302983 48000 60000
2.304722 51200 60000
2.302093 54400 60000
2.301912 57600 60000
