Epoch 1
-------------------------------
2.305439     0 60000
2.297096  3200 60000
2.303038  6400 60000
2.305686  9600 60000
2.305413 12800 60000
2.303205 16000 60000
2.307996 19200 60000
2.303227 22400 60000
2.301749 25600 60000
2.300686 28800 60000
2.303623 32000 60000
2.304055 35200 60000
2.305131 38400 60000
2.301489 41600 60000
2.304272 44800 60000
2.301649 48000 60000
2.301623 51200 60000
2.303614 54400 60000
2.301221 57600 60000
Epoch 2
-------------------------------
2.303935     0 60000
2.300721  3200 60000
2.305033  6400 60000
2.303053  9600 60000
2.301396 12800 60000
2.303951 16000 60000
2.302567 19200 60000
2.303051 22400 60000
2.303349 25600 60000
2.303643 28800 60000
2.304408 32000 60000
2.304587 35200 60000
2.301531 38400 60000
2.302527 41600 60000
2.303586 44800 60000
2.301992 48000 60000
2.300596 51200 60000
2.301575 54400 60000
2.302663 57600 60000
Epoch 3
-------------------------------
2.301208     0 60000
2.303551  3200 60000
2.304884  6400 60000
2.300958  9600 60000
2.300203 12800 60000
2.302941 16000 60000
2.302088 19200 60000
2.306180 22400 60000
2.302647 25600 60000
2.303976 28800 60000
2.299857 32000 60000
2.303019 35200 60000
2.302578 38400 60000
2.302611 41600 60000
2.300211 44800 60000
2.304066 48000 60000
2.299966 51200 60000
2.302620 54400 60000
2.300774 57600 60000
Epoch 4
-------------------------------
2.302646     0 60000
2.297495  3200 60000
2.303174  6400 60000
2.299412  9600 60000
2.301311 12800 60000
2.297704 16000 60000
2.301909 19200 60000
2.304146 22400 60000
2.301301 25600 60000
2.304546 28800 60000
2.299774 32000 60000
2.305567 35200 60000
2.302607 38400 60000
2.306533 41600 60000
2.299440 44800 60000
2.299102 48000 60000
2.303213 51200 60000
2.300040 54400 60000
2.308543 57600 60000
Epoch 5
-------------------------------
2.302715     0 60000
2.302640  3200 60000
2.300072  6400 60000
2.304101  9600 60000
2.302805 12800 60000
2.301686 16000 60000
2.301943 19200 60000
2.305293 22400 60000
2.306005 25600 60000
2.303385 28800 60000
2.303290 32000 60000
2.305584 35200 60000
2.299459 38400 60000
2.300704 41600 60000
2.299778 44800 60000
2.300690 48000 60000
2.302163 51200 60000
2.303982 54400 60000
2.300164 57600 60000
Epoch 6
-------------------------------
2.302443     0 60000
2.299315  3200 60000
2.301517  6400 60000
2.306337  9600 60000
2.301659 12800 60000
2.301264 16000 60000
2.304945 19200 60000
2.309826 22400 60000
2.302580 25600 60000
2.302998 28800 60000
2.304111 32000 60000
2.302560 35200 60000
2.301211 38400 60000
2.298060 41600 60000
2.302533 44800 60000
2.300253 48000 60000
2.300732 51200 60000
2.304513 54400 60000
2.301141 57600 60000
Epoch 7
-------------------------------
2.305468     0 60000
2.301244  3200 60000
2.303331  6400 60000
2.301919  9600 60000
2.295104 12800 60000
2.296845 16000 60000
2.297838 19200 60000
2.302140 22400 60000
2.299469 25600 60000
2.303381 28800 60000
2.299463 32000 60000
2.301187 35200 60000
2.304287 38400 60000
2.302202 41600 60000
2.303301 44800 60000
2.303506 48000 60000
2.300199 51200 60000
2.303944 54400 60000
2.305593 57600 60000
Epoch 8
-------------------------------
2.300141     0 60000
2.302422  3200 60000
2.302272  6400 60000
2.302826  9600 60000
2.304096 12800 60000
2.304050 16000 60000
2.300545 19200 60000
2.301266 22400 60000
2.301717 25600 60000
2.304038 28800 60000
2.305950 32000 60000
2.300971 35200 60000
2.307310 38400 60000
2.302033 41600 60000
2.308845 44800 60000
2.301749 48000 60000
2.301196 51200 60000
2.305449 54400 60000
2.301704 57600 60000
Epoch 9
-------------------------------
2.304876     0 60000
2.302357  3200 60000
2.305729  6400 60000
2.302866  9600 60000
2.304573 12800 60000
2.306097 16000 60000
2.302752 19200 60000
2.302418 22400 60000
2.300986 25600 60000
2.307842 28800 60000
2.306004 32000 60000
2.304206 35200 60000
2.302007 38400 60000
2.298161 41600 60000
2.305560 44800 60000
2.301057 48000 60000
2.303860 51200 60000
2.303534 54400 60000
2.302788 57600 60000
Epoch 10
-------------------------------
2.300256     0 60000
2.309053  3200 60000
2.300873  6400 60000
2.302089  9600 60000
2.307110 12800 60000
2.302682 16000 60000
2.302567 19200 60000
2.302623 22400 60000
2.301339 25600 60000
2.297838 28800 60000
2.302108 32000 60000
2.303861 35200 60000
2.303456 38400 60000
2.298911 41600 60000
2.307122 44800 60000
2.299850 48000 60000
2.301274 51200 60000
2.302340 54400 60000
2.305550 57600 60000
Epoch 11
-------------------------------
2.304895     0 60000
2.298492  3200 60000
2.303339  6400 60000
2.306985  9600 60000
2.302118 12800 60000
2.301462 16000 60000
2.301979 19200 60000
2.302974 22400 60000
2.301699 25600 60000
2.301168 28800 60000
2.302965 32000 60000
2.306792 35200 60000
2.305780 38400 60000
2.302429 41600 60000
2.303713 44800 60000
2.305206 48000 60000
2.303565 51200 60000
2.298484 54400 60000
2.302279 57600 60000
Epoch 12
-------------------------------
2.303428     0 60000
2.299304  3200 60000
2.299687  6400 60000
2.305095  9600 60000
2.299967 12800 60000
2.300152 16000 60000
2.299223 19200 60000
2.296998 22400 60000
2.302993 25600 60000
2.302438 28800 60000
2.303426 32000 60000
2.301590 35200 60000
2.307072 38400 60000
2.308914 41600 60000
2.306720 44800 60000
2.299809 48000 60000
2.303719 51200 60000
2.298437 54400 60000
2.300163 57600 60000
