Epoch 1
-------------------------------
2.303822     0 60000
2.327998  3200 60000
2.329204  6400 60000
2.286988  9600 60000
2.296150 12800 60000
2.287258 16000 60000
2.318441 19200 60000
2.311376 22400 60000
2.335366 25600 60000
2.286218 28800 60000
2.275113 32000 60000
2.298952 35200 60000
2.320684 38400 60000
2.325477 41600 60000
2.309513 44800 60000
2.343728 48000 60000
2.369803 51200 60000
2.347503 54400 60000
2.296057 57600 60000
Epoch 2
-------------------------------
2.268775     0 60000
2.321744  3200 60000
2.326302  6400 60000
2.284194  9600 60000
2.302359 12800 60000
2.313387 16000 60000
2.298187 19200 60000
2.307052 22400 60000
2.254192 25600 60000
2.311722 28800 60000
2.325700 32000 60000
2.297149 35200 60000
2.285804 38400 60000
2.359873 41600 60000
2.260558 44800 60000
2.298471 48000 60000
2.341364 51200 60000
2.334999 54400 60000
2.294383 57600 60000
Epoch 3
-------------------------------
2.301465     0 60000
2.285095  3200 60000
2.282264  6400 60000
2.289756  9600 60000
2.322522 12800 60000
2.276133 16000 60000
2.323214 19200 60000
2.332669 22400 60000
2.311256 25600 60000
2.265557 28800 60000
2.300852 32000 60000
2.331731 35200 60000
2.325371 38400 60000
2.337209 41600 60000
2.388404 44800 60000
2.340034 48000 60000
2.316699 51200 60000
2.349521 54400 60000
2.327935 57600 60000
Epoch 4
-------------------------------
2.322623     0 60000
2.329408  3200 60000
2.322531  6400 60000
2.322787  9600 60000
2.320871 12800 60000
2.300798 16000 60000
2.358703 19200 60000
2.316341 22400 60000
2.332924 25600 60000
2.370754 28800 60000
2.364365 32000 60000
2.333996 35200 60000
2.357836 38400 60000
2.281172 41600 60000
2.314725 44800 60000
2.330764 48000 60000
2.286406 51200 60000
2.327151 54400 60000
2.296150 57600 60000
Epoch 5
-------------------------------
2.280022     0 60000
2.306441  3200 60000
2.289389  6400 60000
2.311816  9600 60000
2.316359 12800 60000
2.256926 16000 60000
2.290189 19200 60000
2.302021 22400 60000
2.325939 25600 60000
2.320934 28800 60000
2.313259 32000 60000
2.300183 35200 60000
2.267044 38400 60000
2.336182 41600 60000
2.318232 44800 60000
2.313847 48000 60000
2.381817 51200 60000
2.280369 54400 60000
2.295769 57600 60000
Epoch 6
-------------------------------
2.311728     0 60000
2.388255  3200 60000
2.333777  6400 60000
2.313309  9600 60000
2.276792 12800 60000
2.266065 16000 60000
2.320732 19200 60000
2.311630 22400 60000
2.257287 25600 60000
2.380832 28800 60000
2.310131 32000 60000
2.337315 35200 60000
2.327261 38400 60000
2.337443 41600 60000
2.328140 44800 60000
2.320719 48000 60000
2.346105 51200 60000
2.312799 54400 60000
2.345169 57600 60000
Epoch 7
-------------------------------
2.321725     0 60000
2.341980  3200 60000
2.306913  6400 60000
2.327465  9600 60000
2.251851 12800 60000
2.284932 16000 60000
2.326652 19200 60000
2.328655 22400 60000
2.270183 25600 60000
2.334068 28800 60000
2.326857 32000 60000
2.305971 35200 60000
2.338196 38400 60000
2.337002 41600 60000
2.289940 44800 60000
2.307481 48000 60000
2.293479 51200 60000
2.312413 54400 60000
2.309756 57600 60000
Epoch 8
-------------------------------
2.273810     0 60000
2.297875  3200 60000
2.311293  6400 60000
2.307254  9600 60000
2.384885 12800 60000
2.333590 16000 60000
2.312814 19200 60000
2.338253 22400 60000
2.358562 25600 60000
2.285939 28800 60000
2.362479 32000 60000
2.317956 35200 60000
2.306317 38400 60000
2.315805 41600 60000
2.287452 44800 60000
2.365216 48000 60000
2.324566 51200 60000
2.330088 54400 60000
2.289506 57600 60000
Epoch 9
-------------------------------
2.347348     0 60000
2.276883  3200 60000
2.378861  6400 60000
2.356726  9600 60000
2.406021 12800 60000
2.355465 16000 60000
2.346633 19200 60000
2.305692 22400 60000
2.316951 25600 60000
2.329367 28800 60000
2.289150 32000 60000
2.320368 35200 60000
2.399490 38400 60000
2.373270 41600 60000
2.304984 44800 60000
2.346721 48000 60000
2.340166 51200 60000
2.340001 54400 60000
2.311203 57600 60000
Epoch 10
-------------------------------
2.309656     0 60000
2.321274  3200 60000
2.278070  6400 60000
2.313240  9600 60000
2.282261 12800 60000
2.344193 16000 60000
2.310853 19200 60000
2.331719 22400 60000
2.274869 25600 60000
2.347718 28800 60000
2.299417 32000 60000
2.281506 35200 60000
2.372982 38400 60000
2.320353 41600 60000
2.337810 44800 60000
2.324319 48000 60000
2.320034 51200 60000
2.300336 54400 60000
2.340928 57600 60000
Epoch 11
-------------------------------
2.291090     0 60000
2.274118  3200 60000
2.365527  6400 60000
2.334910  9600 60000
2.390167 12800 60000
2.302938 16000 60000
2.302157 19200 60000
2.315903 22400 60000
2.284768 25600 60000
2.363672 28800 60000
2.345020 32000 60000
2.348134 35200 60000
2.310607 38400 60000
2.321040 41600 60000
2.302516 44800 60000
2.368555 48000 60000
2.283734 51200 60000
2.287613 54400 60000
2.314171 57600 60000
Epoch 12
-------------------------------
2.282356     0 60000
2.325050  3200 60000
2.292899  6400 60000
2.306013  9600 60000
2.322080 12800 60000
2.318668 16000 60000
2.301831 19200 60000
2.371529 22400 60000
2.285815 25600 60000
2.296942 28800 60000
2.361777 32000 60000
2.342258 35200 60000
2.306419 38400 60000
2.304132 41600 60000
2.305382 44800 60000
2.317792 48000 60000
2.298997 51200 60000
2.305803 54400 60000
2.322214 57600 60000
