Epoch 1
-------------------------------
2.304943     0 60000
2.309309  3200 60000
2.301260  6400 60000
2.304379  9600 60000
2.306631 12800 60000
2.304369 16000 60000
2.302209 19200 60000
2.298064 22400 60000
2.306092 25600 60000
2.301777 28800 60000
2.298995 32000 60000
2.301455 35200 60000
2.302098 38400 60000
2.306235 41600 60000
2.304463 44800 60000
2.301500 48000 60000
2.305934 51200 60000
2.302410 54400 60000
2.302276 57600 60000
Epoch 2
-------------------------------
2.302115     0 60000
2.297888  3200 60000
2.292959  6400 60000
2.299891  9600 60000
2.304263 12800 60000
2.304878 16000 60000
2.303273 19200 60000
2.302638 22400 60000
2.300487 25600 60000
2.303391 28800 60000
2.302954 32000 60000
2.304050 35200 60000
2.306626 38400 60000
2.301802 41600 60000
2.300946 44800 60000
2.302960 48000 60000
2.301516 51200 60000
2.302662 54400 60000
2.302840 57600 60000
Epoch 3
-------------------------------
2.305687     0 60000
2.302260  3200 60000
2.301443  6400 60000
2.303878  9600 60000
2.305154 12800 60000
2.300927 16000 60000
2.303700 19200 60000
2.307040 22400 60000
2.301538 25600 60000
2.299934 28800 60000
2.301426 32000 60000
2.302171 35200 60000
2.300292 38400 60000
2.303009 41600 60000
2.302558 44800 60000
2.302797 48000 60000
2.301488 51200 60000
2.301639 54400 60000
2.300155 57600 60000
Epoch 4
-------------------------------
2.302730     0 60000
2.304032  3200 60000
2.301125  6400 60000
2.299110  9600 60000
2.298630 12800 60000
2.300122 16000 60000
2.301217 19200 60000
2.302371 22400 60000
2.304422 25600 60000
2.300720 28800 60000
2.302706 32000 60000
2.301857 35200 60000
2.299515 38400 60000
2.304643 41600 60000
2.302942 44800 60000
2.302519 48000 60000
2.305329 51200 60000
2.301925 54400 60000
2.304662 57600 60000
Epoch 5
-------------------------------
2.305434     0 60000
2.301627  3200 60000
2.302864  6400 60000
2.301935  9600 60000
2.305144 12800 60000
2.308127 16000 60000
2.302391 19200 60000
2.301310 22400 60000
2.298374 25600 60000
2.303380 28800 60000
2.304082 32000 60000
2.303705 35200 60000
2.304656 38400 60000
2.303740 41600 60000
2.302182 44800 60000
2.304769 48000 60000
2.304624 51200 60000
2.301960 54400 60000
2.301190 57600 60000
Epoch 6
-------------------------------
2.303802     0 60000
2.301958  3200 60000
2.302955  6400 60000
2.300848  9600 60000
2.302806 12800 60000
2.302616 16000 60000
2.304341 19200 60000
2.305957 22400 60000
2.303503 25600 60000
2.305623 28800 60000
2.307189 32000 60000
2.304633 35200 60000
2.304689 38400 60000
2.304647 41600 60000
2.300877 44800 60000
2.303967 48000 60000
2.300922 51200 60000
2.302249 54400 60000
2.303834 57600 60000
Epoch 7
-------------------------------
2.299699     0 60000
2.303102  3200 60000
2.304908  6400 60000
2.302883  9600 60000
2.303376 12800 60000
2.300238 16000 60000
2.301643 19200 60000
2.300907 22400 60000
2.300682 25600 60000
2.302327 28800 60000
2.304375 32000 60000
2.303393 35200 60000
2.303740 38400 60000
2.302718 41600 60000
2.302866 44800 60000
2.300424 48000 60000
2.300669 51200 60000
2.299912 54400 60000
2.303088 57600 60000
Epoch 8
-------------------------------
2.305855     0 60000
2.302610  3200 60000
2.303368  6400 60000
2.305848  9600 60000
2.299759 12800 60000
2.301074 16000 60000
2.301388 19200 60000
2.303499 22400 60000
2.302152 25600 60000
2.298510 28800 60000
2.303070 32000 60000
2.310527 35200 60000
2.301558 38400 60000
2.300859 41600 60000
2.304825 44800 60000
2.302816 48000 60000
2.303468 51200 60000
2.302634 54400 60000
2.305014 57600 60000
Epoch 9
-------------------------------
2.301842     0 60000
2.301191  3200 60000
2.299404  6400 60000
2.300564  9600 60000
2.301970 12800 60000
2.302893 16000 60000
2.304435 19200 60000
2.303109 22400 60000
2.302700 25600 60000
2.302922 28800 60000
2.302705 32000 60000
2.300924 35200 60000
2.302248 38400 60000
2.303815 41600 60000
2.300382 44800 60000
2.300871 48000 60000
2.305739 51200 60000
2.303446 54400 60000
2.306726 57600 60000
Epoch 10
-------------------------------
2.301088     0 60000
2.301464  3200 60000
2.302567  6400 60000
2.306024  9600 60000
2.303721 12800 60000
2.301818 16000 60000
2.303732 19200 60000
2.300770 22400 60000
2.298811 25600 60000
2.303281 28800 60000
2.302783 32000 60000
2.301718 35200 60000
2.301319 38400 60000
2.299928 41600 60000
2.297370 44800 60000
2.306525 48000 60000
2.301149 51200 60000
2.304029 54400 60000
2.306085 57600 60000
Epoch 11
-------------------------------
2.302394     0 60000
2.302929  3200 60000
2.296737  6400 60000
2.307575  9600 60000
2.301677 12800 60000
2.301614 16000 60000
2.302571 19200 60000
2.302883 22400 60000
2.305030 25600 60000
2.304147 28800 60000
2.302830 32000 60000
2.302273 35200 60000
2.302064 38400 60000
2.302947 41600 60000
2.301063 44800 60000
2.300277 48000 60000
2.300294 51200 60000
2.297967 54400 60000
2.301925 57600 60000
Epoch 12
-------------------------------
2.303741     0 60000
2.305487  3200 60000
2.300897  6400 60000
2.303660  9600 60000
2.297399 12800 60000
2.299475 16000 60000
2.304256 19200 60000
2.304226 22400 60000
2.297883 25600 60000
2.306912 28800 60000
2.302932 32000 60000
2.302024 35200 60000
2.300209 38400 60000
2.305166 41600 60000
2.303852 44800 60000
2.307971 48000 60000
2.302704 51200 60000
2.302577 54400 60000
2.303865 57600 60000
