Epoch 1
-------------------------------
2.301562     0 60000
2.319679  3200 60000
2.298681  6400 60000
2.296481  9600 60000
2.303662 12800 60000
2.297791 16000 60000
2.307783 19200 60000
2.308417 22400 60000
2.295052 25600 60000
2.303480 28800 60000
2.309731 32000 60000
2.295675 35200 60000
2.297433 38400 60000
2.309367 41600 60000
2.285737 44800 60000
2.316131 48000 60000
2.303946 51200 60000
2.287278 54400 60000
2.298903 57600 60000
Epoch 2
-------------------------------
2.302439     0 60000
2.305677  3200 60000
2.319995  6400 60000
2.304636  9600 60000
2.307385 12800 60000
2.297549 16000 60000
2.310143 19200 60000
2.297230 22400 60000
2.302766 25600 60000
2.326928 28800 60000
2.308592 32000 60000
2.298627 35200 60000
2.298931 38400 60000
2.302027 41600 60000
2.302122 44800 60000
2.310013 48000 60000
2.299774 51200 60000
2.308689 54400 60000
2.306909 57600 60000
Epoch 3
-------------------------------
2.308139     0 60000
2.286045  3200 60000
2.305061  6400 60000
2.298640  9600 60000
2.300226 12800 60000
2.291650 16000 60000
2.283561 19200 60000
2.297389 22400 60000
2.306983 25600 60000
2.307052 28800 60000
2.301099 32000 60000
2.304468 35200 60000
2.309427 38400 60000
2.302715 41600 60000
2.295960 44800 60000
2.301140 48000 60000
2.321779 51200 60000
2.296114 54400 60000
2.307853 57600 60000
Epoch 4
-------------------------------
2.308325     0 60000
2.305690  3200 60000
2.292682  6400 60000
2.313127  9600 60000
2.305111 12800 60000
2.309639 16000 60000
2.306654 19200 60000
2.311274 22400 60000
2.320910 25600 60000
2.295967 28800 60000
2.325140 32000 60000
2.298137 35200 60000
2.286032 38400 60000
2.297619 41600 60000
2.297441 44800 60000
2.295128 48000 60000
2.297021 51200 60000
2.289216 54400 60000
2.307159 57600 60000
Epoch 5
-------------------------------
2.290414     0 60000
2.326611  3200 60000
2.314711  6400 60000
2.298612  9600 60000
2.313978 12800 60000
2.312015 16000 60000
2.306848 19200 60000
2.309329 22400 60000
2.308274 25600 60000
2.299088 28800 60000
2.296605 32000 60000
2.310220 35200 60000
2.304364 38400 60000
2.302048 41600 60000
2.299564 44800 60000
2.295476 48000 60000
2.306578 51200 60000
2.317338 54400 60000
2.296657 57600 60000
Epoch 6
-------------------------------
2.308478     0 60000
2.323503  3200 60000
2.328763  6400 60000
2.318651  9600 60000
2.302937 12800 60000
2.295099 16000 60000
2.293343 19200 60000
2.312862 22400 60000
2.297626 25600 60000
2.297338 28800 60000
2.304950 32000 60000
2.313859 35200 60000
2.293907 38400 60000
2.291856 41600 60000
2.303000 44800 60000
2.300387 48000 60000
2.290443 51200 60000
2.304740 54400 60000
2.299621 57600 60000
Epoch 7
-------------------------------
2.296675     0 60000
2.285817  3200 60000
2.301294  6400 60000
2.298827  9600 60000
2.311263 12800 60000
2.314401 16000 60000
2.289873 19200 60000
2.302823 22400 60000
2.299496 25600 60000
2.294566 28800 60000
2.303598 32000 60000
2.310361 35200 60000
2.312357 38400 60000
2.303572 41600 60000
2.302528 44800 60000
2.333824 48000 60000
2.311556 51200 60000
2.313003 54400 60000
2.308808 57600 60000
Epoch 8
-------------------------------
2.303025     0 60000
2.316148  3200 60000
2.294217  6400 60000
2.304650  9600 60000
2.319365 12800 60000
2.307162 16000 60000
2.305431 19200 60000
2.302700 22400 60000
2.294034 25600 60000
2.301191 28800 60000
2.301394 32000 60000
2.309277 35200 60000
2.306828 38400 60000
2.310706 41600 60000
2.314149 44800 60000
2.315795 48000 60000
2.301229 51200 60000
2.298980 54400 60000
2.311942 57600 60000
Epoch 9
-------------------------------
2.310518     0 60000
2.287956  3200 60000
2.300992  6400 60000
2.308287  9600 60000
2.318462 12800 60000
2.307489 16000 60000
2.295320 19200 60000
2.309366 22400 60000
2.286073 25600 60000
2.328149 28800 60000
2.296393 32000 60000
2.298063 35200 60000
2.299642 38400 60000
2.314169 41600 60000
2.311492 44800 60000
2.306031 48000 60000
2.308126 51200 60000
2.316360 54400 60000
2.283870 57600 60000
Epoch 10
-------------------------------
2.287485     0 60000
2.299376  3200 60000
2.305143  6400 60000
2.318613  9600 60000
2.297199 12800 60000
2.337275 16000 60000
2.316315 19200 60000
2.323666 22400 60000
2.301460 25600 60000
2.290323 28800 60000
2.322792 32000 60000
2.295732 35200 60000
2.313471 38400 60000
2.305131 41600 60000
2.299809 44800 60000
2.283123 48000 60000
2.312297 51200 60000
2.308378 54400 60000
2.297320 57600 60000
Epoch 11
-------------------------------
2.300484     0 60000
2.296829  3200 60000
2.331063  6400 60000
2.314440  9600 60000
2.297047 12800 60000
2.302157 16000 60000
2.292437 19200 60000
2.317326 22400 60000
2.300287 25600 60000
2.301393 28800 60000
2.311197 32000 60000
2.296460 35200 60000
2.308878 38400 60000
2.303273 41600 60000
2.311787 44800 60000
2.297786 48000 60000
2.306425 51200 60000
2.296060 54400 60000
2.310367 57600 60000
Epoch 12
-------------------------------
2.301553     0 60000
2.310412  3200 60000
2.295074  6400 60000
2.322061  9600 60000
2.302087 12800 60000
2.315557 16000 60000
2.307428 19200 60000
2.301996 22400 60000
2.299994 25600 60000
2.307640 28800 60000
2.293740 32000 60000
2.311949 35200 60000
2.305512 38400 60000
2.299375 41600 60000
2.322033 44800 60000
2.297779 48000 60000
2.304521 51200 60000
2.307674 54400 60000
2.307739 57600 60000
