Epoch 1
-------------------------------
2.293024     0 60000
2.280826  3200 60000
2.308412  6400 60000
2.311798  9600 60000
2.299924 12800 60000
2.296531 16000 60000
2.289664 19200 60000
2.331580 22400 60000
2.316046 25600 60000
2.279191 28800 60000
2.292895 32000 60000
2.310391 35200 60000
2.326543 38400 60000
2.372000 41600 60000
2.310067 44800 60000
2.351536 48000 60000
2.310540 51200 60000
2.323020 54400 60000
2.332685 57600 60000
Epoch 2
-------------------------------
2.335187     0 60000
2.319432  3200 60000
2.319196  6400 60000
2.305751  9600 60000
2.331326 12800 60000
2.294321 16000 60000
2.295014 19200 60000
2.325679 22400 60000
2.312660 25600 60000
2.319870 28800 60000
2.371632 32000 60000
2.320413 35200 60000
2.320089 38400 60000
2.291334 41600 60000
2.320486 44800 60000
2.363268 48000 60000
2.338542 51200 60000
2.299862 54400 60000
2.304217 57600 60000
Epoch 3
-------------------------------
2.338068     0 60000
2.297331  3200 60000
2.333639  6400 60000
2.351636  9600 60000
2.311207 12800 60000
2.349716 16000 60000
2.300860 19200 60000
2.319830 22400 60000
2.290144 25600 60000
2.295547 28800 60000
2.309677 32000 60000
2.330842 35200 60000
2.298764 38400 60000
2.326445 41600 60000
2.320203 44800 60000
2.276323 48000 60000
2.286668 51200 60000
2.309965 54400 60000
2.294644 57600 60000
Epoch 4
-------------------------------
2.334122     0 60000
2.316947  3200 60000
2.328224  6400 60000
2.324124  9600 60000
2.292484 12800 60000
2.347126 16000 60000
2.340835 19200 60000
2.319610 22400 60000
2.330403 25600 60000
2.302980 28800 60000
2.336262 32000 60000
2.314212 35200 60000
2.354619 38400 60000
2.361537 41600 60000
2.300279 44800 60000
2.336298 48000 60000
2.301385 51200 60000
2.301923 54400 60000
2.296161 57600 60000
Epoch 5
-------------------------------
2.318261     0 60000
2.320662  3200 60000
2.328118  6400 60000
2.298187  9600 60000
2.294497 12800 60000
2.346655 16000 60000
2.396151 19200 60000
2.280709 22400 60000
2.317636 25600 60000
2.278551 28800 60000
2.334007 32000 60000
2.346852 35200 60000
2.305401 38400 60000
2.319980 41600 60000
2.288523 44800 60000
2.331141 48000 60000
2.328526 51200 60000
2.303251 54400 60000
2.312399 57600 60000
Epoch 6
-------------------------------
2.369083     0 60000
2.340890  3200 60000
2.313767  6400 60000
2.349678  9600 60000
2.385255 12800 60000
2.276058 16000 60000
2.378186 19200 60000
2.231297 22400 60000
2.298548 25600 60000
2.289607 28800 60000
2.339340 32000 60000
2.371120 35200 60000
2.296806 38400 60000
2.321897 41600 60000
2.330341 44800 60000
2.321776 48000 60000
2.310713 51200 60000
2.301863 54400 60000
2.312381 57600 60000
Epoch 7
-------------------------------
2.297716     0 60000
2.344432  3200 60000
2.286031  6400 60000
2.312433  9600 60000
2.293913 12800 60000
2.316559 16000 60000
2.294864 19200 60000
2.265308 22400 60000
2.330114 25600 60000
2.330901 28800 60000
2.308792 32000 60000
2.293036 35200 60000
2.304660 38400 60000
2.297789 41600 60000
2.270888 44800 60000
2.291062 48000 60000
2.296207 51200 60000
2.270243 54400 60000
2.357948 57600 60000
Epoch 8
-------------------------------
2.327440     0 60000
2.313013  3200 60000
2.321930  6400 60000
2.300801  9600 60000
2.305188 12800 60000
2.293462 16000 60000
2.277839 19200 60000
2.295811 22400 60000
2.279304 25600 60000
2.380995 28800 60000
2.335323 32000 60000
2.348578 35200 60000
2.356845 38400 60000
2.320843 41600 60000
2.311330 44800 60000
2.310307 48000 60000
2.262542 51200 60000
2.333393 54400 60000
2.284332 57600 60000
Epoch 9
-------------------------------
2.304246     0 60000
2.272154  3200 60000
2.307028  6400 60000
2.397780  9600 60000
2.316012 12800 60000
2.342626 16000 60000
2.263530 19200 60000
2.296386 22400 60000
2.290241 25600 60000
2.364824 28800 60000
2.318039 32000 60000
2.319111 35200 60000
2.340790 38400 60000
2.316355 41600 60000
2.333362 44800 60000
2.344940 48000 60000
2.289595 51200 60000
2.315576 54400 60000
2.280777 57600 60000
Epoch 10
-------------------------------
2.337175     0 60000
2.343921  3200 60000
2.289078  6400 60000
2.296443  9600 60000
2.265799 12800 60000
2.349072 16000 60000
2.324484 19200 60000
2.325169 22400 60000
2.316348 25600 60000
2.288776 28800 60000
2.306438 32000 60000
2.353179 35200 60000
2.332276 38400 60000
2.328412 41600 60000
2.324703 44800 60000
2.306214 48000 60000
2.299006 51200 60000
2.316814 54400 60000
2.290854 57600 60000
Epoch 11
-------------------------------
2.291963     0 60000
2.327033  3200 60000
2.314482  6400 60000
2.327642  9600 60000
2.320494 12800 60000
2.300517 16000 60000
2.319943 19200 60000
2.339927 22400 60000
2.290026 25600 60000
2.322938 28800 60000
2.316843 32000 60000
2.303646 35200 60000
2.296013 38400 60000
2.308829 41600 60000
2.306756 44800 60000
2.330451 48000 60000
2.328667 51200 60000
2.300817 54400 60000
2.334612 57600 60000
Epoch 12
-------------------------------
2.310965     0 60000
2.313292  3200 60000
2.308998  6400 60000
2.260585  9600 60000
2.313176 12800 60000
2.306827 16000 60000
2.308118 19200 60000
2.328191 22400 60000
2.316283 25600 60000
2.322127 28800 60000
2.293786 32000 60000
2.329588 35200 60000
2.322571 38400 60000
2.304771 41600 60000
2.350272 44800 60000
2.300381 48000 60000
2.275525 51200 60000
2.309849 54400 60000
2.310468 57600 60000
