Epoch 1
-------------------------------
2.314594     0 60000
2.319616  3200 60000
48.904049  6400 60000
2.303798  9600 60000
2.312635 12800 60000
2.315463 16000 60000
2.345291 19200 60000
2.328770 22400 60000
2.278805 25600 60000
2.338047 28800 60000
2.292701 32000 60000
2.312096 35200 60000
2.307300 38400 60000
2.285709 41600 60000
2.299610 44800 60000
2.333347 48000 60000
2.346743 51200 60000
2.292197 54400 60000
2.326453 57600 60000
Epoch 2
-------------------------------
2.315506     0 60000
2.342442  3200 60000
2.329015  6400 60000
2.305622  9600 60000
2.339222 12800 60000
2.401309 16000 60000
2.307281 19200 60000
2.344493 22400 60000
2.319112 25600 60000
2.306996 28800 60000
2.363316 32000 60000
2.344169 35200 60000
2.307453 38400 60000
2.289156 41600 60000
2.364651 44800 60000
2.306437 48000 60000
2.322924 51200 60000
2.322701 54400 60000
2.310048 57600 60000
Epoch 3
-------------------------------
2.324419     0 60000
2.304878  3200 60000
2.333356  6400 60000
2.305144  9600 60000
2.282301 12800 60000
2.261254 16000 60000
2.324905 19200 60000
2.333925 22400 60000
2.323123 25600 60000
2.291337 28800 60000
2.298241 32000 60000
2.388138 35200 60000
2.332150 38400 60000
2.266181 41600 60000
2.323318 44800 60000
2.371397 48000 60000
2.275065 51200 60000
2.315197 54400 60000
2.303974 57600 60000
Epoch 4
-------------------------------
2.330929     0 60000
2.357689  3200 60000
2.329517  6400 60000
2.266634  9600 60000
2.318061 12800 60000
2.405971 16000 60000
2.295288 19200 60000
2.311541 22400 60000
2.304779 25600 60000
2.308099 28800 60000
2.328214 32000 60000
2.288103 35200 60000
2.277349 38400 60000
2.301539 41600 60000
2.320622 44800 60000
2.303672 48000 60000
2.312564 51200 60000
2.290381 54400 60000
2.324445 57600 60000
Epoch 5
-------------------------------
2.260953     0 60000
2.320632  3200 60000
2.357813  6400 60000
2.312703  9600 60000
2.305745 12800 60000
2.295830 16000 60000
2.293245 19200 60000
2.257921 22400 60000
2.295078 25600 60000
2.313978 28800 60000
2.251434 32000 60000
2.350276 35200 60000
2.309982 38400 60000
2.301435 41600 60000
2.309474 44800 60000
2.297936 48000 60000
2.304772 51200 60000
2.294097 54400 60000
2.256062 57600 60000
Epoch 6
-------------------------------
2.295495     0 60000
2.289398  3200 60000
2.322744  6400 60000
2.340039  9600 60000
2.268054 12800 60000
2.292342 16000 60000
2.373727 19200 60000
2.250307 22400 60000
2.343855 25600 60000
2.342671 28800 60000
2.334131 32000 60000
2.240103 35200 60000
2.284245 38400 60000
2.301310 41600 60000
2.312200 44800 60000
2.306032 48000 60000
2.351763 51200 60000
2.348795 54400 60000
2.271370 57600 60000
Epoch 7
-------------------------------
2.303900     0 60000
2.325873  3200 60000
2.312061  6400 60000
2.300083  9600 60000
2.351638 12800 60000
2.364113 16000 60000
2.348772 19200 60000
2.269255 22400 60000
2.313130 25600 60000
2.372918 28800 60000
2.326968 32000 60000
2.294555 35200 60000
2.329451 38400 60000
2.308310 41600 60000
2.307368 44800 60000
2.303190 48000 60000
2.290304 51200 60000
2.311315 54400 60000
2.325069 57600 60000
Epoch 8
-------------------------------
2.261221     0 60000
2.329965  3200 60000
2.328763  6400 60000
2.317346  9600 60000
2.346276 12800 60000
2.315265 16000 60000
2.287945 19200 60000
2.315353 22400 60000
2.283523 25600 60000
2.313450 28800 60000
2.300342 32000 60000
2.324129 35200 60000
2.339352 38400 60000
2.319656 41600 60000
2.321575 44800 60000
2.323229 48000 60000
2.292636 51200 60000
2.369859 54400 60000
2.333394 57600 60000
Epoch 9
-------------------------------
2.268412     0 60000
2.314404  3200 60000
2.327580  6400 60000
2.308655  9600 60000
2.296818 12800 60000
2.357924 16000 60000
2.307854 19200 60000
2.305067 22400 60000
2.343698 25600 60000
2.289449 28800 60000
2.275888 32000 60000
2.305727 35200 60000
2.298501 38400 60000
2.320767 41600 60000
2.300448 44800 60000
2.346449 48000 60000
2.287631 51200 60000
2.381259 54400 60000
2.308991 57600 60000
Epoch 10
-------------------------------
2.256755     0 60000
2.353994  3200 60000
2.330658  6400 60000
2.414383  9600 60000
2.336493 12800 60000
2.308182 16000 60000
2.334017 19200 60000
2.300589 22400 60000
2.318764 25600 60000
2.286007 28800 60000
2.312227 32000 60000
2.306723 35200 60000
2.338144 38400 60000
2.337396 41600 60000
2.270825 44800 60000
2.380233 48000 60000
2.359532 51200 60000
2.310806 54400 60000
2.286262 57600 60000
Epoch 11
-------------------------------
2.320234     0 60000
2.308338  3200 60000
2.300165  6400 60000
2.324784  9600 60000
2.281195 12800 60000
2.270749 16000 60000
2.255292 19200 60000
2.333086 22400 60000
2.342295 25600 60000
2.326989 28800 60000
2.307161 32000 60000
2.331374 35200 60000
2.320997 38400 60000
2.297490 41600 60000
2.294277 44800 60000
2.326725 48000 60000
2.332551 51200 60000
2.300251 54400 60000
2.271173 57600 60000
Epoch 12
-------------------------------
2.330113     0 60000
2.280549  3200 60000
2.297410  6400 60000
2.311258  9600 60000
2.326681 12800 60000
2.353064 16000 60000
2.328533 19200 60000
2.311568 22400 60000
2.302267 25600 60000
2.269309 28800 60000
2.330772 32000 60000
2.307501 35200 60000
2.308934 38400 60000
2.326482 41600 60000
2.285794 44800 60000
2.331727 48000 60000
2.340190 51200 60000
2.257977 54400 60000
2.304259 57600 60000
