Epoch 1
-------------------------------
2.330516     0 60000
2.304598  3200 60000
2.305032  6400 60000
2.302722  9600 60000
2.303697 12800 60000
2.305719 16000 60000
2.301713 19200 60000
2.302120 22400 60000
2.302912 25600 60000
2.307696 28800 60000
2.302540 32000 60000
2.294075 35200 60000
2.308572 38400 60000
2.317963 41600 60000
2.298792 44800 60000
2.309843 48000 60000
2.324481 51200 60000
2.322316 54400 60000
2.292978 57600 60000
Epoch 2
-------------------------------
2.287500     0 60000
2.298549  3200 60000
2.310684  6400 60000
2.297913  9600 60000
2.312096 12800 60000
2.312301 16000 60000
2.299731 19200 60000
2.303508 22400 60000
2.312003 25600 60000
2.321850 28800 60000
2.299885 32000 60000
2.300171 35200 60000
2.295788 38400 60000
2.295492 41600 60000
2.308357 44800 60000
2.300452 48000 60000
2.299727 51200 60000
2.309457 54400 60000
2.296480 57600 60000
Epoch 3
-------------------------------
2.300426     0 60000
2.301331  3200 60000
2.314313  6400 60000
2.304744  9600 60000
2.297140 12800 60000
2.304826 16000 60000
2.312873 19200 60000
2.300270 22400 60000
2.315990 25600 60000
2.312120 28800 60000
2.304905 32000 60000
2.301897 35200 60000
2.292270 38400 60000
2.312984 41600 60000
2.343214 44800 60000
2.293427 48000 60000
2.312491 51200 60000
2.309571 54400 60000
2.304364 57600 60000
Epoch 4
-------------------------------
2.298862     0 60000
2.304405  3200 60000
2.296213  6400 60000
2.297270  9600 60000
2.297401 12800 60000
2.293020 16000 60000
2.303633 19200 60000
2.317374 22400 60000
2.324320 25600 60000
2.307432 28800 60000
2.301801 32000 60000
2.297640 35200 60000
2.292267 38400 60000
2.291520 41600 60000
2.295499 44800 60000
2.297013 48000 60000
2.306056 51200 60000
2.300133 54400 60000
2.306374 57600 60000
Epoch 5
-------------------------------
2.296562     0 60000
2.303761  3200 60000
2.304540  6400 60000
2.293228  9600 60000
2.312052 12800 60000
2.324785 16000 60000
2.302428 19200 60000
2.306776 22400 60000
2.301400 25600 60000
2.316733 28800 60000
2.291993 32000 60000
2.302794 35200 60000
2.318202 38400 60000
2.316920 41600 60000
2.319250 44800 60000
2.294049 48000 60000
2.301945 51200 60000
2.306133 54400 60000
2.317943 57600 60000
Epoch 6
-------------------------------
2.306039     0 60000
2.287831  3200 60000
2.309090  6400 60000
2.307272  9600 60000
2.314137 12800 60000
2.313654 16000 60000
2.309439 19200 60000
2.298221 22400 60000
2.298545 25600 60000
2.303106 28800 60000
2.311671 32000 60000
2.305479 35200 60000
2.341393 38400 60000
2.308720 41600 60000
2.313411 44800 60000
2.299110 48000 60000
2.284406 51200 60000
2.298607 54400 60000
2.312264 57600 60000
Epoch 7
-------------------------------
2.295879     0 60000
2.294738  3200 60000
2.317931  6400 60000
2.300901  9600 60000
2.304631 12800 60000
2.306456 16000 60000
2.338276 19200 60000
2.289340 22400 60000
2.301085 25600 60000
2.310293 28800 60000
2.305818 32000 60000
2.312955 35200 60000
2.311406 38400 60000
2.312333 41600 60000
2.303448 44800 60000
2.299037 48000 60000
2.316339 51200 60000
2.309895 54400 60000
2.289206 57600 60000
Epoch 8
-------------------------------
2.314023     0 60000
2.312503  3200 60000
2.305915  6400 60000
2.304086  9600 60000
2.313480 12800 60000
2.301535 16000 60000
2.304129 19200 60000
2.299176 22400 60000
2.292529 25600 60000
2.308275 28800 60000
2.301163 32000 60000
2.294339 35200 60000
2.292277 38400 60000
2.318454 41600 60000
2.308486 44800 60000
2.304596 48000 60000
2.325156 51200 60000
2.301869 54400 60000
2.329607 57600 60000
Epoch 9
-------------------------------
2.302682     0 60000
2.279175  3200 60000
2.305412  6400 60000
2.322641  9600 60000
2.295891 12800 60000
2.294692 16000 60000
2.308084 19200 60000
2.294850 22400 60000
2.302063 25600 60000
2.288075 28800 60000
2.302898 32000 60000
2.306213 35200 60000
2.306263 38400 60000
2.287603 41600 60000
2.330160 44800 60000
2.319683 48000 60000
2.301239 51200 60000
2.297701 54400 60000
2.311401 57600 60000
Epoch 10
-------------------------------
2.293513     0 60000
2.297497  3200 60000
2.305169  6400 60000
2.318377  9600 60000
2.298485 12800 60000
2.298584 16000 60000
2.292317 19200 60000
2.295496 22400 60000
2.295092 25600 60000
2.313375 28800 60000
2.300971 32000 60000
2.302400 35200 60000
2.316497 38400 60000
2.319128 41600 60000
2.303318 44800 60000
2.296611 48000 60000
2.302346 51200 60000
2.304783 54400 60000
2.302981 57600 60000
Epoch 11
-------------------------------
2.304861     0 60000
2.299303  3200 60000
2.311498  6400 60000
2.315866  9600 60000
2.301996 12800 60000
2.284110 16000 60000
2.299711 19200 60000
2.302344 22400 60000
2.310305 25600 60000
2.303645 28800 60000
2.296432 32000 60000
2.306931 35200 60000
2.290214 38400 60000
2.309862 41600 60000
2.310934 44800 60000
2.295300 48000 60000
2.303358 51200 60000
2.304290 54400 60000
2.319142 57600 60000
Epoch 12
-------------------------------
2.312137     0 60000
2.306353  3200 60000
2.299772  6400 60000
2.321757  9600 60000
2.297716 12800 60000
2.298225 16000 60000
2.304837 19200 60000
2.303584 22400 60000
2.305911 25600 60000
2.310694 28800 60000
2.299045 32000 60000
2.298833 35200 60000
2.299430 38400 60000
2.302000 41600 60000
2.295340 44800 60000
2.308040 48000 60000
2.292119 51200 60000
2.307780 54400 60000
2.300703 57600 60000
