Epoch 1
-------------------------------
2.306912     0 60000
2.365789  3200 60000
2.314641  6400 60000
2.297826  9600 60000
2.304900 12800 60000
2.314195 16000 60000
2.293143 19200 60000
2.316658 22400 60000
2.299326 25600 60000
2.290052 28800 60000
2.359403 32000 60000
2.302713 35200 60000
2.307340 38400 60000
2.355378 41600 60000
2.321168 44800 60000
2.328208 48000 60000
2.326309 51200 60000
2.283346 54400 60000
2.297375 57600 60000
Epoch 2
-------------------------------
2.348454     0 60000
2.306348  3200 60000
2.322490  6400 60000
2.316384  9600 60000
2.323010 12800 60000
2.359788 16000 60000
2.283392 19200 60000
2.285153 22400 60000
2.314262 25600 60000
2.303905 28800 60000
2.304543 32000 60000
2.292901 35200 60000
2.325199 38400 60000
2.329530 41600 60000
2.302794 44800 60000
2.326039 48000 60000
2.319533 51200 60000
2.324997 54400 60000
2.273391 57600 60000
Epoch 3
-------------------------------
2.304900     0 60000
2.309730  3200 60000
2.323910  6400 60000
2.289829  9600 60000
2.316724 12800 60000
2.431114 16000 60000
2.326188 19200 60000
2.301783 22400 60000
2.312318 25600 60000
2.354091 28800 60000
2.317536 32000 60000
2.319394 35200 60000
2.312660 38400 60000
2.384654 41600 60000
2.346408 44800 60000
2.310663 48000 60000
2.322421 51200 60000
2.272430 54400 60000
2.294525 57600 60000
Epoch 4
-------------------------------
2.323348     0 60000
2.307104  3200 60000
2.295344  6400 60000
2.297258  9600 60000
2.293605 12800 60000
2.334712 16000 60000
2.283905 19200 60000
2.315196 22400 60000
2.290816 25600 60000
2.309087 28800 60000
2.322677 32000 60000
2.309882 35200 60000
2.284341 38400 60000
2.354873 41600 60000
2.378244 44800 60000
2.317274 48000 60000
2.277260 51200 60000
2.258144 54400 60000
2.330999 57600 60000
Epoch 5
-------------------------------
2.321406     0 60000
2.280688  3200 60000
2.333294  6400 60000
2.325248  9600 60000
2.346382 12800 60000
2.316157 16000 60000
2.298739 19200 60000
2.292738 22400 60000
2.306636 25600 60000
2.277938 28800 60000
2.392173 32000 60000
2.317008 35200 60000
2.337826 38400 60000
2.303673 41600 60000
2.389109 44800 60000
2.316278 48000 60000
2.280912 51200 60000
2.285896 54400 60000
2.331758 57600 60000
Epoch 6
-------------------------------
2.306126     0 60000
2.345422  3200 60000
2.296134  6400 60000
2.301589  9600 60000
2.295826 12800 60000
2.304701 16000 60000
2.310702 19200 60000
2.305434 22400 60000
2.366397 25600 60000
2.349476 28800 60000
2.307728 32000 60000
2.321877 35200 60000
2.297885 38400 60000
2.334688 41600 60000
2.348269 44800 60000
2.304776 48000 60000
2.311017 51200 60000
2.394904 54400 60000
2.328040 57600 60000
Epoch 7
-------------------------------
2.294301     0 60000
2.360716  3200 60000
2.339781  6400 60000
2.276711  9600 60000
2.324556 12800 60000
2.313785 16000 60000
2.334654 19200 60000
2.339278 22400 60000
2.306404 25600 60000
2.310423 28800 60000
2.299682 32000 60000
2.323945 35200 60000
2.326164 38400 60000
2.345968 41600 60000
2.313282 44800 60000
2.312016 48000 60000
2.373076 51200 60000
2.359760 54400 60000
2.307614 57600 60000
Epoch 8
-------------------------------
2.293777     0 60000
2.322981  3200 60000
2.309299  6400 60000
2.266236  9600 60000
2.329355 12800 60000
2.325862 16000 60000
2.288526 19200 60000
2.333553 22400 60000
2.311282 25600 60000
2.319685 28800 60000
2.313646 32000 60000
2.342097 35200 60000
2.351214 38400 60000
2.303216 41600 60000
2.283646 44800 60000
2.297671 48000 60000
2.297253 51200 60000
2.303657 54400 60000
2.300683 57600 60000
Epoch 9
-------------------------------
2.338504     0 60000
2.305673  3200 60000
2.323626  6400 60000
2.294134  9600 60000
2.326041 12800 60000
2.372022 16000 60000
2.300347 19200 60000
2.287720 22400 60000
2.332254 25600 60000
2.337073 28800 60000
2.298957 32000 60000
2.317058 35200 60000
2.348070 38400 60000
2.312893 41600 60000
2.340188 44800 60000
2.357422 48000 60000
2.288329 51200 60000
2.304376 54400 60000
2.322583 57600 60000
Epoch 10
-------------------------------
2.298624     0 60000
2.334225  3200 60000
2.400887  6400 60000
2.288703  9600 60000
2.335316 12800 60000
2.303268 16000 60000
2.266671 19200 60000
2.301653 22400 60000
2.315174 25600 60000
2.305285 28800 60000
2.329581 32000 60000
2.313473 35200 60000
2.321476 38400 60000
2.301910 41600 60000
2.361204 44800 60000
2.305120 48000 60000
2.345660 51200 60000
2.360164 54400 60000
2.302104 57600 60000
Epoch 11
-------------------------------
2.281120     0 60000
2.313163  3200 60000
2.342492  6400 60000
2.329887  9600 60000
2.315740 12800 60000
2.277204 16000 60000
2.277266 19200 60000
2.339954 22400 60000
2.311151 25600 60000
2.326772 28800 60000
2.319859 32000 60000
2.294050 35200 60000
2.336763 38400 60000
2.300918 41600 60000
2.313161 44800 60000
2.303553 48000 60000
2.347833 51200 60000
2.306171 54400 60000
2.308439 57600 60000
Epoch 12
-------------------------------
2.251974     0 60000
2.350899  3200 60000
2.329058  6400 60000
2.338613  9600 60000
2.341735 12800 60000
2.280104 16000 60000
2.318596 19200 60000
2.323111 22400 60000
2.326111 25600 60000
2.318697 28800 60000
2.292882 32000 60000
2.306517 35200 60000
2.336546 38400 60000
2.294534 41600 60000
2.290221 44800 60000
2.342030 48000 60000
2.294696 51200 60000
2.257643 54400 60000
2.313846 57600 60000
