Epoch 1
-------------------------------
2.293435     0 60000
2.300338  3200 60000
2.279422  6400 60000
2.286521  9600 60000
2.347527 12800 60000
2.314325 16000 60000
2.273379 19200 60000
2.311464 22400 60000
2.308397 25600 60000
2.340537 28800 60000
2.316363 32000 60000
2.253460 35200 60000
2.277205 38400 60000
2.327452 41600 60000
2.306182 44800 60000
2.345788 48000 60000
2.275405 51200 60000
2.312834 54400 60000
2.306123 57600 60000
Epoch 2
-------------------------------
2.285264     0 60000
2.303471  3200 60000
2.323511  6400 60000
2.313385  9600 60000
2.363747 12800 60000
2.316627 16000 60000
2.230000 19200 60000
2.303787 22400 60000
2.300053 25600 60000
2.303140 28800 60000
2.310427 32000 60000
2.325855 35200 60000
2.323019 38400 60000
2.406648 41600 60000
2.322417 44800 60000
2.297841 48000 60000
2.276475 51200 60000
2.304464 54400 60000
2.336754 57600 60000
Epoch 3
-------------------------------
2.338765     0 60000
2.364691  3200 60000
2.345902  6400 60000
2.321019  9600 60000
2.306960 12800 60000
2.354233 16000 60000
2.327901 19200 60000
2.313681 22400 60000
2.382933 25600 60000
2.344284 28800 60000
2.300338 32000 60000
2.294597 35200 60000
2.321890 38400 60000
2.351845 41600 60000
2.293227 44800 60000
2.334475 48000 60000
2.301514 51200 60000
2.337639 54400 60000
2.300237 57600 60000
Epoch 4
-------------------------------
2.300097     0 60000
2.346384  3200 60000
2.286338  6400 60000
2.325800  9600 60000
2.274477 12800 60000
2.330327 16000 60000
2.305182 19200 60000
2.318191 22400 60000
2.321202 25600 60000
2.300580 28800 60000
2.307446 32000 60000
2.321712 35200 60000
2.315372 38400 60000
2.315007 41600 60000
2.319517 44800 60000
2.317880 48000 60000
2.264469 51200 60000
2.300571 54400 60000
2.284957 57600 60000
Epoch 5
-------------------------------
2.364577     0 60000
2.294829  3200 60000
2.314374  6400 60000
2.356822  9600 60000
2.343626 12800 60000
2.317857 16000 60000
2.242231 19200 60000
2.319488 22400 60000
2.264167 25600 60000
2.301932 28800 60000
2.299839 32000 60000
2.303707 35200 60000
2.337529 38400 60000
2.319106 41600 60000
2.300589 44800 60000
2.375345 48000 60000
2.310326 51200 60000
2.333357 54400 60000
2.325920 57600 60000
Epoch 6
-------------------------------
2.338832     0 60000
2.361310  3200 60000
2.276288  6400 60000
2.293076  9600 60000
2.268542 12800 60000
2.293421 16000 60000
2.377030 19200 60000
2.260933 22400 60000
2.343772 25600 60000
2.296075 28800 60000
2.337215 32000 60000
2.344444 35200 60000
2.310768 38400 60000
2.265137 41600 60000
2.323574 44800 60000
2.311840 48000 60000
2.342428 51200 60000
2.341853 54400 60000
2.323606 57600 60000
Epoch 7
-------------------------------
2.340382     0 60000
2.339523  3200 60000
2.305918  6400 60000
2.369040  9600 60000
2.325608 12800 60000
2.288431 16000 60000
2.291504 19200 60000
2.327162 22400 60000
2.309428 25600 60000
2.289907 28800 60000
2.326739 32000 60000
2.272214 35200 60000
2.357280 38400 60000
2.273877 41600 60000
2.302456 44800 60000
2.375982 48000 60000
2.318795 51200 60000
2.343899 54400 60000
2.303626 57600 60000
Epoch 8
-------------------------------
2.312217     0 60000
2.325884  3200 60000
2.299252  6400 60000
2.320292  9600 60000
2.330148 12800 60000
2.281697 16000 60000
2.300809 19200 60000
2.320059 22400 60000
2.455544 25600 60000
2.379581 28800 60000
2.305424 32000 60000
2.335924 35200 60000
2.293956 38400 60000
2.336102 41600 60000
2.319362 44800 60000
2.339766 48000 60000
2.336859 51200 60000
2.302767 54400 60000
2.341563 57600 60000
Epoch 9
-------------------------------
2.294939     0 60000
2.312383  3200 60000
2.386873  6400 60000
2.355065  9600 60000
2.279768 12800 60000
2.282569 16000 60000
2.305482 19200 60000
2.341245 22400 60000
2.362898 25600 60000
2.334052 28800 60000
2.329041 32000 60000
2.333981 35200 60000
2.312740 38400 60000
2.338397 41600 60000
2.303807 44800 60000
2.325214 48000 60000
2.353049 51200 60000
2.383954 54400 60000
2.296149 57600 60000
Epoch 10
-------------------------------
2.287204     0 60000
2.303095  3200 60000
2.318665  6400 60000
2.302002  9600 60000
2.410663 12800 60000
2.267781 16000 60000
2.329517 19200 60000
2.319073 22400 60000
2.306624 25600 60000
2.323171 28800 60000
2.321267 32000 60000
2.331996 35200 60000
2.358210 38400 60000
2.299753 41600 60000
2.315091 44800 60000
2.355769 48000 60000
2.311181 51200 60000
2.225249 54400 60000
2.319172 57600 60000
Epoch 11
-------------------------------
2.262981     0 60000
2.302749  3200 60000
2.318736  6400 60000
2.322533  9600 60000
2.280076 12800 60000
2.296219 16000 60000
2.276863 19200 60000
2.312463 22400 60000
2.313917 25600 60000
2.345297 28800 60000
2.293792 32000 60000
2.313950 35200 60000
2.276490 38400 60000
2.356630 41600 60000
2.289700 44800 60000
2.309699 48000 60000
2.317948 51200 60000
2.309490 54400 60000
2.290344 57600 60000
Epoch 12
-------------------------------
2.328464     0 60000
2.306384  3200 60000
2.266696  6400 60000
2.333824  9600 60000
2.300187 12800 60000
2.316323 16000 60000
2.303256 19200 60000
2.278836 22400 60000
2.286443 25600 60000
2.311404 28800 60000
2.347387 32000 60000
2.313993 35200 60000
2.302809 38400 60000
2.279418 41600 60000
2.339347 44800 60000
2.357741 48000 60000
2.313339 51200 60000
2.342016 54400 60000
2.321937 57600 60000
