Epoch 1
-------------------------------
2.312243     0 60000
2.309384  3200 60000
2.314748  6400 60000
2.299687  9600 60000
2.298098 12800 60000
2.305995 16000 60000
2.292871 19200 60000
2.300357 22400 60000
2.306310 25600 60000
2.277281 28800 60000
2.307364 32000 60000
2.315095 35200 60000
2.304037 38400 60000
2.310375 41600 60000
2.293515 44800 60000
2.308375 48000 60000
2.291937 51200 60000
2.335719 54400 60000
2.297732 57600 60000
Epoch 2
-------------------------------
2.295112     0 60000
2.301527  3200 60000
2.281296  6400 60000
2.298134  9600 60000
2.293541 12800 60000
2.306937 16000 60000
2.311764 19200 60000
2.325087 22400 60000
2.317298 25600 60000
2.309701 28800 60000
2.301992 32000 60000
2.303734 35200 60000
2.304111 38400 60000
2.306083 41600 60000
2.302942 44800 60000
2.316802 48000 60000
2.304958 51200 60000
2.295127 54400 60000
2.301125 57600 60000
Epoch 3
-------------------------------
2.296205     0 60000
2.304464  3200 60000
2.309794  6400 60000
2.316481  9600 60000
2.290484 12800 60000
2.308149 16000 60000
2.312558 19200 60000
2.328305 22400 60000
2.308141 25600 60000
2.306006 28800 60000
2.304260 32000 60000
2.302722 35200 60000
2.327006 38400 60000
2.295380 41600 60000
2.311601 44800 60000
2.294017 48000 60000
2.310276 51200 60000
2.306283 54400 60000
2.290332 57600 60000
Epoch 4
-------------------------------
2.312770     0 60000
2.287803  3200 60000
2.298067  6400 60000
2.307336  9600 60000
2.294007 12800 60000
2.280163 16000 60000
2.295699 19200 60000
2.306024 22400 60000
2.309141 25600 60000
2.304222 28800 60000
2.301980 32000 60000
2.307861 35200 60000
2.309255 38400 60000
2.321151 41600 60000
2.290088 44800 60000
2.309202 48000 60000
2.308474 51200 60000
2.298407 54400 60000
2.294862 57600 60000
Epoch 5
-------------------------------
2.302421     0 60000
2.316085  3200 60000
2.301765  6400 60000
2.310526  9600 60000
2.305916 12800 60000
2.295315 16000 60000
2.305844 19200 60000
2.305199 22400 60000
2.302750 25600 60000
2.305961 28800 60000
2.286561 32000 60000
2.296741 35200 60000
2.313000 38400 60000
2.310604 41600 60000
2.310563 44800 60000
2.296491 48000 60000
2.307447 51200 60000
2.293926 54400 60000
2.316864 57600 60000
Epoch 6
-------------------------------
2.300024     0 60000
2.308599  3200 60000
2.300563  6400 60000
2.317178  9600 60000
2.302480 12800 60000
2.311539 16000 60000
2.288198 19200 60000
2.305104 22400 60000
2.290691 25600 60000
2.304071 28800 60000
2.307850 32000 60000
2.319288 35200 60000
2.308702 38400 60000
2.308716 41600 60000
2.301638 44800 60000
2.311695 48000 60000
2.297113 51200 60000
2.306665 54400 60000
2.323155 57600 60000
Epoch 7
-------------------------------
2.320440     0 60000
2.310642  3200 60000
2.302150  6400 60000
2.289972  9600 60000
2.310846 12800 60000
2.307770 16000 60000
2.304537 19200 60000
2.305210 22400 60000
2.301653 25600 60000
2.308111 28800 60000
2.317494 32000 60000
2.315678 35200 60000
2.309548 38400 60000
2.301041 41600 60000
2.314752 44800 60000
2.291825 48000 60000
2.306893 51200 60000
2.301326 54400 60000
2.312951 57600 60000
Epoch 8
-------------------------------
2.300966     0 60000
2.311163  3200 60000
2.290332  6400 60000
2.321730  9600 60000
2.286716 12800 60000
2.315844 16000 60000
2.294567 19200 60000
2.309641 22400 60000
2.302071 25600 60000
2.302012 28800 60000
2.293422 32000 60000
2.298656 35200 60000
2.299242 38400 60000
2.301007 41600 60000
2.296982 44800 60000
2.297541 48000 60000
2.311183 51200 60000
2.309764 54400 60000
2.311162 57600 60000
Epoch 9
-------------------------------
2.298465     0 60000
2.308488  3200 60000
2.297129  6400 60000
2.297090  9600 60000
2.304234 12800 60000
2.289313 16000 60000
2.305467 19200 60000
2.288714 22400 60000
2.309440 25600 60000
2.303965 28800 60000
2.305509 32000 60000
2.310876 35200 60000
2.303893 38400 60000
2.300911 41600 60000
2.284889 44800 60000
2.305251 48000 60000
2.300286 51200 60000
2.306061 54400 60000
2.297688 57600 60000
Epoch 10
-------------------------------
2.267200     0 60000
2.295304  3200 60000
2.290570  6400 60000
2.310645  9600 60000
2.325485 12800 60000
2.298426 16000 60000
2.289129 19200 60000
2.302600 22400 60000
2.292547 25600 60000
2.305388 28800 60000
2.303596 32000 60000
2.291435 35200 60000
2.306200 38400 60000
2.297300 41600 60000
2.302842 44800 60000
2.308953 48000 60000
2.293617 51200 60000
2.303499 54400 60000
2.310658 57600 60000
Epoch 11
-------------------------------
2.303937     0 60000
2.320695  3200 60000
2.306618  6400 60000
2.297812  9600 60000
2.310426 12800 60000
2.305140 16000 60000
2.307473 19200 60000
2.303924 22400 60000
2.307716 25600 60000
2.300351 28800 60000
2.308960 32000 60000
2.306238 35200 60000
2.299700 38400 60000
2.297863 41600 60000
2.285661 44800 60000
2.310000 48000 60000
2.297186 51200 60000
2.300554 54400 60000
2.310336 57600 60000
Epoch 12
-------------------------------
2.299711     0 60000
2.288895  3200 60000
2.316620  6400 60000
2.304981  9600 60000
2.301109 12800 60000
2.290526 16000 60000
2.307211 19200 60000
2.287433 22400 60000
2.300547 25600 60000
2.307127 28800 60000
2.308546 32000 60000
2.288130 35200 60000
2.306139 38400 60000
2.290026 41600 60000
2.295522 44800 60000
2.312104 48000 60000
2.285705 51200 60000
2.306669 54400 60000
2.304182 57600 60000
