Epoch 1
-------------------------------
2.294971     0 60000
2.315690  3200 60000
2.305548  6400 60000
2.298122  9600 60000
2.297300 12800 60000
2.296520 16000 60000
2.308663 19200 60000
2.300382 22400 60000
2.298520 25600 60000
2.305423 28800 60000
2.304569 32000 60000
2.301828 35200 60000
2.304818 38400 60000
2.308191 41600 60000
2.304869 44800 60000
2.304780 48000 60000
2.299736 51200 60000
2.302164 54400 60000
2.299402 57600 60000
Epoch 2
-------------------------------
2.301723     0 60000
2.300838  3200 60000
2.303736  6400 60000
2.301766  9600 60000
2.306191 12800 60000
2.300442 16000 60000
2.301344 19200 60000
2.303654 22400 60000
2.304949 25600 60000
2.303560 28800 60000
2.304681 32000 60000
2.302934 35200 60000
2.305940 38400 60000
2.300201 41600 60000
2.302941 44800 60000
2.299856 48000 60000
2.301906 51200 60000
2.302085 54400 60000
2.301433 57600 60000
Epoch 3
-------------------------------
2.305072     0 60000
2.301494  3200 60000
2.304239  6400 60000
2.302835  9600 60000
2.306034 12800 60000
2.303192 16000 60000
2.301857 19200 60000
2.301523 22400 60000
2.302829 25600 60000
2.302437 28800 60000
2.299747 32000 60000
2.305509 35200 60000
2.303511 38400 60000
2.302074 41600 60000
2.303969 44800 60000
2.303556 48000 60000
2.303117 51200 60000
2.303107 54400 60000
2.299438 57600 60000
Epoch 4
-------------------------------
2.300591     0 60000
2.298058  3200 60000
2.304439  6400 60000
2.302099  9600 60000
2.302810 12800 60000
2.301708 16000 60000
2.302730 19200 60000
2.302535 22400 60000
2.303192 25600 60000
2.303118 28800 60000
2.307018 32000 60000
2.304057 35200 60000
2.301526 38400 60000
2.305218 41600 60000
2.304086 44800 60000
2.301925 48000 60000
2.304948 51200 60000
2.303307 54400 60000
2.302668 57600 60000
Epoch 5
-------------------------------
2.302948     0 60000
2.300995  3200 60000
2.303516  6400 60000
2.304860  9600 60000
2.300552 12800 60000
2.299802 16000 60000
2.301144 19200 60000
2.304142 22400 60000
2.301981 25600 60000
2.302819 28800 60000
2.304590 32000 60000
2.301663 35200 60000
2.302557 38400 60000
2.303159 41600 60000
2.303088 44800 60000
2.304909 48000 60000
2.303843 51200 60000
2.304265 54400 60000
2.302235 57600 60000
Epoch 6
-------------------------------
2.299037     0 60000
2.302293  3200 60000
2.301521  6400 60000
2.302914  9600 60000
2.306401 12800 60000
2.302755 16000 60000
2.297332 19200 60000
2.300244 22400 60000
2.302271 25600 60000
2.304887 28800 60000
2.308516 32000 60000
2.301181 35200 60000
2.300746 38400 60000
2.303030 41600 60000
2.301299 44800 60000
2.304334 48000 60000
2.304232 51200 60000
2.309078 54400 60000
2.304597 57600 60000
Epoch 7
-------------------------------
2.302755     0 60000
2.301089  3200 60000
2.302320  6400 60000
2.299996  9600 60000
2.306084 12800 60000
2.298898 16000 60000
2.303247 19200 60000
2.305529 22400 60000
2.302918 25600 60000
2.303583 28800 60000
2.302123 32000 60000
2.300785 35200 60000
2.304688 38400 60000
2.301162 41600 60000
2.302059 44800 60000
2.302961 48000 60000
2.303973 51200 60000
2.300161 54400 60000
2.302298 57600 60000
Epoch 8
-------------------------------
2.300889     0 60000
2.307491  3200 60000
2.303790  6400 60000
2.303521  9600 60000
2.301479 12800 60000
2.305577 16000 60000
2.298565 19200 60000
2.307765 22400 60000
2.307274 25600 60000
2.300523 28800 60000
2.302927 32000 60000
2.302492 35200 60000
2.304665 38400 60000
2.308942 41600 60000
2.301181 44800 60000
2.303753 48000 60000
2.301147 51200 60000
2.301090 54400 60000
2.301997 57600 60000
Epoch 9
-------------------------------
2.303950     0 60000
2.305124  3200 60000
2.300263  6400 60000
2.304129  9600 60000
2.304221 12800 60000
2.303559 16000 60000
2.299740 19200 60000
2.303056 22400 60000
2.302891 25600 60000
2.302395 28800 60000
2.300944 32000 60000
2.300255 35200 60000
2.301652 38400 60000
2.300747 41600 60000
2.303747 44800 60000
2.303112 48000 60000
2.304257 51200 60000
2.302693 54400 60000
2.303691 57600 60000
Epoch 10
-------------------------------
2.300973     0 60000
2.301962  3200 60000
2.301553  6400 60000
2.298036  9600 60000
2.301228 12800 60000
2.303851 16000 60000
2.301667 19200 60000
2.304077 22400 60000
2.301441 25600 60000
2.304919 28800 60000
2.302385 32000 60000
2.302871 35200 60000
2.299609 38400 60000
2.300901 41600 60000
2.305461 44800 60000
2.305340 48000 60000
2.306076 51200 60000
2.301227 54400 60000
2.304271 57600 60000
Epoch 11
-------------------------------
2.303447     0 60000
2.302271  3200 60000
2.300793  6400 60000
2.301198  9600 60000
2.305527 12800 60000
2.300743 16000 60000
2.303787 19200 60000
2.300558 22400 60000
2.303917 25600 60000
2.301302 28800 60000
2.304392 32000 60000
2.300787 35200 60000
2.301784 38400 60000
2.305473 41600 60000
2.301890 44800 60000
2.307508 48000 60000
2.302490 51200 60000
2.304684 54400 60000
2.299314 57600 60000
Epoch 12
-------------------------------
2.304186     0 60000
2.296427  3200 60000
2.302310  6400 60000
2.304287  9600 60000
2.303961 12800 60000
2.302286 16000 60000
2.302084 19200 60000
2.303728 22400 60000
2.301784 25600 60000
2.300577 28800 60000
2.299731 32000 60000
2.306511 35200 60000
2.303550 38400 60000
2.302287 41600 60000
2.303146 44800 60000
2.305164 48000 60000
2.304886 51200 60000
2.302196 54400 60000
2.302637 57600 60000
