Epoch 1
-------------------------------
2.296191     0 60000
2.313439  3200 60000
2.301033  6400 60000
2.306308  9600 60000
2.304945 12800 60000
2.300702 16000 60000
2.300520 19200 60000
2.303454 22400 60000
2.298195 25600 60000
2.312302 28800 60000
2.305039 32000 60000
2.299818 35200 60000
2.316199 38400 60000
2.312713 41600 60000
2.304783 44800 60000
2.295983 48000 60000
2.321333 51200 60000
2.294586 54400 60000
2.312999 57600 60000
Epoch 2
-------------------------------
2.298456     0 60000
2.303140  3200 60000
2.313262  6400 60000
2.308303  9600 60000
2.298204 12800 60000
2.300332 16000 60000
2.291230 19200 60000
2.310308 22400 60000
2.306069 25600 60000
2.287607 28800 60000
2.301293 32000 60000
2.294783 35200 60000
2.299816 38400 60000
2.308525 41600 60000
2.311499 44800 60000
2.283705 48000 60000
2.298970 51200 60000
2.321161 54400 60000
2.299778 57600 60000
Epoch 3
-------------------------------
2.303814     0 60000
2.313385  3200 60000
2.295569  6400 60000
2.305766  9600 60000
2.332276 12800 60000
2.301196 16000 60000
2.311896 19200 60000
2.282882 22400 60000
2.296918 25600 60000
2.303622 28800 60000
2.310189 32000 60000
2.299744 35200 60000
2.304409 38400 60000
2.309327 41600 60000
2.309200 44800 60000
2.300988 48000 60000
2.309891 51200 60000
2.314255 54400 60000
2.306897 57600 60000
Epoch 4
-------------------------------
2.299160     0 60000
2.299320  3200 60000
2.311127  6400 60000
2.319756  9600 60000
2.302432 12800 60000
2.326369 16000 60000
2.323054 19200 60000
2.322573 22400 60000
2.309519 25600 60000
2.307948 28800 60000
2.304133 32000 60000
2.309397 35200 60000
2.293892 38400 60000
2.308095 41600 60000
2.294231 44800 60000
2.305542 48000 60000
2.305189 51200 60000
2.311131 54400 60000
2.298933 57600 60000
Epoch 5
-------------------------------
2.303391     0 60000
2.300551  3200 60000
2.308873  6400 60000
2.291065  9600 60000
2.311804 12800 60000
2.336953 16000 60000
2.319487 19200 60000
2.320451 22400 60000
2.307343 25600 60000
2.323675 28800 60000
2.320958 32000 60000
2.303949 35200 60000
2.311373 38400 60000
2.302744 41600 60000
2.308797 44800 60000
2.290068 48000 60000
2.305532 51200 60000
2.313845 54400 60000
2.310845 57600 60000
Epoch 6
-------------------------------
2.317615     0 60000
2.308045  3200 60000
2.286941  6400 60000
2.286312  9600 60000
2.319667 12800 60000
2.318249 16000 60000
2.298747 19200 60000
2.305120 22400 60000
2.299985 25600 60000
2.301409 28800 60000
2.313178 32000 60000
2.313861 35200 60000
2.280289 38400 60000
2.307306 41600 60000
2.306161 44800 60000
2.320096 48000 60000
2.302051 51200 60000
2.298130 54400 60000
2.296274 57600 60000
Epoch 7
-------------------------------
2.307921     0 60000
2.306312  3200 60000
2.305318  6400 60000
2.301598  9600 60000
2.306353 12800 60000
2.292425 16000 60000
2.301800 19200 60000
2.309137 22400 60000
2.315273 25600 60000
2.313580 28800 60000
2.300223 32000 60000
2.299527 35200 60000
2.307880 38400 60000
2.305731 41600 60000
2.302653 44800 60000
2.303236 48000 60000
2.306850 51200 60000
2.298584 54400 60000
2.319422 57600 60000
Epoch 8
-------------------------------
2.308942     0 60000
2.307087  3200 60000
2.294289  6400 60000
2.306294  9600 60000
2.326262 12800 60000
2.298886 16000 60000
2.296174 19200 60000
2.298324 22400 60000
2.292722 25600 60000
2.299851 28800 60000
2.309270 32000 60000
2.296647 35200 60000
2.302633 38400 60000
2.302236 41600 60000
2.301634 44800 60000
2.306574 48000 60000
2.311076 51200 60000
2.293878 54400 60000
2.287893 57600 60000
Epoch 9
-------------------------------
2.300641     0 60000
2.308863  3200 60000
2.291053  6400 60000
2.301827  9600 60000
2.308910 12800 60000
2.317611 16000 60000
2.298607 19200 60000
2.314675 22400 60000
2.314471 25600 60000
2.303171 28800 60000
2.297582 32000 60000
2.303764 35200 60000
2.304424 38400 60000
2.299894 41600 60000
2.298959 44800 60000
2.291259 48000 60000
2.304579 51200 60000
2.305484 54400 60000
2.305704 57600 60000
Epoch 10
-------------------------------
2.298209     0 60000
2.305234  3200 60000
2.300783  6400 60000
2.299959  9600 60000
2.305006 12800 60000
2.308658 16000 60000
2.309863 19200 60000
2.309279 22400 60000
2.306128 25600 60000
2.304105 28800 60000
2.294584 32000 60000
2.296858 35200 60000
2.294983 38400 60000
2.295893 41600 60000
2.312858 44800 60000
2.306265 48000 60000
2.296846 51200 60000
2.305923 54400 60000
2.290600 57600 60000
Epoch 11
-------------------------------
2.312364     0 60000
2.296571  3200 60000
2.296407  6400 60000
2.305883  9600 60000
2.297403 12800 60000
2.309696 16000 60000
2.292356 19200 60000
2.305119 22400 60000
2.298783 25600 60000
2.303214 28800 60000
2.316396 32000 60000
2.301006 35200 60000
2.308068 38400 60000
2.305198 41600 60000
2.301513 44800 60000
2.304687 48000 60000
2.312530 51200 60000
2.293523 54400 60000
2.292213 57600 60000
Epoch 12
-------------------------------
2.303964     0 60000
2.294359  3200 60000
2.304042  6400 60000
2.298518  9600 60000
2.317336 12800 60000
2.299606 16000 60000
2.315902 19200 60000
2.308740 22400 60000
2.303439 25600 60000
2.310020 28800 60000
2.296883 32000 60000
2.304550 35200 60000
2.301251 38400 60000
2.305391 41600 60000
2.319435 44800 60000
2.320102 48000 60000
2.301996 51200 60000
2.295732 54400 60000
2.299827 57600 60000
