Epoch 1
-------------------------------
2.296234     0 60000
2.365571  3200 60000
4.500000  6400 60000
2.306106  9600 60000
2.297673 12800 60000
2.374019 16000 60000
2.337051 19200 60000
2.313834 22400 60000
2.302080 25600 60000
2.359896 28800 60000
2.341513 32000 60000
2.325567 35200 60000
2.302565 38400 60000
2.315766 41600 60000
2.349661 44800 60000
2.318145 48000 60000
2.316694 51200 60000
2.356211 54400 60000
2.325166 57600 60000
Epoch 2
-------------------------------
2.274920     0 60000
2.267911  3200 60000
2.399087  6400 60000
2.283269  9600 60000
2.305030 12800 60000
2.294876 16000 60000
2.307468 19200 60000
2.333123 22400 60000
2.347576 25600 60000
2.381743 28800 60000
2.314303 32000 60000
2.279786 35200 60000
2.347873 38400 60000
2.307390 41600 60000
2.296769 44800 60000
2.314211 48000 60000
2.332496 51200 60000
2.349228 54400 60000
2.303679 57600 60000
Epoch 3
-------------------------------
2.342567     0 60000
2.310828  3200 60000
2.317748  6400 60000
2.325044  9600 60000
2.292739 12800 60000
2.293184 16000 60000
2.284731 19200 60000
2.310300 22400 60000
2.334709 25600 60000
2.326403 28800 60000
2.345840 32000 60000
2.310941 35200 60000
2.276049 38400 60000
2.327415 41600 60000
2.300656 44800 60000
2.280994 48000 60000
2.277808 51200 60000
2.390567 54400 60000
2.310265 57600 60000
Epoch 4
-------------------------------
2.293309     0 60000
2.295390  3200 60000
2.295753  6400 60000
2.322336  9600 60000
2.326052 12800 60000
2.308032 16000 60000
2.321193 19200 60000
2.377960 22400 60000
2.309245 25600 60000
2.286609 28800 60000
2.394878 32000 60000
2.263463 35200 60000
2.315325 38400 60000
2.351930 41600 60000
2.370908 44800 60000
2.323647 48000 60000
2.347103 51200 60000
2.296647 54400 60000
2.276876 57600 60000
Epoch 5
-------------------------------
2.355577     0 60000
2.285864  3200 60000
2.311201  6400 60000
2.390568  9600 60000
2.313913 12800 60000
2.339470 16000 60000
2.327571 19200 60000
2.292198 22400 60000
2.333274 25600 60000
2.307117 28800 60000
2.339682 32000 60000
2.328132 35200 60000
2.340824 38400 60000
2.318901 41600 60000
2.346660 44800 60000
2.335592 48000 60000
2.345724 51200 60000
2.300633 54400 60000
2.304871 57600 60000
Epoch 6
-------------------------------
2.372601     0 60000
2.342432  3200 60000
2.341017  6400 60000
2.327194  9600 60000
2.289937 12800 60000
2.389570 16000 60000
2.284448 19200 60000
2.328443 22400 60000
2.337510 25600 60000
2.303663 28800 60000
2.329423 32000 60000
2.302121 35200 60000
2.327194 38400 60000
2.288459 41600 60000
2.297386 44800 60000
2.359945 48000 60000
2.330503 51200 60000
2.297323 54400 60000
2.279312 57600 60000
Epoch 7
-------------------------------
2.342631     0 60000
2.308496  3200 60000
2.244807  6400 60000
2.318082  9600 60000
2.308664 12800 60000
2.309304 16000 60000
2.339170 19200 60000
2.285234 22400 60000
2.282947 25600 60000
2.288436 28800 60000
2.341641 32000 60000
2.310951 35200 60000
2.370359 38400 60000
2.351874 41600 60000
2.361233 44800 60000
2.311668 48000 60000
2.337412 51200 60000
2.344804 54400 60000
2.410881 57600 60000
Epoch 8
-------------------------------
2.287570     0 60000
2.331534  3200 60000
2.307907  6400 60000
2.297594  9600 60000
2.327185 12800 60000
2.296207 16000 60000
2.271812 19200 60000
2.315686 22400 60000
2.320656 25600 60000
2.290391 28800 60000
2.321441 32000 60000
2.277096 35200 60000
2.338544 38400 60000
2.308599 41600 60000
2.278552 44800 60000
2.319945 48000 60000
2.332066 51200 60000
2.308526 54400 60000
2.316070 57600 60000
Epoch 9
-------------------------------
2.322839     0 60000
2.349936  3200 60000
2.306527  6400 60000
2.302105  9600 60000
2.372099 12800 60000
2.335947 16000 60000
2.258166 19200 60000
2.307982 22400 60000
2.319846 25600 60000
2.332103 28800 60000
2.326788 32000 60000
2.336730 35200 60000
2.321766 38400 60000
2.310737 41600 60000
2.330218 44800 60000
2.307328 48000 60000
2.321510 51200 60000
2.296577 54400 60000
2.265404 57600 60000
Epoch 10
-------------------------------
2.285612     0 60000
2.315793  3200 60000
2.329779  6400 60000
2.323623  9600 60000
2.333820 12800 60000
2.305745 16000 60000
2.285148 19200 60000
2.273941 22400 60000
2.360590 25600 60000
2.270596 28800 60000
2.338151 32000 60000
2.299532 35200 60000
2.304286 38400 60000
2.284346 41600 60000
2.277750 44800 60000
2.310974 48000 60000
2.283881 51200 60000
2.375640 54400 60000
2.348190 57600 60000
Epoch 11
-------------------------------
2.306318     0 60000
2.272357  3200 60000
2.270771  6400 60000
2.302029  9600 60000
2.309650 12800 60000
2.359078 16000 60000
2.282766 19200 60000
2.299658 22400 60000
2.300644 25600 60000
2.352032 28800 60000
2.303144 32000 60000
2.286505 35200 60000
2.260307 38400 60000
2.316973 41600 60000
2.347097 44800 60000
2.348346 48000 60000
2.287463 51200 60000
2.299031 54400 60000
2.338895 57600 60000
Epoch 12
-------------------------------
2.289626     0 60000
2.377111  3200 60000
2.322340  6400 60000
2.284766  9600 60000
2.297792 12800 60000
2.312473 16000 60000
2.288732 19200 60000
2.312856 22400 60000
2.331553 25600 60000
2.311439 28800 60000
2.281069 32000 60000
2.339281 35200 60000
2.322873 38400 60000
2.283956 41600 60000
2.314967 44800 60000
2.331171 48000 60000
2.294808 51200 60000
2.336878 54400 60000
2.344460 57600 60000
