Epoch 1
-------------------------------
2.288256     0 60000
2.305358  3200 60000
2.308311  6400 60000
2.287834  9600 60000
2.303114 12800 60000
2.296772 16000 60000
2.301557 19200 60000
2.301776 22400 60000
2.299363 25600 60000
2.305731 28800 60000
2.300739 32000 60000
2.301796 35200 60000
2.303798 38400 60000
2.302149 41600 60000
2.301757 44800 60000
2.302465 48000 60000
2.304567 51200 60000
2.302481 54400 60000
2.301654 57600 60000
Epoch 2
-------------------------------
2.301212     0 60000
2.304659  3200 60000
2.305097  6400 60000
2.298566  9600 60000
2.300401 12800 60000
2.304784 16000 60000
2.309618 19200 60000
2.303120 22400 60000
2.299752 25600 60000
2.303549 28800 60000
2.298638 32000 60000
2.302150 35200 60000
2.305631 38400 60000
2.301689 41600 60000
2.301221 44800 60000
2.301017 48000 60000
2.301528 51200 60000
2.300276 54400 60000
2.303591 57600 60000
Epoch 3
-------------------------------
2.301321     0 60000
2.302948  3200 60000
2.303619  6400 60000
2.302198  9600 60000
2.301260 12800 60000
2.302990 16000 60000
2.303908 19200 60000
2.301138 22400 60000
2.299065 25600 60000
2.304792 28800 60000
2.301515 32000 60000
2.302423 35200 60000
2.303086 38400 60000
2.302757 41600 60000
2.305475 44800 60000
2.302063 48000 60000
2.305025 51200 60000
2.301849 54400 60000
2.307052 57600 60000
Epoch 4
-------------------------------
2.303346     0 60000
2.304900  3200 60000
2.301154  6400 60000
2.308802  9600 60000
2.298864 12800 60000
2.301334 16000 60000
2.301903 19200 60000
2.300135 22400 60000
2.303049 25600 60000
2.301852 28800 60000
2.303661 32000 60000
2.302271 35200 60000
2.304858 38400 60000
2.302108 41600 60000
2.302266 44800 60000
2.301951 48000 60000
2.303094 51200 60000
2.302240 54400 60000
2.300611 57600 60000
Epoch 5
-------------------------------
2.302829     0 60000
2.304263  3200 60000
2.302964  6400 60000
2.305324  9600 60000
2.301000 12800 60000
2.306880 16000 60000
2.303082 19200 60000
2.300770 22400 60000
2.295199 25600 60000
2.305819 28800 60000
2.294765 32000 60000
2.300356 35200 60000
2.303743 38400 60000
2.302152 41600 60000
2.301987 44800 60000
2.301833 48000 60000
2.302481 51200 60000
2.301953 54400 60000
2.301915 57600 60000
Epoch 6
-------------------------------
2.301161     0 60000
2.302617  3200 60000
2.301080  6400 60000
2.302847  9600 60000
2.303169 12800 60000
2.305817 16000 60000
2.301010 19200 60000
2.302351 22400 60000
2.303860 25600 60000
2.304260 28800 60000
2.299139 32000 60000
2.306068 35200 60000
2.302114 38400 60000
2.305686 41600 60000
2.304376 44800 60000
2.302918 48000 60000
2.303930 51200 60000
2.305929 54400 60000
2.302207 57600 60000
Epoch 7
-------------------------------
2.304838     0 60000
2.302192  3200 60000
2.304950  6400 60000
2.304624  9600 60000
2.305457 12800 60000
2.298453 16000 60000
2.301564 19200 60000
2.300197 22400 60000
2.307356 25600 60000
2.301117 28800 60000
2.301819 32000 60000
2.305766 35200 60000
2.303799 38400 60000
2.299525 41600 60000
2.303897 44800 60000
2.301927 48000 60000
2.301059 51200 60000
2.302150 54400 60000
2.303986 57600 60000
Epoch 8
-------------------------------
2.303257     0 60000
2.310040  3200 60000
2.302324  6400 60000
2.303452  9600 60000
2.300715 12800 60000
2.298142 16000 60000
2.301528 19200 60000
2.302494 22400 60000
2.305011 25600 60000
2.307870 28800 60000
2.300032 32000 60000
2.304249 35200 60000
2.302949 38400 60000
2.301332 41600 60000
2.301078 44800 60000
2.303097 48000 60000
2.300978 51200 60000
2.300926 54400 60000
2.304252 57600 60000
Epoch 9
-------------------------------
2.301299     0 60000
2.299927  3200 60000
2.301481  6400 60000
2.305209  9600 60000
2.303636 12800 60000
2.302538 16000 60000
2.299440 19200 60000
2.302863 22400 60000
2.300279 25600 60000
2.303895 28800 60000
2.301986 32000 60000
2.303925 35200 60000
2.302139 38400 60000
2.303866 41600 60000
2.304801 44800 60000
2.304261 48000 60000
2.301284 51200 60000
2.299804 54400 60000
2.302964 57600 60000
Epoch 10
-------------------------------
2.303306     0 60000
2.305320  3200 60000
2.303909  6400 60000
2.303229  9600 60000
2.302739 12800 60000
2.306342 16000 60000
2.304902 19200 60000
2.302948 22400 60000
2.304412 25600 60000
2.304953 28800 60000
2.299822 32000 60000
2.303522 35200 60000
2.303749 38400 60000
2.302242 41600 60000
2.303494 44800 60000
2.303766 48000 60000
2.303669 51200 60000
2.304546 54400 60000
2.304135 57600 60000
Epoch 11
-------------------------------
2.300391     0 60000
2.303986  3200 60000
2.303308  6400 60000
2.306814  9600 60000
2.300773 12800 60000
2.300238 16000 60000
2.303566 19200 60000
2.303773 22400 60000
2.303259 25600 60000
2.299807 28800 60000
2.304201 32000 60000
2.305309 35200 60000
2.303861 38400 60000
2.301985 41600 60000
2.305378 44800 60000
2.307125 48000 60000
2.303053 51200 60000
2.300667 54400 60000
2.301487 57600 60000
Epoch 12
-------------------------------
2.303543     0 60000
2.301693  3200 60000
2.298825  6400 60000
2.305894  9600 60000
2.299142 12800 60000
2.301959 16000 60000
2.304054 19200 60000
2.300052 22400 60000
2.305796 25600 60000
2.303958 28800 60000
2.302883 32000 60000
2.301410 35200 60000
2.304602 38400 60000
2.301316 41600 60000
2.299552 44800 60000
2.301389 48000 60000
2.300571 51200 60000
2.304263 54400 60000
2.300969 57600 60000
