Epoch 1
-------------------------------
2.314850     0 60000
2.301079  3200 60000
2.320826  6400 60000
2.305452  9600 60000
2.309133 12800 60000
2.315891 16000 60000
2.312039 19200 60000
2.317566 22400 60000
2.304019 25600 60000
2.304438 28800 60000
2.306117 32000 60000
2.308339 35200 60000
2.297637 38400 60000
2.292364 41600 60000
2.311214 44800 60000
2.291382 48000 60000
2.308619 51200 60000
2.290453 54400 60000
2.307998 57600 60000
Epoch 2
-------------------------------
2.314165     0 60000
2.314080  3200 60000
2.289424  6400 60000
2.308745  9600 60000
2.300128 12800 60000
2.305355 16000 60000
2.303844 19200 60000
2.298282 22400 60000
2.300300 25600 60000
2.304090 28800 60000
2.296947 32000 60000
2.308064 35200 60000
2.292120 38400 60000
2.305715 41600 60000
2.298285 44800 60000
2.313782 48000 60000
2.316492 51200 60000
2.308933 54400 60000
2.311447 57600 60000
Epoch 3
-------------------------------
2.310839     0 60000
2.302968  3200 60000
2.301557  6400 60000
2.306293  9600 60000
2.310337 12800 60000
2.314454 16000 60000
2.281412 19200 60000
2.297802 22400 60000
2.294529 25600 60000
2.315904 28800 60000
2.304110 32000 60000
2.306598 35200 60000
2.299182 38400 60000
2.307068 41600 60000
2.307333 44800 60000
2.316771 48000 60000
2.300840 51200 60000
2.293762 54400 60000
2.299155 57600 60000
Epoch 4
-------------------------------
2.313550     0 60000
2.298627  3200 60000
2.320513  6400 60000
2.302919  9600 60000
2.308908 12800 60000
2.301117 16000 60000
2.300462 19200 60000
2.316928 22400 60000
2.300275 25600 60000
2.307649 28800 60000
2.306031 32000 60000
2.312828 35200 60000
2.309399 38400 60000
2.288491 41600 60000
2.310594 44800 60000
2.296330 48000 60000
2.289470 51200 60000
2.304466 54400 60000
2.304817 57600 60000
Epoch 5
-------------------------------
2.276818     0 60000
2.306323  3200 60000
2.296225  6400 60000
2.313631  9600 60000
2.305826 12800 60000
2.305863 16000 60000
2.301334 19200 60000
2.308364 22400 60000
2.307581 25600 60000
2.319969 28800 60000
2.321298 32000 60000
2.305966 35200 60000
2.296819 38400 60000
2.329194 41600 60000
2.290750 44800 60000
2.303773 48000 60000
2.311465 51200 60000
2.318620 54400 60000
2.308824 57600 60000
Epoch 6
-------------------------------
2.309644     0 60000
2.299306  3200 60000
2.298659  6400 60000
2.297401  9600 60000
2.291939 12800 60000
2.294373 16000 60000
2.318396 19200 60000
2.302439 22400 60000
2.294092 25600 60000
2.308269 28800 60000
2.293526 32000 60000
2.297886 35200 60000
2.314402 38400 60000
2.304176 41600 60000
2.312859 44800 60000
2.300583 48000 60000
2.311112 51200 60000
2.305805 54400 60000
2.306377 57600 60000
Epoch 7
-------------------------------
2.306196     0 60000
2.320778  3200 60000
2.305239  6400 60000
2.292492  9600 60000
2.303823 12800 60000
2.293214 16000 60000
2.307654 19200 60000
2.300960 22400 60000
2.308092 25600 60000
2.298584 28800 60000
2.305374 32000 60000
2.294911 35200 60000
2.313910 38400 60000
2.286258 41600 60000
2.315880 44800 60000
2.307252 48000 60000
2.307211 51200 60000
2.306933 54400 60000
2.309403 57600 60000
Epoch 8
-------------------------------
2.303026     0 60000
2.330801  3200 60000
2.312819  6400 60000
2.321778  9600 60000
2.303276 12800 60000
2.302647 16000 60000
2.293261 19200 60000
2.314588 22400 60000
2.307468 25600 60000
2.291589 28800 60000
2.310737 32000 60000
2.313668 35200 60000
2.309788 38400 60000
2.302923 41600 60000
2.310465 44800 60000
2.314821 48000 60000
2.298045 51200 60000
2.308434 54400 60000
2.314643 57600 60000
Epoch 9
-------------------------------
2.302849     0 60000
2.306765  3200 60000
2.298487  6400 60000
2.300244  9600 60000
2.297251 12800 60000
2.302695 16000 60000
2.303320 19200 60000
2.299089 22400 60000
2.305886 25600 60000
2.302978 28800 60000
2.295724 32000 60000
2.296354 35200 60000
2.298223 38400 60000
2.295905 41600 60000
2.305617 44800 60000
2.294396 48000 60000
2.304728 51200 60000
2.313066 54400 60000
2.307163 57600 60000
Epoch 10
-------------------------------
2.298099     0 60000
2.300439  3200 60000
2.294563  6400 60000
2.302130  9600 60000
2.304045 12800 60000
2.304267 16000 60000
2.298790 19200 60000
2.296370 22400 60000
2.301118 25600 60000
2.307382 28800 60000
2.299362 32000 60000
2.301713 35200 60000
2.282117 38400 60000
2.308469 41600 60000
2.295678 44800 60000
2.292959 48000 60000
2.306078 51200 60000
2.294019 54400 60000
2.304674 57600 60000
Epoch 11
-------------------------------
2.297817     0 60000
2.295736  3200 60000
2.315868  6400 60000
2.309699  9600 60000
2.321618 12800 60000
2.301677 16000 60000
2.304822 19200 60000
2.317327 22400 60000
2.307887 25600 60000
2.302863 28800 60000
2.313371 32000 60000
2.299332 35200 60000
2.313041 38400 60000
2.302143 41600 60000
2.304265 44800 60000
2.306515 48000 60000
2.311302 51200 60000
2.304384 54400 60000
2.302389 57600 60000
Epoch 12
-------------------------------
2.302552     0 60000
2.301807  3200 60000
2.283608  6400 60000
2.310589  9600 60000
2.297986 12800 60000
2.302868 16000 60000
2.305108 19200 60000
2.323317 22400 60000
2.304666 25600 60000
2.295527 28800 60000
2.295457 32000 60000
2.296182 35200 60000
2.310208 38400 60000
2.302809 41600 60000
2.298964 44800 60000
2.315536 48000 60000
2.318193 51200 60000
2.303127 54400 60000
2.313862 57600 60000
