Epoch 1
-------------------------------
2.377861     0 60000
2.302154  3200 60000
2.308245  6400 60000
2.296348  9600 60000
2.312965 12800 60000
2.305082 16000 60000
2.296853 19200 60000
2.305251 22400 60000
2.305375 25600 60000
2.293093 28800 60000
2.309068 32000 60000
2.312442 35200 60000
2.307448 38400 60000
2.306407 41600 60000
2.307592 44800 60000
2.314657 48000 60000
2.300746 51200 60000
2.306511 54400 60000
2.321005 57600 60000
Epoch 2
-------------------------------
2.294468     0 60000
2.318037  3200 60000
2.296134  6400 60000
2.296628  9600 60000
2.296383 12800 60000
2.291778 16000 60000
2.297328 19200 60000
2.308985 22400 60000
2.302243 25600 60000
2.313335 28800 60000
2.312695 32000 60000
2.295232 35200 60000
2.301564 38400 60000
2.299500 41600 60000
2.312705 44800 60000
2.308546 48000 60000
2.296818 51200 60000
2.311215 54400 60000
2.297398 57600 60000
Epoch 3
-------------------------------
2.311783     0 60000
2.293846  3200 60000
2.313509  6400 60000
2.308109  9600 60000
2.312579 12800 60000
2.314842 16000 60000
2.325304 19200 60000
2.310855 22400 60000
2.310616 25600 60000
2.303087 28800 60000
2.316180 32000 60000
2.293578 35200 60000
2.307212 38400 60000
2.310502 41600 60000
2.301867 44800 60000
2.300205 48000 60000
2.296870 51200 60000
2.317470 54400 60000
2.317559 57600 60000
Epoch 4
-------------------------------
2.309797     0 60000
2.306859  3200 60000
2.314834  6400 60000
2.311603  9600 60000
2.298066 12800 60000
2.303610 16000 60000
2.303744 19200 60000
2.306448 22400 60000
2.307291 25600 60000
2.269681 28800 60000
2.293721 32000 60000
2.310172 35200 60000
2.297111 38400 60000
2.301141 41600 60000
2.301772 44800 60000
2.299287 48000 60000
2.308582 51200 60000
2.332059 54400 60000
2.312137 57600 60000
Epoch 5
-------------------------------
2.314174     0 60000
2.288728  3200 60000
2.294009  6400 60000
2.293474  9600 60000
2.304405 12800 60000
2.301519 16000 60000
2.304240 19200 60000
2.307858 22400 60000
2.315321 25600 60000
2.308953 28800 60000
2.319053 32000 60000
2.321886 35200 60000
2.305194 38400 60000
2.319604 41600 60000
2.304319 44800 60000
2.294119 48000 60000
2.309726 51200 60000
2.288537 54400 60000
2.308249 57600 60000
Epoch 6
-------------------------------
2.301234     0 60000
2.304900  3200 60000
2.300735  6400 60000
2.300812  9600 60000
2.304003 12800 60000
2.302976 16000 60000
2.299846 19200 60000
2.313120 22400 60000
2.307393 25600 60000
2.302087 28800 60000
2.299068 32000 60000
2.308462 35200 60000
2.303566 38400 60000
2.307504 41600 60000
2.319230 44800 60000
2.303896 48000 60000
2.313899 51200 60000
2.299394 54400 60000
2.300490 57600 60000
Epoch 7
-------------------------------
2.306370     0 60000
2.310714  3200 60000
2.306660  6400 60000
2.323138  9600 60000
2.304201 12800 60000
2.309976 16000 60000
2.303187 19200 60000
2.295858 22400 60000
2.307025 25600 60000
2.302587 28800 60000
2.329055 32000 60000
2.298242 35200 60000
2.317127 38400 60000
2.288313 41600 60000
2.291274 44800 60000
2.298890 48000 60000
2.303617 51200 60000
2.316023 54400 60000
2.315141 57600 60000
Epoch 8
-------------------------------
2.308887     0 60000
2.302827  3200 60000
2.306749  6400 60000
2.294741  9600 60000
2.328963 12800 60000
2.299299 16000 60000
2.307935 19200 60000
2.308022 22400 60000
2.307543 25600 60000
2.307732 28800 60000
2.297989 32000 60000
2.306714 35200 60000
2.314394 38400 60000
2.315581 41600 60000
2.299512 44800 60000
2.301273 48000 60000
2.305160 51200 60000
2.295612 54400 60000
2.306967 57600 60000
Epoch 9
-------------------------------
2.310588     0 60000
2.295926  3200 60000
2.289770  6400 60000
2.297490  9600 60000
2.286766 12800 60000
2.299034 16000 60000
2.294662 19200 60000
2.303354 22400 60000
2.294130 25600 60000
2.302286 28800 60000
2.298055 32000 60000
2.293571 35200 60000
2.288854 38400 60000
2.298342 41600 60000
2.297502 44800 60000
2.306123 48000 60000
2.309824 51200 60000
2.309936 54400 60000
2.320800 57600 60000
Epoch 10
-------------------------------
2.304264     0 60000
2.297358  3200 60000
2.305035  6400 60000
2.296451  9600 60000
2.304384 12800 60000
2.307173 16000 60000
2.285071 19200 60000
2.302892 22400 60000
2.301022 25600 60000
2.308439 28800 60000
2.294232 32000 60000
2.295722 35200 60000
2.295019 38400 60000
2.305953 41600 60000
2.298819 44800 60000
2.318850 48000 60000
2.297874 51200 60000
2.292409 54400 60000
2.308702 57600 60000
Epoch 11
-------------------------------
2.299314     0 60000
2.303742  3200 60000
2.311592  6400 60000
2.312298  9600 60000
2.317270 12800 60000
2.303297 16000 60000
2.282961 19200 60000
2.309417 22400 60000
2.304705 25600 60000
2.314863 28800 60000
2.298750 32000 60000
2.299789 35200 60000
2.308722 38400 60000
2.310420 41600 60000
2.297419 44800 60000
2.314548 48000 60000
2.314317 51200 60000
2.308222 54400 60000
2.282963 57600 60000
Epoch 12
-------------------------------
2.310088     0 60000
2.315096  3200 60000
2.312197  6400 60000
2.317564  9600 60000
2.306046 12800 60000
2.313626 16000 60000
2.300610 19200 60000
2.293722 22400 60000
2.301462 25600 60000
2.302089 28800 60000
2.300499 32000 60000
2.304159 35200 60000
2.309449 38400 60000
2.314662 41600 60000
2.289672 44800 60000
2.309587 48000 60000
2.310188 51200 60000
2.300578 54400 60000
2.299567 57600 60000
