Epoch 1
-------------------------------
2.307812     0 60000
1.777028  3200 60000
2.341319  6400 60000
2.318112  9600 60000
2.353763 12800 60000
2.296485 16000 60000
2.351302 19200 60000
2.298330 22400 60000
2.437751 25600 60000
2.333141 28800 60000
2.324647 32000 60000
2.284393 35200 60000
2.327115 38400 60000
2.314034 41600 60000
2.304294 44800 60000
2.438564 48000 60000
2.276222 51200 60000
2.240698 54400 60000
2.334819 57600 60000
Epoch 2
-------------------------------
2.349736     0 60000
2.327924  3200 60000
2.292106  6400 60000
2.316969  9600 60000
2.298751 12800 60000
2.331208 16000 60000
2.315063 19200 60000
2.263116 22400 60000
2.314503 25600 60000
2.363708 28800 60000
2.303912 32000 60000
2.297381 35200 60000
2.311006 38400 60000
2.317883 41600 60000
2.290098 44800 60000
2.287893 48000 60000
2.307975 51200 60000
2.282142 54400 60000
2.294482 57600 60000
Epoch 3
-------------------------------
2.279184     0 60000
2.359630  3200 60000
2.306685  6400 60000
2.282893  9600 60000
2.324442 12800 60000
2.306204 16000 60000
2.289671 19200 60000
2.266415 22400 60000
2.295770 25600 60000
2.323160 28800 60000
2.348879 32000 60000
2.278455 35200 60000
2.298247 38400 60000
2.314012 41600 60000
2.317627 44800 60000
2.309050 48000 60000
2.306838 51200 60000
2.317088 54400 60000
2.325446 57600 60000
Epoch 4
-------------------------------
2.313245     0 60000
2.338632  3200 60000
2.305194  6400 60000
2.316771  9600 60000
2.337924 12800 60000
2.297422 16000 60000
2.315588 19200 60000
2.333064 22400 60000
2.326772 25600 60000
2.259675 28800 60000
2.298462 32000 60000
2.246553 35200 60000
2.314101 38400 60000
2.332110 41600 60000
2.434169 44800 60000
2.340481 48000 60000
2.300643 51200 60000
2.325322 54400 60000
2.335647 57600 60000
Epoch 5
-------------------------------
2.320465     0 60000
2.325553  3200 60000
2.340224  6400 60000
2.315014  9600 60000
2.322647 12800 60000
2.299253 16000 60000
2.292798 19200 60000
2.323189 22400 60000
2.327807 25600 60000
2.324325 28800 60000
2.378748 32000 60000
2.276091 35200 60000
2.338495 38400 60000
2.401905 41600 60000
2.312507 44800 60000
2.363968 48000 60000
2.351710 51200 60000
2.328457 54400 60000
2.309460 57600 60000
Epoch 6
-------------------------------
2.318704     0 60000
2.278643  3200 60000
2.299439  6400 60000
2.321927  9600 60000
2.315844 12800 60000
2.342849 16000 60000
2.308545 19200 60000
2.277143 22400 60000
2.361976 25600 60000
2.309373 28800 60000
2.292381 32000 60000
2.290440 35200 60000
2.300837 38400 60000
2.333047 41600 60000
2.269765 44800 60000
2.304432 48000 60000
2.309479 51200 60000
2.262688 54400 60000
2.307416 57600 60000
Epoch 7
-------------------------------
2.321732     0 60000
2.281929  3200 60000
2.326110  6400 60000
2.317901  9600 60000
2.308122 12800 60000
2.275545 16000 60000
2.275565 19200 60000
2.259142 22400 60000
2.351575 25600 60000
2.292221 28800 60000
2.305995 32000 60000
2.313158 35200 60000
2.302615 38400 60000
2.353590 41600 60000
2.296604 44800 60000
2.316882 48000 60000
2.310803 51200 60000
2.294422 54400 60000
2.290952 57600 60000
Epoch 8
-------------------------------
2.272077     0 60000
2.320111  3200 60000
2.324840  6400 60000
2.303828  9600 60000
2.281200 12800 60000
2.293132 16000 60000
2.313962 19200 60000
2.327811 22400 60000
2.336291 25600 60000
2.275842 28800 60000
2.291932 32000 60000
2.284425 35200 60000
2.307907 38400 60000
2.316361 41600 60000
2.343948 44800 60000
2.335402 48000 60000
2.292990 51200 60000
2.350841 54400 60000
2.322128 57600 60000
Epoch 9
-------------------------------
2.341577     0 60000
2.304548  3200 60000
2.298864  6400 60000
2.302282  9600 60000
2.301351 12800 60000
2.331541 16000 60000
2.302444 19200 60000
2.303822 22400 60000
2.310714 25600 60000
2.329571 28800 60000
2.295180 32000 60000
2.346352 35200 60000
2.342783 38400 60000
2.310449 41600 60000
2.270346 44800 60000
2.356790 48000 60000
2.280809 51200 60000
2.348078 54400 60000
2.300165 57600 60000
Epoch 10
-------------------------------
2.319840     0 60000
2.338691  3200 60000
2.286902  6400 60000
2.319459  9600 60000
2.248753 12800 60000
2.328774 16000 60000
2.291161 19200 60000
2.299591 22400 60000
2.334637 25600 60000
2.363817 28800 60000
2.310926 32000 60000
2.293951 35200 60000
2.335373 38400 60000
2.314815 41600 60000
2.299551 44800 60000
2.341888 48000 60000
2.321945 51200 60000
2.329192 54400 60000
2.326969 57600 60000
Epoch 11
-------------------------------
2.263753     0 60000
2.313992  3200 60000
2.352793  6400 60000
2.315790  9600 60000
2.326863 12800 60000
2.351867 16000 60000
2.327452 19200 60000
2.346550 22400 60000
2.299897 25600 60000
2.259180 28800 60000
2.343112 32000 60000
2.284326 35200 60000
2.295985 38400 60000
2.310714 41600 60000
2.323601 44800 60000
2.388678 48000 60000
2.348839 51200 60000
2.325586 54400 60000
2.258702 57600 60000
Epoch 12
-------------------------------
2.307379     0 60000
2.314929  3200 60000
2.296183  6400 60000
2.304104  9600 60000
2.335796 12800 60000
2.285370 16000 60000
2.327046 19200 60000
2.303094 22400 60000
2.290313 25600 60000
2.337799 28800 60000
2.323991 32000 60000
2.289747 35200 60000
2.291135 38400 60000
2.335508 41600 60000
2.329059 44800 60000
2.309519 48000 60000
2.306143 51200 60000
2.367334 54400 60000
2.327109 57600 60000
