Epoch 1
-------------------------------
2.316468     0 60000
2.295457  3200 60000
2.316465  6400 60000
2.305807  9600 60000
2.293810 12800 60000
2.306556 16000 60000
2.303889 19200 60000
2.306546 22400 60000
2.304263 25600 60000
2.301115 28800 60000
2.304294 32000 60000
2.301572 35200 60000
2.302786 38400 60000
2.302101 41600 60000
2.300771 44800 60000
2.298493 48000 60000
2.306279 51200 60000
2.301255 54400 60000
2.301618 57600 60000
Epoch 2
-------------------------------
2.301493     0 60000
2.303035  3200 60000
2.304510  6400 60000
2.305840  9600 60000
2.300427 12800 60000
2.301617 16000 60000
2.299160 19200 60000
2.298340 22400 60000
2.311153 25600 60000
2.302542 28800 60000
2.300955 32000 60000
2.301183 35200 60000
2.301776 38400 60000
2.301318 41600 60000
2.301026 44800 60000
2.303254 48000 60000
2.301511 51200 60000
2.303117 54400 60000
2.302842 57600 60000
Epoch 3
-------------------------------
2.302075     0 60000
2.296819  3200 60000
2.298513  6400 60000
2.302293  9600 60000
2.300241 12800 60000
2.298576 16000 60000
2.305197 19200 60000
2.302370 22400 60000
2.305323 25600 60000
2.297845 28800 60000
2.299866 32000 60000
2.299439 35200 60000
2.303513 38400 60000
2.302758 41600 60000
2.302796 44800 60000
2.302932 48000 60000
2.300617 51200 60000
2.302827 54400 60000
2.304994 57600 60000
Epoch 4
-------------------------------
2.302700     0 60000
2.301301  3200 60000
2.300872  6400 60000
2.300406  9600 60000
2.301770 12800 60000
2.302754 16000 60000
2.304383 19200 60000
2.305681 22400 60000
2.302358 25600 60000
2.304527 28800 60000
2.301593 32000 60000
2.301639 35200 60000
2.304255 38400 60000
2.298209 41600 60000
2.304228 44800 60000
2.302812 48000 60000
2.305950 51200 60000
2.303739 54400 60000
2.303712 57600 60000
Epoch 5
-------------------------------
2.303372     0 60000
2.301318  3200 60000
2.302458  6400 60000
2.303925  9600 60000
2.308793 12800 60000
2.304070 16000 60000
2.301241 19200 60000
2.306790 22400 60000
2.307343 25600 60000
2.301226 28800 60000
2.299577 32000 60000
2.306496 35200 60000
2.303406 38400 60000
2.301553 41600 60000
2.303459 44800 60000
2.303725 48000 60000
2.299563 51200 60000
2.303605 54400 60000
2.301998 57600 60000
Epoch 6
-------------------------------
2.300156     0 60000
2.303946  3200 60000
2.299572  6400 60000
2.299758  9600 60000
2.297932 12800 60000
2.307588 16000 60000
2.306113 19200 60000
2.301651 22400 60000
2.303414 25600 60000
2.304960 28800 60000
2.300362 32000 60000
2.299769 35200 60000
2.303751 38400 60000
2.303617 41600 60000
2.303015 44800 60000
2.306362 48000 60000
2.303466 51200 60000
2.303113 54400 60000
2.301478 57600 60000
Epoch 7
-------------------------------
2.301485     0 60000
2.305211  3200 60000
2.304867  6400 60000
2.303962  9600 60000
2.303949 12800 60000
2.299148 16000 60000
2.302423 19200 60000
2.302181 22400 60000
2.304838 25600 60000
2.302887 28800 60000
2.299343 32000 60000
2.303590 35200 60000
2.301022 38400 60000
2.302949 41600 60000
2.303022 44800 60000
2.300259 48000 60000
2.303794 51200 60000
2.305847 54400 60000
2.301777 57600 60000
Epoch 8
-------------------------------
2.302989     0 60000
2.303038  3200 60000
2.302546  6400 60000
2.303671  9600 60000
2.298576 12800 60000
2.302629 16000 60000
2.307203 19200 60000
2.300273 22400 60000
2.304094 25600 60000
2.301897 28800 60000
2.304641 32000 60000
2.301294 35200 60000
2.302332 38400 60000
2.302125 41600 60000
2.303587 44800 60000
2.308806 48000 60000
2.302851 51200 60000
2.300679 54400 60000
2.304627 57600 60000
Epoch 9
-------------------------------
2.301850     0 60000
2.303618  3200 60000
2.304479  6400 60000
2.303631  9600 60000
2.303236 12800 60000
2.302689 16000 60000
2.303463 19200 60000
2.302893 22400 60000
2.300660 25600 60000
2.301177 28800 60000
2.300383 32000 60000
2.303552 35200 60000
2.304354 38400 60000
2.304824 41600 60000
2.302501 44800 60000
2.302850 48000 60000
2.302407 51200 60000
2.302907 54400 60000
2.299538 57600 60000
Epoch 10
-------------------------------
2.301292     0 60000
2.303947  3200 60000
2.303096  6400 60000
2.303006  9600 60000
2.300109 12800 60000
2.303620 16000 60000
2.304073 19200 60000
2.302957 22400 60000
2.306446 25600 60000
2.301636 28800 60000
2.308189 32000 60000
2.302983 35200 60000
2.303390 38400 60000
2.304421 41600 60000
2.304148 44800 60000
2.299200 48000 60000
2.303293 51200 60000
2.302759 54400 60000
2.304285 57600 60000
Epoch 11
-------------------------------
2.301567     0 60000
2.304947  3200 60000
2.303670  6400 60000
2.304129  9600 60000
2.300389 12800 60000
2.304100 16000 60000
2.303614 19200 60000
2.305921 22400 60000
2.306919 25600 60000
2.305886 28800 60000
2.294085 32000 60000
2.297560 35200 60000
2.303291 38400 60000
2.305283 41600 60000
2.303096 44800 60000
2.300896 48000 60000
2.299025 51200 60000
2.299365 54400 60000
2.298756 57600 60000
Epoch 12
-------------------------------
2.300467     0 60000
2.300335  3200 60000
2.301346  6400 60000
2.304878  9600 60000
2.301598 12800 60000
2.305703 16000 60000
2.301259 19200 60000
2.305943 22400 60000
2.294575 25600 60000
2.303252 28800 60000
2.299893 32000 60000
2.300971 35200 60000
2.302770 38400 60000
2.303072 41600 60000
2.300032 44800 60000
2.301766 48000 60000
2.301709 51200 60000
2.301086 54400 60000
2.300149 57600 60000
