Epoch 1
-------------------------------
2.289517     0 60000
2.306084  6400 60000
2.305233 12800 60000
2.300970 19200 60000
2.295579 25600 60000
2.302706 32000 60000
2.308249 38400 60000
2.308371 44800 60000
2.316307 51200 60000
2.304701 57600 60000
Epoch 2
-------------------------------
2.292375     0 60000
2.307586  6400 60000
2.305741 12800 60000
2.304693 19200 60000
2.304982 25600 60000
2.296616 32000 60000
2.301427 38400 60000
2.309366 44800 60000
2.305279 51200 60000
2.300668 57600 60000
Epoch 3
-------------------------------
2.303252     0 60000
2.300322  6400 60000
2.313365 12800 60000
2.312455 19200 60000
2.297941 25600 60000
2.309687 32000 60000
2.305002 38400 60000
2.309408 44800 60000
2.302306 51200 60000
2.301033 57600 60000
Epoch 4
-------------------------------
2.299565     0 60000
2.307982  6400 60000
2.299557 12800 60000
2.314398 19200 60000
2.306635 25600 60000
2.302920 32000 60000
2.299670 38400 60000
2.298227 44800 60000
2.308674 51200 60000
2.302047 57600 60000
Epoch 5
-------------------------------
2.307247     0 60000
2.309189  6400 60000
2.307279 12800 60000
2.306708 19200 60000
2.311409 25600 60000
2.318736 32000 60000
2.306539 38400 60000
2.309619 44800 60000
2.312223 51200 60000
2.308853 57600 60000
Epoch 6
-------------------------------
2.311830     0 60000
2.296957  6400 60000
2.317204 12800 60000
2.300203 19200 60000
2.304309 25600 60000
2.308141 32000 60000
2.302117 38400 60000
2.300539 44800 60000
2.295616 51200 60000
2.300327 57600 60000
Epoch 7
-------------------------------
2.308953     0 60000
2.306670  6400 60000
2.304374 12800 60000
2.300040 19200 60000
2.299926 25600 60000
2.303365 32000 60000
2.306954 38400 60000
2.300925 44800 60000
2.306825 51200 60000
2.315939 57600 60000
Epoch 8
-------------------------------
2.301390     0 60000
2.301801  6400 60000
2.304357 12800 60000
2.301675 19200 60000
2.303193 25600 60000
2.308137 32000 60000
2.304101 38400 60000
2.306799 44800 60000
2.308265 51200 60000
2.298561 57600 60000
Epoch 9
-------------------------------
2.297054     0 60000
2.299828  6400 60000
2.304025 12800 60000
2.294739 19200 60000
2.313332 25600 60000
2.300799 32000 60000
2.308434 38400 60000
2.303669 44800 60000
2.308595 51200 60000
2.301523 57600 60000
Epoch 10
-------------------------------
2.304494     0 60000
2.297952  6400 60000
2.306070 12800 60000
2.302318 19200 60000
2.304483 25600 60000
2.299379 32000 60000
2.305942 38400 60000
2.308303 44800 60000
2.302069 51200 60000
2.295664 57600 60000
Epoch 11
-------------------------------
2.305237     0 60000
2.300473  6400 60000
2.301789 12800 60000
2.297648 19200 60000
2.293983 25600 60000
2.305145 32000 60000
2.303502 38400 60000
2.299437 44800 60000
2.308174 51200 60000
2.290711 57600 60000
Epoch 12
-------------------------------
2.301234     0 60000
2.306899  6400 60000
2.309582 12800 60000
2.311272 19200 60000
2.297096 25600 60000
2.301995 32000 60000
2.302983 38400 60000
2.311919 44800 60000
2.307662 51200 60000
2.303215 57600 60000
