Epoch 1
-------------------------------
2.312472     0 60000
2.295268  6400 60000
2.301755 12800 60000
2.299729 19200 60000
2.305649 25600 60000
2.300970 32000 60000
2.299571 38400 60000
2.302591 44800 60000
2.304787 51200 60000
2.301176 57600 60000
Epoch 2
-------------------------------
2.301502     0 60000
2.302941  6400 60000
2.299303 12800 60000
2.301737 19200 60000
2.300674 25600 60000
2.302201 32000 60000
2.303168 38400 60000
2.303538 44800 60000
2.304039 51200 60000
2.303354 57600 60000
Epoch 3
-------------------------------
2.301980     0 60000
2.300941  6400 60000
2.302767 12800 60000
2.302636 19200 60000
2.304271 25600 60000
2.302006 32000 60000
2.302660 38400 60000
2.302717 44800 60000
2.303723 51200 60000
2.301695 57600 60000
Epoch 4
-------------------------------
2.303382     0 60000
2.302638  6400 60000
2.302346 12800 60000
2.302944 19200 60000
2.301659 25600 60000
2.301099 32000 60000
2.300448 38400 60000
2.303268 44800 60000
2.302689 51200 60000
2.303304 57600 60000
Epoch 5
-------------------------------
2.302683     0 60000
2.302659  6400 60000
2.304358 12800 60000
2.301464 19200 60000
2.301903 25600 60000
2.303183 32000 60000
2.303475 38400 60000
2.303326 44800 60000
2.302956 51200 60000
2.301894 57600 60000
Epoch 6
-------------------------------
2.302738     0 60000
2.303079  6400 60000
2.303123 12800 60000
2.302310 19200 60000
2.303621 25600 60000
2.302029 32000 60000
2.302061 38400 60000
2.265770 44800 60000
2.303442 51200 60000
2.301891 57600 60000
Epoch 7
-------------------------------
2.301037     0 60000
2.304523  6400 60000
2.303372 12800 60000
2.302622 19200 60000
2.302372 25600 60000
2.302097 32000 60000
2.301804 38400 60000
2.301586 44800 60000
2.302567 51200 60000
2.301121 57600 60000
Epoch 8
-------------------------------
2.301969     0 60000
2.302587  6400 60000
2.302577 12800 60000
2.302016 19200 60000
2.304623 25600 60000
2.302568 32000 60000
2.302886 38400 60000
2.304284 44800 60000
2.301275 51200 60000
2.302694 57600 60000
Epoch 9
-------------------------------
2.303252     0 60000
2.302764  6400 60000
2.303972 12800 60000
2.299740 19200 60000
2.305608 25600 60000
2.305131 32000 60000
2.303734 38400 60000
2.303662 44800 60000
2.302370 51200 60000
2.303148 57600 60000
Epoch 10
-------------------------------
2.301942     0 60000
2.303577  6400 60000
2.301837 12800 60000
2.302591 19200 60000
2.302806 25600 60000
2.304854 32000 60000
2.302704 38400 60000
2.301674 44800 60000
2.300677 51200 60000
2.302435 57600 60000
Epoch 11
-------------------------------
2.301700     0 60000
2.304497  6400 60000
2.306258 12800 60000
2.300997 19200 60000
2.302510 25600 60000
2.303355 32000 60000
2.302587 38400 60000
2.301728 44800 60000
2.266438 51200 60000
2.303247 57600 60000
Epoch 12
-------------------------------
2.302867     0 60000
2.302797  6400 60000
2.303643 12800 60000
2.302469 19200 60000
2.300260 25600 60000
2.301938 32000 60000
2.301968 38400 60000
2.302573 44800 60000
2.303482 51200 60000
2.302278 57600 60000
