Epoch 1
-------------------------------
2.302999     0 60000
2.235618  6400 60000
2.474288 12800 60000
2.030015 19200 60000
2.063016 25600 60000
1.854599 32000 60000
1.924931 38400 60000
2.052814 44800 60000
2.095322 51200 60000
2.021314 57600 60000
Epoch 2
-------------------------------
1.987950     0 60000
2.155678  6400 60000
2.066088 12800 60000
2.037841 19200 60000
3.522487 25600 60000
2.291998 32000 60000
2.309459 38400 60000
2.292861 44800 60000
2.291255 51200 60000
2.288323 57600 60000
Epoch 3
-------------------------------
2.311074     0 60000
2.314992  6400 60000
2.291470 12800 60000
2.285860 19200 60000
2.311753 25600 60000
2.306963 32000 60000
2.307581 38400 60000
2.344417 44800 60000
2.294691 51200 60000
2.325791 57600 60000
Epoch 4
-------------------------------
2.311279     0 60000
2.300825  6400 60000
2.292713 12800 60000
2.321190 19200 60000
2.322888 25600 60000
2.355273 32000 60000
2.324567 38400 60000
2.328886 44800 60000
2.293906 51200 60000
2.318412 57600 60000
Epoch 5
-------------------------------
2.306200     0 60000
2.286702  6400 60000
2.292518 12800 60000
2.306163 19200 60000
2.300742 25600 60000
2.339513 32000 60000
2.272793 38400 60000
2.336310 44800 60000
2.324740 51200 60000
2.306543 57600 60000
Epoch 6
-------------------------------
2.292168     0 60000
2.285689  6400 60000
2.294690 12800 60000
2.322362 19200 60000
2.281294 25600 60000
2.335644 32000 60000
2.311045 38400 60000
2.337948 44800 60000
2.322210 51200 60000
2.300061 57600 60000
Epoch 7
-------------------------------
2.320948     0 60000
2.282677  6400 60000
2.299505 12800 60000
2.315463 19200 60000
2.284027 25600 60000
2.319705 32000 60000
2.341148 38400 60000
2.314012 44800 60000
2.298326 51200 60000
2.331497 57600 60000
Epoch 8
-------------------------------
2.286958     0 60000
2.323678  6400 60000
2.327086 12800 60000
2.335262 19200 60000
2.321621 25600 60000
2.374317 32000 60000
2.299251 38400 60000
2.345393 44800 60000
2.306758 51200 60000
2.322427 57600 60000
Epoch 9
-------------------------------
2.308047     0 60000
2.300679  6400 60000
2.321776 12800 60000
2.331221 19200 60000
2.300528 25600 60000
2.309541 32000 60000
2.291654 38400 60000
2.318571 44800 60000
2.339177 51200 60000
2.307883 57600 60000
Epoch 10
-------------------------------
2.301840     0 60000
2.280473  6400 60000
2.321499 12800 60000
2.300976 19200 60000
2.296558 25600 60000
2.309423 32000 60000
2.315242 38400 60000
2.337261 44800 60000
2.295363 51200 60000
2.310699 57600 60000
Epoch 11
-------------------------------
2.295543     0 60000
2.349905  6400 60000
2.330050 12800 60000
2.283268 19200 60000
2.303561 25600 60000
2.293242 32000 60000
2.300212 38400 60000
2.306503 44800 60000
2.293600 51200 60000
2.315301 57600 60000
Epoch 12
-------------------------------
2.299108     0 60000
2.285597  6400 60000
2.302599 12800 60000
2.301940 19200 60000
2.326352 25600 60000
2.317935 32000 60000
2.282517 38400 60000
2.314730 44800 60000
2.303685 51200 60000
2.310177 57600 60000
