Epoch 1
-------------------------------
2.309926     0 60000
2.298030  6400 60000
2.301612 12800 60000
2.304039 19200 60000
2.302266 25600 60000
2.301641 32000 60000
2.299131 38400 60000
2.304151 44800 60000
2.297005 51200 60000
2.298967 57600 60000
Epoch 2
-------------------------------
2.301870     0 60000
2.309997  6400 60000
2.301172 12800 60000
2.295189 19200 60000
2.297390 25600 60000
2.299311 32000 60000
2.306357 38400 60000
2.317327 44800 60000
2.300815 51200 60000
2.308877 57600 60000
Epoch 3
-------------------------------
2.294533     0 60000
2.301167  6400 60000
2.307348 12800 60000
2.301587 19200 60000
2.309254 25600 60000
2.296264 32000 60000
2.301875 38400 60000
2.304865 44800 60000
2.300728 51200 60000
2.300198 57600 60000
Epoch 4
-------------------------------
2.313768     0 60000
2.301353  6400 60000
2.300816 12800 60000
2.313120 19200 60000
2.313543 25600 60000
2.307856 32000 60000
2.304726 38400 60000
2.302403 44800 60000
2.299865 51200 60000
2.309511 57600 60000
Epoch 5
-------------------------------
2.299553     0 60000
2.297541  6400 60000
2.304202 12800 60000
2.299642 19200 60000
2.302211 25600 60000
2.303622 32000 60000
2.307287 38400 60000
2.307623 44800 60000
2.291452 51200 60000
2.301027 57600 60000
Epoch 6
-------------------------------
2.303078     0 60000
2.307663  6400 60000
2.305375 12800 60000
2.291751 19200 60000
2.307908 25600 60000
2.299798 32000 60000
2.288914 38400 60000
2.301374 44800 60000
2.306442 51200 60000
2.303937 57600 60000
Epoch 7
-------------------------------
2.307731     0 60000
2.311518  6400 60000
2.289138 12800 60000
2.308300 19200 60000
2.308695 25600 60000
2.309418 32000 60000
2.312922 38400 60000
2.303691 44800 60000
2.306633 51200 60000
2.301566 57600 60000
Epoch 8
-------------------------------
2.299405     0 60000
2.313413  6400 60000
2.312109 12800 60000
2.311642 19200 60000
2.296632 25600 60000
2.305138 32000 60000
2.304443 38400 60000
2.296477 44800 60000
2.309317 51200 60000
2.296446 57600 60000
Epoch 9
-------------------------------
2.298902     0 60000
2.300528  6400 60000
2.299250 12800 60000
2.304758 19200 60000
2.302827 25600 60000
2.298923 32000 60000
2.299798 38400 60000
2.304113 44800 60000
2.303678 51200 60000
2.303411 57600 60000
Epoch 10
-------------------------------
2.309676     0 60000
2.300082  6400 60000
2.297990 12800 60000
2.298647 19200 60000
2.303285 25600 60000
2.303137 32000 60000
2.304483 38400 60000
2.294998 44800 60000
2.300464 51200 60000
2.302066 57600 60000
Epoch 11
-------------------------------
2.300605     0 60000
2.301162  6400 60000
2.307509 12800 60000
2.308784 19200 60000
2.296588 25600 60000
2.306531 32000 60000
2.310489 38400 60000
2.301524 44800 60000
2.310302 51200 60000
2.304909 57600 60000
Epoch 12
-------------------------------
2.302599     0 60000
2.307158  6400 60000
2.308600 12800 60000
2.300672 19200 60000
2.302185 25600 60000
2.298044 32000 60000
2.291074 38400 60000
2.307844 44800 60000
2.303351 51200 60000
2.303744 57600 60000
