Epoch 1
-------------------------------
2.303301     0 60000
2.307982  6400 60000
2.300754 12800 60000
2.300791 19200 60000
2.296774 25600 60000
2.300251 32000 60000
2.302874 38400 60000
2.297196 44800 60000
2.313108 51200 60000
2.302678 57600 60000
Epoch 2
-------------------------------
2.291696     0 60000
2.310904  6400 60000
2.299310 12800 60000
2.308241 19200 60000
2.305703 25600 60000
2.299740 32000 60000
2.306417 38400 60000
2.309263 44800 60000
2.300456 51200 60000
2.295023 57600 60000
Epoch 3
-------------------------------
2.302126     0 60000
2.309333  6400 60000
2.294515 12800 60000
2.307148 19200 60000
2.301058 25600 60000
2.300543 32000 60000
2.301967 38400 60000
2.325671 44800 60000
2.305708 51200 60000
2.300018 57600 60000
Epoch 4
-------------------------------
2.303522     0 60000
2.298991  6400 60000
2.303146 12800 60000
2.308189 19200 60000
2.311459 25600 60000
2.298252 32000 60000
2.303358 38400 60000
2.298274 44800 60000
2.303330 51200 60000
2.299719 57600 60000
Epoch 5
-------------------------------
2.305329     0 60000
2.303988  6400 60000
2.311461 12800 60000
2.308037 19200 60000
2.301174 25600 60000
2.304900 32000 60000
2.310245 38400 60000
2.304632 44800 60000
2.306519 51200 60000
2.302510 57600 60000
Epoch 6
-------------------------------
2.310376     0 60000
2.303457  6400 60000
2.311895 12800 60000
2.306436 19200 60000
2.301655 25600 60000
2.307611 32000 60000
2.328635 38400 60000
2.298357 44800 60000
2.301543 51200 60000
2.309142 57600 60000
Epoch 7
-------------------------------
2.304102     0 60000
2.311500  6400 60000
2.303999 12800 60000
2.320075 19200 60000
2.303198 25600 60000
2.310797 32000 60000
2.308309 38400 60000
2.302868 44800 60000
2.313621 51200 60000
2.301200 57600 60000
Epoch 8
-------------------------------
2.309650     0 60000
2.305163  6400 60000
2.309605 12800 60000
2.302374 19200 60000
2.292837 25600 60000
2.307291 32000 60000
2.299044 38400 60000
2.300457 44800 60000
2.319409 51200 60000
2.306740 57600 60000
Epoch 9
-------------------------------
2.303109     0 60000
2.305296  6400 60000
2.299102 12800 60000
2.295506 19200 60000
2.305192 25600 60000
2.302826 32000 60000
2.306218 38400 60000
2.318691 44800 60000
2.303415 51200 60000
2.302881 57600 60000
Epoch 10
-------------------------------
2.302443     0 60000
2.302014  6400 60000
2.301547 12800 60000
2.296957 19200 60000
2.294506 25600 60000
2.308726 32000 60000
2.305552 38400 60000
2.300681 44800 60000
2.301982 51200 60000
2.306020 57600 60000
Epoch 11
-------------------------------
2.302080     0 60000
2.306064  6400 60000
2.302756 12800 60000
2.299734 19200 60000
2.296005 25600 60000
2.302577 32000 60000
2.296331 38400 60000
2.305181 44800 60000
2.303647 51200 60000
2.309206 57600 60000
Epoch 12
-------------------------------
2.305723     0 60000
2.296552  6400 60000
2.298885 12800 60000
2.304919 19200 60000
2.301877 25600 60000
2.306545 32000 60000
2.302063 38400 60000
2.302131 44800 60000
2.297244 51200 60000
2.305530 57600 60000
