Epoch 1
-------------------------------
2.300697     0 60000
2.306393  6400 60000
2.331817 12800 60000
2.299679 19200 60000
2.298989 25600 60000
2.332425 32000 60000
2.310317 38400 60000
2.286327 44800 60000
2.286708 51200 60000
2.327825 57600 60000
Epoch 2
-------------------------------
2.313625     0 60000
2.310427  6400 60000
2.339674 12800 60000
2.336823 19200 60000
2.332321 25600 60000
2.316051 32000 60000
2.315433 38400 60000
2.312495 44800 60000
2.305167 51200 60000
2.298309 57600 60000
Epoch 3
-------------------------------
2.300325     0 60000
2.308772  6400 60000
2.304110 12800 60000
2.323442 19200 60000
2.286092 25600 60000
2.315844 32000 60000
2.303882 38400 60000
2.293540 44800 60000
2.319972 51200 60000
2.291450 57600 60000
Epoch 4
-------------------------------
2.310054     0 60000
2.301139  6400 60000
2.304916 12800 60000
2.308131 19200 60000
2.329277 25600 60000
2.350895 32000 60000
2.315340 38400 60000
2.309564 44800 60000
2.284968 51200 60000
2.310356 57600 60000
Epoch 5
-------------------------------
2.310314     0 60000
2.311079  6400 60000
2.305189 12800 60000
2.339197 19200 60000
2.302339 25600 60000
2.306801 32000 60000
2.315566 38400 60000
2.315422 44800 60000
2.303085 51200 60000
2.313935 57600 60000
Epoch 6
-------------------------------
2.316219     0 60000
2.316646  6400 60000
2.345061 12800 60000
2.347719 19200 60000
2.336517 25600 60000
2.328743 32000 60000
2.315954 38400 60000
2.309411 44800 60000
2.294465 51200 60000
2.320331 57600 60000
Epoch 7
-------------------------------
2.301067     0 60000
2.288636  6400 60000
2.328396 12800 60000
2.303123 19200 60000
2.298191 25600 60000
2.309638 32000 60000
2.296849 38400 60000
2.305508 44800 60000
2.289047 51200 60000
2.309752 57600 60000
Epoch 8
-------------------------------
2.321303     0 60000
2.303586  6400 60000
2.295483 12800 60000
2.318120 19200 60000
2.294750 25600 60000
2.333179 32000 60000
2.361019 38400 60000
2.346586 44800 60000
2.305210 51200 60000
2.317781 57600 60000
Epoch 9
-------------------------------
2.282739     0 60000
2.307285  6400 60000
2.321768 12800 60000
2.304253 19200 60000
2.315020 25600 60000
2.296442 32000 60000
2.320132 38400 60000
2.305983 44800 60000
2.307832 51200 60000
2.299018 57600 60000
Epoch 10
-------------------------------
2.335836     0 60000
2.297426  6400 60000
2.306971 12800 60000
2.302035 19200 60000
2.290907 25600 60000
2.274816 32000 60000
2.305298 38400 60000
2.290762 44800 60000
2.279624 51200 60000
2.309593 57600 60000
Epoch 11
-------------------------------
2.306365     0 60000
2.305056  6400 60000
2.315940 12800 60000
2.315143 19200 60000
2.314253 25600 60000
2.311172 32000 60000
2.331983 38400 60000
2.314322 44800 60000
2.322817 51200 60000
2.315017 57600 60000
Epoch 12
-------------------------------
2.324740     0 60000
2.326323  6400 60000
2.306371 12800 60000
2.306060 19200 60000
2.334837 25600 60000
2.335474 32000 60000
2.315465 38400 60000
2.348010 44800 60000
2.291241 51200 60000
2.306081 57600 60000
