Epoch 1
-------------------------------
2.299023     0 60000
2.297040  6400 60000
2.303787 12800 60000
2.302133 19200 60000
2.303144 25600 60000
2.300421 32000 60000
2.303391 38400 60000
2.305423 44800 60000
2.303082 51200 60000
2.302903 57600 60000
Epoch 2
-------------------------------
2.302971     0 60000
2.302837  6400 60000
2.301636 12800 60000
2.304361 19200 60000
2.301736 25600 60000
2.302609 32000 60000
2.303716 38400 60000
2.302803 44800 60000
2.302266 51200 60000
2.302002 57600 60000
Epoch 3
-------------------------------
2.301266     0 60000
2.303126  6400 60000
2.304425 12800 60000
2.304636 19200 60000
2.303269 25600 60000
2.303682 32000 60000
2.300520 38400 60000
2.303848 44800 60000
2.303237 51200 60000
2.302885 57600 60000
Epoch 4
-------------------------------
2.303695     0 60000
2.302670  6400 60000
2.300404 12800 60000
2.303676 19200 60000
2.300905 25600 60000
2.301610 32000 60000
2.302213 38400 60000
2.304536 44800 60000
2.300793 51200 60000
2.301600 57600 60000
Epoch 5
-------------------------------
2.302072     0 60000
2.302658  6400 60000
2.303757 12800 60000
2.302311 19200 60000
2.303755 25600 60000
2.304411 32000 60000
2.302879 38400 60000
2.300067 44800 60000
2.302179 51200 60000
2.303030 57600 60000
Epoch 6
-------------------------------
2.304270     0 60000
2.303275  6400 60000
2.304221 12800 60000
2.302771 19200 60000
2.299324 25600 60000
2.302357 32000 60000
2.306338 38400 60000
2.302380 44800 60000
2.302281 51200 60000
2.302069 57600 60000
Epoch 7
-------------------------------
2.302023     0 60000
2.302645  6400 60000
2.300937 12800 60000
2.302728 19200 60000
2.304276 25600 60000
2.302975 32000 60000
2.304292 38400 60000
2.301924 44800 60000
2.303010 51200 60000
2.303222 57600 60000
Epoch 8
-------------------------------
2.302381     0 60000
2.301700  6400 60000
2.303164 12800 60000
2.303754 19200 60000
2.300979 25600 60000
2.302169 32000 60000
2.301682 38400 60000
2.302913 44800 60000
2.302524 51200 60000
2.302258 57600 60000
Epoch 9
-------------------------------
2.302733     0 60000
2.302455  6400 60000
2.302507 12800 60000
2.302551 19200 60000
2.303417 25600 60000
2.302947 32000 60000
2.302902 38400 60000
2.302100 44800 60000
2.301812 51200 60000
2.303806 57600 60000
Epoch 10
-------------------------------
2.303563     0 60000
2.302660  6400 60000
2.301931 12800 60000
2.302641 19200 60000
2.302857 25600 60000
2.303430 32000 60000
2.303499 38400 60000
2.302996 44800 60000
2.304034 51200 60000
2.304007 57600 60000
Epoch 11
-------------------------------
2.303047     0 60000
2.302608  6400 60000
2.302643 12800 60000
2.301236 19200 60000
2.301997 25600 60000
2.303090 32000 60000
2.303813 38400 60000
2.304331 44800 60000
2.301912 51200 60000
2.302279 57600 60000
Epoch 12
-------------------------------
2.302410     0 60000
2.302882  6400 60000
2.302540 12800 60000
2.304197 19200 60000
2.301932 25600 60000
2.304148 32000 60000
2.303747 38400 60000
2.302994 44800 60000
2.304031 51200 60000
2.303910 57600 60000
