Epoch 1
-------------------------------
2.291588     0 60000
2.308675  6400 60000
2.305635 12800 60000
2.299969 19200 60000
2.302131 25600 60000
2.302530 32000 60000
2.300357 38400 60000
2.301633 44800 60000
2.304201 51200 60000
2.302166 57600 60000
Epoch 2
-------------------------------
2.302422     0 60000
2.302977  6400 60000
2.304435 12800 60000
2.305501 19200 60000
2.301558 25600 60000
2.302080 32000 60000
2.304451 38400 60000
2.302316 44800 60000
2.303262 51200 60000
2.303707 57600 60000
Epoch 3
-------------------------------
2.303646     0 60000
2.302759  6400 60000
2.301258 12800 60000
2.303519 19200 60000
2.303762 25600 60000
2.302341 32000 60000
2.299478 38400 60000
2.303290 44800 60000
2.302978 51200 60000
2.303693 57600 60000
Epoch 4
-------------------------------
2.303128     0 60000
2.302295  6400 60000
2.304187 12800 60000
2.303370 19200 60000
2.300489 25600 60000
2.303711 32000 60000
2.303421 38400 60000
2.302590 44800 60000
2.303326 51200 60000
2.301879 57600 60000
Epoch 5
-------------------------------
2.302278     0 60000
2.303271  6400 60000
2.302251 12800 60000
2.302499 19200 60000
2.300474 25600 60000
2.300789 32000 60000
2.301965 38400 60000
2.301506 44800 60000
2.302790 51200 60000
2.302725 57600 60000
Epoch 6
-------------------------------
2.300816     0 60000
2.302271  6400 60000
2.302707 12800 60000
2.302091 19200 60000
2.303007 25600 60000
2.300007 32000 60000
2.302428 38400 60000
2.303273 44800 60000
2.301979 51200 60000
2.302539 57600 60000
Epoch 7
-------------------------------
2.302924     0 60000
2.301391  6400 60000
2.303376 12800 60000
2.300813 19200 60000
2.306941 25600 60000
2.305281 32000 60000
2.303965 38400 60000
2.302433 44800 60000
2.302240 51200 60000
2.303743 57600 60000
Epoch 8
-------------------------------
2.302690     0 60000
2.303753  6400 60000
2.299907 12800 60000
2.301715 19200 60000
2.305438 25600 60000
2.299930 32000 60000
2.303058 38400 60000
2.301700 44800 60000
2.301736 51200 60000
2.304137 57600 60000
Epoch 9
-------------------------------
2.302946     0 60000
2.300940  6400 60000
2.302860 12800 60000
2.301106 19200 60000
2.303881 25600 60000
2.302525 32000 60000
2.302402 38400 60000
2.303168 44800 60000
2.302029 51200 60000
2.302836 57600 60000
Epoch 10
-------------------------------
2.303392     0 60000
2.304286  6400 60000
2.303079 12800 60000
2.303021 19200 60000
2.303262 25600 60000
2.301963 32000 60000
2.303536 38400 60000
2.302617 44800 60000
2.302384 51200 60000
2.302844 57600 60000
Epoch 11
-------------------------------
2.301101     0 60000
2.303488  6400 60000
2.301523 12800 60000
2.303447 19200 60000
2.303056 25600 60000
2.303420 32000 60000
2.302993 38400 60000
2.304293 44800 60000
2.302132 51200 60000
2.302037 57600 60000
Epoch 12
-------------------------------
2.302910     0 60000
2.300937  6400 60000
2.301733 12800 60000
2.304827 19200 60000
2.304267 25600 60000
2.302280 32000 60000
2.302533 38400 60000
2.299948 44800 60000
2.300741 51200 60000
2.301506 57600 60000
