Epoch 1
-------------------------------
2.300897     0 60000
2.309896  6400 60000
2.308776 12800 60000
2.300571 19200 60000
2.302756 25600 60000
2.303139 32000 60000
2.304349 38400 60000
2.303446 44800 60000
2.302902 51200 60000
2.301869 57600 60000
Epoch 2
-------------------------------
2.303876     0 60000
2.302972  6400 60000
2.300879 12800 60000
2.302457 19200 60000
2.302817 25600 60000
2.302597 32000 60000
2.301944 38400 60000
2.303589 44800 60000
2.301335 51200 60000
2.302626 57600 60000
Epoch 3
-------------------------------
2.301937     0 60000
2.302771  6400 60000
2.302124 12800 60000
2.301084 19200 60000
2.302084 25600 60000
2.301710 32000 60000
2.304289 38400 60000
2.301447 44800 60000
2.301495 51200 60000
2.302233 57600 60000
Epoch 4
-------------------------------
2.302671     0 60000
2.303123  6400 60000
2.302973 12800 60000
2.301921 19200 60000
2.302813 25600 60000
2.301777 32000 60000
2.302423 38400 60000
2.302028 44800 60000
2.303510 51200 60000
2.304172 57600 60000
Epoch 5
-------------------------------
2.303849     0 60000
2.301457  6400 60000
2.301687 12800 60000
2.302052 19200 60000
2.303539 25600 60000
2.303283 32000 60000
2.301163 38400 60000
2.301259 44800 60000
2.300939 51200 60000
2.301289 57600 60000
Epoch 6
-------------------------------
2.302394     0 60000
2.302086  6400 60000
2.302832 12800 60000
2.303821 19200 60000
2.305093 25600 60000
2.303044 32000 60000
2.302260 38400 60000
2.302020 44800 60000
2.302506 51200 60000
2.302546 57600 60000
Epoch 7
-------------------------------
2.301393     0 60000
2.302416  6400 60000
2.298523 12800 60000
2.301372 19200 60000
2.301375 25600 60000
2.301783 32000 60000
2.302416 38400 60000
2.302698 44800 60000
2.302453 51200 60000
2.304588 57600 60000
Epoch 8
-------------------------------
2.301382     0 60000
2.302574  6400 60000
2.304143 12800 60000
2.300315 19200 60000
2.302243 25600 60000
2.304447 32000 60000
2.305809 38400 60000
2.304058 44800 60000
2.302716 51200 60000
2.301550 57600 60000
Epoch 9
-------------------------------
2.303522     0 60000
2.304114  6400 60000
2.304893 12800 60000
2.302869 19200 60000
2.301535 25600 60000
2.304495 32000 60000
2.301619 38400 60000
2.304462 44800 60000
2.303199 51200 60000
2.303677 57600 60000
Epoch 10
-------------------------------
2.302042     0 60000
2.301165  6400 60000
2.304938 12800 60000
2.301652 19200 60000
2.301986 25600 60000
2.302640 32000 60000
2.303077 38400 60000
2.304981 44800 60000
2.301281 51200 60000
2.302340 57600 60000
Epoch 11
-------------------------------
2.302863     0 60000
2.304238  6400 60000
2.302631 12800 60000
2.302120 19200 60000
2.302462 25600 60000
2.304336 32000 60000
2.303603 38400 60000
2.303807 44800 60000
2.302825 51200 60000
2.302531 57600 60000
Epoch 12
-------------------------------
2.302812     0 60000
2.301403  6400 60000
2.300722 12800 60000
2.300668 19200 60000
2.303744 25600 60000
2.303878 32000 60000
2.303806 38400 60000
2.303935 44800 60000
2.303766 51200 60000
2.302050 57600 60000
