Epoch 1
-------------------------------
2.295085     0 60000
2.302889  6400 60000
2.300853 12800 60000
2.300530 19200 60000
2.300840 25600 60000
2.304366 32000 60000
2.303180 38400 60000
2.303067 44800 60000
2.303854 51200 60000
2.303890 57600 60000
Epoch 2
-------------------------------
2.302688     0 60000
2.304422  6400 60000
2.303011 12800 60000
2.303740 19200 60000
2.302887 25600 60000
2.302468 32000 60000
2.302633 38400 60000
2.301854 44800 60000
2.302567 51200 60000
2.303857 57600 60000
Epoch 3
-------------------------------
2.302835     0 60000
2.303203  6400 60000
2.303122 12800 60000
2.302404 19200 60000
2.303543 25600 60000
2.304387 32000 60000
2.303018 38400 60000
2.303946 44800 60000
2.303342 51200 60000
2.302265 57600 60000
Epoch 4
-------------------------------
2.302986     0 60000
2.302289  6400 60000
2.302855 12800 60000
2.305916 19200 60000
2.302939 25600 60000
2.305023 32000 60000
2.301126 38400 60000
2.303810 44800 60000
2.303822 51200 60000
2.304523 57600 60000
Epoch 5
-------------------------------
2.303790     0 60000
2.301998  6400 60000
2.305153 12800 60000
2.301279 19200 60000
2.303555 25600 60000
2.303673 32000 60000
2.301194 38400 60000
2.301353 44800 60000
2.302943 51200 60000
2.302781 57600 60000
Epoch 6
-------------------------------
2.302012     0 60000
2.304745  6400 60000
2.302847 12800 60000
2.302959 19200 60000
2.303571 25600 60000
2.303660 32000 60000
2.301899 38400 60000
2.301373 44800 60000
2.302796 51200 60000
2.302754 57600 60000
Epoch 7
-------------------------------
2.302785     0 60000
2.303369  6400 60000
2.300518 12800 60000
2.303558 19200 60000
2.302963 25600 60000
2.304777 32000 60000
2.302712 38400 60000
2.303195 44800 60000
2.300971 51200 60000
2.301100 57600 60000
Epoch 8
-------------------------------
2.301708     0 60000
2.301696  6400 60000
2.301325 12800 60000
2.303747 19200 60000
2.301977 25600 60000
2.303307 32000 60000
2.303572 38400 60000
2.303756 44800 60000
2.302145 51200 60000
2.303171 57600 60000
Epoch 9
-------------------------------
2.303260     0 60000
2.301157  6400 60000
2.302520 12800 60000
2.299688 19200 60000
2.302516 25600 60000
2.302344 32000 60000
2.302032 38400 60000
2.302387 44800 60000
2.301980 51200 60000
2.301887 57600 60000
Epoch 10
-------------------------------
2.303111     0 60000
2.304760  6400 60000
2.301848 12800 60000
2.302921 19200 60000
2.304460 25600 60000
2.302862 32000 60000
2.303480 38400 60000
2.302583 44800 60000
2.302629 51200 60000
2.303028 57600 60000
Epoch 11
-------------------------------
2.302900     0 60000
2.305746  6400 60000
2.303481 12800 60000
2.302365 19200 60000
2.304130 25600 60000
2.301165 32000 60000
2.302770 38400 60000
2.299358 44800 60000
2.302884 51200 60000
2.302823 57600 60000
Epoch 12
-------------------------------
2.302418     0 60000
2.303559  6400 60000
2.301801 12800 60000
2.302814 19200 60000
2.301809 25600 60000
2.301856 32000 60000
2.303427 38400 60000
2.301999 44800 60000
2.303750 51200 60000
2.303382 57600 60000
