Epoch 1
-------------------------------
2.328848     0 60000
2.305095  6400 60000
2.300536 12800 60000
2.300175 19200 60000
2.300821 25600 60000
2.305263 32000 60000
2.302426 38400 60000
2.293802 44800 60000
2.305502 51200 60000
2.299373 57600 60000
Epoch 2
-------------------------------
2.302978     0 60000
2.313074  6400 60000
2.304507 12800 60000
2.311409 19200 60000
2.302850 25600 60000
2.305064 32000 60000
2.296676 38400 60000
2.308966 44800 60000
2.295866 51200 60000
2.304058 57600 60000
Epoch 3
-------------------------------
2.306162     0 60000
2.307861  6400 60000
2.299687 12800 60000
2.299263 19200 60000
2.306950 25600 60000
2.296386 32000 60000
2.308458 38400 60000
2.301416 44800 60000
2.315945 51200 60000
2.307824 57600 60000
Epoch 4
-------------------------------
2.305522     0 60000
2.297256  6400 60000
2.304112 12800 60000
2.298030 19200 60000
2.308232 25600 60000
2.307614 32000 60000
2.294771 38400 60000
2.303941 44800 60000
2.298439 51200 60000
2.302541 57600 60000
Epoch 5
-------------------------------
2.299056     0 60000
2.297893  6400 60000
2.306343 12800 60000
2.309345 19200 60000
2.303838 25600 60000
2.301667 32000 60000
2.298487 38400 60000
2.307787 44800 60000
2.312143 51200 60000
2.289978 57600 60000
Epoch 6
-------------------------------
2.301628     0 60000
2.314322  6400 60000
2.301597 12800 60000
2.298178 19200 60000
2.300074 25600 60000
2.303726 32000 60000
2.301545 38400 60000
2.304466 44800 60000
2.294911 51200 60000
2.298218 57600 60000
Epoch 7
-------------------------------
2.300941     0 60000
2.300556  6400 60000
2.309930 12800 60000
2.298905 19200 60000
2.296947 25600 60000
2.300799 32000 60000
2.309556 38400 60000
2.301846 44800 60000
2.307505 51200 60000
2.302739 57600 60000
Epoch 8
-------------------------------
2.305056     0 60000
2.297524  6400 60000
2.305693 12800 60000
2.300333 19200 60000
2.298258 25600 60000
2.309312 32000 60000
2.296073 38400 60000
2.303075 44800 60000
2.305225 51200 60000
2.306788 57600 60000
Epoch 9
-------------------------------
2.306854     0 60000
2.299482  6400 60000
2.312777 12800 60000
2.301562 19200 60000
2.300202 25600 60000
2.304480 32000 60000
2.300117 38400 60000
2.305433 44800 60000
2.302567 51200 60000
2.289881 57600 60000
Epoch 10
-------------------------------
2.293219     0 60000
2.304410  6400 60000
2.297859 12800 60000
2.308948 19200 60000
2.302347 25600 60000
2.315856 32000 60000
2.309612 38400 60000
2.300843 44800 60000
2.304885 51200 60000
2.305048 57600 60000
Epoch 11
-------------------------------
2.301442     0 60000
2.315558  6400 60000
2.300436 12800 60000
2.290496 19200 60000
2.302972 25600 60000
2.310728 32000 60000
2.303757 38400 60000
2.307671 44800 60000
2.305039 51200 60000
2.307239 57600 60000
Epoch 12
-------------------------------
2.305152     0 60000
2.294936  6400 60000
2.306317 12800 60000
2.308376 19200 60000
2.302801 25600 60000
2.298887 32000 60000
2.299314 38400 60000
2.309299 44800 60000
2.305334 51200 60000
2.304602 57600 60000
