Epoch 1
-------------------------------
1.776245     0 60000
1.513000  6400 60000
1.096389 12800 60000
1.509622 19200 60000
1.261357 25600 60000
1.369011 32000 60000
1.281151 38400 60000
1.392397 44800 60000
1.542915 51200 60000
1.387747 57600 60000
Epoch 2
-------------------------------
1.339022     0 60000
1.460160  6400 60000
1.178387 12800 60000
1.393062 19200 60000
1.252277 25600 60000
1.364510 32000 60000
1.241614 38400 60000
1.544846 44800 60000
1.374790 51200 60000
1.290856 57600 60000
Epoch 3
-------------------------------
1.499403     0 60000
1.382406  6400 60000
1.324324 12800 60000
1.424544 19200 60000
1.311902 25600 60000
1.323468 32000 60000
1.276672 38400 60000
1.435441 44800 60000
1.466054 51200 60000
1.520396 57600 60000
Epoch 4
-------------------------------
1.345998     0 60000
1.168684  6400 60000
1.369318 12800 60000
1.359003 19200 60000
1.251098 25600 60000
1.250193 32000 60000
1.349607 38400 60000
1.369766 44800 60000
1.318415 51200 60000
1.303690 57600 60000
Epoch 5
-------------------------------
1.390320     0 60000
1.466757  6400 60000
1.308376 12800 60000
1.212011 19200 60000
1.289780 25600 60000
1.257815 32000 60000
1.360530 38400 60000
1.285315 44800 60000
1.464166 51200 60000
1.450044 57600 60000
Epoch 6
-------------------------------
1.342392     0 60000
1.124132  6400 60000
1.309392 12800 60000
1.282538 19200 60000
1.358482 25600 60000
1.293790 32000 60000
1.494089 38400 60000
1.372954 44800 60000
1.561796 51200 60000
1.322109 57600 60000
Epoch 7
-------------------------------
1.190234     0 60000
1.511302  6400 60000
1.345917 12800 60000
1.383927 19200 60000
1.176551 25600 60000
1.406253 32000 60000
1.386862 38400 60000
1.439563 44800 60000
1.442500 51200 60000
1.370115 57600 60000
Epoch 8
-------------------------------
1.317062     0 60000
1.316074  6400 60000
1.539859 12800 60000
1.380129 19200 60000
1.430969 25600 60000
1.294014 32000 60000
1.451019 38400 60000
1.535976 44800 60000
1.390306 51200 60000
1.389444 57600 60000
Epoch 9
-------------------------------
1.093202     0 60000
1.582948  6400 60000
1.356439 12800 60000
1.382944 19200 60000
1.427406 25600 60000
1.308769 32000 60000
1.293952 38400 60000
1.377497 44800 60000
1.319796 51200 60000
1.305021 57600 60000
Epoch 10
-------------------------------
1.451336     0 60000
1.370519  6400 60000
1.270622 12800 60000
1.199496 19200 60000
1.400076 25600 60000
1.267617 32000 60000
1.222682 38400 60000
1.417792 44800 60000
1.458751 51200 60000
1.234467 57600 60000
Epoch 11
-------------------------------
1.276478     0 60000
1.284988  6400 60000
1.308211 12800 60000
1.359960 19200 60000
1.225960 25600 60000
1.254510 32000 60000
1.360555 38400 60000
1.200423 44800 60000
1.337999 51200 60000
1.301072 57600 60000
Epoch 12
-------------------------------
1.362011     0 60000
1.606431  6400 60000
1.275946 12800 60000
1.324485 19200 60000
1.511009 25600 60000
1.335567 32000 60000
1.260493 38400 60000
1.321014 44800 60000
1.400179 51200 60000
1.501353 57600 60000
