Epoch 1
-------------------------------
2.322170     0 60000
2.297293  6400 60000
2.299378 12800 60000
2.311434 19200 60000
2.307526 25600 60000
2.305279 32000 60000
2.298635 38400 60000
2.307578 44800 60000
2.299982 51200 60000
2.299462 57600 60000
Epoch 2
-------------------------------
2.309114     0 60000
2.308930  6400 60000
2.305637 12800 60000
2.298746 19200 60000
2.302569 25600 60000
2.301475 32000 60000
2.301662 38400 60000
2.299352 44800 60000
2.299142 51200 60000
2.299196 57600 60000
Epoch 3
-------------------------------
2.303709     0 60000
2.302478  6400 60000
2.296994 12800 60000
2.311702 19200 60000
2.301997 25600 60000
2.306875 32000 60000
2.311333 38400 60000
2.300912 44800 60000
2.310309 51200 60000
2.304458 57600 60000
Epoch 4
-------------------------------
2.298517     0 60000
2.299278  6400 60000
2.303463 12800 60000
2.293229 19200 60000
2.305458 25600 60000
2.296102 32000 60000
2.295243 38400 60000
2.303017 44800 60000
2.304358 51200 60000
2.300739 57600 60000
Epoch 5
-------------------------------
2.294151     0 60000
2.299291  6400 60000
2.298691 12800 60000
2.304513 19200 60000
2.300157 25600 60000
2.297284 32000 60000
2.302138 38400 60000
2.307256 44800 60000
2.302550 51200 60000
2.311665 57600 60000
Epoch 6
-------------------------------
2.306060     0 60000
2.306188  6400 60000
2.303955 12800 60000
2.295794 19200 60000
2.304817 25600 60000
2.302736 32000 60000
2.298657 38400 60000
2.306888 44800 60000
2.297823 51200 60000
2.296769 57600 60000
Epoch 7
-------------------------------
2.305475     0 60000
2.311020  6400 60000
2.304181 12800 60000
2.306495 19200 60000
2.305326 25600 60000
2.307433 32000 60000
2.303285 38400 60000
2.302898 44800 60000
2.301455 51200 60000
2.304502 57600 60000
Epoch 8
-------------------------------
2.303375     0 60000
2.302043  6400 60000
2.302570 12800 60000
2.303076 19200 60000
2.307937 25600 60000
2.305586 32000 60000
2.299634 38400 60000
2.310228 44800 60000
2.305165 51200 60000
2.313722 57600 60000
Epoch 9
-------------------------------
2.301717     0 60000
2.303751  6400 60000
2.302465 12800 60000
2.303054 19200 60000
2.307196 25600 60000
2.300185 32000 60000
2.305858 38400 60000
2.306623 44800 60000
2.298445 51200 60000
2.297293 57600 60000
Epoch 10
-------------------------------
2.305213     0 60000
2.322566  6400 60000
2.295440 12800 60000
2.303156 19200 60000
2.302473 25600 60000
2.305853 32000 60000
2.300385 38400 60000
2.307330 44800 60000
2.306107 51200 60000
2.314856 57600 60000
Epoch 11
-------------------------------
2.300776     0 60000
2.309238  6400 60000
2.296399 12800 60000
2.308661 19200 60000
2.301861 25600 60000
2.304848 32000 60000
2.303536 38400 60000
2.300351 44800 60000
2.293839 51200 60000
2.297816 57600 60000
Epoch 12
-------------------------------
2.299114     0 60000
2.300305  6400 60000
2.307519 12800 60000
2.305080 19200 60000
2.299346 25600 60000
2.303918 32000 60000
2.311159 38400 60000
2.305264 44800 60000
2.305126 51200 60000
2.300668 57600 60000
