Epoch 1
-------------------------------
2.307350     0 60000
2.302367  6400 60000
2.300784 12800 60000
2.305125 19200 60000
2.304893 25600 60000
2.302040 32000 60000
2.312506 38400 60000
2.297958 44800 60000
2.318342 51200 60000
2.306287 57600 60000
Epoch 2
-------------------------------
2.304454     0 60000
2.302580  6400 60000
2.303916 12800 60000
2.313253 19200 60000
2.309269 25600 60000
2.305093 32000 60000
2.298361 38400 60000
2.302490 44800 60000
2.324708 51200 60000
2.308525 57600 60000
Epoch 3
-------------------------------
2.305059     0 60000
2.310382  6400 60000
2.293460 12800 60000
2.309939 19200 60000
2.313336 25600 60000
2.308153 32000 60000
2.302165 38400 60000
2.302298 44800 60000
2.297881 51200 60000
2.303994 57600 60000
Epoch 4
-------------------------------
2.312962     0 60000
2.308678  6400 60000
2.312121 12800 60000
2.303733 19200 60000
2.304792 25600 60000
2.309911 32000 60000
2.303549 38400 60000
2.302217 44800 60000
2.302376 51200 60000
2.308377 57600 60000
Epoch 5
-------------------------------
2.303396     0 60000
2.307489  6400 60000
2.300089 12800 60000
2.304623 19200 60000
2.303188 25600 60000
2.303981 32000 60000
2.304254 38400 60000
2.305312 44800 60000
2.308928 51200 60000
2.303174 57600 60000
Epoch 6
-------------------------------
2.303548     0 60000
2.296686  6400 60000
2.296442 12800 60000
2.306994 19200 60000
2.305634 25600 60000
2.305272 32000 60000
2.303794 38400 60000
2.296593 44800 60000
2.305322 51200 60000
2.304383 57600 60000
Epoch 7
-------------------------------
2.311051     0 60000
2.303414  6400 60000
2.309274 12800 60000
2.304049 19200 60000
2.303563 25600 60000
2.301185 32000 60000
2.309185 38400 60000
2.303245 44800 60000
2.292006 51200 60000
2.302610 57600 60000
Epoch 8
-------------------------------
2.298531     0 60000
2.299703  6400 60000
2.303396 12800 60000
2.306819 19200 60000
2.301886 25600 60000
2.300205 32000 60000
2.308771 38400 60000
2.301173 44800 60000
2.310420 51200 60000
2.302193 57600 60000
Epoch 9
-------------------------------
2.309708     0 60000
2.298918  6400 60000
2.317574 12800 60000
2.304298 19200 60000
2.301593 25600 60000
2.305341 32000 60000
2.298085 38400 60000
2.291829 44800 60000
2.299056 51200 60000
2.305592 57600 60000
Epoch 10
-------------------------------
2.304232     0 60000
2.306345  6400 60000
2.313724 12800 60000
2.307988 19200 60000
2.305068 25600 60000
2.308371 32000 60000
2.308688 38400 60000
2.301621 44800 60000
2.305802 51200 60000
2.304944 57600 60000
Epoch 11
-------------------------------
2.297681     0 60000
2.311832  6400 60000
2.299414 12800 60000
2.306288 19200 60000
2.299344 25600 60000
2.300384 32000 60000
2.308162 38400 60000
2.305814 44800 60000
2.312232 51200 60000
2.303920 57600 60000
Epoch 12
-------------------------------
2.302348     0 60000
2.298212  6400 60000
2.298692 12800 60000
2.302517 19200 60000
2.296936 25600 60000
2.302394 32000 60000
2.302116 38400 60000
2.296335 44800 60000
2.305083 51200 60000
2.304538 57600 60000
