Epoch 1
-------------------------------
2.299856     0 60000
2.301296  6400 60000
2.301656 12800 60000
2.304721 19200 60000
2.299802 25600 60000
2.302782 32000 60000
2.303509 38400 60000
2.304482 44800 60000
2.301477 51200 60000
2.301919 57600 60000
Epoch 2
-------------------------------
2.302204     0 60000
2.303417  6400 60000
2.303867 12800 60000
2.301762 19200 60000
2.304549 25600 60000
2.302413 32000 60000
2.302673 38400 60000
2.303779 44800 60000
2.302908 51200 60000
2.302105 57600 60000
Epoch 3
-------------------------------
2.303119     0 60000
2.302912  6400 60000
2.304724 12800 60000
2.302799 19200 60000
2.302756 25600 60000
2.300878 32000 60000
2.303590 38400 60000
2.303912 44800 60000
2.303243 51200 60000
2.301169 57600 60000
Epoch 4
-------------------------------
2.302268     0 60000
2.302212  6400 60000
2.303268 12800 60000
2.301741 19200 60000
2.301898 25600 60000
2.303863 32000 60000
2.303286 38400 60000
2.303776 44800 60000
2.303260 51200 60000
2.303319 57600 60000
Epoch 5
-------------------------------
2.302747     0 60000
2.302560  6400 60000
2.301089 12800 60000
2.304363 19200 60000
2.300288 25600 60000
2.303440 32000 60000
2.302672 38400 60000
2.303691 44800 60000
2.303656 51200 60000
2.303250 57600 60000
Epoch 6
-------------------------------
2.300908     0 60000
2.300463  6400 60000
2.302669 12800 60000
2.300017 19200 60000
2.301704 25600 60000
2.304818 32000 60000
2.302922 38400 60000
2.302131 44800 60000
2.304261 51200 60000
2.302827 57600 60000
Epoch 7
-------------------------------
2.302348     0 60000
2.303386  6400 60000
2.302928 12800 60000
2.302697 19200 60000
2.302517 25600 60000
2.303131 32000 60000
2.303162 38400 60000
2.301224 44800 60000
2.303209 51200 60000
2.304056 57600 60000
Epoch 8
-------------------------------
2.302011     0 60000
2.302794  6400 60000
2.302178 12800 60000
2.300002 19200 60000
2.304653 25600 60000
2.302054 32000 60000
2.305047 38400 60000
2.302123 44800 60000
2.302401 51200 60000
2.302625 57600 60000
Epoch 9
-------------------------------
2.302638     0 60000
2.302161  6400 60000
2.303348 12800 60000
2.302354 19200 60000
2.302149 25600 60000
2.300752 32000 60000
2.302165 38400 60000
2.303539 44800 60000
2.303852 51200 60000
2.303437 57600 60000
Epoch 10
-------------------------------
2.301788     0 60000
2.303684  6400 60000
2.302157 12800 60000
2.301720 19200 60000
2.301587 25600 60000
2.301666 32000 60000
2.301659 38400 60000
2.303451 44800 60000
2.303196 51200 60000
2.302814 57600 60000
Epoch 11
-------------------------------
2.303179     0 60000
2.300965  6400 60000
2.302554 12800 60000
2.304470 19200 60000
2.306056 25600 60000
2.302489 32000 60000
2.301421 38400 60000
2.303819 44800 60000
2.301868 51200 60000
2.301084 57600 60000
Epoch 12
-------------------------------
2.303175     0 60000
2.300941  6400 60000
2.303946 12800 60000
2.303418 19200 60000
2.302133 25600 60000
2.302051 32000 60000
2.303137 38400 60000
2.302235 44800 60000
2.303451 51200 60000
2.302882 57600 60000
