Epoch 1
-------------------------------
2.308296     0 60000
2.366399  6400 60000
2.297682 12800 60000
2.309530 19200 60000
2.304123 25600 60000
2.308259 32000 60000
2.304701 38400 60000
2.319336 44800 60000
2.326925 51200 60000
2.307460 57600 60000
Epoch 2
-------------------------------
2.308046     0 60000
2.298739  6400 60000
2.311875 12800 60000
2.343217 19200 60000
2.303200 25600 60000
2.325684 32000 60000
2.319102 38400 60000
2.318187 44800 60000
2.291324 51200 60000
2.309002 57600 60000
Epoch 3
-------------------------------
2.304480     0 60000
2.311640  6400 60000
2.327570 12800 60000
2.293259 19200 60000
2.310416 25600 60000
2.309043 32000 60000
2.307917 38400 60000
2.270642 44800 60000
2.305252 51200 60000
2.298896 57600 60000
Epoch 4
-------------------------------
2.293446     0 60000
2.309225  6400 60000
2.319707 12800 60000
2.314783 19200 60000
2.300739 25600 60000
2.292830 32000 60000
2.313497 38400 60000
2.292295 44800 60000
2.343580 51200 60000
2.322362 57600 60000
Epoch 5
-------------------------------
2.301128     0 60000
2.301310  6400 60000
2.327442 12800 60000
2.324420 19200 60000
2.297373 25600 60000
2.310809 32000 60000
2.328474 38400 60000
2.319942 44800 60000
2.310142 51200 60000
2.302089 57600 60000
Epoch 6
-------------------------------
2.313466     0 60000
2.308217  6400 60000
2.287285 12800 60000
2.301771 19200 60000
2.363454 25600 60000
2.336738 32000 60000
2.317600 38400 60000
2.317441 44800 60000
2.297997 51200 60000
2.310106 57600 60000
Epoch 7
-------------------------------
2.328483     0 60000
2.318047  6400 60000
2.293585 12800 60000
2.293570 19200 60000
2.307751 25600 60000
2.320881 32000 60000
2.317786 38400 60000
2.312563 44800 60000
2.327429 51200 60000
2.331258 57600 60000
Epoch 8
-------------------------------
2.318203     0 60000
2.303805  6400 60000
2.313579 12800 60000
2.300870 19200 60000
2.298288 25600 60000
2.295496 32000 60000
2.315386 38400 60000
2.313872 44800 60000
2.317540 51200 60000
2.303632 57600 60000
Epoch 9
-------------------------------
2.322223     0 60000
2.334327  6400 60000
2.311897 12800 60000
2.304288 19200 60000
2.281631 25600 60000
2.302394 32000 60000
2.304452 38400 60000
2.316013 44800 60000
2.339001 51200 60000
2.325410 57600 60000
Epoch 10
-------------------------------
2.306779     0 60000
2.315032  6400 60000
2.285614 12800 60000
2.323325 19200 60000
2.299851 25600 60000
2.329218 32000 60000
2.308184 38400 60000
2.324515 44800 60000
2.306438 51200 60000
2.304977 57600 60000
Epoch 11
-------------------------------
2.307811     0 60000
2.300517  6400 60000
2.323758 12800 60000
2.306199 19200 60000
2.318318 25600 60000
2.316190 32000 60000
2.331485 38400 60000
2.317622 44800 60000
2.290520 51200 60000
2.306627 57600 60000
Epoch 12
-------------------------------
2.324884     0 60000
2.331284  6400 60000
2.326526 12800 60000
2.305594 19200 60000
2.284460 25600 60000
2.306553 32000 60000
2.339436 38400 60000
2.303680 44800 60000
2.286376 51200 60000
2.324306 57600 60000
