Epoch 1
-------------------------------
1.138838     0 60000
1.368804  6400 60000
1.258140 12800 60000
1.135377 19200 60000
1.460594 25600 60000
1.212342 32000 60000
1.381982 38400 60000
1.319579 44800 60000
1.461941 51200 60000
1.513199 57600 60000
Epoch 2
-------------------------------
1.427289     0 60000
1.509972  6400 60000
1.210891 12800 60000
1.329664 19200 60000
1.268914 25600 60000
1.511089 32000 60000
1.310454 38400 60000
1.408427 44800 60000
1.307222 51200 60000
1.425713 57600 60000
Epoch 3
-------------------------------
1.287271     0 60000
1.501044  6400 60000
1.656102 12800 60000
1.380278 19200 60000
1.242835 25600 60000
1.295289 32000 60000
1.285499 38400 60000
1.495625 44800 60000
1.310895 51200 60000
1.452698 57600 60000
Epoch 4
-------------------------------
1.503597     0 60000
1.378251  6400 60000
1.378911 12800 60000
1.177079 19200 60000
1.396306 25600 60000
1.383202 32000 60000
1.234718 38400 60000
1.380717 44800 60000
1.314954 51200 60000
1.341043 57600 60000
Epoch 5
-------------------------------
1.312032     0 60000
1.373532  6400 60000
1.496099 12800 60000
1.161909 19200 60000
1.460331 25600 60000
1.347690 32000 60000
1.366153 38400 60000
1.399385 44800 60000
1.365723 51200 60000
1.366696 57600 60000
Epoch 6
-------------------------------
1.442924     0 60000
1.150788  6400 60000
1.302648 12800 60000
1.294407 19200 60000
1.238688 25600 60000
1.354521 32000 60000
1.251258 38400 60000
1.260529 44800 60000
1.319754 51200 60000
1.255074 57600 60000
Epoch 7
-------------------------------
1.183243     0 60000
1.515287  6400 60000
1.463181 12800 60000
1.417634 19200 60000
1.594432 25600 60000
1.378399 32000 60000
1.231133 38400 60000
1.538880 44800 60000
1.415146 51200 60000
1.226105 57600 60000
Epoch 8
-------------------------------
1.201058     0 60000
1.304679  6400 60000
1.560733 12800 60000
1.212669 19200 60000
1.427617 25600 60000
1.505888 32000 60000
1.446198 38400 60000
1.394259 44800 60000
1.190369 51200 60000
1.278745 57600 60000
Epoch 9
-------------------------------
1.373020     0 60000
1.272579  6400 60000
1.283545 12800 60000
1.185356 19200 60000
1.226243 25600 60000
1.468181 32000 60000
1.270707 38400 60000
1.164352 44800 60000
1.234286 51200 60000
1.463920 57600 60000
Epoch 10
-------------------------------
1.385500     0 60000
1.382863  6400 60000
1.367165 12800 60000
1.290460 19200 60000
1.210217 25600 60000
1.412591 32000 60000
1.364311 38400 60000
1.201580 44800 60000
1.257824 51200 60000
1.253405 57600 60000
Epoch 11
-------------------------------
1.196570     0 60000
1.326667  6400 60000
1.153230 12800 60000
1.438270 19200 60000
1.277208 25600 60000
1.509037 32000 60000
1.421351 38400 60000
1.378484 44800 60000
1.378225 51200 60000
1.333258 57600 60000
Epoch 12
-------------------------------
1.327920     0 60000
1.247274  6400 60000
1.433504 12800 60000
1.222375 19200 60000
1.374835 25600 60000
1.451337 32000 60000
1.132537 38400 60000
1.383542 44800 60000
1.317829 51200 60000
1.297144 57600 60000
