Epoch 1
-------------------------------
2.326334     0 60000
2.306464  6400 60000
2.307547 12800 60000
2.301392 19200 60000
2.302229 25600 60000
2.312242 32000 60000
2.303721 38400 60000
2.305815 44800 60000
2.303129 51200 60000
2.312963 57600 60000
Epoch 2
-------------------------------
2.295187     0 60000
2.302070  6400 60000
2.299809 12800 60000
2.306283 19200 60000
2.302653 25600 60000
2.310596 32000 60000
2.301628 38400 60000
2.310631 44800 60000
2.307431 51200 60000
2.296626 57600 60000
Epoch 3
-------------------------------
2.302383     0 60000
2.310607  6400 60000
2.306182 12800 60000
2.311931 19200 60000
2.308335 25600 60000
2.311293 32000 60000
2.307606 38400 60000
2.303442 44800 60000
2.301557 51200 60000
2.312644 57600 60000
Epoch 4
-------------------------------
2.304191     0 60000
2.308744  6400 60000
2.303055 12800 60000
2.304964 19200 60000
2.306949 25600 60000
2.303232 32000 60000
2.305475 38400 60000
2.301007 44800 60000
2.309957 51200 60000
2.313714 57600 60000
Epoch 5
-------------------------------
2.303782     0 60000
2.298296  6400 60000
2.302207 12800 60000
2.316190 19200 60000
2.307921 25600 60000
2.307755 32000 60000
2.308556 38400 60000
2.305125 44800 60000
2.306704 51200 60000
2.305514 57600 60000
Epoch 6
-------------------------------
2.303935     0 60000
2.304309  6400 60000
2.308147 12800 60000
2.302772 19200 60000
2.309206 25600 60000
2.302134 32000 60000
2.299401 38400 60000
2.311408 44800 60000
2.306777 51200 60000
2.304813 57600 60000
Epoch 7
-------------------------------
2.304887     0 60000
2.305927  6400 60000
2.302031 12800 60000
2.299718 19200 60000
2.305823 25600 60000
2.310082 32000 60000
2.306380 38400 60000
2.294335 44800 60000
2.301533 51200 60000
2.303365 57600 60000
Epoch 8
-------------------------------
2.299686     0 60000
2.303674  6400 60000
2.320945 12800 60000
2.308860 19200 60000
2.302565 25600 60000
2.299951 32000 60000
2.310816 38400 60000
2.304068 44800 60000
2.298285 51200 60000
2.305094 57600 60000
Epoch 9
-------------------------------
2.304458     0 60000
2.300286  6400 60000
2.302071 12800 60000
2.295491 19200 60000
2.296231 25600 60000
2.301691 32000 60000
2.297469 38400 60000
2.302285 44800 60000
2.304487 51200 60000
2.309198 57600 60000
Epoch 10
-------------------------------
2.305416     0 60000
2.309893  6400 60000
2.306051 12800 60000
2.295745 19200 60000
2.300667 25600 60000
2.296326 32000 60000
2.294842 38400 60000
2.306874 44800 60000
2.300943 51200 60000
2.305164 57600 60000
Epoch 11
-------------------------------
2.304513     0 60000
2.303565  6400 60000
2.317224 12800 60000
2.296547 19200 60000
2.299837 25600 60000
2.301250 32000 60000
2.299676 38400 60000
2.299532 44800 60000
2.310244 51200 60000
2.293801 57600 60000
Epoch 12
-------------------------------
2.313632     0 60000
2.313395  6400 60000
2.291514 12800 60000
2.305117 19200 60000
2.296419 25600 60000
2.298416 32000 60000
2.296712 38400 60000
2.300563 44800 60000
2.302282 51200 60000
2.304299 57600 60000
