Epoch 1
-------------------------------
2.309033     0 60000
2.315147  6400 60000
2.311713 12800 60000
2.329202 19200 60000
2.297251 25600 60000
2.329788 32000 60000
2.306614 38400 60000
2.326313 44800 60000
2.295211 51200 60000
2.299527 57600 60000
Epoch 2
-------------------------------
2.326959     0 60000
2.321255  6400 60000
2.324113 12800 60000
2.307634 19200 60000
2.307480 25600 60000
2.304187 32000 60000
2.313808 38400 60000
2.298671 44800 60000
2.324139 51200 60000
2.300695 57600 60000
Epoch 3
-------------------------------
2.298421     0 60000
2.306219  6400 60000
2.329201 12800 60000
2.322729 19200 60000
2.299037 25600 60000
2.290793 32000 60000
2.323887 38400 60000
2.342081 44800 60000
2.312648 51200 60000
2.311864 57600 60000
Epoch 4
-------------------------------
2.309389     0 60000
2.276199  6400 60000
2.308218 12800 60000
2.304591 19200 60000
2.298881 25600 60000
2.317158 32000 60000
2.311693 38400 60000
2.327982 44800 60000
2.302610 51200 60000
2.316203 57600 60000
Epoch 5
-------------------------------
2.321011     0 60000
2.306671  6400 60000
2.308135 12800 60000
2.295518 19200 60000
2.299731 25600 60000
2.333567 32000 60000
2.321091 38400 60000
2.311356 44800 60000
2.316726 51200 60000
2.319265 57600 60000
Epoch 6
-------------------------------
2.281206     0 60000
2.320798  6400 60000
2.290081 12800 60000
2.340553 19200 60000
2.324785 25600 60000
2.302915 32000 60000
2.297343 38400 60000
2.293867 44800 60000
2.322197 51200 60000
2.334161 57600 60000
Epoch 7
-------------------------------
2.302873     0 60000
2.319228  6400 60000
2.287370 12800 60000
2.310393 19200 60000
2.308458 25600 60000
2.301807 32000 60000
2.309021 38400 60000
2.337607 44800 60000
2.318877 51200 60000
2.289315 57600 60000
Epoch 8
-------------------------------
2.303470     0 60000
2.308652  6400 60000
2.327762 12800 60000
2.294515 19200 60000
2.291908 25600 60000
2.293407 32000 60000
2.311886 38400 60000
2.303894 44800 60000
2.318766 51200 60000
2.318200 57600 60000
Epoch 9
-------------------------------
2.301106     0 60000
2.309046  6400 60000
2.307902 12800 60000
2.318613 19200 60000
2.294543 25600 60000
2.302654 32000 60000
2.325158 38400 60000
2.310626 44800 60000
2.314866 51200 60000
2.300079 57600 60000
Epoch 10
-------------------------------
2.300740     0 60000
2.321653  6400 60000
2.308978 12800 60000
2.285100 19200 60000
2.346773 25600 60000
2.293483 32000 60000
2.289297 38400 60000
2.329113 44800 60000
2.310581 51200 60000
2.298572 57600 60000
Epoch 11
-------------------------------
2.329926     0 60000
2.324696  6400 60000
2.336041 12800 60000
2.279705 19200 60000
2.324622 25600 60000
2.297512 32000 60000
2.313603 38400 60000
2.329807 44800 60000
2.318520 51200 60000
2.324130 57600 60000
Epoch 12
-------------------------------
2.292708     0 60000
2.311783  6400 60000
2.353805 12800 60000
2.327110 19200 60000
2.294737 25600 60000
2.302752 32000 60000
2.308218 38400 60000
2.317653 44800 60000
2.301728 51200 60000
2.302885 57600 60000
