Epoch 1
-------------------------------
2.295915     0 60000
2.282311  6400 60000
2.335358 12800 60000
2.306498 19200 60000
2.314692 25600 60000
2.339710 32000 60000
2.327157 38400 60000
2.329244 44800 60000
2.310829 51200 60000
2.317528 57600 60000
Epoch 2
-------------------------------
2.339262     0 60000
2.294565  6400 60000
2.298694 12800 60000
2.292569 19200 60000
2.305654 25600 60000
2.308907 32000 60000
2.313729 38400 60000
2.293124 44800 60000
2.293021 51200 60000
2.348260 57600 60000
Epoch 3
-------------------------------
2.286163     0 60000
2.303865  6400 60000
2.330433 12800 60000
2.292466 19200 60000
2.310672 25600 60000
2.282303 32000 60000
2.316411 38400 60000
2.304913 44800 60000
2.309768 51200 60000
2.318928 57600 60000
Epoch 4
-------------------------------
2.279981     0 60000
2.322976  6400 60000
2.347095 12800 60000
2.295007 19200 60000
2.315847 25600 60000
2.327375 32000 60000
2.289945 38400 60000
2.332119 44800 60000
2.286402 51200 60000
2.304243 57600 60000
Epoch 5
-------------------------------
2.302470     0 60000
2.299361  6400 60000
2.326286 12800 60000
2.330233 19200 60000
2.331200 25600 60000
2.303258 32000 60000
2.330517 38400 60000
2.315598 44800 60000
2.327384 51200 60000
2.349623 57600 60000
Epoch 6
-------------------------------
2.320612     0 60000
2.315982  6400 60000
2.303488 12800 60000
2.279643 19200 60000
2.330084 25600 60000
2.296682 32000 60000
2.343700 38400 60000
2.291717 44800 60000
2.318188 51200 60000
2.314884 57600 60000
Epoch 7
-------------------------------
2.339808     0 60000
2.327086  6400 60000
2.303913 12800 60000
2.326902 19200 60000
2.308496 25600 60000
2.283937 32000 60000
2.308659 38400 60000
2.337127 44800 60000
2.313517 51200 60000
2.290547 57600 60000
Epoch 8
-------------------------------
2.305523     0 60000
2.322008  6400 60000
2.314084 12800 60000
2.306979 19200 60000
2.313275 25600 60000
2.340044 32000 60000
2.313524 38400 60000
2.297980 44800 60000
2.318858 51200 60000
2.322455 57600 60000
Epoch 9
-------------------------------
2.319146     0 60000
2.330106  6400 60000
2.309973 12800 60000
2.315967 19200 60000
2.309147 25600 60000
2.337665 32000 60000
2.304111 38400 60000
2.320606 44800 60000
2.292847 51200 60000
2.308836 57600 60000
Epoch 10
-------------------------------
2.285869     0 60000
2.320665  6400 60000
2.315092 12800 60000
2.322622 19200 60000
2.327696 25600 60000
2.335008 32000 60000
2.354771 38400 60000
2.318135 44800 60000
2.380536 51200 60000
2.316201 57600 60000
Epoch 11
-------------------------------
2.321817     0 60000
2.335918  6400 60000
2.306480 12800 60000
2.316469 19200 60000
2.311907 25600 60000
2.330451 32000 60000
2.303041 38400 60000
2.302510 44800 60000
2.303872 51200 60000
2.351833 57600 60000
Epoch 12
-------------------------------
2.316381     0 60000
2.307745  6400 60000
2.299518 12800 60000
2.299003 19200 60000
2.307474 25600 60000
2.333893 32000 60000
2.264807 38400 60000
2.317199 44800 60000
2.290918 51200 60000
2.338645 57600 60000
