Epoch 1
-------------------------------
2.295532     0 60000
2.305666  6400 60000
2.308317 12800 60000
2.303651 19200 60000
2.300166 25600 60000
2.301050 32000 60000
2.302185 38400 60000
2.304543 44800 60000
2.301645 51200 60000
2.302298 57600 60000
Epoch 2
-------------------------------
2.304066     0 60000
2.304326  6400 60000
2.302818 12800 60000
2.304588 19200 60000
2.301301 25600 60000
2.301001 32000 60000
2.301355 38400 60000
2.302203 44800 60000
2.302570 51200 60000
2.301032 57600 60000
Epoch 3
-------------------------------
2.302562     0 60000
2.303502  6400 60000
2.303633 12800 60000
2.305501 19200 60000
2.301462 25600 60000
2.301630 32000 60000
2.303609 38400 60000
2.304010 44800 60000
2.303213 51200 60000
2.303898 57600 60000
Epoch 4
-------------------------------
2.304021     0 60000
2.301090  6400 60000
2.301360 12800 60000
2.301694 19200 60000
2.301908 25600 60000
2.302854 32000 60000
2.303111 38400 60000
2.303280 44800 60000
2.302688 51200 60000
2.301995 57600 60000
Epoch 5
-------------------------------
2.302486     0 60000
2.301837  6400 60000
2.302150 12800 60000
2.302986 19200 60000
2.300842 25600 60000
2.303691 32000 60000
2.301541 38400 60000
2.300326 44800 60000
2.302841 51200 60000
2.302753 57600 60000
Epoch 6
-------------------------------
2.302428     0 60000
2.303017  6400 60000
2.302605 12800 60000
2.302745 19200 60000
2.304157 25600 60000
2.302407 32000 60000
2.303246 38400 60000
2.303459 44800 60000
2.302614 51200 60000
2.303324 57600 60000
Epoch 7
-------------------------------
2.302534     0 60000
2.303480  6400 60000
2.301496 12800 60000
2.302785 19200 60000
2.300515 25600 60000
2.301436 32000 60000
2.302394 38400 60000
2.301695 44800 60000
2.302647 51200 60000
2.302566 57600 60000
Epoch 8
-------------------------------
2.303052     0 60000
2.302690  6400 60000
2.302257 12800 60000
2.301773 19200 60000
2.300604 25600 60000
2.303757 32000 60000
2.304756 38400 60000
2.303733 44800 60000
2.302222 51200 60000
2.301298 57600 60000
Epoch 9
-------------------------------
2.301664     0 60000
2.302299  6400 60000
2.302874 12800 60000
2.302874 19200 60000
2.303321 25600 60000
2.302124 32000 60000
2.302967 38400 60000
2.302964 44800 60000
2.301435 51200 60000
2.302100 57600 60000
Epoch 10
-------------------------------
2.300707     0 60000
2.303373  6400 60000
2.301849 12800 60000
2.305403 19200 60000
2.302662 25600 60000
2.302343 32000 60000
2.302220 38400 60000
2.304334 44800 60000
2.302855 51200 60000
2.303069 57600 60000
Epoch 11
-------------------------------
2.301981     0 60000
2.303872  6400 60000
2.303340 12800 60000
2.301750 19200 60000
2.302497 25600 60000
2.304302 32000 60000
2.302644 38400 60000
2.304350 44800 60000
2.303218 51200 60000
2.302546 57600 60000
Epoch 12
-------------------------------
2.302307     0 60000
2.303290  6400 60000
2.302954 12800 60000
2.301882 19200 60000
2.303187 25600 60000
2.304169 32000 60000
2.301853 38400 60000
2.302579 44800 60000
2.303162 51200 60000
2.303098 57600 60000
