Epoch 1
-------------------------------
2.329082     0 60000
2.312236  6400 60000
2.303831 12800 60000
2.305387 19200 60000
2.299979 25600 60000
2.307637 32000 60000
2.302806 38400 60000
2.305858 44800 60000
2.312080 51200 60000
2.308350 57600 60000
Epoch 2
-------------------------------
2.311508     0 60000
2.297980  6400 60000
2.303771 12800 60000
2.306868 19200 60000
2.301302 25600 60000
2.302305 32000 60000
2.297853 38400 60000
2.303764 44800 60000
2.316452 51200 60000
2.310563 57600 60000
Epoch 3
-------------------------------
2.304378     0 60000
2.303271  6400 60000
2.303941 12800 60000
2.294240 19200 60000
2.301967 25600 60000
2.304693 32000 60000
2.304214 38400 60000
2.300752 44800 60000
2.300307 51200 60000
2.303100 57600 60000
Epoch 4
-------------------------------
2.308197     0 60000
2.306755  6400 60000
2.309456 12800 60000
2.299647 19200 60000
2.293887 25600 60000
2.302829 32000 60000
2.304589 38400 60000
2.298188 44800 60000
2.293464 51200 60000
2.307141 57600 60000
Epoch 5
-------------------------------
2.297924     0 60000
2.290288  6400 60000
2.303468 12800 60000
2.301766 19200 60000
2.311039 25600 60000
2.304585 32000 60000
2.305857 38400 60000
2.299794 44800 60000
2.314634 51200 60000
2.305210 57600 60000
Epoch 6
-------------------------------
2.300342     0 60000
2.297512  6400 60000
2.303770 12800 60000
2.312584 19200 60000
2.296084 25600 60000
2.303071 32000 60000
2.304166 38400 60000
2.305028 44800 60000
2.308477 51200 60000
2.303363 57600 60000
Epoch 7
-------------------------------
2.302239     0 60000
2.306895  6400 60000
2.300578 12800 60000
2.305534 19200 60000
2.303667 25600 60000
2.299195 32000 60000
2.310133 38400 60000
2.308641 44800 60000
2.301422 51200 60000
2.304152 57600 60000
Epoch 8
-------------------------------
2.302075     0 60000
2.313531  6400 60000
2.300105 12800 60000
2.299322 19200 60000
2.309995 25600 60000
2.306307 32000 60000
2.318392 38400 60000
2.303494 44800 60000
2.310738 51200 60000
2.306215 57600 60000
Epoch 9
-------------------------------
2.301109     0 60000
2.300172  6400 60000
2.298239 12800 60000
2.303101 19200 60000
2.299806 25600 60000
2.303556 32000 60000
2.299680 38400 60000
2.303893 44800 60000
2.313280 51200 60000
2.304832 57600 60000
Epoch 10
-------------------------------
2.300139     0 60000
2.299452  6400 60000
2.303432 12800 60000
2.299887 19200 60000
2.299584 25600 60000
2.303447 32000 60000
2.290475 38400 60000
2.297869 44800 60000
2.303491 51200 60000
2.303430 57600 60000
Epoch 11
-------------------------------
2.301137     0 60000
2.304952  6400 60000
2.311143 12800 60000
2.305178 19200 60000
2.303896 25600 60000
2.309042 32000 60000
2.313598 38400 60000
2.302292 44800 60000
2.304007 51200 60000
2.297253 57600 60000
Epoch 12
-------------------------------
2.303524     0 60000
2.302890  6400 60000
2.304537 12800 60000
2.295621 19200 60000
2.301258 25600 60000
2.299009 32000 60000
2.310998 38400 60000
2.301292 44800 60000
2.306111 51200 60000
2.296240 57600 60000
