Epoch 1
-------------------------------
2.309623     0 60000
2.304198  6400 60000
2.293843 12800 60000
2.306394 19200 60000
2.304184 25600 60000
2.305121 32000 60000
2.305110 38400 60000
2.305457 44800 60000
2.296203 51200 60000
2.297690 57600 60000
Epoch 2
-------------------------------
2.296632     0 60000
2.293972  6400 60000
2.312991 12800 60000
2.308013 19200 60000
2.308642 25600 60000
2.302354 32000 60000
2.297001 38400 60000
2.305163 44800 60000
2.302577 51200 60000
2.306925 57600 60000
Epoch 3
-------------------------------
2.302992     0 60000
2.297606  6400 60000
2.300645 12800 60000
2.299229 19200 60000
2.302256 25600 60000
2.298913 32000 60000
2.300406 38400 60000
2.305360 44800 60000
2.317566 51200 60000
2.297920 57600 60000
Epoch 4
-------------------------------
2.305491     0 60000
2.303565  6400 60000
2.307644 12800 60000
2.314774 19200 60000
2.305318 25600 60000
2.302355 32000 60000
2.309188 38400 60000
2.307509 44800 60000
2.303302 51200 60000
2.303743 57600 60000
Epoch 5
-------------------------------
2.298640     0 60000
2.299585  6400 60000
2.303936 12800 60000
2.307477 19200 60000
2.303086 25600 60000
2.304437 32000 60000
2.303614 38400 60000
2.301687 44800 60000
2.296931 51200 60000
2.313238 57600 60000
Epoch 6
-------------------------------
2.303930     0 60000
2.305290  6400 60000
2.300200 12800 60000
2.295047 19200 60000
2.309576 25600 60000
2.295016 32000 60000
2.306706 38400 60000
2.304389 44800 60000
2.302927 51200 60000
2.304757 57600 60000
Epoch 7
-------------------------------
2.296185     0 60000
2.308491  6400 60000
2.300060 12800 60000
2.300037 19200 60000
2.302078 25600 60000
2.306741 32000 60000
2.302536 38400 60000
2.289558 44800 60000
2.313432 51200 60000
2.300412 57600 60000
Epoch 8
-------------------------------
2.313354     0 60000
2.304521  6400 60000
2.297225 12800 60000
2.314641 19200 60000
2.314435 25600 60000
2.302156 32000 60000
2.301540 38400 60000
2.301532 44800 60000
2.307206 51200 60000
2.301216 57600 60000
Epoch 9
-------------------------------
2.303400     0 60000
2.314314  6400 60000
2.306486 12800 60000
2.304214 19200 60000
2.301396 25600 60000
2.301775 32000 60000
2.297019 38400 60000
2.315794 44800 60000
2.301224 51200 60000
2.299046 57600 60000
Epoch 10
-------------------------------
2.309016     0 60000
2.308038  6400 60000
2.315836 12800 60000
2.307169 19200 60000
2.301769 25600 60000
2.299416 32000 60000
2.309267 38400 60000
2.310333 44800 60000
2.298436 51200 60000
2.302832 57600 60000
Epoch 11
-------------------------------
2.310275     0 60000
2.312003  6400 60000
2.306541 12800 60000
2.308863 19200 60000
2.311456 25600 60000
2.301504 32000 60000
2.306362 38400 60000
2.303636 44800 60000
2.304930 51200 60000
2.303411 57600 60000
Epoch 12
-------------------------------
2.303133     0 60000
2.305563  6400 60000
2.311578 12800 60000
2.297702 19200 60000
2.290463 25600 60000
2.310157 32000 60000
2.307501 38400 60000
2.301417 44800 60000
2.299676 51200 60000
2.297428 57600 60000
