Epoch 1
-------------------------------
2.301231     0 60000
2.309581  6400 60000
2.284617 12800 60000
2.289287 19200 60000
2.322025 25600 60000
2.304364 32000 60000
2.315956 38400 60000
2.299192 44800 60000
2.310320 51200 60000
2.317233 57600 60000
Epoch 2
-------------------------------
2.317458     0 60000
2.307378  6400 60000
2.335379 12800 60000
2.312406 19200 60000
2.309633 25600 60000
2.301565 32000 60000
2.329574 38400 60000
2.261775 44800 60000
2.299999 51200 60000
2.326008 57600 60000
Epoch 3
-------------------------------
2.328318     0 60000
2.281423  6400 60000
2.350075 12800 60000
2.295138 19200 60000
2.335829 25600 60000
2.305208 32000 60000
2.334395 38400 60000
2.368201 44800 60000
2.305133 51200 60000
2.313495 57600 60000
Epoch 4
-------------------------------
2.304578     0 60000
2.313104  6400 60000
2.294452 12800 60000
2.307313 19200 60000
2.300716 25600 60000
2.321852 32000 60000
2.284885 38400 60000
2.315738 44800 60000
2.295925 51200 60000
2.315129 57600 60000
Epoch 5
-------------------------------
2.301815     0 60000
2.329396  6400 60000
2.312452 12800 60000
2.322731 19200 60000
2.313403 25600 60000
2.279539 32000 60000
2.305581 38400 60000
2.291857 44800 60000
2.332687 51200 60000
2.289283 57600 60000
Epoch 6
-------------------------------
2.319682     0 60000
2.296209  6400 60000
2.346340 12800 60000
2.331959 19200 60000
2.282486 25600 60000
2.325968 32000 60000
2.308002 38400 60000
2.308867 44800 60000
2.303884 51200 60000
2.275481 57600 60000
Epoch 7
-------------------------------
2.324397     0 60000
2.279568  6400 60000
2.285497 12800 60000
2.322027 19200 60000
2.313325 25600 60000
2.327447 32000 60000
2.322748 38400 60000
2.304221 44800 60000
2.303890 51200 60000
2.322411 57600 60000
Epoch 8
-------------------------------
2.305125     0 60000
2.280003  6400 60000
2.316171 12800 60000
2.292629 19200 60000
2.326509 25600 60000
2.317668 32000 60000
2.323724 38400 60000
2.311034 44800 60000
2.310665 51200 60000
2.312022 57600 60000
Epoch 9
-------------------------------
2.286124     0 60000
2.288007  6400 60000
2.315701 12800 60000
2.288136 19200 60000
2.328787 25600 60000
2.302947 32000 60000
2.298275 38400 60000
2.300461 44800 60000
2.338476 51200 60000
2.298279 57600 60000
Epoch 10
-------------------------------
2.305606     0 60000
2.312978  6400 60000
2.324198 12800 60000
2.322202 19200 60000
2.324847 25600 60000
2.306804 32000 60000
2.288976 38400 60000
2.311223 44800 60000
2.304089 51200 60000
2.312148 57600 60000
Epoch 11
-------------------------------
2.310566     0 60000
2.303737  6400 60000
2.293477 12800 60000
2.338504 19200 60000
2.307724 25600 60000
2.338886 32000 60000
2.318267 38400 60000
2.308367 44800 60000
2.317855 51200 60000
2.315240 57600 60000
Epoch 12
-------------------------------
2.335598     0 60000
2.253909  6400 60000
2.308142 12800 60000
2.297827 19200 60000
2.313679 25600 60000
2.294465 32000 60000
2.295814 38400 60000
2.312013 44800 60000
2.291934 51200 60000
2.317745 57600 60000
