Epoch 1
-------------------------------
2.313151     0 60000
2.317212  6400 60000
2.279295 12800 60000
2.503966 19200 60000
2.294502 25600 60000
2.292411 32000 60000
2.296690 38400 60000
2.298178 44800 60000
2.314677 51200 60000
2.326084 57600 60000
Epoch 2
-------------------------------
2.308551     0 60000
2.318364  6400 60000
2.307826 12800 60000
2.333932 19200 60000
2.317458 25600 60000
2.314488 32000 60000
2.293926 38400 60000
2.299404 44800 60000
2.295509 51200 60000
2.305810 57600 60000
Epoch 3
-------------------------------
2.291830     0 60000
2.303126  6400 60000
2.303411 12800 60000
2.321826 19200 60000
2.299099 25600 60000
2.320199 32000 60000
2.297282 38400 60000
2.303249 44800 60000
2.300964 51200 60000
2.320909 57600 60000
Epoch 4
-------------------------------
2.289439     0 60000
2.340367  6400 60000
2.296532 12800 60000
2.296451 19200 60000
2.308482 25600 60000
2.331216 32000 60000
2.303001 38400 60000
2.320894 44800 60000
2.301102 51200 60000
2.297084 57600 60000
Epoch 5
-------------------------------
2.285348     0 60000
2.326967  6400 60000
2.334198 12800 60000
2.289978 19200 60000
2.290516 25600 60000
2.282788 32000 60000
2.344685 38400 60000
2.311701 44800 60000
2.313791 51200 60000
2.315757 57600 60000
Epoch 6
-------------------------------
2.304035     0 60000
2.297238  6400 60000
2.299240 12800 60000
2.318346 19200 60000
2.324871 25600 60000
2.302109 32000 60000
2.287776 38400 60000
2.313117 44800 60000
2.301871 51200 60000
2.266087 57600 60000
Epoch 7
-------------------------------
2.309602     0 60000
2.295449  6400 60000
2.320839 12800 60000
2.316183 19200 60000
2.326122 25600 60000
2.300063 32000 60000
2.344287 38400 60000
2.326367 44800 60000
2.289647 51200 60000
2.334598 57600 60000
Epoch 8
-------------------------------
2.290609     0 60000
2.305006  6400 60000
2.331293 12800 60000
2.307278 19200 60000
2.294625 25600 60000
2.291449 32000 60000
2.324962 38400 60000
2.300880 44800 60000
2.300714 51200 60000
2.306939 57600 60000
Epoch 9
-------------------------------
2.290742     0 60000
2.315057  6400 60000
2.315126 12800 60000
2.291506 19200 60000
2.315119 25600 60000
2.343503 32000 60000
2.303950 38400 60000
2.307764 44800 60000
2.290118 51200 60000
2.304859 57600 60000
Epoch 10
-------------------------------
2.309747     0 60000
2.316547  6400 60000
2.346424 12800 60000
2.303937 19200 60000
2.307434 25600 60000
2.314263 32000 60000
2.320684 38400 60000
2.310185 44800 60000
2.314609 51200 60000
2.291518 57600 60000
Epoch 11
-------------------------------
2.298050     0 60000
2.328771  6400 60000
2.328512 12800 60000
2.288050 19200 60000
2.352411 25600 60000
2.292699 32000 60000
2.316010 38400 60000
2.319745 44800 60000
2.301121 51200 60000
2.303144 57600 60000
Epoch 12
-------------------------------
2.324351     0 60000
2.296250  6400 60000
2.298112 12800 60000
2.288928 19200 60000
2.307677 25600 60000
2.309205 32000 60000
2.346102 38400 60000
2.288618 44800 60000
2.319312 51200 60000
2.308990 57600 60000
