Epoch 1
-------------------------------
2.311427     0 60000
2.629142  6400 60000
1.655521 12800 60000
1.615094 19200 60000
1.557906 25600 60000
1.634657 32000 60000
1.655719 38400 60000
1.559308 44800 60000
1.508766 51200 60000
1.676482 57600 60000
Epoch 2
-------------------------------
1.657892     0 60000
1.681009  6400 60000
1.592384 12800 60000
1.417552 19200 60000
1.469343 25600 60000
1.658042 32000 60000
1.380888 38400 60000
1.432230 44800 60000
1.328594 51200 60000
1.287064 57600 60000
Epoch 3
-------------------------------
1.276599     0 60000
1.388612  6400 60000
1.473409 12800 60000
1.495693 19200 60000
1.464374 25600 60000
1.501588 32000 60000
1.381485 38400 60000
1.518658 44800 60000
1.530190 51200 60000
1.743831 57600 60000
Epoch 4
-------------------------------
1.617913     0 60000
1.433429  6400 60000
1.372557 12800 60000
1.437100 19200 60000
1.323222 25600 60000
1.345840 32000 60000
1.506646 38400 60000
1.272742 44800 60000
1.680023 51200 60000
1.377821 57600 60000
Epoch 5
-------------------------------
1.458510     0 60000
1.258943  6400 60000
1.342067 12800 60000
1.448419 19200 60000
1.374332 25600 60000
1.316513 32000 60000
1.500029 38400 60000
1.411546 44800 60000
1.492532 51200 60000
1.520932 57600 60000
Epoch 6
-------------------------------
1.454630     0 60000
1.458701  6400 60000
1.495057 12800 60000
1.247173 19200 60000
1.496653 25600 60000
1.337721 32000 60000
1.477679 38400 60000
1.321292 44800 60000
1.588108 51200 60000
1.395433 57600 60000
Epoch 7
-------------------------------
1.187102     0 60000
1.215601  6400 60000
1.421359 12800 60000
1.419808 19200 60000
1.410349 25600 60000
1.414034 32000 60000
1.336697 38400 60000
1.496249 44800 60000
1.707971 51200 60000
1.435380 57600 60000
Epoch 8
-------------------------------
1.178558     0 60000
1.352745  6400 60000
1.502935 12800 60000
1.434188 19200 60000
1.384251 25600 60000
1.484318 32000 60000
1.550390 38400 60000
1.348766 44800 60000
1.414631 51200 60000
1.658625 57600 60000
Epoch 9
-------------------------------
1.712187     0 60000
1.496685  6400 60000
1.363172 12800 60000
1.436988 19200 60000
1.715928 25600 60000
1.384874 32000 60000
1.225229 38400 60000
1.287866 44800 60000
1.795116 51200 60000
1.300141 57600 60000
Epoch 10
-------------------------------
1.396779     0 60000
1.469851  6400 60000
1.503166 12800 60000
1.475899 19200 60000
1.632215 25600 60000
1.421949 32000 60000
1.424061 38400 60000
1.306059 44800 60000
1.659530 51200 60000
1.538094 57600 60000
Epoch 11
-------------------------------
1.337534     0 60000
1.446668  6400 60000
1.497713 12800 60000
1.473287 19200 60000
1.299413 25600 60000
1.341038 32000 60000
1.423453 38400 60000
1.282070 44800 60000
1.374997 51200 60000
1.224005 57600 60000
Epoch 12
-------------------------------
1.575981     0 60000
1.508174  6400 60000
1.426561 12800 60000
1.344843 19200 60000
1.390723 25600 60000
1.437373 32000 60000
1.451689 38400 60000
1.535706 44800 60000
1.448011 51200 60000
1.537852 57600 60000
