Epoch 1
-------------------------------
2.301269     0 60000
2.300960  6400 60000
2.303722 12800 60000
2.307057 19200 60000
2.305435 25600 60000
2.300183 32000 60000
2.302658 38400 60000
2.303875 44800 60000
2.303298 51200 60000
2.304340 57600 60000
Epoch 2
-------------------------------
2.303221     0 60000
2.298516  6400 60000
2.306195 12800 60000
2.304437 19200 60000
2.301592 25600 60000
2.302947 32000 60000
2.303928 38400 60000
2.301970 44800 60000
2.302156 51200 60000
2.301908 57600 60000
Epoch 3
-------------------------------
2.303450     0 60000
2.302730  6400 60000
2.303312 12800 60000
2.303774 19200 60000
2.301815 25600 60000
2.302156 32000 60000
2.302741 38400 60000
2.303066 44800 60000
2.301723 51200 60000
2.301650 57600 60000
Epoch 4
-------------------------------
2.302486     0 60000
2.301490  6400 60000
2.300701 12800 60000
2.300816 19200 60000
2.303922 25600 60000
2.302422 32000 60000
2.302402 38400 60000
2.301740 44800 60000
2.304810 51200 60000
2.303962 57600 60000
Epoch 5
-------------------------------
2.303520     0 60000
2.303063  6400 60000
2.303976 12800 60000
2.302443 19200 60000
2.301536 25600 60000
2.303952 32000 60000
2.303720 38400 60000
2.303658 44800 60000
2.302891 51200 60000
2.302659 57600 60000
Epoch 6
-------------------------------
2.302776     0 60000
2.303312  6400 60000
2.303272 12800 60000
2.303402 19200 60000
2.301383 25600 60000
2.304358 32000 60000
2.303809 38400 60000
2.302448 44800 60000
2.303568 51200 60000
2.303183 57600 60000
Epoch 7
-------------------------------
2.302176     0 60000
2.302930  6400 60000
2.302879 12800 60000
2.301383 19200 60000
2.302293 25600 60000
2.303311 32000 60000
2.302860 38400 60000
2.303454 44800 60000
2.301003 51200 60000
2.301342 57600 60000
Epoch 8
-------------------------------
2.303372     0 60000
2.305008  6400 60000
2.301337 12800 60000
2.301110 19200 60000
2.303033 25600 60000
2.302550 32000 60000
2.301585 38400 60000
2.303372 44800 60000
2.302718 51200 60000
2.303343 57600 60000
Epoch 9
-------------------------------
2.302216     0 60000
2.300948  6400 60000
2.302812 12800 60000
2.305103 19200 60000
2.302774 25600 60000
2.303274 32000 60000
2.302418 38400 60000
2.301589 44800 60000
2.302941 51200 60000
2.304648 57600 60000
Epoch 10
-------------------------------
2.302510     0 60000
2.304445  6400 60000
2.303442 12800 60000
2.302630 19200 60000
2.301602 25600 60000
2.303295 32000 60000
2.301473 38400 60000
2.301442 44800 60000
2.303009 51200 60000
2.304673 57600 60000
Epoch 11
-------------------------------
2.302763     0 60000
2.300208  6400 60000
2.300149 12800 60000
2.302717 19200 60000
2.304885 25600 60000
2.301476 32000 60000
2.301629 38400 60000
2.302888 44800 60000
2.302513 51200 60000
2.302311 57600 60000
Epoch 12
-------------------------------
2.302494     0 60000
2.300922  6400 60000
2.300653 12800 60000
2.301018 19200 60000
2.298785 25600 60000
2.302983 32000 60000
2.301086 38400 60000
2.303518 44800 60000
2.303026 51200 60000
2.302830 57600 60000
