Epoch 1
-------------------------------
2.319664     0 60000
2.302200  6400 60000
2.299412 12800 60000
2.299674 19200 60000
2.301464 25600 60000
2.306245 32000 60000
2.302047 38400 60000
2.295666 44800 60000
2.304415 51200 60000
2.299563 57600 60000
Epoch 2
-------------------------------
2.299811     0 60000
2.292619  6400 60000
2.301222 12800 60000
2.308895 19200 60000
2.309769 25600 60000
2.292009 32000 60000
2.305163 38400 60000
2.304331 44800 60000
2.303578 51200 60000
2.302499 57600 60000
Epoch 3
-------------------------------
2.300137     0 60000
2.303490  6400 60000
2.296575 12800 60000
2.310832 19200 60000
2.299149 25600 60000
2.306688 32000 60000
2.316958 38400 60000
2.308429 44800 60000
2.302559 51200 60000
2.301427 57600 60000
Epoch 4
-------------------------------
2.312328     0 60000
2.303402  6400 60000
2.302409 12800 60000
2.304811 19200 60000
2.306307 25600 60000
2.305991 32000 60000
2.305575 38400 60000
2.296272 44800 60000
2.309991 51200 60000
2.301643 57600 60000
Epoch 5
-------------------------------
2.301566     0 60000
2.313334  6400 60000
2.302000 12800 60000
2.303045 19200 60000
2.308837 25600 60000
2.291225 32000 60000
2.309504 38400 60000
2.309179 44800 60000
2.300722 51200 60000
2.310090 57600 60000
Epoch 6
-------------------------------
2.301128     0 60000
2.304256  6400 60000
2.305742 12800 60000
2.292663 19200 60000
2.295777 25600 60000
2.302349 32000 60000
2.301424 38400 60000
2.305514 44800 60000
2.305255 51200 60000
2.317372 57600 60000
Epoch 7
-------------------------------
2.304868     0 60000
2.302782  6400 60000
2.308618 12800 60000
2.306036 19200 60000
2.302205 25600 60000
2.309423 32000 60000
2.298882 38400 60000
2.311076 44800 60000
2.306422 51200 60000
2.302898 57600 60000
Epoch 8
-------------------------------
2.301574     0 60000
2.298426  6400 60000
2.294101 12800 60000
2.300747 19200 60000
2.302045 25600 60000
2.298919 32000 60000
2.299866 38400 60000
2.298630 44800 60000
2.306225 51200 60000
2.298736 57600 60000
Epoch 9
-------------------------------
2.295996     0 60000
2.298205  6400 60000
2.295846 12800 60000
2.299470 19200 60000
2.302346 25600 60000
2.304570 32000 60000
2.300715 38400 60000
2.295584 44800 60000
2.305639 51200 60000
2.301186 57600 60000
Epoch 10
-------------------------------
2.291450     0 60000
2.294845  6400 60000
2.308862 12800 60000
2.295714 19200 60000
2.300409 25600 60000
2.300984 32000 60000
2.305601 38400 60000
2.304840 44800 60000
2.295619 51200 60000
2.301632 57600 60000
Epoch 11
-------------------------------
2.296613     0 60000
2.306549  6400 60000
2.298602 12800 60000
2.308752 19200 60000
2.309557 25600 60000
2.308377 32000 60000
2.301488 38400 60000
2.297077 44800 60000
2.305514 51200 60000
2.310639 57600 60000
Epoch 12
-------------------------------
2.301983     0 60000
2.315476  6400 60000
2.295682 12800 60000
2.305391 19200 60000
2.296177 25600 60000
2.303056 32000 60000
2.306691 38400 60000
2.299996 44800 60000
2.289308 51200 60000
2.303586 57600 60000
