Epoch 1
-------------------------------
2.298630     0 60000
2.308580  6400 60000
2.303000 12800 60000
2.302710 19200 60000
2.302777 25600 60000
2.303148 32000 60000
2.300140 38400 60000
2.301391 44800 60000
2.305917 51200 60000
2.303024 57600 60000
Epoch 2
-------------------------------
2.303010     0 60000
2.303777  6400 60000
2.302132 12800 60000
2.301525 19200 60000
2.308591 25600 60000
2.300914 32000 60000
2.301954 38400 60000
2.301351 44800 60000
2.302468 51200 60000
2.302867 57600 60000
Epoch 3
-------------------------------
2.302629     0 60000
2.300272  6400 60000
2.299713 12800 60000
2.302217 19200 60000
2.304530 25600 60000
2.300786 32000 60000
2.304938 38400 60000
2.302857 44800 60000
2.302062 51200 60000
2.303457 57600 60000
Epoch 4
-------------------------------
2.303021     0 60000
2.302221  6400 60000
2.301719 12800 60000
2.303904 19200 60000
2.303042 25600 60000
2.302397 32000 60000
2.302089 38400 60000
2.303207 44800 60000
2.302896 51200 60000
2.303567 57600 60000
Epoch 5
-------------------------------
2.303593     0 60000
2.303245  6400 60000
2.304011 12800 60000
2.302269 19200 60000
2.304888 25600 60000
2.301860 32000 60000
2.303654 38400 60000
2.303088 44800 60000
2.301213 51200 60000
2.302120 57600 60000
Epoch 6
-------------------------------
2.302061     0 60000
2.301005  6400 60000
2.301623 12800 60000
2.305304 19200 60000
2.302786 25600 60000
2.300864 32000 60000
2.303225 38400 60000
2.304537 44800 60000
2.302539 51200 60000
2.302032 57600 60000
Epoch 7
-------------------------------
2.302422     0 60000
2.303787  6400 60000
2.302831 12800 60000
2.300485 19200 60000
2.304224 25600 60000
2.302371 32000 60000
2.303133 38400 60000
2.303216 44800 60000
2.303365 51200 60000
2.302330 57600 60000
Epoch 8
-------------------------------
2.302625     0 60000
2.303324  6400 60000
2.301780 12800 60000
2.303564 19200 60000
2.302973 25600 60000
2.304006 32000 60000
2.301173 38400 60000
2.302946 44800 60000
2.303014 51200 60000
2.303863 57600 60000
Epoch 9
-------------------------------
2.302505     0 60000
2.303053  6400 60000
2.302834 12800 60000
2.301549 19200 60000
2.301775 25600 60000
2.300740 32000 60000
2.303467 38400 60000
2.303304 44800 60000
2.301510 51200 60000
2.302282 57600 60000
Epoch 10
-------------------------------
2.301392     0 60000
2.303556  6400 60000
2.301483 12800 60000
2.306017 19200 60000
2.304854 25600 60000
2.304152 32000 60000
2.303582 38400 60000
2.303510 44800 60000
2.302581 51200 60000
2.302414 57600 60000
Epoch 11
-------------------------------
2.302432     0 60000
2.303477  6400 60000
2.302151 12800 60000
2.303109 19200 60000
2.305143 25600 60000
2.295158 32000 60000
2.303734 38400 60000
2.302310 44800 60000
2.301282 51200 60000
2.300003 57600 60000
Epoch 12
-------------------------------
2.301986     0 60000
2.300472  6400 60000
2.302216 12800 60000
2.301580 19200 60000
2.299235 25600 60000
2.299632 32000 60000
2.301835 38400 60000
2.301642 44800 60000
2.302290 51200 60000
2.302381 57600 60000
