Epoch 1
-------------------------------
2.302082     0 60000
2.295429  6400 60000
2.296124 12800 60000
2.303463 19200 60000
2.302988 25600 60000
2.299971 32000 60000
2.302517 38400 60000
2.302756 44800 60000
2.301808 51200 60000
2.303265 57600 60000
Epoch 2
-------------------------------
2.302859     0 60000
2.302881  6400 60000
2.301830 12800 60000
2.300464 19200 60000
2.302853 25600 60000
2.302390 32000 60000
2.302817 38400 60000
2.303789 44800 60000
2.302190 51200 60000
2.302835 57600 60000
Epoch 3
-------------------------------
2.302202     0 60000
2.304083  6400 60000
2.300032 12800 60000
2.303310 19200 60000
2.304313 25600 60000
2.302982 32000 60000
2.301515 38400 60000
2.302013 44800 60000
2.303363 51200 60000
2.303627 57600 60000
Epoch 4
-------------------------------
2.304007     0 60000
2.302021  6400 60000
2.302688 12800 60000
2.302723 19200 60000
2.304442 25600 60000
2.303872 32000 60000
2.303549 38400 60000
2.305329 44800 60000
2.303852 51200 60000
2.302797 57600 60000
Epoch 5
-------------------------------
2.303039     0 60000
2.300511  6400 60000
2.302342 12800 60000
2.304281 19200 60000
2.302372 25600 60000
2.304705 32000 60000
2.302362 38400 60000
2.302121 44800 60000
2.301958 51200 60000
2.301945 57600 60000
Epoch 6
-------------------------------
2.302213     0 60000
2.302868  6400 60000
2.301810 12800 60000
2.299608 19200 60000
2.303321 25600 60000
2.302913 32000 60000
2.302039 38400 60000
2.302699 44800 60000
2.302964 51200 60000
2.302272 57600 60000
Epoch 7
-------------------------------
2.304601     0 60000
2.304370  6400 60000
2.302799 12800 60000
2.301252 19200 60000
2.304084 25600 60000
2.301441 32000 60000
2.303843 38400 60000
2.305433 44800 60000
2.301893 51200 60000
2.302677 57600 60000
Epoch 8
-------------------------------
2.303292     0 60000
2.301945  6400 60000
2.300908 12800 60000
2.300257 19200 60000
2.302419 25600 60000
2.301153 32000 60000
2.302564 38400 60000
2.302300 44800 60000
2.303221 51200 60000
2.304017 57600 60000
Epoch 9
-------------------------------
2.301948     0 60000
2.302005  6400 60000
2.300913 12800 60000
2.301442 19200 60000
2.302267 25600 60000
2.303975 32000 60000
2.301127 38400 60000
2.302760 44800 60000
2.305805 51200 60000
2.303457 57600 60000
Epoch 10
-------------------------------
2.301709     0 60000
2.302675  6400 60000
2.304497 12800 60000
2.303686 19200 60000
2.302184 25600 60000
2.300016 32000 60000
2.302404 38400 60000
2.302030 44800 60000
2.301983 51200 60000
2.302817 57600 60000
Epoch 11
-------------------------------
2.302925     0 60000
2.302431  6400 60000
2.302236 12800 60000
2.301111 19200 60000
2.301057 25600 60000
2.304316 32000 60000
2.300832 38400 60000
2.305784 44800 60000
2.302221 51200 60000
2.302773 57600 60000
Epoch 12
-------------------------------
2.302448     0 60000
2.301739  6400 60000
2.303245 12800 60000
2.303075 19200 60000
2.303131 25600 60000
2.305963 32000 60000
2.302782 38400 60000
2.301853 44800 60000
2.303405 51200 60000
2.303289 57600 60000
