Epoch 1
-------------------------------
2.306322     0 60000
2.284672  6400 60000
2.318429 12800 60000
2.284718 19200 60000
2.303664 25600 60000
2.315592 32000 60000
2.310413 38400 60000
2.302673 44800 60000
2.306211 51200 60000
2.327038 57600 60000
Epoch 2
-------------------------------
2.324793     0 60000
2.320664  6400 60000
2.317174 12800 60000
2.286224 19200 60000
2.325394 25600 60000
2.266948 32000 60000
2.290100 38400 60000
2.269668 44800 60000
2.274195 51200 60000
2.322271 57600 60000
Epoch 3
-------------------------------
2.315344     0 60000
2.306154  6400 60000
2.310281 12800 60000
2.344754 19200 60000
2.326412 25600 60000
2.310872 32000 60000
2.327023 38400 60000
2.293843 44800 60000
2.294713 51200 60000
2.307354 57600 60000
Epoch 4
-------------------------------
2.295173     0 60000
2.294644  6400 60000
2.321405 12800 60000
2.307044 19200 60000
2.301143 25600 60000
2.307532 32000 60000
2.306426 38400 60000
2.323185 44800 60000
2.297695 51200 60000
2.314733 57600 60000
Epoch 5
-------------------------------
2.342870     0 60000
2.293031  6400 60000
2.329313 12800 60000
2.304380 19200 60000
2.293996 25600 60000
2.270274 32000 60000
2.324131 38400 60000
2.283613 44800 60000
2.305100 51200 60000
2.302840 57600 60000
Epoch 6
-------------------------------
2.323256     0 60000
2.308551  6400 60000
2.285613 12800 60000
2.343977 19200 60000
2.316365 25600 60000
2.317516 32000 60000
2.328494 38400 60000
2.309549 44800 60000
2.308550 51200 60000
2.304904 57600 60000
Epoch 7
-------------------------------
2.319587     0 60000
2.308148  6400 60000
2.308584 12800 60000
2.290250 19200 60000
2.300367 25600 60000
2.329829 32000 60000
2.318781 38400 60000
2.316891 44800 60000
2.315635 51200 60000
2.295356 57600 60000
Epoch 8
-------------------------------
2.316992     0 60000
2.303465  6400 60000
2.310073 12800 60000
2.321129 19200 60000
2.336853 25600 60000
2.305813 32000 60000
2.292626 38400 60000
2.322787 44800 60000
2.317418 51200 60000
2.318698 57600 60000
Epoch 9
-------------------------------
2.289479     0 60000
2.311851  6400 60000
2.306104 12800 60000
2.312973 19200 60000
2.324689 25600 60000
2.302925 32000 60000
2.325937 38400 60000
2.313151 44800 60000
2.306006 51200 60000
2.316241 57600 60000
Epoch 10
-------------------------------
2.311023     0 60000
2.313469  6400 60000
2.325203 12800 60000
2.302917 19200 60000
2.341486 25600 60000
2.311833 32000 60000
2.334790 38400 60000
2.305960 44800 60000
2.310187 51200 60000
2.296811 57600 60000
Epoch 11
-------------------------------
2.261494     0 60000
2.318069  6400 60000
2.304412 12800 60000
2.313158 19200 60000
2.310879 25600 60000
2.321734 32000 60000
2.301408 38400 60000
2.314450 44800 60000
2.302839 51200 60000
2.306123 57600 60000
Epoch 12
-------------------------------
2.324554     0 60000
2.282603  6400 60000
2.302359 12800 60000
2.318377 19200 60000
2.328292 25600 60000
2.320108 32000 60000
2.299105 38400 60000
2.331777 44800 60000
2.316023 51200 60000
2.325688 57600 60000
