Epoch 1
-------------------------------
2.309036     0 60000
2.379259  6400 60000
2.287715 12800 60000
2.294985 19200 60000
2.289681 25600 60000
2.290940 32000 60000
2.273266 38400 60000
2.270787 44800 60000
2.209071 51200 60000
2.264543 57600 60000
Epoch 2
-------------------------------
2.145191     0 60000
2.329849  6400 60000
2.193684 12800 60000
2.236082 19200 60000
2.111652 25600 60000
2.300303 32000 60000
2.039785 38400 60000
2.324277 44800 60000
2.303990 51200 60000
2.287765 57600 60000
Epoch 3
-------------------------------
2.304487     0 60000
2.319295  6400 60000
2.310220 12800 60000
2.301812 19200 60000
2.312273 25600 60000
2.297300 32000 60000
2.309782 38400 60000
2.306348 44800 60000
2.293439 51200 60000
2.346795 57600 60000
Epoch 4
-------------------------------
2.312835     0 60000
2.291858  6400 60000
2.341946 12800 60000
2.300328 19200 60000
2.316075 25600 60000
2.335218 32000 60000
2.299794 38400 60000
2.294554 44800 60000
2.307252 51200 60000
2.300040 57600 60000
Epoch 5
-------------------------------
2.312489     0 60000
2.307688  6400 60000
2.322754 12800 60000
2.304287 19200 60000
2.313668 25600 60000
2.324637 32000 60000
2.321063 38400 60000
2.314869 44800 60000
2.322847 51200 60000
2.309105 57600 60000
Epoch 6
-------------------------------
2.301386     0 60000
2.343068  6400 60000
2.311148 12800 60000
2.316107 19200 60000
2.331852 25600 60000
2.311918 32000 60000
2.297631 38400 60000
2.304986 44800 60000
2.311925 51200 60000
2.289674 57600 60000
Epoch 7
-------------------------------
2.319322     0 60000
2.299660  6400 60000
2.290142 12800 60000
2.306529 19200 60000
2.280857 25600 60000
2.327266 32000 60000
2.318823 38400 60000
2.348803 44800 60000
2.339200 51200 60000
2.376871 57600 60000
Epoch 8
-------------------------------
2.310734     0 60000
2.300223  6400 60000
2.306823 12800 60000
2.309782 19200 60000
2.320205 25600 60000
2.311852 32000 60000
2.295688 38400 60000
2.302426 44800 60000
2.307535 51200 60000
2.284188 57600 60000
Epoch 9
-------------------------------
2.309808     0 60000
2.316767  6400 60000
2.311152 12800 60000
2.290368 19200 60000
2.299262 25600 60000
2.313744 32000 60000
2.287737 38400 60000
2.320732 44800 60000
2.330530 51200 60000
2.322637 57600 60000
Epoch 10
-------------------------------
2.309072     0 60000
2.319885  6400 60000
2.299132 12800 60000
2.334383 19200 60000
2.312713 25600 60000
2.333633 32000 60000
2.303257 38400 60000
2.290594 44800 60000
2.286530 51200 60000
2.317451 57600 60000
Epoch 11
-------------------------------
2.317683     0 60000
2.306270  6400 60000
2.298036 12800 60000
2.323189 19200 60000
2.282830 25600 60000
2.271385 32000 60000
2.311995 38400 60000
2.320665 44800 60000
2.301281 51200 60000
2.329729 57600 60000
Epoch 12
-------------------------------
2.301607     0 60000
2.331169  6400 60000
2.303343 12800 60000
2.304111 19200 60000
2.317781 25600 60000
2.295696 32000 60000
2.302525 38400 60000
2.310119 44800 60000
2.315730 51200 60000
2.340532 57600 60000
