Epoch 1
-------------------------------
2.301570     0 60000
2.270966  6400 60000
2.289713 12800 60000
2.312608 19200 60000
2.321449 25600 60000
2.310118 32000 60000
2.328794 38400 60000
2.308284 44800 60000
2.355291 51200 60000
2.304919 57600 60000
Epoch 2
-------------------------------
2.295359     0 60000
2.305226  6400 60000
2.321964 12800 60000
2.309806 19200 60000
2.289082 25600 60000
2.325490 32000 60000
2.276923 38400 60000
2.300778 44800 60000
2.325677 51200 60000
2.314889 57600 60000
Epoch 3
-------------------------------
2.295616     0 60000
2.307969  6400 60000
2.297807 12800 60000
2.306664 19200 60000
2.348412 25600 60000
2.321548 32000 60000
2.315481 38400 60000
2.309916 44800 60000
2.279718 51200 60000
2.292247 57600 60000
Epoch 4
-------------------------------
2.312033     0 60000
2.308654  6400 60000
2.309507 12800 60000
2.293466 19200 60000
2.299179 25600 60000
2.290006 32000 60000
2.309539 38400 60000
2.307636 44800 60000
2.313688 51200 60000
2.320394 57600 60000
Epoch 5
-------------------------------
2.342323     0 60000
2.297246  6400 60000
2.362279 12800 60000
2.297689 19200 60000
2.308743 25600 60000
2.352870 32000 60000
2.287020 38400 60000
2.297850 44800 60000
2.338027 51200 60000
2.299903 57600 60000
Epoch 6
-------------------------------
2.311222     0 60000
2.314328  6400 60000
2.340987 12800 60000
2.308836 19200 60000
2.310158 25600 60000
2.302685 32000 60000
2.298467 38400 60000
2.304750 44800 60000
2.310801 51200 60000
2.324651 57600 60000
Epoch 7
-------------------------------
2.319326     0 60000
2.323258  6400 60000
2.308263 12800 60000
2.302936 19200 60000
2.302826 25600 60000
2.310420 32000 60000
2.325830 38400 60000
2.280942 44800 60000
2.300151 51200 60000
2.314289 57600 60000
Epoch 8
-------------------------------
2.292006     0 60000
2.276619  6400 60000
2.317218 12800 60000
2.312225 19200 60000
2.329721 25600 60000
2.304673 32000 60000
2.330674 38400 60000
2.324156 44800 60000
2.296508 51200 60000
2.322340 57600 60000
Epoch 9
-------------------------------
2.338283     0 60000
2.317697  6400 60000
2.295872 12800 60000
2.320019 19200 60000
2.313421 25600 60000
2.289644 32000 60000
2.333723 38400 60000
2.295483 44800 60000
2.326674 51200 60000
2.313804 57600 60000
Epoch 10
-------------------------------
2.311586     0 60000
2.300658  6400 60000
2.310706 12800 60000
2.307384 19200 60000
2.301011 25600 60000
2.314833 32000 60000
2.299447 38400 60000
2.320800 44800 60000
2.309286 51200 60000
2.312694 57600 60000
Epoch 11
-------------------------------
2.303920     0 60000
2.322628  6400 60000
2.356554 12800 60000
2.308442 19200 60000
2.299465 25600 60000
2.328415 32000 60000
2.285827 38400 60000
2.308946 44800 60000
2.301214 51200 60000
2.318463 57600 60000
Epoch 12
-------------------------------
2.300882     0 60000
2.321587  6400 60000
2.329467 12800 60000
2.290351 19200 60000
2.324128 25600 60000
2.300302 32000 60000
2.304174 38400 60000
2.318682 44800 60000
2.310634 51200 60000
2.324751 57600 60000
