Epoch 1
-------------------------------
2.294281     0 60000
2.293765  6400 60000
2.299941 12800 60000
2.304623 19200 60000
2.305197 25600 60000
2.302884 32000 60000
2.301710 38400 60000
2.304388 44800 60000
2.302770 51200 60000
2.303438 57600 60000
Epoch 2
-------------------------------
2.303069     0 60000
2.303201  6400 60000
2.302721 12800 60000
2.306486 19200 60000
2.305391 25600 60000
2.304487 32000 60000
2.302908 38400 60000
2.301444 44800 60000
2.302021 51200 60000
2.301629 57600 60000
Epoch 3
-------------------------------
2.302711     0 60000
2.302539  6400 60000
2.301906 12800 60000
2.302334 19200 60000
2.302608 25600 60000
2.303428 32000 60000
2.303336 38400 60000
2.303810 44800 60000
2.303815 51200 60000
2.302461 57600 60000
Epoch 4
-------------------------------
2.303441     0 60000
2.303127  6400 60000
2.298972 12800 60000
2.300943 19200 60000
2.303413 25600 60000
2.304406 32000 60000
2.301157 38400 60000
2.303818 44800 60000
2.303038 51200 60000
2.304377 57600 60000
Epoch 5
-------------------------------
2.303045     0 60000
2.302397  6400 60000
2.302334 12800 60000
2.303048 19200 60000
2.302695 25600 60000
2.301464 32000 60000
2.299398 38400 60000
2.302043 44800 60000
2.302410 51200 60000
2.301576 57600 60000
Epoch 6
-------------------------------
2.303231     0 60000
2.302149  6400 60000
2.303835 12800 60000
2.304976 19200 60000
2.304769 25600 60000
2.301615 32000 60000
2.302236 38400 60000
2.302222 44800 60000
2.301853 51200 60000
2.303472 57600 60000
Epoch 7
-------------------------------
2.302234     0 60000
2.300033  6400 60000
2.301867 12800 60000
2.303130 19200 60000
2.301955 25600 60000
2.300064 32000 60000
2.302610 38400 60000
2.302881 44800 60000
2.302779 51200 60000
2.302243 57600 60000
Epoch 8
-------------------------------
2.302104     0 60000
2.306565  6400 60000
2.303020 12800 60000
2.303542 19200 60000
2.302109 25600 60000
2.300313 32000 60000
2.303908 38400 60000
2.302688 44800 60000
2.303836 51200 60000
2.302713 57600 60000
Epoch 9
-------------------------------
2.300983     0 60000
2.300137  6400 60000
2.303982 12800 60000
2.302170 19200 60000
2.303846 25600 60000
2.303164 32000 60000
2.306515 38400 60000
2.301873 44800 60000
2.304254 51200 60000
2.301960 57600 60000
Epoch 10
-------------------------------
2.304237     0 60000
2.301714  6400 60000
2.304287 12800 60000
2.301680 19200 60000
2.302628 25600 60000
2.300456 32000 60000
2.303065 38400 60000
2.302248 44800 60000
2.301456 51200 60000
2.301754 57600 60000
Epoch 11
-------------------------------
2.301251     0 60000
2.302559  6400 60000
2.303414 12800 60000
2.302087 19200 60000
2.304650 25600 60000
2.303077 32000 60000
2.303234 38400 60000
2.303103 44800 60000
2.301763 51200 60000
2.303158 57600 60000
Epoch 12
-------------------------------
2.303769     0 60000
2.302965  6400 60000
2.305035 12800 60000
2.300611 19200 60000
2.302023 25600 60000
2.302017 32000 60000
2.302922 38400 60000
2.302786 44800 60000
2.301006 51200 60000
2.304243 57600 60000
