Epoch 1
-------------------------------
2.344674     0 60000
2.303749  6400 60000
2.301090 12800 60000
2.301268 19200 60000
2.300491 25600 60000
2.302251 32000 60000
2.311896 38400 60000
2.291371 44800 60000
2.309750 51200 60000
2.295957 57600 60000
Epoch 2
-------------------------------
2.294791     0 60000
2.306406  6400 60000
2.306988 12800 60000
2.307431 19200 60000
2.304001 25600 60000
2.309155 32000 60000
2.294658 38400 60000
2.304105 44800 60000
2.305487 51200 60000
2.299382 57600 60000
Epoch 3
-------------------------------
2.299713     0 60000
2.297954  6400 60000
2.306245 12800 60000
2.305643 19200 60000
2.302497 25600 60000
2.299083 32000 60000
2.309400 38400 60000
2.306108 44800 60000
2.301874 51200 60000
2.306900 57600 60000
Epoch 4
-------------------------------
2.305221     0 60000
2.300249  6400 60000
2.305302 12800 60000
2.297229 19200 60000
2.305196 25600 60000
2.310897 32000 60000
2.298681 38400 60000
2.307467 44800 60000
2.302706 51200 60000
2.301934 57600 60000
Epoch 5
-------------------------------
2.301891     0 60000
2.302837  6400 60000
2.301283 12800 60000
2.300304 19200 60000
2.302665 25600 60000
2.303567 32000 60000
2.305328 38400 60000
2.301111 44800 60000
2.300804 51200 60000
2.304016 57600 60000
Epoch 6
-------------------------------
2.299007     0 60000
2.309723  6400 60000
2.303754 12800 60000
2.293652 19200 60000
2.295411 25600 60000
2.301949 32000 60000
2.298511 38400 60000
2.305269 44800 60000
2.301814 51200 60000
2.299840 57600 60000
Epoch 7
-------------------------------
2.294756     0 60000
2.305791  6400 60000
2.300723 12800 60000
2.306495 19200 60000
2.304237 25600 60000
2.297765 32000 60000
2.306900 38400 60000
2.312870 44800 60000
2.297643 51200 60000
2.300360 57600 60000
Epoch 8
-------------------------------
2.302667     0 60000
2.304671  6400 60000
2.296661 12800 60000
2.308954 19200 60000
2.317705 25600 60000
2.304163 32000 60000
2.313856 38400 60000
2.296788 44800 60000
2.304564 51200 60000
2.294089 57600 60000
Epoch 9
-------------------------------
2.304519     0 60000
2.308010  6400 60000
2.310916 12800 60000
2.301083 19200 60000
2.298978 25600 60000
2.312079 32000 60000
2.298622 38400 60000
2.301029 44800 60000
2.304893 51200 60000
2.300575 57600 60000
Epoch 10
-------------------------------
2.298705     0 60000
2.306854  6400 60000
2.301511 12800 60000
2.307319 19200 60000
2.304936 25600 60000
2.307858 32000 60000
2.306829 38400 60000
2.302949 44800 60000
2.300401 51200 60000
2.306728 57600 60000
Epoch 11
-------------------------------
2.305991     0 60000
2.307101  6400 60000
2.306688 12800 60000
2.299445 19200 60000
2.313297 25600 60000
2.298939 32000 60000
2.306049 38400 60000
2.306031 44800 60000
2.286036 51200 60000
2.300795 57600 60000
Epoch 12
-------------------------------
2.294472     0 60000
2.314783  6400 60000
2.302216 12800 60000
2.299800 19200 60000
2.298068 25600 60000
2.305296 32000 60000
2.305692 38400 60000
2.301171 44800 60000
2.313153 51200 60000
2.303900 57600 60000
