Epoch 1
-------------------------------
2.307325     0 60000
2.290096  6400 60000
2.309538 12800 60000
2.326593 19200 60000
2.304095 25600 60000
2.318753 32000 60000
2.309175 38400 60000
2.286776 44800 60000
2.285957 51200 60000
2.321522 57600 60000
Epoch 2
-------------------------------
2.304502     0 60000
2.285980  6400 60000
2.299979 12800 60000
2.315824 19200 60000
2.317153 25600 60000
2.312791 32000 60000
2.298505 38400 60000
2.303546 44800 60000
2.335455 51200 60000
2.304446 57600 60000
Epoch 3
-------------------------------
2.321269     0 60000
2.297301  6400 60000
2.303690 12800 60000
2.304551 19200 60000
2.291903 25600 60000
2.335779 32000 60000
2.339860 38400 60000
2.316009 44800 60000
2.294484 51200 60000
2.300059 57600 60000
Epoch 4
-------------------------------
2.340034     0 60000
2.289294  6400 60000
2.287840 12800 60000
2.316911 19200 60000
2.340802 25600 60000
2.301470 32000 60000
2.367775 38400 60000
2.295904 44800 60000
2.338778 51200 60000
2.308024 57600 60000
Epoch 5
-------------------------------
2.299499     0 60000
2.310972  6400 60000
2.338124 12800 60000
2.304159 19200 60000
2.315155 25600 60000
2.278398 32000 60000
2.290868 38400 60000
2.316057 44800 60000
2.329757 51200 60000
2.310068 57600 60000
Epoch 6
-------------------------------
2.319052     0 60000
2.304606  6400 60000
2.312301 12800 60000
2.311723 19200 60000
2.291324 25600 60000
2.324604 32000 60000
2.312399 38400 60000
2.308797 44800 60000
2.319295 51200 60000
2.304475 57600 60000
Epoch 7
-------------------------------
2.302544     0 60000
2.314609  6400 60000
2.331911 12800 60000
2.277028 19200 60000
2.297006 25600 60000
2.300046 32000 60000
2.275025 38400 60000
2.314746 44800 60000
2.289658 51200 60000
2.309006 57600 60000
Epoch 8
-------------------------------
2.290154     0 60000
2.303322  6400 60000
2.302747 12800 60000
2.291871 19200 60000
2.295033 25600 60000
2.310058 32000 60000
2.305293 38400 60000
2.317711 44800 60000
2.325694 51200 60000
2.301461 57600 60000
Epoch 9
-------------------------------
2.294089     0 60000
2.300084  6400 60000
2.324653 12800 60000
2.305691 19200 60000
2.316400 25600 60000
2.326966 32000 60000
2.323193 38400 60000
2.339222 44800 60000
2.334522 51200 60000
2.296896 57600 60000
Epoch 10
-------------------------------
2.296550     0 60000
2.308224  6400 60000
2.302322 12800 60000
2.336089 19200 60000
2.267016 25600 60000
2.309987 32000 60000
2.297875 38400 60000
2.294656 44800 60000
2.301089 51200 60000
2.299465 57600 60000
Epoch 11
-------------------------------
2.306200     0 60000
2.291260  6400 60000
2.327487 12800 60000
2.299751 19200 60000
2.300719 25600 60000
2.314822 32000 60000
2.315865 38400 60000
2.304458 44800 60000
2.308993 51200 60000
2.316073 57600 60000
Epoch 12
-------------------------------
2.330164     0 60000
2.287880  6400 60000
2.303429 12800 60000
2.297786 19200 60000
2.309226 25600 60000
2.332524 32000 60000
2.404188 38400 60000
2.306005 44800 60000
2.307893 51200 60000
2.316725 57600 60000
