4 4 7 
0 0.1 0.01 88.61 88.82
0 0.1 0.1 20.20 19.82
0 0.1 1 12.05 11.83
0 0.1 10 10.17 10.32
0 0.1 100 9.42 10.12
0 0.1 1000 9.53 10.57
0 0.1 10000 12.99 13.62
0 1 0.01 20.56 20.25
0 1 0.1 12.47 12.40
0 1 1 11.65 11.78
0 1 10 15.67 15.65
0 1 100 18.49 18.63
0 1 1000 18.77 19.10
0 1 10000 18.57 19.02
0 10 0.01 39.91 39.15
0 10 0.1 56.17 55.08
0 10 1 58.49 57.80
0 10 10 57.96 57.45
0 10 100 58.07 57.58
0 10 1000 58.20 57.77
0 10 10000 58.29 57.53
0 100 0.01 66.62 65.87
0 100 0.1 71.52 70.47
0 100 1 71.37 70.83
0 100 10 70.98 70.70
0 100 100 71.04 70.77
0 100 1000 70.94 70.77
0 100 10000 70.93 70.78
1 0.1 0.01 88.71 88.88
1 0.1 0.1 36.45 36.28
1 0.1 1 13.80 13.60
1 0.1 10 11.32 11.37
1 0.1 100 12.22 12.43
1 0.1 1000 17.22 17.33
1 0.1 10000 18.55 19.00
1 1 0.01 42.18 42.47
1 1 0.1 17.51 16.95
1 1 1 21.80 21.33
1 1 10 29.60 28.32
1 1 100 30.93 30.48
1 1 1000 31.14 30.88
1 1 10000 30.63 30.37
1 10 0.01 48.90 48.00
1 10 0.1 62.34 62.02
1 10 1 64.65 64.00
1 10 10 64.12 64.03
1 10 100 64.48 64.30
1 10 1000 64.49 64.22
1 10 10000 64.43 64.38
1 100 0.01 69.05 67.62
1 100 0.1 72.01 71.65
1 100 1 71.67 71.67
1 100 10 71.78 72.00
1 100 100 71.62 71.82
1 100 1000 71.63 71.78
1 100 10000 71.64 71.78
5 0.1 0.01 88.71 88.88
5 0.1 0.1 88.71 88.88
5 0.1 1 88.71 88.88
5 0.1 10 88.71 88.88
5 0.1 100 74.10 74.43
5 0.1 1000 16.85 16.43
5 0.1 10000 11.97 11.90
5 1 0.01 88.71 88.88
5 1 0.1 88.71 88.88
5 1 1 88.71 88.88
5 1 10 79.99 80.30
5 1 100 20.44 19.95
5 1 1000 21.07 20.38
5 1 10000 30.28 29.82
5 10 0.01 88.71 88.88
5 10 0.1 88.63 88.80
5 10 1 78.52 78.92
5 10 10 60.01 60.58
5 10 100 68.08 67.97
5 10 1000 70.72 70.48
5 10 10000 71.17 70.88
5 100 0.01 76.06 75.60
5 100 0.1 79.11 78.25
5 100 1 78.62 77.73
5 100 10 79.33 79.15
5 100 100 79.29 78.98
5 100 1000 79.25 78.97
5 100 10000 79.25 78.93
10 0.1 0.01 88.71 88.88
10 0.1 0.1 88.71 88.88
10 0.1 1 88.71 88.88
10 0.1 10 88.71 88.88
10 0.1 100 88.71 88.88
10 0.1 1000 88.71 88.88
10 0.1 10000 88.71 88.88
10 1 0.01 88.71 88.88
10 1 0.1 88.71 88.88
10 1 1 88.71 88.88
10 1 10 88.71 88.88
10 1 100 88.71 88.88
10 1 1000 88.71 88.88
10 1 10000 88.71 88.88
10 10 0.01 88.71 88.88
10 10 0.1 88.71 88.88
10 10 1 88.71 88.88
10 10 10 88.71 88.88
10 10 100 88.71 88.88
10 10 1000 88.68 88.88
10 10 10000 83.82 83.97
10 100 0.01 80.63 80.80
10 100 0.1 87.46 86.75
10 100 1 84.88 84.57
10 100 10 84.69 84.60
10 100 100 84.77 84.77
10 100 1000 84.78 84.73
10 100 10000 84.78 84.72
