3 4 7
-10 0.1 0.01 88.71 88.88
-10 0.1 0.1 88.71 88.88
-10 0.1 1 88.71 88.88
-10 0.1 10 88.71 88.88
-10 0.1 100 88.71 88.88
-10 0.1 1000 88.71 88.88
-10 0.1 10000 88.71 88.88
-10 1 0.01 88.71 88.88
-10 1 0.1 88.71 88.88
-10 1 1 88.71 88.88
-10 1 10 88.71 88.88
-10 1 100 88.71 88.88
-10 1 1000 88.71 88.88
-10 1 10000 88.71 88.88
-10 10 0.01 88.71 88.88
-10 10 0.1 88.33 88.60
-10 10 1 87.54 87.63
-10 10 10 85.47 86.12
-10 10 100 80.59 81.95
-10 10 1000 49.30 50.88
-10 10 10000 16.64 18.87
-10 100 0.01 32.59 31.38
-10 100 0.1 46.06 43.93
-10 100 1 46.88 45.10
-10 100 10 45.95 44.28
-10 100 100 45.58 43.88
-10 100 1000 45.45 44.20
-10 100 10000 45.62 44.17
-5 0.1 0.01 88.71 88.88
-5 0.1 0.1 88.71 88.88
-5 0.1 1 88.71 88.88
-5 0.1 10 88.71 88.88
-5 0.1 100 72.46 72.63
-5 0.1 1000 16.08 15.63
-5 0.1 10000 10.74 10.60
-5 1 0.01 88.71 88.88
-5 1 0.1 88.71 88.88
-5 1 1 88.71 88.88
-5 1 10 64.65 64.37
-5 1 100 12.91 12.85
-5 1 1000 7.31 7.52
-5 1 10000 3.82 4.83
-5 10 0.01 78.45 78.32
-5 10 0.1 41.11 42.57
-5 10 1 10.18 11.97
-5 10 10 3.23 5.92
-5 10 100 1.41 6.48
-5 10 1000 1.16 7.98
-5 10 10000 1.32 10.20
-5 100 0.01 50.98 50.13
-5 100 0.1 61.36 59.77
-5 100 1 61.72 60.65
-5 100 10 61.76 60.48
-5 100 100 61.64 60.38
-5 100 1000 61.74 60.43
-5 100 10000 61.70 60.15
-1 0.1 0.01 88.71 88.88
-1 0.1 0.1 35.52 35.35
-1 0.1 1 13.39 12.87
-1 0.1 10 10.04 9.97
-1 0.1 100 7.71 8.15
-1 0.1 1000 3.94 5.27
-1 0.1 10000 1.12 3.80
-1 1 0.01 32.32 32.30
-1 1 0.1 11.27 10.90
-1 1 1 6.88 7.15
-1 1 10 3.37 4.58
-1 1 100 0.88 3.35
-1 1 1000 0.05 3.77
-1 1 10000 0.00 4.12
-1 10 0.01 18.88 18.60
-1 10 0.1 32.62 31.25
-1 10 1 36.21 35.08
-1 10 10 36.52 35.42
-1 10 100 35.51 35.42
-1 10 1000 35.88 35.35
-1 10 10000 36.08 35.85
-1 100 0.01 64.05 64.05
-1 100 0.1 70.34 69.65
-1 100 1 70.15 69.80
-1 100 10 70.04 70.35
-1 100 100 70.01 70.27
-1 100 1000 70.00 70.13
-1 100 10000 69.98 70.12
