               --- Resultat proves ---
#      a       b   E   k Ete Ete (%)    Ite (%)
#------- ------- --- --- --- ------- ----------
     0.1     0.1   0  86 263    17.5 [15.6, 19.5]
     0.1     1.0   0  72 254    16.9 [15.0, 18.8]
     0.1    10.0   0  88 257    17.1 [15.2, 19.0]
     0.1   100.0 159 100 287    19.1 [17.1, 21.1]
     0.1  1000.0 662 100 212    14.1 [12.4, 15.9]
     0.1 10000.0 1023 100 245    16.3 [14.5, 18.2]
     1.0     0.1   0  71 260    17.3 [15.4, 19.2]
     1.0     1.0   0  86 263    17.5 [15.6, 19.5]
     1.0    10.0   0  72 254    16.9 [15.0, 18.8]
     1.0   100.0   0  88 257    17.1 [15.2, 19.0]
     1.0  1000.0 159 100 287    19.1 [17.1, 21.1]
     1.0 10000.0 662 100 212    14.1 [12.4, 15.9]
    10.0     0.1   0  75 260    17.3 [15.4, 19.2]
    10.0     1.0   0  71 260    17.3 [15.4, 19.2]
    10.0    10.0   0  86 263    17.5 [15.6, 19.5]
    10.0   100.0   0  72 254    16.9 [15.0, 18.8]
    10.0  1000.0   0  88 257    17.1 [15.2, 19.0]
    10.0 10000.0 159 100 287    19.1 [17.1, 21.1]
   100.0     0.1   0  76 257    17.1 [15.2, 19.0]
   100.0     1.0   0  75 260    17.3 [15.4, 19.2]
   100.0    10.0   0  71 260    17.3 [15.4, 19.2]
   100.0   100.0   0  86 263    17.5 [15.6, 19.5]
   100.0  1000.0   0  72 254    16.9 [15.0, 18.8]
   100.0 10000.0   0  88 257    17.1 [15.2, 19.0]
  1000.0     0.1   0  76 257    17.1 [15.2, 19.0]
  1000.0     1.0   0  76 257    17.1 [15.2, 19.0]
  1000.0    10.0   0  75 260    17.3 [15.4, 19.2]
  1000.0   100.0   0  71 260    17.3 [15.4, 19.2]
  1000.0  1000.0   0  86 263    17.5 [15.6, 19.5]
  1000.0 10000.0   0  72 254    16.9 [15.0, 18.8]
 10000.0     0.1   0  76 257    17.1 [15.2, 19.0]
 10000.0     1.0   0  76 257    17.1 [15.2, 19.0]
 10000.0    10.0   0  76 257    17.1 [15.2, 19.0]
 10000.0   100.0   0  75 260    17.3 [15.4, 19.2]
 10000.0  1000.0   0  71 260    17.3 [15.4, 19.2]
 10000.0 10000.0   0  86 263    17.5 [15.6, 19.5]

               --- Comentari ---
D'acord als resultats obtinguts escolliriem una alfa a=0.1
i una beta b=1.0 de forma que tenim un entrenament convergent
(ja que els errors amb la mostra arriben a ser 0). Així
doncs d'entre tots els que convergeixen escollim aquest 
per tindre un error davant la mostra de test inferior (16.9%)
així com un interval de conviança al 95% amb valors més baixos.

Aquest resultat a més convergeix més ràpidament per tindre
un valor alfa a molt baixet. Tot açò també mos indica que
les mostres son linealment separables.