3 3 4 3 12
32 2 128 0.1 1 10.0 2.319191
32 2 128 0.1 2 10.0 2.323387
32 2 128 0.1 3 10.0 2.314408
32 2 128 0.1 4 10.0 2.316988
32 2 128 0.1 5 10.0 2.317140
32 2 128 0.1 6 10.0 2.317963
32 2 128 0.1 7 10.0 2.311240
32 2 128 0.1 8 10.0 2.309893
32 2 128 0.1 9 10.0 2.312409
32 2 128 0.1 10 10.0 2.319538
32 2 128 0.1 11 10.0 2.328695
32 2 128 0.1 12 10.0 2.327364
32 2 128 0.01 1 10.0 2.303765
32 2 128 0.01 2 10.0 2.303237
32 2 128 0.01 3 10.0 2.304057
32 2 128 0.01 4 10.0 2.303623
32 2 128 0.01 5 10.0 2.303398
32 2 128 0.01 6 10.0 2.303240
32 2 128 0.01 7 10.0 2.303799
32 2 128 0.01 8 10.0 2.303298
32 2 128 0.01 9 10.0 2.303195
32 2 128 0.01 10 10.0 2.303648
32 2 128 0.01 11 10.0 2.304342
32 2 128 0.01 12 10.0 2.304163
32 2 128 0.001 1 10.0 2.302655
32 2 128 0.001 2 10.0 2.302623
32 2 128 0.001 3 10.0 2.302715
32 2 128 0.001 4 10.0 2.302612
32 2 128 0.001 5 10.0 2.302645
32 2 128 0.001 6 10.0 2.302670
32 2 128 0.001 7 10.0 2.302652
32 2 128 0.001 8 10.0 2.302636
32 2 128 0.001 9 10.0 2.302652
32 2 128 0.001 10 10.0 2.302662
32 2 128 0.001 11 10.0 2.302619
32 2 128 0.001 12 10.0 2.302644
32 2 256 0.1 1 10.0 2.310934
32 2 256 0.1 2 10.0 2.311159
32 2 256 0.1 3 10.0 2.310253
32 2 256 0.1 4 10.0 2.316718
32 2 256 0.1 5 10.0 2.320613
32 2 256 0.1 6 10.0 2.323712
32 2 256 0.1 7 10.0 2.314093
32 2 256 0.1 8 10.0 2.317023
32 2 256 0.1 9 10.0 2.319292
32 2 256 0.1 10 10.0 2.310350
32 2 256 0.1 11 10.0 2.307374
32 2 256 0.1 12 10.0 2.306913
32 2 256 0.01 1 10.0 2.302760
32 2 256 0.01 2 10.0 2.303757
32 2 256 0.01 3 10.0 2.304286
32 2 256 0.01 4 10.0 2.304152
32 2 256 0.01 5 10.0 2.303902
32 2 256 0.01 6 10.0 2.304181
32 2 256 0.01 7 10.0 2.303397
32 2 256 0.01 8 10.0 2.303243
32 2 256 0.01 9 10.0 2.304555
32 2 256 0.01 10 10.0 2.303753
32 2 256 0.01 11 10.0 2.303359
32 2 256 0.01 12 10.0 2.303204
32 2 256 0.001 1 10.0 2.302402
32 2 256 0.001 2 10.0 2.302394
32 2 256 0.001 3 10.0 2.302390
32 2 256 0.001 4 10.0 2.302385
32 2 256 0.001 5 10.0 2.302424
32 2 256 0.001 6 10.0 2.302381
32 2 256 0.001 7 10.0 2.302390
32 2 256 0.001 8 10.0 2.302404
32 2 256 0.001 9 10.0 2.302403
32 2 256 0.001 10 10.0 2.302383
32 2 256 0.001 11 10.0 2.302418
32 2 256 0.001 12 10.0 2.302380
32 2 512 0.1 1 10.0 2.313004
32 2 512 0.1 2 10.0 2.307275
32 2 512 0.1 3 10.0 2.320782
32 2 512 0.1 4 10.0 2.325714
32 2 512 0.1 5 10.0 2.313007
32 2 512 0.1 6 10.0 2.316281
32 2 512 0.1 7 10.0 2.323534
32 2 512 0.1 8 10.0 2.326901
32 2 512 0.1 9 10.0 2.308627
32 2 512 0.1 10 10.0 2.322267
32 2 512 0.1 11 10.0 2.308605
32 2 512 0.1 12 10.0 2.320196
32 2 512 0.01 1 10.0 2.303351
32 2 512 0.01 2 10.0 2.303270
32 2 512 0.01 3 10.0 2.303430
32 2 512 0.01 4 10.0 2.303079
32 2 512 0.01 5 10.0 2.303209
32 2 512 0.01 6 10.0 2.303461
32 2 512 0.01 7 10.0 2.304740
32 2 512 0.01 8 10.0 2.303287
32 2 512 0.01 9 10.0 2.303158
32 2 512 0.01 10 10.0 2.303370
32 2 512 0.01 11 10.0 2.304889
32 2 512 0.01 12 10.0 2.303442
32 2 512 0.001 1 10.0 2.302446
32 2 512 0.001 2 10.0 2.302443
32 2 512 0.001 3 10.0 2.302416
32 2 512 0.001 4 10.0 2.302422
32 2 512 0.001 5 10.0 2.302419
32 2 512 0.001 6 10.0 2.302398
32 2 512 0.001 7 10.0 2.302394
32 2 512 0.001 8 10.0 2.302432
32 2 512 0.001 9 10.0 2.302448
32 2 512 0.001 10 10.0 2.302412
32 2 512 0.001 11 10.0 2.302395
32 2 512 0.001 12 10.0 2.302395
32 2 1024 0.1 1 10.0 2.327270
32 2 1024 0.1 2 10.0 2.343298
32 2 1024 0.1 3 10.0 2.341605
32 2 1024 0.1 4 10.0 2.327928
32 2 1024 0.1 5 10.0 2.336111
32 2 1024 0.1 6 10.0 2.326024
32 2 1024 0.1 7 10.0 2.332198
32 2 1024 0.1 8 10.0 2.329043
32 2 1024 0.1 9 10.0 2.340467
32 2 1024 0.1 10 10.0 2.322739
32 2 1024 0.1 11 10.0 2.330582
32 2 1024 0.1 12 10.0 2.321363
32 2 1024 0.01 1 10.0 2.318991
32 2 1024 0.01 2 10.0 2.318043
32 2 1024 0.01 3 10.0 2.318689
32 2 1024 0.01 4 10.0 2.318990
32 2 1024 0.01 5 10.0 2.319200
32 2 1024 0.01 6 10.0 2.319303
32 2 1024 0.01 7 10.0 2.319005
32 2 1024 0.01 8 10.0 2.318932
32 2 1024 0.01 9 10.0 2.317910
32 2 1024 0.01 10 10.0 2.317989
32 2 1024 0.01 11 10.0 2.319396
32 2 1024 0.01 12 10.0 2.319198
32 2 1024 0.001 1 10.0 2.317418
32 2 1024 0.001 2 10.0 2.317406
32 2 1024 0.001 3 10.0 2.317394
32 2 1024 0.001 4 10.0 2.317431
32 2 1024 0.001 5 10.0 2.317390
32 2 1024 0.001 6 10.0 2.317440
32 2 1024 0.001 7 10.0 2.317399
32 2 1024 0.001 8 10.0 2.317415
32 2 1024 0.001 9 10.0 2.317405
32 2 1024 0.001 10 10.0 2.317458
32 2 1024 0.001 11 10.0 2.317418
32 2 1024 0.001 12 10.0 2.317420
32 4 128 0.1 1 10.0 2.313639
32 4 128 0.1 2 10.0 2.315936
32 4 128 0.1 3 10.0 2.309509
32 4 128 0.1 4 10.0 2.314447
32 4 128 0.1 5 10.0 2.309322
32 4 128 0.1 6 10.0 2.309493
32 4 128 0.1 7 10.0 2.309425
32 4 128 0.1 8 10.0 2.311538
32 4 128 0.1 9 10.0 2.320080
32 4 128 0.1 10 10.0 2.314384
32 4 128 0.1 11 10.0 2.323095
32 4 128 0.1 12 10.0 2.314332
32 4 128 0.01 1 10.0 2.304083
32 4 128 0.01 2 10.0 2.302911
32 4 128 0.01 3 10.0 2.303745
32 4 128 0.01 4 10.0 2.303535
32 4 128 0.01 5 10.0 2.303430
32 4 128 0.01 6 10.0 2.303867
32 4 128 0.01 7 10.0 2.302817
32 4 128 0.01 8 10.0 2.303180
32 4 128 0.01 9 10.0 2.303982
32 4 128 0.01 10 10.0 2.303052
32 4 128 0.01 11 10.0 2.303050
32 4 128 0.01 12 10.0 2.304045
32 4 128 0.001 1 10.0 2.302641
32 4 128 0.001 2 10.0 2.302620
32 4 128 0.001 3 10.0 2.302640
32 4 128 0.001 4 10.0 2.302658
32 4 128 0.001 5 10.0 2.302616
32 4 128 0.001 6 10.0 2.302638
32 4 128 0.001 7 10.0 2.302706
32 4 128 0.001 8 10.0 2.302621
32 4 128 0.001 9 10.0 2.302668
32 4 128 0.001 10 10.0 2.302648
32 4 128 0.001 11 10.0 2.302622
32 4 128 0.001 12 10.0 2.302632
32 4 256 0.1 1 10.0 2.321965
32 4 256 0.1 2 10.0 2.325278
32 4 256 0.1 3 10.0 2.316251
32 4 256 0.1 4 10.0 2.311942
32 4 256 0.1 5 10.0 2.313326
32 4 256 0.1 6 10.0 2.318254
32 4 256 0.1 7 10.0 2.308713
32 4 256 0.1 8 10.0 2.315876
32 4 256 0.1 9 10.0 2.309964
32 4 256 0.1 10 10.0 2.314048
32 4 256 0.1 11 10.0 2.309583
32 4 256 0.1 12 10.0 2.309921
32 4 256 0.01 1 10.0 2.303396
32 4 256 0.01 2 10.0 2.303321
32 4 256 0.01 3 10.0 2.304647
32 4 256 0.01 4 10.0 2.303361
32 4 256 0.01 5 10.0 2.305119
32 4 256 0.01 6 10.0 2.304575
32 4 256 0.01 7 10.0 2.303513
32 4 256 0.01 8 10.0 2.303846
32 4 256 0.01 9 10.0 2.302808
32 4 256 0.01 10 10.0 2.303540
32 4 256 0.01 11 10.0 2.303037
32 4 256 0.01 12 10.0 2.303191
32 4 256 0.001 1 10.0 2.302632
32 4 256 0.001 2 10.0 2.302615
32 4 256 0.001 3 10.0 2.302678
32 4 256 0.001 4 10.0 2.302664
32 4 256 0.001 5 10.0 2.302626
32 4 256 0.001 6 10.0 2.302629
32 4 256 0.001 7 10.0 2.302617
32 4 256 0.001 8 10.0 2.302682
32 4 256 0.001 9 10.0 2.302601
32 4 256 0.001 10 10.0 2.302624
32 4 256 0.001 11 10.0 2.302635
32 4 256 0.001 12 10.0 2.302628
32 4 512 0.1 1 10.0 2.309454
32 4 512 0.1 2 10.0 2.319117
32 4 512 0.1 3 10.0 2.308295
32 4 512 0.1 4 10.0 2.317191
32 4 512 0.1 5 10.0 2.326495
32 4 512 0.1 6 10.0 2.310646
32 4 512 0.1 7 10.0 2.307476
32 4 512 0.1 8 10.0 2.317201
32 4 512 0.1 9 10.0 2.305978
32 4 512 0.1 10 10.0 2.319707
32 4 512 0.1 11 10.0 2.326830
32 4 512 0.1 12 10.0 2.315013
32 4 512 0.01 1 10.0 2.303348
32 4 512 0.01 2 10.0 2.304530
32 4 512 0.01 3 10.0 2.303335
32 4 512 0.01 4 10.0 2.303545
32 4 512 0.01 5 10.0 2.304421
32 4 512 0.01 6 10.0 2.304197
32 4 512 0.01 7 10.0 2.303270
32 4 512 0.01 8 10.0 2.303192
32 4 512 0.01 9 10.0 2.303569
32 4 512 0.01 10 10.0 2.304252
32 4 512 0.01 11 10.0 2.303905
32 4 512 0.01 12 10.0 2.303544
32 4 512 0.001 1 10.0 2.302635
32 4 512 0.001 2 10.0 2.302624
32 4 512 0.001 3 10.0 2.302619
32 4 512 0.001 4 10.0 2.302622
32 4 512 0.001 5 10.0 2.302646
32 4 512 0.001 6 10.0 2.302625
32 4 512 0.001 7 10.0 2.302668
32 4 512 0.001 8 10.0 2.302668
32 4 512 0.001 9 10.0 2.302665
32 4 512 0.001 10 10.0 2.302623
32 4 512 0.001 11 10.0 2.302677
32 4 512 0.001 12 10.0 2.302636
32 4 1024 0.1 1 10.0 2.309122
32 4 1024 0.1 2 10.0 2.312644
32 4 1024 0.1 3 10.0 2.304443
32 4 1024 0.1 4 10.0 2.314888
32 4 1024 0.1 5 10.0 2.306632
32 4 1024 0.1 6 10.0 2.315802
32 4 1024 0.1 7 10.0 2.313560
32 4 1024 0.1 8 10.0 2.324456
32 4 1024 0.1 9 10.0 2.317114
32 4 1024 0.1 10 10.0 2.314203
32 4 1024 0.1 11 10.0 2.309760
32 4 1024 0.1 12 10.0 2.315681
32 4 1024 0.01 1 10.0 2.303266
32 4 1024 0.01 2 10.0 2.304018
32 4 1024 0.01 3 10.0 2.304109
32 4 1024 0.01 4 10.0 2.304334
32 4 1024 0.01 5 10.0 2.303126
32 4 1024 0.01 6 10.0 2.303202
32 4 1024 0.01 7 10.0 2.304043
32 4 1024 0.01 8 10.0 2.303909
32 4 1024 0.01 9 10.0 2.303057
32 4 1024 0.01 10 10.0 2.304785
32 4 1024 0.01 11 10.0 2.303651
32 4 1024 0.01 12 10.0 2.304289
32 4 1024 0.001 1 10.0 2.302616
32 4 1024 0.001 2 10.0 2.302649
32 4 1024 0.001 3 10.0 2.302638
32 4 1024 0.001 4 10.0 2.302621
32 4 1024 0.001 5 10.0 2.302660
32 4 1024 0.001 6 10.0 2.302681
32 4 1024 0.001 7 10.0 2.302635
32 4 1024 0.001 8 10.0 2.302634
32 4 1024 0.001 9 10.0 2.302631
32 4 1024 0.001 10 10.0 2.302633
32 4 1024 0.001 11 10.0 2.302691
32 4 1024 0.001 12 10.0 2.302667
32 8 128 0.1 1 10.0 2.313966
32 8 128 0.1 2 10.0 2.318837
32 8 128 0.1 3 10.0 2.313456
32 8 128 0.1 4 10.0 2.310698
32 8 128 0.1 5 10.0 2.309886
32 8 128 0.1 6 10.0 2.310180
32 8 128 0.1 7 10.0 2.318942
32 8 128 0.1 8 10.0 2.314927
32 8 128 0.1 9 10.0 2.320224
32 8 128 0.1 10 10.0 2.308673
32 8 128 0.1 11 10.0 2.320311
32 8 128 0.1 12 10.0 2.314436
32 8 128 0.01 1 10.0 2.304551
32 8 128 0.01 2 10.0 2.303223
32 8 128 0.01 3 10.0 2.304598
32 8 128 0.01 4 10.0 2.303638
32 8 128 0.01 5 10.0 2.304022
32 8 128 0.01 6 10.0 2.303796
32 8 128 0.01 7 10.0 2.303227
32 8 128 0.01 8 10.0 2.303898
32 8 128 0.01 9 10.0 2.303628
32 8 128 0.01 10 10.0 2.303419
32 8 128 0.01 11 10.0 2.303102
32 8 128 0.01 12 10.0 2.303850
32 8 128 0.001 1 10.0 2.302625
32 8 128 0.001 2 10.0 2.302668
32 8 128 0.001 3 10.0 2.302679
32 8 128 0.001 4 10.0 2.302671
32 8 128 0.001 5 10.0 2.302659
32 8 128 0.001 6 10.0 2.302662
32 8 128 0.001 7 10.0 2.302664
32 8 128 0.001 8 10.0 2.302647
32 8 128 0.001 9 10.0 2.302667
32 8 128 0.001 10 10.0 2.302652
32 8 128 0.001 11 10.0 2.302619
32 8 128 0.001 12 10.0 2.302709
32 8 256 0.1 1 10.0 2.308383
32 8 256 0.1 2 10.0 2.313759
32 8 256 0.1 3 10.0 2.317096
32 8 256 0.1 4 10.0 2.308173
32 8 256 0.1 5 10.0 2.316215
32 8 256 0.1 6 10.0 2.324394
32 8 256 0.1 7 10.0 2.312888
32 8 256 0.1 8 10.0 2.315049
32 8 256 0.1 9 10.0 2.309731
32 8 256 0.1 10 10.0 2.317260
32 8 256 0.1 11 10.0 2.313895
32 8 256 0.1 12 10.0 2.313246
32 8 256 0.01 1 10.0 2.304257
32 8 256 0.01 2 10.0 2.303843
32 8 256 0.01 3 10.0 2.303806
32 8 256 0.01 4 10.0 2.303377
32 8 256 0.01 5 10.0 2.303077
32 8 256 0.01 6 10.0 2.304932
32 8 256 0.01 7 10.0 2.303069
32 8 256 0.01 8 10.0 2.303453
32 8 256 0.01 9 10.0 2.304308
32 8 256 0.01 10 10.0 2.304267
32 8 256 0.01 11 10.0 2.305549
32 8 256 0.01 12 10.0 2.305151
32 8 256 0.001 1 10.0 2.302656
32 8 256 0.001 2 10.0 2.302663
32 8 256 0.001 3 10.0 2.302638
32 8 256 0.001 4 10.0 2.302637
32 8 256 0.001 5 10.0 2.302626
32 8 256 0.001 6 10.0 2.302616
32 8 256 0.001 7 10.0 2.302660
32 8 256 0.001 8 10.0 2.302650
32 8 256 0.001 9 10.0 2.302627
32 8 256 0.001 10 10.0 2.302630
32 8 256 0.001 11 10.0 2.302600
32 8 256 0.001 12 10.0 2.302658
32 8 512 0.1 1 10.0 2.314199
32 8 512 0.1 2 10.0 2.313419
32 8 512 0.1 3 10.0 2.322107
32 8 512 0.1 4 10.0 2.316363
32 8 512 0.1 5 10.0 2.313864
32 8 512 0.1 6 10.0 2.313254
32 8 512 0.1 7 10.0 2.309782
32 8 512 0.1 8 10.0 2.312307
32 8 512 0.1 9 10.0 2.322764
32 8 512 0.1 10 10.0 2.315796
32 8 512 0.1 11 10.0 2.318123
32 8 512 0.1 12 10.0 2.308602
32 8 512 0.01 1 10.0 2.304107
32 8 512 0.01 2 10.0 2.303842
32 8 512 0.01 3 10.0 2.304122
32 8 512 0.01 4 10.0 2.303686
32 8 512 0.01 5 10.0 2.303327
32 8 512 0.01 6 10.0 2.303479
32 8 512 0.01 7 10.0 2.304282
32 8 512 0.01 8 10.0 2.303338
32 8 512 0.01 9 10.0 2.303906
32 8 512 0.01 10 10.0 2.302994
32 8 512 0.01 11 10.0 2.303723
32 8 512 0.01 12 10.0 2.303405
32 8 512 0.001 1 10.0 2.302671
32 8 512 0.001 2 10.0 2.302656
32 8 512 0.001 3 10.0 2.302627
32 8 512 0.001 4 10.0 2.302634
32 8 512 0.001 5 10.0 2.302612
32 8 512 0.001 6 10.0 2.302628
32 8 512 0.001 7 10.0 2.302641
32 8 512 0.001 8 10.0 2.302634
32 8 512 0.001 9 10.0 2.302625
32 8 512 0.001 10 10.0 2.302622
32 8 512 0.001 11 10.0 2.302627
32 8 512 0.001 12 10.0 2.302646
32 8 1024 0.1 1 10.0 2.318633
32 8 1024 0.1 2 10.0 2.304534
32 8 1024 0.1 3 10.0 2.311286
32 8 1024 0.1 4 10.0 2.316469
32 8 1024 0.1 5 10.0 2.309446
32 8 1024 0.1 6 10.0 2.307728
32 8 1024 0.1 7 10.0 2.316627
32 8 1024 0.1 8 10.0 2.310818
32 8 1024 0.1 9 10.0 2.310135
32 8 1024 0.1 10 10.0 2.325422
32 8 1024 0.1 11 10.0 2.317209
32 8 1024 0.1 12 10.0 2.317934
32 8 1024 0.01 1 10.0 2.305245
32 8 1024 0.01 2 10.0 2.304523
32 8 1024 0.01 3 10.0 2.303535
32 8 1024 0.01 4 10.0 2.303588
32 8 1024 0.01 5 10.0 2.304174
32 8 1024 0.01 6 10.0 2.303458
32 8 1024 0.01 7 10.0 2.304311
32 8 1024 0.01 8 10.0 2.303261
32 8 1024 0.01 9 10.0 2.303793
32 8 1024 0.01 10 10.0 2.303046
32 8 1024 0.01 11 10.0 2.303925
32 8 1024 0.01 12 10.0 2.303026
32 8 1024 0.001 1 10.0 2.302613
32 8 1024 0.001 2 10.0 2.302621
32 8 1024 0.001 3 10.0 2.302624
32 8 1024 0.001 4 10.0 2.302652
32 8 1024 0.001 5 10.0 2.302649
32 8 1024 0.001 6 10.0 2.302703
32 8 1024 0.001 7 10.0 2.302627
32 8 1024 0.001 8 10.0 2.302663
32 8 1024 0.001 9 10.0 2.302599
32 8 1024 0.001 10 10.0 2.302611
32 8 1024 0.001 11 10.0 2.302632
32 8 1024 0.001 12 10.0 2.302627
64 2 128 0.1 1 31.9 1.490027
64 2 128 0.1 2 36.7 1.435217
64 2 128 0.1 3 27.5 1.661349
64 2 128 0.1 4 38.2 1.446027
64 2 128 0.1 5 32.6 1.520519
64 2 128 0.1 6 39.9 1.392583
64 2 128 0.1 7 38.6 1.439341
64 2 128 0.1 8 33.3 1.547504
64 2 128 0.1 9 36.4 1.506205
64 2 128 0.1 10 37.3 1.476549
64 2 128 0.1 11 37.2 1.425470
64 2 128 0.1 12 22.8 1.745258
64 2 128 0.01 1 41.4 1.369161
64 2 128 0.01 2 41.4 1.365771
64 2 128 0.01 3 39.2 1.397797
64 2 128 0.01 4 42.0 1.364672
64 2 128 0.01 5 40.6 1.373023
64 2 128 0.01 6 41.3 1.367568
64 2 128 0.01 7 42.2 1.360793
64 2 128 0.01 8 41.7 1.366373
64 2 128 0.01 9 41.4 1.366035
64 2 128 0.01 10 42.0 1.358457
64 2 128 0.01 11 41.6 1.364490
64 2 128 0.01 12 41.5 1.361730
64 2 128 0.001 1 42.5 1.358421
64 2 128 0.001 2 42.8 1.354781
64 2 128 0.001 3 42.6 1.352516
64 2 128 0.001 4 42.6 1.352443
64 2 128 0.001 5 42.5 1.356957
64 2 128 0.001 6 42.4 1.354516
64 2 128 0.001 7 42.6 1.354379
64 2 128 0.001 8 42.6 1.354343
64 2 128 0.001 9 42.8 1.356536
64 2 128 0.001 10 42.8 1.355905
64 2 128 0.001 11 42.7 1.355413
64 2 128 0.001 12 43.0 1.353273
64 2 256 0.1 1 14.7 2.192412
64 2 256 0.1 2 10.0 2.309277
64 2 256 0.1 3 10.0 2.306484
64 2 256 0.1 4 10.0 2.307888
64 2 256 0.1 5 10.0 2.307959
64 2 256 0.1 6 10.0 2.318605
64 2 256 0.1 7 10.0 2.309831
64 2 256 0.1 8 10.0 2.310940
64 2 256 0.1 9 10.0 2.314083
64 2 256 0.1 10 10.0 2.307623
64 2 256 0.1 11 10.0 2.308803
64 2 256 0.1 12 10.0 2.307240
64 2 256 0.01 1 10.0 2.302757
64 2 256 0.01 2 10.0 2.303487
64 2 256 0.01 3 10.0 2.303684
64 2 256 0.01 4 10.0 2.304297
64 2 256 0.01 5 10.0 2.303385
64 2 256 0.01 6 10.0 2.303520
64 2 256 0.01 7 10.0 2.303402
64 2 256 0.01 8 10.0 2.303127
64 2 256 0.01 9 10.0 2.304001
64 2 256 0.01 10 10.0 2.303494
64 2 256 0.01 11 10.0 2.303204
64 2 256 0.01 12 10.0 2.303104
64 2 256 0.001 1 10.0 2.302612
64 2 256 0.001 2 10.0 2.302611
64 2 256 0.001 3 10.0 2.302601
64 2 256 0.001 4 10.0 2.302598
64 2 256 0.001 5 10.0 2.302615
64 2 256 0.001 6 10.0 2.302604
64 2 256 0.001 7 10.0 2.302612
64 2 256 0.001 8 10.0 2.302607
64 2 256 0.001 9 10.0 2.302607
64 2 256 0.001 10 10.0 2.302598
64 2 256 0.001 11 10.0 2.302617
64 2 256 0.001 12 10.0 2.302599
64 2 512 0.1 1 10.0 2.333327
64 2 512 0.1 2 10.0 2.338353
64 2 512 0.1 3 10.0 2.334735
64 2 512 0.1 4 10.0 2.333393
64 2 512 0.1 5 10.0 2.329864
64 2 512 0.1 6 10.0 2.335536
64 2 512 0.1 7 10.0 2.336827
64 2 512 0.1 8 10.0 2.332097
64 2 512 0.1 9 10.0 2.328087
64 2 512 0.1 10 10.0 2.332697
64 2 512 0.1 11 10.0 2.330626
64 2 512 0.1 12 10.0 2.333800
64 2 512 0.01 1 10.0 2.324271
64 2 512 0.01 2 10.0 2.323811
64 2 512 0.01 3 10.0 2.323866
64 2 512 0.01 4 10.0 2.323781
64 2 512 0.01 5 10.0 2.323943
64 2 512 0.01 6 10.0 2.324150
64 2 512 0.01 7 10.0 2.324976
64 2 512 0.01 8 10.0 2.324063
64 2 512 0.01 9 10.0 2.323831
64 2 512 0.01 10 10.0 2.324586
64 2 512 0.01 11 10.0 2.325213
64 2 512 0.01 12 10.0 2.324210
64 2 512 0.001 1 10.0 2.323330
64 2 512 0.001 2 10.0 2.323346
64 2 512 0.001 3 10.0 2.323336
64 2 512 0.001 4 10.0 2.323325
64 2 512 0.001 5 10.0 2.323342
64 2 512 0.001 6 10.0 2.323315
64 2 512 0.001 7 10.0 2.323318
64 2 512 0.001 8 10.0 2.323345
64 2 512 0.001 9 10.0 2.323357
64 2 512 0.001 10 10.0 2.323323
64 2 512 0.001 11 10.0 2.323321
64 2 512 0.001 12 10.0 2.323329
64 2 1024 0.1 1 10.0 2.340481
64 2 1024 0.1 2 10.0 2.324052
64 2 1024 0.1 3 10.0 2.324767
64 2 1024 0.1 4 10.0 2.322132
64 2 1024 0.1 5 10.0 2.325114
64 2 1024 0.1 6 10.0 2.319969
64 2 1024 0.1 7 10.0 2.325174
64 2 1024 0.1 8 10.0 2.328115
64 2 1024 0.1 9 10.0 2.331740
64 2 1024 0.1 10 10.0 2.320480
64 2 1024 0.1 11 10.0 2.326489
64 2 1024 0.1 12 10.0 2.320689
64 2 1024 0.01 1 10.0 2.315920
64 2 1024 0.01 2 10.0 2.314363
64 2 1024 0.01 3 10.0 2.314586
64 2 1024 0.01 4 10.0 2.314840
64 2 1024 0.01 5 10.0 2.314736
64 2 1024 0.01 6 10.0 2.314926
64 2 1024 0.01 7 10.0 2.314902
64 2 1024 0.01 8 10.0 2.314890
64 2 1024 0.01 9 10.0 2.314329
64 2 1024 0.01 10 10.0 2.314261
64 2 1024 0.01 11 10.0 2.314956
64 2 1024 0.01 12 10.0 2.314694
64 2 1024 0.001 1 10.0 2.312839
64 2 1024 0.001 2 10.0 2.313296
64 2 1024 0.001 3 10.1 2.312609
64 2 1024 0.001 4 10.1 2.312641
64 2 1024 0.001 5 10.1 2.312750
64 2 1024 0.001 6 10.1 2.312784
64 2 1024 0.001 7 10.1 2.314503
64 2 1024 0.001 8 10.1 2.312812
64 2 1024 0.001 9 10.1 2.313237
64 2 1024 0.001 10 10.1 2.314398
64 2 1024 0.001 11 10.1 2.314348
64 2 1024 0.001 12 10.1 2.313143
64 4 128 0.1 1 10.0 2.310825
64 4 128 0.1 2 10.0 2.312931
64 4 128 0.1 3 10.0 2.307703
64 4 128 0.1 4 10.0 2.315555
64 4 128 0.1 5 10.0 2.309603
64 4 128 0.1 6 10.0 2.311316
64 4 128 0.1 7 10.0 2.306975
64 4 128 0.1 8 10.0 2.308402
64 4 128 0.1 9 10.0 2.307111
64 4 128 0.1 10 10.0 2.316959
64 4 128 0.1 11 10.0 2.310896
64 4 128 0.1 12 10.0 2.312780
64 4 128 0.01 1 10.0 2.304011
64 4 128 0.01 2 10.0 2.303574
64 4 128 0.01 3 10.0 2.303911
64 4 128 0.01 4 10.0 2.303738
64 4 128 0.01 5 10.0 2.303848
64 4 128 0.01 6 10.0 2.303983
64 4 128 0.01 7 10.0 2.303468
64 4 128 0.01 8 10.0 2.303830
64 4 128 0.01 9 10.0 2.303983
64 4 128 0.01 10 10.0 2.303820
64 4 128 0.01 11 10.0 2.303553
64 4 128 0.01 12 10.0 2.304433
64 4 128 0.001 1 10.0 2.303343
64 4 128 0.001 2 10.0 2.303332
64 4 128 0.001 3 10.0 2.303335
64 4 128 0.001 4 10.0 2.303344
64 4 128 0.001 5 10.0 2.303332
64 4 128 0.001 6 10.0 2.303334
64 4 128 0.001 7 10.0 2.303395
64 4 128 0.001 8 10.0 2.303335
64 4 128 0.001 9 10.0 2.303369
64 4 128 0.001 10 10.0 2.303330
64 4 128 0.001 11 10.0 2.303334
64 4 128 0.001 12 10.0 2.303338
64 4 256 0.1 1 20.0 1.975619
64 4 256 0.1 2 10.0 2.315715
64 4 256 0.1 3 10.0 2.312870
64 4 256 0.1 4 10.0 2.306783
64 4 256 0.1 5 10.0 2.309098
64 4 256 0.1 6 10.0 2.310470
64 4 256 0.1 7 10.0 2.309743
64 4 256 0.1 8 10.0 2.308254
64 4 256 0.1 9 10.0 2.309331
64 4 256 0.1 10 10.0 2.312545
64 4 256 0.1 11 10.0 2.308562
64 4 256 0.1 12 10.0 2.309964
64 4 256 0.01 1 10.0 2.303082
64 4 256 0.01 2 10.0 2.303313
64 4 256 0.01 3 10.0 2.303888
64 4 256 0.01 4 10.0 2.303017
64 4 256 0.01 5 10.0 2.303731
64 4 256 0.01 6 10.0 2.303404
64 4 256 0.01 7 10.0 2.303183
64 4 256 0.01 8 10.0 2.303556
64 4 256 0.01 9 10.0 2.302939
64 4 256 0.01 10 10.0 2.303304
64 4 256 0.01 11 10.0 2.303050
64 4 256 0.01 12 10.0 2.303215
64 4 256 0.001 1 10.0 2.302600
64 4 256 0.001 2 10.0 2.302604
64 4 256 0.001 3 10.0 2.302626
64 4 256 0.001 4 10.0 2.302633
64 4 256 0.001 5 10.0 2.302604
64 4 256 0.001 6 10.0 2.302613
64 4 256 0.001 7 10.0 2.302608
64 4 256 0.001 8 10.0 2.302646
64 4 256 0.001 9 10.0 2.302587
64 4 256 0.001 10 10.0 2.302613
64 4 256 0.001 11 10.0 2.302592
64 4 256 0.001 12 10.0 2.302601
64 4 512 0.1 1 10.0 2.307092
64 4 512 0.1 2 10.0 2.313471
64 4 512 0.1 3 10.0 2.309255
64 4 512 0.1 4 10.0 2.310572
64 4 512 0.1 5 10.0 2.314477
64 4 512 0.1 6 10.0 2.307922
64 4 512 0.1 7 10.0 2.304655
64 4 512 0.1 8 10.0 2.319316
64 4 512 0.1 9 10.0 2.311220
64 4 512 0.1 10 10.0 2.312922
64 4 512 0.1 11 10.0 2.313388
64 4 512 0.1 12 10.0 2.310820
64 4 512 0.01 1 10.0 2.303238
64 4 512 0.01 2 10.0 2.303725
64 4 512 0.01 3 10.0 2.303065
64 4 512 0.01 4 10.0 2.303255
64 4 512 0.01 5 10.0 2.303554
64 4 512 0.01 6 10.0 2.303862
64 4 512 0.01 7 10.0 2.303144
64 4 512 0.01 8 10.0 2.303016
64 4 512 0.01 9 10.0 2.302943
64 4 512 0.01 10 10.0 2.303797
64 4 512 0.01 11 10.0 2.303515
64 4 512 0.01 12 10.0 2.303347
64 4 512 0.001 1 10.0 2.302607
64 4 512 0.001 2 10.0 2.302595
64 4 512 0.001 3 10.0 2.302591
64 4 512 0.001 4 10.0 2.302603
64 4 512 0.001 5 10.0 2.302617
64 4 512 0.001 6 10.0 2.302603
64 4 512 0.001 7 10.0 2.302636
64 4 512 0.001 8 10.0 2.302633
64 4 512 0.001 9 10.0 2.302624
64 4 512 0.001 10 10.0 2.302615
64 4 512 0.001 11 10.0 2.302648
64 4 512 0.001 12 10.0 2.302611
64 4 1024 0.1 1 10.0 2.306518
64 4 1024 0.1 2 10.0 2.307201
64 4 1024 0.1 3 10.0 2.314075
64 4 1024 0.1 4 10.0 2.320815
64 4 1024 0.1 5 10.0 2.306514
64 4 1024 0.1 6 10.0 2.312380
64 4 1024 0.1 7 10.0 2.311259
64 4 1024 0.1 8 10.0 2.317238
64 4 1024 0.1 9 10.0 2.308929
64 4 1024 0.1 10 10.0 2.309317
64 4 1024 0.1 11 10.0 2.307521
64 4 1024 0.1 12 10.0 2.311827
64 4 1024 0.01 1 10.0 2.303032
64 4 1024 0.01 2 10.0 2.303992
64 4 1024 0.01 3 10.0 2.303447
64 4 1024 0.01 4 10.0 2.303872
64 4 1024 0.01 5 10.0 2.303003
64 4 1024 0.01 6 10.0 2.303044
64 4 1024 0.01 7 10.0 2.303355
64 4 1024 0.01 8 10.0 2.303156
64 4 1024 0.01 9 10.0 2.302851
64 4 1024 0.01 10 10.0 2.303802
64 4 1024 0.01 11 10.0 2.303609
64 4 1024 0.01 12 10.0 2.304124
64 4 1024 0.001 1 10.0 2.302607
64 4 1024 0.001 2 10.0 2.302612
64 4 1024 0.001 3 10.0 2.302600
64 4 1024 0.001 4 10.0 2.302605
64 4 1024 0.001 5 10.0 2.302615
64 4 1024 0.001 6 10.0 2.302623
64 4 1024 0.001 7 10.0 2.302617
64 4 1024 0.001 8 10.0 2.302615
64 4 1024 0.001 9 10.0 2.302602
64 4 1024 0.001 10 10.0 2.302612
64 4 1024 0.001 11 10.0 2.302624
64 4 1024 0.001 12 10.0 2.302616
64 8 128 0.1 1 10.0 2.305120
64 8 128 0.1 2 10.0 2.306455
64 8 128 0.1 3 10.0 2.317336
64 8 128 0.1 4 10.0 2.304772
64 8 128 0.1 5 10.0 2.311767
64 8 128 0.1 6 10.0 2.309315
64 8 128 0.1 7 10.0 2.310957
64 8 128 0.1 8 10.0 2.310382
64 8 128 0.1 9 10.0 2.313072
64 8 128 0.1 10 10.0 2.305408
64 8 128 0.1 11 10.0 2.310958
64 8 128 0.1 12 10.0 2.310024
64 8 128 0.01 1 10.0 2.303974
64 8 128 0.01 2 10.0 2.302912
64 8 128 0.01 3 10.0 2.303569
64 8 128 0.01 4 10.0 2.303390
64 8 128 0.01 5 10.0 2.303861
64 8 128 0.01 6 10.0 2.303288
64 8 128 0.01 7 10.0 2.303154
64 8 128 0.01 8 10.0 2.303299
64 8 128 0.01 9 10.0 2.303635
64 8 128 0.01 10 10.0 2.302944
64 8 128 0.01 11 10.0 2.302896
64 8 128 0.01 12 10.0 2.303922
64 8 128 0.001 1 10.0 2.302610
64 8 128 0.001 2 10.0 2.302620
64 8 128 0.001 3 10.0 2.302621
64 8 128 0.001 4 10.0 2.302630
64 8 128 0.001 5 10.0 2.302642
64 8 128 0.001 6 10.0 2.302613
64 8 128 0.001 7 10.0 2.302619
64 8 128 0.001 8 10.0 2.302621
64 8 128 0.001 9 10.0 2.302614
64 8 128 0.001 10 10.0 2.302612
64 8 128 0.001 11 10.0 2.302606
64 8 128 0.001 12 10.0 2.302644
64 8 256 0.1 1 10.0 2.305624
64 8 256 0.1 2 10.0 2.308108
64 8 256 0.1 3 10.0 2.313257
64 8 256 0.1 4 10.0 2.308337
64 8 256 0.1 5 10.0 2.308414
64 8 256 0.1 6 10.0 2.313099
64 8 256 0.1 7 10.0 2.308829
64 8 256 0.1 8 10.0 2.311714
64 8 256 0.1 9 10.0 2.305567
64 8 256 0.1 10 10.0 2.313788
64 8 256 0.1 11 10.0 2.306920
64 8 256 0.1 12 10.0 2.310983
64 8 256 0.01 1 10.0 2.303933
64 8 256 0.01 2 10.0 2.303401
64 8 256 0.01 3 10.0 2.303565
64 8 256 0.01 4 10.0 2.303217
64 8 256 0.01 5 10.0 2.302841
64 8 256 0.01 6 10.0 2.303658
64 8 256 0.01 7 10.0 2.303063
64 8 256 0.01 8 10.0 2.303060
64 8 256 0.01 9 10.0 2.303950
64 8 256 0.01 10 10.0 2.303621
64 8 256 0.01 11 10.0 2.304442
64 8 256 0.01 12 10.0 2.304090
64 8 256 0.001 1 10.0 2.302640
64 8 256 0.001 2 10.0 2.302630
64 8 256 0.001 3 10.0 2.302615
64 8 256 0.001 4 10.0 2.302615
64 8 256 0.001 5 10.0 2.302592
64 8 256 0.001 6 10.0 2.302595
64 8 256 0.001 7 10.0 2.302621
64 8 256 0.001 8 10.0 2.302620
64 8 256 0.001 9 10.0 2.302600
64 8 256 0.001 10 10.0 2.302606
64 8 256 0.001 11 10.0 2.302591
64 8 256 0.001 12 10.0 2.302621
64 8 512 0.1 1 10.0 2.310254
64 8 512 0.1 2 10.0 2.309734
64 8 512 0.1 3 10.0 2.308518
64 8 512 0.1 4 10.0 2.310606
64 8 512 0.1 5 10.0 2.308338
64 8 512 0.1 6 10.0 2.308990
64 8 512 0.1 7 10.0 2.304531
64 8 512 0.1 8 10.0 2.310108
64 8 512 0.1 9 10.0 2.315426
64 8 512 0.1 10 10.0 2.307359
64 8 512 0.1 11 10.0 2.313573
64 8 512 0.1 12 10.0 2.304414
64 8 512 0.01 1 10.0 2.303472
64 8 512 0.01 2 10.0 2.303736
64 8 512 0.01 3 10.0 2.303910
64 8 512 0.01 4 10.0 2.303248
64 8 512 0.01 5 10.0 2.303340
64 8 512 0.01 6 10.0 2.303420
64 8 512 0.01 7 10.0 2.303789
64 8 512 0.01 8 10.0 2.303306
64 8 512 0.01 9 10.0 2.303048
64 8 512 0.01 10 10.0 2.302823
64 8 512 0.01 11 10.0 2.303263
64 8 512 0.01 12 10.0 2.303361
64 8 512 0.001 1 10.0 2.302613
64 8 512 0.001 2 10.0 2.302601
64 8 512 0.001 3 10.0 2.302613
64 8 512 0.001 4 10.0 2.302608
64 8 512 0.001 5 10.0 2.302602
64 8 512 0.001 6 10.0 2.302606
64 8 512 0.001 7 10.0 2.302612
64 8 512 0.001 8 10.0 2.302612
64 8 512 0.001 9 10.0 2.302593
64 8 512 0.001 10 10.0 2.302600
64 8 512 0.001 11 10.0 2.302603
64 8 512 0.001 12 10.0 2.302605
64 8 1024 0.1 1 10.0 2.311044
64 8 1024 0.1 2 10.0 2.305312
64 8 1024 0.1 3 10.0 2.313628
64 8 1024 0.1 4 10.0 2.306673
64 8 1024 0.1 5 10.0 2.308540
64 8 1024 0.1 6 10.0 2.307642
64 8 1024 0.1 7 10.0 2.307156
64 8 1024 0.1 8 10.0 2.306539
64 8 1024 0.1 9 10.0 2.308712
64 8 1024 0.1 10 10.0 2.321223
64 8 1024 0.1 11 10.0 2.310437
64 8 1024 0.1 12 10.0 2.306539
64 8 1024 0.01 1 10.0 2.304714
64 8 1024 0.01 2 10.0 2.303947
64 8 1024 0.01 3 10.0 2.303168
64 8 1024 0.01 4 10.0 2.303323
64 8 1024 0.01 5 10.0 2.303762
64 8 1024 0.01 6 10.0 2.303327
64 8 1024 0.01 7 10.0 2.303339
64 8 1024 0.01 8 10.0 2.303043
64 8 1024 0.01 9 10.0 2.303697
64 8 1024 0.01 10 10.0 2.303137
64 8 1024 0.01 11 10.0 2.303881
64 8 1024 0.01 12 10.0 2.302888
64 8 1024 0.001 1 10.0 2.302591
64 8 1024 0.001 2 10.0 2.302602
64 8 1024 0.001 3 10.0 2.302599
64 8 1024 0.001 4 10.0 2.302613
64 8 1024 0.001 5 10.0 2.302613
64 8 1024 0.001 6 10.0 2.302658
64 8 1024 0.001 7 10.0 2.302604
64 8 1024 0.001 8 10.0 2.302624
64 8 1024 0.001 9 10.0 2.302595
64 8 1024 0.001 10 10.0 2.302598
64 8 1024 0.001 11 10.0 2.302604
64 8 1024 0.001 12 10.0 2.302600
128 2 128 0.1 1 10.0 2.313833
128 2 128 0.1 2 10.0 2.308485
128 2 128 0.1 3 10.0 2.306879
128 2 128 0.1 4 10.0 2.309107
128 2 128 0.1 5 10.0 2.309931
128 2 128 0.1 6 10.0 2.314161
128 2 128 0.1 7 10.0 2.313425
128 2 128 0.1 8 10.0 2.309168
128 2 128 0.1 9 10.0 2.310534
128 2 128 0.1 10 10.0 2.307981
128 2 128 0.1 11 10.0 2.307252
128 2 128 0.1 12 10.0 2.307039
128 2 128 0.01 1 10.0 2.303814
128 2 128 0.01 2 10.0 2.303301
128 2 128 0.01 3 10.0 2.303575
128 2 128 0.01 4 10.0 2.303382
128 2 128 0.01 5 10.0 2.303482
128 2 128 0.01 6 10.0 2.303437
128 2 128 0.01 7 10.0 2.303430
128 2 128 0.01 8 10.0 2.303424
128 2 128 0.01 9 10.0 2.303494
128 2 128 0.01 10 10.0 2.303654
128 2 128 0.01 11 10.0 2.304354
128 2 128 0.01 12 10.0 2.303617
128 2 128 0.001 1 10.0 2.303030
128 2 128 0.001 2 10.0 2.303083
128 2 128 0.001 3 10.0 2.303079
128 2 128 0.001 4 10.0 2.303064
128 2 128 0.001 5 10.0 2.303069
128 2 128 0.001 6 10.0 2.303083
128 2 128 0.001 7 10.0 2.303086
128 2 128 0.001 8 10.0 2.303069
128 2 128 0.001 9 10.0 2.303065
128 2 128 0.001 10 10.0 2.303072
128 2 128 0.001 11 10.0 2.303069
128 2 128 0.001 12 10.0 2.303084
128 2 256 0.1 1 10.8 2.479324
128 2 256 0.1 2 10.0 2.308280
128 2 256 0.1 3 10.0 2.303431
128 2 256 0.1 4 10.0 2.303781
128 2 256 0.1 5 10.0 2.305954
128 2 256 0.1 6 10.0 2.309171
128 2 256 0.1 7 10.0 2.307770
128 2 256 0.1 8 10.0 2.310441
128 2 256 0.1 9 10.0 2.309029
128 2 256 0.1 10 10.0 2.309416
128 2 256 0.1 11 10.0 2.304916
128 2 256 0.1 12 10.0 2.306682
128 2 256 0.01 1 10.0 2.301964
128 2 256 0.01 2 10.0 2.302550
128 2 256 0.01 3 10.0 2.302344
128 2 256 0.01 4 10.0 2.302922
128 2 256 0.01 5 10.0 2.302022
128 2 256 0.01 6 10.0 2.302321
128 2 256 0.01 7 10.0 2.302534
128 2 256 0.01 8 10.0 2.302301
128 2 256 0.01 9 10.0 2.302592
128 2 256 0.01 10 10.0 2.302617
128 2 256 0.01 11 10.0 2.302164
128 2 256 0.01 12 10.0 2.302006
128 2 256 0.001 1 10.0 2.301861
128 2 256 0.001 2 10.0 2.300276
128 2 256 0.001 3 10.0 2.301834
128 2 256 0.001 4 10.0 2.301836
128 2 256 0.001 5 10.0 2.301838
128 2 256 0.001 6 10.0 2.301852
128 2 256 0.001 7 10.0 2.301860
128 2 256 0.001 8 10.0 2.301832
128 2 256 0.001 9 10.0 2.301843
128 2 256 0.001 10 10.0 2.301826
128 2 256 0.001 11 10.0 2.301837
128 2 256 0.001 12 10.0 2.301838
128 2 512 0.1 1 10.1 10.507092
128 2 512 0.1 2 10.0 2.317148
128 2 512 0.1 3 10.0 2.310553
128 2 512 0.1 4 10.0 2.310238
128 2 512 0.1 5 10.0 2.313351
128 2 512 0.1 6 10.0 2.318021
128 2 512 0.1 7 10.0 2.310020
128 2 512 0.1 8 10.0 2.312295
128 2 512 0.1 9 10.0 2.311593
128 2 512 0.1 10 10.0 2.314524
128 2 512 0.1 11 10.0 2.310946
128 2 512 0.1 12 10.0 2.308757
128 2 512 0.01 1 10.0 2.307697
128 2 512 0.01 2 10.0 2.307030
128 2 512 0.01 3 10.0 2.307092
128 2 512 0.01 4 10.0 2.307048
128 2 512 0.01 5 10.0 2.307079
128 2 512 0.01 6 10.0 2.307384
128 2 512 0.01 7 10.0 2.307942
128 2 512 0.01 8 10.0 2.307184
128 2 512 0.01 9 10.0 2.307221
128 2 512 0.01 10 10.0 2.308078
128 2 512 0.01 11 10.0 2.308038
128 2 512 0.01 12 10.0 2.307492
128 2 512 0.001 1 10.0 2.306797
128 2 512 0.001 2 10.0 2.306802
128 2 512 0.001 3 10.0 2.306805
128 2 512 0.001 4 10.0 2.306782
128 2 512 0.001 5 10.0 2.306814
128 2 512 0.001 6 10.0 2.306778
128 2 512 0.001 7 10.0 2.306789
128 2 512 0.001 8 10.0 2.306810
128 2 512 0.001 9 10.0 2.306808
128 2 512 0.001 10 10.0 2.306781
128 2 512 0.001 11 10.0 2.306790
128 2 512 0.001 12 10.0 2.306812
128 2 1024 0.1 1 10.0 2.349742
128 2 1024 0.1 2 10.0 2.354391
128 2 1024 0.1 3 10.0 2.350803
128 2 1024 0.1 4 10.0 2.352717
128 2 1024 0.1 5 10.0 2.351485
128 2 1024 0.1 6 10.0 2.353491
128 2 1024 0.1 7 10.0 2.351930
128 2 1024 0.1 8 10.0 2.352718
128 2 1024 0.1 9 10.0 2.354995
128 2 1024 0.1 10 10.0 2.354135
128 2 1024 0.1 11 10.0 2.362316
128 2 1024 0.1 12 10.0 2.349722
128 2 1024 0.01 1 10.0 2.347703
128 2 1024 0.01 2 10.0 2.347396
128 2 1024 0.01 3 10.0 2.347278
128 2 1024 0.01 4 10.0 2.347478
128 2 1024 0.01 5 10.0 2.347377
128 2 1024 0.01 6 10.0 2.347648
128 2 1024 0.01 7 10.0 2.347631
128 2 1024 0.01 8 10.0 2.347833
128 2 1024 0.01 9 10.0 2.347525
128 2 1024 0.01 10 10.0 2.347277
128 2 1024 0.01 11 10.0 2.347456
128 2 1024 0.01 12 10.0 2.347469
128 2 1024 0.001 1 10.0 2.439685
128 2 1024 0.001 2 10.0 2.346884
128 2 1024 0.001 3 10.0 2.346890
128 2 1024 0.001 4 10.0 2.346934
128 2 1024 0.001 5 10.0 2.346898
128 2 1024 0.001 6 10.0 2.346924
128 2 1024 0.001 7 10.0 2.346904
128 2 1024 0.001 8 10.0 2.346921
128 2 1024 0.001 9 10.0 2.346912
128 2 1024 0.001 10 10.0 2.346919
128 2 1024 0.001 11 10.0 2.346911
128 2 1024 0.001 12 10.0 2.346904
128 4 128 0.1 1 29.0 1.813323
128 4 128 0.1 2 32.6 1.500155
128 4 128 0.1 3 37.0 1.500045
128 4 128 0.1 4 35.1 1.453392
128 4 128 0.1 5 36.3 1.405512
128 4 128 0.1 6 37.7 1.329676
128 4 128 0.1 7 39.0 1.373091
128 4 128 0.1 8 42.5 1.357739
128 4 128 0.1 9 39.5 1.340775
128 4 128 0.1 10 40.8 1.411804
128 4 128 0.1 11 44.2 1.277569
128 4 128 0.1 12 36.8 1.445998
128 4 128 0.01 1 42.0 1.377257
128 4 128 0.01 2 45.9 1.316365
128 4 128 0.01 3 48.6 1.265556
128 4 128 0.01 4 48.9 1.247582
128 4 128 0.01 5 51.2 1.222159
128 4 128 0.01 6 51.8 1.223030
128 4 128 0.01 7 49.5 1.231864
128 4 128 0.01 8 52.0 1.203314
128 4 128 0.01 9 52.2 1.198111
128 4 128 0.01 10 53.3 1.188472
128 4 128 0.01 11 52.7 1.185402
128 4 128 0.01 12 52.9 1.189769
128 4 128 0.001 1 53.4 1.176210
128 4 128 0.001 2 53.4 1.170304
128 4 128 0.001 3 53.6 1.171861
128 4 128 0.001 4 53.8 1.172952
128 4 128 0.001 5 53.6 1.173551
128 4 128 0.001 6 53.7 1.169484
128 4 128 0.001 7 53.8 1.173161
128 4 128 0.001 8 53.9 1.171792
128 4 128 0.001 9 53.8 1.168554
128 4 128 0.001 10 53.9 1.169193
128 4 128 0.001 11 54.0 1.169514
128 4 128 0.001 12 53.8 1.169459
128 4 256 0.1 1 10.0 2.304169
128 4 256 0.1 2 10.0 2.308080
128 4 256 0.1 3 10.0 2.307130
128 4 256 0.1 4 10.0 2.305559
128 4 256 0.1 5 10.0 2.309726
128 4 256 0.1 6 10.0 2.308484
128 4 256 0.1 7 10.0 2.313289
128 4 256 0.1 8 10.0 2.312987
128 4 256 0.1 9 10.0 2.313257
128 4 256 0.1 10 10.0 2.306869
128 4 256 0.1 11 10.0 2.308699
128 4 256 0.1 12 10.0 2.309769
128 4 256 0.01 1 10.0 2.303016
128 4 256 0.01 2 10.0 2.303407
128 4 256 0.01 3 10.0 2.303098
128 4 256 0.01 4 10.0 2.302890
128 4 256 0.01 5 10.0 2.303005
128 4 256 0.01 6 10.0 2.302933
128 4 256 0.01 7 10.0 2.303171
128 4 256 0.01 8 10.0 2.303173
128 4 256 0.01 9 10.0 2.303108
128 4 256 0.01 10 10.0 2.303076
128 4 256 0.01 11 10.0 2.302966
128 4 256 0.01 12 10.0 2.303213
128 4 256 0.001 1 10.0 2.302569
128 4 256 0.001 2 10.0 2.302601
128 4 256 0.001 3 10.0 2.302598
128 4 256 0.001 4 10.0 2.302609
128 4 256 0.001 5 10.0 2.302584
128 4 256 0.001 6 10.0 2.302606
128 4 256 0.001 7 10.0 2.302607
128 4 256 0.001 8 10.0 2.302627
128 4 256 0.001 9 10.0 2.302578
128 4 256 0.001 10 10.0 2.302610
128 4 256 0.001 11 10.0 2.302571
128 4 256 0.001 12 10.0 2.302583
128 4 512 0.1 1 10.0 2.304280
128 4 512 0.1 2 10.0 2.307251
128 4 512 0.1 3 10.0 2.305222
128 4 512 0.1 4 10.0 2.307748
128 4 512 0.1 5 10.0 2.306361
128 4 512 0.1 6 10.0 2.307663
128 4 512 0.1 7 10.0 2.306099
128 4 512 0.1 8 10.0 2.310170
128 4 512 0.1 9 10.0 2.307368
128 4 512 0.1 10 10.0 2.305810
128 4 512 0.1 11 10.0 2.315696
128 4 512 0.1 12 10.0 2.305223
128 4 512 0.01 1 10.0 2.303239
128 4 512 0.01 2 10.0 2.303118
128 4 512 0.01 3 10.0 2.303084
128 4 512 0.01 4 10.0 2.303003
128 4 512 0.01 5 10.0 2.303165
128 4 512 0.01 6 10.0 2.303422
128 4 512 0.01 7 10.0 2.303375
128 4 512 0.01 8 10.0 2.302965
128 4 512 0.01 9 10.0 2.302695
128 4 512 0.01 10 10.0 2.303208
128 4 512 0.01 11 10.0 2.303435
128 4 512 0.01 12 10.0 2.303087
128 4 512 0.001 1 10.0 2.302602
128 4 512 0.001 2 10.0 2.302580
128 4 512 0.001 3 10.0 2.302569
128 4 512 0.001 4 10.0 2.302591
128 4 512 0.001 5 10.0 2.302607
128 4 512 0.001 6 10.0 2.302591
128 4 512 0.001 7 10.0 2.302620
128 4 512 0.001 8 10.0 2.302618
128 4 512 0.001 9 10.0 2.302598
128 4 512 0.001 10 10.0 2.302616
128 4 512 0.001 11 10.0 2.302638
128 4 512 0.001 12 10.0 2.302596
128 4 1024 0.1 1 10.0 2.304749
128 4 1024 0.1 2 10.0 2.305263
128 4 1024 0.1 3 10.0 2.310135
128 4 1024 0.1 4 10.0 2.310211
128 4 1024 0.1 5 10.0 2.305150
128 4 1024 0.1 6 10.0 2.311345
128 4 1024 0.1 7 10.0 2.312200
128 4 1024 0.1 8 10.0 2.308482
128 4 1024 0.1 9 10.0 2.308142
128 4 1024 0.1 10 10.0 2.305228
128 4 1024 0.1 11 10.0 2.306258
128 4 1024 0.1 12 10.0 2.303640
128 4 1024 0.01 1 10.0 2.303063
128 4 1024 0.01 2 10.0 2.303647
128 4 1024 0.01 3 10.0 2.302998
128 4 1024 0.01 4 10.0 2.303377
128 4 1024 0.01 5 10.0 2.302872
128 4 1024 0.01 6 10.0 2.302910
128 4 1024 0.01 7 10.0 2.302948
128 4 1024 0.01 8 10.0 2.302854
128 4 1024 0.01 9 10.0 2.302925
128 4 1024 0.01 10 10.0 2.303206
128 4 1024 0.01 11 10.0 2.303412
128 4 1024 0.01 12 10.0 2.303596
128 4 1024 0.001 1 10.0 2.302616
128 4 1024 0.001 2 10.0 2.302596
128 4 1024 0.001 3 10.0 2.302576
128 4 1024 0.001 4 10.0 2.302601
128 4 1024 0.001 5 10.0 2.302582
128 4 1024 0.001 6 10.0 2.302597
128 4 1024 0.001 7 10.0 2.302614
128 4 1024 0.001 8 10.0 2.302611
128 4 1024 0.001 9 10.0 2.302582
128 4 1024 0.001 10 10.0 2.302601
128 4 1024 0.001 11 10.0 2.302587
128 4 1024 0.001 12 10.0 2.302592
128 8 128 0.1 1 10.0 2.304363
128 8 128 0.1 2 10.0 2.307850
128 8 128 0.1 3 10.0 2.307676
128 8 128 0.1 4 10.0 2.307946
128 8 128 0.1 5 10.0 2.307479
128 8 128 0.1 6 10.0 2.309550
128 8 128 0.1 7 10.0 2.308734
128 8 128 0.1 8 10.0 2.310584
128 8 128 0.1 9 10.0 2.308554
128 8 128 0.1 10 10.0 2.304957
128 8 128 0.1 11 10.0 2.308903
128 8 128 0.1 12 10.0 2.304911
128 8 128 0.01 1 10.0 2.303504
128 8 128 0.01 2 10.0 2.303055
128 8 128 0.01 3 10.0 2.303016
128 8 128 0.01 4 10.0 2.303171
128 8 128 0.01 5 10.0 2.303422
128 8 128 0.01 6 10.0 2.302965
128 8 128 0.01 7 10.0 2.303220
128 8 128 0.01 8 10.0 2.302992
128 8 128 0.01 9 10.0 2.303590
128 8 128 0.01 10 10.0 2.302881
128 8 128 0.01 11 10.0 2.302837
128 8 128 0.01 12 10.0 2.303560
128 8 128 0.001 1 10.0 2.302613
128 8 128 0.001 2 10.0 2.302598
128 8 128 0.001 3 10.0 2.302586
128 8 128 0.001 4 10.0 2.302612
128 8 128 0.001 5 10.0 2.302634
128 8 128 0.001 6 10.0 2.302587
128 8 128 0.001 7 10.0 2.302598
128 8 128 0.001 8 10.0 2.302605
128 8 128 0.001 9 10.0 2.302600
128 8 128 0.001 10 10.0 2.302596
128 8 128 0.001 11 10.0 2.302597
128 8 128 0.001 12 10.0 2.302612
128 8 256 0.1 1 10.0 2.304408
128 8 256 0.1 2 10.0 2.304406
128 8 256 0.1 3 10.0 2.307594
128 8 256 0.1 4 10.0 2.308302
128 8 256 0.1 5 10.0 2.305732
128 8 256 0.1 6 10.0 2.307950
128 8 256 0.1 7 10.0 2.306311
128 8 256 0.1 8 10.0 2.308548
128 8 256 0.1 9 10.0 2.311106
128 8 256 0.1 10 10.0 2.311752
128 8 256 0.1 11 10.0 2.306596
128 8 256 0.1 12 10.0 2.310098
128 8 256 0.01 1 10.0 2.303389
128 8 256 0.01 2 10.0 2.303048
128 8 256 0.01 3 10.0 2.303633
128 8 256 0.01 4 10.0 2.303316
128 8 256 0.01 5 10.0 2.302724
128 8 256 0.01 6 10.0 2.303434
128 8 256 0.01 7 10.0 2.303091
128 8 256 0.01 8 10.0 2.302889
128 8 256 0.01 9 10.0 2.303495
128 8 256 0.01 10 10.0 2.303398
128 8 256 0.01 11 10.0 2.303463
128 8 256 0.01 12 10.0 2.303174
128 8 256 0.001 1 10.0 2.302639
128 8 256 0.001 2 10.0 2.302611
128 8 256 0.001 3 10.0 2.302598
128 8 256 0.001 4 10.0 2.302600
128 8 256 0.001 5 10.0 2.302571
128 8 256 0.001 6 10.0 2.302583
128 8 256 0.001 7 10.0 2.302603
128 8 256 0.001 8 10.0 2.302608
128 8 256 0.001 9 10.0 2.302576
128 8 256 0.001 10 10.0 2.302596
128 8 256 0.001 11 10.0 2.302591
128 8 256 0.001 12 10.0 2.302601
128 8 512 0.1 1 10.0 2.305760
128 8 512 0.1 2 10.0 2.304390
128 8 512 0.1 3 10.0 2.308097
128 8 512 0.1 4 10.0 2.305787
128 8 512 0.1 5 10.0 2.308658
128 8 512 0.1 6 10.0 2.305977
128 8 512 0.1 7 10.0 2.304342
128 8 512 0.1 8 10.0 2.305179
128 8 512 0.1 9 10.0 2.307663
128 8 512 0.1 10 10.0 2.306925
128 8 512 0.1 11 10.0 2.313237
128 8 512 0.1 12 10.0 2.305849
128 8 512 0.01 1 10.0 2.303143
128 8 512 0.01 2 10.0 2.303347
128 8 512 0.01 3 10.0 2.303505
128 8 512 0.01 4 10.0 2.303131
128 8 512 0.01 5 10.0 2.303516
128 8 512 0.01 6 10.0 2.303410
128 8 512 0.01 7 10.0 2.303369
128 8 512 0.01 8 10.0 2.303346
128 8 512 0.01 9 10.0 2.302743
128 8 512 0.01 10 10.0 2.302820
128 8 512 0.01 11 10.0 2.302984
128 8 512 0.01 12 10.0 2.303442
128 8 512 0.001 1 10.0 2.302589
128 8 512 0.001 2 10.0 2.302566
128 8 512 0.001 3 10.0 2.302603
128 8 512 0.001 4 10.0 2.302599
128 8 512 0.001 5 10.0 2.302605
128 8 512 0.001 6 10.0 2.302595
128 8 512 0.001 7 10.0 2.302595
128 8 512 0.001 8 10.0 2.302601
128 8 512 0.001 9 10.0 2.302579
128 8 512 0.001 10 10.0 2.302595
128 8 512 0.001 11 10.0 2.302591
128 8 512 0.001 12 10.0 2.302574
128 8 1024 0.1 1 10.0 2.305305
128 8 1024 0.1 2 10.0 2.303860
128 8 1024 0.1 3 10.0 2.304271
128 8 1024 0.1 4 10.0 2.305564
128 8 1024 0.1 5 10.0 2.312953
128 8 1024 0.1 6 10.0 2.309185
128 8 1024 0.1 7 10.0 2.310888
128 8 1024 0.1 8 10.0 2.309484
128 8 1024 0.1 9 10.0 2.309271
128 8 1024 0.1 10 10.0 2.314066
128 8 1024 0.1 11 10.0 2.304945
128 8 1024 0.1 12 10.0 2.304902
128 8 1024 0.01 1 10.0 2.303848
128 8 1024 0.01 2 10.0 2.303500
128 8 1024 0.01 3 10.0 2.303192
128 8 1024 0.01 4 10.0 2.302931
128 8 1024 0.01 5 10.0 2.303401
128 8 1024 0.01 6 10.0 2.303233
128 8 1024 0.01 7 10.0 2.302949
128 8 1024 0.01 8 10.0 2.302966
128 8 1024 0.01 9 10.0 2.303681
128 8 1024 0.01 10 10.0 2.303217
128 8 1024 0.01 11 10.0 2.303543
128 8 1024 0.01 12 10.0 2.302846
128 8 1024 0.001 1 10.0 2.302592
128 8 1024 0.001 2 10.0 2.302587
128 8 1024 0.001 3 10.0 2.302586
128 8 1024 0.001 4 10.0 2.302581
128 8 1024 0.001 5 10.0 2.302589
128 8 1024 0.001 6 10.0 2.302633
128 8 1024 0.001 7 10.0 2.302593
128 8 1024 0.001 8 10.0 2.302605
128 8 1024 0.001 9 10.0 2.302592
128 8 1024 0.001 10 10.0 2.302590
128 8 1024 0.001 11 10.0 2.302591
128 8 1024 0.001 12 10.0 2.302587
