Epoch 1
-------------------------------
2.307325     0 60000
1.199668 12800 60000
0.750165 25600 60000
0.714348 38400 60000
0.690339 51200 60000
Epoch 2
-------------------------------
0.621693     0 60000
0.650898 12800 60000
0.668405 25600 60000
0.530966 38400 60000
0.485407 51200 60000
Epoch 3
-------------------------------
0.563412     0 60000
0.534178 12800 60000
0.484574 25600 60000
0.546376 38400 60000
0.532558 51200 60000
Epoch 4
-------------------------------
0.416754     0 60000
0.392081 12800 60000
0.447959 25600 60000
0.474964 38400 60000
0.416786 51200 60000
Epoch 5
-------------------------------
0.463245     0 60000
0.523588 12800 60000
0.499750 25600 60000
0.416459 38400 60000
0.388269 51200 60000
Epoch 6
-------------------------------
0.440955     0 60000
0.336130 12800 60000
0.422267 25600 60000
0.327534 38400 60000
0.499255 51200 60000
Epoch 7
-------------------------------
0.419539     0 60000
0.347284 12800 60000
0.367217 25600 60000
0.315308 38400 60000
0.313607 51200 60000
Epoch 8
-------------------------------
0.438597     0 60000
0.382551 12800 60000
0.416717 25600 60000
0.501385 38400 60000
0.319264 51200 60000
Epoch 9
-------------------------------
0.349374     0 60000
0.462198 12800 60000
0.405256 25600 60000
0.454419 38400 60000
0.341118 51200 60000
Epoch 10
-------------------------------
0.399736     0 60000
0.434208 12800 60000
0.522369 25600 60000
0.427244 38400 60000
0.366847 51200 60000
Epoch 11
-------------------------------
0.361270     0 60000
0.395363 12800 60000
0.498214 25600 60000
0.384326 38400 60000
0.320007 51200 60000
Epoch 12
-------------------------------
0.484808     0 60000
0.331912 12800 60000
0.270986 25600 60000
0.440806 38400 60000
0.379775 51200 60000
