Epoch 1
-------------------------------
0.346336     0 60000
0.291352 12800 60000
0.383164 25600 60000
0.328157 38400 60000
0.312957 51200 60000
Epoch 2
-------------------------------
0.258522     0 60000
0.283330 12800 60000
0.280506 25600 60000
0.291005 38400 60000
0.145411 51200 60000
Epoch 3
-------------------------------
0.350806     0 60000
0.335726 12800 60000
0.306868 25600 60000
0.295231 38400 60000
0.374538 51200 60000
Epoch 4
-------------------------------
0.388371     0 60000
0.391540 12800 60000
0.194840 25600 60000
0.331809 38400 60000
0.327417 51200 60000
Epoch 5
-------------------------------
0.248415     0 60000
0.224050 12800 60000
0.376339 25600 60000
0.103938 38400 60000
0.254180 51200 60000
Epoch 6
-------------------------------
0.318329     0 60000
0.311218 12800 60000
0.381203 25600 60000
0.229831 38400 60000
0.235788 51200 60000
Epoch 7
-------------------------------
0.231834     0 60000
0.311255 12800 60000
0.262996 25600 60000
0.240503 38400 60000
0.266234 51200 60000
Epoch 8
-------------------------------
0.231912     0 60000
0.384385 12800 60000
0.140005 25600 60000
0.335667 38400 60000
0.279227 51200 60000
Epoch 9
-------------------------------
0.209101     0 60000
0.169640 12800 60000
0.190744 25600 60000
0.271311 38400 60000
0.319284 51200 60000
Epoch 10
-------------------------------
0.151142     0 60000
0.170005 12800 60000
0.170173 25600 60000
0.169950 38400 60000
0.203557 51200 60000
Epoch 11
-------------------------------
0.214597     0 60000
0.199380 12800 60000
0.308126 25600 60000
0.192968 38400 60000
0.216289 51200 60000
Epoch 12
-------------------------------
0.106736     0 60000
0.200239 12800 60000
0.228202 25600 60000
0.249531 38400 60000
0.114147 51200 60000
