Epoch 1
-------------------------------
2.308527     0 60000
0.918971 12800 60000
0.531074 25600 60000
0.503382 38400 60000
0.610411 51200 60000
Epoch 2
-------------------------------
0.474450     0 60000
0.450206 12800 60000
0.518993 25600 60000
0.509403 38400 60000
0.445357 51200 60000
Epoch 3
-------------------------------
0.456931     0 60000
0.502641 12800 60000
0.461097 25600 60000
0.454214 38400 60000
0.400691 51200 60000
Epoch 4
-------------------------------
0.268436     0 60000
0.489965 12800 60000
0.467863 25600 60000
0.331530 38400 60000
0.480160 51200 60000
Epoch 5
-------------------------------
0.323545     0 60000
0.372342 12800 60000
0.374320 25600 60000
0.382276 38400 60000
0.316648 51200 60000
Epoch 6
-------------------------------
0.372170     0 60000
0.359322 12800 60000
0.450523 25600 60000
0.395096 38400 60000
0.457745 51200 60000
Epoch 7
-------------------------------
0.354498     0 60000
0.245774 12800 60000
0.339145 25600 60000
0.409240 38400 60000
0.325577 51200 60000
Epoch 8
-------------------------------
0.376880     0 60000
0.507288 12800 60000
0.507784 25600 60000
0.360703 38400 60000
0.214730 51200 60000
Epoch 9
-------------------------------
0.376311     0 60000
0.368578 12800 60000
0.275721 25600 60000
0.300819 38400 60000
0.408366 51200 60000
Epoch 10
-------------------------------
0.254960     0 60000
0.315432 12800 60000
0.308455 25600 60000
0.171775 38400 60000
0.244368 51200 60000
Epoch 11
-------------------------------
0.287574     0 60000
0.343116 12800 60000
0.289364 25600 60000
0.337646 38400 60000
0.301811 51200 60000
Epoch 12
-------------------------------
0.199295     0 60000
0.269684 12800 60000
0.401336 25600 60000
0.458413 38400 60000
0.172692 51200 60000
