Epoch 1
-------------------------------
2.308407     0 60000
0.781762 12800 60000
0.559011 25600 60000
0.501742 38400 60000
0.494328 51200 60000
Epoch 2
-------------------------------
0.371251     0 60000
0.512156 12800 60000
0.440598 25600 60000
0.475459 38400 60000
0.414708 51200 60000
Epoch 3
-------------------------------
0.535555     0 60000
0.447108 12800 60000
0.451254 25600 60000
0.518024 38400 60000
0.379309 51200 60000
Epoch 4
-------------------------------
0.348540     0 60000
0.498738 12800 60000
0.303756 25600 60000
0.168657 38400 60000
0.368656 51200 60000
Epoch 5
-------------------------------
0.376624     0 60000
0.384759 12800 60000
0.270519 25600 60000
0.284788 38400 60000
0.434110 51200 60000
Epoch 6
-------------------------------
0.332042     0 60000
0.392147 12800 60000
0.351909 25600 60000
0.365868 38400 60000
0.339714 51200 60000
Epoch 7
-------------------------------
0.315475     0 60000
0.394464 12800 60000
0.306684 25600 60000
0.354707 38400 60000
0.425259 51200 60000
Epoch 8
-------------------------------
0.260682     0 60000
0.310979 12800 60000
0.388109 25600 60000
0.294539 38400 60000
0.323994 51200 60000
Epoch 9
-------------------------------
0.309038     0 60000
0.298116 12800 60000
0.330648 25600 60000
0.300782 38400 60000
0.275500 51200 60000
Epoch 10
-------------------------------
0.252919     0 60000
0.224794 12800 60000
0.383298 25600 60000
0.315733 38400 60000
0.362099 51200 60000
Epoch 11
-------------------------------
0.391454     0 60000
0.208164 12800 60000
0.288106 25600 60000
0.301275 38400 60000
0.299967 51200 60000
Epoch 12
-------------------------------
0.204926     0 60000
0.285244 12800 60000
0.267155 25600 60000
0.222122 38400 60000
0.235621 51200 60000
