Epoch 1
-------------------------------
0.344887     0 60000
0.336273 12800 60000
0.290508 25600 60000
0.265888 38400 60000
0.327204 51200 60000
Epoch 2
-------------------------------
0.311568     0 60000
0.293705 12800 60000
0.327187 25600 60000
0.352788 38400 60000
0.216811 51200 60000
Epoch 3
-------------------------------
0.283049     0 60000
0.523342 12800 60000
0.473634 25600 60000
0.260184 38400 60000
0.326009 51200 60000
Epoch 4
-------------------------------
0.255742     0 60000
0.240125 12800 60000
0.280425 25600 60000
0.319742 38400 60000
0.477700 51200 60000
Epoch 5
-------------------------------
0.239782     0 60000
0.386331 12800 60000
0.266655 25600 60000
0.314458 38400 60000
0.271470 51200 60000
Epoch 6
-------------------------------
0.320361     0 60000
0.370496 12800 60000
0.305143 25600 60000
0.349443 38400 60000
0.393824 51200 60000
Epoch 7
-------------------------------
0.291146     0 60000
0.263104 12800 60000
0.196982 25600 60000
0.331554 38400 60000
0.234823 51200 60000
Epoch 8
-------------------------------
0.247095     0 60000
0.269864 12800 60000
0.291243 25600 60000
0.301117 38400 60000
0.311781 51200 60000
Epoch 9
-------------------------------
0.353131     0 60000
0.180833 12800 60000
0.202411 25600 60000
0.293537 38400 60000
0.287799 51200 60000
Epoch 10
-------------------------------
0.258700     0 60000
0.256695 12800 60000
0.155849 25600 60000
0.224622 38400 60000
0.325518 51200 60000
Epoch 11
-------------------------------
0.274046     0 60000
0.192329 12800 60000
0.280718 25600 60000
0.219549 38400 60000
0.217427 51200 60000
Epoch 12
-------------------------------
0.134161     0 60000
0.318214 12800 60000
0.241012 25600 60000
0.186609 38400 60000
0.281833 51200 60000
