Epoch 1
-------------------------------
2.301578     0 60000
0.893130 12800 60000
0.682871 25600 60000
0.625600 38400 60000
0.544773 51200 60000
Epoch 2
-------------------------------
0.624123     0 60000
0.518054 12800 60000
0.510061 25600 60000
0.433528 38400 60000
0.494231 51200 60000
Epoch 3
-------------------------------
0.505212     0 60000
0.385565 12800 60000
0.452366 25600 60000
0.522480 38400 60000
0.389884 51200 60000
Epoch 4
-------------------------------
0.416966     0 60000
0.351622 12800 60000
0.440224 25600 60000
0.325625 38400 60000
0.360242 51200 60000
Epoch 5
-------------------------------
0.271020     0 60000
0.264921 12800 60000
0.301280 25600 60000
0.540098 38400 60000
0.429547 51200 60000
Epoch 6
-------------------------------
0.382835     0 60000
0.457541 12800 60000
0.392105 25600 60000
0.459136 38400 60000
0.435906 51200 60000
Epoch 7
-------------------------------
0.340958     0 60000
0.473936 12800 60000
0.381317 25600 60000
0.348188 38400 60000
0.277304 51200 60000
Epoch 8
-------------------------------
0.252573     0 60000
0.403638 12800 60000
0.380200 25600 60000
0.316972 38400 60000
0.469867 51200 60000
Epoch 9
-------------------------------
0.318588     0 60000
0.293830 12800 60000
0.287969 25600 60000
0.362485 38400 60000
0.247606 51200 60000
Epoch 10
-------------------------------
0.310412     0 60000
0.391794 12800 60000
0.220448 25600 60000
0.329882 38400 60000
0.240026 51200 60000
Epoch 11
-------------------------------
0.296396     0 60000
0.496648 12800 60000
0.267668 25600 60000
0.300952 38400 60000
0.449360 51200 60000
Epoch 12
-------------------------------
0.252942     0 60000
0.424167 12800 60000
0.361038 25600 60000
0.254579 38400 60000
0.230856 51200 60000
