Epoch 1
-------------------------------
0.231976     0 60000
0.419484 12800 60000
0.361956 25600 60000
0.560739 38400 60000
0.288972 51200 60000
Epoch 2
-------------------------------
0.375304     0 60000
0.305749 12800 60000
0.278391 25600 60000
0.418394 38400 60000
0.286876 51200 60000
Epoch 3
-------------------------------
0.279408     0 60000
0.421125 12800 60000
0.384106 25600 60000
0.465514 38400 60000
0.288219 51200 60000
Epoch 4
-------------------------------
0.359138     0 60000
0.371514 12800 60000
0.304064 25600 60000
0.256758 38400 60000
0.326617 51200 60000
Epoch 5
-------------------------------
0.257728     0 60000
0.317210 12800 60000
0.353379 25600 60000
0.219289 38400 60000
0.273235 51200 60000
Epoch 6
-------------------------------
0.275852     0 60000
0.274897 12800 60000
0.261390 25600 60000
0.202571 38400 60000
0.283399 51200 60000
Epoch 7
-------------------------------
0.197341     0 60000
0.254838 12800 60000
0.336922 25600 60000
0.231000 38400 60000
0.273748 51200 60000
Epoch 8
-------------------------------
0.279376     0 60000
0.333984 12800 60000
0.285009 25600 60000
0.237022 38400 60000
0.263211 51200 60000
Epoch 9
-------------------------------
0.245625     0 60000
0.211844 12800 60000
0.254809 25600 60000
0.250713 38400 60000
0.183255 51200 60000
Epoch 10
-------------------------------
0.229955     0 60000
0.230763 12800 60000
0.291181 25600 60000
0.202943 38400 60000
0.227285 51200 60000
Epoch 11
-------------------------------
0.259085     0 60000
0.186170 12800 60000
0.150002 25600 60000
0.213000 38400 60000
0.285275 51200 60000
Epoch 12
-------------------------------
0.246800     0 60000
0.223562 12800 60000
0.117246 25600 60000
0.210468 38400 60000
0.134655 51200 60000
