Epoch 1
-------------------------------
2.295725     0 60000
1.030453 12800 60000
0.859954 25600 60000
0.855923 38400 60000
0.668091 51200 60000
Epoch 2
-------------------------------
0.562017     0 60000
0.531681 12800 60000
0.588284 25600 60000
0.572128 38400 60000
0.496053 51200 60000
Epoch 3
-------------------------------
0.490025     0 60000
0.469983 12800 60000
0.377573 25600 60000
0.353865 38400 60000
0.492516 51200 60000
Epoch 4
-------------------------------
0.432633     0 60000
0.392845 12800 60000
0.419177 25600 60000
0.394377 38400 60000
0.389671 51200 60000
Epoch 5
-------------------------------
0.451040     0 60000
0.455346 12800 60000
0.444081 25600 60000
0.344575 38400 60000
0.399087 51200 60000
Epoch 6
-------------------------------
0.606293     0 60000
0.421416 12800 60000
0.372001 25600 60000
0.368091 38400 60000
0.428387 51200 60000
Epoch 7
-------------------------------
0.400734     0 60000
0.331915 12800 60000
0.362402 25600 60000
0.378342 38400 60000
0.333398 51200 60000
Epoch 8
-------------------------------
0.340832     0 60000
0.254488 12800 60000
0.347049 25600 60000
0.340668 38400 60000
0.267399 51200 60000
Epoch 9
-------------------------------
0.338394     0 60000
0.295003 12800 60000
0.283628 25600 60000
0.375928 38400 60000
0.454408 51200 60000
Epoch 10
-------------------------------
0.230248     0 60000
0.319224 12800 60000
0.292950 25600 60000
0.349934 38400 60000
0.324752 51200 60000
Epoch 11
-------------------------------
0.323540     0 60000
0.312118 12800 60000
0.332667 25600 60000
0.253695 38400 60000
0.378493 51200 60000
Epoch 12
-------------------------------
0.340413     0 60000
0.289605 12800 60000
0.310732 25600 60000
0.341358 38400 60000
0.424375 51200 60000
