Epoch 1
-------------------------------
2.302939     0 60000
0.957265 12800 60000
0.681882 25600 60000
0.564494 38400 60000
0.537111 51200 60000
Epoch 2
-------------------------------
0.520889     0 60000
0.416134 12800 60000
0.537067 25600 60000
0.493009 38400 60000
0.449127 51200 60000
Epoch 3
-------------------------------
0.441681     0 60000
0.444975 12800 60000
0.499918 25600 60000
0.430347 38400 60000
0.528146 51200 60000
Epoch 4
-------------------------------
0.563435     0 60000
0.417555 12800 60000
0.485005 25600 60000
0.421239 38400 60000
0.333988 51200 60000
Epoch 5
-------------------------------
0.636177     0 60000
0.332478 12800 60000
0.313372 25600 60000
0.420820 38400 60000
0.332037 51200 60000
Epoch 6
-------------------------------
0.297473     0 60000
0.312551 12800 60000
0.481841 25600 60000
0.489302 38400 60000
0.374837 51200 60000
Epoch 7
-------------------------------
0.380566     0 60000
0.316713 12800 60000
0.401181 25600 60000
0.331629 38400 60000
0.450688 51200 60000
Epoch 8
-------------------------------
0.363245     0 60000
0.404022 12800 60000
0.545136 25600 60000
0.436567 38400 60000
0.315839 51200 60000
Epoch 9
-------------------------------
0.349132     0 60000
0.350385 12800 60000
0.341286 25600 60000
0.395250 38400 60000
0.471394 51200 60000
Epoch 10
-------------------------------
0.307336     0 60000
0.317603 12800 60000
0.292162 25600 60000
0.220397 38400 60000
0.354793 51200 60000
Epoch 11
-------------------------------
0.402766     0 60000
0.340565 12800 60000
0.403148 25600 60000
0.410202 38400 60000
0.385095 51200 60000
Epoch 12
-------------------------------
0.331221     0 60000
0.316025 12800 60000
0.435695 25600 60000
0.336046 38400 60000
0.407547 51200 60000
