Epoch 1
-------------------------------
0.288091     0 60000
0.371936 12800 60000
0.307006 25600 60000
0.283849 38400 60000
0.260882 51200 60000
Epoch 2
-------------------------------
0.513298     0 60000
0.330487 12800 60000
0.288517 25600 60000
0.245774 38400 60000
0.351231 51200 60000
Epoch 3
-------------------------------
0.366578     0 60000
0.368855 12800 60000
0.277401 25600 60000
0.278319 38400 60000
0.378899 51200 60000
Epoch 4
-------------------------------
0.361045     0 60000
0.309770 12800 60000
0.282716 25600 60000
0.257068 38400 60000
0.364525 51200 60000
Epoch 5
-------------------------------
0.228039     0 60000
0.317608 12800 60000
0.233421 25600 60000
0.262994 38400 60000
0.270813 51200 60000
Epoch 6
-------------------------------
0.233195     0 60000
0.258882 12800 60000
0.297812 25600 60000
0.242141 38400 60000
0.357082 51200 60000
Epoch 7
-------------------------------
0.342386     0 60000
0.267099 12800 60000
0.279965 25600 60000
0.161573 38400 60000
0.336766 51200 60000
Epoch 8
-------------------------------
0.241681     0 60000
0.233170 12800 60000
0.271885 25600 60000
0.313191 38400 60000
0.198719 51200 60000
Epoch 9
-------------------------------
0.183485     0 60000
0.213680 12800 60000
0.309382 25600 60000
0.230781 38400 60000
0.291224 51200 60000
Epoch 10
-------------------------------
0.114862     0 60000
0.199569 12800 60000
0.182104 25600 60000
0.250953 38400 60000
0.238329 51200 60000
Epoch 11
-------------------------------
0.243990     0 60000
0.160404 12800 60000
0.245413 25600 60000
0.198733 38400 60000
0.224199 51200 60000
Epoch 12
-------------------------------
0.217508     0 60000
0.174459 12800 60000
0.149182 25600 60000
0.208985 38400 60000
0.277478 51200 60000
