Epoch 1
-------------------------------
0.348587     0 60000
0.475280 12800 60000
0.485430 25600 60000
0.374147 38400 60000
0.423035 51200 60000
Epoch 2
-------------------------------
0.309490     0 60000
0.180003 12800 60000
0.329727 25600 60000
0.386913 38400 60000
0.342543 51200 60000
Epoch 3
-------------------------------
0.287373     0 60000
0.307212 12800 60000
0.320599 25600 60000
0.267152 38400 60000
0.370208 51200 60000
Epoch 4
-------------------------------
0.308124     0 60000
0.195853 12800 60000
0.276000 25600 60000
0.375939 38400 60000
0.202843 51200 60000
Epoch 5
-------------------------------
0.315114     0 60000
0.270132 12800 60000
0.421674 25600 60000
0.311348 38400 60000
0.263799 51200 60000
Epoch 6
-------------------------------
0.324552     0 60000
0.256859 12800 60000
0.262325 25600 60000
0.326648 38400 60000
0.321493 51200 60000
Epoch 7
-------------------------------
0.230863     0 60000
0.427766 12800 60000
0.142359 25600 60000
0.251083 38400 60000
0.233350 51200 60000
Epoch 8
-------------------------------
0.264376     0 60000
0.237808 12800 60000
0.187612 25600 60000
0.182375 38400 60000
0.243597 51200 60000
Epoch 9
-------------------------------
0.256621     0 60000
0.282569 12800 60000
0.280783 25600 60000
0.168630 38400 60000
0.256449 51200 60000
Epoch 10
-------------------------------
0.209312     0 60000
0.231867 12800 60000
0.164276 25600 60000
0.187227 38400 60000
0.299907 51200 60000
Epoch 11
-------------------------------
0.166608     0 60000
0.211765 12800 60000
0.126385 25600 60000
0.304592 38400 60000
0.340726 51200 60000
Epoch 12
-------------------------------
0.127016     0 60000
0.129273 12800 60000
0.176070 25600 60000
0.264971 38400 60000
0.257826 51200 60000
