Epoch 1
-------------------------------
2.301246     0 60000
0.853716 12800 60000
0.587885 25600 60000
0.679662 38400 60000
0.622954 51200 60000
Epoch 2
-------------------------------
0.640131     0 60000
0.484382 12800 60000
0.672133 25600 60000
0.723030 38400 60000
0.492461 51200 60000
Epoch 3
-------------------------------
0.600712     0 60000
0.735300 12800 60000
0.377333 25600 60000
0.385103 38400 60000
0.440299 51200 60000
Epoch 4
-------------------------------
0.425631     0 60000
0.471974 12800 60000
0.257828 25600 60000
0.328883 38400 60000
0.394352 51200 60000
Epoch 5
-------------------------------
0.464442     0 60000
0.372185 12800 60000
0.415550 25600 60000
0.340149 38400 60000
0.377694 51200 60000
Epoch 6
-------------------------------
0.380424     0 60000
0.483144 12800 60000
0.446855 25600 60000
0.342655 38400 60000
0.408396 51200 60000
Epoch 7
-------------------------------
0.358602     0 60000
0.426173 12800 60000
0.377569 25600 60000
0.289541 38400 60000
0.407202 51200 60000
Epoch 8
-------------------------------
0.281272     0 60000
0.359550 12800 60000
0.378781 25600 60000
0.358960 38400 60000
0.268748 51200 60000
Epoch 9
-------------------------------
0.303126     0 60000
0.294728 12800 60000
0.229231 25600 60000
0.325166 38400 60000
0.363590 51200 60000
Epoch 10
-------------------------------
0.207297     0 60000
0.253899 12800 60000
0.240362 25600 60000
0.236858 38400 60000
0.304688 51200 60000
Epoch 11
-------------------------------
0.328379     0 60000
0.252836 12800 60000
0.341067 25600 60000
0.291273 38400 60000
0.382844 51200 60000
Epoch 12
-------------------------------
0.204060     0 60000
0.268858 12800 60000
0.264482 25600 60000
0.382471 38400 60000
0.328454 51200 60000
