Epoch 1
-------------------------------
0.322873     0 60000
0.479282 12800 60000
0.298266 25600 60000
0.418713 38400 60000
0.264025 51200 60000
Epoch 2
-------------------------------
0.375901     0 60000
0.309880 12800 60000
0.282204 25600 60000
0.483052 38400 60000
0.237874 51200 60000
Epoch 3
-------------------------------
0.300979     0 60000
0.326189 12800 60000
0.320401 25600 60000
0.340425 38400 60000
0.350547 51200 60000
Epoch 4
-------------------------------
0.286717     0 60000
0.200950 12800 60000
0.338253 25600 60000
0.348530 38400 60000
0.303220 51200 60000
Epoch 5
-------------------------------
0.319235     0 60000
0.251615 12800 60000
0.308255 25600 60000
0.210640 38400 60000
0.196483 51200 60000
Epoch 6
-------------------------------
0.220201     0 60000
0.338955 12800 60000
0.222514 25600 60000
0.383059 38400 60000
0.268610 51200 60000
Epoch 7
-------------------------------
0.180637     0 60000
0.298524 12800 60000
0.183031 25600 60000
0.183115 38400 60000
0.145735 51200 60000
Epoch 8
-------------------------------
0.258131     0 60000
0.238108 12800 60000
0.168526 25600 60000
0.245600 38400 60000
0.230694 51200 60000
Epoch 9
-------------------------------
0.193625     0 60000
0.243392 12800 60000
0.195947 25600 60000
0.152252 38400 60000
0.190522 51200 60000
Epoch 10
-------------------------------
0.143836     0 60000
0.263265 12800 60000
0.245846 25600 60000
0.228916 38400 60000
0.192553 51200 60000
Epoch 11
-------------------------------
0.151799     0 60000
0.155317 12800 60000
0.170476 25600 60000
0.262283 38400 60000
0.277534 51200 60000
Epoch 12
-------------------------------
0.219750     0 60000
0.216900 12800 60000
0.227176 25600 60000
0.219924 38400 60000
0.150090 51200 60000
