Epoch 1
-------------------------------
0.332293     0 60000
0.410561 12800 60000
0.405443 25600 60000
0.378361 38400 60000
0.419772 51200 60000
Epoch 2
-------------------------------
0.428876     0 60000
0.376974 12800 60000
0.390153 25600 60000
0.253890 38400 60000
0.425998 51200 60000
Epoch 3
-------------------------------
0.339152     0 60000
0.244313 12800 60000
0.322596 25600 60000
0.307248 38400 60000
0.421609 51200 60000
Epoch 4
-------------------------------
0.383150     0 60000
0.330985 12800 60000
0.311903 25600 60000
0.316879 38400 60000
0.373861 51200 60000
Epoch 5
-------------------------------
0.255763     0 60000
0.319848 12800 60000
0.163879 25600 60000
0.266703 38400 60000
0.249596 51200 60000
Epoch 6
-------------------------------
0.261959     0 60000
0.460431 12800 60000
0.253869 25600 60000
0.264265 38400 60000
0.201908 51200 60000
Epoch 7
-------------------------------
0.330446     0 60000
0.151606 12800 60000
0.234499 25600 60000
0.315309 38400 60000
0.266804 51200 60000
Epoch 8
-------------------------------
0.223820     0 60000
0.272054 12800 60000
0.233271 25600 60000
0.205540 38400 60000
0.236686 51200 60000
Epoch 9
-------------------------------
0.127429     0 60000
0.185739 12800 60000
0.238820 25600 60000
0.207615 38400 60000
0.233372 51200 60000
Epoch 10
-------------------------------
0.274024     0 60000
0.227200 12800 60000
0.225867 25600 60000
0.216762 38400 60000
0.332516 51200 60000
Epoch 11
-------------------------------
0.232053     0 60000
0.192462 12800 60000
0.169628 25600 60000
0.249223 38400 60000
0.341438 51200 60000
Epoch 12
-------------------------------
0.154750     0 60000
0.179553 12800 60000
0.115581 25600 60000
0.234953 38400 60000
0.280711 51200 60000
