Epoch 1
-------------------------------
2.312057     0 60000
1.057646 12800 60000
0.833429 25600 60000
0.712649 38400 60000
0.553630 51200 60000
Epoch 2
-------------------------------
0.537851     0 60000
0.568572 12800 60000
0.667751 25600 60000
0.494119 38400 60000
0.557674 51200 60000
Epoch 3
-------------------------------
0.504100     0 60000
0.554950 12800 60000
0.520450 25600 60000
0.456170 38400 60000
0.439468 51200 60000
Epoch 4
-------------------------------
0.559022     0 60000
0.435298 12800 60000
0.402981 25600 60000
0.450198 38400 60000
0.465799 51200 60000
Epoch 5
-------------------------------
0.391059     0 60000
0.388890 12800 60000
0.391211 25600 60000
0.512800 38400 60000
0.385042 51200 60000
Epoch 6
-------------------------------
0.377759     0 60000
0.416511 12800 60000
0.333266 25600 60000
0.397668 38400 60000
0.433832 51200 60000
Epoch 7
-------------------------------
0.378106     0 60000
0.330599 12800 60000
0.388879 25600 60000
0.347904 38400 60000
0.322988 51200 60000
Epoch 8
-------------------------------
0.307330     0 60000
0.394078 12800 60000
0.458464 25600 60000
0.283758 38400 60000
0.359658 51200 60000
Epoch 9
-------------------------------
0.384358     0 60000
0.335492 12800 60000
0.423257 25600 60000
0.403590 38400 60000
0.477106 51200 60000
Epoch 10
-------------------------------
0.426597     0 60000
0.385195 12800 60000
0.367768 25600 60000
0.329079 38400 60000
0.394297 51200 60000
Epoch 11
-------------------------------
0.412465     0 60000
0.315617 12800 60000
0.390156 25600 60000
0.385718 38400 60000
0.355262 51200 60000
Epoch 12
-------------------------------
0.345258     0 60000
0.434616 12800 60000
0.316137 25600 60000
0.346089 38400 60000
0.399334 51200 60000
