Epoch 1
-------------------------------
0.255749     0 60000
0.312936 12800 60000
0.547876 25600 60000
0.358992 38400 60000
0.403559 51200 60000
Epoch 2
-------------------------------
0.338361     0 60000
0.349592 12800 60000
0.426542 25600 60000
0.345833 38400 60000
0.518727 51200 60000
Epoch 3
-------------------------------
0.268042     0 60000
0.506964 12800 60000
0.200909 25600 60000
0.293143 38400 60000
0.270568 51200 60000
Epoch 4
-------------------------------
0.318714     0 60000
0.379759 12800 60000
0.202458 25600 60000
0.194827 38400 60000
0.301797 51200 60000
Epoch 5
-------------------------------
0.378839     0 60000
0.169235 12800 60000
0.277798 25600 60000
0.169876 38400 60000
0.282717 51200 60000
Epoch 6
-------------------------------
0.266031     0 60000
0.217872 12800 60000
0.252077 25600 60000
0.213609 38400 60000
0.288498 51200 60000
Epoch 7
-------------------------------
0.140015     0 60000
0.235767 12800 60000
0.217011 25600 60000
0.191079 38400 60000
0.208065 51200 60000
Epoch 8
-------------------------------
0.232775     0 60000
0.192328 12800 60000
0.272518 25600 60000
0.272480 38400 60000
0.319914 51200 60000
Epoch 9
-------------------------------
0.160533     0 60000
0.232589 12800 60000
0.215138 25600 60000
0.303724 38400 60000
0.329616 51200 60000
Epoch 10
-------------------------------
0.211248     0 60000
0.199170 12800 60000
0.241425 25600 60000
0.169930 38400 60000
0.120412 51200 60000
Epoch 11
-------------------------------
0.187571     0 60000
0.214531 12800 60000
0.105002 25600 60000
0.164354 38400 60000
0.223888 51200 60000
Epoch 12
-------------------------------
0.203127     0 60000
0.198854 12800 60000
0.228716 25600 60000
0.154179 38400 60000
0.298950 51200 60000
