Epoch 1
-------------------------------
2.304428     0 60000
1.107658 12800 60000
0.779518 25600 60000
0.676663 38400 60000
0.569281 51200 60000
Epoch 2
-------------------------------
0.564130     0 60000
0.529147 12800 60000
0.453493 25600 60000
0.461334 38400 60000
0.533552 51200 60000
Epoch 3
-------------------------------
0.609222     0 60000
0.363622 12800 60000
0.471896 25600 60000
0.558345 38400 60000
0.384305 51200 60000
Epoch 4
-------------------------------
0.491607     0 60000
0.477909 12800 60000
0.337527 25600 60000
0.413551 38400 60000
0.385067 51200 60000
Epoch 5
-------------------------------
0.383980     0 60000
0.368092 12800 60000
0.281587 25600 60000
0.386572 38400 60000
0.511928 51200 60000
Epoch 6
-------------------------------
0.379441     0 60000
0.471289 12800 60000
0.362725 25600 60000
0.412954 38400 60000
0.357323 51200 60000
Epoch 7
-------------------------------
0.379632     0 60000
0.415570 12800 60000
0.491905 25600 60000
0.510485 38400 60000
0.299142 51200 60000
Epoch 8
-------------------------------
0.360803     0 60000
0.394525 12800 60000
0.410668 25600 60000
0.312616 38400 60000
0.324804 51200 60000
Epoch 9
-------------------------------
0.446283     0 60000
0.346297 12800 60000
0.340576 25600 60000
0.394864 38400 60000
0.349969 51200 60000
Epoch 10
-------------------------------
0.271789     0 60000
0.291703 12800 60000
0.429220 25600 60000
0.334674 38400 60000
0.368754 51200 60000
Epoch 11
-------------------------------
0.361251     0 60000
0.364271 12800 60000
0.402422 25600 60000
0.308624 38400 60000
0.338911 51200 60000
Epoch 12
-------------------------------
0.318772     0 60000
0.260586 12800 60000
0.245181 25600 60000
0.233490 38400 60000
0.242434 51200 60000
