Epoch 1
-------------------------------
0.305468     0 60000
0.321526 12800 60000
0.332107 25600 60000
0.381126 38400 60000
0.448281 51200 60000
Epoch 2
-------------------------------
0.437670     0 60000
0.255965 12800 60000
0.298957 25600 60000
0.329155 38400 60000
0.335326 51200 60000
Epoch 3
-------------------------------
0.310413     0 60000
0.322862 12800 60000
0.247621 25600 60000
0.337754 38400 60000
0.285271 51200 60000
Epoch 4
-------------------------------
0.288344     0 60000
0.200804 12800 60000
0.170938 25600 60000
0.198820 38400 60000
0.283199 51200 60000
Epoch 5
-------------------------------
0.235998     0 60000
0.243022 12800 60000
0.254116 25600 60000
0.284319 38400 60000
0.288536 51200 60000
Epoch 6
-------------------------------
0.205280     0 60000
0.279204 12800 60000
0.229164 25600 60000
0.239606 38400 60000
0.261215 51200 60000
Epoch 7
-------------------------------
0.272461     0 60000
0.314258 12800 60000
0.251497 25600 60000
0.265234 38400 60000
0.257021 51200 60000
Epoch 8
-------------------------------
0.271891     0 60000
0.253496 12800 60000
0.209122 25600 60000
0.197258 38400 60000
0.241654 51200 60000
Epoch 9
-------------------------------
0.170135     0 60000
0.233293 12800 60000
0.194924 25600 60000
0.135455 38400 60000
0.257225 51200 60000
Epoch 10
-------------------------------
0.164564     0 60000
0.279114 12800 60000
0.227124 25600 60000
0.206546 38400 60000
0.133642 51200 60000
Epoch 11
-------------------------------
0.230596     0 60000
0.129878 12800 60000
0.286451 25600 60000
0.221620 38400 60000
0.264146 51200 60000
Epoch 12
-------------------------------
0.121432     0 60000
0.162461 12800 60000
0.191479 25600 60000
0.147884 38400 60000
0.169072 51200 60000
