Epoch 1
-------------------------------
0.142650     0 60000
0.700912  3200 60000
0.329966  6400 60000
0.631237  9600 60000
0.359254 12800 60000
0.559869 16000 60000
0.324505 19200 60000
0.540867 22400 60000
0.201848 25600 60000
0.177408 28800 60000
0.517175 32000 60000
0.625390 35200 60000
0.227664 38400 60000
0.183250 41600 60000
0.542172 44800 60000
0.433263 48000 60000
0.383633 51200 60000
0.562493 54400 60000
0.570668 57600 60000
Epoch 2
-------------------------------
0.259571     0 60000
0.449068  3200 60000
0.143062  6400 60000
0.409906  9600 60000
0.266132 12800 60000
0.259861 16000 60000
0.295820 19200 60000
0.233364 22400 60000
0.309150 25600 60000
0.242135 28800 60000
0.172203 32000 60000
0.075829 35200 60000
0.165680 38400 60000
0.147511 41600 60000
0.217520 44800 60000
0.222691 48000 60000
0.309204 51200 60000
0.220970 54400 60000
0.243173 57600 60000
Epoch 3
-------------------------------
0.246784     0 60000
0.307666  3200 60000
0.220015  6400 60000
0.260443  9600 60000
0.230897 12800 60000
0.575037 16000 60000
0.676760 19200 60000
0.194143 22400 60000
0.776787 25600 60000
0.165949 28800 60000
0.426800 32000 60000
0.403672 35200 60000
0.124310 38400 60000
0.248888 41600 60000
0.460740 44800 60000
0.544148 48000 60000
0.211021 51200 60000
0.064679 54400 60000
0.355888 57600 60000
Epoch 4
-------------------------------
0.272154     0 60000
0.280880  3200 60000
0.674378  6400 60000
0.409346  9600 60000
0.256973 12800 60000
0.786411 16000 60000
0.353191 19200 60000
0.446360 22400 60000
0.421217 25600 60000
0.168195 28800 60000
0.357421 32000 60000
0.449336 35200 60000
0.363549 38400 60000
0.226203 41600 60000
0.227519 44800 60000
0.415986 48000 60000
0.286549 51200 60000
0.315817 54400 60000
0.188861 57600 60000
Epoch 5
-------------------------------
0.083580     0 60000
0.236779  3200 60000
0.155483  6400 60000
0.363279  9600 60000
0.413399 12800 60000
0.269435 16000 60000
0.326052 19200 60000
0.281734 22400 60000
0.368520 25600 60000
0.174566 28800 60000
0.499590 32000 60000
0.216504 35200 60000
0.304547 38400 60000
0.211277 41600 60000
0.405955 44800 60000
0.347139 48000 60000
0.367911 51200 60000
0.350711 54400 60000
0.387802 57600 60000
Epoch 6
-------------------------------
0.195371     0 60000
0.604692  3200 60000
0.221313  6400 60000
0.130095  9600 60000
0.475366 12800 60000
0.181563 16000 60000
0.203632 19200 60000
0.311876 22400 60000
0.199242 25600 60000
0.203478 28800 60000
0.389522 32000 60000
0.116671 35200 60000
0.162207 38400 60000
0.155875 41600 60000
0.278264 44800 60000
0.421018 48000 60000
0.323838 51200 60000
0.328925 54400 60000
0.416851 57600 60000
Epoch 7
-------------------------------
0.239627     0 60000
0.211531  3200 60000
0.240706  6400 60000
0.234093  9600 60000
0.368991 12800 60000
0.309089 16000 60000
0.453206 19200 60000
0.108239 22400 60000
0.051314 25600 60000
0.249810 28800 60000
0.139776 32000 60000
0.219695 35200 60000
0.400742 38400 60000
0.134549 41600 60000
0.141407 44800 60000
0.590415 48000 60000
0.224790 51200 60000
0.119941 54400 60000
0.067837 57600 60000
Epoch 8
-------------------------------
0.319182     0 60000
0.595881  3200 60000
0.075701  6400 60000
0.149094  9600 60000
0.230948 12800 60000
0.166398 16000 60000
0.358811 19200 60000
0.163848 22400 60000
0.207248 25600 60000
0.222721 28800 60000
0.270695 32000 60000
0.141345 35200 60000
0.612679 38400 60000
0.178298 41600 60000
0.216551 44800 60000
0.246495 48000 60000
0.238267 51200 60000
0.362183 54400 60000
0.128239 57600 60000
Epoch 9
-------------------------------
0.389747     0 60000
0.180751  3200 60000
0.323972  6400 60000
0.342956  9600 60000
0.076845 12800 60000
0.356533 16000 60000
0.233365 19200 60000
0.408093 22400 60000
0.138296 25600 60000
0.153392 28800 60000
0.249668 32000 60000
0.414500 35200 60000
0.228190 38400 60000
0.134262 41600 60000
0.203554 44800 60000
0.153742 48000 60000
0.232762 51200 60000
0.229722 54400 60000
0.127109 57600 60000
Epoch 10
-------------------------------
0.179856     0 60000
0.327229  3200 60000
0.110533  6400 60000
0.240516  9600 60000
0.321653 12800 60000
0.250124 16000 60000
0.224705 19200 60000
0.227932 22400 60000
0.097535 25600 60000
0.310173 28800 60000
0.350399 32000 60000
0.214497 35200 60000
0.261922 38400 60000
0.172551 41600 60000
0.058502 44800 60000
0.414551 48000 60000
0.263309 51200 60000
0.202553 54400 60000
0.213707 57600 60000
Epoch 11
-------------------------------
0.196259     0 60000
0.242502  3200 60000
0.148882  6400 60000
0.086774  9600 60000
0.022770 12800 60000
0.071958 16000 60000
0.080241 19200 60000
0.160284 22400 60000
0.117668 25600 60000
0.278138 28800 60000
0.173306 32000 60000
0.114323 35200 60000
0.141607 38400 60000
0.067989 41600 60000
0.134444 44800 60000
0.129604 48000 60000
0.098650 51200 60000
0.464997 54400 60000
0.136561 57600 60000
Epoch 12
-------------------------------
0.170862     0 60000
0.236264  3200 60000
0.187668  6400 60000
0.436966  9600 60000
0.299339 12800 60000
0.153745 16000 60000
0.111154 19200 60000
0.305890 22400 60000
0.245596 25600 60000
0.350829 28800 60000
0.334908 32000 60000
0.150727 35200 60000
0.232422 38400 60000
0.150822 41600 60000
0.198371 44800 60000
0.289290 48000 60000
0.176410 51200 60000
0.143375 54400 60000
0.330364 57600 60000
