Epoch 1
-------------------------------
0.144307     0 60000
0.404845  3200 60000
0.629506  6400 60000
0.384779  9600 60000
0.295942 12800 60000
0.574229 16000 60000
0.302060 19200 60000
0.187759 22400 60000
0.179213 25600 60000
0.126046 28800 60000
0.449474 32000 60000
0.355803 35200 60000
0.271136 38400 60000
0.556123 41600 60000
0.340481 44800 60000
0.341454 48000 60000
0.182810 51200 60000
0.467650 54400 60000
0.219070 57600 60000
Epoch 2
-------------------------------
0.350529     0 60000
0.160101  3200 60000
0.079225  6400 60000
0.228671  9600 60000
0.405330 12800 60000
0.195042 16000 60000
0.212496 19200 60000
0.341034 22400 60000
0.256845 25600 60000
0.309318 28800 60000
0.581112 32000 60000
0.207262 35200 60000
0.735681 38400 60000
0.249769 41600 60000
0.437494 44800 60000
0.217262 48000 60000
0.087996 51200 60000
0.362781 54400 60000
0.427412 57600 60000
Epoch 3
-------------------------------
0.445028     0 60000
0.278308  3200 60000
0.552005  6400 60000
0.317015  9600 60000
0.462172 12800 60000
0.249241 16000 60000
0.220104 19200 60000
0.628641 22400 60000
0.264632 25600 60000
0.308750 28800 60000
0.466359 32000 60000
0.222745 35200 60000
0.182403 38400 60000
0.843292 41600 60000
0.433903 44800 60000
0.292247 48000 60000
0.348115 51200 60000
0.200507 54400 60000
0.383544 57600 60000
Epoch 4
-------------------------------
0.142137     0 60000
0.244457  3200 60000
0.169470  6400 60000
0.473658  9600 60000
0.380768 12800 60000
0.423888 16000 60000
0.301136 19200 60000
0.298498 22400 60000
0.161816 25600 60000
0.403744 28800 60000
0.089134 32000 60000
0.428606 35200 60000
0.267267 38400 60000
0.451489 41600 60000
0.098941 44800 60000
0.539595 48000 60000
0.385278 51200 60000
0.170865 54400 60000
0.212512 57600 60000
Epoch 5
-------------------------------
0.100137     0 60000
0.328724  3200 60000
0.151246  6400 60000
0.210908  9600 60000
0.308777 12800 60000
0.221607 16000 60000
0.286498 19200 60000
0.360240 22400 60000
0.404163 25600 60000
0.320090 28800 60000
0.393123 32000 60000
0.133975 35200 60000
0.231718 38400 60000
0.258126 41600 60000
0.228720 44800 60000
0.152192 48000 60000
0.157070 51200 60000
0.098687 54400 60000
0.240840 57600 60000
Epoch 6
-------------------------------
0.175769     0 60000
0.303353  3200 60000
0.154212  6400 60000
0.183201  9600 60000
0.075131 12800 60000
0.178368 16000 60000
0.226905 19200 60000
0.127011 22400 60000
0.304590 25600 60000
0.373312 28800 60000
0.227630 32000 60000
0.105555 35200 60000
0.386444 38400 60000
0.155557 41600 60000
0.223969 44800 60000
0.085263 48000 60000
0.336534 51200 60000
0.140592 54400 60000
0.160045 57600 60000
Epoch 7
-------------------------------
0.290233     0 60000
0.153804  3200 60000
0.185779  6400 60000
0.344699  9600 60000
0.285823 12800 60000
0.267459 16000 60000
0.077543 19200 60000
0.172795 22400 60000
0.127578 25600 60000
0.179698 28800 60000
0.191906 32000 60000
0.211354 35200 60000
0.521543 38400 60000
0.220141 41600 60000
0.167538 44800 60000
0.088296 48000 60000
0.118667 51200 60000
0.167780 54400 60000
0.243790 57600 60000
Epoch 8
-------------------------------
0.163658     0 60000
0.247905  3200 60000
0.143006  6400 60000
0.134921  9600 60000
0.245901 12800 60000
0.401314 16000 60000
0.097593 19200 60000
0.174075 22400 60000
0.247398 25600 60000
0.413024 28800 60000
0.112530 32000 60000
0.109791 35200 60000
0.204156 38400 60000
0.152585 41600 60000
0.216542 44800 60000
0.414461 48000 60000
0.168774 51200 60000
0.151885 54400 60000
0.322958 57600 60000
Epoch 9
-------------------------------
0.199363     0 60000
0.077816  3200 60000
0.073851  6400 60000
0.221495  9600 60000
0.590547 12800 60000
0.175481 16000 60000
0.166151 19200 60000
0.439459 22400 60000
0.096106 25600 60000
0.139246 28800 60000
0.090675 32000 60000
0.166036 35200 60000
0.298004 38400 60000
0.109678 41600 60000
0.187346 44800 60000
0.247180 48000 60000
0.238144 51200 60000
0.477621 54400 60000
0.278098 57600 60000
Epoch 10
-------------------------------
0.085096     0 60000
0.172054  3200 60000
0.152990  6400 60000
0.097628  9600 60000
0.320992 12800 60000
0.075061 16000 60000
0.139108 19200 60000
0.241899 22400 60000
0.082308 25600 60000
0.328577 28800 60000
0.286384 32000 60000
0.167467 35200 60000
0.214692 38400 60000
0.229250 41600 60000
0.463091 44800 60000
0.228557 48000 60000
0.115416 51200 60000
0.225895 54400 60000
0.190057 57600 60000
Epoch 11
-------------------------------
0.171216     0 60000
0.211530  3200 60000
0.072609  6400 60000
0.406605  9600 60000
0.127085 12800 60000
0.067687 16000 60000
0.259483 19200 60000
0.137864 22400 60000
0.246810 25600 60000
0.104539 28800 60000
0.160113 32000 60000
0.239313 35200 60000
0.201009 38400 60000
0.214270 41600 60000
0.269528 44800 60000
0.275176 48000 60000
0.110937 51200 60000
0.214323 54400 60000
0.308860 57600 60000
Epoch 12
-------------------------------
0.106651     0 60000
0.222182  3200 60000
0.122809  6400 60000
0.158152  9600 60000
0.350253 12800 60000
0.143934 16000 60000
0.060581 19200 60000
0.209986 22400 60000
0.490012 25600 60000
0.314570 28800 60000
0.119209 32000 60000
0.153941 35200 60000
0.189544 38400 60000
0.407026 41600 60000
0.104949 44800 60000
0.255407 48000 60000
0.102900 51200 60000
0.120561 54400 60000
0.313976 57600 60000
