Epoch 1
-------------------------------
0.091085     0 60000
0.379837  3200 60000
0.225172  6400 60000
0.529763  9600 60000
0.238714 12800 60000
0.287024 16000 60000
0.473077 19200 60000
0.297497 22400 60000
0.484325 25600 60000
0.580180 28800 60000
0.560810 32000 60000
0.338454 35200 60000
0.194389 38400 60000
0.418047 41600 60000
0.333191 44800 60000
0.361859 48000 60000
0.265286 51200 60000
0.399946 54400 60000
0.168488 57600 60000
Epoch 2
-------------------------------
0.137339     0 60000
0.327635  3200 60000
0.368689  6400 60000
0.389676  9600 60000
0.169855 12800 60000
0.325114 16000 60000
0.121151 19200 60000
0.108776 22400 60000
0.375083 25600 60000
0.298055 28800 60000
0.820782 32000 60000
0.194232 35200 60000
0.406457 38400 60000
0.203228 41600 60000
0.221195 44800 60000
0.305553 48000 60000
0.138231 51200 60000
0.123301 54400 60000
0.276337 57600 60000
Epoch 3
-------------------------------
0.181575     0 60000
0.319214  3200 60000
0.331406  6400 60000
0.202934  9600 60000
0.242777 12800 60000
0.370469 16000 60000
0.286000 19200 60000
0.134471 22400 60000
0.276570 25600 60000
0.089515 28800 60000
0.273214 32000 60000
0.517050 35200 60000
0.202085 38400 60000
0.348630 41600 60000
0.359159 44800 60000
0.434217 48000 60000
0.407934 51200 60000
0.146973 54400 60000
0.601632 57600 60000
Epoch 4
-------------------------------
0.423004     0 60000
0.116874  3200 60000
0.235829  6400 60000
0.309357  9600 60000
0.296393 12800 60000
0.442242 16000 60000
0.259667 19200 60000
0.477427 22400 60000
0.092113 25600 60000
0.327038 28800 60000
0.140235 32000 60000
0.308600 35200 60000
0.122121 38400 60000
0.291136 41600 60000
0.399891 44800 60000
0.086781 48000 60000
0.302790 51200 60000
0.183388 54400 60000
0.262646 57600 60000
Epoch 5
-------------------------------
0.338774     0 60000
0.177286  3200 60000
0.323811  6400 60000
0.183596  9600 60000
0.322614 12800 60000
0.114897 16000 60000
0.129508 19200 60000
0.386486 22400 60000
0.175153 25600 60000
0.236466 28800 60000
0.414584 32000 60000
0.440516 35200 60000
0.128835 38400 60000
0.151031 41600 60000
0.218012 44800 60000
0.369735 48000 60000
0.211215 51200 60000
0.165809 54400 60000
0.199512 57600 60000
Epoch 6
-------------------------------
0.223567     0 60000
0.350498  3200 60000
0.243188  6400 60000
0.111053  9600 60000
0.116660 12800 60000
0.116826 16000 60000
0.152683 19200 60000
0.121152 22400 60000
0.211339 25600 60000
0.194212 28800 60000
0.105836 32000 60000
0.166532 35200 60000
0.052110 38400 60000
0.137955 41600 60000
0.356945 44800 60000
0.527641 48000 60000
0.107238 51200 60000
0.125442 54400 60000
0.169468 57600 60000
Epoch 7
-------------------------------
0.136837     0 60000
0.113011  3200 60000
0.194696  6400 60000
0.249461  9600 60000
0.408791 12800 60000
0.233797 16000 60000
0.215622 19200 60000
0.166182 22400 60000
0.300670 25600 60000
0.115725 28800 60000
0.215430 32000 60000
0.271669 35200 60000
0.218892 38400 60000
0.273278 41600 60000
0.377875 44800 60000
0.187455 48000 60000
0.187863 51200 60000
0.182447 54400 60000
0.294062 57600 60000
Epoch 8
-------------------------------
0.307647     0 60000
0.231511  3200 60000
0.213030  6400 60000
0.133451  9600 60000
0.312519 12800 60000
0.181139 16000 60000
0.295496 19200 60000
0.495000 22400 60000
0.210331 25600 60000
0.176012 28800 60000
0.170410 32000 60000
0.249560 35200 60000
0.178015 38400 60000
0.296714 41600 60000
0.312754 44800 60000
0.278330 48000 60000
0.306366 51200 60000
0.271018 54400 60000
0.207765 57600 60000
Epoch 9
-------------------------------
0.097484     0 60000
0.140737  3200 60000
0.114364  6400 60000
0.150459  9600 60000
0.145873 12800 60000
0.115700 16000 60000
0.424293 19200 60000
0.180339 22400 60000
0.123698 25600 60000
0.295150 28800 60000
0.065823 32000 60000
0.286890 35200 60000
0.291707 38400 60000
0.263665 41600 60000
0.196070 44800 60000
0.265461 48000 60000
0.277272 51200 60000
0.412926 54400 60000
0.237359 57600 60000
Epoch 10
-------------------------------
0.157164     0 60000
0.180589  3200 60000
0.244377  6400 60000
0.191378  9600 60000
0.159535 12800 60000
0.288467 16000 60000
0.123537 19200 60000
0.205293 22400 60000
0.195964 25600 60000
0.247857 28800 60000
0.095310 32000 60000
0.117422 35200 60000
0.151943 38400 60000
0.326818 41600 60000
0.202750 44800 60000
0.252463 48000 60000
0.155577 51200 60000
0.064265 54400 60000
0.109567 57600 60000
Epoch 11
-------------------------------
0.224912     0 60000
0.095609  3200 60000
0.358896  6400 60000
0.109444  9600 60000
0.141838 12800 60000
0.277835 16000 60000
0.267961 19200 60000
0.387298 22400 60000
0.374147 25600 60000
0.100395 28800 60000
0.292910 32000 60000
0.091066 35200 60000
0.203106 38400 60000
0.306817 41600 60000
0.222980 44800 60000
0.253147 48000 60000
0.354308 51200 60000
0.163252 54400 60000
0.210371 57600 60000
Epoch 12
-------------------------------
0.117259     0 60000
0.051956  3200 60000
0.174246  6400 60000
0.135453  9600 60000
0.169707 12800 60000
0.392478 16000 60000
0.335484 19200 60000
0.222725 22400 60000
0.332884 25600 60000
0.179006 28800 60000
0.116550 32000 60000
0.188002 35200 60000
0.283171 38400 60000
0.142506 41600 60000
0.098758 44800 60000
0.222010 48000 60000
0.246855 51200 60000
0.126664 54400 60000
0.100729 57600 60000
