Epoch 1
-------------------------------
2.297336     0 60000
0.971072  3200 60000
0.651580  6400 60000
0.466152  9600 60000
0.627094 12800 60000
0.452224 16000 60000
0.564502 19200 60000
0.564187 22400 60000
0.547342 25600 60000
0.491093 28800 60000
0.412114 32000 60000
0.528391 35200 60000
0.415678 38400 60000
0.538158 41600 60000
0.699876 44800 60000
0.531412 48000 60000
0.405396 51200 60000
0.474572 54400 60000
0.586671 57600 60000
Epoch 2
-------------------------------
0.312398     0 60000
0.661066  3200 60000
0.555873  6400 60000
0.428894  9600 60000
0.672418 12800 60000
0.347009 16000 60000
0.459598 19200 60000
0.578741 22400 60000
0.658581 25600 60000
0.314096 28800 60000
0.546315 32000 60000
0.228548 35200 60000
0.346983 38400 60000
0.291120 41600 60000
0.289650 44800 60000
0.564662 48000 60000
0.500277 51200 60000
0.440512 54400 60000
0.397618 57600 60000
Epoch 3
-------------------------------
0.540171     0 60000
0.270813  3200 60000
0.675512  6400 60000
0.521455  9600 60000
0.253571 12800 60000
0.235973 16000 60000
0.408614 19200 60000
0.417112 22400 60000
0.291429 25600 60000
0.357738 28800 60000
0.394055 32000 60000
0.336718 35200 60000
0.479980 38400 60000
0.203957 41600 60000
0.322905 44800 60000
0.276180 48000 60000
0.230204 51200 60000
0.665091 54400 60000
0.318459 57600 60000
Epoch 4
-------------------------------
0.338648     0 60000
0.349216  3200 60000
0.179968  6400 60000
0.284215  9600 60000
0.299238 12800 60000
0.292764 16000 60000
0.248972 19200 60000
0.453867 22400 60000
0.512460 25600 60000
0.270155 28800 60000
0.292617 32000 60000
0.682963 35200 60000
0.129916 38400 60000
0.385677 41600 60000
0.160322 44800 60000
0.116649 48000 60000
0.395562 51200 60000
0.294205 54400 60000
0.304183 57600 60000
Epoch 5
-------------------------------
0.282149     0 60000
0.235008  3200 60000
0.563642  6400 60000
0.448166  9600 60000
0.349704 12800 60000
0.261002 16000 60000
0.198865 19200 60000
0.480454 22400 60000
0.309211 25600 60000
0.396548 28800 60000
0.251334 32000 60000
0.254766 35200 60000
0.296453 38400 60000
0.261104 41600 60000
0.431016 44800 60000
0.343382 48000 60000
0.336835 51200 60000
0.189630 54400 60000
0.304994 57600 60000
Epoch 6
-------------------------------
0.381219     0 60000
0.626708  3200 60000
0.259438  6400 60000
0.218892  9600 60000
0.431398 12800 60000
0.358916 16000 60000
0.342874 19200 60000
0.149909 22400 60000
0.610708 25600 60000
0.422088 28800 60000
0.306223 32000 60000
0.322806 35200 60000
0.591095 38400 60000
0.398502 41600 60000
0.379669 44800 60000
0.365408 48000 60000
0.571665 51200 60000
0.362360 54400 60000
0.175893 57600 60000
Epoch 7
-------------------------------
0.499614     0 60000
0.169197  3200 60000
0.471795  6400 60000
0.116215  9600 60000
0.537798 12800 60000
0.399865 16000 60000
0.425011 19200 60000
0.264706 22400 60000
0.358768 25600 60000
0.218667 28800 60000
0.258818 32000 60000
0.265256 35200 60000
0.243992 38400 60000
0.226474 41600 60000
0.479984 44800 60000
0.130315 48000 60000
0.200141 51200 60000
0.406085 54400 60000
0.274429 57600 60000
Epoch 8
-------------------------------
0.234927     0 60000
0.149172  3200 60000
0.278038  6400 60000
0.174374  9600 60000
0.623877 12800 60000
0.318946 16000 60000
0.189789 19200 60000
0.233271 22400 60000
0.335548 25600 60000
0.377686 28800 60000
0.252851 32000 60000
0.300253 35200 60000
0.315147 38400 60000
0.635503 41600 60000
0.307203 44800 60000
0.185653 48000 60000
0.487823 51200 60000
0.203726 54400 60000
0.424893 57600 60000
Epoch 9
-------------------------------
0.277018     0 60000
0.266552  3200 60000
0.299813  6400 60000
0.206798  9600 60000
0.346143 12800 60000
0.317036 16000 60000
0.208436 19200 60000
0.101719 22400 60000
0.221719 25600 60000
0.165545 28800 60000
0.325876 32000 60000
0.084051 35200 60000
0.293658 38400 60000
0.313943 41600 60000
0.443865 44800 60000
0.162313 48000 60000
0.188260 51200 60000
0.223985 54400 60000
0.275589 57600 60000
Epoch 10
-------------------------------
0.222266     0 60000
0.172621  3200 60000
0.442813  6400 60000
0.429385  9600 60000
0.215450 12800 60000
0.459310 16000 60000
0.278567 19200 60000
0.109003 22400 60000
0.286144 25600 60000
0.602703 28800 60000
0.258892 32000 60000
0.118745 35200 60000
0.278224 38400 60000
0.184724 41600 60000
0.470087 44800 60000
0.182555 48000 60000
0.219177 51200 60000
0.279759 54400 60000
0.198662 57600 60000
Epoch 11
-------------------------------
0.329106     0 60000
0.194241  3200 60000
0.287658  6400 60000
0.358971  9600 60000
0.419725 12800 60000
0.115703 16000 60000
0.254463 19200 60000
0.563394 22400 60000
0.095149 25600 60000
0.126246 28800 60000
0.138892 32000 60000
0.186651 35200 60000
0.168171 38400 60000
0.312542 41600 60000
0.291817 44800 60000
0.403288 48000 60000
0.672845 51200 60000
0.603273 54400 60000
0.383276 57600 60000
Epoch 12
-------------------------------
0.275088     0 60000
0.161101  3200 60000
0.033789  6400 60000
0.203686  9600 60000
0.469499 12800 60000
0.178725 16000 60000
0.250828 19200 60000
0.368617 22400 60000
0.399258 25600 60000
0.137468 28800 60000
0.204760 32000 60000
0.157047 35200 60000
0.214747 38400 60000
0.119804 41600 60000
0.212540 44800 60000
0.140261 48000 60000
0.258795 51200 60000
0.199514 54400 60000
0.216344 57600 60000
