Epoch 1
-------------------------------
2.309375     0 60000
1.119197  3200 60000
0.555049  6400 60000
0.621516  9600 60000
0.540289 12800 60000
0.270025 16000 60000
0.649736 19200 60000
0.276650 22400 60000
0.618555 25600 60000
0.546173 28800 60000
0.371332 32000 60000
0.238463 35200 60000
0.636540 38400 60000
0.527089 41600 60000
0.576784 44800 60000
0.386825 48000 60000
0.407883 51200 60000
0.457425 54400 60000
0.413077 57600 60000
Epoch 2
-------------------------------
0.421666     0 60000
0.280542  3200 60000
0.614917  6400 60000
0.758756  9600 60000
0.650115 12800 60000
0.587327 16000 60000
0.357978 19200 60000
0.612454 22400 60000
0.436025 25600 60000
0.456884 28800 60000
0.443654 32000 60000
0.443016 35200 60000
0.389696 38400 60000
0.194081 41600 60000
0.278184 44800 60000
0.175379 48000 60000
0.261035 51200 60000
0.640339 54400 60000
0.470753 57600 60000
Epoch 3
-------------------------------
0.349508     0 60000
0.471699  3200 60000
0.407032  6400 60000
0.110708  9600 60000
0.162586 12800 60000
0.299445 16000 60000
0.280715 19200 60000
0.452164 22400 60000
0.564625 25600 60000
0.344596 28800 60000
0.273188 32000 60000
0.361293 35200 60000
0.413409 38400 60000
0.373255 41600 60000
0.371996 44800 60000
0.539461 48000 60000
0.400521 51200 60000
0.572687 54400 60000
0.256026 57600 60000
Epoch 4
-------------------------------
0.358745     0 60000
0.307075  3200 60000
0.160141  6400 60000
0.247632  9600 60000
0.535902 12800 60000
0.117109 16000 60000
0.226291 19200 60000
0.264670 22400 60000
0.365204 25600 60000
0.285119 28800 60000
0.504425 32000 60000
0.082675 35200 60000
0.089940 38400 60000
0.312622 41600 60000
0.739403 44800 60000
0.468041 48000 60000
0.321772 51200 60000
0.195228 54400 60000
0.157757 57600 60000
Epoch 5
-------------------------------
0.276209     0 60000
0.383790  3200 60000
0.164409  6400 60000
0.326556  9600 60000
0.431518 12800 60000
0.513022 16000 60000
0.318884 19200 60000
0.175186 22400 60000
0.223258 25600 60000
0.278126 28800 60000
0.210451 32000 60000
0.344096 35200 60000
0.274581 38400 60000
0.405311 41600 60000
0.373394 44800 60000
0.229686 48000 60000
0.457108 51200 60000
0.166268 54400 60000
0.365532 57600 60000
Epoch 6
-------------------------------
0.320648     0 60000
0.279392  3200 60000
0.460331  6400 60000
0.325839  9600 60000
0.315396 12800 60000
0.133475 16000 60000
0.296341 19200 60000
0.438921 22400 60000
0.314066 25600 60000
0.424023 28800 60000
0.247908 32000 60000
0.304671 35200 60000
0.200938 38400 60000
0.170807 41600 60000
0.233445 44800 60000
0.351490 48000 60000
0.183945 51200 60000
0.293071 54400 60000
0.216681 57600 60000
Epoch 7
-------------------------------
0.271851     0 60000
0.251933  3200 60000
0.360974  6400 60000
0.187072  9600 60000
0.338635 12800 60000
0.469130 16000 60000
0.342533 19200 60000
0.079483 22400 60000
0.258740 25600 60000
0.183285 28800 60000
0.183634 32000 60000
0.103248 35200 60000
0.236198 38400 60000
0.217794 41600 60000
0.096391 44800 60000
0.350380 48000 60000
0.419937 51200 60000
0.377296 54400 60000
0.252821 57600 60000
Epoch 8
-------------------------------
0.301827     0 60000
0.173496  3200 60000
0.106267  6400 60000
0.259463  9600 60000
0.223671 12800 60000
0.257468 16000 60000
0.378219 19200 60000
0.329474 22400 60000
0.495441 25600 60000
0.263622 28800 60000
0.258606 32000 60000
0.292270 35200 60000
0.286367 38400 60000
0.146644 41600 60000
0.238845 44800 60000
0.383477 48000 60000
0.415584 51200 60000
0.420034 54400 60000
0.122536 57600 60000
Epoch 9
-------------------------------
0.276210     0 60000
0.116052  3200 60000
0.144386  6400 60000
0.303266  9600 60000
0.287233 12800 60000
0.134292 16000 60000
0.145649 19200 60000
0.170076 22400 60000
0.208831 25600 60000
0.126418 28800 60000
0.314990 32000 60000
0.104276 35200 60000
0.226610 38400 60000
0.245880 41600 60000
0.594427 44800 60000
0.185896 48000 60000
0.270896 51200 60000
0.158455 54400 60000
0.151640 57600 60000
Epoch 10
-------------------------------
0.407553     0 60000
0.188157  3200 60000
0.133136  6400 60000
0.108432  9600 60000
0.126371 12800 60000
0.271593 16000 60000
0.226376 19200 60000
0.353422 22400 60000
0.300371 25600 60000
0.458673 28800 60000
0.294299 32000 60000
0.247375 35200 60000
0.436356 38400 60000
0.225992 41600 60000
0.369229 44800 60000
0.252969 48000 60000
0.297984 51200 60000
0.344974 54400 60000
0.184716 57600 60000
Epoch 11
-------------------------------
0.164785     0 60000
0.301123  3200 60000
0.186892  6400 60000
0.194047  9600 60000
0.129416 12800 60000
0.276334 16000 60000
0.175578 19200 60000
0.340020 22400 60000
0.139309 25600 60000
0.075039 28800 60000
0.241399 32000 60000
0.327931 35200 60000
0.091861 38400 60000
0.438232 41600 60000
0.408587 44800 60000
0.124587 48000 60000
0.511937 51200 60000
0.227938 54400 60000
0.358797 57600 60000
Epoch 12
-------------------------------
0.103263     0 60000
0.106086  3200 60000
0.056020  6400 60000
0.137160  9600 60000
0.447040 12800 60000
0.273288 16000 60000
0.261706 19200 60000
0.314598 22400 60000
0.171632 25600 60000
0.189963 28800 60000
0.111935 32000 60000
0.320032 35200 60000
0.111023 38400 60000
0.344233 41600 60000
0.346357 44800 60000
0.086218 48000 60000
0.152186 51200 60000
0.048931 54400 60000
0.260972 57600 60000
