Epoch 1
-------------------------------
0.275109     0 60000
0.299531  3200 60000
0.286697  6400 60000
0.562536  9600 60000
0.315821 12800 60000
0.393066 16000 60000
0.428202 19200 60000
0.333405 22400 60000
0.258284 25600 60000
0.303558 28800 60000
0.355038 32000 60000
0.387712 35200 60000
0.354139 38400 60000
0.362998 41600 60000
0.358322 44800 60000
0.227321 48000 60000
0.566946 51200 60000
0.255088 54400 60000
0.605571 57600 60000
Epoch 2
-------------------------------
0.506920     0 60000
0.416841  3200 60000
0.162084  6400 60000
0.308810  9600 60000
0.148045 12800 60000
0.207493 16000 60000
0.307851 19200 60000
0.229106 22400 60000
0.396021 25600 60000
0.460742 28800 60000
0.438154 32000 60000
0.240302 35200 60000
0.229092 38400 60000
0.439356 41600 60000
0.292009 44800 60000
0.239990 48000 60000
0.409122 51200 60000
0.135610 54400 60000
0.147464 57600 60000
Epoch 3
-------------------------------
0.396473     0 60000
0.284006  3200 60000
0.251373  6400 60000
0.367054  9600 60000
0.356247 12800 60000
0.256140 16000 60000
0.283536 19200 60000
0.114631 22400 60000
0.187012 25600 60000
0.822493 28800 60000
0.462643 32000 60000
0.145511 35200 60000
0.231115 38400 60000
0.285297 41600 60000
0.233485 44800 60000
0.430183 48000 60000
0.630675 51200 60000
0.168582 54400 60000
0.326184 57600 60000
Epoch 4
-------------------------------
0.238919     0 60000
0.336677  3200 60000
0.225461  6400 60000
0.210874  9600 60000
0.285800 12800 60000
0.302968 16000 60000
0.304467 19200 60000
0.358447 22400 60000
0.338475 25600 60000
0.422502 28800 60000
0.327836 32000 60000
0.274199 35200 60000
0.207224 38400 60000
0.303668 41600 60000
0.256086 44800 60000
0.372028 48000 60000
0.358850 51200 60000
0.298486 54400 60000
0.319303 57600 60000
Epoch 5
-------------------------------
0.312978     0 60000
0.323551  3200 60000
0.603557  6400 60000
0.230296  9600 60000
0.118975 12800 60000
0.560307 16000 60000
0.085185 19200 60000
0.488726 22400 60000
0.310115 25600 60000
0.381148 28800 60000
0.294118 32000 60000
0.176650 35200 60000
0.405646 38400 60000
0.245651 41600 60000
0.290440 44800 60000
0.404854 48000 60000
0.282755 51200 60000
0.345290 54400 60000
0.119264 57600 60000
Epoch 6
-------------------------------
0.303923     0 60000
0.152757  3200 60000
0.117313  6400 60000
0.155679  9600 60000
0.187977 12800 60000
0.230428 16000 60000
0.158370 19200 60000
0.084304 22400 60000
0.336587 25600 60000
0.228654 28800 60000
0.185915 32000 60000
0.525023 35200 60000
0.205292 38400 60000
0.307422 41600 60000
0.358555 44800 60000
0.365505 48000 60000
0.302639 51200 60000
0.169960 54400 60000
0.130234 57600 60000
Epoch 7
-------------------------------
0.230806     0 60000
0.360050  3200 60000
0.365826  6400 60000
0.321291  9600 60000
0.348122 12800 60000
0.207237 16000 60000
0.346100 19200 60000
0.370773 22400 60000
0.211493 25600 60000
0.092310 28800 60000
0.245750 32000 60000
0.241397 35200 60000
0.245184 38400 60000
0.292939 41600 60000
0.296794 44800 60000
0.251635 48000 60000
0.181723 51200 60000
0.313354 54400 60000
0.065494 57600 60000
Epoch 8
-------------------------------
0.232006     0 60000
0.205603  3200 60000
0.153558  6400 60000
0.604246  9600 60000
0.200908 12800 60000
0.159663 16000 60000
0.140243 19200 60000
0.178338 22400 60000
0.084871 25600 60000
0.240368 28800 60000
0.177688 32000 60000
0.390387 35200 60000
0.197723 38400 60000
0.183937 41600 60000
0.142983 44800 60000
0.278441 48000 60000
0.174983 51200 60000
0.234780 54400 60000
0.070775 57600 60000
Epoch 9
-------------------------------
0.179248     0 60000
0.627600  3200 60000
0.150004  6400 60000
0.282236  9600 60000
0.117089 12800 60000
0.260250 16000 60000
0.266017 19200 60000
0.230302 22400 60000
0.118483 25600 60000
0.212970 28800 60000
0.136293 32000 60000
0.416023 35200 60000
0.116667 38400 60000
0.413077 41600 60000
0.204419 44800 60000
0.324489 48000 60000
0.305994 51200 60000
0.143959 54400 60000
0.411892 57600 60000
Epoch 10
-------------------------------
0.329034     0 60000
0.149712  3200 60000
0.139199  6400 60000
0.431335  9600 60000
0.152449 12800 60000
0.312172 16000 60000
0.409030 19200 60000
0.273005 22400 60000
0.157168 25600 60000
0.418839 28800 60000
0.457378 32000 60000
0.090866 35200 60000
0.224925 38400 60000
0.090572 41600 60000
0.116493 44800 60000
0.158315 48000 60000
0.221611 51200 60000
0.263212 54400 60000
0.209860 57600 60000
Epoch 11
-------------------------------
0.218537     0 60000
0.171191  3200 60000
0.291474  6400 60000
0.192433  9600 60000
0.077938 12800 60000
0.317684 16000 60000
0.231059 19200 60000
0.307423 22400 60000
0.342318 25600 60000
0.207449 28800 60000
0.347943 32000 60000
0.118842 35200 60000
0.114743 38400 60000
0.268181 41600 60000
0.094126 44800 60000
0.266767 48000 60000
0.316224 51200 60000
0.177037 54400 60000
0.261200 57600 60000
Epoch 12
-------------------------------
0.046419     0 60000
0.222271  3200 60000
0.115208  6400 60000
0.122482  9600 60000
0.398700 12800 60000
0.058480 16000 60000
0.184674 19200 60000
0.180772 22400 60000
0.208384 25600 60000
0.168823 28800 60000
0.111969 32000 60000
0.170031 35200 60000
0.152619 38400 60000
0.145627 41600 60000
0.322634 44800 60000
0.073883 48000 60000
0.174626 51200 60000
0.161584 54400 60000
0.128559 57600 60000
