Epoch 1
-------------------------------
2.307406     0 60000
1.262974  3200 60000
0.641421  6400 60000
1.138935  9600 60000
0.795931 12800 60000
0.474220 16000 60000
0.550538 19200 60000
0.734522 22400 60000
0.369116 25600 60000
0.630580 28800 60000
0.463566 32000 60000
0.473387 35200 60000
0.286617 38400 60000
0.492101 41600 60000
0.553246 44800 60000
0.665658 48000 60000
0.493445 51200 60000
0.551442 54400 60000
0.496160 57600 60000
Epoch 2
-------------------------------
0.329261     0 60000
0.478032  3200 60000
0.512281  6400 60000
0.506772  9600 60000
0.423985 12800 60000
0.388065 16000 60000
0.395148 19200 60000
0.326313 22400 60000
0.522564 25600 60000
0.359957 28800 60000
0.600725 32000 60000
0.732140 35200 60000
0.286081 38400 60000
0.547024 41600 60000
0.279069 44800 60000
0.457291 48000 60000
0.639514 51200 60000
0.617332 54400 60000
0.478948 57600 60000
Epoch 3
-------------------------------
0.467098     0 60000
0.490730  3200 60000
0.195313  6400 60000
0.375833  9600 60000
0.572305 12800 60000
0.168308 16000 60000
0.197203 19200 60000
0.399887 22400 60000
0.718120 25600 60000
0.170033 28800 60000
0.295962 32000 60000
0.494993 35200 60000
0.376555 38400 60000
0.472163 41600 60000
0.536583 44800 60000
0.466800 48000 60000
0.626211 51200 60000
0.235551 54400 60000
0.373304 57600 60000
Epoch 4
-------------------------------
0.399226     0 60000
0.318587  3200 60000
0.384462  6400 60000
0.298408  9600 60000
0.104186 12800 60000
0.502141 16000 60000
0.425988 19200 60000
0.266867 22400 60000
0.507109 25600 60000
0.306738 28800 60000
0.238228 32000 60000
0.373100 35200 60000
0.327827 38400 60000
0.446156 41600 60000
0.357553 44800 60000
0.276145 48000 60000
0.411498 51200 60000
0.387289 54400 60000
0.213829 57600 60000
Epoch 5
-------------------------------
0.726530     0 60000
0.287817  3200 60000
0.360773  6400 60000
0.257225  9600 60000
0.204261 12800 60000
0.356966 16000 60000
0.229925 19200 60000
0.327960 22400 60000
0.232294 25600 60000
0.331773 28800 60000
0.246426 32000 60000
0.352599 35200 60000
0.295259 38400 60000
0.561196 41600 60000
0.130093 44800 60000
0.380455 48000 60000
0.304399 51200 60000
0.262656 54400 60000
0.721733 57600 60000
Epoch 6
-------------------------------
0.250307     0 60000
0.213097  3200 60000
0.545407  6400 60000
0.513325  9600 60000
0.206686 12800 60000
0.196820 16000 60000
0.239252 19200 60000
0.727847 22400 60000
0.324083 25600 60000
0.256174 28800 60000
0.279747 32000 60000
0.153763 35200 60000
0.320336 38400 60000
0.110177 41600 60000
0.303463 44800 60000
0.412926 48000 60000
0.208511 51200 60000
0.466312 54400 60000
0.271134 57600 60000
Epoch 7
-------------------------------
0.208787     0 60000
0.639807  3200 60000
0.346294  6400 60000
0.201897  9600 60000
0.341293 12800 60000
0.499919 16000 60000
0.395719 19200 60000
0.264371 22400 60000
0.270857 25600 60000
0.340014 28800 60000
0.365675 32000 60000
0.238644 35200 60000
0.304688 38400 60000
0.220224 41600 60000
0.202137 44800 60000
0.411475 48000 60000
0.515362 51200 60000
0.414226 54400 60000
0.446448 57600 60000
Epoch 8
-------------------------------
0.176787     0 60000
0.114277  3200 60000
0.149643  6400 60000
0.329245  9600 60000
0.402398 12800 60000
0.206227 16000 60000
0.149062 19200 60000
0.385782 22400 60000
0.216419 25600 60000
0.380650 28800 60000
0.195572 32000 60000
0.280557 35200 60000
0.388316 38400 60000
0.201579 41600 60000
0.144383 44800 60000
0.162018 48000 60000
0.214596 51200 60000
0.407127 54400 60000
0.283504 57600 60000
Epoch 9
-------------------------------
0.177639     0 60000
0.415144  3200 60000
0.349583  6400 60000
0.254743  9600 60000
0.209096 12800 60000
0.154408 16000 60000
0.239324 19200 60000
0.454307 22400 60000
0.412985 25600 60000
0.533490 28800 60000
0.476434 32000 60000
0.321351 35200 60000
0.325034 38400 60000
0.247994 41600 60000
0.140660 44800 60000
0.118286 48000 60000
0.366297 51200 60000
0.319323 54400 60000
0.122243 57600 60000
Epoch 10
-------------------------------
0.230105     0 60000
0.204758  3200 60000
0.552387  6400 60000
0.359620  9600 60000
0.271487 12800 60000
0.201075 16000 60000
0.313427 19200 60000
0.316325 22400 60000
0.135784 25600 60000
0.228272 28800 60000
0.432507 32000 60000
0.339061 35200 60000
0.127069 38400 60000
0.316495 41600 60000
0.293379 44800 60000
0.230215 48000 60000
0.237110 51200 60000
0.291602 54400 60000
0.344166 57600 60000
Epoch 11
-------------------------------
0.254635     0 60000
0.214377  3200 60000
0.308258  6400 60000
0.125669  9600 60000
0.141930 12800 60000
0.158128 16000 60000
0.438302 19200 60000
0.304687 22400 60000
0.343002 25600 60000
0.223866 28800 60000
0.279359 32000 60000
0.308698 35200 60000
0.724756 38400 60000
0.068090 41600 60000
0.172069 44800 60000
0.175887 48000 60000
0.524262 51200 60000
0.267464 54400 60000
0.299483 57600 60000
Epoch 12
-------------------------------
0.292100     0 60000
0.183817  3200 60000
0.288259  6400 60000
0.267240  9600 60000
0.249995 12800 60000
0.164276 16000 60000
0.244519 19200 60000
0.343249 22400 60000
0.340255 25600 60000
0.253258 28800 60000
0.355857 32000 60000
0.259361 35200 60000
0.257314 38400 60000
0.140115 41600 60000
0.362901 44800 60000
0.088891 48000 60000
0.448302 51200 60000
0.658583 54400 60000
0.415874 57600 60000
