Epoch 1
-------------------------------
2.305574     0 60000
1.040104  3200 60000
0.798109  6400 60000
0.619861  9600 60000
0.526688 12800 60000
0.592535 16000 60000
0.757526 19200 60000
0.680708 22400 60000
0.448028 25600 60000
0.528334 28800 60000
0.445190 32000 60000
0.507640 35200 60000
0.587760 38400 60000
0.407423 41600 60000
0.329587 44800 60000
0.707916 48000 60000
0.430155 51200 60000
0.567773 54400 60000
0.770357 57600 60000
Epoch 2
-------------------------------
0.641353     0 60000
0.461345  3200 60000
0.433605  6400 60000
0.409201  9600 60000
0.425950 12800 60000
0.344232 16000 60000
0.387102 19200 60000
0.539893 22400 60000
0.610371 25600 60000
0.590546 28800 60000
0.699504 32000 60000
0.448765 35200 60000
0.379296 38400 60000
0.422844 41600 60000
0.149112 44800 60000
0.376027 48000 60000
0.428353 51200 60000
0.207220 54400 60000
0.337796 57600 60000
Epoch 3
-------------------------------
0.564299     0 60000
0.309094  3200 60000
0.423533  6400 60000
0.233287  9600 60000
0.543107 12800 60000
0.332319 16000 60000
0.357013 19200 60000
0.306182 22400 60000
0.346738 25600 60000
0.345444 28800 60000
0.382255 32000 60000
0.314124 35200 60000
0.152542 38400 60000
0.226018 41600 60000
0.524984 44800 60000
0.420425 48000 60000
0.275570 51200 60000
0.216767 54400 60000
0.216065 57600 60000
Epoch 4
-------------------------------
0.274766     0 60000
0.456073  3200 60000
0.381144  6400 60000
0.389901  9600 60000
0.381900 12800 60000
0.346075 16000 60000
0.708715 19200 60000
0.628565 22400 60000
0.361266 25600 60000
0.235962 28800 60000
0.284670 32000 60000
0.310742 35200 60000
0.234003 38400 60000
0.256819 41600 60000
0.333960 44800 60000
0.399867 48000 60000
0.324919 51200 60000
0.458949 54400 60000
0.490261 57600 60000
Epoch 5
-------------------------------
0.136612     0 60000
0.521570  3200 60000
0.258815  6400 60000
0.193634  9600 60000
0.126996 12800 60000
0.686761 16000 60000
0.201914 19200 60000
0.358962 22400 60000
0.364982 25600 60000
0.306559 28800 60000
0.331199 32000 60000
0.283168 35200 60000
0.285996 38400 60000
0.440111 41600 60000
0.198335 44800 60000
0.171529 48000 60000
0.215195 51200 60000
0.337508 54400 60000
0.286066 57600 60000
Epoch 6
-------------------------------
0.244091     0 60000
0.196194  3200 60000
0.199453  6400 60000
0.272244  9600 60000
0.316681 12800 60000
0.137557 16000 60000
0.080463 19200 60000
0.314216 22400 60000
0.567453 25600 60000
0.404007 28800 60000
0.306407 32000 60000
0.097111 35200 60000
0.336625 38400 60000
0.455616 41600 60000
0.184801 44800 60000
0.508069 48000 60000
0.281853 51200 60000
0.523694 54400 60000
0.375157 57600 60000
Epoch 7
-------------------------------
0.154203     0 60000
0.325968  3200 60000
0.315861  6400 60000
0.382741  9600 60000
0.200804 12800 60000
0.390889 16000 60000
0.454068 19200 60000
0.250479 22400 60000
0.385848 25600 60000
0.210267 28800 60000
0.151281 32000 60000
0.292373 35200 60000
0.233406 38400 60000
0.260965 41600 60000
0.286285 44800 60000
0.235048 48000 60000
0.227942 51200 60000
0.091454 54400 60000
0.388629 57600 60000
Epoch 8
-------------------------------
0.304044     0 60000
0.340099  3200 60000
0.174938  6400 60000
0.424396  9600 60000
0.500961 12800 60000
0.247987 16000 60000
0.113477 19200 60000
0.257635 22400 60000
0.188862 25600 60000
0.303125 28800 60000
0.451743 32000 60000
0.440854 35200 60000
0.302632 38400 60000
0.388118 41600 60000
0.225889 44800 60000
0.451182 48000 60000
0.338354 51200 60000
0.248027 54400 60000
0.162887 57600 60000
Epoch 9
-------------------------------
0.180538     0 60000
0.292015  3200 60000
0.374243  6400 60000
0.528954  9600 60000
0.188525 12800 60000
0.217455 16000 60000
0.187483 19200 60000
0.353192 22400 60000
0.236282 25600 60000
0.297306 28800 60000
0.177154 32000 60000
0.115463 35200 60000
0.233200 38400 60000
0.265185 41600 60000
0.280569 44800 60000
0.207599 48000 60000
0.210582 51200 60000
0.234561 54400 60000
0.262376 57600 60000
Epoch 10
-------------------------------
0.068937     0 60000
0.198361  3200 60000
0.160339  6400 60000
0.177891  9600 60000
0.152446 12800 60000
0.300691 16000 60000
0.213990 19200 60000
0.152223 22400 60000
0.200071 25600 60000
0.481580 28800 60000
0.402228 32000 60000
0.288932 35200 60000
0.144785 38400 60000
0.213298 41600 60000
0.389865 44800 60000
0.367655 48000 60000
0.248963 51200 60000
0.252653 54400 60000
0.280586 57600 60000
Epoch 11
-------------------------------
0.163376     0 60000
0.113138  3200 60000
0.477979  6400 60000
0.183315  9600 60000
0.291354 12800 60000
0.065193 16000 60000
0.695674 19200 60000
0.395174 22400 60000
0.277597 25600 60000
0.300539 28800 60000
0.368153 32000 60000
0.417452 35200 60000
0.287976 38400 60000
0.274044 41600 60000
0.258572 44800 60000
0.218772 48000 60000
0.208091 51200 60000
0.132569 54400 60000
0.240099 57600 60000
Epoch 12
-------------------------------
0.176868     0 60000
0.144444  3200 60000
0.102914  6400 60000
0.156135  9600 60000
0.190954 12800 60000
0.065885 16000 60000
0.397592 19200 60000
0.362501 22400 60000
0.284946 25600 60000
0.264346 28800 60000
0.129557 32000 60000
0.410862 35200 60000
0.441151 38400 60000
0.113279 41600 60000
0.211483 44800 60000
0.356120 48000 60000
0.203020 51200 60000
0.316678 54400 60000
0.141339 57600 60000
