Epoch 1
-------------------------------
2.307586     0 60000
0.954360  3200 60000
0.653226  6400 60000
0.651713  9600 60000
0.824598 12800 60000
0.281364 16000 60000
0.595706 19200 60000
0.358317 22400 60000
0.428058 25600 60000
0.329558 28800 60000
0.403950 32000 60000
0.683204 35200 60000
0.570114 38400 60000
0.632218 41600 60000
0.525482 44800 60000
0.620451 48000 60000
0.342818 51200 60000
0.427352 54400 60000
0.347369 57600 60000
Epoch 2
-------------------------------
0.475096     0 60000
0.549543  3200 60000
0.462959  6400 60000
0.520631  9600 60000
0.540173 12800 60000
0.262639 16000 60000
0.340812 19200 60000
0.350026 22400 60000
0.457550 25600 60000
0.528103 28800 60000
0.077391 32000 60000
0.463731 35200 60000
0.525878 38400 60000
0.410665 41600 60000
0.266237 44800 60000
0.601765 48000 60000
0.266506 51200 60000
0.130729 54400 60000
0.384342 57600 60000
Epoch 3
-------------------------------
0.352147     0 60000
0.448081  3200 60000
0.234353  6400 60000
0.426592  9600 60000
0.427470 12800 60000
0.350640 16000 60000
0.288350 19200 60000
0.239813 22400 60000
0.414889 25600 60000
0.543809 28800 60000
0.302367 32000 60000
0.278635 35200 60000
0.497852 38400 60000
0.318682 41600 60000
0.288394 44800 60000
0.220954 48000 60000
0.470843 51200 60000
0.469088 54400 60000
0.364594 57600 60000
Epoch 4
-------------------------------
0.254407     0 60000
0.311408  3200 60000
0.468482  6400 60000
0.439200  9600 60000
0.390898 12800 60000
0.265623 16000 60000
0.388801 19200 60000
0.236850 22400 60000
0.700857 25600 60000
0.218255 28800 60000
0.394524 32000 60000
0.543198 35200 60000
0.252767 38400 60000
0.331807 41600 60000
0.479618 44800 60000
0.298354 48000 60000
0.426900 51200 60000
0.214628 54400 60000
0.280287 57600 60000
Epoch 5
-------------------------------
0.240731     0 60000
0.349621  3200 60000
0.501047  6400 60000
0.538275  9600 60000
0.408476 12800 60000
0.271666 16000 60000
0.147055 19200 60000
0.551579 22400 60000
0.159713 25600 60000
0.474018 28800 60000
0.219320 32000 60000
0.213956 35200 60000
0.368660 38400 60000
0.406013 41600 60000
0.296469 44800 60000
0.129830 48000 60000
0.207092 51200 60000
0.111007 54400 60000
0.252739 57600 60000
Epoch 6
-------------------------------
0.352996     0 60000
0.253986  3200 60000
0.343171  6400 60000
0.246791  9600 60000
0.226498 12800 60000
0.226506 16000 60000
0.311058 19200 60000
0.305151 22400 60000
0.562469 25600 60000
0.176704 28800 60000
0.257410 32000 60000
0.445222 35200 60000
0.393398 38400 60000
0.616144 41600 60000
0.329257 44800 60000
0.348078 48000 60000
0.296706 51200 60000
0.163968 54400 60000
0.341663 57600 60000
Epoch 7
-------------------------------
0.146229     0 60000
0.121718  3200 60000
0.372283  6400 60000
0.431123  9600 60000
0.222159 12800 60000
0.350524 16000 60000
0.284324 19200 60000
0.226321 22400 60000
0.267407 25600 60000
0.149986 28800 60000
0.370795 32000 60000
0.108450 35200 60000
0.417988 38400 60000
0.415756 41600 60000
0.351036 44800 60000
0.311518 48000 60000
0.390366 51200 60000
0.423503 54400 60000
0.319541 57600 60000
Epoch 8
-------------------------------
0.321126     0 60000
0.425232  3200 60000
0.385895  6400 60000
0.335314  9600 60000
0.224975 12800 60000
0.195661 16000 60000
0.155996 19200 60000
0.368523 22400 60000
0.323460 25600 60000
0.131069 28800 60000
0.344636 32000 60000
0.106369 35200 60000
0.282234 38400 60000
0.181127 41600 60000
0.039833 44800 60000
0.603297 48000 60000
0.254096 51200 60000
0.249220 54400 60000
0.095138 57600 60000
Epoch 9
-------------------------------
0.175650     0 60000
0.182274  3200 60000
0.305205  6400 60000
0.269114  9600 60000
0.123001 12800 60000
0.365944 16000 60000
0.361076 19200 60000
0.306948 22400 60000
0.234478 25600 60000
0.238795 28800 60000
0.427201 32000 60000
0.249936 35200 60000
0.114203 38400 60000
0.364141 41600 60000
0.102106 44800 60000
0.282147 48000 60000
0.118430 51200 60000
0.159521 54400 60000
0.331449 57600 60000
Epoch 10
-------------------------------
0.221921     0 60000
0.172284  3200 60000
0.355412  6400 60000
0.373570  9600 60000
0.234160 12800 60000
0.290492 16000 60000
0.098477 19200 60000
0.195392 22400 60000
0.351714 25600 60000
0.148065 28800 60000
0.211670 32000 60000
0.208788 35200 60000
0.222474 38400 60000
0.185857 41600 60000
0.229136 44800 60000
0.133447 48000 60000
0.131173 51200 60000
0.184177 54400 60000
0.145603 57600 60000
Epoch 11
-------------------------------
0.174791     0 60000
0.200167  3200 60000
0.381048  6400 60000
0.085181  9600 60000
0.117063 12800 60000
0.277957 16000 60000
0.318462 19200 60000
0.236487 22400 60000
0.211696 25600 60000
0.245618 28800 60000
0.303399 32000 60000
0.233282 35200 60000
0.288889 38400 60000
0.148223 41600 60000
0.141769 44800 60000
0.095611 48000 60000
0.113690 51200 60000
0.203111 54400 60000
0.165464 57600 60000
Epoch 12
-------------------------------
0.224947     0 60000
0.211614  3200 60000
0.249372  6400 60000
0.198819  9600 60000
0.167453 12800 60000
0.280158 16000 60000
0.192699 19200 60000
0.195099 22400 60000
0.238808 25600 60000
0.257789 28800 60000
0.229692 32000 60000
0.200199 35200 60000
0.311753 38400 60000
0.253360 41600 60000
0.186710 44800 60000
0.172847 48000 60000
0.137490 51200 60000
0.269511 54400 60000
0.176174 57600 60000
