Epoch 1
-------------------------------
0.173214     0 60000
0.219592  3200 60000
0.263447  6400 60000
0.411131  9600 60000
0.251756 12800 60000
0.233571 16000 60000
0.410979 19200 60000
0.345127 22400 60000
0.270570 25600 60000
0.318634 28800 60000
0.388634 32000 60000
0.275154 35200 60000
0.431486 38400 60000
0.183749 41600 60000
0.776432 44800 60000
0.505318 48000 60000
0.192263 51200 60000
0.164565 54400 60000
0.303607 57600 60000
Epoch 2
-------------------------------
0.243935     0 60000
0.393008  3200 60000
0.427209  6400 60000
0.354627  9600 60000
0.239293 12800 60000
0.319743 16000 60000
0.280729 19200 60000
0.561718 22400 60000
0.307342 25600 60000
0.589885 28800 60000
0.174745 32000 60000
0.374019 35200 60000
0.261902 38400 60000
0.284832 41600 60000
0.123137 44800 60000
0.473108 48000 60000
0.395641 51200 60000
0.185789 54400 60000
0.278908 57600 60000
Epoch 3
-------------------------------
0.385331     0 60000
0.184314  3200 60000
0.323445  6400 60000
0.336510  9600 60000
0.239744 12800 60000
0.342546 16000 60000
0.386171 19200 60000
0.269430 22400 60000
0.508793 25600 60000
0.235737 28800 60000
0.212725 32000 60000
0.507121 35200 60000
0.442504 38400 60000
0.503829 41600 60000
0.146860 44800 60000
0.478192 48000 60000
0.287120 51200 60000
0.215361 54400 60000
0.228795 57600 60000
Epoch 4
-------------------------------
0.447600     0 60000
0.222208  3200 60000
0.331784  6400 60000
0.215051  9600 60000
0.500961 12800 60000
0.277092 16000 60000
0.177752 19200 60000
0.304100 22400 60000
0.381611 25600 60000
0.280928 28800 60000
0.114373 32000 60000
0.252970 35200 60000
0.230700 38400 60000
0.216476 41600 60000
0.120183 44800 60000
0.292173 48000 60000
0.508157 51200 60000
0.177707 54400 60000
0.330332 57600 60000
Epoch 5
-------------------------------
0.102251     0 60000
0.176580  3200 60000
0.377586  6400 60000
0.161846  9600 60000
0.396367 12800 60000
0.280215 16000 60000
0.325392 19200 60000
0.185281 22400 60000
0.454214 25600 60000
0.151140 28800 60000
0.264466 32000 60000
0.261020 35200 60000
0.220224 38400 60000
0.355692 41600 60000
0.121588 44800 60000
0.352559 48000 60000
0.150244 51200 60000
0.256130 54400 60000
0.273724 57600 60000
Epoch 6
-------------------------------
0.410981     0 60000
0.300605  3200 60000
0.153673  6400 60000
0.545640  9600 60000
0.443374 12800 60000
0.121207 16000 60000
0.460428 19200 60000
0.421599 22400 60000
0.166747 25600 60000
0.237523 28800 60000
0.254244 32000 60000
0.133850 35200 60000
0.177658 38400 60000
0.156859 41600 60000
0.331009 44800 60000
0.178303 48000 60000
0.263715 51200 60000
0.361392 54400 60000
0.234821 57600 60000
Epoch 7
-------------------------------
0.125277     0 60000
0.110981  3200 60000
0.057984  6400 60000
0.429270  9600 60000
0.118163 12800 60000
0.145506 16000 60000
0.085647 19200 60000
0.205029 22400 60000
0.233776 25600 60000
0.141388 28800 60000
0.191173 32000 60000
0.150327 35200 60000
0.212360 38400 60000
0.283253 41600 60000
0.142816 44800 60000
0.124405 48000 60000
0.240135 51200 60000
0.111245 54400 60000
0.167650 57600 60000
Epoch 8
-------------------------------
0.128424     0 60000
0.264470  3200 60000
0.205679  6400 60000
0.126451  9600 60000
0.228575 12800 60000
0.249549 16000 60000
0.208120 19200 60000
0.316789 22400 60000
0.151844 25600 60000
0.181740 28800 60000
0.319086 32000 60000
0.226881 35200 60000
0.127393 38400 60000
0.447450 41600 60000
0.268469 44800 60000
0.074062 48000 60000
0.245566 51200 60000
0.182867 54400 60000
0.393295 57600 60000
Epoch 9
-------------------------------
0.284546     0 60000
0.146890  3200 60000
0.249203  6400 60000
0.156759  9600 60000
0.271533 12800 60000
0.175923 16000 60000
0.484310 19200 60000
0.056651 22400 60000
0.234703 25600 60000
0.071808 28800 60000
0.196972 32000 60000
0.271057 35200 60000
0.233194 38400 60000
0.150996 41600 60000
0.227914 44800 60000
0.321046 48000 60000
0.335401 51200 60000
0.296970 54400 60000
0.072699 57600 60000
Epoch 10
-------------------------------
0.170280     0 60000
0.230344  3200 60000
0.267964  6400 60000
0.525648  9600 60000
0.331141 12800 60000
0.117103 16000 60000
0.155500 19200 60000
0.129965 22400 60000
0.391767 25600 60000
0.146706 28800 60000
0.299051 32000 60000
0.174888 35200 60000
0.228845 38400 60000
0.244442 41600 60000
0.196518 44800 60000
0.146233 48000 60000
0.246270 51200 60000
0.569574 54400 60000
0.218791 57600 60000
Epoch 11
-------------------------------
0.182618     0 60000
0.091962  3200 60000
0.315566  6400 60000
0.040136  9600 60000
0.110717 12800 60000
0.136291 16000 60000
0.123905 19200 60000
0.334828 22400 60000
0.098875 25600 60000
0.142398 28800 60000
0.090307 32000 60000
0.188210 35200 60000
0.279608 38400 60000
0.439193 41600 60000
0.251016 44800 60000
0.067061 48000 60000
0.248402 51200 60000
0.156312 54400 60000
0.072987 57600 60000
Epoch 12
-------------------------------
0.360394     0 60000
0.334982  3200 60000
0.171973  6400 60000
0.134159  9600 60000
0.182775 12800 60000
0.225546 16000 60000
0.158365 19200 60000
0.330918 22400 60000
0.168366 25600 60000
0.160902 28800 60000
0.213657 32000 60000
0.029574 35200 60000
0.179048 38400 60000
0.280123 41600 60000
0.350403 44800 60000
0.099278 48000 60000
0.057768 51200 60000
0.328332 54400 60000
0.206441 57600 60000
