Epoch 1
-------------------------------
2.296636     0 60000
1.288443  3200 60000
1.119885  6400 60000
0.624074  9600 60000
0.813769 12800 60000
0.629699 16000 60000
0.681159 19200 60000
0.715217 22400 60000
0.517066 25600 60000
0.742471 28800 60000
0.453156 32000 60000
0.372463 35200 60000
0.444731 38400 60000
0.390360 41600 60000
0.621475 44800 60000
0.576912 48000 60000
0.594464 51200 60000
0.675137 54400 60000
0.269498 57600 60000
Epoch 2
-------------------------------
0.330244     0 60000
0.352493  3200 60000
0.451054  6400 60000
0.485675  9600 60000
0.751350 12800 60000
0.550384 16000 60000
0.512126 19200 60000
0.328493 22400 60000
0.600318 25600 60000
0.483391 28800 60000
0.753339 32000 60000
0.300650 35200 60000
0.545376 38400 60000
0.316269 41600 60000
0.404977 44800 60000
0.594460 48000 60000
0.455319 51200 60000
0.778636 54400 60000
0.626525 57600 60000
Epoch 3
-------------------------------
0.492879     0 60000
0.284563  3200 60000
0.389103  6400 60000
0.676742  9600 60000
0.459809 12800 60000
0.378872 16000 60000
0.314783 19200 60000
0.436347 22400 60000
0.327361 25600 60000
0.373562 28800 60000
0.389280 32000 60000
0.554761 35200 60000
0.427581 38400 60000
0.613160 41600 60000
0.530333 44800 60000
0.604814 48000 60000
0.372519 51200 60000
0.422921 54400 60000
0.183986 57600 60000
Epoch 4
-------------------------------
0.445394     0 60000
0.376071  3200 60000
0.376389  6400 60000
0.477740  9600 60000
0.417624 12800 60000
0.261626 16000 60000
0.400368 19200 60000
0.494528 22400 60000
0.582880 25600 60000
0.273044 28800 60000
0.472176 32000 60000
0.520659 35200 60000
0.521488 38400 60000
0.432999 41600 60000
0.525790 44800 60000
0.453719 48000 60000
0.390539 51200 60000
0.396369 54400 60000
0.348469 57600 60000
Epoch 5
-------------------------------
0.439060     0 60000
0.281442  3200 60000
0.294354  6400 60000
0.449917  9600 60000
0.599619 12800 60000
0.253694 16000 60000
0.259178 19200 60000
0.465746 22400 60000
0.501416 25600 60000
0.558052 28800 60000
0.245534 32000 60000
0.364029 35200 60000
0.390750 38400 60000
0.512885 41600 60000
0.453715 44800 60000
0.284811 48000 60000
0.303412 51200 60000
0.202536 54400 60000
0.682490 57600 60000
Epoch 6
-------------------------------
0.273698     0 60000
0.418322  3200 60000
0.240809  6400 60000
0.216727  9600 60000
0.221190 12800 60000
0.275872 16000 60000
0.273816 19200 60000
0.371850 22400 60000
0.305870 25600 60000
0.504694 28800 60000
0.170958 32000 60000
0.391708 35200 60000
0.214203 38400 60000
0.331169 41600 60000
0.546637 44800 60000
0.719153 48000 60000
0.450237 51200 60000
0.483805 54400 60000
0.433892 57600 60000
Epoch 7
-------------------------------
0.331863     0 60000
0.561388  3200 60000
0.327940  6400 60000
0.417129  9600 60000
0.368071 12800 60000
0.441923 16000 60000
0.245180 19200 60000
0.313593 22400 60000
0.283418 25600 60000
0.624253 28800 60000
0.319628 32000 60000
0.843323 35200 60000
0.360848 38400 60000
0.311415 41600 60000
0.220575 44800 60000
0.322591 48000 60000
0.183940 51200 60000
0.230037 54400 60000
0.416358 57600 60000
Epoch 8
-------------------------------
0.490112     0 60000
0.358411  3200 60000
0.549136  6400 60000
0.361038  9600 60000
0.276804 12800 60000
0.274157 16000 60000
0.187105 19200 60000
0.622753 22400 60000
0.449513 25600 60000
0.366666 28800 60000
0.395041 32000 60000
0.166108 35200 60000
0.601496 38400 60000
0.361291 41600 60000
0.277290 44800 60000
0.493668 48000 60000
0.371759 51200 60000
0.434224 54400 60000
0.268077 57600 60000
Epoch 9
-------------------------------
0.410802     0 60000
0.597050  3200 60000
0.411345  6400 60000
0.230374  9600 60000
0.349917 12800 60000
0.503922 16000 60000
0.194034 19200 60000
0.233095 22400 60000
0.303657 25600 60000
0.234727 28800 60000
0.672624 32000 60000
0.296673 35200 60000
0.396954 38400 60000
0.330554 41600 60000
0.209946 44800 60000
0.307689 48000 60000
0.428206 51200 60000
0.443749 54400 60000
0.369553 57600 60000
Epoch 10
-------------------------------
0.269550     0 60000
0.335905  3200 60000
0.277455  6400 60000
0.487687  9600 60000
0.316561 12800 60000
0.348764 16000 60000
0.228452 19200 60000
0.135133 22400 60000
0.574923 25600 60000
0.277943 28800 60000
0.298419 32000 60000
0.361532 35200 60000
0.320844 38400 60000
0.637506 41600 60000
0.237980 44800 60000
0.428547 48000 60000
0.373582 51200 60000
0.421759 54400 60000
0.344579 57600 60000
Epoch 11
-------------------------------
0.303356     0 60000
0.374904  3200 60000
0.197053  6400 60000
0.310774  9600 60000
0.316703 12800 60000
0.203868 16000 60000
0.286636 19200 60000
0.228018 22400 60000
0.527654 25600 60000
0.344794 28800 60000
0.332759 32000 60000
0.265041 35200 60000
0.190538 38400 60000
0.473346 41600 60000
0.653163 44800 60000
0.181027 48000 60000
0.270975 51200 60000
0.141968 54400 60000
0.208389 57600 60000
Epoch 12
-------------------------------
0.296758     0 60000
0.315975  3200 60000
0.357082  6400 60000
0.248938  9600 60000
0.174188 12800 60000
0.290985 16000 60000
0.250022 19200 60000
0.164041 22400 60000
0.306073 25600 60000
0.505795 28800 60000
0.297410 32000 60000
0.328659 35200 60000
0.231864 38400 60000
0.226947 41600 60000
0.315135 44800 60000
0.282376 48000 60000
0.485422 51200 60000
0.313549 54400 60000
0.252883 57600 60000
