Epoch 1
-------------------------------
2.326475     0 60000
1.166820  3200 60000
1.027710  6400 60000
0.858673  9600 60000
0.737221 12800 60000
0.704333 16000 60000
0.795628 19200 60000
0.552493 22400 60000
0.819875 25600 60000
0.645139 28800 60000
0.346386 32000 60000
0.475848 35200 60000
0.646850 38400 60000
0.435120 41600 60000
0.574284 44800 60000
0.394920 48000 60000
0.436748 51200 60000
0.609517 54400 60000
0.493963 57600 60000
Epoch 2
-------------------------------
0.447406     0 60000
0.904589  3200 60000
0.603231  6400 60000
0.625342  9600 60000
0.682969 12800 60000
0.383598 16000 60000
0.433439 19200 60000
0.424310 22400 60000
0.785643 25600 60000
0.524158 28800 60000
0.390072 32000 60000
0.330509 35200 60000
0.523000 38400 60000
0.223775 41600 60000
0.307301 44800 60000
0.471948 48000 60000
0.204693 51200 60000
0.434037 54400 60000
0.721496 57600 60000
Epoch 3
-------------------------------
0.442604     0 60000
0.678261  3200 60000
0.340119  6400 60000
0.511728  9600 60000
0.301792 12800 60000
0.429011 16000 60000
0.316511 19200 60000
0.524199 22400 60000
0.349506 25600 60000
0.378279 28800 60000
0.347774 32000 60000
0.340631 35200 60000
0.270701 38400 60000
0.320303 41600 60000
0.365152 44800 60000
0.509432 48000 60000
0.292141 51200 60000
0.521331 54400 60000
0.195589 57600 60000
Epoch 4
-------------------------------
0.542616     0 60000
0.415282  3200 60000
0.473983  6400 60000
0.302512  9600 60000
0.553441 12800 60000
0.466855 16000 60000
0.450897 19200 60000
0.422289 22400 60000
0.167152 25600 60000
0.479640 28800 60000
0.427291 32000 60000
0.410137 35200 60000
0.737065 38400 60000
0.523174 41600 60000
0.304854 44800 60000
0.569596 48000 60000
0.268728 51200 60000
0.490126 54400 60000
0.382461 57600 60000
Epoch 5
-------------------------------
0.370252     0 60000
0.551626  3200 60000
0.501870  6400 60000
0.237571  9600 60000
0.566922 12800 60000
0.498029 16000 60000
0.135521 19200 60000
0.391357 22400 60000
0.326476 25600 60000
0.220198 28800 60000
0.318038 32000 60000
0.212939 35200 60000
0.964757 38400 60000
0.229960 41600 60000
0.344570 44800 60000
0.748409 48000 60000
0.295009 51200 60000
0.482714 54400 60000
0.407417 57600 60000
Epoch 6
-------------------------------
0.282069     0 60000
0.398544  3200 60000
0.249845  6400 60000
0.423105  9600 60000
0.423096 12800 60000
0.344242 16000 60000
0.444722 19200 60000
0.428091 22400 60000
0.267267 25600 60000
0.283248 28800 60000
0.538711 32000 60000
0.351215 35200 60000
0.198762 38400 60000
0.293209 41600 60000
0.296148 44800 60000
0.550734 48000 60000
0.544609 51200 60000
0.559847 54400 60000
0.319267 57600 60000
Epoch 7
-------------------------------
0.340091     0 60000
0.260496  3200 60000
0.314328  6400 60000
0.391111  9600 60000
0.179526 12800 60000
0.561077 16000 60000
0.483308 19200 60000
0.442612 22400 60000
0.295274 25600 60000
0.276481 28800 60000
0.302990 32000 60000
0.225008 35200 60000
0.338047 38400 60000
0.287389 41600 60000
0.380324 44800 60000
0.574553 48000 60000
0.244312 51200 60000
0.230655 54400 60000
0.261161 57600 60000
Epoch 8
-------------------------------
0.238583     0 60000
0.248020  3200 60000
0.170021  6400 60000
0.299154  9600 60000
0.358872 12800 60000
0.258321 16000 60000
0.630779 19200 60000
0.352452 22400 60000
0.460727 25600 60000
0.260154 28800 60000
0.168835 32000 60000
0.225893 35200 60000
0.118996 38400 60000
0.254552 41600 60000
0.336642 44800 60000
0.303806 48000 60000
0.303244 51200 60000
0.381521 54400 60000
0.305515 57600 60000
Epoch 9
-------------------------------
0.434745     0 60000
0.155600  3200 60000
0.235670  6400 60000
0.132252  9600 60000
0.433081 12800 60000
0.318995 16000 60000
0.290952 19200 60000
0.172279 22400 60000
0.467505 25600 60000
0.580867 28800 60000
0.249186 32000 60000
0.131461 35200 60000
0.486536 38400 60000
0.297602 41600 60000
0.300578 44800 60000
0.382641 48000 60000
0.340027 51200 60000
0.434298 54400 60000
0.128518 57600 60000
Epoch 10
-------------------------------
0.530850     0 60000
0.270335  3200 60000
0.133345  6400 60000
0.453655  9600 60000
0.455349 12800 60000
0.170019 16000 60000
0.181538 19200 60000
0.484252 22400 60000
0.323302 25600 60000
0.181178 28800 60000
0.227347 32000 60000
0.319280 35200 60000
0.310948 38400 60000
0.315785 41600 60000
0.448911 44800 60000
0.304890 48000 60000
0.179851 51200 60000
0.220188 54400 60000
0.355662 57600 60000
Epoch 11
-------------------------------
0.330024     0 60000
0.244689  3200 60000
0.620790  6400 60000
0.410491  9600 60000
0.154994 12800 60000
0.454427 16000 60000
0.239955 19200 60000
0.198164 22400 60000
0.509748 25600 60000
0.280153 28800 60000
0.407748 32000 60000
0.557655 35200 60000
0.205255 38400 60000
0.265546 41600 60000
0.257517 44800 60000
0.595487 48000 60000
0.093217 51200 60000
0.222869 54400 60000
0.315840 57600 60000
Epoch 12
-------------------------------
0.329701     0 60000
0.397093  3200 60000
0.406217  6400 60000
0.216887  9600 60000
0.229359 12800 60000
0.327212 16000 60000
0.242239 19200 60000
0.312774 22400 60000
0.196803 25600 60000
0.355914 28800 60000
0.289193 32000 60000
0.392205 35200 60000
0.382772 38400 60000
0.499497 41600 60000
0.315421 44800 60000
0.218599 48000 60000
0.570372 51200 60000
0.392211 54400 60000
0.326497 57600 60000
