Epoch 1
-------------------------------
2.303264     0 60000
1.168222  3200 60000
1.069365  6400 60000
0.741211  9600 60000
0.648264 12800 60000
0.659759 16000 60000
0.667139 19200 60000
0.635264 22400 60000
0.480965 25600 60000
0.398152 28800 60000
0.674019 32000 60000
0.427766 35200 60000
0.473952 38400 60000
0.423079 41600 60000
0.437991 44800 60000
0.347232 48000 60000
0.686387 51200 60000
0.685140 54400 60000
0.569926 57600 60000
Epoch 2
-------------------------------
0.511121     0 60000
0.630740  3200 60000
0.319692  6400 60000
0.533020  9600 60000
0.354185 12800 60000
0.405281 16000 60000
0.344771 19200 60000
0.295964 22400 60000
0.548118 25600 60000
0.175363 28800 60000
0.199862 32000 60000
0.658397 35200 60000
0.320721 38400 60000
0.713521 41600 60000
0.590238 44800 60000
0.347095 48000 60000
0.566954 51200 60000
0.763349 54400 60000
0.133358 57600 60000
Epoch 3
-------------------------------
0.388213     0 60000
0.137351  3200 60000
0.507901  6400 60000
0.313897  9600 60000
0.355071 12800 60000
0.481404 16000 60000
0.382900 19200 60000
0.903304 22400 60000
0.411356 25600 60000
0.457093 28800 60000
0.379510 32000 60000
0.441211 35200 60000
0.280479 38400 60000
0.505689 41600 60000
0.308390 44800 60000
0.328677 48000 60000
0.280940 51200 60000
0.405287 54400 60000
0.687594 57600 60000
Epoch 4
-------------------------------
0.491766     0 60000
0.348476  3200 60000
0.449344  6400 60000
0.907009  9600 60000
0.303789 12800 60000
0.274488 16000 60000
0.328955 19200 60000
0.378443 22400 60000
0.313858 25600 60000
0.379483 28800 60000
0.369807 32000 60000
0.453032 35200 60000
0.476565 38400 60000
0.289528 41600 60000
0.512871 44800 60000
0.369218 48000 60000
0.293339 51200 60000
0.173549 54400 60000
0.301838 57600 60000
Epoch 5
-------------------------------
0.332929     0 60000
0.310058  3200 60000
0.149563  6400 60000
0.219578  9600 60000
0.273358 12800 60000
0.343433 16000 60000
0.318762 19200 60000
0.367804 22400 60000
0.162327 25600 60000
0.188782 28800 60000
0.315184 32000 60000
0.451265 35200 60000
0.488339 38400 60000
0.509040 41600 60000
0.216548 44800 60000
0.385074 48000 60000
0.346313 51200 60000
0.437073 54400 60000
0.295812 57600 60000
Epoch 6
-------------------------------
0.200585     0 60000
0.406960  3200 60000
0.365392  6400 60000
0.540570  9600 60000
0.486448 12800 60000
0.296370 16000 60000
0.489900 19200 60000
0.305015 22400 60000
0.186848 25600 60000
0.264945 28800 60000
0.190633 32000 60000
0.590162 35200 60000
0.160886 38400 60000
0.206838 41600 60000
0.312110 44800 60000
0.536266 48000 60000
0.213035 51200 60000
0.303921 54400 60000
0.252797 57600 60000
Epoch 7
-------------------------------
0.265177     0 60000
0.210149  3200 60000
0.249385  6400 60000
0.265561  9600 60000
0.328107 12800 60000
0.274880 16000 60000
0.453258 19200 60000
0.393920 22400 60000
0.485752 25600 60000
0.176446 28800 60000
0.453519 32000 60000
0.461989 35200 60000
0.731954 38400 60000
0.162876 41600 60000
0.287982 44800 60000
0.348540 48000 60000
0.382202 51200 60000
0.325961 54400 60000
0.301477 57600 60000
Epoch 8
-------------------------------
0.352441     0 60000
0.081216  3200 60000
0.416331  6400 60000
0.201805  9600 60000
0.151019 12800 60000
0.279052 16000 60000
0.157897 19200 60000
0.203581 22400 60000
0.227684 25600 60000
0.308048 28800 60000
0.276487 32000 60000
0.375334 35200 60000
0.386731 38400 60000
0.287519 41600 60000
0.389691 44800 60000
0.452562 48000 60000
0.156551 51200 60000
0.448440 54400 60000
0.162072 57600 60000
Epoch 9
-------------------------------
0.352807     0 60000
0.107965  3200 60000
0.222802  6400 60000
0.241995  9600 60000
0.254621 12800 60000
0.490926 16000 60000
0.280358 19200 60000
0.189432 22400 60000
0.191256 25600 60000
0.311855 28800 60000
0.341569 32000 60000
0.209962 35200 60000
0.343316 38400 60000
0.453507 41600 60000
0.219579 44800 60000
0.280377 48000 60000
0.355322 51200 60000
0.580815 54400 60000
0.349065 57600 60000
Epoch 10
-------------------------------
0.261111     0 60000
0.188528  3200 60000
0.369158  6400 60000
0.296593  9600 60000
0.232376 12800 60000
0.287498 16000 60000
0.264475 19200 60000
0.615252 22400 60000
0.506139 25600 60000
0.143568 28800 60000
0.461518 32000 60000
0.255008 35200 60000
0.329137 38400 60000
0.264211 41600 60000
0.462012 44800 60000
0.060529 48000 60000
0.105394 51200 60000
0.183916 54400 60000
0.219149 57600 60000
Epoch 11
-------------------------------
0.280358     0 60000
0.156216  3200 60000
0.198867  6400 60000
0.428789  9600 60000
0.117719 12800 60000
0.326308 16000 60000
0.370176 19200 60000
0.363407 22400 60000
0.383014 25600 60000
0.185012 28800 60000
0.207654 32000 60000
0.109791 35200 60000
0.187795 38400 60000
0.196027 41600 60000
0.217867 44800 60000
0.142217 48000 60000
0.161013 51200 60000
0.407440 54400 60000
0.149047 57600 60000
Epoch 12
-------------------------------
0.161410     0 60000
0.387685  3200 60000
0.175785  6400 60000
0.216840  9600 60000
0.207129 12800 60000
0.160196 16000 60000
0.116528 19200 60000
0.445616 22400 60000
0.357282 25600 60000
0.329379 28800 60000
0.339877 32000 60000
0.139701 35200 60000
0.130927 38400 60000
0.110244 41600 60000
0.323846 44800 60000
0.471248 48000 60000
0.271961 51200 60000
0.212099 54400 60000
0.361283 57600 60000
