Epoch 1
-------------------------------
0.385070     0 60000
0.417427  3200 60000
0.339360  6400 60000
0.303089  9600 60000
0.499563 12800 60000
0.464316 16000 60000
0.347405 19200 60000
0.165551 22400 60000
0.411111 25600 60000
0.381813 28800 60000
0.390322 32000 60000
0.350757 35200 60000
0.243464 38400 60000
0.271864 41600 60000
0.267068 44800 60000
0.413674 48000 60000
0.502280 51200 60000
0.313211 54400 60000
0.299715 57600 60000
Epoch 2
-------------------------------
0.316587     0 60000
0.374014  3200 60000
0.333805  6400 60000
0.333167  9600 60000
0.121334 12800 60000
0.270188 16000 60000
0.282446 19200 60000
0.346228 22400 60000
0.654287 25600 60000
0.414904 28800 60000
0.361758 32000 60000
0.340493 35200 60000
0.218649 38400 60000
0.274480 41600 60000
0.283049 44800 60000
0.416457 48000 60000
0.427669 51200 60000
0.202815 54400 60000
0.420444 57600 60000
Epoch 3
-------------------------------
0.196450     0 60000
0.353174  3200 60000
0.275771  6400 60000
0.259029  9600 60000
0.367493 12800 60000
0.147215 16000 60000
0.172206 19200 60000
0.231646 22400 60000
0.211063 25600 60000
0.767911 28800 60000
0.215617 32000 60000
0.225330 35200 60000
0.329414 38400 60000
0.113369 41600 60000
0.375653 44800 60000
0.252580 48000 60000
0.236801 51200 60000
0.250102 54400 60000
0.365592 57600 60000
Epoch 4
-------------------------------
0.261507     0 60000
0.119292  3200 60000
0.180652  6400 60000
0.370118  9600 60000
0.263588 12800 60000
0.236944 16000 60000
0.274719 19200 60000
0.142637 22400 60000
0.178302 25600 60000
0.300984 28800 60000
0.320951 32000 60000
0.315002 35200 60000
0.648275 38400 60000
0.240846 41600 60000
0.196248 44800 60000
0.313579 48000 60000
0.126932 51200 60000
0.403809 54400 60000
0.265602 57600 60000
Epoch 5
-------------------------------
0.238854     0 60000
0.417025  3200 60000
0.265668  6400 60000
0.353864  9600 60000
0.373293 12800 60000
0.155774 16000 60000
0.077407 19200 60000
0.429353 22400 60000
0.252784 25600 60000
0.275378 28800 60000
0.254927 32000 60000
0.467915 35200 60000
0.357278 38400 60000
0.451636 41600 60000
0.232861 44800 60000
0.514228 48000 60000
0.259130 51200 60000
0.206723 54400 60000
0.215502 57600 60000
Epoch 6
-------------------------------
0.156275     0 60000
0.153861  3200 60000
0.168978  6400 60000
0.059441  9600 60000
0.253121 12800 60000
0.100185 16000 60000
0.391236 19200 60000
0.376871 22400 60000
0.255859 25600 60000
0.144153 28800 60000
0.304064 32000 60000
0.173548 35200 60000
0.431349 38400 60000
0.321552 41600 60000
0.273657 44800 60000
0.379633 48000 60000
0.407909 51200 60000
0.467316 54400 60000
0.259427 57600 60000
Epoch 7
-------------------------------
0.191226     0 60000
0.292435  3200 60000
0.420630  6400 60000
0.101825  9600 60000
0.484669 12800 60000
0.206189 16000 60000
0.157172 19200 60000
0.264051 22400 60000
0.105584 25600 60000
0.232187 28800 60000
0.162295 32000 60000
0.339934 35200 60000
0.385143 38400 60000
0.208871 41600 60000
0.338336 44800 60000
0.338615 48000 60000
0.078485 51200 60000
0.341485 54400 60000
0.262494 57600 60000
Epoch 8
-------------------------------
0.202687     0 60000
0.245083  3200 60000
0.375370  6400 60000
0.145426  9600 60000
0.197928 12800 60000
0.391136 16000 60000
0.201937 19200 60000
0.256049 22400 60000
0.096575 25600 60000
0.418288 28800 60000
0.121084 32000 60000
0.212241 35200 60000
0.142117 38400 60000
0.250824 41600 60000
0.161402 44800 60000
0.096327 48000 60000
0.459670 51200 60000
0.351218 54400 60000
0.079610 57600 60000
Epoch 9
-------------------------------
0.167296     0 60000
0.436862  3200 60000
0.300032  6400 60000
0.330038  9600 60000
0.186139 12800 60000
0.234572 16000 60000
0.176255 19200 60000
0.157475 22400 60000
0.160038 25600 60000
0.216699 28800 60000
0.157695 32000 60000
0.222140 35200 60000
0.169069 38400 60000
0.187256 41600 60000
0.280297 44800 60000
0.308516 48000 60000
0.350476 51200 60000
0.277789 54400 60000
0.208499 57600 60000
Epoch 10
-------------------------------
0.111059     0 60000
0.264138  3200 60000
0.339345  6400 60000
0.250362  9600 60000
0.168871 12800 60000
0.311427 16000 60000
0.146833 19200 60000
0.298795 22400 60000
0.134255 25600 60000
0.150984 28800 60000
0.352093 32000 60000
0.089158 35200 60000
0.151000 38400 60000
0.141970 41600 60000
0.389017 44800 60000
0.387217 48000 60000
0.155587 51200 60000
0.144474 54400 60000
0.131468 57600 60000
Epoch 11
-------------------------------
0.100278     0 60000
0.269876  3200 60000
0.226927  6400 60000
0.101576  9600 60000
0.131261 12800 60000
0.067587 16000 60000
0.294456 19200 60000
0.178249 22400 60000
0.112035 25600 60000
0.233266 28800 60000
0.157873 32000 60000
0.072945 35200 60000
0.394223 38400 60000
0.198972 41600 60000
0.324706 44800 60000
0.198962 48000 60000
0.172247 51200 60000
0.188987 54400 60000
0.138857 57600 60000
Epoch 12
-------------------------------
0.058627     0 60000
0.074671  3200 60000
0.423118  6400 60000
0.313034  9600 60000
0.167112 12800 60000
0.152128 16000 60000
0.272580 19200 60000
0.163470 22400 60000
0.597144 25600 60000
0.225077 28800 60000
0.082437 32000 60000
0.134342 35200 60000
0.257234 38400 60000
0.174307 41600 60000
0.340105 44800 60000
0.305596 48000 60000
0.225417 51200 60000
0.241899 54400 60000
0.123529 57600 60000
