Epoch 1
-------------------------------
0.170018     0 60000
0.668126  3200 60000
0.349940  6400 60000
0.628397  9600 60000
0.415633 12800 60000
0.434196 16000 60000
0.309630 19200 60000
0.348430 22400 60000
0.701031 25600 60000
0.400871 28800 60000
0.270449 32000 60000
0.263333 35200 60000
0.194279 38400 60000
0.275374 41600 60000
0.355109 44800 60000
0.313186 48000 60000
0.737043 51200 60000
0.217905 54400 60000
0.442931 57600 60000
Epoch 2
-------------------------------
0.387944     0 60000
0.330232  3200 60000
0.631786  6400 60000
0.291592  9600 60000
0.356713 12800 60000
0.214657 16000 60000
0.189918 19200 60000
0.552821 22400 60000
0.349810 25600 60000
0.324757 28800 60000
0.253722 32000 60000
0.288810 35200 60000
0.158717 38400 60000
0.249925 41600 60000
0.234195 44800 60000
0.194763 48000 60000
0.479361 51200 60000
0.224543 54400 60000
0.377101 57600 60000
Epoch 3
-------------------------------
0.357119     0 60000
0.308474  3200 60000
0.213600  6400 60000
0.180193  9600 60000
0.270190 12800 60000
0.397374 16000 60000
0.170427 19200 60000
0.163232 22400 60000
0.373870 25600 60000
0.352376 28800 60000
0.247559 32000 60000
0.339047 35200 60000
0.368273 38400 60000
0.490864 41600 60000
0.121154 44800 60000
0.231147 48000 60000
0.312515 51200 60000
0.476809 54400 60000
0.124699 57600 60000
Epoch 4
-------------------------------
0.605738     0 60000
0.320605  3200 60000
0.283013  6400 60000
0.126716  9600 60000
0.300919 12800 60000
0.060832 16000 60000
0.371219 19200 60000
0.143960 22400 60000
0.156923 25600 60000
0.233157 28800 60000
0.307778 32000 60000
0.242638 35200 60000
0.405113 38400 60000
0.463820 41600 60000
0.129632 44800 60000
0.153356 48000 60000
0.335112 51200 60000
0.370857 54400 60000
0.232098 57600 60000
Epoch 5
-------------------------------
0.312657     0 60000
0.323117  3200 60000
0.536335  6400 60000
0.378056  9600 60000
0.165197 12800 60000
0.145639 16000 60000
0.371470 19200 60000
0.171203 22400 60000
0.267390 25600 60000
0.466686 28800 60000
0.250410 32000 60000
0.175512 35200 60000
0.416739 38400 60000
0.351702 41600 60000
0.262006 44800 60000
0.125721 48000 60000
0.278863 51200 60000
0.177230 54400 60000
0.169871 57600 60000
Epoch 6
-------------------------------
0.298847     0 60000
0.073616  3200 60000
0.363268  6400 60000
0.195242  9600 60000
0.197137 12800 60000
0.394532 16000 60000
0.233529 19200 60000
0.161515 22400 60000
0.202902 25600 60000
0.120477 28800 60000
0.416008 32000 60000
0.291412 35200 60000
0.146142 38400 60000
0.434361 41600 60000
0.153507 44800 60000
0.140770 48000 60000
0.221519 51200 60000
0.233140 54400 60000
0.143020 57600 60000
Epoch 7
-------------------------------
0.192300     0 60000
0.087255  3200 60000
0.134685  6400 60000
0.309814  9600 60000
0.129682 12800 60000
0.376751 16000 60000
0.244479 19200 60000
0.209588 22400 60000
0.119193 25600 60000
0.465596 28800 60000
0.377493 32000 60000
0.079336 35200 60000
0.416650 38400 60000
0.207052 41600 60000
0.216940 44800 60000
0.157268 48000 60000
0.216220 51200 60000
0.425360 54400 60000
0.113195 57600 60000
Epoch 8
-------------------------------
0.160991     0 60000
0.134775  3200 60000
0.279970  6400 60000
0.492708  9600 60000
0.125484 12800 60000
0.135979 16000 60000
0.378426 19200 60000
0.131358 22400 60000
0.177627 25600 60000
0.169601 28800 60000
0.234694 32000 60000
0.060011 35200 60000
0.346035 38400 60000
0.114187 41600 60000
0.326540 44800 60000
0.299849 48000 60000
0.180488 51200 60000
0.278931 54400 60000
0.210618 57600 60000
Epoch 9
-------------------------------
0.194883     0 60000
0.124894  3200 60000
0.339467  6400 60000
0.213750  9600 60000
0.240795 12800 60000
0.159195 16000 60000
0.222593 19200 60000
0.201224 22400 60000
0.114347 25600 60000
0.285891 28800 60000
0.139118 32000 60000
0.181437 35200 60000
0.244443 38400 60000
0.360837 41600 60000
0.218984 44800 60000
0.233185 48000 60000
0.159442 51200 60000
0.150348 54400 60000
0.054824 57600 60000
Epoch 10
-------------------------------
0.247606     0 60000
0.261827  3200 60000
0.237010  6400 60000
0.146312  9600 60000
0.186938 12800 60000
0.479827 16000 60000
0.070593 19200 60000
0.064898 22400 60000
0.121176 25600 60000
0.359808 28800 60000
0.212966 32000 60000
0.423231 35200 60000
0.110589 38400 60000
0.109598 41600 60000
0.364271 44800 60000
0.107730 48000 60000
0.241411 51200 60000
0.120220 54400 60000
0.134912 57600 60000
Epoch 11
-------------------------------
0.310409     0 60000
0.203361  3200 60000
0.198465  6400 60000
0.192036  9600 60000
0.368584 12800 60000
0.210240 16000 60000
0.426186 19200 60000
0.187588 22400 60000
0.139058 25600 60000
0.087365 28800 60000
0.228360 32000 60000
0.119666 35200 60000
0.191504 38400 60000
0.185407 41600 60000
0.183725 44800 60000
0.181016 48000 60000
0.325579 51200 60000
0.185746 54400 60000
0.159713 57600 60000
Epoch 12
-------------------------------
0.056589     0 60000
0.217503  3200 60000
0.109442  6400 60000
0.058337  9600 60000
0.100080 12800 60000
0.064811 16000 60000
0.174643 19200 60000
0.157990 22400 60000
0.255717 25600 60000
0.181970 28800 60000
0.282404 32000 60000
0.229421 35200 60000
0.152223 38400 60000
0.188844 41600 60000
0.156875 44800 60000
0.117520 48000 60000
0.297512 51200 60000
0.135053 54400 60000
0.284602 57600 60000
