Epoch 1
-------------------------------
0.085706     0 60000
0.484805  3200 60000
0.238755  6400 60000
0.307491  9600 60000
0.303101 12800 60000
0.777733 16000 60000
0.247293 19200 60000
0.724411 22400 60000
0.387481 25600 60000
0.574292 28800 60000
0.335115 32000 60000
0.169013 35200 60000
0.183716 38400 60000
0.841630 41600 60000
0.358808 44800 60000
0.503596 48000 60000
0.287915 51200 60000
0.257489 54400 60000
0.338790 57600 60000
Epoch 2
-------------------------------
0.430464     0 60000
0.288625  3200 60000
0.318724  6400 60000
0.508814  9600 60000
0.229742 12800 60000
0.338415 16000 60000
0.444353 19200 60000
0.257579 22400 60000
0.311083 25600 60000
0.388415 28800 60000
0.309556 32000 60000
0.378842 35200 60000
0.206025 38400 60000
0.113049 41600 60000
0.241614 44800 60000
0.264356 48000 60000
0.552929 51200 60000
0.349080 54400 60000
0.398269 57600 60000
Epoch 3
-------------------------------
0.510117     0 60000
0.417945  3200 60000
0.458246  6400 60000
0.605819  9600 60000
0.452493 12800 60000
0.207837 16000 60000
0.422021 19200 60000
0.176887 22400 60000
0.298680 25600 60000
0.273405 28800 60000
0.412590 32000 60000
0.231657 35200 60000
0.235616 38400 60000
0.326671 41600 60000
0.157696 44800 60000
0.467455 48000 60000
0.234297 51200 60000
0.253282 54400 60000
0.188426 57600 60000
Epoch 4
-------------------------------
0.578479     0 60000
0.319982  3200 60000
0.055870  6400 60000
0.408052  9600 60000
0.328689 12800 60000
0.373974 16000 60000
0.345951 19200 60000
0.165332 22400 60000
0.194511 25600 60000
0.112708 28800 60000
0.449250 32000 60000
0.349559 35200 60000
0.537571 38400 60000
0.288316 41600 60000
0.342239 44800 60000
0.331163 48000 60000
0.123407 51200 60000
0.164078 54400 60000
0.255374 57600 60000
Epoch 5
-------------------------------
0.092716     0 60000
0.391995  3200 60000
0.224804  6400 60000
0.477021  9600 60000
0.392946 12800 60000
0.127697 16000 60000
0.167486 19200 60000
0.161636 22400 60000
0.270639 25600 60000
0.432448 28800 60000
0.304915 32000 60000
0.172418 35200 60000
0.299070 38400 60000
0.217451 41600 60000
0.250948 44800 60000
0.155959 48000 60000
0.454656 51200 60000
0.239674 54400 60000
0.304435 57600 60000
Epoch 6
-------------------------------
0.238735     0 60000
0.201688  3200 60000
0.115226  6400 60000
0.623943  9600 60000
0.257950 12800 60000
0.183917 16000 60000
0.130352 19200 60000
0.271117 22400 60000
0.123201 25600 60000
0.211525 28800 60000
0.084880 32000 60000
0.287309 35200 60000
0.251084 38400 60000
0.182789 41600 60000
0.092999 44800 60000
0.208237 48000 60000
0.105359 51200 60000
0.272305 54400 60000
0.216271 57600 60000
Epoch 7
-------------------------------
0.156506     0 60000
0.186226  3200 60000
0.199696  6400 60000
0.120611  9600 60000
0.101228 12800 60000
0.366105 16000 60000
0.115597 19200 60000
0.193437 22400 60000
0.141239 25600 60000
0.257910 28800 60000
0.284418 32000 60000
0.418571 35200 60000
0.366836 38400 60000
0.301552 41600 60000
0.322124 44800 60000
0.094988 48000 60000
0.271900 51200 60000
0.181710 54400 60000
0.146393 57600 60000
Epoch 8
-------------------------------
0.271140     0 60000
0.086940  3200 60000
0.332501  6400 60000
0.169553  9600 60000
0.267141 12800 60000
0.203720 16000 60000
0.423780 19200 60000
0.154931 22400 60000
0.166686 25600 60000
0.089945 28800 60000
0.113616 32000 60000
0.073494 35200 60000
0.163033 38400 60000
0.146362 41600 60000
0.455599 44800 60000
0.321543 48000 60000
0.279958 51200 60000
0.164907 54400 60000
0.132022 57600 60000
Epoch 9
-------------------------------
0.153467     0 60000
0.148359  3200 60000
0.286030  6400 60000
0.140303  9600 60000
0.193138 12800 60000
0.167247 16000 60000
0.271380 19200 60000
0.144674 22400 60000
0.216388 25600 60000
0.080213 28800 60000
0.338128 32000 60000
0.391151 35200 60000
0.134146 38400 60000
0.132912 41600 60000
0.202918 44800 60000
0.093775 48000 60000
0.079458 51200 60000
0.280942 54400 60000
0.197984 57600 60000
Epoch 10
-------------------------------
0.241162     0 60000
0.077245  3200 60000
0.291588  6400 60000
0.164647  9600 60000
0.258599 12800 60000
0.072639 16000 60000
0.430815 19200 60000
0.215719 22400 60000
0.118028 25600 60000
0.229525 28800 60000
0.144267 32000 60000
0.604459 35200 60000
0.079068 38400 60000
0.456382 41600 60000
0.181738 44800 60000
0.231881 48000 60000
0.438526 51200 60000
0.179604 54400 60000
0.114299 57600 60000
Epoch 11
-------------------------------
0.402592     0 60000
0.111240  3200 60000
0.278108  6400 60000
0.074194  9600 60000
0.118998 12800 60000
0.280382 16000 60000
0.342374 19200 60000
0.251619 22400 60000
0.327090 25600 60000
0.444558 28800 60000
0.105579 32000 60000
0.196810 35200 60000
0.181210 38400 60000
0.145816 41600 60000
0.260299 44800 60000
0.309540 48000 60000
0.346409 51200 60000
0.182913 54400 60000
0.300577 57600 60000
Epoch 12
-------------------------------
0.223361     0 60000
0.143778  3200 60000
0.160287  6400 60000
0.167903  9600 60000
0.035856 12800 60000
0.395150 16000 60000
0.236392 19200 60000
0.153587 22400 60000
0.154555 25600 60000
0.240126 28800 60000
0.093899 32000 60000
0.350643 35200 60000
0.367411 38400 60000
0.524331 41600 60000
0.199285 44800 60000
0.169593 48000 60000
0.214726 51200 60000
0.279838 54400 60000
0.144864 57600 60000
