Epoch 1
-------------------------------
2.303518     0 60000
1.031355  3200 60000
1.032493  6400 60000
0.638743  9600 60000
0.893668 12800 60000
0.521579 16000 60000
0.646041 19200 60000
0.757076 22400 60000
0.612861 25600 60000
0.630054 28800 60000
0.412853 32000 60000
0.448913 35200 60000
0.672321 38400 60000
0.539458 41600 60000
0.606876 44800 60000
0.406682 48000 60000
0.382076 51200 60000
0.530445 54400 60000
0.390322 57600 60000
Epoch 2
-------------------------------
0.620923     0 60000
0.544052  3200 60000
0.503274  6400 60000
0.377193  9600 60000
0.395616 12800 60000
0.694933 16000 60000
0.305607 19200 60000
0.565219 22400 60000
0.274716 25600 60000
0.629309 28800 60000
0.758159 32000 60000
0.368523 35200 60000
0.568731 38400 60000
0.428442 41600 60000
0.388620 44800 60000
0.964200 48000 60000
0.410231 51200 60000
0.370415 54400 60000
0.367425 57600 60000
Epoch 3
-------------------------------
0.350776     0 60000
0.495268  3200 60000
0.255664  6400 60000
0.490393  9600 60000
0.592918 12800 60000
0.655978 16000 60000
0.706207 19200 60000
0.311799 22400 60000
0.407157 25600 60000
0.461386 28800 60000
0.399014 32000 60000
0.172214 35200 60000
0.196816 38400 60000
0.610002 41600 60000
0.412471 44800 60000
0.404356 48000 60000
0.467239 51200 60000
0.209677 54400 60000
0.223589 57600 60000
Epoch 4
-------------------------------
0.297174     0 60000
0.311096  3200 60000
0.598740  6400 60000
0.230136  9600 60000
0.288872 12800 60000
0.399485 16000 60000
0.389946 19200 60000
0.560172 22400 60000
0.545052 25600 60000
0.346872 28800 60000
0.476012 32000 60000
0.430370 35200 60000
0.361142 38400 60000
0.434024 41600 60000
0.434573 44800 60000
0.398916 48000 60000
0.359917 51200 60000
0.442437 54400 60000
0.934787 57600 60000
Epoch 5
-------------------------------
0.487616     0 60000
0.584708  3200 60000
0.349680  6400 60000
0.269760  9600 60000
0.448527 12800 60000
0.318654 16000 60000
0.374589 19200 60000
0.248716 22400 60000
0.448524 25600 60000
0.263225 28800 60000
0.272565 32000 60000
0.413028 35200 60000
0.287087 38400 60000
0.426228 41600 60000
0.290453 44800 60000
0.367834 48000 60000
0.553930 51200 60000
0.257129 54400 60000
0.465183 57600 60000
Epoch 6
-------------------------------
0.610417     0 60000
0.414917  3200 60000
0.219757  6400 60000
0.477831  9600 60000
0.579037 12800 60000
0.390173 16000 60000
0.262013 19200 60000
0.232929 22400 60000
0.410911 25600 60000
0.373117 28800 60000
0.333106 32000 60000
0.343191 35200 60000
0.389707 38400 60000
0.449676 41600 60000
0.508707 44800 60000
0.519954 48000 60000
0.136411 51200 60000
0.226040 54400 60000
0.316149 57600 60000
Epoch 7
-------------------------------
0.274268     0 60000
0.671069  3200 60000
0.632376  6400 60000
0.229977  9600 60000
0.214195 12800 60000
0.177985 16000 60000
0.336373 19200 60000
0.283641 22400 60000
0.334994 25600 60000
0.372103 28800 60000
0.147163 32000 60000
0.272024 35200 60000
0.330713 38400 60000
0.398282 41600 60000
0.383916 44800 60000
0.186546 48000 60000
0.148620 51200 60000
0.627134 54400 60000
0.174616 57600 60000
Epoch 8
-------------------------------
0.233620     0 60000
0.214974  3200 60000
0.325146  6400 60000
0.120461  9600 60000
0.175504 12800 60000
0.175371 16000 60000
0.357464 19200 60000
0.382712 22400 60000
0.292569 25600 60000
0.090868 28800 60000
0.189029 32000 60000
0.175028 35200 60000
0.250563 38400 60000
0.346505 41600 60000
0.541786 44800 60000
0.214546 48000 60000
0.242225 51200 60000
0.581875 54400 60000
0.171776 57600 60000
Epoch 9
-------------------------------
0.185031     0 60000
0.796592  3200 60000
0.274649  6400 60000
0.542360  9600 60000
0.187269 12800 60000
0.359119 16000 60000
0.285401 19200 60000
0.364308 22400 60000
0.198009 25600 60000
0.266920 28800 60000
0.242739 32000 60000
0.323062 35200 60000
0.370845 38400 60000
0.314351 41600 60000
0.366245 44800 60000
0.639836 48000 60000
0.500079 51200 60000
0.327228 54400 60000
0.424392 57600 60000
Epoch 10
-------------------------------
0.276820     0 60000
0.341204  3200 60000
0.340194  6400 60000
0.307631  9600 60000
0.295313 12800 60000
0.331876 16000 60000
0.558363 19200 60000
0.363966 22400 60000
0.230038 25600 60000
0.146745 28800 60000
0.214665 32000 60000
0.280940 35200 60000
0.650948 38400 60000
0.304459 41600 60000
0.321973 44800 60000
0.350985 48000 60000
0.170945 51200 60000
0.230616 54400 60000
0.216380 57600 60000
Epoch 11
-------------------------------
0.183175     0 60000
0.155383  3200 60000
0.329161  6400 60000
0.586726  9600 60000
0.294779 12800 60000
0.450941 16000 60000
0.361524 19200 60000
0.365872 22400 60000
0.418331 25600 60000
0.465693 28800 60000
0.125523 32000 60000
0.296414 35200 60000
0.208641 38400 60000
0.348507 41600 60000
0.177166 44800 60000
0.467067 48000 60000
0.359146 51200 60000
0.214294 54400 60000
0.346236 57600 60000
Epoch 12
-------------------------------
0.120637     0 60000
0.104682  3200 60000
0.107888  6400 60000
0.345965  9600 60000
0.398629 12800 60000
0.235583 16000 60000
0.152766 19200 60000
0.209350 22400 60000
0.225948 25600 60000
0.240768 28800 60000
0.177530 32000 60000
0.144522 35200 60000
0.260237 38400 60000
0.532429 41600 60000
0.182596 44800 60000
0.211227 48000 60000
0.409683 51200 60000
0.324405 54400 60000
0.145316 57600 60000
