Epoch 1
-------------------------------
0.313575     0 60000
0.291435  3200 60000
0.504696  6400 60000
0.289149  9600 60000
0.405025 12800 60000
0.768023 16000 60000
0.475006 19200 60000
0.367605 22400 60000
0.352947 25600 60000
0.408098 28800 60000
0.261306 32000 60000
0.315197 35200 60000
0.259149 38400 60000
0.349226 41600 60000
0.459419 44800 60000
0.510867 48000 60000
0.322877 51200 60000
0.378615 54400 60000
0.185965 57600 60000
Epoch 2
-------------------------------
0.355303     0 60000
0.233618  3200 60000
0.266814  6400 60000
0.121604  9600 60000
0.201046 12800 60000
0.531962 16000 60000
0.250677 19200 60000
0.604723 22400 60000
0.429432 25600 60000
0.441186 28800 60000
0.208606 32000 60000
0.115249 35200 60000
0.350374 38400 60000
0.554638 41600 60000
0.199228 44800 60000
0.255466 48000 60000
0.426294 51200 60000
0.460865 54400 60000
0.094273 57600 60000
Epoch 3
-------------------------------
0.283063     0 60000
0.400530  3200 60000
0.454536  6400 60000
0.504880  9600 60000
0.447317 12800 60000
0.370371 16000 60000
0.153950 19200 60000
0.370454 22400 60000
0.186762 25600 60000
0.209705 28800 60000
0.432522 32000 60000
0.243017 35200 60000
0.215047 38400 60000
0.304641 41600 60000
0.266994 44800 60000
0.611322 48000 60000
0.583183 51200 60000
0.246242 54400 60000
0.363824 57600 60000
Epoch 4
-------------------------------
0.245833     0 60000
0.169826  3200 60000
0.204245  6400 60000
0.184352  9600 60000
0.298418 12800 60000
0.329172 16000 60000
0.613270 19200 60000
0.118995 22400 60000
0.271530 25600 60000
0.441049 28800 60000
0.059637 32000 60000
0.361264 35200 60000
0.239732 38400 60000
0.149355 41600 60000
0.250209 44800 60000
0.325835 48000 60000
0.277208 51200 60000
0.493897 54400 60000
0.142313 57600 60000
Epoch 5
-------------------------------
0.188353     0 60000
0.184788  3200 60000
0.141151  6400 60000
0.353210  9600 60000
0.224242 12800 60000
0.120106 16000 60000
0.217801 19200 60000
0.284914 22400 60000
0.228876 25600 60000
0.120486 28800 60000
0.265590 32000 60000
0.240523 35200 60000
0.262631 38400 60000
0.396374 41600 60000
0.220674 44800 60000
0.131898 48000 60000
0.205665 51200 60000
0.110597 54400 60000
0.252624 57600 60000
Epoch 6
-------------------------------
0.118448     0 60000
0.109691  3200 60000
0.276501  6400 60000
0.130663  9600 60000
0.143491 12800 60000
0.267222 16000 60000
0.202588 19200 60000
0.219157 22400 60000
0.281269 25600 60000
0.240698 28800 60000
0.259939 32000 60000
0.387775 35200 60000
0.265033 38400 60000
0.305983 41600 60000
0.164223 44800 60000
0.357735 48000 60000
0.340352 51200 60000
0.077763 54400 60000
0.304373 57600 60000
Epoch 7
-------------------------------
0.260753     0 60000
0.171643  3200 60000
0.075856  6400 60000
0.140436  9600 60000
0.057254 12800 60000
0.378955 16000 60000
0.296477 19200 60000
0.114152 22400 60000
0.350186 25600 60000
0.381094 28800 60000
0.363617 32000 60000
0.471096 35200 60000
0.162703 38400 60000
0.488764 41600 60000
0.255017 44800 60000
0.121865 48000 60000
0.251137 51200 60000
0.195921 54400 60000
0.328993 57600 60000
Epoch 8
-------------------------------
0.196024     0 60000
0.066579  3200 60000
0.243054  6400 60000
0.094550  9600 60000
0.337721 12800 60000
0.563601 16000 60000
0.201161 19200 60000
0.267791 22400 60000
0.258408 25600 60000
0.515579 28800 60000
0.388467 32000 60000
0.340478 35200 60000
0.403025 38400 60000
0.169248 41600 60000
0.592209 44800 60000
0.256069 48000 60000
0.196089 51200 60000
0.174534 54400 60000
0.236427 57600 60000
Epoch 9
-------------------------------
0.054914     0 60000
0.247286  3200 60000
0.263950  6400 60000
0.385021  9600 60000
0.077450 12800 60000
0.109960 16000 60000
0.215694 19200 60000
0.261088 22400 60000
0.215915 25600 60000
0.213472 28800 60000
0.170010 32000 60000
0.441355 35200 60000
0.079385 38400 60000
0.163735 41600 60000
0.408938 44800 60000
0.379792 48000 60000
0.513572 51200 60000
0.157319 54400 60000
0.261510 57600 60000
Epoch 10
-------------------------------
0.182616     0 60000
0.256732  3200 60000
0.172816  6400 60000
0.218480  9600 60000
0.165517 12800 60000
0.378530 16000 60000
0.149151 19200 60000
0.111373 22400 60000
0.146241 25600 60000
0.160708 28800 60000
0.147551 32000 60000
0.258050 35200 60000
0.274935 38400 60000
0.303444 41600 60000
0.219703 44800 60000
0.204542 48000 60000
0.111881 51200 60000
0.141133 54400 60000
0.058977 57600 60000
Epoch 11
-------------------------------
0.248012     0 60000
0.177127  3200 60000
0.316540  6400 60000
0.208168  9600 60000
0.091717 12800 60000
0.286936 16000 60000
0.373514 19200 60000
0.210559 22400 60000
0.351617 25600 60000
0.270401 28800 60000
0.312282 32000 60000
0.153201 35200 60000
0.058043 38400 60000
0.408282 41600 60000
0.090238 44800 60000
0.239767 48000 60000
0.250886 51200 60000
0.364543 54400 60000
0.183497 57600 60000
Epoch 12
-------------------------------
0.298016     0 60000
0.242411  3200 60000
0.142458  6400 60000
0.154259  9600 60000
0.059997 12800 60000
0.270890 16000 60000
0.187735 19200 60000
0.183342 22400 60000
0.199373 25600 60000
0.377691 28800 60000
0.207544 32000 60000
0.171641 35200 60000
0.205626 38400 60000
0.109221 41600 60000
0.291763 44800 60000
0.114506 48000 60000
0.428774 51200 60000
0.093631 54400 60000
0.167622 57600 60000
