Epoch 1
-------------------------------
0.296995     0 60000
0.652741  6400 60000
0.310753 12800 60000
0.273066 19200 60000
0.256950 25600 60000
0.232363 32000 60000
0.270208 38400 60000
0.384849 44800 60000
0.481083 51200 60000
0.426510 57600 60000
Epoch 2
-------------------------------
0.465535     0 60000
0.304265  6400 60000
0.217966 12800 60000
0.305750 19200 60000
0.378611 25600 60000
0.282680 32000 60000
0.445819 38400 60000
0.296586 44800 60000
0.344826 51200 60000
0.327134 57600 60000
Epoch 3
-------------------------------
0.310962     0 60000
0.406593  6400 60000
0.350102 12800 60000
0.247297 19200 60000
0.191134 25600 60000
0.365423 32000 60000
0.308180 38400 60000
0.366563 44800 60000
0.541124 51200 60000
0.410799 57600 60000
Epoch 4
-------------------------------
0.216482     0 60000
0.311317  6400 60000
0.214223 12800 60000
0.208631 19200 60000
0.171528 25600 60000
0.271135 32000 60000
0.299229 38400 60000
0.251774 44800 60000
0.233579 51200 60000
0.224830 57600 60000
Epoch 5
-------------------------------
0.303724     0 60000
0.272058  6400 60000
0.195817 12800 60000
0.142538 19200 60000
0.269238 25600 60000
0.236474 32000 60000
0.283469 38400 60000
0.369963 44800 60000
0.293213 51200 60000
0.169183 57600 60000
Epoch 6
-------------------------------
0.240497     0 60000
0.253521  6400 60000
0.277549 12800 60000
0.261800 19200 60000
0.237047 25600 60000
0.148026 32000 60000
0.224377 38400 60000
0.416359 44800 60000
0.335136 51200 60000
0.313182 57600 60000
Epoch 7
-------------------------------
0.370772     0 60000
0.263746  6400 60000
0.373422 12800 60000
0.221484 19200 60000
0.333559 25600 60000
0.193370 32000 60000
0.267465 38400 60000
0.203985 44800 60000
0.292748 51200 60000
0.111743 57600 60000
Epoch 8
-------------------------------
0.290328     0 60000
0.151647  6400 60000
0.220759 12800 60000
0.317328 19200 60000
0.095813 25600 60000
0.218934 32000 60000
0.275842 38400 60000
0.135543 44800 60000
0.284415 51200 60000
0.192603 57600 60000
Epoch 9
-------------------------------
0.132229     0 60000
0.122152  6400 60000
0.181126 12800 60000
0.195014 19200 60000
0.216026 25600 60000
0.220739 32000 60000
0.125474 38400 60000
0.210499 44800 60000
0.155789 51200 60000
0.176737 57600 60000
Epoch 10
-------------------------------
0.185005     0 60000
0.097301  6400 60000
0.352624 12800 60000
0.419826 19200 60000
0.231716 25600 60000
0.321410 32000 60000
0.301327 38400 60000
0.240954 44800 60000
0.177432 51200 60000
0.290695 57600 60000
Epoch 11
-------------------------------
0.205018     0 60000
0.294941  6400 60000
0.092313 12800 60000
0.198514 19200 60000
0.340993 25600 60000
0.239716 32000 60000
0.265820 38400 60000
0.136588 44800 60000
0.348385 51200 60000
0.269949 57600 60000
Epoch 12
-------------------------------
0.113104     0 60000
0.224034  6400 60000
0.168880 12800 60000
0.260772 19200 60000
0.168334 25600 60000
0.124161 32000 60000
0.156675 38400 60000
0.290898 44800 60000
0.178055 51200 60000
0.208221 57600 60000
