Epoch 1
-------------------------------
2.298706     0 60000
0.930879  6400 60000
0.719699 12800 60000
0.556246 19200 60000
0.539984 25600 60000
0.587612 32000 60000
0.490592 38400 60000
0.580463 44800 60000
0.490577 51200 60000
0.550534 57600 60000
Epoch 2
-------------------------------
0.412457     0 60000
0.597480  6400 60000
0.574029 12800 60000
0.418752 19200 60000
0.552840 25600 60000
0.421914 32000 60000
0.396771 38400 60000
0.390075 44800 60000
0.521452 51200 60000
0.324630 57600 60000
Epoch 3
-------------------------------
0.480509     0 60000
0.522361  6400 60000
0.270050 12800 60000
0.432826 19200 60000
0.439170 25600 60000
0.281875 32000 60000
0.618512 38400 60000
0.372792 44800 60000
0.275231 51200 60000
0.329291 57600 60000
Epoch 4
-------------------------------
0.371882     0 60000
0.289723  6400 60000
0.372277 12800 60000
0.229663 19200 60000
0.394593 25600 60000
0.380391 32000 60000
0.338407 38400 60000
0.311379 44800 60000
0.328400 51200 60000
0.262241 57600 60000
Epoch 5
-------------------------------
0.211674     0 60000
0.500258  6400 60000
0.271959 12800 60000
0.345950 19200 60000
0.349341 25600 60000
0.226344 32000 60000
0.360008 38400 60000
0.481414 44800 60000
0.293617 51200 60000
0.281070 57600 60000
Epoch 6
-------------------------------
0.445988     0 60000
0.404696  6400 60000
0.465389 12800 60000
0.241173 19200 60000
0.447989 25600 60000
0.327641 32000 60000
0.490205 38400 60000
0.401291 44800 60000
0.396944 51200 60000
0.272389 57600 60000
Epoch 7
-------------------------------
0.416880     0 60000
0.338551  6400 60000
0.484647 12800 60000
0.321270 19200 60000
0.313596 25600 60000
0.313613 32000 60000
0.369297 38400 60000
0.344441 44800 60000
0.234109 51200 60000
0.292800 57600 60000
Epoch 8
-------------------------------
0.246021     0 60000
0.314067  6400 60000
0.437967 12800 60000
0.152645 19200 60000
0.329400 25600 60000
0.391584 32000 60000
0.200468 38400 60000
0.370030 44800 60000
0.436473 51200 60000
0.390389 57600 60000
Epoch 9
-------------------------------
0.244364     0 60000
0.275865  6400 60000
0.298489 12800 60000
0.327334 19200 60000
0.207753 25600 60000
0.387655 32000 60000
0.317652 38400 60000
0.355635 44800 60000
0.216749 51200 60000
0.355296 57600 60000
Epoch 10
-------------------------------
0.278501     0 60000
0.459355  6400 60000
0.246268 12800 60000
0.308805 19200 60000
0.237525 25600 60000
0.322387 32000 60000
0.336341 38400 60000
0.471481 44800 60000
0.244615 51200 60000
0.267591 57600 60000
Epoch 11
-------------------------------
0.253567     0 60000
0.276893  6400 60000
0.517508 12800 60000
0.409440 19200 60000
0.176873 25600 60000
0.145482 32000 60000
0.189766 38400 60000
0.308815 44800 60000
0.494699 51200 60000
0.322907 57600 60000
Epoch 12
-------------------------------
0.214179     0 60000
0.143509  6400 60000
0.365855 12800 60000
0.273069 19200 60000
0.334311 25600 60000
0.204695 32000 60000
0.272424 38400 60000
0.214767 44800 60000
0.198646 51200 60000
0.310621 57600 60000
