Epoch 1
-------------------------------
2.308206     0 60000
0.800359  6400 60000
0.827970 12800 60000
0.550826 19200 60000
0.517777 25600 60000
0.648693 32000 60000
0.548463 38400 60000
0.440394 44800 60000
0.556135 51200 60000
0.462642 57600 60000
Epoch 2
-------------------------------
0.454219     0 60000
0.511884  6400 60000
0.364436 12800 60000
0.332781 19200 60000
0.396050 25600 60000
0.173152 32000 60000
0.435901 38400 60000
0.392166 44800 60000
0.360086 51200 60000
0.443296 57600 60000
Epoch 3
-------------------------------
0.449630     0 60000
0.402730  6400 60000
0.498983 12800 60000
0.398392 19200 60000
0.489904 25600 60000
0.431552 32000 60000
0.360512 38400 60000
0.305069 44800 60000
0.306036 51200 60000
0.424607 57600 60000
Epoch 4
-------------------------------
0.320426     0 60000
0.382329  6400 60000
0.352101 12800 60000
0.477430 19200 60000
0.505130 25600 60000
0.368731 32000 60000
0.261249 38400 60000
0.360392 44800 60000
0.521852 51200 60000
0.283681 57600 60000
Epoch 5
-------------------------------
0.292444     0 60000
0.483640  6400 60000
0.385300 12800 60000
0.261076 19200 60000
0.223101 25600 60000
0.372886 32000 60000
0.379979 38400 60000
0.309709 44800 60000
0.306499 51200 60000
0.281466 57600 60000
Epoch 6
-------------------------------
0.467069     0 60000
0.425668  6400 60000
0.300697 12800 60000
0.293543 19200 60000
0.568528 25600 60000
0.222193 32000 60000
0.416283 38400 60000
0.350593 44800 60000
0.321413 51200 60000
0.427705 57600 60000
Epoch 7
-------------------------------
0.268336     0 60000
0.511702  6400 60000
0.211591 12800 60000
0.237173 19200 60000
0.305721 25600 60000
0.478960 32000 60000
0.292306 38400 60000
0.311013 44800 60000
0.325662 51200 60000
0.293643 57600 60000
Epoch 8
-------------------------------
0.374567     0 60000
0.371054  6400 60000
0.422217 12800 60000
0.229349 19200 60000
0.418761 25600 60000
0.342269 32000 60000
0.409578 38400 60000
0.238318 44800 60000
0.203566 51200 60000
0.135095 57600 60000
Epoch 9
-------------------------------
0.305663     0 60000
0.280783  6400 60000
0.226110 12800 60000
0.415848 19200 60000
0.208006 25600 60000
0.313265 32000 60000
0.306286 38400 60000
0.245813 44800 60000
0.289697 51200 60000
0.316039 57600 60000
Epoch 10
-------------------------------
0.304084     0 60000
0.444224  6400 60000
0.265063 12800 60000
0.280982 19200 60000
0.371319 25600 60000
0.287509 32000 60000
0.181704 38400 60000
0.174391 44800 60000
0.235879 51200 60000
0.230185 57600 60000
Epoch 11
-------------------------------
0.213675     0 60000
0.318310  6400 60000
0.197489 12800 60000
0.340009 19200 60000
0.312864 25600 60000
0.292310 32000 60000
0.365183 38400 60000
0.290193 44800 60000
0.247881 51200 60000
0.178464 57600 60000
Epoch 12
-------------------------------
0.157336     0 60000
0.304141  6400 60000
0.214272 12800 60000
0.199213 19200 60000
0.325414 25600 60000
0.156638 32000 60000
0.305591 38400 60000
0.212569 44800 60000
0.170934 51200 60000
0.198708 57600 60000
