Epoch 1
-------------------------------
2.306956     0 60000
1.004992  6400 60000
0.781720 12800 60000
0.631359 19200 60000
0.523273 25600 60000
0.554336 32000 60000
0.455899 38400 60000
0.592498 44800 60000
0.407089 51200 60000
0.577459 57600 60000
Epoch 2
-------------------------------
0.485841     0 60000
0.624153  6400 60000
0.479110 12800 60000
0.550655 19200 60000
0.631488 25600 60000
0.439992 32000 60000
0.491973 38400 60000
0.407168 44800 60000
0.484872 51200 60000
0.492697 57600 60000
Epoch 3
-------------------------------
0.338401     0 60000
0.319868  6400 60000
0.519187 12800 60000
0.300865 19200 60000
0.579852 25600 60000
0.362655 32000 60000
0.340398 38400 60000
0.645966 44800 60000
0.570187 51200 60000
0.316093 57600 60000
Epoch 4
-------------------------------
0.578048     0 60000
0.393350  6400 60000
0.287602 12800 60000
0.474840 19200 60000
0.576079 25600 60000
0.376689 32000 60000
0.321258 38400 60000
0.561568 44800 60000
0.384456 51200 60000
0.327852 57600 60000
Epoch 5
-------------------------------
0.732608     0 60000
0.504711  6400 60000
0.232814 12800 60000
0.227501 19200 60000
0.261562 25600 60000
0.367385 32000 60000
0.294439 38400 60000
0.259344 44800 60000
0.324834 51200 60000
0.549464 57600 60000
Epoch 6
-------------------------------
0.313074     0 60000
0.480571  6400 60000
0.214889 12800 60000
0.382679 19200 60000
0.550283 25600 60000
0.282495 32000 60000
0.480691 38400 60000
0.333096 44800 60000
0.305756 51200 60000
0.429056 57600 60000
Epoch 7
-------------------------------
0.425755     0 60000
0.368784  6400 60000
0.280356 12800 60000
0.352314 19200 60000
0.319287 25600 60000
0.588449 32000 60000
0.282794 38400 60000
0.378118 44800 60000
0.368903 51200 60000
0.362765 57600 60000
Epoch 8
-------------------------------
0.222031     0 60000
0.320016  6400 60000
0.380162 12800 60000
0.453103 19200 60000
0.346936 25600 60000
0.377563 32000 60000
0.386358 38400 60000
0.250430 44800 60000
0.272045 51200 60000
0.315906 57600 60000
Epoch 9
-------------------------------
0.228235     0 60000
0.354859  6400 60000
0.317041 12800 60000
0.200554 19200 60000
0.393557 25600 60000
0.376947 32000 60000
0.366550 38400 60000
0.168802 44800 60000
0.348833 51200 60000
0.253202 57600 60000
Epoch 10
-------------------------------
0.338009     0 60000
0.341318  6400 60000
0.248336 12800 60000
0.311276 19200 60000
0.305960 25600 60000
0.382702 32000 60000
0.217733 38400 60000
0.346649 44800 60000
0.343421 51200 60000
0.335023 57600 60000
Epoch 11
-------------------------------
0.416800     0 60000
0.286459  6400 60000
0.368929 12800 60000
0.283782 19200 60000
0.344115 25600 60000
0.357717 32000 60000
0.633400 38400 60000
0.232729 44800 60000
0.459430 51200 60000
0.380214 57600 60000
Epoch 12
-------------------------------
0.298164     0 60000
0.295074  6400 60000
0.322366 12800 60000
0.267765 19200 60000
0.354420 25600 60000
0.286998 32000 60000
0.261869 38400 60000
0.287870 44800 60000
0.313087 51200 60000
0.437675 57600 60000
