Epoch 1
-------------------------------
2.293412     0 60000
1.075440  6400 60000
0.842154 12800 60000
0.814756 19200 60000
0.812852 25600 60000
0.553034 32000 60000
0.783877 38400 60000
0.484007 44800 60000
0.444001 51200 60000
0.370834 57600 60000
Epoch 2
-------------------------------
0.574453     0 60000
0.542034  6400 60000
0.460773 12800 60000
0.296531 19200 60000
0.547386 25600 60000
0.606638 32000 60000
0.520162 38400 60000
0.427688 44800 60000
0.358825 51200 60000
0.414681 57600 60000
Epoch 3
-------------------------------
0.374422     0 60000
0.292315  6400 60000
0.514641 12800 60000
0.487112 19200 60000
0.457404 25600 60000
0.348485 32000 60000
0.225049 38400 60000
0.375311 44800 60000
0.676035 51200 60000
0.325340 57600 60000
Epoch 4
-------------------------------
0.388801     0 60000
0.597216  6400 60000
0.318001 12800 60000
0.401158 19200 60000
0.466176 25600 60000
0.391890 32000 60000
0.371383 38400 60000
0.383678 44800 60000
0.385403 51200 60000
0.678229 57600 60000
Epoch 5
-------------------------------
0.348553     0 60000
0.459621  6400 60000
0.478391 12800 60000
0.329989 19200 60000
0.383018 25600 60000
0.289673 32000 60000
0.304803 38400 60000
0.411051 44800 60000
0.471845 51200 60000
0.439902 57600 60000
Epoch 6
-------------------------------
0.533205     0 60000
0.364952  6400 60000
0.477584 12800 60000
0.348330 19200 60000
0.404141 25600 60000
0.257154 32000 60000
0.294605 38400 60000
0.520606 44800 60000
0.262083 51200 60000
0.326320 57600 60000
Epoch 7
-------------------------------
0.374041     0 60000
0.506355  6400 60000
0.289683 12800 60000
0.380209 19200 60000
0.285261 25600 60000
0.273571 32000 60000
0.227569 38400 60000
0.329483 44800 60000
0.279939 51200 60000
0.219736 57600 60000
Epoch 8
-------------------------------
0.270618     0 60000
0.344570  6400 60000
0.175962 12800 60000
0.328042 19200 60000
0.285360 25600 60000
0.417729 32000 60000
0.222932 38400 60000
0.478187 44800 60000
0.199235 51200 60000
0.318178 57600 60000
Epoch 9
-------------------------------
0.358296     0 60000
0.322785  6400 60000
0.304612 12800 60000
0.334489 19200 60000
0.201262 25600 60000
0.339760 32000 60000
0.339931 38400 60000
0.435265 44800 60000
0.376199 51200 60000
0.296317 57600 60000
Epoch 10
-------------------------------
0.237668     0 60000
0.321979  6400 60000
0.270791 12800 60000
0.386968 19200 60000
0.226004 25600 60000
0.232877 32000 60000
0.499723 38400 60000
0.528679 44800 60000
0.203208 51200 60000
0.348105 57600 60000
Epoch 11
-------------------------------
0.295629     0 60000
0.296240  6400 60000
0.294850 12800 60000
0.321595 19200 60000
0.307613 25600 60000
0.283478 32000 60000
0.288092 38400 60000
0.411688 44800 60000
0.374629 51200 60000
0.385225 57600 60000
Epoch 12
-------------------------------
0.253981     0 60000
0.186906  6400 60000
0.361277 12800 60000
0.263015 19200 60000
0.283842 25600 60000
0.298155 32000 60000
0.334909 38400 60000
0.240808 44800 60000
0.420941 51200 60000
0.240076 57600 60000
