Epoch 1
-------------------------------
0.306455     0 60000
0.479756  6400 60000
0.239424 12800 60000
0.287173 19200 60000
0.315708 25600 60000
0.255447 32000 60000
0.257650 38400 60000
0.341212 44800 60000
0.253273 51200 60000
0.346549 57600 60000
Epoch 2
-------------------------------
0.302214     0 60000
0.376054  6400 60000
0.348405 12800 60000
0.274736 19200 60000
0.461047 25600 60000
0.301817 32000 60000
0.335511 38400 60000
0.240715 44800 60000
0.348974 51200 60000
0.363418 57600 60000
Epoch 3
-------------------------------
0.355063     0 60000
0.332528  6400 60000
0.326672 12800 60000
0.359702 19200 60000
0.256054 25600 60000
0.330192 32000 60000
0.448564 38400 60000
0.329809 44800 60000
0.406289 51200 60000
0.227075 57600 60000
Epoch 4
-------------------------------
0.446001     0 60000
0.175796  6400 60000
0.291886 12800 60000
0.335026 19200 60000
0.205232 25600 60000
0.268371 32000 60000
0.335128 38400 60000
0.243661 44800 60000
0.325926 51200 60000
0.281194 57600 60000
Epoch 5
-------------------------------
0.149666     0 60000
0.455615  6400 60000
0.512719 12800 60000
0.190829 19200 60000
0.223705 25600 60000
0.276421 32000 60000
0.207170 38400 60000
0.385185 44800 60000
0.263802 51200 60000
0.260815 57600 60000
Epoch 6
-------------------------------
0.185776     0 60000
0.130693  6400 60000
0.411943 12800 60000
0.280372 19200 60000
0.233030 25600 60000
0.278766 32000 60000
0.230946 38400 60000
0.308761 44800 60000
0.114643 51200 60000
0.171106 57600 60000
Epoch 7
-------------------------------
0.366637     0 60000
0.249908  6400 60000
0.100672 12800 60000
0.143297 19200 60000
0.134083 25600 60000
0.192777 32000 60000
0.352171 38400 60000
0.331595 44800 60000
0.279113 51200 60000
0.306804 57600 60000
Epoch 8
-------------------------------
0.214751     0 60000
0.392096  6400 60000
0.485147 12800 60000
0.351551 19200 60000
0.250188 25600 60000
0.181554 32000 60000
0.183593 38400 60000
0.378478 44800 60000
0.193236 51200 60000
0.180111 57600 60000
Epoch 9
-------------------------------
0.153681     0 60000
0.162199  6400 60000
0.190982 12800 60000
0.272528 19200 60000
0.191292 25600 60000
0.347168 32000 60000
0.177618 38400 60000
0.213420 44800 60000
0.194360 51200 60000
0.169032 57600 60000
Epoch 10
-------------------------------
0.188531     0 60000
0.211999  6400 60000
0.209481 12800 60000
0.227053 19200 60000
0.229774 25600 60000
0.314365 32000 60000
0.198774 38400 60000
0.208182 44800 60000
0.243289 51200 60000
0.154024 57600 60000
Epoch 11
-------------------------------
0.379232     0 60000
0.294722  6400 60000
0.134356 12800 60000
0.330245 19200 60000
0.258719 25600 60000
0.033292 32000 60000
0.334702 38400 60000
0.189659 44800 60000
0.328799 51200 60000
0.221276 57600 60000
Epoch 12
-------------------------------
0.147096     0 60000
0.210947  6400 60000
0.096350 12800 60000
0.253840 19200 60000
0.114574 25600 60000
0.171501 32000 60000
0.338096 38400 60000
0.230231 44800 60000
0.227879 51200 60000
0.116301 57600 60000
