Epoch 1
-------------------------------
2.298903     0 60000
0.980521  6400 60000
0.664341 12800 60000
0.799551 19200 60000
0.511311 25600 60000
0.459402 32000 60000
0.502120 38400 60000
0.344785 44800 60000
0.554356 51200 60000
0.670992 57600 60000
Epoch 2
-------------------------------
0.616592     0 60000
0.428848  6400 60000
0.444935 12800 60000
0.441405 19200 60000
0.527742 25600 60000
0.463207 32000 60000
0.489963 38400 60000
0.303929 44800 60000
0.425298 51200 60000
0.421134 57600 60000
Epoch 3
-------------------------------
0.600562     0 60000
0.544169  6400 60000
0.774718 12800 60000
0.478570 19200 60000
0.348635 25600 60000
0.354783 32000 60000
0.416735 38400 60000
0.488986 44800 60000
0.371154 51200 60000
0.278192 57600 60000
Epoch 4
-------------------------------
0.397392     0 60000
0.356323  6400 60000
0.366780 12800 60000
0.580988 19200 60000
0.225364 25600 60000
0.257884 32000 60000
0.269357 38400 60000
0.366659 44800 60000
0.375922 51200 60000
0.381095 57600 60000
Epoch 5
-------------------------------
0.273823     0 60000
0.328288  6400 60000
0.309216 12800 60000
0.198950 19200 60000
0.351200 25600 60000
0.248694 32000 60000
0.343002 38400 60000
0.487931 44800 60000
0.308416 51200 60000
0.304652 57600 60000
Epoch 6
-------------------------------
0.353439     0 60000
0.370382  6400 60000
0.344629 12800 60000
0.172860 19200 60000
0.387275 25600 60000
0.343340 32000 60000
0.415417 38400 60000
0.228372 44800 60000
0.385699 51200 60000
0.369593 57600 60000
Epoch 7
-------------------------------
0.226245     0 60000
0.268654  6400 60000
0.363128 12800 60000
0.559545 19200 60000
0.433018 25600 60000
0.186340 32000 60000
0.332792 38400 60000
0.392092 44800 60000
0.462238 51200 60000
0.336063 57600 60000
Epoch 8
-------------------------------
0.258229     0 60000
0.204620  6400 60000
0.422581 12800 60000
0.102158 19200 60000
0.317845 25600 60000
0.334616 32000 60000
0.333243 38400 60000
0.372352 44800 60000
0.293772 51200 60000
0.158203 57600 60000
Epoch 9
-------------------------------
0.260733     0 60000
0.308102  6400 60000
0.224016 12800 60000
0.220936 19200 60000
0.220220 25600 60000
0.209683 32000 60000
0.324723 38400 60000
0.256688 44800 60000
0.375948 51200 60000
0.301146 57600 60000
Epoch 10
-------------------------------
0.118330     0 60000
0.228547  6400 60000
0.140028 12800 60000
0.268377 19200 60000
0.197000 25600 60000
0.424192 32000 60000
0.207053 38400 60000
0.331839 44800 60000
0.196179 51200 60000
0.244532 57600 60000
Epoch 11
-------------------------------
0.226731     0 60000
0.357247  6400 60000
0.284870 12800 60000
0.419254 19200 60000
0.330997 25600 60000
0.305158 32000 60000
0.293710 38400 60000
0.326013 44800 60000
0.247866 51200 60000
0.328090 57600 60000
Epoch 12
-------------------------------
0.149508     0 60000
0.181724  6400 60000
0.190132 12800 60000
0.592383 19200 60000
0.281880 25600 60000
0.118308 32000 60000
0.419109 38400 60000
0.335777 44800 60000
0.241818 51200 60000
0.288843 57600 60000
