Epoch 1
-------------------------------
0.162695     0 60000
0.379435  6400 60000
0.383484 12800 60000
0.305120 19200 60000
0.647197 25600 60000
0.264917 32000 60000
0.293185 38400 60000
0.326330 44800 60000
0.429758 51200 60000
0.312395 57600 60000
Epoch 2
-------------------------------
0.364167     0 60000
0.788240  6400 60000
0.501540 12800 60000
0.149677 19200 60000
0.631995 25600 60000
0.345384 32000 60000
0.360838 38400 60000
0.256356 44800 60000
0.417267 51200 60000
0.313343 57600 60000
Epoch 3
-------------------------------
0.324546     0 60000
0.260166  6400 60000
0.451796 12800 60000
0.540616 19200 60000
0.249810 25600 60000
0.246416 32000 60000
0.238608 38400 60000
0.216207 44800 60000
0.286033 51200 60000
0.187904 57600 60000
Epoch 4
-------------------------------
0.416447     0 60000
0.248239  6400 60000
0.232460 12800 60000
0.430674 19200 60000
0.124251 25600 60000
0.230372 32000 60000
0.157099 38400 60000
0.202958 44800 60000
0.360843 51200 60000
0.316095 57600 60000
Epoch 5
-------------------------------
0.451149     0 60000
0.368903  6400 60000
0.210996 12800 60000
0.286186 19200 60000
0.411540 25600 60000
0.301959 32000 60000
0.187711 38400 60000
0.311523 44800 60000
0.318648 51200 60000
0.249614 57600 60000
Epoch 6
-------------------------------
0.292091     0 60000
0.348303  6400 60000
0.133127 12800 60000
0.309850 19200 60000
0.238900 25600 60000
0.588426 32000 60000
0.142574 38400 60000
0.219064 44800 60000
0.236815 51200 60000
0.227296 57600 60000
Epoch 7
-------------------------------
0.216726     0 60000
0.145894  6400 60000
0.182708 12800 60000
0.262221 19200 60000
0.256217 25600 60000
0.258561 32000 60000
0.365024 38400 60000
0.209602 44800 60000
0.236741 51200 60000
0.192791 57600 60000
Epoch 8
-------------------------------
0.172136     0 60000
0.297546  6400 60000
0.178054 12800 60000
0.212197 19200 60000
0.219532 25600 60000
0.246292 32000 60000
0.355912 38400 60000
0.269009 44800 60000
0.162124 51200 60000
0.179025 57600 60000
Epoch 9
-------------------------------
0.173822     0 60000
0.341795  6400 60000
0.234448 12800 60000
0.308702 19200 60000
0.079872 25600 60000
0.136779 32000 60000
0.268416 38400 60000
0.225659 44800 60000
0.169935 51200 60000
0.194985 57600 60000
Epoch 10
-------------------------------
0.234735     0 60000
0.240722  6400 60000
0.209502 12800 60000
0.090864 19200 60000
0.243243 25600 60000
0.135146 32000 60000
0.146997 38400 60000
0.342361 44800 60000
0.223866 51200 60000
0.132085 57600 60000
Epoch 11
-------------------------------
0.229865     0 60000
0.285401  6400 60000
0.271767 12800 60000
0.269681 19200 60000
0.127896 25600 60000
0.273529 32000 60000
0.175582 38400 60000
0.168995 44800 60000
0.168830 51200 60000
0.232104 57600 60000
Epoch 12
-------------------------------
0.125465     0 60000
0.121421  6400 60000
0.228523 12800 60000
0.244426 19200 60000
0.177170 25600 60000
0.290170 32000 60000
0.117724 38400 60000
0.226487 44800 60000
0.312191 51200 60000
0.234656 57600 60000
