Epoch 1
-------------------------------
0.201508     0 60000
0.349249  6400 60000
0.291301 12800 60000
0.251377 19200 60000
0.418394 25600 60000
0.421079 32000 60000
0.329038 38400 60000
0.386919 44800 60000
0.377742 51200 60000
0.189451 57600 60000
Epoch 2
-------------------------------
0.190249     0 60000
0.346313  6400 60000
0.381144 12800 60000
0.227090 19200 60000
0.266347 25600 60000
0.875839 32000 60000
0.479603 38400 60000
0.259920 44800 60000
0.121833 51200 60000
0.319444 57600 60000
Epoch 3
-------------------------------
0.287635     0 60000
0.289629  6400 60000
0.277901 12800 60000
0.309277 19200 60000
0.274668 25600 60000
0.262825 32000 60000
0.219413 38400 60000
0.404680 44800 60000
0.395352 51200 60000
0.394285 57600 60000
Epoch 4
-------------------------------
0.301557     0 60000
0.246927  6400 60000
0.342236 12800 60000
0.171942 19200 60000
0.295418 25600 60000
0.238518 32000 60000
0.218339 38400 60000
0.325769 44800 60000
0.297207 51200 60000
0.264016 57600 60000
Epoch 5
-------------------------------
0.364154     0 60000
0.233915  6400 60000
0.268489 12800 60000
0.157938 19200 60000
0.331017 25600 60000
0.265273 32000 60000
0.089376 38400 60000
0.335573 44800 60000
0.227175 51200 60000
0.238577 57600 60000
Epoch 6
-------------------------------
0.215277     0 60000
0.153753  6400 60000
0.288930 12800 60000
0.135542 19200 60000
0.386737 25600 60000
0.144862 32000 60000
0.112485 38400 60000
0.230148 44800 60000
0.143644 51200 60000
0.251241 57600 60000
Epoch 7
-------------------------------
0.161136     0 60000
0.136590  6400 60000
0.215151 12800 60000
0.201456 19200 60000
0.270727 25600 60000
0.332482 32000 60000
0.266905 38400 60000
0.301459 44800 60000
0.123157 51200 60000
0.192444 57600 60000
Epoch 8
-------------------------------
0.256095     0 60000
0.253882  6400 60000
0.303921 12800 60000
0.143826 19200 60000
0.168733 25600 60000
0.169070 32000 60000
0.222683 38400 60000
0.176680 44800 60000
0.232109 51200 60000
0.179306 57600 60000
Epoch 9
-------------------------------
0.243919     0 60000
0.201448  6400 60000
0.134309 12800 60000
0.308505 19200 60000
0.201070 25600 60000
0.215320 32000 60000
0.335495 38400 60000
0.207813 44800 60000
0.257464 51200 60000
0.139509 57600 60000
Epoch 10
-------------------------------
0.078839     0 60000
0.192802  6400 60000
0.165710 12800 60000
0.145524 19200 60000
0.217254 25600 60000
0.128525 32000 60000
0.113468 38400 60000
0.215977 44800 60000
0.226084 51200 60000
0.093061 57600 60000
Epoch 11
-------------------------------
0.377890     0 60000
0.421952  6400 60000
0.152697 12800 60000
0.180906 19200 60000
0.386441 25600 60000
0.239554 32000 60000
0.175957 38400 60000
0.180168 44800 60000
0.236029 51200 60000
0.374783 57600 60000
Epoch 12
-------------------------------
0.146227     0 60000
0.198892  6400 60000
0.171731 12800 60000
0.230717 19200 60000
0.274469 25600 60000
0.124140 32000 60000
0.332435 38400 60000
0.215534 44800 60000
0.144009 51200 60000
0.134319 57600 60000
