Epoch 1
-------------------------------
0.292878     0 60000
0.379416  6400 60000
0.308787 12800 60000
0.399008 19200 60000
0.298996 25600 60000
0.404300 32000 60000
0.195130 38400 60000
0.395711 44800 60000
0.357683 51200 60000
0.641110 57600 60000
Epoch 2
-------------------------------
0.285451     0 60000
0.137620  6400 60000
0.258723 12800 60000
0.445996 19200 60000
0.417217 25600 60000
0.389903 32000 60000
0.283847 38400 60000
0.273418 44800 60000
0.286767 51200 60000
0.355960 57600 60000
Epoch 3
-------------------------------
0.222842     0 60000
0.204070  6400 60000
0.325171 12800 60000
0.599002 19200 60000
0.542578 25600 60000
0.408683 32000 60000
0.285358 38400 60000
0.470636 44800 60000
0.273774 51200 60000
0.393201 57600 60000
Epoch 4
-------------------------------
0.253218     0 60000
0.555872  6400 60000
0.261266 12800 60000
0.345964 19200 60000
0.262925 25600 60000
0.272246 32000 60000
0.370681 38400 60000
0.300150 44800 60000
0.379929 51200 60000
0.373098 57600 60000
Epoch 5
-------------------------------
0.229732     0 60000
0.295415  6400 60000
0.412744 12800 60000
0.346801 19200 60000
0.280114 25600 60000
0.372714 32000 60000
0.334571 38400 60000
0.342660 44800 60000
0.296820 51200 60000
0.242127 57600 60000
Epoch 6
-------------------------------
0.344994     0 60000
0.251955  6400 60000
0.415384 12800 60000
0.228657 19200 60000
0.459166 25600 60000
0.413559 32000 60000
0.379079 38400 60000
0.188650 44800 60000
0.385252 51200 60000
0.390549 57600 60000
Epoch 7
-------------------------------
0.340309     0 60000
0.424855  6400 60000
0.266124 12800 60000
0.520212 19200 60000
0.232908 25600 60000
0.127222 32000 60000
0.380108 38400 60000
0.377527 44800 60000
0.225419 51200 60000
0.185446 57600 60000
Epoch 8
-------------------------------
0.323299     0 60000
0.333495  6400 60000
0.213411 12800 60000
0.301557 19200 60000
0.282903 25600 60000
0.274630 32000 60000
0.413663 38400 60000
0.304510 44800 60000
0.300997 51200 60000
0.208264 57600 60000
Epoch 9
-------------------------------
0.314847     0 60000
0.322832  6400 60000
0.114664 12800 60000
0.412660 19200 60000
0.150381 25600 60000
0.313653 32000 60000
0.230890 38400 60000
0.196582 44800 60000
0.340088 51200 60000
0.167805 57600 60000
Epoch 10
-------------------------------
0.227712     0 60000
0.377717  6400 60000
0.290178 12800 60000
0.212560 19200 60000
0.181201 25600 60000
0.291502 32000 60000
0.232338 38400 60000
0.134786 44800 60000
0.232407 51200 60000
0.240115 57600 60000
Epoch 11
-------------------------------
0.273523     0 60000
0.234885  6400 60000
0.131917 12800 60000
0.180365 19200 60000
0.295588 25600 60000
0.352125 32000 60000
0.190976 38400 60000
0.213629 44800 60000
0.177729 51200 60000
0.311511 57600 60000
Epoch 12
-------------------------------
0.114363     0 60000
0.295254  6400 60000
0.207550 12800 60000
0.187483 19200 60000
0.171071 25600 60000
0.281741 32000 60000
0.256648 38400 60000
0.319128 44800 60000
0.112690 51200 60000
0.173165 57600 60000
