Epoch 1
-------------------------------
2.323295     0 60000
1.219710  6400 60000
0.921868 12800 60000
0.782081 19200 60000
0.824928 25600 60000
0.428734 32000 60000
0.639506 38400 60000
0.573777 44800 60000
0.499932 51200 60000
0.469879 57600 60000
Epoch 2
-------------------------------
0.447534     0 60000
0.503981  6400 60000
0.636831 12800 60000
0.439584 19200 60000
0.562552 25600 60000
0.471183 32000 60000
0.469424 38400 60000
0.379204 44800 60000
0.422607 51200 60000
0.536537 57600 60000
Epoch 3
-------------------------------
0.493655     0 60000
0.429327  6400 60000
0.464505 12800 60000
0.341181 19200 60000
0.493659 25600 60000
0.389119 32000 60000
0.321864 38400 60000
0.428744 44800 60000
0.263453 51200 60000
0.345677 57600 60000
Epoch 4
-------------------------------
0.533622     0 60000
0.470520  6400 60000
0.451262 12800 60000
0.383076 19200 60000
0.360608 25600 60000
0.495598 32000 60000
0.530614 38400 60000
0.325871 44800 60000
0.446999 51200 60000
0.454507 57600 60000
Epoch 5
-------------------------------
0.381941     0 60000
0.446416  6400 60000
0.400432 12800 60000
0.224858 19200 60000
0.360634 25600 60000
0.380783 32000 60000
0.706499 38400 60000
0.382308 44800 60000
0.308107 51200 60000
0.508996 57600 60000
Epoch 6
-------------------------------
0.387656     0 60000
0.369623  6400 60000
0.378776 12800 60000
0.377211 19200 60000
0.322379 25600 60000
0.429465 32000 60000
0.280281 38400 60000
0.344860 44800 60000
0.478128 51200 60000
0.311158 57600 60000
Epoch 7
-------------------------------
0.325281     0 60000
0.394933  6400 60000
0.329875 12800 60000
0.568541 19200 60000
0.288682 25600 60000
0.404365 32000 60000
0.304297 38400 60000
0.492724 44800 60000
0.332999 51200 60000
0.357032 57600 60000
Epoch 8
-------------------------------
0.275952     0 60000
0.296794  6400 60000
0.379494 12800 60000
0.528080 19200 60000
0.396571 25600 60000
0.246493 32000 60000
0.256570 38400 60000
0.389134 44800 60000
0.356383 51200 60000
0.321694 57600 60000
Epoch 9
-------------------------------
0.366371     0 60000
0.253664  6400 60000
0.406218 12800 60000
0.382059 19200 60000
0.502880 25600 60000
0.297260 32000 60000
0.440583 38400 60000
0.324123 44800 60000
0.505864 51200 60000
0.263213 57600 60000
Epoch 10
-------------------------------
0.393492     0 60000
0.212842  6400 60000
0.379063 12800 60000
0.243506 19200 60000
0.349469 25600 60000
0.317223 32000 60000
0.280571 38400 60000
0.368532 44800 60000
0.277577 51200 60000
0.381853 57600 60000
Epoch 11
-------------------------------
0.417024     0 60000
0.538596  6400 60000
0.334711 12800 60000
0.331273 19200 60000
0.408959 25600 60000
0.369836 32000 60000
0.341429 38400 60000
0.317071 44800 60000
0.226227 51200 60000
0.255227 57600 60000
Epoch 12
-------------------------------
0.270392     0 60000
0.345335  6400 60000
0.319116 12800 60000
0.234723 19200 60000
0.277757 25600 60000
0.333718 32000 60000
0.387233 38400 60000
0.262957 44800 60000
0.406398 51200 60000
0.478620 57600 60000
