Epoch 1
-------------------------------
0.396693     0 60000
0.323739  6400 60000
0.396281 12800 60000
0.292771 19200 60000
0.288896 25600 60000
0.302395 32000 60000
0.337552 38400 60000
0.542880 44800 60000
0.238288 51200 60000
0.283211 57600 60000
Epoch 2
-------------------------------
0.483340     0 60000
0.239332  6400 60000
0.362037 12800 60000
0.371873 19200 60000
0.335156 25600 60000
0.242384 32000 60000
0.207753 38400 60000
0.454355 44800 60000
0.372137 51200 60000
0.141928 57600 60000
Epoch 3
-------------------------------
0.344227     0 60000
0.316841  6400 60000
0.354445 12800 60000
0.255893 19200 60000
0.284982 25600 60000
0.332173 32000 60000
0.292683 38400 60000
0.317027 44800 60000
0.447379 51200 60000
0.314070 57600 60000
Epoch 4
-------------------------------
0.332957     0 60000
0.363983  6400 60000
0.274109 12800 60000
0.436418 19200 60000
0.225566 25600 60000
0.130312 32000 60000
0.246212 38400 60000
0.202469 44800 60000
0.264461 51200 60000
0.249044 57600 60000
Epoch 5
-------------------------------
0.164758     0 60000
0.309921  6400 60000
0.306719 12800 60000
0.301191 19200 60000
0.255389 25600 60000
0.168635 32000 60000
0.232307 38400 60000
0.215838 44800 60000
0.267506 51200 60000
0.165597 57600 60000
Epoch 6
-------------------------------
0.175796     0 60000
0.299647  6400 60000
0.116434 12800 60000
0.177094 19200 60000
0.338349 25600 60000
0.202316 32000 60000
0.399189 38400 60000
0.229039 44800 60000
0.416760 51200 60000
0.258623 57600 60000
Epoch 7
-------------------------------
0.304606     0 60000
0.153791  6400 60000
0.201801 12800 60000
0.339051 19200 60000
0.326669 25600 60000
0.301971 32000 60000
0.100046 38400 60000
0.186109 44800 60000
0.143945 51200 60000
0.312376 57600 60000
Epoch 8
-------------------------------
0.193729     0 60000
0.227346  6400 60000
0.214784 12800 60000
0.140167 19200 60000
0.229687 25600 60000
0.266531 32000 60000
0.307087 38400 60000
0.281200 44800 60000
0.206132 51200 60000
0.180237 57600 60000
Epoch 9
-------------------------------
0.089454     0 60000
0.228815  6400 60000
0.133183 12800 60000
0.099955 19200 60000
0.270095 25600 60000
0.133662 32000 60000
0.203307 38400 60000
0.218773 44800 60000
0.261708 51200 60000
0.237752 57600 60000
Epoch 10
-------------------------------
0.125651     0 60000
0.268345  6400 60000
0.121604 12800 60000
0.151813 19200 60000
0.216406 25600 60000
0.239886 32000 60000
0.226133 38400 60000
0.225172 44800 60000
0.243763 51200 60000
0.222083 57600 60000
Epoch 11
-------------------------------
0.290225     0 60000
0.329732  6400 60000
0.113238 12800 60000
0.265253 19200 60000
0.281225 25600 60000
0.206998 32000 60000
0.094765 38400 60000
0.151517 44800 60000
0.236675 51200 60000
0.137315 57600 60000
Epoch 12
-------------------------------
0.246728     0 60000
0.281860  6400 60000
0.207394 12800 60000
0.174019 19200 60000
0.156663 25600 60000
0.201769 32000 60000
0.093408 38400 60000
0.318526 44800 60000
0.247281 51200 60000
0.205206 57600 60000
