Epoch 1
-------------------------------
2.303951     0 60000
1.334745  6400 60000
0.926710 12800 60000
0.707634 19200 60000
0.673785 25600 60000
0.674513 32000 60000
0.553974 38400 60000
0.655041 44800 60000
0.674716 51200 60000
0.373082 57600 60000
Epoch 2
-------------------------------
0.486285     0 60000
0.545961  6400 60000
0.657467 12800 60000
0.517737 19200 60000
0.715807 25600 60000
0.673917 32000 60000
0.470716 38400 60000
0.530483 44800 60000
0.542516 51200 60000
0.520891 57600 60000
Epoch 3
-------------------------------
0.492915     0 60000
0.461123  6400 60000
0.454486 12800 60000
0.358223 19200 60000
0.411557 25600 60000
0.453657 32000 60000
0.478775 38400 60000
0.494990 44800 60000
0.670659 51200 60000
0.322473 57600 60000
Epoch 4
-------------------------------
0.403519     0 60000
0.325076  6400 60000
0.319880 12800 60000
0.368691 19200 60000
0.506102 25600 60000
0.456497 32000 60000
0.436319 38400 60000
0.556987 44800 60000
0.469748 51200 60000
0.413268 57600 60000
Epoch 5
-------------------------------
0.329883     0 60000
0.365989  6400 60000
0.549632 12800 60000
0.493895 19200 60000
0.389247 25600 60000
0.563596 32000 60000
0.422826 38400 60000
0.508588 44800 60000
0.362655 51200 60000
0.658638 57600 60000
Epoch 6
-------------------------------
0.311308     0 60000
0.246918  6400 60000
0.368028 12800 60000
0.347258 19200 60000
0.407448 25600 60000
0.297741 32000 60000
0.210030 38400 60000
0.521202 44800 60000
0.439636 51200 60000
0.395370 57600 60000
Epoch 7
-------------------------------
0.383128     0 60000
0.433386  6400 60000
0.332575 12800 60000
0.195652 19200 60000
0.267361 25600 60000
0.342884 32000 60000
0.293466 38400 60000
0.259911 44800 60000
0.233797 51200 60000
0.362152 57600 60000
Epoch 8
-------------------------------
0.429626     0 60000
0.477998  6400 60000
0.331869 12800 60000
0.303085 19200 60000
0.380318 25600 60000
0.360326 32000 60000
0.542701 38400 60000
0.311725 44800 60000
0.279763 51200 60000
0.251085 57600 60000
Epoch 9
-------------------------------
0.388578     0 60000
0.307432  6400 60000
0.421516 12800 60000
0.311080 19200 60000
0.280276 25600 60000
0.442423 32000 60000
0.389176 38400 60000
0.282255 44800 60000
0.385112 51200 60000
0.391038 57600 60000
Epoch 10
-------------------------------
0.287196     0 60000
0.330977  6400 60000
0.405481 12800 60000
0.506571 19200 60000
0.563285 25600 60000
0.341326 32000 60000
0.462776 38400 60000
0.220085 44800 60000
0.357291 51200 60000
0.358163 57600 60000
Epoch 11
-------------------------------
0.435098     0 60000
0.398089  6400 60000
0.393292 12800 60000
0.250371 19200 60000
0.366005 25600 60000
0.371362 32000 60000
0.365780 38400 60000
0.462979 44800 60000
0.306348 51200 60000
0.227584 57600 60000
Epoch 12
-------------------------------
0.399819     0 60000
0.340138  6400 60000
0.390956 12800 60000
0.250185 19200 60000
0.259880 25600 60000
0.328834 32000 60000
0.394356 38400 60000
0.315746 44800 60000
0.396778 51200 60000
0.289415 57600 60000
