Epoch 1
-------------------------------
2.307463     0 60000
0.713857  6400 60000
0.710978 12800 60000
0.696967 19200 60000
0.646856 25600 60000
0.389896 32000 60000
0.439603 38400 60000
0.511806 44800 60000
0.413199 51200 60000
0.477471 57600 60000
Epoch 2
-------------------------------
0.408597     0 60000
0.466929  6400 60000
0.623053 12800 60000
0.269716 19200 60000
0.427663 25600 60000
0.385823 32000 60000
0.363230 38400 60000
0.340156 44800 60000
0.499807 51200 60000
0.450508 57600 60000
Epoch 3
-------------------------------
0.563882     0 60000
0.429656  6400 60000
0.312009 12800 60000
0.287436 19200 60000
0.390681 25600 60000
0.265133 32000 60000
0.451101 38400 60000
0.450763 44800 60000
0.370937 51200 60000
0.346214 57600 60000
Epoch 4
-------------------------------
0.323377     0 60000
0.211478  6400 60000
0.361950 12800 60000
0.338425 19200 60000
0.396822 25600 60000
0.394123 32000 60000
0.237237 38400 60000
0.526815 44800 60000
0.435240 51200 60000
0.172170 57600 60000
Epoch 5
-------------------------------
0.439576     0 60000
0.186848  6400 60000
0.290136 12800 60000
0.380595 19200 60000
0.217756 25600 60000
0.228051 32000 60000
0.198352 38400 60000
0.346050 44800 60000
0.446179 51200 60000
0.276760 57600 60000
Epoch 6
-------------------------------
0.341127     0 60000
0.471855  6400 60000
0.455179 12800 60000
0.417830 19200 60000
0.407199 25600 60000
0.324955 32000 60000
0.326729 38400 60000
0.391254 44800 60000
0.302448 51200 60000
0.410372 57600 60000
Epoch 7
-------------------------------
0.316608     0 60000
0.329553  6400 60000
0.404178 12800 60000
0.306020 19200 60000
0.262973 25600 60000
0.206316 32000 60000
0.186792 38400 60000
0.135293 44800 60000
0.314835 51200 60000
0.261849 57600 60000
Epoch 8
-------------------------------
0.286962     0 60000
0.215246  6400 60000
0.316963 12800 60000
0.289838 19200 60000
0.332735 25600 60000
0.277660 32000 60000
0.267188 38400 60000
0.376029 44800 60000
0.389892 51200 60000
0.242560 57600 60000
Epoch 9
-------------------------------
0.240068     0 60000
0.237908  6400 60000
0.266116 12800 60000
0.215879 19200 60000
0.395667 25600 60000
0.259267 32000 60000
0.280456 38400 60000
0.410020 44800 60000
0.211655 51200 60000
0.225703 57600 60000
Epoch 10
-------------------------------
0.285443     0 60000
0.226943  6400 60000
0.257895 12800 60000
0.313426 19200 60000
0.406003 25600 60000
0.219053 32000 60000
0.422116 38400 60000
0.430700 44800 60000
0.349904 51200 60000
0.276720 57600 60000
Epoch 11
-------------------------------
0.331315     0 60000
0.178396  6400 60000
0.179882 12800 60000
0.219475 19200 60000
0.239921 25600 60000
0.222151 32000 60000
0.252044 38400 60000
0.301326 44800 60000
0.311663 51200 60000
0.486441 57600 60000
Epoch 12
-------------------------------
0.173089     0 60000
0.209993  6400 60000
0.287343 12800 60000
0.309460 19200 60000
0.315849 25600 60000
0.153465 32000 60000
0.149518 38400 60000
0.302655 44800 60000
0.268698 51200 60000
0.342949 57600 60000
