Epoch 1
-------------------------------
2.303242     0 60000
1.194016  6400 60000
0.771712 12800 60000
0.597516 19200 60000
0.540815 25600 60000
0.697153 32000 60000
0.481483 38400 60000
0.531369 44800 60000
0.519310 51200 60000
0.690960 57600 60000
Epoch 2
-------------------------------
0.459008     0 60000
0.366682  6400 60000
0.482958 12800 60000
0.389247 19200 60000
0.495520 25600 60000
0.356131 32000 60000
0.343462 38400 60000
0.523725 44800 60000
0.520226 51200 60000
0.270560 57600 60000
Epoch 3
-------------------------------
0.564780     0 60000
0.525137  6400 60000
0.330271 12800 60000
0.370262 19200 60000
0.542280 25600 60000
0.393504 32000 60000
0.389554 38400 60000
0.392806 44800 60000
0.297358 51200 60000
0.475425 57600 60000
Epoch 4
-------------------------------
0.480110     0 60000
0.326602  6400 60000
0.322241 12800 60000
0.437980 19200 60000
0.380178 25600 60000
0.303792 32000 60000
0.491181 38400 60000
0.403908 44800 60000
0.319237 51200 60000
0.297075 57600 60000
Epoch 5
-------------------------------
0.403784     0 60000
0.253029  6400 60000
0.425008 12800 60000
0.420133 19200 60000
0.201879 25600 60000
0.252259 32000 60000
0.458063 38400 60000
0.201415 44800 60000
0.465110 51200 60000
0.400476 57600 60000
Epoch 6
-------------------------------
0.313895     0 60000
0.271540  6400 60000
0.555714 12800 60000
0.523829 19200 60000
0.285333 25600 60000
0.234233 32000 60000
0.385207 38400 60000
0.231490 44800 60000
0.292410 51200 60000
0.268713 57600 60000
Epoch 7
-------------------------------
0.290916     0 60000
0.337181  6400 60000
0.376746 12800 60000
0.350911 19200 60000
0.444940 25600 60000
0.419378 32000 60000
0.459461 38400 60000
0.335956 44800 60000
0.338404 51200 60000
0.316495 57600 60000
Epoch 8
-------------------------------
0.364361     0 60000
0.370436  6400 60000
0.327802 12800 60000
0.222751 19200 60000
0.334601 25600 60000
0.349508 32000 60000
0.360528 38400 60000
0.441733 44800 60000
0.290854 51200 60000
0.318976 57600 60000
Epoch 9
-------------------------------
0.536316     0 60000
0.248036  6400 60000
0.268779 12800 60000
0.354965 19200 60000
0.273039 25600 60000
0.292145 32000 60000
0.353619 38400 60000
0.404039 44800 60000
0.257521 51200 60000
0.539873 57600 60000
Epoch 10
-------------------------------
0.277289     0 60000
0.337058  6400 60000
0.187792 12800 60000
0.230160 19200 60000
0.438424 25600 60000
0.382655 32000 60000
0.264822 38400 60000
0.346486 44800 60000
0.232258 51200 60000
0.223353 57600 60000
Epoch 11
-------------------------------
0.373911     0 60000
0.218183  6400 60000
0.394409 12800 60000
0.333672 19200 60000
0.453341 25600 60000
0.229079 32000 60000
0.229582 38400 60000
0.276140 44800 60000
0.300786 51200 60000
0.291040 57600 60000
Epoch 12
-------------------------------
0.373988     0 60000
0.235968  6400 60000
0.283237 12800 60000
0.366633 19200 60000
0.256716 25600 60000
0.236962 32000 60000
0.135815 38400 60000
0.549100 44800 60000
0.270177 51200 60000
0.412518 57600 60000
