Epoch 1
-------------------------------
0.121341     0 60000
0.232126  6400 60000
0.465456 12800 60000
0.620660 19200 60000
0.270600 25600 60000
0.336183 32000 60000
0.555608 38400 60000
0.514072 44800 60000
0.253245 51200 60000
0.179633 57600 60000
Epoch 2
-------------------------------
0.293486     0 60000
0.194077  6400 60000
0.298162 12800 60000
0.288393 19200 60000
0.220694 25600 60000
0.271708 32000 60000
0.263582 38400 60000
0.096202 44800 60000
0.292015 51200 60000
0.316914 57600 60000
Epoch 3
-------------------------------
0.320723     0 60000
0.376151  6400 60000
0.325728 12800 60000
0.322332 19200 60000
0.398068 25600 60000
0.255377 32000 60000
0.446667 38400 60000
0.353500 44800 60000
0.251886 51200 60000
0.245319 57600 60000
Epoch 4
-------------------------------
0.384888     0 60000
0.299774  6400 60000
0.342093 12800 60000
0.196069 19200 60000
0.296738 25600 60000
0.181570 32000 60000
0.269100 38400 60000
0.127700 44800 60000
0.295456 51200 60000
0.358496 57600 60000
Epoch 5
-------------------------------
0.169018     0 60000
0.321564  6400 60000
0.266157 12800 60000
0.239351 19200 60000
0.334865 25600 60000
0.200059 32000 60000
0.227303 38400 60000
0.092137 44800 60000
0.277819 51200 60000
0.295247 57600 60000
Epoch 6
-------------------------------
0.354326     0 60000
0.195477  6400 60000
0.338528 12800 60000
0.327822 19200 60000
0.231234 25600 60000
0.174023 32000 60000
0.287783 38400 60000
0.194110 44800 60000
0.256849 51200 60000
0.317076 57600 60000
Epoch 7
-------------------------------
0.186684     0 60000
0.168023  6400 60000
0.251452 12800 60000
0.107166 19200 60000
0.337977 25600 60000
0.248412 32000 60000
0.174032 38400 60000
0.178303 44800 60000
0.295321 51200 60000
0.233937 57600 60000
Epoch 8
-------------------------------
0.266856     0 60000
0.177919  6400 60000
0.301280 12800 60000
0.177179 19200 60000
0.250593 25600 60000
0.450400 32000 60000
0.136610 38400 60000
0.277143 44800 60000
0.380479 51200 60000
0.205510 57600 60000
Epoch 9
-------------------------------
0.229551     0 60000
0.232437  6400 60000
0.177216 12800 60000
0.305311 19200 60000
0.286972 25600 60000
0.283269 32000 60000
0.217575 38400 60000
0.189517 44800 60000
0.184268 51200 60000
0.257802 57600 60000
Epoch 10
-------------------------------
0.265288     0 60000
0.259103  6400 60000
0.212419 12800 60000
0.161477 19200 60000
0.412419 25600 60000
0.228638 32000 60000
0.185155 38400 60000
0.257760 44800 60000
0.140794 51200 60000
0.215908 57600 60000
Epoch 11
-------------------------------
0.149452     0 60000
0.197593  6400 60000
0.237630 12800 60000
0.129892 19200 60000
0.176762 25600 60000
0.064960 32000 60000
0.241540 38400 60000
0.167670 44800 60000
0.220465 51200 60000
0.122062 57600 60000
Epoch 12
-------------------------------
0.278470     0 60000
0.157845  6400 60000
0.224706 12800 60000
0.128741 19200 60000
0.090461 25600 60000
0.172094 32000 60000
0.120043 38400 60000
0.341328 44800 60000
0.043425 51200 60000
0.350917 57600 60000
