Epoch 1
-------------------------------
0.279411     0 60000
0.338004  6400 60000
0.474460 12800 60000
0.327110 19200 60000
0.277281 25600 60000
0.378055 32000 60000
0.458432 38400 60000
0.259600 44800 60000
0.215573 51200 60000
0.301921 57600 60000
Epoch 2
-------------------------------
0.290705     0 60000
0.445547  6400 60000
0.476153 12800 60000
0.298206 19200 60000
0.244534 25600 60000
0.459448 32000 60000
0.426298 38400 60000
0.307943 44800 60000
0.074844 51200 60000
0.470964 57600 60000
Epoch 3
-------------------------------
0.330625     0 60000
0.468118  6400 60000
0.488484 12800 60000
0.247421 19200 60000
0.248074 25600 60000
0.474713 32000 60000
0.311823 38400 60000
0.354180 44800 60000
0.286722 51200 60000
0.324468 57600 60000
Epoch 4
-------------------------------
0.256405     0 60000
0.172429  6400 60000
0.253494 12800 60000
0.420345 19200 60000
0.324071 25600 60000
0.150430 32000 60000
0.337644 38400 60000
0.419971 44800 60000
0.303169 51200 60000
0.145688 57600 60000
Epoch 5
-------------------------------
0.214514     0 60000
0.163709  6400 60000
0.234658 12800 60000
0.312808 19200 60000
0.314425 25600 60000
0.222496 32000 60000
0.229075 38400 60000
0.184161 44800 60000
0.257082 51200 60000
0.154281 57600 60000
Epoch 6
-------------------------------
0.194149     0 60000
0.118775  6400 60000
0.223604 12800 60000
0.173247 19200 60000
0.332354 25600 60000
0.159687 32000 60000
0.364571 38400 60000
0.382661 44800 60000
0.313838 51200 60000
0.140449 57600 60000
Epoch 7
-------------------------------
0.203379     0 60000
0.275796  6400 60000
0.295779 12800 60000
0.162580 19200 60000
0.191659 25600 60000
0.207997 32000 60000
0.221950 38400 60000
0.185582 44800 60000
0.141830 51200 60000
0.216009 57600 60000
Epoch 8
-------------------------------
0.167567     0 60000
0.123197  6400 60000
0.283321 12800 60000
0.142530 19200 60000
0.158772 25600 60000
0.088635 32000 60000
0.295967 38400 60000
0.297067 44800 60000
0.266374 51200 60000
0.291348 57600 60000
Epoch 9
-------------------------------
0.222243     0 60000
0.086426  6400 60000
0.352081 12800 60000
0.279336 19200 60000
0.145333 25600 60000
0.173374 32000 60000
0.175766 38400 60000
0.139489 44800 60000
0.199628 51200 60000
0.186678 57600 60000
Epoch 10
-------------------------------
0.136825     0 60000
0.262166  6400 60000
0.274195 12800 60000
0.236026 19200 60000
0.211672 25600 60000
0.210427 32000 60000
0.309681 38400 60000
0.253754 44800 60000
0.124249 51200 60000
0.123723 57600 60000
Epoch 11
-------------------------------
0.131895     0 60000
0.085528  6400 60000
0.243596 12800 60000
0.240499 19200 60000
0.217451 25600 60000
0.166885 32000 60000
0.207820 38400 60000
0.257300 44800 60000
0.153043 51200 60000
0.292017 57600 60000
Epoch 12
-------------------------------
0.158253     0 60000
0.193959  6400 60000
0.228633 12800 60000
0.136700 19200 60000
0.389930 25600 60000
0.173316 32000 60000
0.103862 38400 60000
0.178606 44800 60000
0.081734 51200 60000
0.216640 57600 60000
