Epoch 1
-------------------------------
0.266972     0 60000
0.338600  6400 60000
0.512181 12800 60000
0.483696 19200 60000
0.455576 25600 60000
0.308669 32000 60000
0.380075 38400 60000
0.374135 44800 60000
0.462002 51200 60000
0.321060 57600 60000
Epoch 2
-------------------------------
0.320540     0 60000
0.186323  6400 60000
0.223899 12800 60000
0.283262 19200 60000
0.366367 25600 60000
0.305106 32000 60000
0.283324 38400 60000
0.267171 44800 60000
0.437414 51200 60000
0.401364 57600 60000
Epoch 3
-------------------------------
0.252957     0 60000
0.355209  6400 60000
0.253481 12800 60000
0.110410 19200 60000
0.392362 25600 60000
0.227994 32000 60000
0.252042 38400 60000
0.274780 44800 60000
0.240138 51200 60000
0.252957 57600 60000
Epoch 4
-------------------------------
0.193726     0 60000
0.205148  6400 60000
0.206189 12800 60000
0.271355 19200 60000
0.253399 25600 60000
0.276900 32000 60000
0.546540 38400 60000
0.203999 44800 60000
0.137208 51200 60000
0.264717 57600 60000
Epoch 5
-------------------------------
0.380160     0 60000
0.230551  6400 60000
0.361447 12800 60000
0.298581 19200 60000
0.301602 25600 60000
0.250972 32000 60000
0.373950 38400 60000
0.282427 44800 60000
0.371233 51200 60000
0.148527 57600 60000
Epoch 6
-------------------------------
0.160302     0 60000
0.110788  6400 60000
0.176326 12800 60000
0.290037 19200 60000
0.255660 25600 60000
0.278183 32000 60000
0.397973 38400 60000
0.234865 44800 60000
0.351560 51200 60000
0.221986 57600 60000
Epoch 7
-------------------------------
0.190187     0 60000
0.276774  6400 60000
0.609217 12800 60000
0.172168 19200 60000
0.108179 25600 60000
0.550124 32000 60000
0.252782 38400 60000
0.247027 44800 60000
0.169045 51200 60000
0.201104 57600 60000
Epoch 8
-------------------------------
0.278088     0 60000
0.210334  6400 60000
0.231369 12800 60000
0.238581 19200 60000
0.126655 25600 60000
0.274669 32000 60000
0.172724 38400 60000
0.272564 44800 60000
0.356186 51200 60000
0.146182 57600 60000
Epoch 9
-------------------------------
0.242252     0 60000
0.222201  6400 60000
0.189333 12800 60000
0.289756 19200 60000
0.251156 25600 60000
0.212753 32000 60000
0.216451 38400 60000
0.133612 44800 60000
0.232279 51200 60000
0.237575 57600 60000
Epoch 10
-------------------------------
0.191874     0 60000
0.251943  6400 60000
0.148523 12800 60000
0.074570 19200 60000
0.180943 25600 60000
0.306497 32000 60000
0.197865 38400 60000
0.301021 44800 60000
0.227595 51200 60000
0.081047 57600 60000
Epoch 11
-------------------------------
0.096359     0 60000
0.188950  6400 60000
0.176082 12800 60000
0.218244 19200 60000
0.098807 25600 60000
0.163263 32000 60000
0.281186 38400 60000
0.276918 44800 60000
0.230646 51200 60000
0.205355 57600 60000
Epoch 12
-------------------------------
0.160988     0 60000
0.378854  6400 60000
0.129105 12800 60000
0.181693 19200 60000
0.369094 25600 60000
0.150092 32000 60000
0.207342 38400 60000
0.304111 44800 60000
0.254209 51200 60000
0.126900 57600 60000
