3 3 3 5
5 0 0.01 0.1 88.71 88.88
5 0 0.01 1 88.71 88.88
5 0 0.01 10 88.71 88.88
5 0 0.01 100 88.71 88.88
5 0 0.01 1000 88.71 88.88
5 0 0.1 0.1 88.71 88.88
5 0 0.1 1 88.71 88.88
5 0 0.1 10 88.71 88.88
5 0 0.1 100 88.71 88.88
5 0 0.1 1000 88.44 88.70
5 0 1 0.1 84.58 84.82
5 0 1 1 44.22 45.30
5 0 1 10 13.96 15.18
5 0 1 100 3.69 6.77
5 0 1 1000 0.47 4.37
5 1 0.01 0.1 32.99 33.28
5 1 0.01 1 13.10 12.73
5 1 0.01 10 10.32 10.18
5 1 0.01 100 8.88 9.45
5 1 0.01 1000 6.18 7.15
5 1 0.1 0.1 12.53 12.00
5 1 0.1 1 8.88 9.07
5 1 0.1 10 5.65 6.48
5 1 0.1 100 2.14 4.08
5 1 0.1 1000 0.37 3.93
5 1 1 0.1 4.00 5.00
5 1 1 1 1.27 3.42
5 1 1 10 0.13 3.37
5 1 1 100 0.00 3.68
5 1 1 1000 0.00 3.68
5 5 0.01 0.1 9.48 10.08
5 5 0.01 1 8.58 9.38
5 5 0.01 10 5.83 7.00
5 5 0.01 100 2.02 4.33
5 5 0.01 1000 0.47 4.18
5 5 0.1 0.1 5.64 6.80
5 5 0.1 1 1.98 4.20
5 5 0.1 10 0.34 3.95
5 5 0.1 100 0.03 4.25
5 5 0.1 1000 0.00 4.28
5 5 1 0.1 0.22 3.75
5 5 1 1 0.00 4.13
5 5 1 10 0.00 4.12
5 5 1 100 0.00 4.12
5 5 1 1000 0.00 4.12
6 0 0.01 0.1 88.71 88.88
6 0 0.01 1 88.71 88.88
6 0 0.01 10 88.71 88.88
6 0 0.01 100 88.71 88.88
6 0 0.01 1000 88.71 88.88
6 0 0.1 0.1 88.71 88.88
6 0 0.1 1 88.71 88.88
6 0 0.1 10 88.71 88.88
6 0 0.1 100 88.71 88.88
6 0 0.1 1000 88.71 88.88
6 0 1 0.1 86.00 86.27
6 0 1 1 68.47 68.22
6 0 1 10 33.61 35.88
6 0 1 100 12.51 15.95
6 0 1 1000 2.90 8.57
6 1 0.01 0.1 30.51 30.75
6 1 0.01 1 12.73 12.35
6 1 0.01 10 10.09 10.22
6 1 0.01 100 8.66 9.12
6 1 0.01 1000 5.33 6.57
6 1 0.1 0.1 11.99 11.55
6 1 0.1 1 8.27 8.60
6 1 0.1 10 4.92 5.83
6 1 0.1 100 1.68 3.87
6 1 0.1 1000 0.22 3.90
6 1 1 0.1 3.28 4.53
6 1 1 1 0.71 3.10
6 1 1 10 0.05 3.45
6 1 1 100 0.00 3.60
6 1 1 1000 0.00 3.60
6 5 0.01 0.1 8.80 9.70
6 5 0.01 1 6.39 7.38
6 5 0.01 10 2.33 4.43
6 5 0.01 100 0.53 3.90
6 5 0.01 1000 0.46 4.70
6 5 0.1 0.1 2.31 4.30
6 5 0.1 1 0.47 3.98
6 5 0.1 10 0.03 4.18
6 5 0.1 100 0.00 4.30
6 5 0.1 1000 0.00 4.30
6 5 1 0.1 0.00 4.10
6 5 1 1 0.00 4.13
6 5 1 10 0.00 4.13
6 5 1 100 0.00 4.13
6 5 1 1000 0.00 4.13
7 0 0.01 0.1 88.71 88.88
7 0 0.01 1 88.71 88.88
7 0 0.01 10 88.71 88.88
7 0 0.01 100 88.71 88.88
7 0 0.01 1000 88.71 88.88
7 0 0.1 0.1 88.71 88.88
7 0 0.1 1 88.71 88.88
7 0 0.1 10 88.71 88.88
7 0 0.1 100 88.71 88.88
7 0 0.1 1000 88.71 88.88
7 0 1 0.1 86.83 87.07
7 0 1 1 81.26 81.50
7 0 1 10 49.71 51.03
7 0 1 100 21.82 24.72
7 0 1 1000 8.49 12.87
7 1 0.01 0.1 26.66 26.62
7 1 0.01 1 12.47 12.15
7 1 0.01 10 9.98 10.18
7 1 0.01 100 8.31 8.92
7 1 0.01 1000 4.74 5.98
7 1 0.1 0.1 11.50 11.08
7 1 0.1 1 7.71 8.12
7 1 0.1 10 4.42 5.38
7 1 0.1 100 1.32 3.82
7 1 0.1 1000 0.15 3.90
7 1 1 0.1 2.64 4.10
7 1 1 1 0.42 3.08
7 1 1 10 0.01 3.43
7 1 1 100 0.00 3.50
7 1 1 1000 0.00 3.50
7 5 0.01 0.1 6.95 7.83
7 5 0.01 1 2.85 4.80
7 5 0.01 10 0.69 3.88
7 5 0.01 100 0.27 4.72
7 5 0.01 1000 0.66 5.02
7 5 0.1 0.1 0.66 3.80
7 5 0.1 1 0.03 4.20
7 5 0.1 10 0.00 4.32
7 5 0.1 100 0.00 4.32
7 5 0.1 1000 0.00 4.32
7 5 1 0.1 0.00 4.08
7 5 1 1 0.00 4.08
7 5 1 10 0.00 4.08
7 5 1 100 0.00 4.08
7 5 1 1000 0.00 4.08
