3 3 3 5
1 0 0.01 0.1 88.61 88.82
1 0 0.01 1 20.20 19.82
1 0 0.01 10 12.05 11.82
1 0 0.01 100 10.16 10.30
1 0 0.01 1000 9.35 10.10
1 0 0.1 0.1 20.20 19.82
1 0 0.1 1 12.05 11.82
1 0 0.1 10 10.16 10.30
1 0 0.1 100 9.35 10.10
1 0 0.1 1000 9.02 10.17
1 0 1 0.1 12.04 11.82
1 0 1 1 10.16 10.30
1 0 1 10 9.34 10.10
1 0 1 100 9.02 10.17
1 0 1 1000 9.10 10.18
1 1 0.01 0.1 88.61 88.82
1 1 0.01 1 20.20 19.82
1 1 0.01 10 12.05 11.82
1 1 0.01 100 10.16 10.30
1 1 0.01 1000 9.35 10.12
1 1 0.1 0.1 20.20 19.82
1 1 0.1 1 12.04 11.82
1 1 0.1 10 10.17 10.30
1 1 0.1 100 9.36 10.10
1 1 0.1 1000 9.03 10.17
1 1 1 0.1 12.05 11.82
1 1 1 1 10.16 10.30
1 1 1 10 9.35 10.10
1 1 1 100 9.03 10.17
1 1 1 1000 9.10 10.18
1 5 0.01 0.1 88.61 88.82
1 5 0.01 1 20.20 19.82
1 5 0.01 10 12.04 11.82
1 5 0.01 100 10.16 10.32
1 5 0.01 1000 9.34 10.07
1 5 0.1 0.1 20.20 19.82
1 5 0.1 1 12.05 11.82
1 5 0.1 10 10.17 10.30
1 5 0.1 100 9.35 10.12
1 5 0.1 1000 9.07 10.18
1 5 1 0.1 12.05 11.82
1 5 1 1 10.16 10.30
1 5 1 10 9.35 10.10
1 5 1 100 9.03 10.17
1 5 1 1000 9.10 10.18
2 0 0.01 0.1 88.71 88.88
2 0 0.01 1 88.71 88.88
2 0 0.01 10 88.71 88.88
2 0 0.01 100 73.87 73.42
2 0 0.01 1000 13.24 13.43
2 0 0.1 0.1 88.71 88.88
2 0 0.1 1 73.87 73.42
2 0 0.1 10 13.24 13.43
2 0 0.1 100 6.29 6.63
2 0 0.1 1000 3.33 4.67
2 0 1 0.1 13.24 13.43
2 0 1 1 6.29 6.63
2 0 1 10 3.33 4.67
2 0 1 100 1.03 5.02
2 0 1 1000 0.09 5.77
2 1 0.01 0.1 68.92 68.88
2 1 0.01 1 16.12 15.57
2 1 0.01 10 11.17 11.13
2 1 0.01 100 9.77 10.20
2 1 0.01 1000 8.77 9.72
2 1 0.1 0.1 15.94 15.30
2 1 0.1 1 10.93 10.83
2 1 0.1 10 8.92 9.30
2 1 0.1 100 6.03 7.00
2 1 0.1 1000 2.27 4.28
2 1 1 0.1 8.89 8.88
2 1 1 1 5.35 6.12
2 1 1 10 2.26 4.08
2 1 1 100 0.48 3.95
2 1 1 1000 0.03 4.28
2 5 0.01 0.1 20.20 19.82
2 5 0.01 1 12.03 11.77
2 5 0.01 10 10.14 10.28
2 5 0.01 100 9.31 10.02
2 5 0.01 1000 8.62 9.67
2 5 0.1 0.1 11.99 11.78
2 5 0.1 1 9.95 10.13
2 5 0.1 10 8.83 9.53
2 5 0.1 100 6.20 7.20
2 5 0.1 1000 2.26 4.38
2 5 1 0.1 8.98 9.23
2 5 1 1 5.91 6.75
2 5 1 10 2.24 4.30
2 5 1 100 0.48 4.05
2 5 1 1000 0.03 4.30
5 0 0.01 0.1 88.71 88.88
5 0 0.01 1 88.71 88.88
5 0 0.01 10 88.71 88.88
5 0 0.01 100 88.71 88.88
5 0 0.01 1000 88.71 88.88
5 0 0.1 0.1 88.71 88.88
5 0 0.1 1 88.71 88.88
5 0 0.1 10 88.71 88.88
5 0 0.1 100 88.71 88.88
5 0 0.1 1000 88.44 88.70
5 0 1 0.1 84.58 84.82
5 0 1 1 44.22 45.30
5 0 1 10 13.96 15.18
5 0 1 100 3.69 6.77
5 0 1 1000 0.47 4.37
5 1 0.01 0.1 32.99 33.28
5 1 0.01 1 13.10 12.73
5 1 0.01 10 10.32 10.18
5 1 0.01 100 8.88 9.45
5 1 0.01 1000 6.18 7.15
5 1 0.1 0.1 12.53 12.00
5 1 0.1 1 8.88 9.07
5 1 0.1 10 5.65 6.48
5 1 0.1 100 2.14 4.08
5 1 0.1 1000 0.37 3.93
5 1 1 0.1 4.00 5.00
5 1 1 1 1.27 3.42
5 1 1 10 0.13 3.37
5 1 1 100 0.00 3.68
5 1 1 1000 0.00 3.68
5 5 0.01 0.1 9.48 10.08
5 5 0.01 1 8.58 9.38
5 5 0.01 10 5.83 7.00
5 5 0.01 100 2.02 4.33
5 5 0.01 1000 0.47 4.18
5 5 0.1 0.1 5.64 6.80
5 5 0.1 1 1.98 4.20
5 5 0.1 10 0.34 3.95
5 5 0.1 100 0.03 4.25
5 5 0.1 1000 0.00 4.28
5 5 1 0.1 0.22 3.75
5 5 1 1 0.00 4.13
5 5 1 10 0.00 4.12
5 5 1 100 0.00 4.12
5 5 1 1000 0.00 4.12
