3 3 3 5
8 0 0.01 0.1 88.71 88.88
8 0 0.01 1 88.71 88.88
8 0 0.01 10 88.71 88.88
8 0 0.01 100 88.71 88.88
8 0 0.01 1000 88.71 88.88
8 0 0.1 0.1 88.71 88.88
8 0 0.1 1 88.71 88.88
8 0 0.1 10 88.71 88.88
8 0 0.1 100 88.71 88.88
8 0 0.1 1000 88.71 88.88
8 0 1 0.1 87.49 87.47
8 0 1 1 84.23 84.70
8 0 1 10 65.97 67.07
8 0 1 100 39.91 43.20
8 0 1 1000 18.69 23.72
8 1 0.01 0.1 23.21 23.02
8 1 0.01 1 12.25 11.87
8 1 0.01 10 9.83 10.02
8 1 0.01 100 7.87 8.52
8 1 0.01 1000 4.23 5.50
8 1 0.1 0.1 11.06 10.67
8 1 0.1 1 7.24 7.70
8 1 0.1 10 3.82 4.95
8 1 0.1 100 0.99 3.60
8 1 0.1 1000 0.08 3.97
8 1 1 0.1 1.98 3.78
8 1 1 1 0.27 3.15
8 1 1 10 0.00 3.42
8 1 1 100 0.00 3.47
8 1 1 1000 0.00 3.47
8 5 0.01 0.1 3.48 5.10
8 5 0.01 1 0.97 3.82
8 5 0.01 10 0.15 4.52
8 5 0.01 100 0.37 4.85
8 5 0.01 1000 0.60 4.92
8 5 0.1 0.1 0.06 4.10
8 5 0.1 1 0.00 4.30
8 5 0.1 10 0.00 4.30
8 5 0.1 100 0.00 4.30
8 5 0.1 1000 0.00 4.30
8 5 1 0.1 0.00 4.02
8 5 1 1 0.00 4.02
8 5 1 10 0.00 4.02
8 5 1 100 0.00 4.02
8 5 1 1000 0.00 4.02
9 0 0.01 0.1 88.71 88.88
9 0 0.01 1 88.71 88.88
9 0 0.01 10 88.71 88.88
9 0 0.01 100 88.71 88.88
9 0 0.01 1000 88.71 88.88
9 0 0.1 0.1 88.71 88.88
9 0 0.1 1 88.71 88.88
9 0 0.1 10 88.71 88.88
9 0 0.1 100 88.71 88.88
9 0 0.1 1000 88.71 88.88
9 0 1 0.1 87.83 87.85
9 0 1 1 85.22 85.68
9 0 1 10 77.69 78.60
9 0 1 100 51.83 53.92
9 0 1 1000 27.86 32.90
9 1 0.01 0.1 21.18 20.97
9 1 0.01 1 12.02 11.77
9 1 0.01 10 9.75 9.93
9 1 0.01 100 7.63 8.28
9 1 0.01 1000 3.88 5.20
9 1 0.1 0.1 10.49 10.42
9 1 0.1 1 6.81 7.35
9 1 0.1 10 3.37 4.65
9 1 0.1 100 0.82 3.63
9 1 0.1 1000 0.05 3.90
9 1 1 0.1 1.50 3.52
9 1 1 1 0.15 3.23
9 1 1 10 0.00 3.45
9 1 1 100 0.00 3.45
9 1 1 1000 0.00 3.45
9 5 0.01 0.1 1.24 3.93
9 5 0.01 1 0.15 4.32
9 5 0.01 10 0.13 4.63
9 5 0.01 100 0.18 4.75
9 5 0.01 1000 0.18 4.75
9 5 0.1 0.1 0.00 4.32
9 5 0.1 1 0.00 4.32
9 5 0.1 10 0.00 4.32
9 5 0.1 100 0.00 4.32
9 5 0.1 1000 0.00 4.32
9 5 1 0.1 0.00 3.88
9 5 1 1 0.00 3.88
9 5 1 10 0.00 3.88
9 5 1 100 0.00 3.88
9 5 1 1000 0.00 3.88
10 0 0.01 0.1 88.71 88.88
10 0 0.01 1 88.71 88.88
10 0 0.01 10 88.71 88.88
10 0 0.01 100 88.71 88.88
10 0 0.01 1000 88.71 88.88
10 0 0.1 0.1 88.71 88.88
10 0 0.1 1 88.71 88.88
10 0 0.1 10 88.71 88.88
10 0 0.1 100 88.71 88.88
10 0 0.1 1000 88.71 88.88
10 0 1 0.1 88.01 88.15
10 0 1 1 85.94 86.38
10 0 1 10 81.20 82.13
10 0 1 100 63.59 65.82
10 0 1 1000 43.00 47.45
10 1 0.01 0.1 20.11 19.48
10 1 0.01 1 11.83 11.53
10 1 0.01 10 9.63 9.78
10 1 0.01 100 7.27 8.07
10 1 0.01 1000 3.37 4.92
10 1 0.1 0.1 10.21 10.03
10 1 0.1 1 6.45 6.90
10 1 0.1 10 2.99 4.53
10 1 0.1 100 0.59 3.62
10 1 0.1 1000 0.04 3.97
10 1 1 0.1 0.96 3.28
10 1 1 1 0.05 3.37
10 1 1 10 0.00 3.52
10 1 1 100 0.00 3.52
10 1 1 1000 0.00 3.52
10 5 0.01 0.1 0.28 4.08
10 5 0.01 1 0.12 4.60
10 5 0.01 10 0.29 4.80
10 5 0.01 100 0.29 4.80
10 5 0.01 1000 0.29 4.80
10 5 0.1 0.1 0.00 4.33
10 5 0.1 1 0.00 4.33
10 5 0.1 10 0.00 4.33
10 5 0.1 100 0.00 4.33
10 5 0.1 1000 0.00 4.33
10 5 1 0.1 0.00 3.85
10 5 1 1 0.00 3.85
10 5 1 10 0.00 3.85
10 5 1 100 0.00 3.85
10 5 1 1000 0.00 3.85
