Epoch 1
-------------------------------
0.288058     0 60000
0.469287 12800 60000
0.277665 25600 60000
0.387256 38400 60000
0.274809 51200 60000
Epoch 2
-------------------------------
0.433285     0 60000
0.487327 12800 60000
0.379391 25600 60000
0.352872 38400 60000
0.445822 51200 60000
Epoch 3
-------------------------------
0.255436     0 60000
0.301647 12800 60000
0.356174 25600 60000
0.345769 38400 60000
0.427334 51200 60000
Epoch 4
-------------------------------
0.299019     0 60000
0.355472 12800 60000
0.331634 25600 60000
0.286299 38400 60000
0.311824 51200 60000
Epoch 5
-------------------------------
0.338736     0 60000
0.394424 12800 60000
0.344724 25600 60000
0.441847 38400 60000
0.495793 51200 60000
Epoch 6
-------------------------------
0.401134     0 60000
0.336040 12800 60000
0.369357 25600 60000
0.376535 38400 60000
0.283570 51200 60000
Epoch 7
-------------------------------
0.331904     0 60000
0.311334 12800 60000
0.262231 25600 60000
0.405405 38400 60000
0.381172 51200 60000
Epoch 8
-------------------------------
0.395301     0 60000
0.278018 12800 60000
0.310705 25600 60000
0.336864 38400 60000
0.294317 51200 60000
Epoch 9
-------------------------------
0.376744     0 60000
0.200512 12800 60000
0.249401 25600 60000
0.249180 38400 60000
0.270904 51200 60000
Epoch 10
-------------------------------
0.256914     0 60000
0.302430 12800 60000
0.394811 25600 60000
0.284416 38400 60000
0.328764 51200 60000
Epoch 11
-------------------------------
0.240155     0 60000
0.196922 12800 60000
0.308127 25600 60000
0.262951 38400 60000
0.276850 51200 60000
Epoch 12
-------------------------------
0.243845     0 60000
0.429183 12800 60000
0.404677 25600 60000
0.333113 38400 60000
0.333371 51200 60000
