Epoch 1
-------------------------------
2.313963     0 60000
0.749463 12800 60000
0.532628 25600 60000
0.524117 38400 60000
0.565557 51200 60000
Epoch 2
-------------------------------
0.518962     0 60000
0.392051 12800 60000
0.474570 25600 60000
0.395630 38400 60000
0.435008 51200 60000
Epoch 3
-------------------------------
0.405163     0 60000
0.254500 12800 60000
0.430244 25600 60000
0.335129 38400 60000
0.329961 51200 60000
Epoch 4
-------------------------------
0.286515     0 60000
0.196477 12800 60000
0.404860 25600 60000
0.268519 38400 60000
0.289844 51200 60000
Epoch 5
-------------------------------
0.246356     0 60000
0.227704 12800 60000
0.271053 25600 60000
0.257817 38400 60000
0.236611 51200 60000
Epoch 6
-------------------------------
0.265833     0 60000
0.344563 12800 60000
0.352291 25600 60000
0.261941 38400 60000
0.308858 51200 60000
Epoch 7
-------------------------------
0.248389     0 60000
0.215109 12800 60000
0.251295 25600 60000
0.344497 38400 60000
0.233207 51200 60000
Epoch 8
-------------------------------
0.302415     0 60000
0.347625 12800 60000
0.250457 25600 60000
0.276247 38400 60000
0.314002 51200 60000
Epoch 9
-------------------------------
0.190529     0 60000
0.276215 12800 60000
0.245493 25600 60000
0.248648 38400 60000
0.246865 51200 60000
Epoch 10
-------------------------------
0.204130     0 60000
0.214787 12800 60000
0.316938 25600 60000
0.254389 38400 60000
0.206778 51200 60000
Epoch 11
-------------------------------
0.238239     0 60000
0.187450 12800 60000
0.168237 25600 60000
0.272855 38400 60000
0.278105 51200 60000
Epoch 12
-------------------------------
0.349389     0 60000
0.200590 12800 60000
0.229739 25600 60000
0.233687 38400 60000
0.098557 51200 60000
