Epoch 1
-------------------------------
0.568711     0 60000
1.207902 12800 60000
1.193346 25600 60000
0.929286 38400 60000
1.278985 51200 60000
Epoch 2
-------------------------------
0.998930     0 60000
1.178029 12800 60000
0.963943 25600 60000
0.860161 38400 60000
0.766163 51200 60000
Epoch 3
-------------------------------
0.686393     0 60000
0.526845 12800 60000
0.529024 25600 60000
0.667220 38400 60000
0.586366 51200 60000
Epoch 4
-------------------------------
0.590255     0 60000
0.541141 12800 60000
0.643102 25600 60000
0.624353 38400 60000
0.539595 51200 60000
Epoch 5
-------------------------------
1.102908     0 60000
1.212515 12800 60000
0.916064 25600 60000
0.712494 38400 60000
0.597143 51200 60000
Epoch 6
-------------------------------
0.723965     0 60000
0.811113 12800 60000
0.624602 25600 60000
2.336472 38400 60000
2.301851 51200 60000
Epoch 7
-------------------------------
2.309803     0 60000
2.309438 12800 60000
2.304363 25600 60000
2.302277 38400 60000
2.304404 51200 60000
Epoch 8
-------------------------------
2.305524     0 60000
2.299958 12800 60000
2.301902 25600 60000
2.304674 38400 60000
2.306138 51200 60000
Epoch 9
-------------------------------
2.302832     0 60000
2.304955 12800 60000
2.302824 25600 60000
2.304482 38400 60000
2.305737 51200 60000
Epoch 10
-------------------------------
2.301976     0 60000
2.300651 12800 60000
2.309410 25600 60000
2.304680 38400 60000
2.302287 51200 60000
Epoch 11
-------------------------------
2.302315     0 60000
2.303654 12800 60000
2.303884 25600 60000
2.305798 38400 60000
2.302786 51200 60000
Epoch 12
-------------------------------
2.303785     0 60000
2.303750 12800 60000
2.302028 25600 60000
2.307625 38400 60000
2.303485 51200 60000
