Epoch 1
-------------------------------
0.131711     0 60000
0.394688 12800 60000
0.393251 25600 60000
0.494626 38400 60000
0.388920 51200 60000
Epoch 2
-------------------------------
0.343412     0 60000
0.440144 12800 60000
0.439202 25600 60000
0.335708 38400 60000
0.384258 51200 60000
Epoch 3
-------------------------------
0.404373     0 60000
0.486193 12800 60000
0.578265 25600 60000
0.668182 38400 60000
0.499906 51200 60000
Epoch 4
-------------------------------
0.389294     0 60000
0.374125 12800 60000
0.415870 25600 60000
0.246622 38400 60000
0.317544 51200 60000
Epoch 5
-------------------------------
0.604171     0 60000
0.418148 12800 60000
0.336930 25600 60000
0.316070 38400 60000
0.488378 51200 60000
Epoch 6
-------------------------------
0.380874     0 60000
0.333462 12800 60000
0.254774 25600 60000
0.304579 38400 60000
0.313129 51200 60000
Epoch 7
-------------------------------
0.361379     0 60000
0.276288 12800 60000
0.366532 25600 60000
0.457540 38400 60000
0.396725 51200 60000
Epoch 8
-------------------------------
0.354299     0 60000
0.269174 12800 60000
0.455203 25600 60000
0.312291 38400 60000
0.298372 51200 60000
Epoch 9
-------------------------------
0.385601     0 60000
0.342824 12800 60000
0.291247 25600 60000
0.307008 38400 60000
0.250667 51200 60000
Epoch 10
-------------------------------
0.224934     0 60000
0.399370 12800 60000
0.297821 25600 60000
0.349078 38400 60000
0.597572 51200 60000
Epoch 11
-------------------------------
0.246037     0 60000
0.462773 12800 60000
0.369440 25600 60000
0.354654 38400 60000
0.330678 51200 60000
Epoch 12
-------------------------------
0.374236     0 60000
0.238369 12800 60000
0.275708 25600 60000
0.344571 38400 60000
0.351718 51200 60000
