Epoch 1
-------------------------------
0.343146     0 60000
0.420153 12800 60000
0.413286 25600 60000
0.403885 38400 60000
0.369185 51200 60000
Epoch 2
-------------------------------
0.365590     0 60000
0.450800 12800 60000
0.289702 25600 60000
0.332579 38400 60000
0.274361 51200 60000
Epoch 3
-------------------------------
0.347176     0 60000
0.417978 12800 60000
0.280562 25600 60000
0.394364 38400 60000
0.214844 51200 60000
Epoch 4
-------------------------------
0.346115     0 60000
0.420702 12800 60000
0.338000 25600 60000
0.484346 38400 60000
0.448584 51200 60000
Epoch 5
-------------------------------
0.328962     0 60000
0.397096 12800 60000
0.431110 25600 60000
0.401442 38400 60000
0.207509 51200 60000
Epoch 6
-------------------------------
0.360920     0 60000
0.312681 12800 60000
0.312892 25600 60000
0.473599 38400 60000
0.317959 51200 60000
Epoch 7
-------------------------------
0.443020     0 60000
0.432098 12800 60000
0.257593 25600 60000
0.359828 38400 60000
0.319252 51200 60000
Epoch 8
-------------------------------
0.285694     0 60000
0.391406 12800 60000
0.369538 25600 60000
0.393762 38400 60000
0.280733 51200 60000
Epoch 9
-------------------------------
0.245118     0 60000
0.334665 12800 60000
0.357820 25600 60000
0.170458 38400 60000
0.366721 51200 60000
Epoch 10
-------------------------------
0.320322     0 60000
0.322217 12800 60000
0.382081 25600 60000
0.357388 38400 60000
0.260903 51200 60000
Epoch 11
-------------------------------
0.396370     0 60000
0.209354 12800 60000
0.271287 25600 60000
0.235418 38400 60000
0.253500 51200 60000
Epoch 12
-------------------------------
0.423585     0 60000
0.204204 12800 60000
0.351134 25600 60000
0.495258 38400 60000
0.303506 51200 60000
