Epoch 1
-------------------------------
2.307381     0 60000
2.308725 12800 60000
2.311401 25600 60000
2.304230 38400 60000
2.318930 51200 60000
Epoch 2
-------------------------------
2.304792     0 60000
2.311775 12800 60000
2.313693 25600 60000
2.307020 38400 60000
2.304136 51200 60000
Epoch 3
-------------------------------
2.306566     0 60000
2.308763 12800 60000
2.320109 25600 60000
2.335121 38400 60000
2.297507 51200 60000
Epoch 4
-------------------------------
2.306230     0 60000
2.313387 12800 60000
2.325024 25600 60000
2.313720 38400 60000
2.304499 51200 60000
Epoch 5
-------------------------------
2.297132     0 60000
2.311660 12800 60000
2.315454 25600 60000
2.324456 38400 60000
2.296511 51200 60000
Epoch 6
-------------------------------
2.330771     0 60000
2.311850 12800 60000
2.315496 25600 60000
2.303171 38400 60000
2.310734 51200 60000
Epoch 7
-------------------------------
2.310915     0 60000
2.306495 12800 60000
2.303210 25600 60000
2.318142 38400 60000
2.292710 51200 60000
Epoch 8
-------------------------------
2.309043     0 60000
2.306611 12800 60000
2.310385 25600 60000
2.295169 38400 60000
2.300434 51200 60000
Epoch 9
-------------------------------
2.303108     0 60000
2.298264 12800 60000
2.303804 25600 60000
2.310288 38400 60000
2.326619 51200 60000
Epoch 10
-------------------------------
2.316226     0 60000
2.307040 12800 60000
2.315143 25600 60000
2.313353 38400 60000
2.308150 51200 60000
Epoch 11
-------------------------------
2.311044     0 60000
2.323639 12800 60000
2.305576 25600 60000
2.296896 38400 60000
2.329049 51200 60000
Epoch 12
-------------------------------
2.302451     0 60000
2.305738 12800 60000
2.300541 25600 60000
2.305706 38400 60000
2.312600 51200 60000
