Epoch 1
-------------------------------
2.302585     0 60000
2.319719 12800 60000
2.309072 25600 60000
2.307703 38400 60000
2.306134 51200 60000
Epoch 2
-------------------------------
2.301314     0 60000
2.303943 12800 60000
2.305372 25600 60000
2.303175 38400 60000
2.311066 51200 60000
Epoch 3
-------------------------------
2.299609     0 60000
2.334326 12800 60000
2.296520 25600 60000
2.305948 38400 60000
2.304850 51200 60000
Epoch 4
-------------------------------
2.294179     0 60000
2.332376 12800 60000
2.314672 25600 60000
2.318415 38400 60000
2.301057 51200 60000
Epoch 5
-------------------------------
2.311382     0 60000
2.299122 12800 60000
2.311635 25600 60000
2.306525 38400 60000
2.300731 51200 60000
Epoch 6
-------------------------------
2.322739     0 60000
2.300343 12800 60000
2.308396 25600 60000
2.298576 38400 60000
2.310491 51200 60000
Epoch 7
-------------------------------
2.312243     0 60000
2.318977 12800 60000
2.313577 25600 60000
2.314561 38400 60000
2.326762 51200 60000
Epoch 8
-------------------------------
2.304806     0 60000
2.313884 12800 60000
2.320657 25600 60000
2.296763 38400 60000
2.305990 51200 60000
Epoch 9
-------------------------------
2.296400     0 60000
2.306373 12800 60000
2.311416 25600 60000
2.317351 38400 60000
2.302180 51200 60000
Epoch 10
-------------------------------
2.306166     0 60000
2.316315 12800 60000
2.327161 25600 60000
2.323064 38400 60000
2.297496 51200 60000
Epoch 11
-------------------------------
2.312885     0 60000
2.311489 12800 60000
2.306547 25600 60000
2.304189 38400 60000
2.311768 51200 60000
Epoch 12
-------------------------------
2.324115     0 60000
2.306690 12800 60000
2.318341 25600 60000
2.311635 38400 60000
2.302858 51200 60000
