Epoch 1
-------------------------------
0.275710     0 60000
1.389760 12800 60000
0.605791 25600 60000
0.560306 38400 60000
0.690642 51200 60000
Epoch 2
-------------------------------
0.895866     0 60000
1.194211 12800 60000
0.694745 25600 60000
1.010101 38400 60000
1.075003 51200 60000
Epoch 3
-------------------------------
0.762771     0 60000
0.519055 12800 60000
0.747862 25600 60000
0.563541 38400 60000
1.043211 51200 60000
Epoch 4
-------------------------------
0.499259     0 60000
0.598168 12800 60000
0.647820 25600 60000
0.521775 38400 60000
0.518080 51200 60000
Epoch 5
-------------------------------
0.420515     0 60000
0.348412 12800 60000
0.340987 25600 60000
0.492457 38400 60000
0.549415 51200 60000
Epoch 6
-------------------------------
0.481809     0 60000
0.408639 12800 60000
0.485086 25600 60000
0.458456 38400 60000
0.559071 51200 60000
Epoch 7
-------------------------------
0.516754     0 60000
1.225101 12800 60000
0.429630 25600 60000
0.433507 38400 60000
0.395055 51200 60000
Epoch 8
-------------------------------
0.398331     0 60000
0.371272 12800 60000
0.447231 25600 60000
2.754303 38400 60000
2.333969 51200 60000
Epoch 9
-------------------------------
2.303700     0 60000
2.309432 12800 60000
2.304047 25600 60000
2.303383 38400 60000
2.298417 51200 60000
Epoch 10
-------------------------------
2.296195     0 60000
2.299308 12800 60000
2.302877 25600 60000
2.305128 38400 60000
2.303607 51200 60000
Epoch 11
-------------------------------
2.303648     0 60000
2.302400 12800 60000
2.301141 25600 60000
2.302991 38400 60000
2.304035 51200 60000
Epoch 12
-------------------------------
2.307971     0 60000
2.305896 12800 60000
2.307199 25600 60000
2.302533 38400 60000
2.303207 51200 60000
