Epoch 1
-------------------------------
2.298762     0 60000
0.599489 12800 60000
0.734603 25600 60000
0.394583 38400 60000
0.449318 51200 60000
Epoch 2
-------------------------------
0.348402     0 60000
0.441142 12800 60000
0.233600 25600 60000
0.345891 38400 60000
0.363001 51200 60000
Epoch 3
-------------------------------
0.352392     0 60000
0.252461 12800 60000
0.313800 25600 60000
0.357583 38400 60000
0.220387 51200 60000
Epoch 4
-------------------------------
0.192706     0 60000
0.384081 12800 60000
0.340703 25600 60000
0.318357 38400 60000
0.188553 51200 60000
Epoch 5
-------------------------------
0.365393     0 60000
0.240199 12800 60000
0.227383 25600 60000
0.379815 38400 60000
0.239070 51200 60000
Epoch 6
-------------------------------
0.232700     0 60000
0.200054 12800 60000
0.281496 25600 60000
0.180429 38400 60000
0.218020 51200 60000
Epoch 7
-------------------------------
0.212460     0 60000
0.246170 12800 60000
0.263117 25600 60000
0.269718 38400 60000
0.277144 51200 60000
Epoch 8
-------------------------------
0.187174     0 60000
0.200018 12800 60000
0.304917 25600 60000
0.400579 38400 60000
0.186903 51200 60000
Epoch 9
-------------------------------
0.126627     0 60000
0.265407 12800 60000
0.298595 25600 60000
0.277241 38400 60000
0.189390 51200 60000
Epoch 10
-------------------------------
0.097119     0 60000
0.242478 12800 60000
0.218304 25600 60000
0.218297 38400 60000
0.215297 51200 60000
Epoch 11
-------------------------------
0.216515     0 60000
0.250616 12800 60000
0.252519 25600 60000
0.223928 38400 60000
0.236792 51200 60000
Epoch 12
-------------------------------
0.172197     0 60000
0.230206 12800 60000
0.156957 25600 60000
0.111877 38400 60000
0.227968 51200 60000
