Epoch 1
-------------------------------
2.299004     0 60000
1.653753 12800 60000
1.067055 25600 60000
0.863270 38400 60000
0.900578 51200 60000
Epoch 2
-------------------------------
0.836949     0 60000
1.062600 12800 60000
0.805787 25600 60000
0.662752 38400 60000
0.701099 51200 60000
Epoch 3
-------------------------------
0.818316     0 60000
0.541175 12800 60000
0.601655 25600 60000
0.791172 38400 60000
0.557870 51200 60000
Epoch 4
-------------------------------
0.524023     0 60000
0.740651 12800 60000
0.667156 25600 60000
0.630525 38400 60000
0.518016 51200 60000
Epoch 5
-------------------------------
0.662760     0 60000
0.805245 12800 60000
0.583493 25600 60000
0.456314 38400 60000
0.519906 51200 60000
Epoch 6
-------------------------------
0.496554     0 60000
0.527060 12800 60000
0.563578 25600 60000
0.656011 38400 60000
0.781698 51200 60000
Epoch 7
-------------------------------
0.561539     0 60000
0.606993 12800 60000
0.819433 25600 60000
0.462448 38400 60000
0.690677 51200 60000
Epoch 8
-------------------------------
0.453462     0 60000
0.498145 12800 60000
0.599310 25600 60000
0.533436 38400 60000
0.579947 51200 60000
Epoch 9
-------------------------------
0.445739     0 60000
0.722915 12800 60000
0.539349 25600 60000
0.527612 38400 60000
0.558952 51200 60000
Epoch 10
-------------------------------
0.773598     0 60000
0.812418 12800 60000
0.797149 25600 60000
0.543727 38400 60000
0.496016 51200 60000
Epoch 11
-------------------------------
0.568014     0 60000
0.682317 12800 60000
0.749756 25600 60000
0.608190 38400 60000
0.978652 51200 60000
Epoch 12
-------------------------------
0.769721     0 60000
0.813979 12800 60000
0.552763 25600 60000
0.477379 38400 60000
0.709792 51200 60000
