Epoch 1
-------------------------------
2.302207     0 60000
0.677019 12800 60000
0.494517 25600 60000
0.471673 38400 60000
0.533996 51200 60000
Epoch 2
-------------------------------
0.466753     0 60000
0.335742 12800 60000
0.363895 25600 60000
0.275754 38400 60000
0.323273 51200 60000
Epoch 3
-------------------------------
0.405804     0 60000
0.338858 12800 60000
0.368840 25600 60000
0.363476 38400 60000
0.227471 51200 60000
Epoch 4
-------------------------------
0.294511     0 60000
0.239266 12800 60000
0.343891 25600 60000
0.314213 38400 60000
0.349263 51200 60000
Epoch 5
-------------------------------
0.270364     0 60000
0.375091 12800 60000
0.362210 25600 60000
0.211365 38400 60000
0.318210 51200 60000
Epoch 6
-------------------------------
0.273431     0 60000
0.232381 12800 60000
0.239380 25600 60000
0.267427 38400 60000
0.382398 51200 60000
Epoch 7
-------------------------------
0.260950     0 60000
0.156062 12800 60000
0.162077 25600 60000
0.305718 38400 60000
0.237909 51200 60000
Epoch 8
-------------------------------
0.360825     0 60000
0.269938 12800 60000
0.224318 25600 60000
0.288190 38400 60000
0.185179 51200 60000
Epoch 9
-------------------------------
0.260797     0 60000
0.198212 12800 60000
0.206776 25600 60000
0.204368 38400 60000
0.218476 51200 60000
Epoch 10
-------------------------------
0.269298     0 60000
0.190977 12800 60000
0.207232 25600 60000
0.248004 38400 60000
0.223626 51200 60000
Epoch 11
-------------------------------
0.206157     0 60000
0.237756 12800 60000
0.165772 25600 60000
0.243625 38400 60000
0.290186 51200 60000
Epoch 12
-------------------------------
0.229923     0 60000
0.215591 12800 60000
0.331963 25600 60000
0.204995 38400 60000
0.168894 51200 60000
