Epoch 1
-------------------------------
2.304549     0 60000
2.304021 12800 60000
2.336804 25600 60000
2.302623 38400 60000
2.305750 51200 60000
Epoch 2
-------------------------------
2.309883     0 60000
2.322723 12800 60000
2.307501 25600 60000
2.297061 38400 60000
2.303665 51200 60000
Epoch 3
-------------------------------
2.303698     0 60000
2.347261 12800 60000
2.308737 25600 60000
2.310101 38400 60000
2.319566 51200 60000
Epoch 4
-------------------------------
2.303149     0 60000
2.302060 12800 60000
2.310163 25600 60000
2.306686 38400 60000
2.313639 51200 60000
Epoch 5
-------------------------------
2.319736     0 60000
2.297651 12800 60000
2.297701 25600 60000
2.325331 38400 60000
2.305208 51200 60000
Epoch 6
-------------------------------
2.310667     0 60000
2.311207 12800 60000
2.300333 25600 60000
2.321270 38400 60000
2.311556 51200 60000
Epoch 7
-------------------------------
2.307395     0 60000
2.329446 12800 60000
2.299404 25600 60000
2.294802 38400 60000
2.297323 51200 60000
Epoch 8
-------------------------------
2.311701     0 60000
2.305650 12800 60000
2.307977 25600 60000
2.311783 38400 60000
2.300085 51200 60000
Epoch 9
-------------------------------
2.299101     0 60000
2.305158 12800 60000
2.312252 25600 60000
2.301386 38400 60000
2.307842 51200 60000
Epoch 10
-------------------------------
2.299645     0 60000
2.291418 12800 60000
2.318869 25600 60000
2.296817 38400 60000
2.319763 51200 60000
Epoch 11
-------------------------------
2.308882     0 60000
2.315206 12800 60000
2.321724 25600 60000
2.298234 38400 60000
2.327187 51200 60000
Epoch 12
-------------------------------
2.306277     0 60000
2.331404 12800 60000
2.328295 25600 60000
2.295077 38400 60000
2.305645 51200 60000
