Epoch 1
-------------------------------
1.091366     0 60000
2.319589 12800 60000
2.311749 25600 60000
2.305309 38400 60000
2.310974 51200 60000
Epoch 2
-------------------------------
2.308428     0 60000
2.315607 12800 60000
2.306577 25600 60000
2.310097 38400 60000
2.322468 51200 60000
Epoch 3
-------------------------------
2.314412     0 60000
2.314802 12800 60000
2.305096 25600 60000
2.319620 38400 60000
2.303325 51200 60000
Epoch 4
-------------------------------
2.312160     0 60000
2.300300 12800 60000
2.320206 25600 60000
2.305089 38400 60000
2.323462 51200 60000
Epoch 5
-------------------------------
2.311241     0 60000
2.332042 12800 60000
2.310972 25600 60000
2.305423 38400 60000
2.304320 51200 60000
Epoch 6
-------------------------------
2.319213     0 60000
2.296272 12800 60000
2.306812 25600 60000
2.326585 38400 60000
2.308542 51200 60000
Epoch 7
-------------------------------
2.304293     0 60000
2.316453 12800 60000
2.308036 25600 60000
2.308289 38400 60000
2.303984 51200 60000
Epoch 8
-------------------------------
2.322877     0 60000
2.309810 12800 60000
2.320611 25600 60000
2.300095 38400 60000
2.304872 51200 60000
Epoch 9
-------------------------------
2.320353     0 60000
2.318459 12800 60000
2.289008 25600 60000
2.304556 38400 60000
2.322923 51200 60000
Epoch 10
-------------------------------
2.314569     0 60000
2.286335 12800 60000
2.311912 25600 60000
2.308358 38400 60000
2.297685 51200 60000
Epoch 11
-------------------------------
2.318058     0 60000
2.314517 12800 60000
2.304627 25600 60000
2.308314 38400 60000
2.310893 51200 60000
Epoch 12
-------------------------------
2.305303     0 60000
2.327729 12800 60000
2.301314 25600 60000
2.307693 38400 60000
2.312169 51200 60000
