Epoch 1
-------------------------------
0.179768     0 60000
0.944291 12800 60000
0.774640 25600 60000
0.622218 38400 60000
0.822995 51200 60000
Epoch 2
-------------------------------
0.694196     0 60000
0.731818 12800 60000
1.049236 25600 60000
0.899774 38400 60000
0.940002 51200 60000
Epoch 3
-------------------------------
0.853628     0 60000
0.686301 12800 60000
0.588336 25600 60000
0.544401 38400 60000
0.614630 51200 60000
Epoch 4
-------------------------------
0.625516     0 60000
0.514617 12800 60000
0.491967 25600 60000
0.525277 38400 60000
0.433926 51200 60000
Epoch 5
-------------------------------
0.578310     0 60000
0.398313 12800 60000
0.443274 25600 60000
0.363729 38400 60000
0.515343 51200 60000
Epoch 6
-------------------------------
0.361445     0 60000
0.386536 12800 60000
0.435149 25600 60000
0.393880 38400 60000
0.370958 51200 60000
Epoch 7
-------------------------------
0.446987     0 60000
0.325152 12800 60000
0.441642 25600 60000
0.447286 38400 60000
0.424845 51200 60000
Epoch 8
-------------------------------
0.335900     0 60000
0.381691 12800 60000
0.343394 25600 60000
0.571032 38400 60000
1.617600 51200 60000
Epoch 9
-------------------------------
1.442913     0 60000
1.537205 12800 60000
1.693994 25600 60000
1.427674 38400 60000
2.406071 51200 60000
Epoch 10
-------------------------------
2.315823     0 60000
2.301929 12800 60000
2.300276 25600 60000
2.301210 38400 60000
2.302748 51200 60000
Epoch 11
-------------------------------
2.300182     0 60000
2.303040 12800 60000
2.298230 25600 60000
2.297447 38400 60000
2.305039 51200 60000
Epoch 12
-------------------------------
2.303616     0 60000
2.304305 12800 60000
2.304162 25600 60000
2.297376 38400 60000
2.307194 51200 60000
