Epoch 1
-------------------------------
0.197197     0 60000
0.404946 12800 60000
0.463812 25600 60000
0.676513 38400 60000
0.464796 51200 60000
Epoch 2
-------------------------------
0.273360     0 60000
0.395563 12800 60000
0.359113 25600 60000
0.258579 38400 60000
0.321474 51200 60000
Epoch 3
-------------------------------
0.234157     0 60000
0.375202 12800 60000
0.342683 25600 60000
0.341901 38400 60000
0.319055 51200 60000
Epoch 4
-------------------------------
0.317769     0 60000
0.243263 12800 60000
0.474203 25600 60000
0.251645 38400 60000
0.381454 51200 60000
Epoch 5
-------------------------------
0.293547     0 60000
0.382896 12800 60000
0.354407 25600 60000
0.276025 38400 60000
0.347460 51200 60000
Epoch 6
-------------------------------
0.263321     0 60000
0.362882 12800 60000
0.295596 25600 60000
0.365510 38400 60000
0.251765 51200 60000
Epoch 7
-------------------------------
0.290772     0 60000
0.234374 12800 60000
0.294326 25600 60000
0.186384 38400 60000
0.385023 51200 60000
Epoch 8
-------------------------------
0.266441     0 60000
0.410196 12800 60000
0.458285 25600 60000
0.235086 38400 60000
0.343850 51200 60000
Epoch 9
-------------------------------
0.276068     0 60000
0.358802 12800 60000
0.294648 25600 60000
0.315822 38400 60000
0.292447 51200 60000
Epoch 10
-------------------------------
0.245799     0 60000
0.282212 12800 60000
0.200428 25600 60000
0.423116 38400 60000
0.218423 51200 60000
Epoch 11
-------------------------------
0.202312     0 60000
0.339290 12800 60000
0.236306 25600 60000
0.150053 38400 60000
0.380931 51200 60000
Epoch 12
-------------------------------
0.353083     0 60000
0.364968 12800 60000
0.280797 25600 60000
0.394844 38400 60000
0.252490 51200 60000
