Epoch 1
-------------------------------
2.306820     0 60000
0.940138 12800 60000
0.543760 25600 60000
0.551394 38400 60000
0.503876 51200 60000
Epoch 2
-------------------------------
0.712439     0 60000
0.486412 12800 60000
0.632011 25600 60000
0.497376 38400 60000
0.613583 51200 60000
Epoch 3
-------------------------------
0.513852     0 60000
0.375082 12800 60000
0.311901 25600 60000
0.333801 38400 60000
0.407539 51200 60000
Epoch 4
-------------------------------
0.516331     0 60000
0.297679 12800 60000
0.284989 25600 60000
0.296547 38400 60000
0.293507 51200 60000
Epoch 5
-------------------------------
0.304358     0 60000
0.337766 12800 60000
0.295815 25600 60000
0.294279 38400 60000
0.411365 51200 60000
Epoch 6
-------------------------------
0.259775     0 60000
0.513278 12800 60000
0.203020 25600 60000
0.331736 38400 60000
0.212603 51200 60000
Epoch 7
-------------------------------
0.351294     0 60000
0.339083 12800 60000
0.389545 25600 60000
0.253250 38400 60000
0.261007 51200 60000
Epoch 8
-------------------------------
0.228071     0 60000
0.340125 12800 60000
0.179542 25600 60000
0.371674 38400 60000
0.327702 51200 60000
Epoch 9
-------------------------------
0.221286     0 60000
0.392540 12800 60000
0.332773 25600 60000
0.314299 38400 60000
0.421810 51200 60000
Epoch 10
-------------------------------
0.328058     0 60000
0.293395 12800 60000
0.376413 25600 60000
0.242828 38400 60000
0.346369 51200 60000
Epoch 11
-------------------------------
0.246011     0 60000
0.269044 12800 60000
0.370328 25600 60000
0.267296 38400 60000
0.298266 51200 60000
Epoch 12
-------------------------------
0.184691     0 60000
0.227739 12800 60000
0.278717 25600 60000
0.289407 38400 60000
0.202685 51200 60000
