Epoch 1
-------------------------------
2.308615     0 60000
1.056729 12800 60000
0.814372 25600 60000
0.550465 38400 60000
0.598212 51200 60000
Epoch 2
-------------------------------
0.489793     0 60000
0.710439 12800 60000
0.471346 25600 60000
0.414678 38400 60000
0.477668 51200 60000
Epoch 3
-------------------------------
0.433131     0 60000
0.401852 12800 60000
0.369033 25600 60000
0.418967 38400 60000
0.442614 51200 60000
Epoch 4
-------------------------------
0.351142     0 60000
0.234381 12800 60000
0.338324 25600 60000
0.330060 38400 60000
0.352811 51200 60000
Epoch 5
-------------------------------
0.320547     0 60000
0.329809 12800 60000
0.489022 25600 60000
0.308286 38400 60000
0.377177 51200 60000
Epoch 6
-------------------------------
0.342692     0 60000
0.469461 12800 60000
0.272382 25600 60000
0.248620 38400 60000
0.351385 51200 60000
Epoch 7
-------------------------------
0.346146     0 60000
0.408718 12800 60000
0.334483 25600 60000
0.301214 38400 60000
0.213827 51200 60000
Epoch 8
-------------------------------
0.165732     0 60000
0.267377 12800 60000
0.396634 25600 60000
0.431884 38400 60000
0.383639 51200 60000
Epoch 9
-------------------------------
0.267246     0 60000
0.285862 12800 60000
0.287656 25600 60000
0.182361 38400 60000
0.274153 51200 60000
Epoch 10
-------------------------------
0.279565     0 60000
0.272973 12800 60000
0.168051 25600 60000
0.362662 38400 60000
0.327362 51200 60000
Epoch 11
-------------------------------
0.280636     0 60000
0.301880 12800 60000
0.338253 25600 60000
0.198673 38400 60000
0.172662 51200 60000
Epoch 12
-------------------------------
0.276661     0 60000
0.312672 12800 60000
0.255288 25600 60000
0.241790 38400 60000
0.339775 51200 60000
