Epoch 1
-------------------------------
2.301253     0 60000
0.498497 12800 60000
0.428341 25600 60000
0.440058 38400 60000
0.420923 51200 60000
Epoch 2
-------------------------------
0.422018     0 60000
0.351550 12800 60000
0.451427 25600 60000
0.255969 38400 60000
0.478458 51200 60000
Epoch 3
-------------------------------
0.437033     0 60000
0.538309 12800 60000
0.436990 25600 60000
0.263635 38400 60000
0.316941 51200 60000
Epoch 4
-------------------------------
0.177340     0 60000
0.286283 12800 60000
0.357526 25600 60000
0.358596 38400 60000
0.166153 51200 60000
Epoch 5
-------------------------------
0.281646     0 60000
0.250290 12800 60000
0.302946 25600 60000
0.214810 38400 60000
0.333666 51200 60000
Epoch 6
-------------------------------
0.297455     0 60000
0.345995 12800 60000
0.219252 25600 60000
0.238517 38400 60000
0.152436 51200 60000
Epoch 7
-------------------------------
0.299856     0 60000
0.147892 12800 60000
0.196544 25600 60000
0.252908 38400 60000
0.216934 51200 60000
Epoch 8
-------------------------------
0.203075     0 60000
0.136912 12800 60000
0.205461 25600 60000
0.294429 38400 60000
0.243768 51200 60000
Epoch 9
-------------------------------
0.276810     0 60000
0.144684 12800 60000
0.291908 25600 60000
0.212299 38400 60000
0.270998 51200 60000
Epoch 10
-------------------------------
0.248332     0 60000
0.278701 12800 60000
0.195190 25600 60000
0.179219 38400 60000
0.212764 51200 60000
Epoch 11
-------------------------------
0.146666     0 60000
0.147140 12800 60000
0.108285 25600 60000
0.220006 38400 60000
0.194752 51200 60000
Epoch 12
-------------------------------
0.238134     0 60000
0.187831 12800 60000
0.234460 25600 60000
0.179540 38400 60000
0.198237 51200 60000
