Epoch 1
-------------------------------
2.301118     0 60000
2.304726 12800 60000
2.318756 25600 60000
2.306377 38400 60000
2.295649 51200 60000
Epoch 2
-------------------------------
2.314762     0 60000
2.315560 12800 60000
2.299337 25600 60000
2.302148 38400 60000
2.303681 51200 60000
Epoch 3
-------------------------------
2.310533     0 60000
2.304176 12800 60000
2.307753 25600 60000
2.305012 38400 60000
2.300974 51200 60000
Epoch 4
-------------------------------
2.326678     0 60000
2.302108 12800 60000
2.305936 25600 60000
2.309051 38400 60000
2.308515 51200 60000
Epoch 5
-------------------------------
2.304841     0 60000
2.312952 12800 60000
2.308105 25600 60000
2.308925 38400 60000
2.302154 51200 60000
Epoch 6
-------------------------------
2.310753     0 60000
2.294941 12800 60000
2.304481 25600 60000
2.316579 38400 60000
2.309183 51200 60000
Epoch 7
-------------------------------
2.309916     0 60000
2.322593 12800 60000
2.301460 25600 60000
2.314267 38400 60000
2.302693 51200 60000
Epoch 8
-------------------------------
2.307444     0 60000
2.310342 12800 60000
2.303610 25600 60000
2.306164 38400 60000
2.303298 51200 60000
Epoch 9
-------------------------------
2.305821     0 60000
2.306348 12800 60000
2.313230 25600 60000
2.309032 38400 60000
2.316973 51200 60000
Epoch 10
-------------------------------
2.302412     0 60000
2.316846 12800 60000
2.299641 25600 60000
2.306529 38400 60000
2.294162 51200 60000
Epoch 11
-------------------------------
2.340996     0 60000
2.302638 12800 60000
2.312618 25600 60000
2.299006 38400 60000
2.308927 51200 60000
Epoch 12
-------------------------------
2.309952     0 60000
2.330615 12800 60000
2.295887 25600 60000
2.312829 38400 60000
2.290866 51200 60000
