Epoch 1
-------------------------------
0.275071     0 60000
2.303803 12800 60000
2.312539 25600 60000
2.300553 38400 60000
2.298932 51200 60000
Epoch 2
-------------------------------
2.312585     0 60000
2.300314 12800 60000
2.298645 25600 60000
2.311175 38400 60000
2.304516 51200 60000
Epoch 3
-------------------------------
2.315382     0 60000
2.320262 12800 60000
2.306597 25600 60000
2.316661 38400 60000
2.296368 51200 60000
Epoch 4
-------------------------------
2.303251     0 60000
2.306107 12800 60000
2.309786 25600 60000
2.300304 38400 60000
2.313862 51200 60000
Epoch 5
-------------------------------
2.305340     0 60000
2.317185 12800 60000
2.305697 25600 60000
2.312637 38400 60000
2.294127 51200 60000
Epoch 6
-------------------------------
2.316091     0 60000
2.299924 12800 60000
2.303736 25600 60000
2.308546 38400 60000
2.313780 51200 60000
Epoch 7
-------------------------------
2.300382     0 60000
2.303406 12800 60000
2.319456 25600 60000
2.299554 38400 60000
2.303815 51200 60000
Epoch 8
-------------------------------
2.325279     0 60000
2.316055 12800 60000
2.302939 25600 60000
2.291563 38400 60000
2.310112 51200 60000
Epoch 9
-------------------------------
2.299211     0 60000
2.312579 12800 60000
2.301804 25600 60000
2.310590 38400 60000
2.305541 51200 60000
Epoch 10
-------------------------------
2.305969     0 60000
2.310992 12800 60000
2.305278 25600 60000
2.331116 38400 60000
2.305769 51200 60000
Epoch 11
-------------------------------
2.300209     0 60000
2.312079 12800 60000
2.327245 25600 60000
2.296446 38400 60000
2.311905 51200 60000
Epoch 12
-------------------------------
2.314994     0 60000
2.295476 12800 60000
2.333594 25600 60000
2.313950 38400 60000
2.299742 51200 60000
