Epoch 1
-------------------------------
2.304044     0 60000
0.619729 12800 60000
0.554454 25600 60000
0.471445 38400 60000
0.347917 51200 60000
Epoch 2
-------------------------------
0.489810     0 60000
0.411035 12800 60000
0.298645 25600 60000
0.405689 38400 60000
0.278515 51200 60000
Epoch 3
-------------------------------
0.407786     0 60000
0.394563 12800 60000
0.241199 25600 60000
0.315762 38400 60000
0.306360 51200 60000
Epoch 4
-------------------------------
0.434683     0 60000
0.253633 12800 60000
0.277846 25600 60000
0.369522 38400 60000
0.269909 51200 60000
Epoch 5
-------------------------------
0.310675     0 60000
0.168996 12800 60000
0.289450 25600 60000
0.298905 38400 60000
0.394085 51200 60000
Epoch 6
-------------------------------
0.253101     0 60000
0.378073 12800 60000
0.260773 25600 60000
0.302600 38400 60000
0.254272 51200 60000
Epoch 7
-------------------------------
0.341628     0 60000
0.279158 12800 60000
0.394950 25600 60000
0.216276 38400 60000
0.284503 51200 60000
Epoch 8
-------------------------------
0.400541     0 60000
0.226439 12800 60000
0.245033 25600 60000
0.304806 38400 60000
0.223986 51200 60000
Epoch 9
-------------------------------
0.245311     0 60000
0.240719 12800 60000
0.198756 25600 60000
0.341089 38400 60000
0.336267 51200 60000
Epoch 10
-------------------------------
0.191631     0 60000
0.247955 12800 60000
0.342600 25600 60000
0.271168 38400 60000
0.329951 51200 60000
Epoch 11
-------------------------------
0.263154     0 60000
0.255722 12800 60000
0.186216 25600 60000
0.204590 38400 60000
0.184992 51200 60000
Epoch 12
-------------------------------
0.121938     0 60000
0.216458 12800 60000
0.267742 25600 60000
0.124174 38400 60000
0.240140 51200 60000
