Epoch 1
-------------------------------
2.304625     0 60000
0.588310 12800 60000
0.511587 25600 60000
0.356376 38400 60000
0.468717 51200 60000
Epoch 2
-------------------------------
0.448662     0 60000
0.341748 12800 60000
0.436750 25600 60000
0.279082 38400 60000
0.340376 51200 60000
Epoch 3
-------------------------------
0.421733     0 60000
0.419458 12800 60000
0.260499 25600 60000
0.335343 38400 60000
0.411030 51200 60000
Epoch 4
-------------------------------
0.331542     0 60000
0.325447 12800 60000
0.160049 25600 60000
0.399963 38400 60000
0.285353 51200 60000
Epoch 5
-------------------------------
0.228803     0 60000
0.387153 12800 60000
0.264010 25600 60000
0.251466 38400 60000
0.256721 51200 60000
Epoch 6
-------------------------------
0.283496     0 60000
0.317080 12800 60000
0.314241 25600 60000
0.142231 38400 60000
0.278735 51200 60000
Epoch 7
-------------------------------
0.223277     0 60000
0.336107 12800 60000
0.290941 25600 60000
0.357157 38400 60000
0.407653 51200 60000
Epoch 8
-------------------------------
0.268335     0 60000
0.207065 12800 60000
0.216245 25600 60000
0.159192 38400 60000
0.213000 51200 60000
Epoch 9
-------------------------------
0.189756     0 60000
0.173555 12800 60000
0.381110 25600 60000
0.164070 38400 60000
0.278820 51200 60000
Epoch 10
-------------------------------
0.237040     0 60000
0.317811 12800 60000
0.254909 25600 60000
0.221274 38400 60000
0.307625 51200 60000
Epoch 11
-------------------------------
0.230819     0 60000
0.163543 12800 60000
0.202981 25600 60000
0.259564 38400 60000
0.236978 51200 60000
Epoch 12
-------------------------------
0.232778     0 60000
0.212128 12800 60000
0.264815 25600 60000
0.321916 38400 60000
0.339701 51200 60000
