Epoch 1
-------------------------------
2.308095     0 60000
0.491915 12800 60000
0.512535 25600 60000
0.534605 38400 60000
0.397869 51200 60000
Epoch 2
-------------------------------
0.468551     0 60000
0.510818 12800 60000
0.341135 25600 60000
0.459429 38400 60000
0.341989 51200 60000
Epoch 3
-------------------------------
0.348176     0 60000
0.258570 12800 60000
0.332427 25600 60000
0.275837 38400 60000
0.434171 51200 60000
Epoch 4
-------------------------------
0.318080     0 60000
0.328800 12800 60000
0.265338 25600 60000
0.222686 38400 60000
0.286162 51200 60000
Epoch 5
-------------------------------
0.347917     0 60000
0.276486 12800 60000
0.335871 25600 60000
0.188379 38400 60000
0.311941 51200 60000
Epoch 6
-------------------------------
0.193655     0 60000
0.294123 12800 60000
0.224695 25600 60000
0.174846 38400 60000
0.329648 51200 60000
Epoch 7
-------------------------------
0.238506     0 60000
0.255142 12800 60000
0.162867 25600 60000
0.211260 38400 60000
0.382051 51200 60000
Epoch 8
-------------------------------
0.280562     0 60000
0.236330 12800 60000
0.158057 25600 60000
0.243180 38400 60000
0.234994 51200 60000
Epoch 9
-------------------------------
0.324400     0 60000
0.248408 12800 60000
0.277436 25600 60000
0.262783 38400 60000
0.267320 51200 60000
Epoch 10
-------------------------------
0.180507     0 60000
0.173094 12800 60000
0.322282 25600 60000
0.145814 38400 60000
0.252429 51200 60000
Epoch 11
-------------------------------
0.224229     0 60000
0.347072 12800 60000
0.122503 25600 60000
0.276969 38400 60000
0.273137 51200 60000
Epoch 12
-------------------------------
0.203259     0 60000
0.175951 12800 60000
0.159691 25600 60000
0.268502 38400 60000
0.284996 51200 60000
