Epoch 1
-------------------------------
0.219458     0 60000
0.316821 12800 60000
0.370850 25600 60000
0.352363 38400 60000
0.360981 51200 60000
Epoch 2
-------------------------------
0.320408     0 60000
0.455592 12800 60000
0.334975 25600 60000
0.333143 38400 60000
0.301481 51200 60000
Epoch 3
-------------------------------
0.232700     0 60000
0.340287 12800 60000
0.278569 25600 60000
0.273933 38400 60000
0.284609 51200 60000
Epoch 4
-------------------------------
0.298710     0 60000
0.361531 12800 60000
0.331292 25600 60000
0.356617 38400 60000
0.296104 51200 60000
Epoch 5
-------------------------------
0.468843     0 60000
0.453024 12800 60000
0.327705 25600 60000
0.349076 38400 60000
0.262132 51200 60000
Epoch 6
-------------------------------
0.403532     0 60000
0.311060 12800 60000
0.335559 25600 60000
0.317076 38400 60000
0.319534 51200 60000
Epoch 7
-------------------------------
0.301600     0 60000
0.205437 12800 60000
0.236611 25600 60000
0.390683 38400 60000
0.288935 51200 60000
Epoch 8
-------------------------------
0.259960     0 60000
0.342772 12800 60000
0.479466 25600 60000
0.430445 38400 60000
0.316354 51200 60000
Epoch 9
-------------------------------
0.363952     0 60000
0.271652 12800 60000
0.217039 25600 60000
0.317669 38400 60000
0.360398 51200 60000
Epoch 10
-------------------------------
0.401028     0 60000
0.304359 12800 60000
0.298503 25600 60000
0.225973 38400 60000
0.238887 51200 60000
Epoch 11
-------------------------------
0.192600     0 60000
0.274896 12800 60000
0.349990 25600 60000
0.385719 38400 60000
0.245538 51200 60000
Epoch 12
-------------------------------
0.474411     0 60000
0.390632 12800 60000
0.267481 25600 60000
0.455726 38400 60000
0.239967 51200 60000
