Epoch 1
-------------------------------
0.632706     0 60000
2.301288 12800 60000
2.317815 25600 60000
2.309103 38400 60000
2.317410 51200 60000
Epoch 2
-------------------------------
2.317447     0 60000
2.311045 12800 60000
2.291685 25600 60000
2.322779 38400 60000
2.301551 51200 60000
Epoch 3
-------------------------------
2.299725     0 60000
2.305470 12800 60000
2.308562 25600 60000
2.306828 38400 60000
2.314573 51200 60000
Epoch 4
-------------------------------
2.300407     0 60000
2.319421 12800 60000
2.309378 25600 60000
2.298210 38400 60000
2.298481 51200 60000
Epoch 5
-------------------------------
2.292718     0 60000
2.313557 12800 60000
2.309545 25600 60000
2.308646 38400 60000
2.302012 51200 60000
Epoch 6
-------------------------------
2.300945     0 60000
2.285653 12800 60000
2.297095 25600 60000
2.314955 38400 60000
2.295183 51200 60000
Epoch 7
-------------------------------
2.307176     0 60000
2.300982 12800 60000
2.294752 25600 60000
2.307436 38400 60000
2.297988 51200 60000
Epoch 8
-------------------------------
2.309166     0 60000
2.299450 12800 60000
2.305568 25600 60000
2.309897 38400 60000
2.308735 51200 60000
Epoch 9
-------------------------------
2.303909     0 60000
2.297750 12800 60000
2.319114 25600 60000
2.303870 38400 60000
2.304676 51200 60000
Epoch 10
-------------------------------
2.316766     0 60000
2.309049 12800 60000
2.302502 25600 60000
2.312707 38400 60000
2.302286 51200 60000
Epoch 11
-------------------------------
2.299171     0 60000
2.315530 12800 60000
2.309271 25600 60000
2.308632 38400 60000
2.322719 51200 60000
Epoch 12
-------------------------------
2.293273     0 60000
2.311625 12800 60000
2.281004 25600 60000
2.309685 38400 60000
2.318976 51200 60000
