Epoch 1
-------------------------------
2.304194     0 60000
0.944589 12800 60000
0.684190 25600 60000
0.539981 38400 60000
0.539601 51200 60000
Epoch 2
-------------------------------
0.577612     0 60000
0.523079 12800 60000
0.598068 25600 60000
0.365989 38400 60000
0.558703 51200 60000
Epoch 3
-------------------------------
0.475067     0 60000
0.423593 12800 60000
0.467393 25600 60000
0.467417 38400 60000
0.384172 51200 60000
Epoch 4
-------------------------------
0.303691     0 60000
0.354159 12800 60000
0.600147 25600 60000
0.316451 38400 60000
0.358844 51200 60000
Epoch 5
-------------------------------
0.300771     0 60000
0.390799 12800 60000
0.205855 25600 60000
0.358308 38400 60000
0.305753 51200 60000
Epoch 6
-------------------------------
0.337246     0 60000
0.393404 12800 60000
0.281928 25600 60000
0.294150 38400 60000
0.322132 51200 60000
Epoch 7
-------------------------------
0.303178     0 60000
0.322502 12800 60000
0.283000 25600 60000
0.234873 38400 60000
0.287729 51200 60000
Epoch 8
-------------------------------
0.283187     0 60000
0.307330 12800 60000
0.283692 25600 60000
0.217577 38400 60000
0.290520 51200 60000
Epoch 9
-------------------------------
0.173332     0 60000
0.350508 12800 60000
0.292066 25600 60000
0.243688 38400 60000
0.213049 51200 60000
Epoch 10
-------------------------------
0.240633     0 60000
0.253525 12800 60000
0.299240 25600 60000
0.304701 38400 60000
0.353875 51200 60000
Epoch 11
-------------------------------
0.290052     0 60000
0.228977 12800 60000
0.282323 25600 60000
0.212613 38400 60000
0.269707 51200 60000
Epoch 12
-------------------------------
0.193660     0 60000
0.302288 12800 60000
0.229927 25600 60000
0.224964 38400 60000
0.209577 51200 60000
