Epoch 1
-------------------------------
0.358368     0 60000
0.887722 12800 60000
0.822668 25600 60000
1.323812 38400 60000
1.449046 51200 60000
Epoch 2
-------------------------------
0.762535     0 60000
0.970604 12800 60000
2.353556 25600 60000
2.298729 38400 60000
2.304499 51200 60000
Epoch 3
-------------------------------
2.305929     0 60000
2.305782 12800 60000
2.297741 25600 60000
2.300050 38400 60000
2.303423 51200 60000
Epoch 4
-------------------------------
2.302010     0 60000
2.302062 12800 60000
2.302660 25600 60000
2.304596 38400 60000
2.300704 51200 60000
Epoch 5
-------------------------------
2.302324     0 60000
2.302145 12800 60000
2.302118 25600 60000
2.307944 38400 60000
2.302194 51200 60000
Epoch 6
-------------------------------
2.298834     0 60000
2.307210 12800 60000
2.307693 25600 60000
2.306389 38400 60000
2.307736 51200 60000
Epoch 7
-------------------------------
2.302534     0 60000
2.301523 12800 60000
2.302413 25600 60000
2.304003 38400 60000
2.313702 51200 60000
Epoch 8
-------------------------------
2.301837     0 60000
2.306537 12800 60000
2.306749 25600 60000
2.300310 38400 60000
2.302687 51200 60000
Epoch 9
-------------------------------
2.303645     0 60000
2.300385 12800 60000
2.304029 25600 60000
2.303580 38400 60000
2.302540 51200 60000
Epoch 10
-------------------------------
2.304011     0 60000
2.305179 12800 60000
2.301973 25600 60000
2.305771 38400 60000
2.303719 51200 60000
Epoch 11
-------------------------------
2.303685     0 60000
2.300461 12800 60000
2.302301 25600 60000
2.303255 38400 60000
2.298578 51200 60000
Epoch 12
-------------------------------
2.301022     0 60000
2.305009 12800 60000
2.298786 25600 60000
2.298970 38400 60000
2.303038 51200 60000
