Epoch 1
-------------------------------
0.600551     0 60000
2.303691 12800 60000
2.300746 25600 60000
2.299369 38400 60000
2.335707 51200 60000
Epoch 2
-------------------------------
2.329527     0 60000
2.305615 12800 60000
2.299430 25600 60000
2.308313 38400 60000
2.303513 51200 60000
Epoch 3
-------------------------------
2.310183     0 60000
2.326100 12800 60000
2.303621 25600 60000
2.295010 38400 60000
2.330145 51200 60000
Epoch 4
-------------------------------
2.309949     0 60000
2.295995 12800 60000
2.323691 25600 60000
2.305766 38400 60000
2.303441 51200 60000
Epoch 5
-------------------------------
2.313925     0 60000
2.309075 12800 60000
2.315260 25600 60000
2.320093 38400 60000
2.314287 51200 60000
Epoch 6
-------------------------------
2.330396     0 60000
2.297590 12800 60000
2.297108 25600 60000
2.311728 38400 60000
2.301611 51200 60000
Epoch 7
-------------------------------
2.296746     0 60000
2.303833 12800 60000
2.306537 25600 60000
2.303200 38400 60000
2.322055 51200 60000
Epoch 8
-------------------------------
2.294530     0 60000
2.301190 12800 60000
2.310450 25600 60000
2.305671 38400 60000
2.318196 51200 60000
Epoch 9
-------------------------------
2.329694     0 60000
2.314659 12800 60000
2.303480 25600 60000
2.306992 38400 60000
2.308739 51200 60000
Epoch 10
-------------------------------
2.302221     0 60000
2.307541 12800 60000
2.302127 25600 60000
2.316166 38400 60000
2.303783 51200 60000
Epoch 11
-------------------------------
2.348129     0 60000
2.296236 12800 60000
2.316875 25600 60000
2.307235 38400 60000
2.300784 51200 60000
Epoch 12
-------------------------------
2.299757     0 60000
2.302107 12800 60000
2.316807 25600 60000
2.289932 38400 60000
2.292670 51200 60000
