Epoch 1
-------------------------------
2.301003     0 60000
1.374851 12800 60000
1.228607 25600 60000
0.884473 38400 60000
0.669942 51200 60000
Epoch 2
-------------------------------
0.761521     0 60000
0.808844 12800 60000
0.648456 25600 60000
0.712304 38400 60000
0.596423 51200 60000
Epoch 3
-------------------------------
0.720273     0 60000
0.727701 12800 60000
0.623642 25600 60000
0.531979 38400 60000
0.563022 51200 60000
Epoch 4
-------------------------------
0.461687     0 60000
0.547331 12800 60000
0.531405 25600 60000
0.542320 38400 60000
0.432032 51200 60000
Epoch 5
-------------------------------
0.823999     0 60000
0.488630 12800 60000
0.540318 25600 60000
0.547300 38400 60000
0.456187 51200 60000
Epoch 6
-------------------------------
0.515299     0 60000
0.513682 12800 60000
0.504960 25600 60000
0.684336 38400 60000
0.677772 51200 60000
Epoch 7
-------------------------------
0.587783     0 60000
0.599541 12800 60000
0.634047 25600 60000
0.505923 38400 60000
0.485447 51200 60000
Epoch 8
-------------------------------
0.545477     0 60000
0.799375 12800 60000
0.984720 25600 60000
0.992962 38400 60000
0.735477 51200 60000
Epoch 9
-------------------------------
0.730913     0 60000
0.648984 12800 60000
0.689727 25600 60000
0.697818 38400 60000
0.751932 51200 60000
Epoch 10
-------------------------------
0.606597     0 60000
0.690023 12800 60000
0.474436 25600 60000
0.491568 38400 60000
0.397838 51200 60000
Epoch 11
-------------------------------
0.445706     0 60000
0.462432 12800 60000
0.587620 25600 60000
0.539603 38400 60000
0.558331 51200 60000
Epoch 12
-------------------------------
0.476094     0 60000
0.747786 12800 60000
0.532605 25600 60000
0.428646 38400 60000
0.425052 51200 60000
