Epoch 1
-------------------------------
0.369957     0 60000
2.311703 12800 60000
2.300937 25600 60000
2.293577 38400 60000
2.308578 51200 60000
Epoch 2
-------------------------------
2.313280     0 60000
2.317811 12800 60000
2.308384 25600 60000
2.301094 38400 60000
2.288979 51200 60000
Epoch 3
-------------------------------
2.306704     0 60000
2.314314 12800 60000
2.327875 25600 60000
2.300244 38400 60000
2.317230 51200 60000
Epoch 4
-------------------------------
2.311335     0 60000
2.303850 12800 60000
2.306710 25600 60000
2.308456 38400 60000
2.312263 51200 60000
Epoch 5
-------------------------------
2.291349     0 60000
2.306448 12800 60000
2.305414 25600 60000
2.306850 38400 60000
2.312149 51200 60000
Epoch 6
-------------------------------
2.294073     0 60000
2.311172 12800 60000
2.308114 25600 60000
2.288925 38400 60000
2.312057 51200 60000
Epoch 7
-------------------------------
2.312842     0 60000
2.311248 12800 60000
2.319537 25600 60000
2.310597 38400 60000
2.281610 51200 60000
Epoch 8
-------------------------------
2.293813     0 60000
2.312148 12800 60000
2.303806 25600 60000
2.307963 38400 60000
2.300331 51200 60000
Epoch 9
-------------------------------
2.307500     0 60000
2.303504 12800 60000
2.311865 25600 60000
2.291652 38400 60000
2.296428 51200 60000
Epoch 10
-------------------------------
2.307319     0 60000
2.304218 12800 60000
2.302949 25600 60000
2.312266 38400 60000
2.328661 51200 60000
Epoch 11
-------------------------------
2.304148     0 60000
2.293361 12800 60000
2.325241 25600 60000
2.315368 38400 60000
2.307081 51200 60000
Epoch 12
-------------------------------
2.300936     0 60000
2.294456 12800 60000
2.310445 25600 60000
2.302788 38400 60000
2.304315 51200 60000
