Epoch 1
-------------------------------
0.151460     0 60000
0.443560 12800 60000
0.480679 25600 60000
0.468653 38400 60000
0.320422 51200 60000
Epoch 2
-------------------------------
0.366575     0 60000
0.272306 12800 60000
0.484901 25600 60000
0.489561 38400 60000
0.425163 51200 60000
Epoch 3
-------------------------------
0.386885     0 60000
0.463649 12800 60000
0.353939 25600 60000
0.648490 38400 60000
0.294106 51200 60000
Epoch 4
-------------------------------
0.430905     0 60000
0.478622 12800 60000
0.372236 25600 60000
0.447739 38400 60000
0.234519 51200 60000
Epoch 5
-------------------------------
0.590549     0 60000
0.375159 12800 60000
0.210938 25600 60000
0.387760 38400 60000
0.283716 51200 60000
Epoch 6
-------------------------------
0.255168     0 60000
0.478730 12800 60000
0.406610 25600 60000
0.258122 38400 60000
0.353013 51200 60000
Epoch 7
-------------------------------
0.341920     0 60000
0.683985 12800 60000
0.274659 25600 60000
0.346467 38400 60000
0.311308 51200 60000
Epoch 8
-------------------------------
0.315618     0 60000
0.273549 12800 60000
0.329412 25600 60000
0.455050 38400 60000
0.277510 51200 60000
Epoch 9
-------------------------------
0.408463     0 60000
0.280650 12800 60000
0.294565 25600 60000
0.314781 38400 60000
0.461574 51200 60000
Epoch 10
-------------------------------
0.349062     0 60000
0.329732 12800 60000
0.323360 25600 60000
0.390412 38400 60000
0.457832 51200 60000
Epoch 11
-------------------------------
0.271902     0 60000
0.294489 12800 60000
0.232797 25600 60000
0.240015 38400 60000
0.308406 51200 60000
Epoch 12
-------------------------------
0.292054     0 60000
0.195620 12800 60000
0.236372 25600 60000
0.362586 38400 60000
0.377798 51200 60000
