Epoch 1
-------------------------------
0.288263     0 60000
2.308633 12800 60000
2.309679 25600 60000
2.304580 38400 60000
2.311459 51200 60000
Epoch 2
-------------------------------
2.303265     0 60000
2.295194 12800 60000
2.297884 25600 60000
2.308656 38400 60000
2.307705 51200 60000
Epoch 3
-------------------------------
2.303066     0 60000
2.294451 12800 60000
2.311841 25600 60000
2.312111 38400 60000
2.310405 51200 60000
Epoch 4
-------------------------------
2.304247     0 60000
2.304097 12800 60000
2.331028 25600 60000
2.309527 38400 60000
2.298249 51200 60000
Epoch 5
-------------------------------
2.298236     0 60000
2.306505 12800 60000
2.301161 25600 60000
2.302726 38400 60000
2.320267 51200 60000
Epoch 6
-------------------------------
2.318116     0 60000
2.296572 12800 60000
2.322857 25600 60000
2.331783 38400 60000
2.310199 51200 60000
Epoch 7
-------------------------------
2.297621     0 60000
2.322435 12800 60000
2.313874 25600 60000
2.319486 38400 60000
2.308595 51200 60000
Epoch 8
-------------------------------
2.316433     0 60000
2.310729 12800 60000
2.302368 25600 60000
2.325276 38400 60000
2.317860 51200 60000
Epoch 9
-------------------------------
2.315382     0 60000
2.316558 12800 60000
2.302018 25600 60000
2.309724 38400 60000
2.320900 51200 60000
Epoch 10
-------------------------------
2.305702     0 60000
2.294165 12800 60000
2.309064 25600 60000
2.325345 38400 60000
2.311548 51200 60000
Epoch 11
-------------------------------
2.305562     0 60000
2.300131 12800 60000
2.330119 25600 60000
2.318884 38400 60000
2.299228 51200 60000
Epoch 12
-------------------------------
2.320019     0 60000
2.301566 12800 60000
2.297412 25600 60000
2.303340 38400 60000
2.303153 51200 60000
