Epoch 1
-------------------------------
0.281790     0 60000
2.311970 12800 60000
2.295261 25600 60000
2.317965 38400 60000
2.307061 51200 60000
Epoch 2
-------------------------------
2.287267     0 60000
2.309216 12800 60000
2.322854 25600 60000
2.303710 38400 60000
2.299718 51200 60000
Epoch 3
-------------------------------
2.310380     0 60000
2.301647 12800 60000
2.307651 25600 60000
2.290585 38400 60000
2.325589 51200 60000
Epoch 4
-------------------------------
2.309437     0 60000
2.299761 12800 60000
2.307316 25600 60000
2.311148 38400 60000
2.319325 51200 60000
Epoch 5
-------------------------------
2.335137     0 60000
2.336221 12800 60000
2.300457 25600 60000
2.306486 38400 60000
2.323486 51200 60000
Epoch 6
-------------------------------
2.307403     0 60000
2.320301 12800 60000
2.319008 25600 60000
2.305174 38400 60000
2.317612 51200 60000
Epoch 7
-------------------------------
2.304342     0 60000
2.314314 12800 60000
2.310183 25600 60000
2.305648 38400 60000
2.321758 51200 60000
Epoch 8
-------------------------------
2.310435     0 60000
2.309048 12800 60000
2.294446 25600 60000
2.323257 38400 60000
2.312708 51200 60000
Epoch 9
-------------------------------
2.292984     0 60000
2.319021 12800 60000
2.301246 25600 60000
2.309938 38400 60000
2.320241 51200 60000
Epoch 10
-------------------------------
2.302033     0 60000
2.308339 12800 60000
2.310393 25600 60000
2.322146 38400 60000
2.300169 51200 60000
Epoch 11
-------------------------------
2.297208     0 60000
2.311707 12800 60000
2.323502 25600 60000
2.300534 38400 60000
2.325750 51200 60000
Epoch 12
-------------------------------
2.293978     0 60000
2.313902 12800 60000
2.310256 25600 60000
2.307256 38400 60000
2.302979 51200 60000
