Epoch 1
-------------------------------
0.243137     0 60000
2.306095 12800 60000
2.296792 25600 60000
2.305473 38400 60000
2.317157 51200 60000
Epoch 2
-------------------------------
2.298964     0 60000
2.312686 12800 60000
2.297161 25600 60000
2.330542 38400 60000
2.305538 51200 60000
Epoch 3
-------------------------------
2.315948     0 60000
2.306169 12800 60000
2.318737 25600 60000
2.313065 38400 60000
2.302480 51200 60000
Epoch 4
-------------------------------
2.324736     0 60000
2.314460 12800 60000
2.306585 25600 60000
2.316282 38400 60000
2.309342 51200 60000
Epoch 5
-------------------------------
2.301415     0 60000
2.317815 12800 60000
2.298172 25600 60000
2.308019 38400 60000
2.310668 51200 60000
Epoch 6
-------------------------------
2.323222     0 60000
2.317839 12800 60000
2.306875 25600 60000
2.302834 38400 60000
2.310028 51200 60000
Epoch 7
-------------------------------
2.313978     0 60000
2.309032 12800 60000
2.303256 25600 60000
2.312971 38400 60000
2.292202 51200 60000
Epoch 8
-------------------------------
2.312475     0 60000
2.318814 12800 60000
2.289021 25600 60000
2.305515 38400 60000
2.300679 51200 60000
Epoch 9
-------------------------------
2.300413     0 60000
2.327643 12800 60000
2.304064 25600 60000
2.321177 38400 60000
2.310407 51200 60000
Epoch 10
-------------------------------
2.297157     0 60000
2.323858 12800 60000
2.292053 25600 60000
2.318591 38400 60000
2.304497 51200 60000
Epoch 11
-------------------------------
2.307042     0 60000
2.312167 12800 60000
2.321302 25600 60000
2.332314 38400 60000
2.311299 51200 60000
Epoch 12
-------------------------------
2.309187     0 60000
2.339000 12800 60000
2.303698 25600 60000
2.302185 38400 60000
2.309269 51200 60000
