Epoch 1
-------------------------------
2.300471     0 60000
0.891085 12800 60000
0.772932 25600 60000
0.921420 38400 60000
0.630873 51200 60000
Epoch 2
-------------------------------
0.589779     0 60000
0.515339 12800 60000
0.536088 25600 60000
0.615812 38400 60000
0.563277 51200 60000
Epoch 3
-------------------------------
0.522585     0 60000
0.394795 12800 60000
0.409406 25600 60000
0.232358 38400 60000
0.363577 51200 60000
Epoch 4
-------------------------------
0.399592     0 60000
0.332955 12800 60000
0.466742 25600 60000
0.289699 38400 60000
0.300108 51200 60000
Epoch 5
-------------------------------
0.331745     0 60000
0.382828 12800 60000
0.356639 25600 60000
0.438774 38400 60000
0.397176 51200 60000
Epoch 6
-------------------------------
0.343449     0 60000
0.322501 12800 60000
0.354657 25600 60000
0.383595 38400 60000
0.385774 51200 60000
Epoch 7
-------------------------------
0.469028     0 60000
0.293843 12800 60000
0.376200 25600 60000
0.337654 38400 60000
0.282353 51200 60000
Epoch 8
-------------------------------
0.418978     0 60000
0.414757 12800 60000
0.276544 25600 60000
0.270996 38400 60000
0.149975 51200 60000
Epoch 9
-------------------------------
0.226496     0 60000
0.233264 12800 60000
0.339756 25600 60000
0.326017 38400 60000
0.243222 51200 60000
Epoch 10
-------------------------------
0.289759     0 60000
0.302496 12800 60000
0.218302 25600 60000
0.238194 38400 60000
0.168219 51200 60000
Epoch 11
-------------------------------
0.247721     0 60000
0.236934 12800 60000
0.318512 25600 60000
0.415022 38400 60000
0.276214 51200 60000
Epoch 12
-------------------------------
0.224011     0 60000
0.260023 12800 60000
0.262405 25600 60000
0.265529 38400 60000
0.361650 51200 60000
