Epoch 1
-------------------------------
0.252327     0 60000
0.344392 12800 60000
0.296884 25600 60000
0.459187 38400 60000
0.317285 51200 60000
Epoch 2
-------------------------------
0.545151     0 60000
0.429262 12800 60000
0.477379 25600 60000
0.364799 38400 60000
0.249568 51200 60000
Epoch 3
-------------------------------
0.279523     0 60000
0.323602 12800 60000
0.316258 25600 60000
0.322444 38400 60000
0.239920 51200 60000
Epoch 4
-------------------------------
0.281794     0 60000
0.261224 12800 60000
0.268788 25600 60000
0.479014 38400 60000
0.296275 51200 60000
Epoch 5
-------------------------------
0.398019     0 60000
0.271908 12800 60000
0.383746 25600 60000
0.270359 38400 60000
0.336644 51200 60000
Epoch 6
-------------------------------
0.424075     0 60000
0.221261 12800 60000
0.303900 25600 60000
0.442412 38400 60000
0.330805 51200 60000
Epoch 7
-------------------------------
0.353142     0 60000
0.210921 12800 60000
0.419636 25600 60000
0.417077 38400 60000
0.212806 51200 60000
Epoch 8
-------------------------------
0.297289     0 60000
0.419260 12800 60000
0.438687 25600 60000
0.212032 38400 60000
0.551484 51200 60000
Epoch 9
-------------------------------
0.355062     0 60000
0.211184 12800 60000
0.379182 25600 60000
0.360912 38400 60000
0.317268 51200 60000
Epoch 10
-------------------------------
0.301122     0 60000
0.342848 12800 60000
0.282921 25600 60000
0.329606 38400 60000
0.411645 51200 60000
Epoch 11
-------------------------------
0.378814     0 60000
0.321906 12800 60000
0.212030 25600 60000
0.243466 38400 60000
0.221812 51200 60000
Epoch 12
-------------------------------
0.297353     0 60000
0.275330 12800 60000
0.167235 25600 60000
0.369154 38400 60000
0.258139 51200 60000
