Epoch 1
-------------------------------
0.274762     0 60000
0.533084 12800 60000
0.362366 25600 60000
0.470014 38400 60000
0.440891 51200 60000
Epoch 2
-------------------------------
0.305515     0 60000
0.359794 12800 60000
0.470548 25600 60000
0.339407 38400 60000
0.439777 51200 60000
Epoch 3
-------------------------------
0.230690     0 60000
0.431791 12800 60000
0.322330 25600 60000
0.280520 38400 60000
0.286060 51200 60000
Epoch 4
-------------------------------
0.317684     0 60000
0.258299 12800 60000
0.379426 25600 60000
0.367203 38400 60000
0.323520 51200 60000
Epoch 5
-------------------------------
0.298990     0 60000
0.342744 12800 60000
0.316018 25600 60000
0.441122 38400 60000
0.355707 51200 60000
Epoch 6
-------------------------------
0.320836     0 60000
0.358542 12800 60000
0.300366 25600 60000
0.370473 38400 60000
0.455347 51200 60000
Epoch 7
-------------------------------
0.369600     0 60000
0.408445 12800 60000
0.341600 25600 60000
0.388527 38400 60000
0.352554 51200 60000
Epoch 8
-------------------------------
0.333542     0 60000
0.290970 12800 60000
0.377779 25600 60000
0.388449 38400 60000
0.361512 51200 60000
Epoch 9
-------------------------------
0.368148     0 60000
0.302164 12800 60000
0.277349 25600 60000
0.319535 38400 60000
0.363340 51200 60000
Epoch 10
-------------------------------
0.412947     0 60000
0.367348 12800 60000
0.193423 25600 60000
0.345014 38400 60000
0.195186 51200 60000
Epoch 11
-------------------------------
0.367217     0 60000
0.195423 12800 60000
0.317654 25600 60000
0.271054 38400 60000
0.150101 51200 60000
Epoch 12
-------------------------------
0.302750     0 60000
0.218755 12800 60000
0.437663 25600 60000
0.215352 38400 60000
0.247769 51200 60000
