Epoch 1
-------------------------------
0.188217     0 60000
0.865331 12800 60000
0.611055 25600 60000
0.579890 38400 60000
0.667074 51200 60000
Epoch 2
-------------------------------
0.564228     0 60000
0.599007 12800 60000
0.768248 25600 60000
0.610928 38400 60000
0.583666 51200 60000
Epoch 3
-------------------------------
0.411278     0 60000
0.516616 12800 60000
0.464359 25600 60000
0.425209 38400 60000
0.301462 51200 60000
Epoch 4
-------------------------------
0.482003     0 60000
0.962516 12800 60000
1.871554 25600 60000
1.373534 38400 60000
1.072629 51200 60000
Epoch 5
-------------------------------
0.955252     0 60000
1.063976 12800 60000
0.940189 25600 60000
0.915472 38400 60000
0.900349 51200 60000
Epoch 6
-------------------------------
0.746242     0 60000
0.621077 12800 60000
0.551997 25600 60000
0.691438 38400 60000
0.533457 51200 60000
Epoch 7
-------------------------------
0.442249     0 60000
0.549272 12800 60000
0.416464 25600 60000
0.579580 38400 60000
0.501031 51200 60000
Epoch 8
-------------------------------
0.549537     0 60000
0.461617 12800 60000
0.514262 25600 60000
0.515623 38400 60000
0.577869 51200 60000
Epoch 9
-------------------------------
0.556436     0 60000
0.392147 12800 60000
0.383838 25600 60000
0.527826 38400 60000
0.317994 51200 60000
Epoch 10
-------------------------------
0.375289     0 60000
0.423116 12800 60000
0.461043 25600 60000
0.435202 38400 60000
0.441130 51200 60000
Epoch 11
-------------------------------
0.473429     0 60000
0.357494 12800 60000
0.371242 25600 60000
0.394251 38400 60000
0.472031 51200 60000
Epoch 12
-------------------------------
0.511725     0 60000
0.445307 12800 60000
0.409033 25600 60000
0.521824 38400 60000
0.402205 51200 60000
