Epoch 1
-------------------------------
2.312942     0 60000
0.408970 12800 60000
0.512300 25600 60000
0.381610 38400 60000
0.434787 51200 60000
Epoch 2
-------------------------------
0.325116     0 60000
0.473566 12800 60000
0.359271 25600 60000
0.298949 38400 60000
0.362546 51200 60000
Epoch 3
-------------------------------
0.289516     0 60000
0.401964 12800 60000
0.240610 25600 60000
0.296595 38400 60000
0.321465 51200 60000
Epoch 4
-------------------------------
0.284027     0 60000
0.232368 12800 60000
0.237368 25600 60000
0.236413 38400 60000
0.351694 51200 60000
Epoch 5
-------------------------------
0.328612     0 60000
0.214686 12800 60000
0.273721 25600 60000
0.324762 38400 60000
0.438430 51200 60000
Epoch 6
-------------------------------
0.237694     0 60000
0.193014 12800 60000
0.265590 25600 60000
0.261636 38400 60000
0.291227 51200 60000
Epoch 7
-------------------------------
0.199757     0 60000
0.200631 12800 60000
0.329850 25600 60000
0.271020 38400 60000
0.203755 51200 60000
Epoch 8
-------------------------------
0.202303     0 60000
0.188645 12800 60000
0.181779 25600 60000
0.208271 38400 60000
0.183943 51200 60000
Epoch 9
-------------------------------
0.258870     0 60000
0.118774 12800 60000
0.243121 25600 60000
0.272176 38400 60000
0.211750 51200 60000
Epoch 10
-------------------------------
0.233229     0 60000
0.182343 12800 60000
0.148958 25600 60000
0.270182 38400 60000
0.187910 51200 60000
Epoch 11
-------------------------------
0.181001     0 60000
0.135188 12800 60000
0.147110 25600 60000
0.308271 38400 60000
0.288423 51200 60000
Epoch 12
-------------------------------
0.259938     0 60000
0.190245 12800 60000
0.227905 25600 60000
0.133382 38400 60000
0.186172 51200 60000
