Epoch 1
-------------------------------
0.338446     0 60000
0.604564 12800 60000
0.696189 25600 60000
0.622797 38400 60000
0.555433 51200 60000
Epoch 2
-------------------------------
0.385676     0 60000
0.381303 12800 60000
0.521437 25600 60000
0.448767 38400 60000
0.410249 51200 60000
Epoch 3
-------------------------------
0.569187     0 60000
0.319749 12800 60000
0.602396 25600 60000
0.375115 38400 60000
0.456317 51200 60000
Epoch 4
-------------------------------
0.511230     0 60000
0.344250 12800 60000
0.273476 25600 60000
0.455121 38400 60000
0.335706 51200 60000
Epoch 5
-------------------------------
0.596491     0 60000
0.546649 12800 60000
0.391449 25600 60000
0.417468 38400 60000
0.451749 51200 60000
Epoch 6
-------------------------------
0.421754     0 60000
0.303418 12800 60000
0.283821 25600 60000
0.415752 38400 60000
0.474281 51200 60000
Epoch 7
-------------------------------
0.385927     0 60000
0.924509 12800 60000
0.337373 25600 60000
0.412219 38400 60000
0.400556 51200 60000
Epoch 8
-------------------------------
0.398532     0 60000
0.587382 12800 60000
0.334840 25600 60000
0.362100 38400 60000
0.359039 51200 60000
Epoch 9
-------------------------------
0.366696     0 60000
0.254142 12800 60000
0.406747 25600 60000
0.409480 38400 60000
0.244596 51200 60000
Epoch 10
-------------------------------
0.287873     0 60000
0.430241 12800 60000
0.476248 25600 60000
0.558520 38400 60000
0.412072 51200 60000
Epoch 11
-------------------------------
0.421677     0 60000
0.547414 12800 60000
0.326976 25600 60000
0.615913 38400 60000
0.603006 51200 60000
Epoch 12
-------------------------------
0.415639     0 60000
0.436763 12800 60000
0.579783 25600 60000
0.537134 38400 60000
1.329166 51200 60000
