Epoch 1
-------------------------------
0.721501     0 60000
1.230754 12800 60000
1.154144 25600 60000
0.992605 38400 60000
0.957568 51200 60000
Epoch 2
-------------------------------
0.839187     0 60000
20.815891 12800 60000
2.298273 25600 60000
2.310760 38400 60000
2.304002 51200 60000
Epoch 3
-------------------------------
2.302964     0 60000
2.301193 12800 60000
2.301936 25600 60000
2.299134 38400 60000
2.304138 51200 60000
Epoch 4
-------------------------------
2.302567     0 60000
2.303957 12800 60000
2.303273 25600 60000
2.301375 38400 60000
2.301781 51200 60000
Epoch 5
-------------------------------
2.302083     0 60000
2.306186 12800 60000
2.302970 25600 60000
2.300066 38400 60000
2.303306 51200 60000
Epoch 6
-------------------------------
2.303221     0 60000
2.304704 12800 60000
2.300820 25600 60000
2.303442 38400 60000
2.299664 51200 60000
Epoch 7
-------------------------------
2.305738     0 60000
2.305510 12800 60000
2.303622 25600 60000
2.303878 38400 60000
2.301606 51200 60000
Epoch 8
-------------------------------
2.303459     0 60000
2.299317 12800 60000
2.308833 25600 60000
2.300124 38400 60000
2.301238 51200 60000
Epoch 9
-------------------------------
2.300024     0 60000
2.303642 12800 60000
2.300179 25600 60000
2.302918 38400 60000
2.301577 51200 60000
Epoch 10
-------------------------------
2.301537     0 60000
2.305219 12800 60000
2.306625 25600 60000
2.302008 38400 60000
2.301576 51200 60000
Epoch 11
-------------------------------
2.298162     0 60000
2.303586 12800 60000
2.304031 25600 60000
2.299860 38400 60000
2.300202 51200 60000
Epoch 12
-------------------------------
2.304925     0 60000
2.306276 12800 60000
2.304346 25600 60000
2.300334 38400 60000
2.297001 51200 60000
