Epoch 1
-------------------------------
2.305286     0 60000
1.483013 12800 60000
1.191311 25600 60000
1.341206 38400 60000
1.095973 51200 60000
Epoch 2
-------------------------------
0.908728     0 60000
0.804360 12800 60000
0.673526 25600 60000
0.956935 38400 60000
0.656527 51200 60000
Epoch 3
-------------------------------
0.990436     0 60000
0.852407 12800 60000
0.510183 25600 60000
1.034696 38400 60000
0.611258 51200 60000
Epoch 4
-------------------------------
0.744546     0 60000
0.755543 12800 60000
0.616864 25600 60000
0.854843 38400 60000
0.830808 51200 60000
Epoch 5
-------------------------------
0.703212     0 60000
0.503725 12800 60000
0.643698 25600 60000
0.877027 38400 60000
0.624387 51200 60000
Epoch 6
-------------------------------
0.663157     0 60000
0.627988 12800 60000
0.593133 25600 60000
0.584838 38400 60000
0.441371 51200 60000
Epoch 7
-------------------------------
0.907317     0 60000
0.569434 12800 60000
0.796373 25600 60000
0.592725 38400 60000
0.493156 51200 60000
Epoch 8
-------------------------------
0.678829     0 60000
0.601416 12800 60000
0.746193 25600 60000
0.598278 38400 60000
0.535209 51200 60000
Epoch 9
-------------------------------
0.479139     0 60000
0.573903 12800 60000
0.637695 25600 60000
0.623956 38400 60000
0.542406 51200 60000
Epoch 10
-------------------------------
0.520701     0 60000
0.495615 12800 60000
0.560923 25600 60000
0.549875 38400 60000
0.500122 51200 60000
Epoch 11
-------------------------------
0.613045     0 60000
0.421644 12800 60000
0.532390 25600 60000
0.491224 38400 60000
0.564254 51200 60000
Epoch 12
-------------------------------
0.441808     0 60000
0.714716 12800 60000
0.990489 25600 60000
0.856148 38400 60000
0.865499 51200 60000
