Epoch 1
-------------------------------
2.306779     0 60000
2.302272 12800 60000
2.310159 25600 60000
2.322247 38400 60000
2.299828 51200 60000
Epoch 2
-------------------------------
2.317199     0 60000
2.312350 12800 60000
2.305215 25600 60000
2.312280 38400 60000
2.300199 51200 60000
Epoch 3
-------------------------------
2.319860     0 60000
2.315226 12800 60000
2.308278 25600 60000
2.315363 38400 60000
2.293755 51200 60000
Epoch 4
-------------------------------
2.317997     0 60000
2.313956 12800 60000
2.302773 25600 60000
2.298458 38400 60000
2.309015 51200 60000
Epoch 5
-------------------------------
2.325846     0 60000
2.289179 12800 60000
2.303069 25600 60000
2.308252 38400 60000
2.335118 51200 60000
Epoch 6
-------------------------------
2.293519     0 60000
2.316736 12800 60000
2.327023 25600 60000
2.312497 38400 60000
2.313469 51200 60000
Epoch 7
-------------------------------
2.318101     0 60000
2.308486 12800 60000
2.306316 25600 60000
2.313556 38400 60000
2.305395 51200 60000
Epoch 8
-------------------------------
2.333041     0 60000
2.303950 12800 60000
2.319167 25600 60000
2.308042 38400 60000
2.307204 51200 60000
Epoch 9
-------------------------------
2.297791     0 60000
2.308959 12800 60000
2.302351 25600 60000
2.312078 38400 60000
2.302551 51200 60000
Epoch 10
-------------------------------
2.312159     0 60000
2.304975 12800 60000
2.328959 25600 60000
2.321085 38400 60000
2.317787 51200 60000
Epoch 11
-------------------------------
2.306541     0 60000
2.311936 12800 60000
2.315619 25600 60000
2.307474 38400 60000
2.305890 51200 60000
Epoch 12
-------------------------------
2.330990     0 60000
2.305877 12800 60000
2.325125 25600 60000
2.309599 38400 60000
2.310224 51200 60000
