Epoch 1
-------------------------------
0.300244     0 60000
1.922043 12800 60000
2.038602 25600 60000
2.169103 38400 60000
2.306282 51200 60000
Epoch 2
-------------------------------
2.314109     0 60000
2.320569 12800 60000
2.311823 25600 60000
2.301198 38400 60000
2.312847 51200 60000
Epoch 3
-------------------------------
2.311336     0 60000
2.303167 12800 60000
2.306310 25600 60000
2.301610 38400 60000
2.287137 51200 60000
Epoch 4
-------------------------------
2.309711     0 60000
2.308582 12800 60000
2.292934 25600 60000
2.308661 38400 60000
2.302745 51200 60000
Epoch 5
-------------------------------
2.309718     0 60000
2.299543 12800 60000
2.311739 25600 60000
2.318947 38400 60000
2.312430 51200 60000
Epoch 6
-------------------------------
2.307237     0 60000
2.308415 12800 60000
2.321297 25600 60000
2.308011 38400 60000
2.300005 51200 60000
Epoch 7
-------------------------------
2.304171     0 60000
2.289101 12800 60000
2.317245 25600 60000
2.312164 38400 60000
2.315073 51200 60000
Epoch 8
-------------------------------
2.304327     0 60000
2.318965 12800 60000
2.305803 25600 60000
2.304336 38400 60000
2.319747 51200 60000
Epoch 9
-------------------------------
2.298072     0 60000
2.303034 12800 60000
2.301225 25600 60000
2.302444 38400 60000
2.364832 51200 60000
Epoch 10
-------------------------------
2.287412     0 60000
2.330514 12800 60000
2.312757 25600 60000
2.299346 38400 60000
2.296987 51200 60000
Epoch 11
-------------------------------
2.338424     0 60000
2.317164 12800 60000
2.323816 25600 60000
2.302276 38400 60000
2.313852 51200 60000
Epoch 12
-------------------------------
2.302134     0 60000
2.306047 12800 60000
2.318640 25600 60000
2.322782 38400 60000
2.311302 51200 60000
