Epoch 1
-------------------------------
2.301901     0 60000
2.293608 12800 60000
2.314304 25600 60000
2.302744 38400 60000
2.309322 51200 60000
Epoch 2
-------------------------------
2.301048     0 60000
2.299950 12800 60000
2.323736 25600 60000
2.304766 38400 60000
2.315947 51200 60000
Epoch 3
-------------------------------
2.321819     0 60000
2.323215 12800 60000
2.306989 25600 60000
2.302186 38400 60000
2.325068 51200 60000
Epoch 4
-------------------------------
2.308286     0 60000
2.299901 12800 60000
2.324691 25600 60000
2.300169 38400 60000
2.297091 51200 60000
Epoch 5
-------------------------------
2.293839     0 60000
2.299592 12800 60000
2.328859 25600 60000
2.313174 38400 60000
2.304858 51200 60000
Epoch 6
-------------------------------
2.307311     0 60000
2.313761 12800 60000
2.308253 25600 60000
2.311259 38400 60000
2.313812 51200 60000
Epoch 7
-------------------------------
2.293372     0 60000
2.316905 12800 60000
2.294712 25600 60000
2.311299 38400 60000
2.320568 51200 60000
Epoch 8
-------------------------------
2.318563     0 60000
2.316293 12800 60000
2.318677 25600 60000
2.306633 38400 60000
2.325552 51200 60000
Epoch 9
-------------------------------
2.297819     0 60000
2.309775 12800 60000
2.321971 25600 60000
2.310396 38400 60000
2.304994 51200 60000
Epoch 10
-------------------------------
2.299857     0 60000
2.308261 12800 60000
2.300405 25600 60000
2.301742 38400 60000
2.315033 51200 60000
Epoch 11
-------------------------------
2.292213     0 60000
2.303548 12800 60000
2.303822 25600 60000
2.310016 38400 60000
2.305197 51200 60000
Epoch 12
-------------------------------
2.308718     0 60000
2.307589 12800 60000
2.308868 25600 60000
2.304995 38400 60000
2.306838 51200 60000
