Epoch 1
-------------------------------
0.319538     0 60000
2.368022 12800 60000
2.304255 25600 60000
2.309984 38400 60000
2.311814 51200 60000
Epoch 2
-------------------------------
2.304407     0 60000
2.304065 12800 60000
2.301419 25600 60000
2.304682 38400 60000
2.312157 51200 60000
Epoch 3
-------------------------------
2.311973     0 60000
2.318031 12800 60000
2.312542 25600 60000
2.307901 38400 60000
2.301339 51200 60000
Epoch 4
-------------------------------
2.305380     0 60000
2.309546 12800 60000
2.298648 25600 60000
2.302352 38400 60000
2.296595 51200 60000
Epoch 5
-------------------------------
2.313315     0 60000
2.320737 12800 60000
2.338348 25600 60000
2.300473 38400 60000
2.314352 51200 60000
Epoch 6
-------------------------------
2.300512     0 60000
2.304420 12800 60000
2.302123 25600 60000
2.295218 38400 60000
2.311864 51200 60000
Epoch 7
-------------------------------
2.306328     0 60000
2.328904 12800 60000
2.311000 25600 60000
2.333792 38400 60000
2.308630 51200 60000
Epoch 8
-------------------------------
2.297889     0 60000
2.305043 12800 60000
2.307650 25600 60000
2.289119 38400 60000
2.304776 51200 60000
Epoch 9
-------------------------------
2.295245     0 60000
2.328283 12800 60000
2.316399 25600 60000
2.308927 38400 60000
2.311812 51200 60000
Epoch 10
-------------------------------
2.327200     0 60000
2.317285 12800 60000
2.317871 25600 60000
2.299314 38400 60000
2.313956 51200 60000
Epoch 11
-------------------------------
2.288360     0 60000
2.315595 12800 60000
2.311222 25600 60000
2.297771 38400 60000
2.330820 51200 60000
Epoch 12
-------------------------------
2.300292     0 60000
2.295669 12800 60000
2.323629 25600 60000
2.310864 38400 60000
2.323210 51200 60000
