Epoch 1
-------------------------------
2.302485     0 60000
2.259752 12800 60000
1.397816 25600 60000
1.391195 38400 60000
1.055339 51200 60000
Epoch 2
-------------------------------
1.200715     0 60000
0.933379 12800 60000
0.978559 25600 60000
0.879290 38400 60000
0.844248 51200 60000
Epoch 3
-------------------------------
0.655825     0 60000
0.882067 12800 60000
0.811075 25600 60000
0.766891 38400 60000
0.845986 51200 60000
Epoch 4
-------------------------------
0.797875     0 60000
0.880025 12800 60000
0.744898 25600 60000
0.591588 38400 60000
0.726007 51200 60000
Epoch 5
-------------------------------
6.723999     0 60000
0.816939 12800 60000
0.760825 25600 60000
0.695312 38400 60000
0.572029 51200 60000
Epoch 6
-------------------------------
0.615545     0 60000
0.802418 12800 60000
0.785605 25600 60000
0.810213 38400 60000
0.639131 51200 60000
Epoch 7
-------------------------------
0.982083     0 60000
0.858697 12800 60000
0.727786 25600 60000
0.698215 38400 60000
1.056826 51200 60000
Epoch 8
-------------------------------
0.835182     0 60000
0.615964 12800 60000
0.738435 25600 60000
0.617590 38400 60000
0.641744 51200 60000
Epoch 9
-------------------------------
0.695925     0 60000
0.520207 12800 60000
0.740498 25600 60000
1.055504 38400 60000
0.487152 51200 60000
Epoch 10
-------------------------------
0.658391     0 60000
0.671830 12800 60000
0.912370 25600 60000
0.790994 38400 60000
0.735397 51200 60000
Epoch 11
-------------------------------
1.076049     0 60000
0.796491 12800 60000
0.719456 25600 60000
0.648958 38400 60000
0.577562 51200 60000
Epoch 12
-------------------------------
0.478195     0 60000
0.568213 12800 60000
0.974122 25600 60000
0.972148 38400 60000
0.763082 51200 60000
