Epoch 1
-------------------------------
0.623514     0 60000
1.355837 12800 60000
1.209141 25600 60000
1.989394 38400 60000
2.401260 51200 60000
Epoch 2
-------------------------------
2.306985     0 60000
2.302957 12800 60000
2.315415 25600 60000
2.303029 38400 60000
2.313069 51200 60000
Epoch 3
-------------------------------
2.297122     0 60000
2.302043 12800 60000
2.302785 25600 60000
2.309130 38400 60000
2.307547 51200 60000
Epoch 4
-------------------------------
2.306829     0 60000
2.301757 12800 60000
2.305525 25600 60000
2.303248 38400 60000
2.304466 51200 60000
Epoch 5
-------------------------------
2.307249     0 60000
2.310832 12800 60000
2.302427 25600 60000
2.305255 38400 60000
2.316518 51200 60000
Epoch 6
-------------------------------
2.312000     0 60000
2.303009 12800 60000
2.310392 25600 60000
2.307965 38400 60000
2.308699 51200 60000
Epoch 7
-------------------------------
2.315963     0 60000
2.300549 12800 60000
2.304809 25600 60000
2.302222 38400 60000
2.309428 51200 60000
Epoch 8
-------------------------------
2.306594     0 60000
2.300008 12800 60000
2.301659 25600 60000
2.314730 38400 60000
2.303812 51200 60000
Epoch 9
-------------------------------
2.298374     0 60000
2.304226 12800 60000
2.296478 25600 60000
2.303596 38400 60000
2.300919 51200 60000
Epoch 10
-------------------------------
2.300648     0 60000
2.306462 12800 60000
2.304061 25600 60000
2.308533 38400 60000
2.301044 51200 60000
Epoch 11
-------------------------------
2.300043     0 60000
2.303558 12800 60000
2.305708 25600 60000
2.303205 38400 60000
2.303525 51200 60000
Epoch 12
-------------------------------
2.299183     0 60000
2.300493 12800 60000
2.300601 25600 60000
2.301835 38400 60000
2.300841 51200 60000
