Epoch 1
-------------------------------
0.884193     0 60000
1.343442  3200 60000
0.990419  6400 60000
1.321143  9600 60000
0.926641 12800 60000
1.444191 16000 60000
0.931239 19200 60000
0.890345 22400 60000
0.803603 25600 60000
0.883478 28800 60000
2.280608 32000 60000
2.304456 35200 60000
2.305467 38400 60000
2.291429 41600 60000
2.299907 44800 60000
2.300073 48000 60000
2.312758 51200 60000
2.293047 54400 60000
2.312377 57600 60000
Epoch 2
-------------------------------
2.307679     0 60000
2.299285  3200 60000
2.316474  6400 60000
2.305732  9600 60000
2.312873 12800 60000
2.305186 16000 60000
2.293050 19200 60000
2.306212 22400 60000
2.295767 25600 60000
2.304648 28800 60000
2.299246 32000 60000
2.292671 35200 60000
2.303460 38400 60000
2.304437 41600 60000
2.304702 44800 60000
2.304857 48000 60000
2.306206 51200 60000
2.305949 54400 60000
2.296808 57600 60000
Epoch 3
-------------------------------
2.310040     0 60000
2.304024  3200 60000
2.300210  6400 60000
2.302181  9600 60000
2.299350 12800 60000
2.303401 16000 60000
2.300915 19200 60000
2.303807 22400 60000
2.299365 25600 60000
2.307745 28800 60000
2.308770 32000 60000
2.290284 35200 60000
2.316142 38400 60000
2.291629 41600 60000
2.305410 44800 60000
2.310895 48000 60000
2.311730 51200 60000
2.301457 54400 60000
2.304378 57600 60000
Epoch 4
-------------------------------
2.297242     0 60000
2.307956  3200 60000
2.299433  6400 60000
2.291870  9600 60000
2.300625 12800 60000
2.305676 16000 60000
2.307714 19200 60000
2.310972 22400 60000
2.315990 25600 60000
2.306061 28800 60000
2.308011 32000 60000
2.304084 35200 60000
2.314163 38400 60000
2.319783 41600 60000
2.309123 44800 60000
2.308293 48000 60000
2.305080 51200 60000
2.300706 54400 60000
2.319894 57600 60000
Epoch 5
-------------------------------
2.305050     0 60000
2.286294  3200 60000
2.284820  6400 60000
2.309705  9600 60000
2.297920 12800 60000
2.291454 16000 60000
2.309625 19200 60000
2.294626 22400 60000
2.296368 25600 60000
2.314425 28800 60000
2.298755 32000 60000
2.311710 35200 60000
2.315119 38400 60000
2.305096 41600 60000
2.318891 44800 60000
2.300567 48000 60000
2.323555 51200 60000
2.298637 54400 60000
2.298516 57600 60000
Epoch 6
-------------------------------
2.298743     0 60000
2.308894  3200 60000
2.297273  6400 60000
2.314203  9600 60000
2.310422 12800 60000
2.304954 16000 60000
2.298499 19200 60000
2.311352 22400 60000
2.286013 25600 60000
2.294757 28800 60000
2.308836 32000 60000
2.303308 35200 60000
2.297698 38400 60000
2.306419 41600 60000
2.310016 44800 60000
2.295071 48000 60000
2.305005 51200 60000
2.309905 54400 60000
2.301439 57600 60000
Epoch 7
-------------------------------
2.308285     0 60000
2.313332  3200 60000
2.293792  6400 60000
2.317139  9600 60000
2.312234 12800 60000
2.304624 16000 60000
2.301618 19200 60000
2.299748 22400 60000
2.314952 25600 60000
2.302404 28800 60000
2.307945 32000 60000
2.303829 35200 60000
2.302285 38400 60000
2.312947 41600 60000
2.299262 44800 60000
2.307564 48000 60000
2.308066 51200 60000
2.309812 54400 60000
2.297143 57600 60000
Epoch 8
-------------------------------
2.322628     0 60000
2.307792  3200 60000
2.288008  6400 60000
2.315524  9600 60000
2.307542 12800 60000
2.314345 16000 60000
2.291165 19200 60000
2.297784 22400 60000
2.310060 25600 60000
2.306519 28800 60000
2.295387 32000 60000
2.302155 35200 60000
2.304295 38400 60000
2.299827 41600 60000
2.308041 44800 60000
2.292066 48000 60000
2.317928 51200 60000
2.310225 54400 60000
2.297473 57600 60000
Epoch 9
-------------------------------
2.285188     0 60000
2.301986  3200 60000
2.290053  6400 60000
2.291101  9600 60000
2.308059 12800 60000
2.297579 16000 60000
2.293830 19200 60000
2.287759 22400 60000
2.306113 25600 60000
2.290786 28800 60000
2.299107 32000 60000
2.312681 35200 60000
2.308993 38400 60000
2.306673 41600 60000
2.288240 44800 60000
2.305041 48000 60000
2.308208 51200 60000
2.303407 54400 60000
2.297302 57600 60000
Epoch 10
-------------------------------
2.286390     0 60000
2.306949  3200 60000
2.301070  6400 60000
2.312977  9600 60000
2.299534 12800 60000
2.304514 16000 60000
2.316030 19200 60000
2.308838 22400 60000
2.300099 25600 60000
2.307272 28800 60000
2.306723 32000 60000
2.300062 35200 60000
2.302955 38400 60000
2.300296 41600 60000
2.302783 44800 60000
2.314347 48000 60000
2.304174 51200 60000
2.299310 54400 60000
2.306014 57600 60000
Epoch 11
-------------------------------
2.310199     0 60000
2.310303  3200 60000
2.310016  6400 60000
2.298299  9600 60000
2.307601 12800 60000
2.298460 16000 60000
2.306285 19200 60000
2.311060 22400 60000
2.298693 25600 60000
2.299966 28800 60000
2.298631 32000 60000
2.295802 35200 60000
2.305933 38400 60000
2.306314 41600 60000
2.302124 44800 60000
2.296711 48000 60000
2.303466 51200 60000
2.306567 54400 60000
2.314282 57600 60000
Epoch 12
-------------------------------
2.302451     0 60000
2.304351  3200 60000
2.308177  6400 60000
2.305277  9600 60000
2.302072 12800 60000
2.300115 16000 60000
2.297529 19200 60000
2.314145 22400 60000
2.304856 25600 60000
2.298635 28800 60000
2.305079 32000 60000
2.307686 35200 60000
2.309803 38400 60000
2.315814 41600 60000
2.304024 44800 60000
2.306015 48000 60000
2.322126 51200 60000
2.321216 54400 60000
2.299914 57600 60000
