Epoch 1
-------------------------------
0.221505     0 60000
0.758602  3200 60000
0.612339  6400 60000
0.602849  9600 60000
0.283328 12800 60000
0.257298 16000 60000
0.477373 19200 60000
0.498671 22400 60000
0.463263 25600 60000
0.236059 28800 60000
0.599350 32000 60000
0.860742 35200 60000
0.613632 38400 60000
0.446162 41600 60000
0.741649 44800 60000
0.837734 48000 60000
0.397045 51200 60000
0.627451 54400 60000
0.472010 57600 60000
Epoch 2
-------------------------------
0.336002     0 60000
0.557420  3200 60000
0.494491  6400 60000
0.312592  9600 60000
0.743798 12800 60000
0.357427 16000 60000
0.622044 19200 60000
0.523817 22400 60000
0.435368 25600 60000
0.343207 28800 60000
0.543545 32000 60000
0.419297 35200 60000
0.307882 38400 60000
0.386947 41600 60000
0.588151 44800 60000
0.753011 48000 60000
0.763808 51200 60000
0.468795 54400 60000
0.347573 57600 60000
Epoch 3
-------------------------------
0.643259     0 60000
0.258358  3200 60000
0.450444  6400 60000
0.768373  9600 60000
0.717352 12800 60000
0.148801 16000 60000
0.185292 19200 60000
0.454863 22400 60000
0.458632 25600 60000
0.405984 28800 60000
0.918268 32000 60000
0.390521 35200 60000
0.756899 38400 60000
0.456962 41600 60000
0.151103 44800 60000
1.055122 48000 60000
0.802525 51200 60000
0.525843 54400 60000
2.443144 57600 60000
Epoch 4
-------------------------------
0.502900     0 60000
0.589135  3200 60000
0.852430  6400 60000
1.009362  9600 60000
0.344061 12800 60000
0.644984 16000 60000
0.494639 19200 60000
0.594302 22400 60000
0.537625 25600 60000
0.378245 28800 60000
0.398031 32000 60000
0.377345 35200 60000
0.541722 38400 60000
0.914549 41600 60000
0.500456 44800 60000
0.619425 48000 60000
0.564792 51200 60000
0.491953 54400 60000
0.664440 57600 60000
Epoch 5
-------------------------------
1.209073     0 60000
0.549753  3200 60000
0.483094  6400 60000
0.339574  9600 60000
0.506702 12800 60000
0.629815 16000 60000
0.426956 19200 60000
0.526896 22400 60000
0.785969 25600 60000
0.625174 28800 60000
0.513518 32000 60000
0.446570 35200 60000
0.378679 38400 60000
0.484365 41600 60000
0.367104 44800 60000
0.590594 48000 60000
0.437543 51200 60000
0.486471 54400 60000
0.185789 57600 60000
Epoch 6
-------------------------------
0.402690     0 60000
0.660907  3200 60000
0.584318  6400 60000
0.579777  9600 60000
0.975834 12800 60000
0.477017 16000 60000
0.492502 19200 60000
0.461913 22400 60000
0.350669 25600 60000
0.560344 28800 60000
0.744606 32000 60000
1.020779 35200 60000
0.526664 38400 60000
0.353921 41600 60000
0.373318 44800 60000
0.580332 48000 60000
0.630404 51200 60000
0.360379 54400 60000
0.234709 57600 60000
Epoch 7
-------------------------------
0.249618     0 60000
0.356925  3200 60000
0.438693  6400 60000
0.661729  9600 60000
0.487336 12800 60000
0.528926 16000 60000
0.572590 19200 60000
0.253834 22400 60000
0.662200 25600 60000
0.387946 28800 60000
0.471954 32000 60000
0.420591 35200 60000
0.396036 38400 60000
0.372276 41600 60000
0.499542 44800 60000
0.369214 48000 60000
0.479045 51200 60000
0.343877 54400 60000
1.357419 57600 60000
Epoch 8
-------------------------------
0.590031     0 60000
0.495017  3200 60000
0.350349  6400 60000
0.328130  9600 60000
0.485157 12800 60000
0.623087 16000 60000
0.268450 19200 60000
0.274076 22400 60000
0.559508 25600 60000
0.943474 28800 60000
0.430401 32000 60000
0.176890 35200 60000
0.221071 38400 60000
0.429217 41600 60000
0.495554 44800 60000
0.248534 48000 60000
0.387028 51200 60000
0.539688 54400 60000
0.362594 57600 60000
Epoch 9
-------------------------------
0.695842     0 60000
0.458880  3200 60000
0.794929  6400 60000
0.384284  9600 60000
0.566761 12800 60000
0.518979 16000 60000
0.401064 19200 60000
0.338611 22400 60000
0.397096 25600 60000
0.849238 28800 60000
0.430530 32000 60000
0.330479 35200 60000
0.276442 38400 60000
0.676475 41600 60000
0.287747 44800 60000
0.269706 48000 60000
0.620101 51200 60000
0.423532 54400 60000
0.261251 57600 60000
Epoch 10
-------------------------------
0.548922     0 60000
0.441638  3200 60000
0.196697  6400 60000
0.446129  9600 60000
0.288531 12800 60000
0.857816 16000 60000
0.374309 19200 60000
0.731129 22400 60000
0.422154 25600 60000
0.676541 28800 60000
0.632286 32000 60000
0.396443 35200 60000
0.401252 38400 60000
0.291608 41600 60000
0.611212 44800 60000
0.609035 48000 60000
0.528482 51200 60000
0.528114 54400 60000
0.370927 57600 60000
Epoch 11
-------------------------------
0.446260     0 60000
0.598925  3200 60000
0.361650  6400 60000
0.364867  9600 60000
0.333334 12800 60000
0.330842 16000 60000
0.706642 19200 60000
0.758231 22400 60000
0.554282 25600 60000
0.603505 28800 60000
0.449960 32000 60000
0.550588 35200 60000
0.538875 38400 60000
0.570615 41600 60000
0.560297 44800 60000
0.359480 48000 60000
0.625486 51200 60000
0.752295 54400 60000
0.864956 57600 60000
Epoch 12
-------------------------------
0.370244     0 60000
0.547859  3200 60000
0.253096  6400 60000
0.182679  9600 60000
0.455460 12800 60000
0.277446 16000 60000
0.255631 19200 60000
0.680400 22400 60000
0.232011 25600 60000
0.592201 28800 60000
0.370719 32000 60000
0.451708 35200 60000
0.259231 38400 60000
0.457785 41600 60000
0.255715 44800 60000
0.361666 48000 60000
0.563989 51200 60000
0.484087 54400 60000
0.406920 57600 60000
