Epoch 1
-------------------------------
0.252359     0 60000
0.649597  3200 60000
0.862075  6400 60000
0.502663  9600 60000
0.156183 12800 60000
0.643781 16000 60000
0.442887 19200 60000
0.264798 22400 60000
0.168036 25600 60000
0.168226 28800 60000
0.843419 32000 60000
0.633079 35200 60000
0.451809 38400 60000
0.863119 41600 60000
0.162770 44800 60000
0.205106 48000 60000
0.688153 51200 60000
0.395908 54400 60000
0.788775 57600 60000
Epoch 2
-------------------------------
0.547149     0 60000
0.418294  3200 60000
0.305998  6400 60000
0.211674  9600 60000
0.704820 12800 60000
0.514658 16000 60000
0.471220 19200 60000
0.331840 22400 60000
0.374636 25600 60000
0.321542 28800 60000
0.439293 32000 60000
0.225407 35200 60000
0.461910 38400 60000
0.423376 41600 60000
0.403981 44800 60000
0.256744 48000 60000
0.653041 51200 60000
0.132937 54400 60000
0.256120 57600 60000
Epoch 3
-------------------------------
0.500278     0 60000
0.325218  3200 60000
0.183326  6400 60000
0.440937  9600 60000
0.213272 12800 60000
0.429569 16000 60000
0.305773 19200 60000
0.383959 22400 60000
0.368169 25600 60000
0.700699 28800 60000
0.226581 32000 60000
0.328433 35200 60000
0.309382 38400 60000
0.271693 41600 60000
0.244951 44800 60000
0.354328 48000 60000
0.615356 51200 60000
0.350932 54400 60000
0.453338 57600 60000
Epoch 4
-------------------------------
0.277261     0 60000
0.335813  3200 60000
0.493326  6400 60000
0.198763  9600 60000
0.389659 12800 60000
0.644178 16000 60000
0.570401 19200 60000
0.267840 22400 60000
0.236920 25600 60000
0.305115 28800 60000
0.279989 32000 60000
0.391025 35200 60000
0.254198 38400 60000
0.366508 41600 60000
0.442819 44800 60000
0.162797 48000 60000
0.243143 51200 60000
0.451956 54400 60000
0.203599 57600 60000
Epoch 5
-------------------------------
0.328360     0 60000
0.180739  3200 60000
0.369630  6400 60000
0.320285  9600 60000
0.374299 12800 60000
0.461592 16000 60000
0.262690 19200 60000
0.311911 22400 60000
0.397031 25600 60000
0.130083 28800 60000
0.337414 32000 60000
0.329682 35200 60000
0.314919 38400 60000
0.537550 41600 60000
0.451610 44800 60000
0.590100 48000 60000
0.235794 51200 60000
0.445715 54400 60000
0.359574 57600 60000
Epoch 6
-------------------------------
0.385508     0 60000
0.517844  3200 60000
0.195047  6400 60000
0.502991  9600 60000
0.516049 12800 60000
0.264952 16000 60000
0.401558 19200 60000
0.392318 22400 60000
0.418870 25600 60000
0.213755 28800 60000
0.692722 32000 60000
0.459031 35200 60000
0.305671 38400 60000
0.200158 41600 60000
0.112617 44800 60000
0.324063 48000 60000
0.224937 51200 60000
0.191300 54400 60000
0.531472 57600 60000
Epoch 7
-------------------------------
0.394669     0 60000
0.325801  3200 60000
0.593600  6400 60000
0.611912  9600 60000
0.428734 12800 60000
0.440514 16000 60000
0.391883 19200 60000
0.280563 22400 60000
0.173352 25600 60000
0.500645 28800 60000
0.983514 32000 60000
0.300706 35200 60000
0.353462 38400 60000
0.325441 41600 60000
0.290384 44800 60000
0.287881 48000 60000
0.678276 51200 60000
0.336259 54400 60000
0.173445 57600 60000
Epoch 8
-------------------------------
0.382429     0 60000
0.408734  3200 60000
0.522459  6400 60000
0.257543  9600 60000
0.291139 12800 60000
0.149167 16000 60000
0.332635 19200 60000
0.269297 22400 60000
0.321490 25600 60000
0.310868 28800 60000
0.400025 32000 60000
0.570037 35200 60000
0.186929 38400 60000
0.384299 41600 60000
0.547294 44800 60000
0.346085 48000 60000
0.308617 51200 60000
0.509238 54400 60000
0.528350 57600 60000
Epoch 9
-------------------------------
0.254090     0 60000
0.528526  3200 60000
0.480839  6400 60000
0.298173  9600 60000
0.313091 12800 60000
0.475045 16000 60000
0.293920 19200 60000
0.421091 22400 60000
0.170067 25600 60000
0.497956 28800 60000
0.418031 32000 60000
0.931632 35200 60000
0.191249 38400 60000
0.292986 41600 60000
0.171774 44800 60000
0.338100 48000 60000
0.587170 51200 60000
0.150736 54400 60000
0.355723 57600 60000
Epoch 10
-------------------------------
0.392256     0 60000
0.298289  3200 60000
0.346453  6400 60000
0.369722  9600 60000
0.183642 12800 60000
0.245855 16000 60000
0.369383 19200 60000
0.380018 22400 60000
0.417452 25600 60000
0.138451 28800 60000
0.235228 32000 60000
0.120439 35200 60000
0.300010 38400 60000
0.301125 41600 60000
0.335012 44800 60000
0.258352 48000 60000
0.301842 51200 60000
0.278425 54400 60000
0.506938 57600 60000
Epoch 11
-------------------------------
0.247282     0 60000
0.461452  3200 60000
0.768574  6400 60000
0.127634  9600 60000
0.071520 12800 60000
0.300096 16000 60000
0.268760 19200 60000
0.457088 22400 60000
0.408293 25600 60000
0.428719 28800 60000
0.690583 32000 60000
0.089464 35200 60000
0.246560 38400 60000
0.310343 41600 60000
0.274070 44800 60000
0.618722 48000 60000
0.587387 51200 60000
0.273852 54400 60000
0.305327 57600 60000
Epoch 12
-------------------------------
0.199735     0 60000
0.328875  3200 60000
0.689677  6400 60000
0.285102  9600 60000
0.338554 12800 60000
0.483374 16000 60000
0.230196 19200 60000
0.178640 22400 60000
0.484550 25600 60000
0.320783 28800 60000
0.307737 32000 60000
0.292111 35200 60000
0.329184 38400 60000
0.362720 41600 60000
0.152187 44800 60000
0.288989 48000 60000
0.375545 51200 60000
0.135522 54400 60000
0.241739 57600 60000
