Epoch 1
-------------------------------
0.150892     0 60000
0.895052  3200 60000
1.531389  6400 60000
1.816828  9600 60000
1.157504 12800 60000
1.159800 16000 60000
1.340421 19200 60000
1.422781 22400 60000
1.209978 25600 60000
0.971756 28800 60000
1.468016 32000 60000
2.040567 35200 60000
2.564121 38400 60000
2.322930 41600 60000
2.297804 44800 60000
2.307313 48000 60000
2.323178 51200 60000
2.321890 54400 60000
2.294386 57600 60000
Epoch 2
-------------------------------
2.287839     0 60000
2.298836  3200 60000
2.310357  6400 60000
2.298179  9600 60000
2.311157 12800 60000
2.312016 16000 60000
2.299855 19200 60000
2.303376 22400 60000
2.311926 25600 60000
2.321559 28800 60000
2.299879 32000 60000
2.300104 35200 60000
2.295775 38400 60000
2.295300 41600 60000
2.308103 44800 60000
2.300414 48000 60000
2.299609 51200 60000
2.309479 54400 60000
2.296466 57600 60000
Epoch 3
-------------------------------
2.300321     0 60000
2.301342  3200 60000
2.314290  6400 60000
2.304667  9600 60000
2.297123 12800 60000
2.304831 16000 60000
2.312818 19200 60000
2.300302 22400 60000
2.315984 25600 60000
2.312132 28800 60000
2.304910 32000 60000
2.301918 35200 60000
2.292301 38400 60000
2.312962 41600 60000
2.343162 44800 60000
2.293442 48000 60000
2.312472 51200 60000
2.309536 54400 60000
2.304366 57600 60000
Epoch 4
-------------------------------
2.298860     0 60000
2.304405  3200 60000
2.296212  6400 60000
2.297273  9600 60000
2.297414 12800 60000
2.293025 16000 60000
2.303636 19200 60000
2.317366 22400 60000
2.324314 25600 60000
2.307430 28800 60000
2.301801 32000 60000
2.297641 35200 60000
2.292267 38400 60000
2.291522 41600 60000
2.295497 44800 60000
2.297016 48000 60000
2.306052 51200 60000
2.300134 54400 60000
2.306370 57600 60000
Epoch 5
-------------------------------
2.296563     0 60000
2.303760  3200 60000
2.304540  6400 60000
2.293228  9600 60000
2.312052 12800 60000
2.324785 16000 60000
2.302428 19200 60000
2.306776 22400 60000
2.301400 25600 60000
2.316732 28800 60000
2.291993 32000 60000
2.302794 35200 60000
2.318202 38400 60000
2.316920 41600 60000
2.319249 44800 60000
2.294049 48000 60000
2.301946 51200 60000
2.306132 54400 60000
2.317943 57600 60000
Epoch 6
-------------------------------
2.306039     0 60000
2.287831  3200 60000
2.309090  6400 60000
2.307271  9600 60000
2.314137 12800 60000
2.313653 16000 60000
2.309439 19200 60000
2.298221 22400 60000
2.298545 25600 60000
2.303105 28800 60000
2.311671 32000 60000
2.305479 35200 60000
2.341393 38400 60000
2.308719 41600 60000
2.313410 44800 60000
2.299110 48000 60000
2.284406 51200 60000
2.298607 54400 60000
2.312264 57600 60000
Epoch 7
-------------------------------
2.295879     0 60000
2.294738  3200 60000
2.317931  6400 60000
2.300901  9600 60000
2.304631 12800 60000
2.306455 16000 60000
2.338276 19200 60000
2.289340 22400 60000
2.301085 25600 60000
2.310293 28800 60000
2.305818 32000 60000
2.312955 35200 60000
2.311406 38400 60000
2.312333 41600 60000
2.303448 44800 60000
2.299037 48000 60000
2.316339 51200 60000
2.309895 54400 60000
2.289206 57600 60000
Epoch 8
-------------------------------
2.314023     0 60000
2.312503  3200 60000
2.305915  6400 60000
2.304086  9600 60000
2.313480 12800 60000
2.301535 16000 60000
2.304130 19200 60000
2.299176 22400 60000
2.292529 25600 60000
2.308275 28800 60000
2.301162 32000 60000
2.294339 35200 60000
2.292277 38400 60000
2.318455 41600 60000
2.308486 44800 60000
2.304596 48000 60000
2.325156 51200 60000
2.301869 54400 60000
2.329607 57600 60000
Epoch 9
-------------------------------
2.302682     0 60000
2.279175  3200 60000
2.305412  6400 60000
2.322641  9600 60000
2.295891 12800 60000
2.294692 16000 60000
2.308084 19200 60000
2.294850 22400 60000
2.302063 25600 60000
2.288075 28800 60000
2.302898 32000 60000
2.306213 35200 60000
2.306263 38400 60000
2.287603 41600 60000
2.330160 44800 60000
2.319683 48000 60000
2.301239 51200 60000
2.297701 54400 60000
2.311401 57600 60000
Epoch 10
-------------------------------
2.293512     0 60000
2.297497  3200 60000
2.305169  6400 60000
2.318377  9600 60000
2.298485 12800 60000
2.298584 16000 60000
2.292317 19200 60000
2.295496 22400 60000
2.295092 25600 60000
2.313375 28800 60000
2.300972 32000 60000
2.302400 35200 60000
2.316497 38400 60000
2.319128 41600 60000
2.303318 44800 60000
2.296611 48000 60000
2.302346 51200 60000
2.304783 54400 60000
2.302981 57600 60000
Epoch 11
-------------------------------
2.304861     0 60000
2.299303  3200 60000
2.311498  6400 60000
2.315866  9600 60000
2.301996 12800 60000
2.284110 16000 60000
2.299711 19200 60000
2.302344 22400 60000
2.310305 25600 60000
2.303645 28800 60000
2.296432 32000 60000
2.306931 35200 60000
2.290214 38400 60000
2.309862 41600 60000
2.310934 44800 60000
2.295300 48000 60000
2.303358 51200 60000
2.304289 54400 60000
2.319142 57600 60000
Epoch 12
-------------------------------
2.312137     0 60000
2.306353  3200 60000
2.299772  6400 60000
2.321758  9600 60000
2.297716 12800 60000
2.298225 16000 60000
2.304837 19200 60000
2.303584 22400 60000
2.305911 25600 60000
2.310694 28800 60000
2.299045 32000 60000
2.298832 35200 60000
2.299430 38400 60000
2.302001 41600 60000
2.295340 44800 60000
2.308040 48000 60000
2.292119 51200 60000
2.307780 54400 60000
2.300703 57600 60000
