0.260383     0 60000
2.204116  3200 60000
2.358075  6400 60000
2.313184  9600 60000
2.325495 12800 60000
2.350122 16000 60000
2.327282 19200 60000
2.344999 22400 60000
2.299287 25600 60000
2.259629 28800 60000
2.342855 32000 60000
2.283547 35200 60000
2.295600 38400 60000
2.311139 41600 60000
2.323472 44800 60000
2.389335 48000 60000
2.349086 51200 60000
2.325383 54400 60000
2.258781 57600 60000
2.307418     0 60000
2.315234  3200 60000
2.296372  6400 60000
2.303991  9600 60000
2.335728 12800 60000
2.285284 16000 60000
2.327033 19200 60000
2.302932 22400 60000
2.290300 25600 60000
2.337760 28800 60000
2.323932 32000 60000
2.289777 35200 60000
2.291142 38400 60000
2.335508 41600 60000
2.329102 44800 60000
2.309494 48000 60000
2.306123 51200 60000
2.367297 54400 60000
2.327100 57600 60000
2.342343     0 60000
2.335376  3200 60000
2.310243  6400 60000
2.339980  9600 60000
2.289559 12800 60000
2.308822 16000 60000
2.308473 19200 60000
2.321440 22400 60000
2.312758 25600 60000
2.343315 28800 60000
2.312176 32000 60000
2.300317 35200 60000
2.356720 38400 60000
2.285764 41600 60000
2.307554 44800 60000
2.325116 48000 60000
2.289859 51200 60000
2.295737 54400 60000
2.339416 57600 60000
2.320733     0 60000
2.330790  3200 60000
2.359565  6400 60000
2.351418  9600 60000
2.315249 12800 60000
2.323424 16000 60000
2.303477 19200 60000
2.291054 22400 60000
2.336764 25600 60000
2.327656 28800 60000
2.342785 32000 60000
2.301501 35200 60000
2.347683 38400 60000
2.348431 41600 60000
2.345037 44800 60000
2.283947 48000 60000
2.300016 51200 60000
2.290219 54400 60000
2.302521 57600 60000
2.312251     0 60000
2.241256  3200 60000
2.300466  6400 60000
2.363584  9600 60000
2.331669 12800 60000
2.318288 16000 60000
2.329898 19200 60000
2.312767 22400 60000
2.298194 25600 60000
2.320166 28800 60000
2.297214 32000 60000
2.317618 35200 60000
2.322748 38400 60000
2.286497 41600 60000
2.264840 44800 60000
2.338983 48000 60000
2.268815 51200 60000
2.278810 54400 60000
2.291753 57600 60000
2.314467     0 60000
2.297449  3200 60000
2.320152  6400 60000
2.305159  9600 60000
2.306517 12800 60000
2.351813 16000 60000
2.302029 19200 60000
2.319887 22400 60000
2.321936 25600 60000
2.260490 28800 60000
2.338207 32000 60000
2.343597 35200 60000
2.306270 38400 60000
2.245936 41600 60000
2.315259 44800 60000
2.330125 48000 60000
2.290979 51200 60000
2.294372 54400 60000
2.302559 57600 60000
2.324173     0 60000
2.281720  3200 60000
2.326006  6400 60000
2.279895  9600 60000
2.306554 12800 60000
2.321630 16000 60000
2.298909 19200 60000
2.298364 22400 60000
2.302922 25600 60000
2.268473 28800 60000
2.281311 32000 60000
2.296606 35200 60000
2.301593 38400 60000
2.348614 41600 60000
2.323823 44800 60000
2.299919 48000 60000
2.323153 51200 60000
2.314174 54400 60000
2.316795 57600 60000
2.360020     0 60000
2.318888  3200 60000
2.386687  6400 60000
2.315947  9600 60000
2.308385 12800 60000
2.309066 16000 60000
2.344090 19200 60000
2.304939 22400 60000
2.304404 25600 60000
2.334221 28800 60000
2.317454 32000 60000
2.309755 35200 60000
2.295896 38400 60000
2.271390 41600 60000
2.321528 44800 60000
2.285965 48000 60000
2.328363 51200 60000
2.334466 54400 60000
2.303939 57600 60000
2.329585     0 60000
2.297002  3200 60000
2.355778  6400 60000
2.306860  9600 60000
2.301261 12800 60000
2.355086 16000 60000
2.302768 19200 60000
2.293129 22400 60000
2.295217 25600 60000
2.336674 28800 60000
2.349043 32000 60000
2.300721 35200 60000
2.270128 38400 60000
2.325474 41600 60000
2.292182 44800 60000
2.333770 48000 60000
2.312065 51200 60000
2.310430 54400 60000
2.302387 57600 60000
2.341237     0 60000
2.300317  3200 60000
2.303459  6400 60000
2.354005  9600 60000
2.326648 12800 60000
2.343988 16000 60000
2.333294 19200 60000
2.317994 22400 60000
2.364191 25600 60000
2.327415 28800 60000
2.324567 32000 60000
2.281426 35200 60000
2.292675 38400 60000
2.302383 41600 60000
2.332100 44800 60000
2.326765 48000 60000
2.310950 51200 60000
2.306355 54400 60000
2.308257 57600 60000
