Epoch 1
-------------------------------
0.456734     0 60000
2.555079  3200 60000
1.662699  6400 60000
1.616826  9600 60000
1.577374 12800 60000
1.469822 16000 60000
2.389025 19200 60000
2.392252 22400 60000
2.331299 25600 60000
2.312143 28800 60000
2.317604 32000 60000
2.302137 35200 60000
2.309470 38400 60000
2.301578 41600 60000
2.316607 44800 60000
2.298577 48000 60000
2.309437 51200 60000
2.306381 54400 60000
2.303127 57600 60000
Epoch 2
-------------------------------
2.292246     0 60000
2.306977  3200 60000
2.307121  6400 60000
2.314196  9600 60000
2.296113 12800 60000
2.303118 16000 60000
2.311696 19200 60000
2.298371 22400 60000
2.302409 25600 60000
2.306272 28800 60000
2.302925 32000 60000
2.308759 35200 60000
2.301402 38400 60000
2.316866 41600 60000
2.311546 44800 60000
2.294960 48000 60000
2.311174 51200 60000
2.305017 54400 60000
2.321499 57600 60000
Epoch 3
-------------------------------
2.296442     0 60000
2.314884  3200 60000
2.316288  6400 60000
2.293209  9600 60000
2.302245 12800 60000
2.306090 16000 60000
2.305454 19200 60000
2.310809 22400 60000
2.305279 25600 60000
2.305885 28800 60000
2.293911 32000 60000
2.295111 35200 60000
2.309222 38400 60000
2.303727 41600 60000
2.299566 44800 60000
2.308523 48000 60000
2.298719 51200 60000
2.318476 54400 60000
2.304725 57600 60000
Epoch 4
-------------------------------
2.294889     0 60000
2.291508  3200 60000
2.287845  6400 60000
2.302369  9600 60000
2.302783 12800 60000
2.294449 16000 60000
2.301110 19200 60000
2.284730 22400 60000
2.302539 25600 60000
2.308869 28800 60000
2.304039 32000 60000
2.295935 35200 60000
2.302876 38400 60000
2.291164 41600 60000
2.300498 44800 60000
2.309845 48000 60000
2.318910 51200 60000
2.296888 54400 60000
2.292617 57600 60000
Epoch 5
-------------------------------
2.296417     0 60000
2.293432  3200 60000
2.305878  6400 60000
2.304138  9600 60000
2.303723 12800 60000
2.305340 16000 60000
2.307393 19200 60000
2.305954 22400 60000
2.301857 25600 60000
2.300574 28800 60000
2.299388 32000 60000
2.302795 35200 60000
2.310932 38400 60000
2.311009 41600 60000
2.301428 44800 60000
2.310095 48000 60000
2.310992 51200 60000
2.317151 54400 60000
2.300194 57600 60000
Epoch 6
-------------------------------
2.306409     0 60000
2.304060  3200 60000
2.303176  6400 60000
2.306995  9600 60000
2.294204 12800 60000
2.303725 16000 60000
2.303276 19200 60000
2.310892 22400 60000
2.303535 25600 60000
2.307396 28800 60000
2.289989 32000 60000
2.305908 35200 60000
2.308968 38400 60000
2.295266 41600 60000
2.311811 44800 60000
2.319283 48000 60000
2.313806 51200 60000
2.303879 54400 60000
2.310585 57600 60000
Epoch 7
-------------------------------
2.312129     0 60000
2.305325  3200 60000
2.297384  6400 60000
2.313296  9600 60000
2.306316 12800 60000
2.291596 16000 60000
2.308287 19200 60000
2.302477 22400 60000
2.309485 25600 60000
2.297465 28800 60000
2.302868 32000 60000
2.316381 35200 60000
2.295989 38400 60000
2.307618 41600 60000
2.296396 44800 60000
2.313128 48000 60000
2.325153 51200 60000
2.310331 54400 60000
2.296624 57600 60000
Epoch 8
-------------------------------
2.309734     0 60000
2.310248  3200 60000
2.313802  6400 60000
2.304511  9600 60000
2.302788 12800 60000
2.301131 16000 60000
2.306293 19200 60000
2.311516 22400 60000
2.286481 25600 60000
2.308036 28800 60000
2.295612 32000 60000
2.300977 35200 60000
2.313474 38400 60000
2.314060 41600 60000
2.291470 44800 60000
2.308790 48000 60000
2.297735 51200 60000
2.293907 54400 60000
2.306128 57600 60000
Epoch 9
-------------------------------
2.299645     0 60000
2.294970  3200 60000
2.304399  6400 60000
2.316295  9600 60000
2.306648 12800 60000
2.288065 16000 60000
2.307615 19200 60000
2.323968 22400 60000
2.297717 25600 60000
2.285772 28800 60000
2.287557 32000 60000
2.303320 35200 60000
2.304674 38400 60000
2.294507 41600 60000
2.306156 44800 60000
2.306298 48000 60000
2.316784 51200 60000
2.310817 54400 60000
2.310040 57600 60000
Epoch 10
-------------------------------
2.306793     0 60000
2.320665  3200 60000
2.298811  6400 60000
2.299488  9600 60000
2.311065 12800 60000
2.304914 16000 60000
2.299982 19200 60000
2.294786 22400 60000
2.297808 25600 60000
2.309441 28800 60000
2.322637 32000 60000
2.315298 35200 60000
2.302288 38400 60000
2.327097 41600 60000
2.286956 44800 60000
2.307529 48000 60000
2.302389 51200 60000
2.306327 54400 60000
2.307459 57600 60000
Epoch 11
-------------------------------
2.295027     0 60000
2.310117  3200 60000
2.319613  6400 60000
2.313347  9600 60000
2.280630 12800 60000
2.304966 16000 60000
2.322286 19200 60000
2.297454 22400 60000
2.300665 25600 60000
2.307527 28800 60000
2.289159 32000 60000
2.304761 35200 60000
2.306956 38400 60000
2.310342 41600 60000
2.287813 44800 60000
2.305116 48000 60000
2.294601 51200 60000
2.313829 54400 60000
2.313365 57600 60000
Epoch 12
-------------------------------
2.318881     0 60000
2.299154  3200 60000
2.314517  6400 60000
2.315669  9600 60000
2.302867 12800 60000
2.311274 16000 60000
2.297214 19200 60000
2.305427 22400 60000
2.287545 25600 60000
2.297631 28800 60000
2.303891 32000 60000
2.303072 35200 60000
2.303525 38400 60000
2.305829 41600 60000
2.306698 44800 60000
2.281864 48000 60000
2.316667 51200 60000
2.306077 54400 60000
2.317034 57600 60000
