Epoch 1
-------------------------------
0.178229     0 60000
0.562551  3200 60000
0.897452  6400 60000
0.308713  9600 60000
0.677783 12800 60000
0.837278 16000 60000
0.930963 19200 60000
0.303555 22400 60000
0.722850 25600 60000
0.636561 28800 60000
0.466776 32000 60000
0.582722 35200 60000
0.385386 38400 60000
0.903024 41600 60000
1.110314 44800 60000
0.290365 48000 60000
0.471836 51200 60000
0.337890 54400 60000
0.511528 57600 60000
Epoch 2
-------------------------------
0.533498     0 60000
0.482504  3200 60000
0.267705  6400 60000
0.381399  9600 60000
0.348704 12800 60000
0.308110 16000 60000
0.671315 19200 60000
0.607597 22400 60000
0.539243 25600 60000
0.505846 28800 60000
0.436488 32000 60000
0.453536 35200 60000
0.671116 38400 60000
0.414088 41600 60000
0.313276 44800 60000
0.604058 48000 60000
0.553516 51200 60000
0.587844 54400 60000
0.349247 57600 60000
Epoch 3
-------------------------------
0.407235     0 60000
0.520299  3200 60000
0.347467  6400 60000
0.322754  9600 60000
0.781065 12800 60000
0.398352 16000 60000
0.332975 19200 60000
0.341001 22400 60000
0.642236 25600 60000
0.646536 28800 60000
0.334113 32000 60000
0.810097 35200 60000
0.357762 38400 60000
0.261700 41600 60000
0.393270 44800 60000
0.450195 48000 60000
0.673268 51200 60000
0.574916 54400 60000
0.963181 57600 60000
Epoch 4
-------------------------------
0.692544     0 60000
0.792796  3200 60000
1.051188  6400 60000
1.057780  9600 60000
0.661787 12800 60000
0.497151 16000 60000
0.538286 19200 60000
0.617697 22400 60000
0.507196 25600 60000
0.306831 28800 60000
0.513321 32000 60000
0.417161 35200 60000
0.521270 38400 60000
0.415930 41600 60000
0.603531 44800 60000
0.527093 48000 60000
0.400246 51200 60000
0.556013 54400 60000
0.356067 57600 60000
Epoch 5
-------------------------------
0.765930     0 60000
0.625705  3200 60000
0.609433  6400 60000
0.328034  9600 60000
0.524548 12800 60000
0.293553 16000 60000
0.364000 19200 60000
0.411294 22400 60000
0.124683 25600 60000
0.330614 28800 60000
0.442711 32000 60000
0.256892 35200 60000
0.485087 38400 60000
0.287894 41600 60000
0.956385 44800 60000
0.364478 48000 60000
0.322808 51200 60000
0.338871 54400 60000
0.644923 57600 60000
Epoch 6
-------------------------------
0.937781     0 60000
0.322483  3200 60000
0.443185  6400 60000
0.967390  9600 60000
0.429322 12800 60000
0.630934 16000 60000
0.653206 19200 60000
0.614441 22400 60000
0.320298 25600 60000
0.594934 28800 60000
0.170375 32000 60000
0.287568 35200 60000
0.120388 38400 60000
0.385909 41600 60000
0.485676 44800 60000
0.462289 48000 60000
0.348388 51200 60000
0.513397 54400 60000
0.491949 57600 60000
Epoch 7
-------------------------------
0.373832     0 60000
0.423911  3200 60000
0.648065  6400 60000
0.398046  9600 60000
0.592971 12800 60000
0.477887 16000 60000
0.472847 19200 60000
0.319968 22400 60000
0.520881 25600 60000
0.327338 28800 60000
0.300044 32000 60000
0.429329 35200 60000
0.448155 38400 60000
0.530166 41600 60000
0.435249 44800 60000
0.174519 48000 60000
0.691117 51200 60000
0.501132 54400 60000
0.216410 57600 60000
Epoch 8
-------------------------------
0.535840     0 60000
0.336643  3200 60000
0.307854  6400 60000
0.407564  9600 60000
0.753380 12800 60000
0.518650 16000 60000
0.381826 19200 60000
0.305387 22400 60000
0.766046 25600 60000
0.256822 28800 60000
0.326716 32000 60000
0.434184 35200 60000
0.635498 38400 60000
0.249043 41600 60000
0.391832 44800 60000
0.495664 48000 60000
0.358500 51200 60000
0.362427 54400 60000
0.425690 57600 60000
Epoch 9
-------------------------------
0.646907     0 60000
0.389879  3200 60000
0.374426  6400 60000
0.764527  9600 60000
0.470946 12800 60000
0.248446 16000 60000
0.476400 19200 60000
0.275361 22400 60000
0.389601 25600 60000
0.439617 28800 60000
0.893840 32000 60000
0.317618 35200 60000
0.321596 38400 60000
0.545291 41600 60000
0.382016 44800 60000
0.598400 48000 60000
0.722675 51200 60000
0.909897 54400 60000
0.752858 57600 60000
Epoch 10
-------------------------------
0.352894     0 60000
0.549056  3200 60000
0.353646  6400 60000
0.583180  9600 60000
0.372762 12800 60000
0.140568 16000 60000
0.393380 19200 60000
0.321347 22400 60000
0.424861 25600 60000
0.472462 28800 60000
0.347704 32000 60000
0.472120 35200 60000
0.286852 38400 60000
0.526999 41600 60000
0.628929 44800 60000
0.403553 48000 60000
0.579964 51200 60000
0.660929 54400 60000
0.280400 57600 60000
Epoch 11
-------------------------------
0.782107     0 60000
0.472907  3200 60000
0.321499  6400 60000
0.485407  9600 60000
0.336202 12800 60000
0.906327 16000 60000
0.869938 19200 60000
0.430238 22400 60000
0.619045 25600 60000
0.221016 28800 60000
0.415625 32000 60000
0.599084 35200 60000
0.325120 38400 60000
0.264646 41600 60000
0.250729 44800 60000
0.518235 48000 60000
0.863183 51200 60000
0.350715 54400 60000
0.473972 57600 60000
Epoch 12
-------------------------------
0.434003     0 60000
0.506656  3200 60000
0.559538  6400 60000
0.579452  9600 60000
0.237273 12800 60000
0.333173 16000 60000
0.230226 19200 60000
0.230455 22400 60000
0.223713 25600 60000
0.327936 28800 60000
0.653986 32000 60000
0.280132 35200 60000
0.731524 38400 60000
0.468007 41600 60000
0.644203 44800 60000
0.158560 48000 60000
0.306944 51200 60000
0.488790 54400 60000
0.596508 57600 60000
