Epoch 1
-------------------------------
2.307812     0 60000
0.738674  3200 60000
0.821166  6400 60000
0.328912  9600 60000
0.663911 12800 60000
0.368558 16000 60000
0.488363 19200 60000
0.401959 22400 60000
0.406005 25600 60000
0.775659 28800 60000
0.391098 32000 60000
0.591405 35200 60000
0.463043 38400 60000
0.594154 41600 60000
0.541443 44800 60000
0.605976 48000 60000
0.175200 51200 60000
0.393281 54400 60000
0.654622 57600 60000
Epoch 2
-------------------------------
0.554519     0 60000
0.376406  3200 60000
0.326204  6400 60000
0.648997  9600 60000
0.680033 12800 60000
0.256440 16000 60000
0.603594 19200 60000
0.571826 22400 60000
0.611523 25600 60000
0.251616 28800 60000
0.495975 32000 60000
0.612790 35200 60000
0.367803 38400 60000
0.278026 41600 60000
0.300069 44800 60000
0.342509 48000 60000
0.433919 51200 60000
0.640797 54400 60000
0.393965 57600 60000
