Epoch 1
-------------------------------
2.303822     0 60000
1.101301  3200 60000
0.748845  6400 60000
0.568793  9600 60000
0.607095 12800 60000
0.370533 16000 60000
0.629318 19200 60000
0.504189 22400 60000
0.324070 25600 60000
0.373097 28800 60000
0.361146 32000 60000
0.588063 35200 60000
0.386144 38400 60000
0.420270 41600 60000
0.499873 44800 60000
0.350531 48000 60000
0.681014 51200 60000
0.331993 54400 60000
0.162116 57600 60000
Epoch 2
-------------------------------
0.334198     0 60000
0.419144  3200 60000
0.566536  6400 60000
0.347366  9600 60000
0.223209 12800 60000
0.319135 16000 60000
0.503991 19200 60000
0.684651 22400 60000
0.619432 25600 60000
0.651725 28800 60000
0.207341 32000 60000
0.803260 35200 60000
0.160326 38400 60000
0.319925 41600 60000
0.304253 44800 60000
0.457799 48000 60000
0.269251 51200 60000
0.343779 54400 60000
0.312445 57600 60000
Epoch 3
-------------------------------
0.354825     0 60000
0.114568  3200 60000
0.138142  6400 60000
0.566329  9600 60000
0.500233 12800 60000
0.308692 16000 60000
0.371596 19200 60000
0.307777 22400 60000
0.340248 25600 60000
0.310535 28800 60000
0.423511 32000 60000
0.359899 35200 60000
0.380624 38400 60000
0.423637 41600 60000
0.427184 44800 60000
0.471617 48000 60000
0.320210 51200 60000
0.712602 54400 60000
0.270614 57600 60000
Epoch 4
-------------------------------
0.251711     0 60000
0.389568  3200 60000
0.396056  6400 60000
0.060108  9600 60000
0.326277 12800 60000
0.135871 16000 60000
0.247236 19200 60000
0.469127 22400 60000
0.102774 25600 60000
0.149229 28800 60000
0.467463 32000 60000
0.214765 35200 60000
0.493968 38400 60000
0.249185 41600 60000
0.138384 44800 60000
0.245512 48000 60000
0.470367 51200 60000
0.309674 54400 60000
0.259634 57600 60000
Epoch 5
-------------------------------
0.190672     0 60000
0.524094  3200 60000
0.251049  6400 60000
0.451168  9600 60000
0.440183 12800 60000
0.325465 16000 60000
0.097710 19200 60000
0.307206 22400 60000
0.197154 25600 60000
0.244880 28800 60000
0.147302 32000 60000
0.387403 35200 60000
0.182473 38400 60000
0.447319 41600 60000
0.359110 44800 60000
0.274168 48000 60000
0.204983 51200 60000
0.301071 54400 60000
0.167758 57600 60000
Epoch 6
-------------------------------
0.165633     0 60000
0.379973  3200 60000
0.388739  6400 60000
0.261402  9600 60000
0.410679 12800 60000
0.282438 16000 60000
0.413667 19200 60000
0.288005 22400 60000
0.239746 25600 60000
0.404738 28800 60000
0.464203 32000 60000
0.104277 35200 60000
0.402122 38400 60000
0.252260 41600 60000
0.554467 44800 60000
0.201839 48000 60000
0.262768 51200 60000
0.297151 54400 60000
0.176235 57600 60000
Epoch 7
-------------------------------
0.158561     0 60000
0.383432  3200 60000
0.203340  6400 60000
0.240565  9600 60000
0.249653 12800 60000
0.079340 16000 60000
0.217841 19200 60000
0.259812 22400 60000
0.265675 25600 60000
0.280550 28800 60000
0.225581 32000 60000
0.144168 35200 60000
0.304997 38400 60000
0.117898 41600 60000
0.562608 44800 60000
0.262923 48000 60000
0.256641 51200 60000
0.291805 54400 60000
0.415955 57600 60000
Epoch 8
-------------------------------
0.209364     0 60000
0.316368  3200 60000
0.203042  6400 60000
0.244205  9600 60000
0.390015 12800 60000
0.309811 16000 60000
0.353739 19200 60000
0.330589 22400 60000
0.277135 25600 60000
0.182657 28800 60000
0.161627 32000 60000
0.369189 35200 60000
0.285680 38400 60000
0.353383 41600 60000
0.452914 44800 60000
0.222367 48000 60000
0.129762 51200 60000
0.629732 54400 60000
0.258555 57600 60000
Epoch 9
-------------------------------
0.460693     0 60000
0.422123  3200 60000
0.247703  6400 60000
0.146291  9600 60000
0.406582 12800 60000
0.271711 16000 60000
0.246180 19200 60000
0.440422 22400 60000
0.430346 25600 60000
0.412685 28800 60000
0.143638 32000 60000
0.279292 35200 60000
0.183395 38400 60000
0.260844 41600 60000
0.365197 44800 60000
0.188903 48000 60000
0.320635 51200 60000
0.284413 54400 60000
0.331901 57600 60000
Epoch 10
-------------------------------
0.163434     0 60000
0.174006  3200 60000
0.075664  6400 60000
0.248284  9600 60000
0.534853 12800 60000
0.151404 16000 60000
0.162851 19200 60000
0.124798 22400 60000
0.331766 25600 60000
0.126163 28800 60000
0.189643 32000 60000
0.363282 35200 60000
0.154676 38400 60000
0.243898 41600 60000
0.151563 44800 60000
0.184418 48000 60000
0.326166 51200 60000
0.131946 54400 60000
0.212767 57600 60000
Epoch 11
-------------------------------
0.412877     0 60000
0.225336  3200 60000
0.105508  6400 60000
0.113551  9600 60000
0.252074 12800 60000
0.336914 16000 60000
0.341012 19200 60000
0.354139 22400 60000
0.492989 25600 60000
0.151285 28800 60000
0.311116 32000 60000
0.097067 35200 60000
0.223618 38400 60000
0.146497 41600 60000
0.349032 44800 60000
0.344138 48000 60000
0.294971 51200 60000
0.201158 54400 60000
0.091896 57600 60000
Epoch 12
-------------------------------
0.142264     0 60000
0.036731  3200 60000
0.040306  6400 60000
0.493671  9600 60000
0.113443 12800 60000
0.089810 16000 60000
0.199017 19200 60000
0.161083 22400 60000
0.271054 25600 60000
0.594333 28800 60000
0.202511 32000 60000
0.072536 35200 60000
0.444957 38400 60000
0.225721 41600 60000
0.239220 44800 60000
0.586611 48000 60000
0.246780 51200 60000
0.046883 54400 60000
0.141285 57600 60000
