Epoch 1
-------------------------------
0.652979     0 60000
2.349849  3200 60000
2.323805  6400 60000
2.271997  9600 60000
2.308517 12800 60000
2.323681 16000 60000
2.338901 19200 60000
2.286748 22400 60000
2.322163 25600 60000
2.305361 28800 60000
2.292331 32000 60000
2.327712 35200 60000
2.310895 38400 60000
2.321409 41600 60000
2.303173 44800 60000
2.362558 48000 60000
2.306220 51200 60000
2.348757 54400 60000
2.274262 57600 60000
Epoch 2
-------------------------------
2.326239     0 60000
2.314990  3200 60000
2.229146  6400 60000
2.319985  9600 60000
2.325185 12800 60000
2.290025 16000 60000
2.263717 19200 60000
2.345543 22400 60000
2.337666 25600 60000
2.373965 28800 60000
2.289912 32000 60000
2.298411 35200 60000
2.280364 38400 60000
2.310516 41600 60000
2.322487 44800 60000
2.312256 48000 60000
2.268368 51200 60000
2.388153 54400 60000
2.316377 57600 60000
Epoch 3
-------------------------------
2.363634     0 60000
2.276625  3200 60000
2.262112  6400 60000
2.332206  9600 60000
2.336074 12800 60000
2.308302 16000 60000
2.342779 19200 60000
2.306357 22400 60000
2.256489 25600 60000
2.380560 28800 60000
2.315850 32000 60000
2.302858 35200 60000
2.284023 38400 60000
2.295764 41600 60000
2.288176 44800 60000
2.321971 48000 60000
2.268953 51200 60000
2.281308 54400 60000
2.346732 57600 60000
Epoch 4
-------------------------------
2.330503     0 60000
2.279968  3200 60000
2.313998  6400 60000
2.339015  9600 60000
2.317559 12800 60000
2.301325 16000 60000
2.315556 19200 60000
2.318131 22400 60000
2.292901 25600 60000
2.307006 28800 60000
2.325846 32000 60000
2.263886 35200 60000
2.295011 38400 60000
2.314183 41600 60000
2.300239 44800 60000
2.297644 48000 60000
2.351041 51200 60000
2.299714 54400 60000
2.318324 57600 60000
Epoch 5
-------------------------------
2.342655     0 60000
2.280392  3200 60000
2.299291  6400 60000
2.277807  9600 60000
2.309786 12800 60000
2.307036 16000 60000
2.299514 19200 60000
2.316562 22400 60000
2.286073 25600 60000
2.280569 28800 60000
2.352811 32000 60000
2.329545 35200 60000
2.350560 38400 60000
2.308573 41600 60000
2.331757 44800 60000
2.335090 48000 60000
2.336937 51200 60000
2.331476 54400 60000
2.375442 57600 60000
Epoch 6
-------------------------------
2.313520     0 60000
2.304089  3200 60000
2.320662  6400 60000
2.337573  9600 60000
2.358787 12800 60000
2.307901 16000 60000
2.347292 19200 60000
2.402201 22400 60000
2.299194 25600 60000
2.299553 28800 60000
2.310852 32000 60000
2.323573 35200 60000
2.323685 38400 60000
2.304845 41600 60000
2.316202 44800 60000
2.326138 48000 60000
2.323129 51200 60000
2.330206 54400 60000
2.276871 57600 60000
Epoch 7
-------------------------------
2.359668     0 60000
2.303755  3200 60000
2.280264  6400 60000
2.314921  9600 60000
2.333774 12800 60000
2.328643 16000 60000
2.289803 19200 60000
2.316458 22400 60000
2.260391 25600 60000
2.357219 28800 60000
2.321165 32000 60000
2.319485 35200 60000
2.326416 38400 60000
2.308154 41600 60000
2.288014 44800 60000
2.323114 48000 60000
2.282367 51200 60000
2.317885 54400 60000
2.334791 57600 60000
Epoch 8
-------------------------------
2.263576     0 60000
2.360059  3200 60000
2.310487  6400 60000
2.303808  9600 60000
2.342392 12800 60000
2.294322 16000 60000
2.320120 19200 60000
2.327595 22400 60000
2.252567 25600 60000
2.289159 28800 60000
2.277213 32000 60000
2.308348 35200 60000
2.318509 38400 60000
2.315820 41600 60000
2.270642 44800 60000
2.305578 48000 60000
2.324129 51200 60000
2.286028 54400 60000
2.279665 57600 60000
Epoch 9
-------------------------------
2.294968     0 60000
2.305243  3200 60000
2.330821  6400 60000
2.290676  9600 60000
2.334992 12800 60000
2.281739 16000 60000
2.326189 19200 60000
2.291475 22400 60000
2.345777 25600 60000
2.316949 28800 60000
2.320254 32000 60000
2.301239 35200 60000
2.331695 38400 60000
2.295927 41600 60000
2.280124 44800 60000
2.275138 48000 60000
2.325924 51200 60000
2.326514 54400 60000
2.303353 57600 60000
Epoch 10
-------------------------------
2.304885     0 60000
2.297245  3200 60000
2.315082  6400 60000
2.336594  9600 60000
2.289211 12800 60000
2.300060 16000 60000
2.304008 19200 60000
2.332250 22400 60000
2.299734 25600 60000
2.308121 28800 60000
2.312722 32000 60000
2.343337 35200 60000
2.300755 38400 60000
2.279563 41600 60000
2.285695 44800 60000
2.304491 48000 60000
2.284260 51200 60000
2.314031 54400 60000
2.301762 57600 60000
Epoch 11
-------------------------------
2.294758     0 60000
2.283996  3200 60000
2.388502  6400 60000
2.320868  9600 60000
2.331994 12800 60000
2.276462 16000 60000
2.314707 19200 60000
2.272637 22400 60000
2.358748 25600 60000
2.286322 28800 60000
2.294981 32000 60000
2.307362 35200 60000
2.328815 38400 60000
2.292229 41600 60000
2.285840 44800 60000
2.336555 48000 60000
2.307333 51200 60000
2.347560 54400 60000
2.318589 57600 60000
Epoch 12
-------------------------------
2.323614     0 60000
2.323495  3200 60000
2.319846  6400 60000
2.316691  9600 60000
2.296304 12800 60000
2.316778 16000 60000
2.319434 19200 60000
2.279666 22400 60000
2.316588 25600 60000
2.356085 28800 60000
2.343326 32000 60000
2.303303 35200 60000
2.284457 38400 60000
2.329861 41600 60000
2.280497 44800 60000
2.312647 48000 60000
2.342259 51200 60000
2.338072 54400 60000
2.319398 57600 60000
