Epoch 1
-------------------------------
2.300651     0 60000
0.774680  3200 60000
0.687827  6400 60000
0.577864  9600 60000
0.621306 12800 60000
0.559701 16000 60000
0.502068 19200 60000
0.483509 22400 60000
0.682631 25600 60000
0.323566 28800 60000
0.400694 32000 60000
0.268001 35200 60000
0.343464 38400 60000
0.288897 41600 60000
0.303555 44800 60000
0.526337 48000 60000
0.338595 51200 60000
0.261146 54400 60000
0.522711 57600 60000
Epoch 2
-------------------------------
0.389305     0 60000
0.435644  3200 60000
0.392334  6400 60000
0.387968  9600 60000
0.626693 12800 60000
0.275197 16000 60000
0.470721 19200 60000
0.317200 22400 60000
0.360495 25600 60000
0.170121 28800 60000
0.240595 32000 60000
0.383160 35200 60000
0.232812 38400 60000
0.520018 41600 60000
0.533282 44800 60000
0.271279 48000 60000
0.560704 51200 60000
0.232858 54400 60000
0.395918 57600 60000
Epoch 3
-------------------------------
0.254234     0 60000
0.207153  3200 60000
0.306276  6400 60000
0.221367  9600 60000
1.066365 12800 60000
0.130835 16000 60000
0.351345 19200 60000
0.381200 22400 60000
0.159700 25600 60000
0.242322 28800 60000
0.363587 32000 60000
0.461687 35200 60000
0.347969 38400 60000
0.211118 41600 60000
0.350753 44800 60000
0.178496 48000 60000
0.390188 51200 60000
0.455977 54400 60000
0.197946 57600 60000
Epoch 4
-------------------------------
0.095190     0 60000
0.149955  3200 60000
0.147092  6400 60000
0.479061  9600 60000
0.339121 12800 60000
0.306117 16000 60000
0.233840 19200 60000
0.217107 22400 60000
0.329489 25600 60000
0.957528 28800 60000
0.254254 32000 60000
0.188068 35200 60000
0.145243 38400 60000
0.233587 41600 60000
0.398851 44800 60000
0.373503 48000 60000
0.214570 51200 60000
0.097290 54400 60000
0.397588 57600 60000
Epoch 5
-------------------------------
0.429966     0 60000
0.379083  3200 60000
0.155110  6400 60000
0.282891  9600 60000
0.353700 12800 60000
0.364289 16000 60000
0.377574 19200 60000
0.274023 22400 60000
0.131276 25600 60000
0.596448 28800 60000
0.215104 32000 60000
0.289948 35200 60000
0.161046 38400 60000
0.178356 41600 60000
0.205258 44800 60000
0.261085 48000 60000
0.069591 51200 60000
0.270380 54400 60000
0.243184 57600 60000
Epoch 6
-------------------------------
0.237067     0 60000
0.223477  3200 60000
0.310350  6400 60000
0.201953  9600 60000
0.274761 12800 60000
0.307518 16000 60000
0.217038 19200 60000
0.520241 22400 60000
0.166608 25600 60000
0.345333 28800 60000
0.199898 32000 60000
0.223381 35200 60000
0.499463 38400 60000
0.419129 41600 60000
0.293590 44800 60000
0.296883 48000 60000
0.367996 51200 60000
0.211737 54400 60000
0.247938 57600 60000
Epoch 7
-------------------------------
0.316446     0 60000
0.107344  3200 60000
0.330101  6400 60000
0.284197  9600 60000
0.137738 12800 60000
0.247734 16000 60000
0.322793 19200 60000
0.171659 22400 60000
0.236849 25600 60000
0.306560 28800 60000
0.341514 32000 60000
0.316658 35200 60000
0.313224 38400 60000
0.321092 41600 60000
0.234994 44800 60000
0.469684 48000 60000
0.137373 51200 60000
0.286663 54400 60000
0.251039 57600 60000
Epoch 8
-------------------------------
0.171595     0 60000
0.130654  3200 60000
1.075384  6400 60000
0.165392  9600 60000
0.216368 12800 60000
0.266821 16000 60000
0.217559 19200 60000
0.152176 22400 60000
0.255994 25600 60000
0.293694 28800 60000
0.253081 32000 60000
0.202482 35200 60000
0.639642 38400 60000
0.403268 41600 60000
0.315531 44800 60000
0.550042 48000 60000
0.387904 51200 60000
0.162740 54400 60000
0.274126 57600 60000
Epoch 9
-------------------------------
0.167902     0 60000
0.128150  3200 60000
0.374700  6400 60000
0.245839  9600 60000
0.243775 12800 60000
0.258578 16000 60000
0.208854 19200 60000
0.299082 22400 60000
0.267928 25600 60000
0.208736 28800 60000
0.211617 32000 60000
0.217487 35200 60000
0.285494 38400 60000
0.256197 41600 60000
0.248292 44800 60000
0.127219 48000 60000
0.184008 51200 60000
0.133494 54400 60000
0.147308 57600 60000
Epoch 10
-------------------------------
0.241448     0 60000
0.209477  3200 60000
0.252912  6400 60000
0.154551  9600 60000
0.358534 12800 60000
0.300193 16000 60000
0.118459 19200 60000
0.242076 22400 60000
0.151675 25600 60000
0.097134 28800 60000
0.043195 32000 60000
0.215268 35200 60000
0.204559 38400 60000
0.175270 41600 60000
0.134210 44800 60000
0.278189 48000 60000
0.513811 51200 60000
0.106207 54400 60000
0.187706 57600 60000
Epoch 11
-------------------------------
0.065615     0 60000
0.234345  3200 60000
0.453450  6400 60000
0.200773  9600 60000
0.259136 12800 60000
0.302773 16000 60000
0.152869 19200 60000
0.209960 22400 60000
0.159550 25600 60000
0.339094 28800 60000
0.149534 32000 60000
0.299436 35200 60000
0.184611 38400 60000
0.162608 41600 60000
0.154126 44800 60000
0.571552 48000 60000
0.259149 51200 60000
0.217279 54400 60000
0.351582 57600 60000
Epoch 12
-------------------------------
0.293750     0 60000
0.159992  3200 60000
0.141575  6400 60000
0.265584  9600 60000
0.099193 12800 60000
0.462075 16000 60000
0.073902 19200 60000
0.230773 22400 60000
0.621618 25600 60000
0.645795 28800 60000
0.260820 32000 60000
0.345829 35200 60000
0.265803 38400 60000
0.490815 41600 60000
0.243251 44800 60000
0.317653 48000 60000
0.064376 51200 60000
0.151241 54400 60000
0.131614 57600 60000
