Epoch 1
-------------------------------
0.497312     0 60000
0.853220  3200 60000
1.522972  6400 60000
1.254718  9600 60000
0.951233 12800 60000
1.268238 16000 60000
0.866874 19200 60000
0.692153 22400 60000
0.765824 25600 60000
0.769909 28800 60000
1.034333 32000 60000
0.986320 35200 60000
0.796796 38400 60000
535.333252 41600 60000
2.281368 44800 60000
2.311912 48000 60000
2.302160 51200 60000
2.309092 54400 60000
2.310718 57600 60000
Epoch 2
-------------------------------
2.309040     0 60000
2.298310  3200 60000
2.293837  6400 60000
2.311013  9600 60000
2.311275 12800 60000
2.297227 16000 60000
2.301669 19200 60000
2.305125 22400 60000
2.311170 25600 60000
2.305137 28800 60000
2.314959 32000 60000
2.305915 35200 60000
2.302994 38400 60000
2.294053 41600 60000
2.298361 44800 60000
2.297151 48000 60000
2.312011 51200 60000
2.296010 54400 60000
2.313565 57600 60000
Epoch 3
-------------------------------
2.302996     0 60000
2.310955  3200 60000
2.305326  6400 60000
2.319802  9600 60000
2.295349 12800 60000
2.289844 16000 60000
2.306764 19200 60000
2.297005 22400 60000
2.297280 25600 60000
2.315922 28800 60000
2.302867 32000 60000
2.299292 35200 60000
2.302593 38400 60000
2.304947 41600 60000
2.300459 44800 60000
2.302885 48000 60000
2.301293 51200 60000
2.314830 54400 60000
2.298185 57600 60000
Epoch 4
-------------------------------
2.294490     0 60000
2.311932  3200 60000
2.297027  6400 60000
2.307003  9600 60000
2.303499 12800 60000
2.302682 16000 60000
2.323709 19200 60000
2.297709 22400 60000
2.292726 25600 60000
2.295546 28800 60000
2.312659 32000 60000
2.304237 35200 60000
2.310632 38400 60000
2.310370 41600 60000
2.304390 44800 60000
2.309405 48000 60000
2.296227 51200 60000
2.299184 54400 60000
2.303965 57600 60000
Epoch 5
-------------------------------
2.315922     0 60000
2.296189  3200 60000
2.310054  6400 60000
2.305191  9600 60000
2.306898 12800 60000
2.306748 16000 60000
2.311356 19200 60000
2.302850 22400 60000
2.301909 25600 60000
2.293540 28800 60000
2.292884 32000 60000
2.300920 35200 60000
2.323557 38400 60000
2.308651 41600 60000
2.303591 44800 60000
2.303338 48000 60000
2.304828 51200 60000
2.288022 54400 60000
2.315922 57600 60000
Epoch 6
-------------------------------
2.294868     0 60000
2.298859  3200 60000
2.309104  6400 60000
2.308922  9600 60000
2.302933 12800 60000
2.286964 16000 60000
2.303748 19200 60000
2.316756 22400 60000
2.309738 25600 60000
2.303375 28800 60000
2.310855 32000 60000
2.289782 35200 60000
2.303017 38400 60000
2.311481 41600 60000
2.296746 44800 60000
2.317665 48000 60000
2.302034 51200 60000
2.304677 54400 60000
2.288521 57600 60000
Epoch 7
-------------------------------
2.301262     0 60000
2.295825  3200 60000
2.283103  6400 60000
2.297068  9600 60000
2.300623 12800 60000
2.291072 16000 60000
2.301090 19200 60000
2.300243 22400 60000
2.293372 25600 60000
2.299715 28800 60000
2.296135 32000 60000
2.317049 35200 60000
2.309947 38400 60000
2.304788 41600 60000
2.302749 44800 60000
2.307773 48000 60000
2.333981 51200 60000
2.301523 54400 60000
2.293086 57600 60000
Epoch 8
-------------------------------
2.315624     0 60000
2.310779  3200 60000
2.298512  6400 60000
2.304220  9600 60000
2.312118 12800 60000
2.296589 16000 60000
2.309732 19200 60000
2.313786 22400 60000
2.314620 25600 60000
2.305273 28800 60000
2.286098 32000 60000
2.300410 35200 60000
2.280189 38400 60000
2.293433 41600 60000
2.299270 44800 60000
2.308907 48000 60000
2.308965 51200 60000
2.295787 54400 60000
2.305824 57600 60000
Epoch 9
-------------------------------
2.307353     0 60000
2.312138  3200 60000
2.318419  6400 60000
2.284792  9600 60000
2.306006 12800 60000
2.308838 16000 60000
2.304029 19200 60000
2.299629 22400 60000
2.302967 25600 60000
2.309805 28800 60000
2.295245 32000 60000
2.302269 35200 60000
2.301363 38400 60000
2.302908 41600 60000
2.302195 44800 60000
2.306045 48000 60000
2.310821 51200 60000
2.297278 54400 60000
2.297131 57600 60000
Epoch 10
-------------------------------
2.301772     0 60000
2.319187  3200 60000
2.300562  6400 60000
2.314133  9600 60000
2.302437 12800 60000
2.293517 16000 60000
2.302548 19200 60000
2.291973 22400 60000
2.298382 25600 60000
2.309740 28800 60000
2.296053 32000 60000
2.302493 35200 60000
2.292785 38400 60000
2.303980 41600 60000
2.319105 44800 60000
2.306257 48000 60000
2.305409 51200 60000
2.299335 54400 60000
2.311586 57600 60000
Epoch 11
-------------------------------
2.302030     0 60000
2.300228  3200 60000
2.302809  6400 60000
2.305968  9600 60000
2.298368 12800 60000
2.299101 16000 60000
2.318188 19200 60000
2.306269 22400 60000
2.311459 25600 60000
2.309858 28800 60000
2.300225 32000 60000
2.301995 35200 60000
2.303263 38400 60000
2.319126 41600 60000
2.298566 44800 60000
2.312303 48000 60000
2.294169 51200 60000
2.312494 54400 60000
2.296284 57600 60000
Epoch 12
-------------------------------
2.310289     0 60000
2.327433  3200 60000
2.321546  6400 60000
2.298517  9600 60000
2.294701 12800 60000
2.303457 16000 60000
2.300209 19200 60000
2.290834 22400 60000
2.292206 25600 60000
2.303316 28800 60000
2.299069 32000 60000
2.294585 35200 60000
2.294762 38400 60000
2.292835 41600 60000
2.300975 44800 60000
2.296671 48000 60000
2.300496 51200 60000
2.309683 54400 60000
2.313080 57600 60000
