Epoch 1
-------------------------------
0.597470     0 60000
2.310858  3200 60000
2.284363  6400 60000
2.305210  9600 60000
2.316732 12800 60000
2.330978 16000 60000
2.360651 19200 60000
2.346134 22400 60000
2.327812 25600 60000
2.272457 28800 60000
2.323026 32000 60000
2.335879 35200 60000
2.312934 38400 60000
2.323737 41600 60000
2.303114 44800 60000
2.295345 48000 60000
2.372568 51200 60000
2.322602 54400 60000
2.263528 57600 60000
Epoch 2
-------------------------------
2.371526     0 60000
2.320589  3200 60000
2.294958  6400 60000
2.275048  9600 60000
2.327139 12800 60000
2.295815 16000 60000
2.329718 19200 60000
2.293214 22400 60000
2.350762 25600 60000
2.331157 28800 60000
2.291483 32000 60000
2.334678 35200 60000
2.327567 38400 60000
2.369259 41600 60000
2.291409 44800 60000
2.327535 48000 60000
2.308906 51200 60000
2.313477 54400 60000
2.363574 57600 60000
Epoch 3
-------------------------------
2.313737     0 60000
2.313090  3200 60000
2.295805  6400 60000
2.349489  9600 60000
2.296484 12800 60000
2.298516 16000 60000
2.316611 19200 60000
2.334475 22400 60000
2.294854 25600 60000
2.307925 28800 60000
2.307501 32000 60000
2.270477 35200 60000
2.321485 38400 60000
2.330486 41600 60000
2.266777 44800 60000
2.300277 48000 60000
2.324935 51200 60000
2.287714 54400 60000
2.294927 57600 60000
Epoch 4
-------------------------------
2.281400     0 60000
2.306551  3200 60000
2.294397  6400 60000
2.343918  9600 60000
2.293308 12800 60000
2.295088 16000 60000
2.273508 19200 60000
2.306312 22400 60000
2.314427 25600 60000
2.302120 28800 60000
2.284796 32000 60000
2.303572 35200 60000
2.295904 38400 60000
2.338135 41600 60000
2.282571 44800 60000
2.276957 48000 60000
2.264415 51200 60000
2.317099 54400 60000
2.352694 57600 60000
Epoch 5
-------------------------------
2.328146     0 60000
2.315231  3200 60000
2.269871  6400 60000
2.314146  9600 60000
2.320532 12800 60000
2.324798 16000 60000
2.311580 19200 60000
2.412677 22400 60000
2.290723 25600 60000
2.300292 28800 60000
2.325243 32000 60000
2.284319 35200 60000
2.288939 38400 60000
2.299615 41600 60000
2.298471 44800 60000
2.326324 48000 60000
2.364107 51200 60000
2.275934 54400 60000
2.282567 57600 60000
Epoch 6
-------------------------------
2.342408     0 60000
2.289492  3200 60000
2.349991  6400 60000
2.275915  9600 60000
2.288176 12800 60000
2.343714 16000 60000
2.319413 19200 60000
2.343647 22400 60000
2.292645 25600 60000
2.316491 28800 60000
2.307462 32000 60000
2.276522 35200 60000
2.358220 38400 60000
2.264973 41600 60000
2.293562 44800 60000
2.355677 48000 60000
2.304912 51200 60000
2.338047 54400 60000
2.306478 57600 60000
Epoch 7
-------------------------------
2.336981     0 60000
2.274695  3200 60000
2.240330  6400 60000
2.328750  9600 60000
2.297711 12800 60000
2.275331 16000 60000
2.334941 19200 60000
2.323789 22400 60000
2.316169 25600 60000
2.354200 28800 60000
2.304764 32000 60000
2.279836 35200 60000
2.378519 38400 60000
2.328876 41600 60000
2.327155 44800 60000
2.262601 48000 60000
2.271914 51200 60000
2.289873 54400 60000
2.315810 57600 60000
Epoch 8
-------------------------------
2.313252     0 60000
2.357988  3200 60000
2.326913  6400 60000
2.353049  9600 60000
2.332017 12800 60000
2.310083 16000 60000
2.295877 19200 60000
2.351421 22400 60000
2.338051 25600 60000
2.299300 28800 60000
2.334943 32000 60000
2.334164 35200 60000
2.310701 38400 60000
2.334818 41600 60000
2.339616 44800 60000
2.299584 48000 60000
2.284637 51200 60000
2.354539 54400 60000
2.322581 57600 60000
Epoch 9
-------------------------------
2.291636     0 60000
2.327121  3200 60000
2.289998  6400 60000
2.323956  9600 60000
2.325318 12800 60000
2.329350 16000 60000
2.306473 19200 60000
2.316638 22400 60000
2.322639 25600 60000
2.272097 28800 60000
2.306518 32000 60000
2.287944 35200 60000
2.268475 38400 60000
2.301327 41600 60000
2.256612 44800 60000
2.294972 48000 60000
2.374180 51200 60000
2.311632 54400 60000
2.322276 57600 60000
Epoch 10
-------------------------------
2.280219     0 60000
2.328914  3200 60000
2.317093  6400 60000
2.361660  9600 60000
2.384873 12800 60000
2.369130 16000 60000
2.358231 19200 60000
2.312259 22400 60000
2.292600 25600 60000
2.348029 28800 60000
2.295323 32000 60000
2.326444 35200 60000
2.269515 38400 60000
2.311905 41600 60000
2.276305 44800 60000
2.330468 48000 60000
2.310606 51200 60000
2.287717 54400 60000
2.292854 57600 60000
Epoch 11
-------------------------------
2.339803     0 60000
2.303874  3200 60000
2.365227  6400 60000
2.280881  9600 60000
2.265125 12800 60000
2.304906 16000 60000
2.341805 19200 60000
2.297763 22400 60000
2.309840 25600 60000
2.342040 28800 60000
2.302024 32000 60000
2.348081 35200 60000
2.309086 38400 60000
2.334914 41600 60000
2.272871 44800 60000
2.318510 48000 60000
2.300037 51200 60000
2.256400 54400 60000
2.342674 57600 60000
Epoch 12
-------------------------------
2.303452     0 60000
2.315604  3200 60000
2.288955  6400 60000
2.322438  9600 60000
2.344965 12800 60000
2.317376 16000 60000
2.417492 19200 60000
2.309165 22400 60000
2.337693 25600 60000
2.314458 28800 60000
2.352744 32000 60000
2.320796 35200 60000
2.276437 38400 60000
2.322411 41600 60000
2.319100 44800 60000
2.270112 48000 60000
2.329033 51200 60000
2.354567 54400 60000
2.353410 57600 60000
