Epoch 1
-------------------------------
0.129085     0 60000
0.175461  3200 60000
0.652242  6400 60000
0.495738  9600 60000
0.896015 12800 60000
0.642462 16000 60000
0.301822 19200 60000
0.489859 22400 60000
0.328071 25600 60000
0.749421 28800 60000
0.641729 32000 60000
0.463100 35200 60000
0.722284 38400 60000
0.419499 41600 60000
0.458735 44800 60000
0.417597 48000 60000
0.702611 51200 60000
0.427460 54400 60000
0.629210 57600 60000
Epoch 2
-------------------------------
0.273172     0 60000
0.282040  3200 60000
0.302752  6400 60000
0.513723  9600 60000
0.516465 12800 60000
0.232733 16000 60000
0.271873 19200 60000
0.561965 22400 60000
0.307908 25600 60000
0.375805 28800 60000
0.638923 32000 60000
0.610271 35200 60000
0.471121 38400 60000
0.393999 41600 60000
0.151843 44800 60000
0.219191 48000 60000
0.269291 51200 60000
0.507101 54400 60000
0.173535 57600 60000
Epoch 3
-------------------------------
0.483433     0 60000
0.293545  3200 60000
0.361124  6400 60000
0.286739  9600 60000
0.348425 12800 60000
0.225705 16000 60000
0.365372 19200 60000
0.285950 22400 60000
0.329354 25600 60000
0.550581 28800 60000
0.331221 32000 60000
0.455104 35200 60000
0.276926 38400 60000
0.457345 41600 60000
0.300046 44800 60000
0.492186 48000 60000
0.546974 51200 60000
0.375113 54400 60000
0.276903 57600 60000
Epoch 4
-------------------------------
0.523667     0 60000
0.732014  3200 60000
0.193565  6400 60000
0.294502  9600 60000
0.621358 12800 60000
0.415364 16000 60000
0.649804 19200 60000
0.456762 22400 60000
0.391157 25600 60000
0.579937 28800 60000
0.758599 32000 60000
0.499800 35200 60000
0.226799 38400 60000
0.512663 41600 60000
0.451186 44800 60000
0.400399 48000 60000
0.554359 51200 60000
0.588927 54400 60000
0.207682 57600 60000
Epoch 5
-------------------------------
0.580550     0 60000
0.219412  3200 60000
0.243069  6400 60000
0.363069  9600 60000
0.828244 12800 60000
0.384956 16000 60000
0.353809 19200 60000
0.601592 22400 60000
0.050927 25600 60000
0.513033 28800 60000
0.252809 32000 60000
0.223378 35200 60000
0.490186 38400 60000
0.349822 41600 60000
0.462820 44800 60000
0.182367 48000 60000
0.202524 51200 60000
0.180254 54400 60000
0.681027 57600 60000
Epoch 6
-------------------------------
0.349939     0 60000
0.351705  3200 60000
0.334521  6400 60000
0.208773  9600 60000
0.307437 12800 60000
0.374815 16000 60000
0.160834 19200 60000
0.447034 22400 60000
0.248708 25600 60000
0.374835 28800 60000
0.450745 32000 60000
0.153050 35200 60000
0.359477 38400 60000
0.308824 41600 60000
0.946187 44800 60000
0.523131 48000 60000
0.763776 51200 60000
0.465388 54400 60000
0.434308 57600 60000
Epoch 7
-------------------------------
0.221915     0 60000
0.332823  3200 60000
0.263180  6400 60000
0.838615  9600 60000
0.088657 12800 60000
0.232560 16000 60000
0.171395 19200 60000
0.460558 22400 60000
0.197996 25600 60000
0.737156 28800 60000
0.507015 32000 60000
0.270160 35200 60000
0.173689 38400 60000
0.356104 41600 60000
0.515773 44800 60000
0.472357 48000 60000
0.230346 51200 60000
0.559709 54400 60000
0.513818 57600 60000
Epoch 8
-------------------------------
0.443788     0 60000
0.423739  3200 60000
0.153662  6400 60000
0.243557  9600 60000
0.413190 12800 60000
0.199974 16000 60000
0.113019 19200 60000
0.328880 22400 60000
0.608603 25600 60000
0.161611 28800 60000
0.212094 32000 60000
0.262574 35200 60000
0.699869 38400 60000
0.571025 41600 60000
0.546649 44800 60000
0.170558 48000 60000
0.235803 51200 60000
0.353237 54400 60000
0.612309 57600 60000
Epoch 9
-------------------------------
0.348884     0 60000
0.302957  3200 60000
0.168503  6400 60000
0.420111  9600 60000
0.248864 12800 60000
0.412917 16000 60000
0.712050 19200 60000
0.230683 22400 60000
0.285353 25600 60000
0.463513 28800 60000
0.610152 32000 60000
0.341661 35200 60000
0.468919 38400 60000
0.359746 41600 60000
0.428508 44800 60000
0.385143 48000 60000
0.397257 51200 60000
0.331808 54400 60000
0.415846 57600 60000
Epoch 10
-------------------------------
0.512094     0 60000
0.441284  3200 60000
0.477020  6400 60000
0.278600  9600 60000
0.296560 12800 60000
0.323508 16000 60000
0.309779 19200 60000
0.429471 22400 60000
0.376848 25600 60000
0.359147 28800 60000
0.531484 32000 60000
0.325657 35200 60000
0.358034 38400 60000
0.288592 41600 60000
0.240532 44800 60000
0.558622 48000 60000
0.285692 51200 60000
0.433128 54400 60000
0.378245 57600 60000
Epoch 11
-------------------------------
0.307806     0 60000
0.620765  3200 60000
0.430537  6400 60000
0.276073  9600 60000
0.553083 12800 60000
0.335385 16000 60000
0.305886 19200 60000
0.309553 22400 60000
0.368225 25600 60000
3.220283 28800 60000
0.117500 32000 60000
0.248239 35200 60000
0.422862 38400 60000
0.318041 41600 60000
0.320610 44800 60000
0.207397 48000 60000
0.192239 51200 60000
0.665087 54400 60000
0.471261 57600 60000
Epoch 12
-------------------------------
0.629185     0 60000
0.256268  3200 60000
0.392124  6400 60000
0.237559  9600 60000
0.332777 12800 60000
0.376291 16000 60000
0.483623 19200 60000
0.649637 22400 60000
0.190087 25600 60000
0.155805 28800 60000
0.531911 32000 60000
0.319433 35200 60000
0.498667 38400 60000
0.279750 41600 60000
0.360870 44800 60000
0.320459 48000 60000
0.248901 51200 60000
0.434276 54400 60000
0.294390 57600 60000
