Epoch 1
-------------------------------
0.045001     0 60000
0.659313  3200 60000
0.586208  6400 60000
0.361826  9600 60000
0.324450 12800 60000
0.568314 16000 60000
0.443207 19200 60000
1.306578 22400 60000
0.305479 25600 60000
0.391721 28800 60000
0.567777 32000 60000
1.016031 35200 60000
0.450057 38400 60000
0.383887 41600 60000
0.355478 44800 60000
0.231786 48000 60000
0.414980 51200 60000
0.332436 54400 60000
0.850993 57600 60000
Epoch 2
-------------------------------
1.031328     0 60000
0.386102  3200 60000
0.528417  6400 60000
0.784771  9600 60000
0.376114 12800 60000
0.414584 16000 60000
0.201854 19200 60000
0.413622 22400 60000
0.273663 25600 60000
0.359598 28800 60000
0.345960 32000 60000
0.206768 35200 60000
0.326541 38400 60000
0.323687 41600 60000
0.784321 44800 60000
0.347560 48000 60000
0.191659 51200 60000
0.596977 54400 60000
0.374919 57600 60000
Epoch 3
-------------------------------
0.313229     0 60000
0.480098  3200 60000
0.378528  6400 60000
0.463348  9600 60000
0.637672 12800 60000
0.650215 16000 60000
0.618746 19200 60000
0.437979 22400 60000
0.239112 25600 60000
0.506350 28800 60000
0.467918 32000 60000
0.535671 35200 60000
0.270189 38400 60000
1.047849 41600 60000
0.241477 44800 60000
0.478362 48000 60000
0.254572 51200 60000
0.622616 54400 60000
0.719615 57600 60000
Epoch 4
-------------------------------
0.387268     0 60000
0.351490  3200 60000
0.176788  6400 60000
0.201033  9600 60000
0.336762 12800 60000
0.370616 16000 60000
0.319070 19200 60000
0.455501 22400 60000
0.259923 25600 60000
0.361923 28800 60000
1.111832 32000 60000
0.267766 35200 60000
0.482329 38400 60000
0.543096 41600 60000
0.196738 44800 60000
0.778117 48000 60000
0.670428 51200 60000
0.636341 54400 60000
0.758493 57600 60000
Epoch 5
-------------------------------
1.099933     0 60000
0.387638  3200 60000
0.317506  6400 60000
0.421322  9600 60000
0.262848 12800 60000
1.037221 16000 60000
0.646830 19200 60000
0.314794 22400 60000
0.498569 25600 60000
0.445886 28800 60000
0.244885 32000 60000
0.310833 35200 60000
0.119192 38400 60000
0.271387 41600 60000
2.198128 44800 60000
0.849733 48000 60000
0.822654 51200 60000
0.561093 54400 60000
0.321167 57600 60000
Epoch 6
-------------------------------
0.239677     0 60000
0.402754  3200 60000
0.524745  6400 60000
0.573518  9600 60000
0.253200 12800 60000
0.421171 16000 60000
0.445999 19200 60000
0.459877 22400 60000
0.349262 25600 60000
0.169412 28800 60000
0.155476 32000 60000
0.280553 35200 60000
0.532053 38400 60000
0.249325 41600 60000
0.218916 44800 60000
0.652396 48000 60000
0.256947 51200 60000
0.901645 54400 60000
0.415195 57600 60000
Epoch 7
-------------------------------
0.294644     0 60000
0.204636  3200 60000
0.721230  6400 60000
0.458420  9600 60000
0.209594 12800 60000
0.192230 16000 60000
0.313863 19200 60000
0.215940 22400 60000
0.181035 25600 60000
0.418750 28800 60000
0.377517 32000 60000
0.482533 35200 60000
0.711910 38400 60000
0.317575 41600 60000
0.490620 44800 60000
0.379704 48000 60000
0.531437 51200 60000
0.433747 54400 60000
0.795962 57600 60000
Epoch 8
-------------------------------
0.568655     0 60000
1.073939  3200 60000
0.387971  6400 60000
0.253898  9600 60000
0.955706 12800 60000
0.310020 16000 60000
0.383156 19200 60000
0.452241 22400 60000
0.147788 25600 60000
0.225216 28800 60000
0.332934 32000 60000
0.130274 35200 60000
0.644467 38400 60000
0.338042 41600 60000
0.205078 44800 60000
0.346439 48000 60000
0.319350 51200 60000
0.174279 54400 60000
0.360474 57600 60000
Epoch 9
-------------------------------
0.196178     0 60000
0.374802  3200 60000
0.242133  6400 60000
0.261984  9600 60000
0.152977 12800 60000
0.346771 16000 60000
0.247384 19200 60000
0.286968 22400 60000
0.423128 25600 60000
0.223426 28800 60000
0.374329 32000 60000
0.199379 35200 60000
0.578692 38400 60000
0.617760 41600 60000
0.200679 44800 60000
0.732956 48000 60000
0.316984 51200 60000
0.494347 54400 60000
0.452405 57600 60000
Epoch 10
-------------------------------
0.530459     0 60000
0.530179  3200 60000
0.398131  6400 60000
0.437242  9600 60000
0.170689 12800 60000
0.164323 16000 60000
0.481190 19200 60000
0.571660 22400 60000
0.401456 25600 60000
0.704214 28800 60000
0.218643 32000 60000
0.668346 35200 60000
0.286169 38400 60000
0.471906 41600 60000
0.356145 44800 60000
0.307646 48000 60000
0.449077 51200 60000
0.099653 54400 60000
0.293813 57600 60000
Epoch 11
-------------------------------
0.540576     0 60000
0.541169  3200 60000
0.590784  6400 60000
0.476884  9600 60000
0.283173 12800 60000
0.606594 16000 60000
0.198801 19200 60000
0.373663 22400 60000
0.255245 25600 60000
0.485314 28800 60000
0.318228 32000 60000
0.543540 35200 60000
0.261631 38400 60000
0.308087 41600 60000
0.319903 44800 60000
0.303841 48000 60000
0.336053 51200 60000
0.436355 54400 60000
0.865193 57600 60000
Epoch 12
-------------------------------
0.283157     0 60000
0.104939  3200 60000
0.203644  6400 60000
1.763656  9600 60000
0.278075 12800 60000
0.702967 16000 60000
0.127353 19200 60000
0.269644 22400 60000
0.262247 25600 60000
0.320893 28800 60000
0.477870 32000 60000
0.561964 35200 60000
0.354963 38400 60000
0.292979 41600 60000
0.249496 44800 60000
0.351711 48000 60000
0.319842 51200 60000
0.354220 54400 60000
0.176303 57600 60000
