Epoch 1
-------------------------------
2.299830     0 60000
2.306138  3200 60000
2.324909  6400 60000
2.298553  9600 60000
2.364645 12800 60000
2.298822 16000 60000
2.271325 19200 60000
2.269061 22400 60000
2.345155 25600 60000
2.314837 28800 60000
2.299955 32000 60000
2.360566 35200 60000
2.341279 38400 60000
2.314051 41600 60000
2.283152 44800 60000
2.325200 48000 60000
2.308382 51200 60000
2.285751 54400 60000
2.316214 57600 60000
Epoch 2
-------------------------------
2.300439     0 60000
2.358844  3200 60000
2.300632  6400 60000
2.347126  9600 60000
2.330178 12800 60000
2.334073 16000 60000
2.299535 19200 60000
2.305212 22400 60000
2.302567 25600 60000
2.292384 28800 60000
2.295206 32000 60000
2.346956 35200 60000
2.309450 38400 60000
2.317759 41600 60000
2.306050 44800 60000
2.327678 48000 60000
2.315566 51200 60000
2.328700 54400 60000
2.341928 57600 60000
Epoch 3
-------------------------------
2.328920     0 60000
2.328831  3200 60000
2.379778  6400 60000
2.305730  9600 60000
2.307859 12800 60000
2.381099 16000 60000
2.289459 19200 60000
2.370977 22400 60000
2.342779 25600 60000
2.294345 28800 60000
2.320205 32000 60000
2.312673 35200 60000
2.290584 38400 60000
2.297941 41600 60000
2.292434 44800 60000
2.300616 48000 60000
2.320639 51200 60000
2.277530 54400 60000
2.352119 57600 60000
Epoch 4
-------------------------------
2.327574     0 60000
2.310674  3200 60000
2.367533  6400 60000
2.301530  9600 60000
2.353480 12800 60000
2.293572 16000 60000
2.255691 19200 60000
2.276475 22400 60000
2.315914 25600 60000
2.266603 28800 60000
2.301631 32000 60000
2.305243 35200 60000
2.380168 38400 60000
2.321077 41600 60000
2.323802 44800 60000
2.288494 48000 60000
2.282525 51200 60000
2.302116 54400 60000
2.329032 57600 60000
Epoch 5
-------------------------------
2.318648     0 60000
2.299378  3200 60000
2.294373  6400 60000
2.284256  9600 60000
2.333499 12800 60000
2.299379 16000 60000
2.366034 19200 60000
2.271806 22400 60000
2.333075 25600 60000
2.281764 28800 60000
2.336758 32000 60000
2.273201 35200 60000
2.344009 38400 60000
2.314791 41600 60000
2.359257 44800 60000
2.322400 48000 60000
2.305701 51200 60000
2.297668 54400 60000
2.283482 57600 60000
Epoch 6
-------------------------------
2.319410     0 60000
2.347196  3200 60000
2.309771  6400 60000
2.316510  9600 60000
2.339439 12800 60000
2.337752 16000 60000
2.292755 19200 60000
2.294602 22400 60000
2.353124 25600 60000
2.287813 28800 60000
2.316605 32000 60000
2.367259 35200 60000
2.328118 38400 60000
2.288643 41600 60000
2.331958 44800 60000
2.331174 48000 60000
2.339528 51200 60000
2.271415 54400 60000
2.338968 57600 60000
Epoch 7
-------------------------------
2.310806     0 60000
2.318751  3200 60000
2.302505  6400 60000
2.347531  9600 60000
2.262127 12800 60000
2.251076 16000 60000
2.293399 19200 60000
2.352071 22400 60000
2.348341 25600 60000
2.361126 28800 60000
2.291125 32000 60000
2.336273 35200 60000
2.278572 38400 60000
2.340953 41600 60000
2.308630 44800 60000
2.242019 48000 60000
2.354362 51200 60000
2.337265 54400 60000
2.315594 57600 60000
Epoch 8
-------------------------------
2.257253     0 60000
2.345239  3200 60000
2.304873  6400 60000
2.277961  9600 60000
2.284713 12800 60000
2.304566 16000 60000
2.237241 19200 60000
2.310436 22400 60000
2.290977 25600 60000
2.348951 28800 60000
2.308338 32000 60000
2.289585 35200 60000
2.320417 38400 60000
2.263620 41600 60000
2.347091 44800 60000
2.286747 48000 60000
2.338844 51200 60000
2.336755 54400 60000
2.274382 57600 60000
Epoch 9
-------------------------------
2.291626     0 60000
2.288076  3200 60000
2.377863  6400 60000
2.264493  9600 60000
2.311206 12800 60000
2.324918 16000 60000
2.303861 19200 60000
2.313968 22400 60000
2.296022 25600 60000
2.305238 28800 60000
2.309811 32000 60000
2.357562 35200 60000
2.309779 38400 60000
2.258768 41600 60000
2.309820 44800 60000
2.294937 48000 60000
2.273256 51200 60000
2.328503 54400 60000
2.379260 57600 60000
Epoch 10
-------------------------------
2.297133     0 60000
2.293052  3200 60000
2.292816  6400 60000
2.313373  9600 60000
2.290015 12800 60000
2.365747 16000 60000
2.318501 19200 60000
2.355024 22400 60000
2.324694 25600 60000
2.305839 28800 60000
2.292886 32000 60000
2.303705 35200 60000
2.296943 38400 60000
2.286531 41600 60000
2.280004 44800 60000
2.308685 48000 60000
2.378952 51200 60000
2.327759 54400 60000
2.240633 57600 60000
Epoch 11
-------------------------------
2.340323     0 60000
2.288479  3200 60000
2.310849  6400 60000
2.308607  9600 60000
2.286817 12800 60000
2.299567 16000 60000
2.311857 19200 60000
2.361766 22400 60000
2.269164 25600 60000
2.312638 28800 60000
2.310908 32000 60000
2.320017 35200 60000
2.263228 38400 60000
2.295525 41600 60000
2.250288 44800 60000
2.329112 48000 60000
2.345184 51200 60000
2.310615 54400 60000
2.343789 57600 60000
Epoch 12
-------------------------------
2.305527     0 60000
2.347536  3200 60000
2.335518  6400 60000
2.321233  9600 60000
2.310783 12800 60000
2.282492 16000 60000
2.279938 19200 60000
2.316710 22400 60000
2.313933 25600 60000
2.313109 28800 60000
2.270718 32000 60000
2.328542 35200 60000
2.304387 38400 60000
2.339017 41600 60000
2.293845 44800 60000
2.312446 48000 60000
2.287302 51200 60000
2.288398 54400 60000
2.304479 57600 60000
