Epoch 1
-------------------------------
0.421535     0 60000
2.291868  3200 60000
3.470675  6400 60000
2.369698  9600 60000
2.331497 12800 60000
2.317074 16000 60000
2.354838 19200 60000
2.313922 22400 60000
2.318051 25600 60000
2.346792 28800 60000
2.314696 32000 60000
2.264779 35200 60000
2.309338 38400 60000
2.298404 41600 60000
2.308174 44800 60000
2.368392 48000 60000
2.282774 51200 60000
2.318230 54400 60000
2.291349 57600 60000
Epoch 2
-------------------------------
2.333927     0 60000
2.341458  3200 60000
2.386784  6400 60000
2.312556  9600 60000
2.353935 12800 60000
2.331872 16000 60000
2.322516 19200 60000
2.364576 22400 60000
2.320143 25600 60000
2.325478 28800 60000
2.336771 32000 60000
2.358905 35200 60000
2.301871 38400 60000
2.290908 41600 60000
2.299552 44800 60000
2.309214 48000 60000
2.307539 51200 60000
2.284508 54400 60000
2.269641 57600 60000
Epoch 3
-------------------------------
2.293868     0 60000
2.263820  3200 60000
2.346416  6400 60000
2.323576  9600 60000
2.287044 12800 60000
2.285189 16000 60000
2.311089 19200 60000
2.331344 22400 60000
2.318166 25600 60000
2.292557 28800 60000
2.323813 32000 60000
2.322007 35200 60000
2.306037 38400 60000
2.312384 41600 60000
2.283444 44800 60000
2.296889 48000 60000
2.323758 51200 60000
2.269840 54400 60000
2.332479 57600 60000
Epoch 4
-------------------------------
2.322471     0 60000
2.259568  3200 60000
2.324600  6400 60000
2.352222  9600 60000
2.325698 12800 60000
2.298978 16000 60000
2.340145 19200 60000
2.285493 22400 60000
2.333014 25600 60000
2.300771 28800 60000
2.319213 32000 60000
2.304073 35200 60000
2.311722 38400 60000
2.287539 41600 60000
2.322547 44800 60000
2.408618 48000 60000
2.299130 51200 60000
2.391009 54400 60000
2.313262 57600 60000
Epoch 5
-------------------------------
2.318971     0 60000
2.287642  3200 60000
2.300332  6400 60000
2.308279  9600 60000
2.303303 12800 60000
2.304916 16000 60000
2.323719 19200 60000
2.321717 22400 60000
2.366514 25600 60000
2.337971 28800 60000
2.298865 32000 60000
2.284336 35200 60000
2.385511 38400 60000
2.278305 41600 60000
2.311994 44800 60000
2.316559 48000 60000
2.330847 51200 60000
2.367168 54400 60000
2.310160 57600 60000
Epoch 6
-------------------------------
2.267635     0 60000
2.317201  3200 60000
2.321910  6400 60000
2.296943  9600 60000
2.285819 12800 60000
2.302873 16000 60000
2.355327 19200 60000
2.351228 22400 60000
2.320172 25600 60000
2.393712 28800 60000
2.308333 32000 60000
2.327926 35200 60000
2.317243 38400 60000
2.329115 41600 60000
2.313781 44800 60000
2.324068 48000 60000
2.298285 51200 60000
2.378952 54400 60000
2.297152 57600 60000
Epoch 7
-------------------------------
2.308549     0 60000
2.307729  3200 60000
2.256111  6400 60000
2.299728  9600 60000
2.310311 12800 60000
2.339696 16000 60000
2.361691 19200 60000
2.289492 22400 60000
2.332178 25600 60000
2.328270 28800 60000
2.292881 32000 60000
2.324136 35200 60000
2.332777 38400 60000
2.312082 41600 60000
2.308405 44800 60000
2.258787 48000 60000
2.327766 51200 60000
2.277841 54400 60000
2.321718 57600 60000
Epoch 8
-------------------------------
2.327123     0 60000
2.314714  3200 60000
2.363527  6400 60000
2.324368  9600 60000
2.357810 12800 60000
2.265177 16000 60000
2.349444 19200 60000
2.274104 22400 60000
2.290905 25600 60000
2.316832 28800 60000
2.314329 32000 60000
2.298050 35200 60000
2.322479 38400 60000
2.297571 41600 60000
2.349462 44800 60000
2.317531 48000 60000
2.295232 51200 60000
2.319562 54400 60000
2.276952 57600 60000
Epoch 9
-------------------------------
2.321741     0 60000
2.300433  3200 60000
2.293751  6400 60000
2.255888  9600 60000
2.320017 12800 60000
2.310648 16000 60000
2.331379 19200 60000
2.302989 22400 60000
2.364127 25600 60000
2.358589 28800 60000
2.327922 32000 60000
2.273890 35200 60000
2.290216 38400 60000
2.334296 41600 60000
2.326664 44800 60000
2.317700 48000 60000
2.328096 51200 60000
2.290729 54400 60000
2.342171 57600 60000
Epoch 10
-------------------------------
2.282143     0 60000
2.313564  3200 60000
2.336553  6400 60000
2.305674  9600 60000
2.301203 12800 60000
2.334152 16000 60000
2.323812 19200 60000
2.316556 22400 60000
2.308561 25600 60000
2.274573 28800 60000
2.264111 32000 60000
2.301340 35200 60000
2.308954 38400 60000
2.307790 41600 60000
2.287135 44800 60000
2.280841 48000 60000
2.333664 51200 60000
2.321865 54400 60000
2.277946 57600 60000
Epoch 11
-------------------------------
2.289900     0 60000
2.363102  3200 60000
2.355025  6400 60000
2.250635  9600 60000
2.318262 12800 60000
2.330964 16000 60000
2.311176 19200 60000
2.312829 22400 60000
2.301674 25600 60000
2.327656 28800 60000
2.314062 32000 60000
2.317512 35200 60000
2.302278 38400 60000
2.354643 41600 60000
2.299699 44800 60000
2.337390 48000 60000
2.373769 51200 60000
2.300995 54400 60000
2.332659 57600 60000
Epoch 12
-------------------------------
2.278899     0 60000
2.322916  3200 60000
2.280270  6400 60000
2.281308  9600 60000
2.299807 12800 60000
2.276958 16000 60000
2.308255 19200 60000
2.350041 22400 60000
2.322645 25600 60000
2.296479 28800 60000
2.335135 32000 60000
2.335178 35200 60000
2.304041 38400 60000
2.290901 41600 60000
2.276665 44800 60000
2.321025 48000 60000
2.297040 51200 60000
2.323192 54400 60000
2.345707 57600 60000
