Epoch 1
-------------------------------
2.295646     0 60000
1.593551  3200 60000
1.429836  6400 60000
1.032746  9600 60000
0.952852 12800 60000
0.947362 16000 60000
1.164875 19200 60000
1.310561 22400 60000
0.761052 25600 60000
0.644018 28800 60000
0.531921 32000 60000
1.144371 35200 60000
1.170138 38400 60000
0.933369 41600 60000
1.169978 44800 60000
0.784349 48000 60000
0.872927 51200 60000
0.990622 54400 60000
0.752238 57600 60000
Epoch 2
-------------------------------
2.362848     0 60000
1.801815  3200 60000
1.724216  6400 60000
1.361201  9600 60000
1.160449 12800 60000
1.249876 16000 60000
1.780209 19200 60000
1.314394 22400 60000
1.230621 25600 60000
1.110205 28800 60000
0.933685 32000 60000
1.150841 35200 60000
0.906812 38400 60000
1.156537 41600 60000
0.974088 44800 60000
0.974342 48000 60000
0.989889 51200 60000
0.808317 54400 60000
1.083781 57600 60000
Epoch 3
-------------------------------
0.897361     0 60000
0.769001  3200 60000
0.421900  6400 60000
0.665353  9600 60000
0.759821 12800 60000
0.612210 16000 60000
0.710314 19200 60000
0.832972 22400 60000
0.848952 25600 60000
0.743805 28800 60000
0.695705 32000 60000
0.399046 35200 60000
0.781765 38400 60000
0.807942 41600 60000
1.289590 44800 60000
0.759762 48000 60000
1.156177 51200 60000
0.932537 54400 60000
0.730532 57600 60000
Epoch 4
-------------------------------
0.812082     0 60000
0.690521  3200 60000
0.878894  6400 60000
0.883697  9600 60000
0.711529 12800 60000
0.596374 16000 60000
0.562459 19200 60000
0.561331 22400 60000
0.608441 25600 60000
0.839215 28800 60000
0.820833 32000 60000
0.753348 35200 60000
0.672917 38400 60000
0.879695 41600 60000
0.662566 44800 60000
1.041416 48000 60000
0.863701 51200 60000
0.984771 54400 60000
0.840296 57600 60000
Epoch 5
-------------------------------
1.242954     0 60000
0.863750  3200 60000
0.747411  6400 60000
0.934489  9600 60000
0.820324 12800 60000
0.833212 16000 60000
1.246038 19200 60000
0.864219 22400 60000
0.483933 25600 60000
0.779155 28800 60000
0.542830 32000 60000
0.556273 35200 60000
0.810878 38400 60000
0.809474 41600 60000
0.656846 44800 60000
0.796649 48000 60000
0.707239 51200 60000
0.515558 54400 60000
0.706217 57600 60000
Epoch 6
-------------------------------
0.502918     0 60000
0.937187  3200 60000
0.902250  6400 60000
1.177561  9600 60000
1.285498 12800 60000
1.539828 16000 60000
0.972066 19200 60000
0.791108 22400 60000
0.945475 25600 60000
0.956883 28800 60000
1.123204 32000 60000
0.748717 35200 60000
0.757877 38400 60000
1.108652 41600 60000
0.840002 44800 60000
1.418982 48000 60000
0.924212 51200 60000
1.103628 54400 60000
0.635864 57600 60000
Epoch 7
-------------------------------
1.637474     0 60000
0.942949  3200 60000
0.491611  6400 60000
0.649871  9600 60000
0.976232 12800 60000
0.781548 16000 60000
1.248417 19200 60000
0.769779 22400 60000
0.599986 25600 60000
0.747016 28800 60000
0.645382 32000 60000
1.285115 35200 60000
0.785995 38400 60000
0.653875 41600 60000
0.674125 44800 60000
0.612148 48000 60000
0.451527 51200 60000
0.953562 54400 60000
1.315282 57600 60000
Epoch 8
-------------------------------
0.770691     0 60000
1.074759  3200 60000
1.771870  6400 60000
1.162233  9600 60000
1.181364 12800 60000
1.136888 16000 60000
1.112043 19200 60000
0.977684 22400 60000
1.239064 25600 60000
0.876691 28800 60000
1.384881 32000 60000
0.999553 35200 60000
1.132194 38400 60000
0.830075 41600 60000
0.680256 44800 60000
1.146433 48000 60000
0.782431 51200 60000
0.806895 54400 60000
0.641763 57600 60000
Epoch 9
-------------------------------
1.501293     0 60000
1.643508  3200 60000
0.588049  6400 60000
0.866176  9600 60000
0.664782 12800 60000
0.561543 16000 60000
0.531973 19200 60000
0.836130 22400 60000
0.687701 25600 60000
1.011427 28800 60000
0.727318 32000 60000
0.685077 35200 60000
0.752987 38400 60000
0.652577 41600 60000
0.493862 44800 60000
0.632296 48000 60000
0.336750 51200 60000
0.668965 54400 60000
0.594879 57600 60000
Epoch 10
-------------------------------
0.761684     0 60000
0.694757  3200 60000
0.558528  6400 60000
0.681824  9600 60000
0.712574 12800 60000
0.613417 16000 60000
0.655158 19200 60000
0.560008 22400 60000
0.722178 25600 60000
0.658798 28800 60000
0.587964 32000 60000
0.529531 35200 60000
0.530447 38400 60000
0.699179 41600 60000
0.516045 44800 60000
0.590573 48000 60000
0.300829 51200 60000
0.908353 54400 60000
0.565308 57600 60000
Epoch 11
-------------------------------
0.524393     0 60000
0.742664  3200 60000
0.482692  6400 60000
0.697243  9600 60000
0.527092 12800 60000
0.433663 16000 60000
0.727008 19200 60000
0.519164 22400 60000
0.736554 25600 60000
0.639224 28800 60000
1.090511 32000 60000
0.946631 35200 60000
0.451957 38400 60000
0.557147 41600 60000
0.614419 44800 60000
0.599822 48000 60000
0.435172 51200 60000
0.722495 54400 60000
0.698642 57600 60000
Epoch 12
-------------------------------
0.541405     0 60000
0.765024  3200 60000
0.364536  6400 60000
0.571787  9600 60000
0.456186 12800 60000
1.023502 16000 60000
0.644638 19200 60000
0.519427 22400 60000
0.434465 25600 60000
0.457647 28800 60000
1.007505 32000 60000
0.850966 35200 60000
0.644220 38400 60000
0.684156 41600 60000
0.512505 44800 60000
0.413330 48000 60000
0.290386 51200 60000
0.346480 54400 60000
1.833455 57600 60000
