Epoch 1
-------------------------------
2.301877     0 60000
2.318969  3200 60000
2.300439  6400 60000
2.317744  9600 60000
2.308324 12800 60000
2.313699 16000 60000
2.281152 19200 60000
2.318290 22400 60000
2.313329 25600 60000
2.314434 28800 60000
2.297547 32000 60000
2.336018 35200 60000
2.335630 38400 60000
2.295165 41600 60000
2.349163 44800 60000
2.333230 48000 60000
2.303148 51200 60000
2.365773 54400 60000
2.339147 57600 60000
Epoch 2
-------------------------------
2.299199     0 60000
2.337946  3200 60000
2.304005  6400 60000
2.312941  9600 60000
2.325417 12800 60000
2.341855 16000 60000
2.336721 19200 60000
2.302976 22400 60000
2.312482 25600 60000
2.278716 28800 60000
2.318747 32000 60000
2.311399 35200 60000
2.261852 38400 60000
2.319113 41600 60000
2.323361 44800 60000
2.391504 48000 60000
2.324977 51200 60000
2.291219 54400 60000
2.297186 57600 60000
Epoch 3
-------------------------------
2.305132     0 60000
2.348083  3200 60000
2.332404  6400 60000
2.310702  9600 60000
2.356394 12800 60000
2.312802 16000 60000
2.303333 19200 60000
2.339699 22400 60000
2.346821 25600 60000
2.300347 28800 60000
2.282789 32000 60000
2.338144 35200 60000
2.368072 38400 60000
2.254976 41600 60000
2.294711 44800 60000
2.313965 48000 60000
2.247044 51200 60000
2.294477 54400 60000
2.318863 57600 60000
Epoch 4
-------------------------------
2.310672     0 60000
2.293672  3200 60000
2.271707  6400 60000
2.334224  9600 60000
2.335350 12800 60000
2.366234 16000 60000
2.324887 19200 60000
2.312999 22400 60000
2.274338 25600 60000
2.332036 28800 60000
2.357347 32000 60000
2.309794 35200 60000
2.360267 38400 60000
2.310136 41600 60000
2.347440 44800 60000
2.298732 48000 60000
2.266683 51200 60000
2.330077 54400 60000
2.331599 57600 60000
Epoch 5
-------------------------------
2.301337     0 60000
2.291659  3200 60000
2.279043  6400 60000
2.308298  9600 60000
2.271907 12800 60000
2.366064 16000 60000
2.332812 19200 60000
2.297219 22400 60000
2.292310 25600 60000
2.319565 28800 60000
2.294739 32000 60000
2.309988 35200 60000
2.291945 38400 60000
2.297664 41600 60000
2.314175 44800 60000
2.312150 48000 60000
2.305683 51200 60000
2.298988 54400 60000
2.334191 57600 60000
Epoch 6
-------------------------------
2.342046     0 60000
2.289529  3200 60000
2.313524  6400 60000
2.318565  9600 60000
2.386002 12800 60000
2.300091 16000 60000
2.319031 19200 60000
2.325615 22400 60000
2.306953 25600 60000
2.362435 28800 60000
2.288058 32000 60000
2.290544 35200 60000
2.348788 38400 60000
2.333781 41600 60000
2.282641 44800 60000
2.310357 48000 60000
2.269876 51200 60000
2.295128 54400 60000
2.289698 57600 60000
Epoch 7
-------------------------------
2.376870     0 60000
2.337300  3200 60000
2.294985  6400 60000
2.325668  9600 60000
2.321668 12800 60000
2.313039 16000 60000
2.320446 19200 60000
2.299770 22400 60000
2.300933 25600 60000
2.277184 28800 60000
2.315176 32000 60000
2.314316 35200 60000
2.348651 38400 60000
2.266386 41600 60000
2.305134 44800 60000
2.327980 48000 60000
2.335507 51200 60000
2.295554 54400 60000
2.316931 57600 60000
Epoch 8
-------------------------------
2.325826     0 60000
2.326190  3200 60000
2.334824  6400 60000
2.313912  9600 60000
2.311737 12800 60000
2.319106 16000 60000
2.284886 19200 60000
2.308033 22400 60000
2.318705 25600 60000
2.288974 28800 60000
2.278517 32000 60000
2.312701 35200 60000
2.329448 38400 60000
2.308133 41600 60000
2.311274 44800 60000
2.327808 48000 60000
2.309485 51200 60000
2.283931 54400 60000
2.295611 57600 60000
Epoch 9
-------------------------------
2.277679     0 60000
2.302821  3200 60000
2.283631  6400 60000
2.360624  9600 60000
2.268749 12800 60000
2.344768 16000 60000
2.288198 19200 60000
2.327191 22400 60000
2.329266 25600 60000
2.322759 28800 60000
2.288758 32000 60000
2.302605 35200 60000
2.332156 38400 60000
2.398982 41600 60000
2.307487 44800 60000
2.297351 48000 60000
2.297211 51200 60000
2.373068 54400 60000
2.278821 57600 60000
Epoch 10
-------------------------------
2.322923     0 60000
2.346604  3200 60000
2.309217  6400 60000
2.243827  9600 60000
2.296649 12800 60000
2.369597 16000 60000
2.281888 19200 60000
2.330287 22400 60000
2.341992 25600 60000
2.319563 28800 60000
2.309749 32000 60000
2.297364 35200 60000
2.379363 38400 60000
2.281285 41600 60000
2.309843 44800 60000
2.314224 48000 60000
2.308072 51200 60000
2.300486 54400 60000
2.345315 57600 60000
Epoch 11
-------------------------------
2.314212     0 60000
2.304751  3200 60000
2.306740  6400 60000
2.356126  9600 60000
2.278988 12800 60000
2.295104 16000 60000
2.291818 19200 60000
2.275907 22400 60000
2.355562 25600 60000
2.335087 28800 60000
2.324100 32000 60000
2.336817 35200 60000
2.315106 38400 60000
2.313847 41600 60000
2.336380 44800 60000
2.326422 48000 60000
2.335837 51200 60000
2.307072 54400 60000
2.344496 57600 60000
Epoch 12
-------------------------------
2.332027     0 60000
2.334265  3200 60000
2.243747  6400 60000
2.368802  9600 60000
2.311987 12800 60000
2.300925 16000 60000
2.281143 19200 60000
2.293509 22400 60000
2.315364 25600 60000
2.269162 28800 60000
2.317896 32000 60000
2.403387 35200 60000
2.298343 38400 60000
2.338445 41600 60000
2.279220 44800 60000
2.305179 48000 60000
2.301054 51200 60000
2.320552 54400 60000
2.378989 57600 60000
