Epoch 1
-------------------------------
2.304943     0 60000
2.255080  3200 60000
2.332711  6400 60000
2.321935  9600 60000
2.293090 12800 60000
2.288595 16000 60000
2.332181 19200 60000
2.329589 22400 60000
2.309456 25600 60000
2.309947 28800 60000
2.379382 32000 60000
2.313386 35200 60000
2.324081 38400 60000
2.391299 41600 60000
2.307664 44800 60000
2.401555 48000 60000
2.320684 51200 60000
2.315560 54400 60000
2.371437 57600 60000
Epoch 2
-------------------------------
2.312313     0 60000
2.277349  3200 60000
2.278419  6400 60000
2.307767  9600 60000
2.314680 12800 60000
2.298612 16000 60000
2.312694 19200 60000
2.353239 22400 60000
2.353643 25600 60000
2.315776 28800 60000
2.324679 32000 60000
2.320586 35200 60000
2.380285 38400 60000
2.315622 41600 60000
2.329685 44800 60000
2.357466 48000 60000
2.287289 51200 60000
2.262757 54400 60000
2.325798 57600 60000
Epoch 3
-------------------------------
2.326333     0 60000
2.303740  3200 60000
2.291942  6400 60000
2.325486  9600 60000
2.312146 12800 60000
2.284571 16000 60000
2.294978 19200 60000
2.285906 22400 60000
2.373694 25600 60000
2.282116 28800 60000
2.301618 32000 60000
2.352285 35200 60000
2.318510 38400 60000
2.306316 41600 60000
2.321235 44800 60000
2.314184 48000 60000
2.352170 51200 60000
2.313929 54400 60000
2.312061 57600 60000
Epoch 4
-------------------------------
2.324892     0 60000
2.312832  3200 60000
2.382798  6400 60000
2.301520  9600 60000
2.287737 12800 60000
2.283950 16000 60000
2.356944 19200 60000
2.295216 22400 60000
2.322406 25600 60000
2.224322 28800 60000
2.304809 32000 60000
2.325177 35200 60000
2.299144 38400 60000
2.337379 41600 60000
2.342448 44800 60000
2.290957 48000 60000
2.281649 51200 60000
2.307033 54400 60000
2.332285 57600 60000
Epoch 5
-------------------------------
2.298634     0 60000
2.310896  3200 60000
2.265905  6400 60000
2.339289  9600 60000
2.311266 12800 60000
2.273809 16000 60000
2.267515 19200 60000
2.309162 22400 60000
2.292208 25600 60000
2.307420 28800 60000
2.330108 32000 60000
2.255515 35200 60000
2.341111 38400 60000
2.333003 41600 60000
2.282274 44800 60000
2.285252 48000 60000
2.323270 51200 60000
2.299658 54400 60000
2.310211 57600 60000
Epoch 6
-------------------------------
2.255244     0 60000
2.381686  3200 60000
2.319269  6400 60000
2.260721  9600 60000
2.346653 12800 60000
2.332157 16000 60000
2.350755 19200 60000
2.269555 22400 60000
2.318273 25600 60000
2.292799 28800 60000
2.275765 32000 60000
2.296435 35200 60000
2.337638 38400 60000
2.276042 41600 60000
2.283579 44800 60000
2.335039 48000 60000
2.287088 51200 60000
2.266987 54400 60000
2.311383 57600 60000
Epoch 7
-------------------------------
2.272175     0 60000
2.344347  3200 60000
2.330415  6400 60000
2.337955  9600 60000
2.319593 12800 60000
2.320720 16000 60000
2.275973 19200 60000
2.323607 22400 60000
2.326533 25600 60000
2.296062 28800 60000
2.309907 32000 60000
2.324339 35200 60000
2.295441 38400 60000
2.349540 41600 60000
2.342631 44800 60000
2.327458 48000 60000
2.311972 51200 60000
2.360082 54400 60000
2.307100 57600 60000
Epoch 8
-------------------------------
2.309253     0 60000
2.317166  3200 60000
2.307871  6400 60000
2.302301  9600 60000
2.298769 12800 60000
2.320224 16000 60000
2.260877 19200 60000
2.320387 22400 60000
2.329801 25600 60000
2.238668 28800 60000
2.290517 32000 60000
2.310158 35200 60000
2.363720 38400 60000
2.330427 41600 60000
2.289038 44800 60000
2.276683 48000 60000
2.303350 51200 60000
2.276783 54400 60000
2.295857 57600 60000
Epoch 9
-------------------------------
2.299860     0 60000
2.291361  3200 60000
2.354207  6400 60000
2.288210  9600 60000
2.300140 12800 60000
2.334705 16000 60000
2.336977 19200 60000
2.321279 22400 60000
2.367935 25600 60000
2.321675 28800 60000
2.322948 32000 60000
2.318451 35200 60000
2.318867 38400 60000
2.293536 41600 60000
2.291150 44800 60000
2.302809 48000 60000
2.316164 51200 60000
2.308935 54400 60000
2.289776 57600 60000
Epoch 10
-------------------------------
2.320161     0 60000
2.285061  3200 60000
2.232388  6400 60000
2.406653  9600 60000
2.305805 12800 60000
2.282769 16000 60000
2.353241 19200 60000
2.320607 22400 60000
2.286294 25600 60000
2.301816 28800 60000
2.295316 32000 60000
2.324715 35200 60000
2.324694 38400 60000
2.289175 41600 60000
2.347035 44800 60000
2.272686 48000 60000
2.364397 51200 60000
2.292697 54400 60000
2.358020 57600 60000
Epoch 11
-------------------------------
2.329254     0 60000
2.280208  3200 60000
2.349154  6400 60000
2.331234  9600 60000
2.265017 12800 60000
2.239110 16000 60000
2.300331 19200 60000
2.307360 22400 60000
2.239247 25600 60000
2.304286 28800 60000
2.305372 32000 60000
2.300437 35200 60000
2.278465 38400 60000
2.329939 41600 60000
2.252440 44800 60000
2.306663 48000 60000
2.306086 51200 60000
2.285482 54400 60000
2.333428 57600 60000
Epoch 12
-------------------------------
2.300698     0 60000
2.355743  3200 60000
2.296640  6400 60000
2.283614  9600 60000
2.285809 12800 60000
2.332870 16000 60000
2.365207 19200 60000
2.307204 22400 60000
2.326733 25600 60000
2.338222 28800 60000
2.321537 32000 60000
2.342266 35200 60000
2.302762 38400 60000
2.331199 41600 60000
2.316573 44800 60000
2.329853 48000 60000
2.331342 51200 60000
2.301167 54400 60000
2.340922 57600 60000
