Epoch 1
-------------------------------
2.307812     0 60000
1.031727  3200 60000
0.849889  6400 60000
0.310168  9600 60000
0.507319 12800 60000
0.351758 16000 60000
0.493438 19200 60000
0.432009 22400 60000
0.424531 25600 60000
0.659744 28800 60000
0.450224 32000 60000
0.564427 35200 60000
0.353139 38400 60000
0.564078 41600 60000
0.538973 44800 60000
0.576595 48000 60000
0.149534 51200 60000
0.429664 54400 60000
0.521969 57600 60000
Epoch 2
-------------------------------
0.503555     0 60000
0.269512  3200 60000
0.343480  6400 60000
0.495046  9600 60000
0.437302 12800 60000
0.299760 16000 60000
0.455680 19200 60000
0.453783 22400 60000
0.425426 25600 60000
0.317596 28800 60000
0.428392 32000 60000
0.290172 35200 60000
0.222817 38400 60000
0.227704 41600 60000
0.207057 44800 60000
0.251985 48000 60000
0.244193 51200 60000
0.534644 54400 60000
0.333787 57600 60000
Epoch 3
-------------------------------
0.559338     0 60000
0.357843  3200 60000
0.321214  6400 60000
0.419545  9600 60000
0.369159 12800 60000
0.288057 16000 60000
0.267410 19200 60000
0.396460 22400 60000
0.120341 25600 60000
0.441768 28800 60000
0.151024 32000 60000
0.647747 35200 60000
0.193907 38400 60000
0.212680 41600 60000
0.461513 44800 60000
0.339647 48000 60000
0.315107 51200 60000
0.142139 54400 60000
0.233689 57600 60000
Epoch 4
-------------------------------
0.382830     0 60000
0.218919  3200 60000
0.298889  6400 60000
0.470717  9600 60000
0.142932 12800 60000
0.372202 16000 60000
0.144221 19200 60000
0.352797 22400 60000
0.098629 25600 60000
0.294637 28800 60000
0.189360 32000 60000
0.286917 35200 60000
0.288514 38400 60000
0.530274 41600 60000
0.140016 44800 60000
0.244627 48000 60000
0.511611 51200 60000
0.256059 54400 60000
0.184873 57600 60000
Epoch 5
-------------------------------
0.305010     0 60000
0.248950  3200 60000
0.204333  6400 60000
0.212857  9600 60000
0.331537 12800 60000
0.252987 16000 60000
0.400336 19200 60000
0.383678 22400 60000
0.232973 25600 60000
0.318681 28800 60000
0.318659 32000 60000
0.165172 35200 60000
0.248106 38400 60000
0.679182 41600 60000
0.769005 44800 60000
0.589695 48000 60000
0.214541 51200 60000
0.199278 54400 60000
0.292697 57600 60000
Epoch 6
-------------------------------
0.282154     0 60000
0.071001  3200 60000
0.232856  6400 60000
0.211830  9600 60000
0.230145 12800 60000
0.521773 16000 60000
0.243850 19200 60000
0.121446 22400 60000
0.190024 25600 60000
0.262700 28800 60000
0.317289 32000 60000
0.429271 35200 60000
0.344407 38400 60000
0.335371 41600 60000
0.281332 44800 60000
0.173981 48000 60000
0.240345 51200 60000
0.380761 54400 60000
0.568853 57600 60000
Epoch 7
-------------------------------
0.349856     0 60000
0.214262  3200 60000
0.289572  6400 60000
0.218836  9600 60000
0.247925 12800 60000
0.265663 16000 60000
0.163652 19200 60000
0.095600 22400 60000
0.328097 25600 60000
0.411404 28800 60000
0.204877 32000 60000
0.162625 35200 60000
0.131076 38400 60000
0.203456 41600 60000
0.281640 44800 60000
0.192704 48000 60000
0.359549 51200 60000
0.374654 54400 60000
0.307920 57600 60000
Epoch 8
-------------------------------
0.208683     0 60000
0.390696  3200 60000
0.151947  6400 60000
0.391438  9600 60000
0.207108 12800 60000
0.187864 16000 60000
0.150327 19200 60000
0.141446 22400 60000
0.337396 25600 60000
0.353675 28800 60000
0.324832 32000 60000
0.089037 35200 60000
0.468692 38400 60000
0.084179 41600 60000
0.514800 44800 60000
0.187722 48000 60000
0.164346 51200 60000
0.282065 54400 60000
0.235216 57600 60000
Epoch 9
-------------------------------
0.187846     0 60000
0.101174  3200 60000
0.110811  6400 60000
0.244700  9600 60000
0.259698 12800 60000
0.194736 16000 60000
0.271860 19200 60000
0.383066 22400 60000
0.216000 25600 60000
0.189500 28800 60000
0.463556 32000 60000
0.172981 35200 60000
0.173029 38400 60000
0.316881 41600 60000
0.219174 44800 60000
0.333342 48000 60000
0.319790 51200 60000
0.214640 54400 60000
0.166208 57600 60000
Epoch 10
-------------------------------
0.129274     0 60000
0.141028  3200 60000
0.265297  6400 60000
0.621504  9600 60000
0.155925 12800 60000
0.149571 16000 60000
0.286805 19200 60000
0.319495 22400 60000
0.274428 25600 60000
0.278395 28800 60000
0.271388 32000 60000
0.054898 35200 60000
0.227305 38400 60000
0.105975 41600 60000
0.475249 44800 60000
0.084589 48000 60000
0.169535 51200 60000
0.073746 54400 60000
0.221117 57600 60000
Epoch 11
-------------------------------
0.189860     0 60000
0.200614  3200 60000
0.199217  6400 60000
0.283835  9600 60000
0.325911 12800 60000
0.410290 16000 60000
0.173396 19200 60000
0.048769 22400 60000
0.117987 25600 60000
0.292444 28800 60000
0.160656 32000 60000
0.189914 35200 60000
0.110026 38400 60000
0.185242 41600 60000
0.166333 44800 60000
0.207638 48000 60000
0.061703 51200 60000
0.148935 54400 60000
0.146733 57600 60000
Epoch 12
-------------------------------
0.130292     0 60000
0.191817  3200 60000
0.142331  6400 60000
0.158266  9600 60000
0.101209 12800 60000
0.152320 16000 60000
0.192172 19200 60000
0.193157 22400 60000
0.178891 25600 60000
0.124797 28800 60000
0.099993 32000 60000
0.132119 35200 60000
0.050236 38400 60000
0.054786 41600 60000
0.365780 44800 60000
0.221776 48000 60000
0.156013 51200 60000
0.162205 54400 60000
0.498386 57600 60000
