Epoch 1
-------------------------------
0.304626     0 60000
2.224830  3200 60000
2.319842  6400 60000
2.343273  9600 60000
2.338813 12800 60000
2.293366 16000 60000
2.340100 19200 60000
2.335952 22400 60000
2.290325 25600 60000
2.317969 28800 60000
2.303638 32000 60000
2.328797 35200 60000
2.314383 38400 60000
2.309760 41600 60000
2.300285 44800 60000
2.323450 48000 60000
2.319764 51200 60000
2.290196 54400 60000
2.309469 57600 60000
Epoch 2
-------------------------------
2.337798     0 60000
2.283092  3200 60000
2.326749  6400 60000
2.330169  9600 60000
2.294054 12800 60000
2.290645 16000 60000
2.331855 19200 60000
2.315496 22400 60000
2.309185 25600 60000
2.303683 28800 60000
2.372475 32000 60000
2.328333 35200 60000
2.365058 38400 60000
2.306427 41600 60000
2.289481 44800 60000
2.292612 48000 60000
2.344737 51200 60000
2.343857 54400 60000
2.306759 57600 60000
Epoch 3
-------------------------------
2.385365     0 60000
2.343132  3200 60000
2.298903  6400 60000
2.329715  9600 60000
2.333498 12800 60000
2.204340 16000 60000
2.319918 19200 60000
2.251935 22400 60000
2.305583 25600 60000
2.342483 28800 60000
2.281986 32000 60000
2.301431 35200 60000
2.299886 38400 60000
2.326045 41600 60000
2.330215 44800 60000
2.336739 48000 60000
2.360373 51200 60000
2.275728 54400 60000
2.297148 57600 60000
Epoch 4
-------------------------------
2.307919     0 60000
2.296097  3200 60000
2.321090  6400 60000
2.348087  9600 60000
2.352721 12800 60000
2.308308 16000 60000
2.276405 19200 60000
2.337943 22400 60000
2.320035 25600 60000
2.290857 28800 60000
2.279337 32000 60000
2.286904 35200 60000
2.336152 38400 60000
2.330014 41600 60000
2.318547 44800 60000
2.331417 48000 60000
2.279884 51200 60000
2.316907 54400 60000
2.360078 57600 60000
Epoch 5
-------------------------------
2.299419     0 60000
2.277882  3200 60000
2.313674  6400 60000
2.357849  9600 60000
2.310662 12800 60000
2.295837 16000 60000
2.325548 19200 60000
2.332911 22400 60000
2.301807 25600 60000
2.346917 28800 60000
2.300376 32000 60000
2.324228 35200 60000
2.320688 38400 60000
2.340808 41600 60000
2.280023 44800 60000
2.316212 48000 60000
2.311438 51200 60000
2.334293 54400 60000
2.371926 57600 60000
Epoch 6
-------------------------------
2.339677     0 60000
2.341018  3200 60000
2.307840  6400 60000
2.376774  9600 60000
2.280704 12800 60000
2.318066 16000 60000
2.302515 19200 60000
2.317869 22400 60000
2.291787 25600 60000
2.278398 28800 60000
2.278098 32000 60000
2.286199 35200 60000
2.286668 38400 60000
2.301092 41600 60000
2.336506 44800 60000
2.344876 48000 60000
2.305065 51200 60000
2.335838 54400 60000
2.305252 57600 60000
Epoch 7
-------------------------------
2.327654     0 60000
2.272719  3200 60000
2.350519  6400 60000
2.372031  9600 60000
2.314413 12800 60000
2.319387 16000 60000
2.250025 19200 60000
2.318305 22400 60000
2.246546 25600 60000
2.299493 28800 60000
2.346850 32000 60000
2.300335 35200 60000
2.345691 38400 60000
2.326488 41600 60000
2.313954 44800 60000
2.379417 48000 60000
2.369168 51200 60000
2.334575 54400 60000
2.323354 57600 60000
Epoch 8
-------------------------------
2.322684     0 60000
2.304057  3200 60000
2.325085  6400 60000
2.295128  9600 60000
2.329482 12800 60000
2.301944 16000 60000
2.297638 19200 60000
2.302251 22400 60000
2.361388 25600 60000
2.300586 28800 60000
2.343069 32000 60000
2.341113 35200 60000
2.326192 38400 60000
2.396101 41600 60000
2.308540 44800 60000
2.356961 48000 60000
2.351087 51200 60000
2.292707 54400 60000
2.315018 57600 60000
Epoch 9
-------------------------------
2.301388     0 60000
2.361454  3200 60000
2.297959  6400 60000
2.310399  9600 60000
2.337453 12800 60000
2.321753 16000 60000
2.327492 19200 60000
2.351676 22400 60000
2.316376 25600 60000
2.295848 28800 60000
2.332246 32000 60000
2.302120 35200 60000
2.270031 38400 60000
2.325032 41600 60000
2.305182 44800 60000
2.292693 48000 60000
2.296162 51200 60000
2.308249 54400 60000
2.309677 57600 60000
Epoch 10
-------------------------------
2.297920     0 60000
2.346571  3200 60000
2.327743  6400 60000
2.331123  9600 60000
2.273395 12800 60000
2.296732 16000 60000
2.266174 19200 60000
2.318623 22400 60000
2.280081 25600 60000
2.304357 28800 60000
2.336143 32000 60000
2.304468 35200 60000
2.322005 38400 60000
2.280391 41600 60000
2.253512 44800 60000
2.258427 48000 60000
2.300788 51200 60000
2.305070 54400 60000
2.336712 57600 60000
Epoch 11
-------------------------------
2.304803     0 60000
2.317146  3200 60000
2.312289  6400 60000
2.341396  9600 60000
2.322938 12800 60000
2.350151 16000 60000
2.272614 19200 60000
2.322320 22400 60000
2.309179 25600 60000
2.273121 28800 60000
2.298443 32000 60000
2.331776 35200 60000
2.322675 38400 60000
2.304734 41600 60000
2.284134 44800 60000
2.291586 48000 60000
2.315068 51200 60000
2.322365 54400 60000
2.299058 57600 60000
Epoch 12
-------------------------------
2.332363     0 60000
2.379593  3200 60000
2.353657  6400 60000
2.297536  9600 60000
2.301399 12800 60000
2.326485 16000 60000
2.284306 19200 60000
2.291151 22400 60000
2.311825 25600 60000
2.315548 28800 60000
2.285662 32000 60000
2.306769 35200 60000
2.365012 38400 60000
2.309235 41600 60000
2.317950 44800 60000
2.302024 48000 60000
2.332952 51200 60000
2.305515 54400 60000
2.268130 57600 60000
