Epoch 1
-------------------------------
2.308408     0 60000
1.439548  3200 60000
0.732439  6400 60000
0.703235  9600 60000
1.454753 12800 60000
0.685578 16000 60000
1.270836 19200 60000
0.682822 22400 60000
0.588991 25600 60000
0.505260 28800 60000
0.693248 32000 60000
0.814689 35200 60000
0.518160 38400 60000
0.533920 41600 60000
0.627050 44800 60000
0.707926 48000 60000
0.490201 51200 60000
0.348963 54400 60000
0.504936 57600 60000
Epoch 2
-------------------------------
0.632452     0 60000
0.373322  3200 60000
0.521710  6400 60000
0.687123  9600 60000
0.278830 12800 60000
0.442672 16000 60000
0.494974 19200 60000
0.517467 22400 60000
0.427139 25600 60000
0.220052 28800 60000
0.365112 32000 60000
0.666449 35200 60000
0.413097 38400 60000
0.347467 41600 60000
0.454560 44800 60000
0.178648 48000 60000
0.320004 51200 60000
0.351742 54400 60000
0.692754 57600 60000
Epoch 3
-------------------------------
0.391806     0 60000
0.382020  3200 60000
0.416837  6400 60000
0.508953  9600 60000
0.266593 12800 60000
0.323148 16000 60000
0.315425 19200 60000
0.275062 22400 60000
0.597446 25600 60000
0.478656 28800 60000
0.428285 32000 60000
0.348220 35200 60000
0.219684 38400 60000
0.402891 41600 60000
0.405473 44800 60000
0.469711 48000 60000
0.534463 51200 60000
0.289419 54400 60000
0.311865 57600 60000
Epoch 4
-------------------------------
0.214494     0 60000
0.210011  3200 60000
0.424298  6400 60000
0.605260  9600 60000
0.289566 12800 60000
0.324463 16000 60000
0.548138 19200 60000
0.177058 22400 60000
0.271263 25600 60000
0.322725 28800 60000
0.417470 32000 60000
0.208454 35200 60000
0.377870 38400 60000
0.544619 41600 60000
0.415215 44800 60000
0.245861 48000 60000
0.545048 51200 60000
0.226227 54400 60000
0.154939 57600 60000
Epoch 5
-------------------------------
0.341997     0 60000
0.462894  3200 60000
0.554455  6400 60000
0.333187  9600 60000
0.405686 12800 60000
0.096440 16000 60000
0.499677 19200 60000
0.350510 22400 60000
0.246167 25600 60000
0.288742 28800 60000
0.206845 32000 60000
0.354830 35200 60000
0.380353 38400 60000
0.528414 41600 60000
0.499780 44800 60000
0.534133 48000 60000
0.356099 51200 60000
0.421473 54400 60000
0.232376 57600 60000
Epoch 6
-------------------------------
0.343396     0 60000
0.350814  3200 60000
0.476074  6400 60000
0.492908  9600 60000
0.350117 12800 60000
0.379469 16000 60000
0.399169 19200 60000
0.374830 22400 60000
0.413813 25600 60000
0.339467 28800 60000
0.199006 32000 60000
0.351781 35200 60000
0.262548 38400 60000
0.272933 41600 60000
0.456733 44800 60000
0.530098 48000 60000
0.194537 51200 60000
0.743641 54400 60000
0.267671 57600 60000
Epoch 7
-------------------------------
0.226484     0 60000
0.334364  3200 60000
0.378274  6400 60000
0.331827  9600 60000
0.276665 12800 60000
0.776530 16000 60000
0.153508 19200 60000
0.153603 22400 60000
0.456485 25600 60000
0.462941 28800 60000
0.147293 32000 60000
0.501685 35200 60000
0.306310 38400 60000
0.625354 41600 60000
0.263601 44800 60000
0.418249 48000 60000
0.238341 51200 60000
0.467437 54400 60000
0.547586 57600 60000
Epoch 8
-------------------------------
0.224598     0 60000
0.224145  3200 60000
0.257655  6400 60000
0.552549  9600 60000
0.409602 12800 60000
0.303997 16000 60000
0.431268 19200 60000
0.124913 22400 60000
0.216331 25600 60000
0.149577 28800 60000
0.366569 32000 60000
0.259780 35200 60000
0.266268 38400 60000
0.305909 41600 60000
0.442354 44800 60000
0.400266 48000 60000
0.243155 51200 60000
0.441644 54400 60000
0.236117 57600 60000
Epoch 9
-------------------------------
0.180137     0 60000
0.327521  3200 60000
0.416170  6400 60000
0.298752  9600 60000
0.476821 12800 60000
0.336966 16000 60000
0.356060 19200 60000
0.051284 22400 60000
0.299260 25600 60000
0.400230 28800 60000
0.361650 32000 60000
0.267408 35200 60000
0.425845 38400 60000
0.404464 41600 60000
0.494985 44800 60000
0.463768 48000 60000
0.197019 51200 60000
0.200908 54400 60000
0.253622 57600 60000
Epoch 10
-------------------------------
0.236800     0 60000
0.269505  3200 60000
0.267675  6400 60000
0.201438  9600 60000
0.257651 12800 60000
0.169274 16000 60000
0.319823 19200 60000
0.191971 22400 60000
0.357150 25600 60000
0.344852 28800 60000
0.655797 32000 60000
0.554343 35200 60000
0.243227 38400 60000
0.344588 41600 60000
0.582383 44800 60000
0.565256 48000 60000
0.306768 51200 60000
0.335190 54400 60000
0.482519 57600 60000
Epoch 11
-------------------------------
0.291655     0 60000
0.215365  3200 60000
0.435547  6400 60000
0.571419  9600 60000
0.348080 12800 60000
0.345471 16000 60000
0.363056 19200 60000
0.266172 22400 60000
0.254912 25600 60000
0.169255 28800 60000
0.280678 32000 60000
0.294691 35200 60000
0.106562 38400 60000
0.205689 41600 60000
0.595179 44800 60000
0.317230 48000 60000
0.234186 51200 60000
0.240458 54400 60000
0.500108 57600 60000
Epoch 12
-------------------------------
0.180540     0 60000
0.126743  3200 60000
0.218130  6400 60000
0.418316  9600 60000
0.422981 12800 60000
0.088040 16000 60000
0.380841 19200 60000
0.533738 22400 60000
0.302501 25600 60000
0.670229 28800 60000
0.422268 32000 60000
0.253016 35200 60000
0.327596 38400 60000
0.194083 41600 60000
0.428811 44800 60000
0.260921 48000 60000
0.260036 51200 60000
0.278366 54400 60000
0.185197 57600 60000
