Epoch 1
-------------------------------
2.314594     0 60000
0.407729  3200 60000
0.560201  6400 60000
0.520700  9600 60000
0.489284 12800 60000
0.856690 16000 60000
0.507140 19200 60000
0.403620 22400 60000
0.620770 25600 60000
0.341957 28800 60000
0.383328 32000 60000
0.408556 35200 60000
0.184347 38400 60000
0.255628 41600 60000
0.623284 44800 60000
0.337112 48000 60000
0.665081 51200 60000
0.299169 54400 60000
0.251032 57600 60000
Epoch 2
-------------------------------
0.591372     0 60000
0.447734  3200 60000
0.749337  6400 60000
0.116729  9600 60000
0.585016 12800 60000
0.517944 16000 60000
0.366669 19200 60000
0.301608 22400 60000
0.241047 25600 60000
0.298985 28800 60000
0.213628 32000 60000
0.529033 35200 60000
0.258008 38400 60000
0.321921 41600 60000
0.392390 44800 60000
0.215281 48000 60000
0.490260 51200 60000
0.309873 54400 60000
0.352530 57600 60000
Epoch 3
-------------------------------
0.257264     0 60000
0.293864  3200 60000
0.364262  6400 60000
0.383514  9600 60000
0.312693 12800 60000
0.291273 16000 60000
0.346789 19200 60000
0.465546 22400 60000
0.258703 25600 60000
0.438119 28800 60000
0.395376 32000 60000
0.496303 35200 60000
0.310335 38400 60000
0.176846 41600 60000
0.394609 44800 60000
0.234550 48000 60000
0.307209 51200 60000
0.401384 54400 60000
0.321483 57600 60000
Epoch 4
-------------------------------
0.211100     0 60000
0.352784  3200 60000
0.535032  6400 60000
0.100498  9600 60000
0.344043 12800 60000
0.264988 16000 60000
0.263120 19200 60000
0.231909 22400 60000
0.186268 25600 60000
0.341630 28800 60000
0.275900 32000 60000
0.567666 35200 60000
0.175271 38400 60000
0.153608 41600 60000
0.322105 44800 60000
0.259682 48000 60000
0.307234 51200 60000
0.443291 54400 60000
0.285824 57600 60000
Epoch 5
-------------------------------
0.360323     0 60000
0.258327  3200 60000
0.271299  6400 60000
0.431501  9600 60000
0.286302 12800 60000
0.187056 16000 60000
0.196946 19200 60000
0.514288 22400 60000
0.087215 25600 60000
0.445032 28800 60000
0.133025 32000 60000
0.138345 35200 60000
0.386143 38400 60000
0.239173 41600 60000
0.137185 44800 60000
0.477403 48000 60000
0.929405 51200 60000
0.279636 54400 60000
0.262579 57600 60000
Epoch 6
-------------------------------
0.347930     0 60000
0.209801  3200 60000
0.614169  6400 60000
0.147375  9600 60000
0.177096 12800 60000
0.118478 16000 60000
0.369094 19200 60000
0.335669 22400 60000
0.247731 25600 60000
0.259564 28800 60000
0.192646 32000 60000
0.158074 35200 60000
0.218888 38400 60000
0.116010 41600 60000
0.103653 44800 60000
0.323619 48000 60000
0.139528 51200 60000
0.201382 54400 60000
0.306734 57600 60000
Epoch 7
-------------------------------
0.098260     0 60000
0.266854  3200 60000
0.208700  6400 60000
0.486097  9600 60000
0.239626 12800 60000
0.123773 16000 60000
0.301209 19200 60000
0.335456 22400 60000
0.277231 25600 60000
0.151403 28800 60000
0.146467 32000 60000
0.298989 35200 60000
0.335516 38400 60000
0.252402 41600 60000
0.168468 44800 60000
0.269146 48000 60000
0.264385 51200 60000
0.343821 54400 60000
0.286976 57600 60000
Epoch 8
-------------------------------
0.266592     0 60000
0.401188  3200 60000
0.286959  6400 60000
0.291446  9600 60000
0.203746 12800 60000
0.309218 16000 60000
0.160970 19200 60000
0.148092 22400 60000
0.104877 25600 60000
0.150716 28800 60000
0.261914 32000 60000
0.668473 35200 60000
0.143469 38400 60000
0.047937 41600 60000
0.181758 44800 60000
0.230536 48000 60000
0.225851 51200 60000
0.346942 54400 60000
0.191932 57600 60000
Epoch 9
-------------------------------
0.197387     0 60000
0.134193  3200 60000
0.161147  6400 60000
0.263496  9600 60000
0.196338 12800 60000
0.324246 16000 60000
0.200988 19200 60000
0.309482 22400 60000
0.116468 25600 60000
0.200676 28800 60000
0.083395 32000 60000
0.269893 35200 60000
0.189724 38400 60000
0.356768 41600 60000
0.140099 44800 60000
0.225440 48000 60000
0.280321 51200 60000
0.144342 54400 60000
0.102572 57600 60000
Epoch 10
-------------------------------
0.247932     0 60000
0.341568  3200 60000
0.296063  6400 60000
0.211896  9600 60000
0.171003 12800 60000
0.255456 16000 60000
0.318673 19200 60000
0.331279 22400 60000
0.042220 25600 60000
0.460036 28800 60000
0.366380 32000 60000
0.127625 35200 60000
0.189518 38400 60000
0.540425 41600 60000
0.186149 44800 60000
0.151251 48000 60000
0.265977 51200 60000
0.125050 54400 60000
0.186411 57600 60000
Epoch 11
-------------------------------
0.112587     0 60000
0.191034  3200 60000
0.389202  6400 60000
0.028167  9600 60000
0.173078 12800 60000
0.108302 16000 60000
0.140775 19200 60000
0.149880 22400 60000
0.098699 25600 60000
0.322467 28800 60000
0.214381 32000 60000
0.340725 35200 60000
0.203437 38400 60000
0.202031 41600 60000
0.241710 44800 60000
0.179851 48000 60000
0.722034 51200 60000
0.227248 54400 60000
0.206257 57600 60000
Epoch 12
-------------------------------
0.154136     0 60000
0.244184  3200 60000
0.331705  6400 60000
0.040834  9600 60000
0.049101 12800 60000
0.293810 16000 60000
0.092696 19200 60000
0.104455 22400 60000
0.142008 25600 60000
0.258754 28800 60000
0.199480 32000 60000
0.151756 35200 60000
0.200700 38400 60000
0.128385 41600 60000
0.215256 44800 60000
0.397374 48000 60000
0.258144 51200 60000
0.328527 54400 60000
0.202243 57600 60000
