Epoch 1
-------------------------------
0.229925     0 60000
2.011351  3200 60000
0.757715  6400 60000
0.515075  9600 60000
0.906347 12800 60000
0.607492 16000 60000
1.021940 19200 60000
0.553517 22400 60000
1.252730 25600 60000
1.113366 28800 60000
1.115802 32000 60000
0.654784 35200 60000
1.104295 38400 60000
0.904503 41600 60000
0.779450 44800 60000
0.727881 48000 60000
1.065364 51200 60000
0.695831 54400 60000
1.147007 57600 60000
Epoch 2
-------------------------------
1.122372     0 60000
1.099455  3200 60000
1.185233  6400 60000
0.951070  9600 60000
1.209565 12800 60000
1.183914 16000 60000
0.939224 19200 60000
0.826584 22400 60000
1.178784 25600 60000
0.866975 28800 60000
0.987502 32000 60000
0.780034 35200 60000
1.056200 38400 60000
0.819077 41600 60000
0.789774 44800 60000
1.953307 48000 60000
1.955399 51200 60000
1.762264 54400 60000
1.301622 57600 60000
Epoch 3
-------------------------------
1.348769     0 60000
1.364767  3200 60000
1.292270  6400 60000
1.499035  9600 60000
1.711312 12800 60000
1.657493 16000 60000
1.676733 19200 60000
1.451575 22400 60000
1.272563 25600 60000
1.333334 28800 60000
1.748078 32000 60000
1.306029 35200 60000
1.622403 38400 60000
1.293650 41600 60000
1.394156 44800 60000
1.555142 48000 60000
1.105254 51200 60000
1.444506 54400 60000
2.874399 57600 60000
Epoch 4
-------------------------------
2.250542     0 60000
2.341153  3200 60000
2.340781  6400 60000
2.306263  9600 60000
2.290977 12800 60000
2.284801 16000 60000
2.294528 19200 60000
2.320226 22400 60000
2.311018 25600 60000
2.288380 28800 60000
2.309452 32000 60000
2.324527 35200 60000
2.304901 38400 60000
2.331972 41600 60000
2.288919 44800 60000
2.269923 48000 60000
2.306642 51200 60000
2.303814 54400 60000
2.276198 57600 60000
Epoch 5
-------------------------------
2.313928     0 60000
2.309446  3200 60000
2.319124  6400 60000
2.310168  9600 60000
2.310695 12800 60000
2.296735 16000 60000
2.323789 19200 60000
2.323063 22400 60000
2.299474 25600 60000
2.299845 28800 60000
2.311163 32000 60000
2.287241 35200 60000
2.342290 38400 60000
2.331362 41600 60000
2.315393 44800 60000
2.286067 48000 60000
2.318289 51200 60000
2.292080 54400 60000
2.308790 57600 60000
Epoch 6
-------------------------------
2.296071     0 60000
2.290724  3200 60000
2.311363  6400 60000
2.333535  9600 60000
2.326090 12800 60000
2.315700 16000 60000
2.275048 19200 60000
2.286272 22400 60000
2.313740 25600 60000
2.326324 28800 60000
2.308096 32000 60000
2.336052 35200 60000
2.317495 38400 60000
2.315227 41600 60000
2.280222 44800 60000
2.308994 48000 60000
2.290013 51200 60000
2.300290 54400 60000
2.332975 57600 60000
Epoch 7
-------------------------------
2.346714     0 60000
2.315956  3200 60000
2.316168  6400 60000
2.272137  9600 60000
2.315153 12800 60000
2.328977 16000 60000
2.305043 19200 60000
2.324800 22400 60000
2.298232 25600 60000
2.345356 28800 60000
2.344791 32000 60000
2.318661 35200 60000
2.315557 38400 60000
2.313201 41600 60000
2.311570 44800 60000
2.277762 48000 60000
2.321150 51200 60000
2.297360 54400 60000
2.345348 57600 60000
Epoch 8
-------------------------------
2.328852     0 60000
2.305869  3200 60000
2.288902  6400 60000
2.346237  9600 60000
2.268558 12800 60000
2.326581 16000 60000
2.301482 19200 60000
2.316034 22400 60000
2.302482 25600 60000
2.318173 28800 60000
2.305994 32000 60000
2.293195 35200 60000
2.310380 38400 60000
2.306684 41600 60000
2.305316 44800 60000
2.299624 48000 60000
2.333182 51200 60000
2.309745 54400 60000
2.342733 57600 60000
Epoch 9
-------------------------------
2.296417     0 60000
2.300512  3200 60000
2.301651  6400 60000
2.296150  9600 60000
2.308497 12800 60000
2.295137 16000 60000
2.331722 19200 60000
2.297818 22400 60000
2.288735 25600 60000
2.293361 28800 60000
2.315547 32000 60000
2.309150 35200 60000
2.311100 38400 60000
2.303640 41600 60000
2.276911 44800 60000
2.320965 48000 60000
2.313905 51200 60000
2.311888 54400 60000
2.298440 57600 60000
Epoch 10
-------------------------------
2.262835     0 60000
2.313210  3200 60000
2.271834  6400 60000
2.295834  9600 60000
2.341123 12800 60000
2.313014 16000 60000
2.275071 19200 60000
2.298506 22400 60000
2.292747 25600 60000
2.305677 28800 60000
2.308898 32000 60000
2.313767 35200 60000
2.297088 38400 60000
2.292826 41600 60000
2.293962 44800 60000
2.318122 48000 60000
2.290572 51200 60000
2.305597 54400 60000
2.331232 57600 60000
Epoch 11
-------------------------------
2.298243     0 60000
2.352477  3200 60000
2.321134  6400 60000
2.284988  9600 60000
2.338803 12800 60000
2.292992 16000 60000
2.309220 19200 60000
2.310735 22400 60000
2.280808 25600 60000
2.303589 28800 60000
2.297262 32000 60000
2.329080 35200 60000
2.313936 38400 60000
2.311195 41600 60000
2.283956 44800 60000
2.313403 48000 60000
2.311881 51200 60000
2.293152 54400 60000
2.323494 57600 60000
Epoch 12
-------------------------------
2.304344     0 60000
2.279502  3200 60000
2.325062  6400 60000
2.313009  9600 60000
2.291926 12800 60000
2.280622 16000 60000
2.317105 19200 60000
2.287751 22400 60000
2.309643 25600 60000
2.309775 28800 60000
2.322590 32000 60000
2.281184 35200 60000
2.315241 38400 60000
2.283136 41600 60000
2.297824 44800 60000
2.326338 48000 60000
2.295978 51200 60000
2.306886 54400 60000
2.307009 57600 60000
