Epoch 1
-------------------------------
0.217813     0 60000
0.676441  3200 60000
0.835982  6400 60000
0.437711  9600 60000
0.752053 12800 60000
0.496707 16000 60000
0.830896 19200 60000
0.716345 22400 60000
0.821156 25600 60000
0.555286 28800 60000
0.677823 32000 60000
0.614244 35200 60000
0.668053 38400 60000
0.598589 41600 60000
0.703368 44800 60000
1.521704 48000 60000
0.473030 51200 60000
0.750824 54400 60000
0.653332 57600 60000
Epoch 2
-------------------------------
0.482657     0 60000
0.316445  3200 60000
0.415169  6400 60000
0.541815  9600 60000
0.582653 12800 60000
0.367309 16000 60000
0.491444 19200 60000
0.403126 22400 60000
0.672335 25600 60000
0.611282 28800 60000
0.243681 32000 60000
0.947653 35200 60000
0.599751 38400 60000
0.624101 41600 60000
0.532864 44800 60000
0.610496 48000 60000
0.480731 51200 60000
0.280615 54400 60000
0.478992 57600 60000
Epoch 3
-------------------------------
0.388735     0 60000
0.604142  3200 60000
0.376414  6400 60000
0.482674  9600 60000
0.409728 12800 60000
0.322343 16000 60000
0.432090 19200 60000
0.487491 22400 60000
0.443152 25600 60000
0.578952 28800 60000
0.356051 32000 60000
0.515698 35200 60000
0.401483 38400 60000
0.429186 41600 60000
0.258071 44800 60000
0.331044 48000 60000
0.177711 51200 60000
0.480962 54400 60000
0.473050 57600 60000
Epoch 4
-------------------------------
0.464796     0 60000
0.646280  3200 60000
0.341634  6400 60000
0.318774  9600 60000
0.494172 12800 60000
0.452508 16000 60000
0.543060 19200 60000
0.321905 22400 60000
0.478614 25600 60000
0.537050 28800 60000
0.402288 32000 60000
0.452615 35200 60000
0.443287 38400 60000
0.298328 41600 60000
0.517671 44800 60000
0.364805 48000 60000
0.427068 51200 60000
0.546861 54400 60000
0.481870 57600 60000
Epoch 5
-------------------------------
0.293780     0 60000
0.428624  3200 60000
0.632023  6400 60000
0.512230  9600 60000
0.324406 12800 60000
0.885001 16000 60000
0.536213 19200 60000
0.586564 22400 60000
0.511078 25600 60000
0.316545 28800 60000
0.211416 32000 60000
0.222711 35200 60000
0.431450 38400 60000
0.335383 41600 60000
0.265508 44800 60000
0.521553 48000 60000
0.410725 51200 60000
0.463310 54400 60000
0.397568 57600 60000
Epoch 6
-------------------------------
0.399536     0 60000
0.825548  3200 60000
0.264491  6400 60000
0.331180  9600 60000
0.720882 12800 60000
0.200781 16000 60000
0.437532 19200 60000
0.353941 22400 60000
0.504961 25600 60000
0.341127 28800 60000
0.466041 32000 60000
0.384640 35200 60000
1.306349 38400 60000
0.788230 41600 60000
0.342144 44800 60000
0.440026 48000 60000
0.345277 51200 60000
0.540130 54400 60000
0.256829 57600 60000
Epoch 7
-------------------------------
0.624447     0 60000
0.482879  3200 60000
0.303772  6400 60000
0.492384  9600 60000
0.588059 12800 60000
0.505014 16000 60000
0.608061 19200 60000
0.200727 22400 60000
0.455614 25600 60000
0.554643 28800 60000
0.275670 32000 60000
0.364684 35200 60000
0.542922 38400 60000
0.544861 41600 60000
0.247899 44800 60000
0.298465 48000 60000
0.959871 51200 60000
0.628429 54400 60000
0.858473 57600 60000
Epoch 8
-------------------------------
0.463950     0 60000
0.563723  3200 60000
0.463509  6400 60000
0.489340  9600 60000
0.319755 12800 60000
0.235672 16000 60000
0.469858 19200 60000
0.359883 22400 60000
0.253768 25600 60000
0.501043 28800 60000
0.611486 32000 60000
0.531465 35200 60000
0.472804 38400 60000
0.252322 41600 60000
0.247267 44800 60000
0.243229 48000 60000
0.631181 51200 60000
0.188672 54400 60000
0.679159 57600 60000
Epoch 9
-------------------------------
0.384015     0 60000
0.684239  3200 60000
0.319587  6400 60000
0.205876  9600 60000
0.358570 12800 60000
0.478535 16000 60000
0.429740 19200 60000
0.212675 22400 60000
0.469075 25600 60000
0.173858 28800 60000
0.474527 32000 60000
0.549250 35200 60000
0.573147 38400 60000
0.583582 41600 60000
0.654312 44800 60000
0.309750 48000 60000
0.414117 51200 60000
0.373924 54400 60000
0.420776 57600 60000
Epoch 10
-------------------------------
0.418554     0 60000
0.286534  3200 60000
0.609058  6400 60000
0.435881  9600 60000
0.505044 12800 60000
0.695514 16000 60000
0.523957 19200 60000
0.265290 22400 60000
0.445378 25600 60000
0.398640 28800 60000
0.365403 32000 60000
0.517568 35200 60000
0.387059 38400 60000
0.254107 41600 60000
0.298597 44800 60000
0.306474 48000 60000
0.328284 51200 60000
0.531632 54400 60000
0.464117 57600 60000
Epoch 11
-------------------------------
0.828001     0 60000
0.227675  3200 60000
0.664665  6400 60000
0.468986  9600 60000
0.381771 12800 60000
0.667990 16000 60000
0.465202 19200 60000
0.395984 22400 60000
0.445761 25600 60000
0.629726 28800 60000
0.514429 32000 60000
0.302552 35200 60000
0.424072 38400 60000
0.272020 41600 60000
0.270059 44800 60000
0.296452 48000 60000
0.302485 51200 60000
0.535485 54400 60000
0.566847 57600 60000
Epoch 12
-------------------------------
0.502319     0 60000
0.258069  3200 60000
0.385364  6400 60000
0.458784  9600 60000
0.274854 12800 60000
0.262579 16000 60000
0.412192 19200 60000
0.333539 22400 60000
0.430457 25600 60000
0.349399 28800 60000
0.502654 32000 60000
0.344017 35200 60000
0.256069 38400 60000
0.316021 41600 60000
0.528720 44800 60000
0.339593 48000 60000
0.414697 51200 60000
0.243652 54400 60000
0.211334 57600 60000
