Epoch 1
-------------------------------
2.301579     0 60000
1.807192  3200 60000
1.792671  6400 60000
1.767738  9600 60000
1.660290 12800 60000
1.114954 16000 60000
1.042957 19200 60000
1.067758 22400 60000
0.857568 25600 60000
0.703959 28800 60000
0.729675 32000 60000
1.401105 35200 60000
0.559210 38400 60000
0.810534 41600 60000
1.341435 44800 60000
0.516504 48000 60000
0.784610 51200 60000
0.951663 54400 60000
1.055306 57600 60000
Epoch 2
-------------------------------
0.577522     0 60000
0.661914  3200 60000
1.055207  6400 60000
0.985379  9600 60000
0.879907 12800 60000
0.807014 16000 60000
0.641118 19200 60000
0.647171 22400 60000
0.765365 25600 60000
0.865132 28800 60000
0.563874 32000 60000
0.473833 35200 60000
0.595605 38400 60000
0.891533 41600 60000
0.684861 44800 60000
0.472421 48000 60000
0.618683 51200 60000
0.620204 54400 60000
0.532043 57600 60000
Epoch 3
-------------------------------
0.701005     0 60000
0.419541  3200 60000
0.817215  6400 60000
0.694574  9600 60000
0.536600 12800 60000
0.698378 16000 60000
0.643299 19200 60000
0.917177 22400 60000
0.744372 25600 60000
0.830063 28800 60000
0.570199 32000 60000
1.026406 35200 60000
0.906614 38400 60000
0.923631 41600 60000
0.703370 44800 60000
1.107407 48000 60000
0.808962 51200 60000
1.249657 54400 60000
0.701126 57600 60000
Epoch 4
-------------------------------
0.946861     0 60000
0.596886  3200 60000
0.476027  6400 60000
0.561432  9600 60000
0.871597 12800 60000
0.783787 16000 60000
0.589119 19200 60000
0.640483 22400 60000
0.667284 25600 60000
1.215633 28800 60000
1.069771 32000 60000
1.034087 35200 60000
0.909024 38400 60000
0.786647 41600 60000
1.098667 44800 60000
0.551103 48000 60000
0.817169 51200 60000
0.945863 54400 60000
0.607137 57600 60000
Epoch 5
-------------------------------
0.816459     0 60000
0.729558  3200 60000
0.693464  6400 60000
0.566990  9600 60000
0.657795 12800 60000
0.811703 16000 60000
0.558982 19200 60000
0.970119 22400 60000
0.537405 25600 60000
0.983237 28800 60000
0.685268 32000 60000
0.618350 35200 60000
0.654301 38400 60000
0.653964 41600 60000
0.831277 44800 60000
0.669451 48000 60000
1.018736 51200 60000
0.487578 54400 60000
0.537170 57600 60000
Epoch 6
-------------------------------
0.806324     0 60000
0.716980  3200 60000
0.784308  6400 60000
0.782260  9600 60000
0.485869 12800 60000
0.441896 16000 60000
0.362752 19200 60000
0.712560 22400 60000
0.688024 25600 60000
0.532759 28800 60000
0.578615 32000 60000
0.562368 35200 60000
0.444256 38400 60000
0.565800 41600 60000
0.794329 44800 60000
0.726520 48000 60000
0.490566 51200 60000
0.456528 54400 60000
1.011630 57600 60000
Epoch 7
-------------------------------
0.654821     0 60000
0.476521  3200 60000
0.509658  6400 60000
0.849692  9600 60000
0.737371 12800 60000
0.575627 16000 60000
0.544040 19200 60000
0.552725 22400 60000
0.950356 25600 60000
0.679745 28800 60000
0.554064 32000 60000
0.298730 35200 60000
0.464850 38400 60000
0.892373 41600 60000
0.538797 44800 60000
1.019565 48000 60000
0.441729 51200 60000
0.577609 54400 60000
0.684597 57600 60000
Epoch 8
-------------------------------
0.504216     0 60000
0.585852  3200 60000
0.748792  6400 60000
0.562967  9600 60000
0.614224 12800 60000
0.732022 16000 60000
0.665673 19200 60000
0.534434 22400 60000
0.545436 25600 60000
0.458285 28800 60000
0.571210 32000 60000
0.506566 35200 60000
0.589577 38400 60000
0.637479 41600 60000
0.576223 44800 60000
0.515830 48000 60000
0.368340 51200 60000
0.330975 54400 60000
0.457980 57600 60000
Epoch 9
-------------------------------
0.739812     0 60000
0.528413  3200 60000
0.515197  6400 60000
0.499549  9600 60000
0.346894 12800 60000
0.548090 16000 60000
0.324097 19200 60000
0.360875 22400 60000
0.787886 25600 60000
0.486340 28800 60000
0.614310 32000 60000
0.540948 35200 60000
0.269202 38400 60000
0.489370 41600 60000
0.632659 44800 60000
0.695390 48000 60000
0.602508 51200 60000
0.352962 54400 60000
0.741480 57600 60000
Epoch 10
-------------------------------
0.697748     0 60000
0.950765  3200 60000
0.407728  6400 60000
0.488057  9600 60000
0.252113 12800 60000
0.690312 16000 60000
0.531411 19200 60000
0.744456 22400 60000
0.713353 25600 60000
0.511504 28800 60000
0.755231 32000 60000
0.496330 35200 60000
0.481596 38400 60000
0.571565 41600 60000
0.278131 44800 60000
0.636804 48000 60000
0.442822 51200 60000
0.362661 54400 60000
0.501444 57600 60000
Epoch 11
-------------------------------
0.591853     0 60000
0.462246  3200 60000
0.471941  6400 60000
0.428163  9600 60000
0.482149 12800 60000
0.737029 16000 60000
0.993883 19200 60000
0.876858 22400 60000
0.918460 25600 60000
0.537514 28800 60000
0.842892 32000 60000
0.721750 35200 60000
0.794422 38400 60000
0.427023 41600 60000
0.616477 44800 60000
0.866549 48000 60000
0.607595 51200 60000
0.408188 54400 60000
0.533020 57600 60000
Epoch 12
-------------------------------
0.656660     0 60000
0.647957  3200 60000
0.289654  6400 60000
0.701629  9600 60000
0.344322 12800 60000
0.959736 16000 60000
0.447066 19200 60000
0.463548 22400 60000
0.692469 25600 60000
0.386243 28800 60000
0.712781 32000 60000
0.427825 35200 60000
0.491098 38400 60000
0.917697 41600 60000
0.585022 44800 60000
0.875818 48000 60000
0.771924 51200 60000
0.368418 54400 60000
0.642344 57600 60000
