Epoch 1
-------------------------------
0.398535     0 60000
0.523190  3200 60000
0.797373  6400 60000
0.552909  9600 60000
1.662551 12800 60000
1.212487 16000 60000
1.358584 19200 60000
1.049660 22400 60000
2.179567 25600 60000
2.462193 28800 60000
2.297495 32000 60000
2.300712 35200 60000
2.298304 38400 60000
2.309315 41600 60000
2.286693 44800 60000
2.316270 48000 60000
2.304065 51200 60000
2.287453 54400 60000
2.298759 57600 60000
Epoch 2
-------------------------------
2.302424     0 60000
2.305587  3200 60000
2.319595  6400 60000
2.304458  9600 60000
2.307105 12800 60000
2.297650 16000 60000
2.309999 19200 60000
2.297220 22400 60000
2.302771 25600 60000
2.326687 28800 60000
2.308397 32000 60000
2.298692 35200 60000
2.298998 38400 60000
2.302043 41600 60000
2.302189 44800 60000
2.309981 48000 60000
2.299729 51200 60000
2.308703 54400 60000
2.306874 57600 60000
Epoch 3
-------------------------------
2.308126     0 60000
2.286062  3200 60000
2.305076  6400 60000
2.298646  9600 60000
2.300241 12800 60000
2.291663 16000 60000
2.283596 19200 60000
2.297396 22400 60000
2.306980 25600 60000
2.307042 28800 60000
2.301092 32000 60000
2.304477 35200 60000
2.309424 38400 60000
2.302724 41600 60000
2.295953 44800 60000
2.301140 48000 60000
2.321762 51200 60000
2.296116 54400 60000
2.307854 57600 60000
Epoch 4
-------------------------------
2.308326     0 60000
2.305694  3200 60000
2.292680  6400 60000
2.313124  9600 60000
2.305107 12800 60000
2.309635 16000 60000
2.306651 19200 60000
2.311273 22400 60000
2.320898 25600 60000
2.295968 28800 60000
2.325139 32000 60000
2.298139 35200 60000
2.286036 38400 60000
2.297622 41600 60000
2.297442 44800 60000
2.295128 48000 60000
2.297022 51200 60000
2.289217 54400 60000
2.307158 57600 60000
Epoch 5
-------------------------------
2.290415     0 60000
2.326610  3200 60000
2.314710  6400 60000
2.298612  9600 60000
2.313977 12800 60000
2.312016 16000 60000
2.306848 19200 60000
2.309328 22400 60000
2.308274 25600 60000
2.299087 28800 60000
2.296605 32000 60000
2.310220 35200 60000
2.304364 38400 60000
2.302048 41600 60000
2.299563 44800 60000
2.295476 48000 60000
2.306578 51200 60000
2.317338 54400 60000
2.296657 57600 60000
Epoch 6
-------------------------------
2.308478     0 60000
2.323503  3200 60000
2.328763  6400 60000
2.318651  9600 60000
2.302937 12800 60000
2.295099 16000 60000
2.293343 19200 60000
2.312862 22400 60000
2.297626 25600 60000
2.297338 28800 60000
2.304950 32000 60000
2.313859 35200 60000
2.293907 38400 60000
2.291856 41600 60000
2.303000 44800 60000
2.300387 48000 60000
2.290443 51200 60000
2.304740 54400 60000
2.299620 57600 60000
Epoch 7
-------------------------------
2.296675     0 60000
2.285818  3200 60000
2.301294  6400 60000
2.298826  9600 60000
2.311263 12800 60000
2.314401 16000 60000
2.289873 19200 60000
2.302823 22400 60000
2.299496 25600 60000
2.294566 28800 60000
2.303598 32000 60000
2.310361 35200 60000
2.312357 38400 60000
2.303572 41600 60000
2.302528 44800 60000
2.333824 48000 60000
2.311556 51200 60000
2.313003 54400 60000
2.308808 57600 60000
Epoch 8
-------------------------------
2.303025     0 60000
2.316148  3200 60000
2.294217  6400 60000
2.304650  9600 60000
2.319365 12800 60000
2.307162 16000 60000
2.305431 19200 60000
2.302700 22400 60000
2.294034 25600 60000
2.301191 28800 60000
2.301393 32000 60000
2.309277 35200 60000
2.306828 38400 60000
2.310706 41600 60000
2.314149 44800 60000
2.315795 48000 60000
2.301229 51200 60000
2.298981 54400 60000
2.311942 57600 60000
Epoch 9
-------------------------------
2.310518     0 60000
2.287956  3200 60000
2.300992  6400 60000
2.308287  9600 60000
2.318462 12800 60000
2.307489 16000 60000
2.295320 19200 60000
2.309366 22400 60000
2.286073 25600 60000
2.328149 28800 60000
2.296393 32000 60000
2.298064 35200 60000
2.299641 38400 60000
2.314169 41600 60000
2.311492 44800 60000
2.306031 48000 60000
2.308126 51200 60000
2.316360 54400 60000
2.283870 57600 60000
Epoch 10
-------------------------------
2.287485     0 60000
2.299376  3200 60000
2.305143  6400 60000
2.318613  9600 60000
2.297199 12800 60000
2.337275 16000 60000
2.316315 19200 60000
2.323666 22400 60000
2.301460 25600 60000
2.290323 28800 60000
2.322792 32000 60000
2.295732 35200 60000
2.313471 38400 60000
2.305131 41600 60000
2.299809 44800 60000
2.283123 48000 60000
2.312297 51200 60000
2.308378 54400 60000
2.297320 57600 60000
Epoch 11
-------------------------------
2.300484     0 60000
2.296829  3200 60000
2.331063  6400 60000
2.314440  9600 60000
2.297047 12800 60000
2.302157 16000 60000
2.292437 19200 60000
2.317326 22400 60000
2.300287 25600 60000
2.301393 28800 60000
2.311196 32000 60000
2.296460 35200 60000
2.308878 38400 60000
2.303273 41600 60000
2.311787 44800 60000
2.297786 48000 60000
2.306425 51200 60000
2.296060 54400 60000
2.310367 57600 60000
Epoch 12
-------------------------------
2.301553     0 60000
2.310412  3200 60000
2.295074  6400 60000
2.322061  9600 60000
2.302087 12800 60000
2.315557 16000 60000
2.307428 19200 60000
2.301996 22400 60000
2.299994 25600 60000
2.307640 28800 60000
2.293740 32000 60000
2.311949 35200 60000
2.305512 38400 60000
2.299375 41600 60000
2.322033 44800 60000
2.297779 48000 60000
2.304521 51200 60000
2.307674 54400 60000
2.307739 57600 60000
