Epoch 1
-------------------------------
2.296714     0 60000
0.712442  3200 60000
0.552746  6400 60000
0.604110  9600 60000
0.830729 12800 60000
0.431743 16000 60000
0.510701 19200 60000
0.353380 22400 60000
0.652237 25600 60000
0.487619 28800 60000
0.335031 32000 60000
0.483590 35200 60000
0.649209 38400 60000
0.703049 41600 60000
0.549463 44800 60000
0.268682 48000 60000
0.394367 51200 60000
0.459017 54400 60000
0.198356 57600 60000
Epoch 2
-------------------------------
0.542181     0 60000
0.302681  3200 60000
0.118777  6400 60000
0.250486  9600 60000
0.666959 12800 60000
0.307769 16000 60000
0.270699 19200 60000
0.178773 22400 60000
0.164677 25600 60000
0.409044 28800 60000
0.338958 32000 60000
0.151360 35200 60000
0.208261 38400 60000
0.185537 41600 60000
0.308125 44800 60000
0.463352 48000 60000
0.315134 51200 60000
0.337883 54400 60000
0.236084 57600 60000
Epoch 3
-------------------------------
0.172124     0 60000
0.195221  3200 60000
0.348384  6400 60000
0.283885  9600 60000
0.383731 12800 60000
0.358386 16000 60000
0.167953 19200 60000
0.268088 22400 60000
0.645698 25600 60000
0.519552 28800 60000
0.238772 32000 60000
0.092644 35200 60000
0.356819 38400 60000
0.397171 41600 60000
0.349123 44800 60000
0.208631 48000 60000
0.179057 51200 60000
0.257573 54400 60000
0.167711 57600 60000
Epoch 4
-------------------------------
0.246689     0 60000
0.506235  3200 60000
0.104804  6400 60000
0.269840  9600 60000
0.262774 12800 60000
0.310335 16000 60000
0.118962 19200 60000
0.345044 22400 60000
0.289995 25600 60000
0.255090 28800 60000
0.520166 32000 60000
0.381373 35200 60000
0.201032 38400 60000
0.297717 41600 60000
0.422877 44800 60000
0.184770 48000 60000
0.115458 51200 60000
0.249388 54400 60000
0.533267 57600 60000
Epoch 5
-------------------------------
0.322657     0 60000
0.338450  3200 60000
0.211937  6400 60000
0.277867  9600 60000
0.329336 12800 60000
0.109164 16000 60000
0.496064 19200 60000
0.288125 22400 60000
0.308718 25600 60000
0.258835 28800 60000
0.325554 32000 60000
0.168129 35200 60000
0.274453 38400 60000
0.256801 41600 60000
0.281030 44800 60000
0.175204 48000 60000
0.287851 51200 60000
0.109694 54400 60000
0.510521 57600 60000
Epoch 6
-------------------------------
0.277746     0 60000
0.506137  3200 60000
0.572541  6400 60000
0.400431  9600 60000
0.131564 12800 60000
0.127645 16000 60000
0.159886 19200 60000
0.276305 22400 60000
0.201941 25600 60000
0.068863 28800 60000
0.677774 32000 60000
0.320581 35200 60000
0.174249 38400 60000
0.217949 41600 60000
0.326415 44800 60000
0.134172 48000 60000
0.130186 51200 60000
0.420933 54400 60000
0.241323 57600 60000
Epoch 7
-------------------------------
0.123197     0 60000
0.612336  3200 60000
0.184365  6400 60000
0.301948  9600 60000
0.205142 12800 60000
0.300867 16000 60000
0.139173 19200 60000
0.256791 22400 60000
0.451115 25600 60000
0.203175 28800 60000
0.300863 32000 60000
0.109425 35200 60000
0.401739 38400 60000
0.133090 41600 60000
0.073513 44800 60000
0.232991 48000 60000
0.381050 51200 60000
0.422026 54400 60000
0.102086 57600 60000
Epoch 8
-------------------------------
0.182865     0 60000
0.157468  3200 60000
0.185919  6400 60000
0.247563  9600 60000
0.291188 12800 60000
0.406320 16000 60000
0.147620 19200 60000
0.313954 22400 60000
0.116291 25600 60000
0.146959 28800 60000
0.519824 32000 60000
0.368673 35200 60000
0.491597 38400 60000
0.321328 41600 60000
0.222426 44800 60000
0.202690 48000 60000
0.161182 51200 60000
0.294206 54400 60000
0.393946 57600 60000
Epoch 9
-------------------------------
0.112408     0 60000
0.311852  3200 60000
0.308879  6400 60000
0.066806  9600 60000
0.210607 12800 60000
0.196987 16000 60000
0.147484 19200 60000
0.274999 22400 60000
0.456213 25600 60000
0.180517 28800 60000
0.143280 32000 60000
0.252183 35200 60000
0.211317 38400 60000
0.084149 41600 60000
0.363181 44800 60000
0.125430 48000 60000
0.146664 51200 60000
0.149298 54400 60000
0.100168 57600 60000
Epoch 10
-------------------------------
0.025057     0 60000
0.220389  3200 60000
0.151027  6400 60000
0.152363  9600 60000
0.160302 12800 60000
0.290762 16000 60000
0.309856 19200 60000
0.349112 22400 60000
0.148202 25600 60000
0.368263 28800 60000
0.115929 32000 60000
0.509618 35200 60000
0.242164 38400 60000
0.236638 41600 60000
0.234176 44800 60000
0.542966 48000 60000
0.375775 51200 60000
0.087238 54400 60000
0.326951 57600 60000
Epoch 11
-------------------------------
0.265965     0 60000
0.335553  3200 60000
0.145507  6400 60000
0.202003  9600 60000
0.257471 12800 60000
0.143826 16000 60000
0.034453 19200 60000
0.369621 22400 60000
0.426482 25600 60000
0.129331 28800 60000
0.255999 32000 60000
0.225989 35200 60000
0.171686 38400 60000
0.118599 41600 60000
0.240953 44800 60000
0.077900 48000 60000
0.233422 51200 60000
0.228677 54400 60000
0.293020 57600 60000
Epoch 12
-------------------------------
0.269387     0 60000
0.249940  3200 60000
0.108653  6400 60000
0.187532  9600 60000
0.172618 12800 60000
0.026368 16000 60000
0.342643 19200 60000
0.075528 22400 60000
0.139038 25600 60000
0.379019 28800 60000
0.247993 32000 60000
0.095070 35200 60000
0.121013 38400 60000
0.090766 41600 60000
0.125272 44800 60000
0.210301 48000 60000
0.125972 51200 60000
0.071662 54400 60000
0.108240 57600 60000
