Epoch 1
-------------------------------
2.299419     0 60000
1.796010  3200 60000
1.387849  6400 60000
1.160960  9600 60000
0.887229 12800 60000
0.933586 16000 60000
0.910489 19200 60000
1.203288 22400 60000
0.936745 25600 60000
0.992601 28800 60000
0.938078 32000 60000
0.730537 35200 60000
0.843790 38400 60000
1.005226 41600 60000
0.879203 44800 60000
0.916161 48000 60000
0.859028 51200 60000
1.036824 54400 60000
0.969149 57600 60000
Epoch 2
-------------------------------
0.612634     0 60000
1.230163  3200 60000
0.755176  6400 60000
1.742815  9600 60000
1.307963 12800 60000
0.804249 16000 60000
1.362371 19200 60000
0.972669 22400 60000
1.697166 25600 60000
0.991207 28800 60000
1.199862 32000 60000
0.900719 35200 60000
0.585680 38400 60000
1.156287 41600 60000
0.543734 44800 60000
0.872150 48000 60000
1.619890 51200 60000
1.012340 54400 60000
0.756335 57600 60000
Epoch 3
-------------------------------
1.307737     0 60000
0.926328  3200 60000
0.930165  6400 60000
1.002193  9600 60000
1.029703 12800 60000
0.829643 16000 60000
0.971963 19200 60000
0.862428 22400 60000
1.052127 25600 60000
0.778039 28800 60000
1.134589 32000 60000
0.677665 35200 60000
0.450006 38400 60000
0.473226 41600 60000
0.557125 44800 60000
0.866963 48000 60000
0.847523 51200 60000
0.700638 54400 60000
0.746647 57600 60000
Epoch 4
-------------------------------
0.731555     0 60000
0.386655  3200 60000
0.719609  6400 60000
0.727013  9600 60000
0.487130 12800 60000
0.426383 16000 60000
0.616768 19200 60000
0.582107 22400 60000
0.397847 25600 60000
0.493593 28800 60000
0.772403 32000 60000
0.549843 35200 60000
0.479608 38400 60000
0.712241 41600 60000
0.462078 44800 60000
0.664499 48000 60000
0.544859 51200 60000
0.769689 54400 60000
0.636808 57600 60000
Epoch 5
-------------------------------
0.539924     0 60000
0.538473  3200 60000
0.761971  6400 60000
0.529634  9600 60000
0.851104 12800 60000
0.606987 16000 60000
0.659449 19200 60000
0.693783 22400 60000
0.626710 25600 60000
0.612241 28800 60000
0.795234 32000 60000
0.799037 35200 60000
0.834876 38400 60000
0.740051 41600 60000
0.751302 44800 60000
1.006778 48000 60000
0.566594 51200 60000
0.721219 54400 60000
1.116647 57600 60000
Epoch 6
-------------------------------
0.717824     0 60000
0.524848  3200 60000
0.704983  6400 60000
0.737436  9600 60000
0.741390 12800 60000
0.910920 16000 60000
1.166316 19200 60000
0.793086 22400 60000
0.947024 25600 60000
0.529601 28800 60000
0.773938 32000 60000
0.756363 35200 60000
0.739784 38400 60000
1.184369 41600 60000
0.653395 44800 60000
0.891876 48000 60000
0.820841 51200 60000
0.725689 54400 60000
0.805431 57600 60000
Epoch 7
-------------------------------
0.600377     0 60000
0.997528  3200 60000
0.522797  6400 60000
0.464504  9600 60000
0.381636 12800 60000
0.534290 16000 60000
1.032721 19200 60000
0.657874 22400 60000
0.908239 25600 60000
0.284226 28800 60000
0.592077 32000 60000
0.509497 35200 60000
0.731641 38400 60000
0.705801 41600 60000
0.616166 44800 60000
0.371887 48000 60000
0.537511 51200 60000
0.587032 54400 60000
0.676658 57600 60000
Epoch 8
-------------------------------
0.343550     0 60000
0.938389  3200 60000
0.528391  6400 60000
0.489987  9600 60000
0.979712 12800 60000
0.526893 16000 60000
0.558599 19200 60000
0.392337 22400 60000
0.419134 25600 60000
0.617632 28800 60000
0.661963 32000 60000
0.566131 35200 60000
0.559506 38400 60000
0.501666 41600 60000
0.766135 44800 60000
0.728858 48000 60000
0.637185 51200 60000
0.659492 54400 60000
0.714577 57600 60000
Epoch 9
-------------------------------
0.509965     0 60000
0.856736  3200 60000
0.417478  6400 60000
0.749324  9600 60000
0.771302 12800 60000
0.471115 16000 60000
0.335578 19200 60000
0.751292 22400 60000
0.524965 25600 60000
0.555292 28800 60000
0.564711 32000 60000
0.635111 35200 60000
0.553572 38400 60000
0.710141 41600 60000
0.435019 44800 60000
0.577422 48000 60000
0.632184 51200 60000
0.952986 54400 60000
0.644388 57600 60000
Epoch 10
-------------------------------
0.635971     0 60000
0.858131  3200 60000
0.702538  6400 60000
1.038811  9600 60000
1.006122 12800 60000
0.912044 16000 60000
0.982131 19200 60000
1.069072 22400 60000
1.318654 25600 60000
0.672648 28800 60000
0.811087 32000 60000
0.899799 35200 60000
0.684603 38400 60000
0.642848 41600 60000
0.965067 44800 60000
1.123992 48000 60000
0.901657 51200 60000
0.486894 54400 60000
1.028090 57600 60000
Epoch 11
-------------------------------
0.561850     0 60000
1.034833  3200 60000
0.581990  6400 60000
0.789579  9600 60000
0.585398 12800 60000
0.728846 16000 60000
0.583248 19200 60000
0.656027 22400 60000
0.569784 25600 60000
0.812654 28800 60000
0.720531 32000 60000
0.425975 35200 60000
0.642962 38400 60000
0.711468 41600 60000
0.811007 44800 60000
0.726238 48000 60000
0.574899 51200 60000
0.752400 54400 60000
0.755854 57600 60000
Epoch 12
-------------------------------
0.735173     0 60000
0.310633  3200 60000
0.746787  6400 60000
0.612060  9600 60000
0.766509 12800 60000
0.486093 16000 60000
0.330104 19200 60000
2.012237 22400 60000
0.468248 25600 60000
0.557151 28800 60000
0.723771 32000 60000
0.567319 35200 60000
0.489162 38400 60000
0.822904 41600 60000
0.499715 44800 60000
0.507072 48000 60000
0.611437 51200 60000
0.510413 54400 60000
0.829379 57600 60000
