Epoch 1
-------------------------------
0.025120     0 60000
0.917472  3200 60000
0.401809  6400 60000
0.311525  9600 60000
0.602130 12800 60000
0.434782 16000 60000
0.339798 19200 60000
0.442971 22400 60000
0.442503 25600 60000
0.392928 28800 60000
0.340384 32000 60000
0.563614 35200 60000
0.497645 38400 60000
0.702393 41600 60000
0.432938 44800 60000
0.354554 48000 60000
0.314718 51200 60000
0.742322 54400 60000
0.557689 57600 60000
Epoch 2
-------------------------------
0.735258     0 60000
0.582484  3200 60000
0.216630  6400 60000
0.602430  9600 60000
0.702451 12800 60000
0.432723 16000 60000
0.340679 19200 60000
0.183673 22400 60000
0.386644 25600 60000
0.221712 28800 60000
0.434886 32000 60000
0.307828 35200 60000
0.431626 38400 60000
0.376425 41600 60000
0.277863 44800 60000
0.375871 48000 60000
0.525963 51200 60000
0.531063 54400 60000
0.549879 57600 60000
Epoch 3
-------------------------------
0.503973     0 60000
0.551575  3200 60000
0.596387  6400 60000
1.204326  9600 60000
0.221639 12800 60000
0.402371 16000 60000
0.323254 19200 60000
0.611112 22400 60000
0.307300 25600 60000
0.437965 28800 60000
0.559938 32000 60000
0.374177 35200 60000
0.507395 38400 60000
0.408939 41600 60000
0.195258 44800 60000
0.514066 48000 60000
0.201423 51200 60000
0.343077 54400 60000
1.233676 57600 60000
Epoch 4
-------------------------------
0.354965     0 60000
0.515616  3200 60000
0.534135  6400 60000
0.388048  9600 60000
0.535535 12800 60000
0.432058 16000 60000
0.532705 19200 60000
0.154808 22400 60000
0.723976 25600 60000
0.322010 28800 60000
0.287469 32000 60000
0.122466 35200 60000
0.370816 38400 60000
0.579788 41600 60000
0.166225 44800 60000
0.276402 48000 60000
0.209730 51200 60000
0.296818 54400 60000
0.569940 57600 60000
Epoch 5
-------------------------------
0.970068     0 60000
0.340258  3200 60000
0.411592  6400 60000
0.655280  9600 60000
0.443458 12800 60000
0.562481 16000 60000
0.261399 19200 60000
0.760645 22400 60000
0.237779 25600 60000
0.136746 28800 60000
0.549136 32000 60000
0.581890 35200 60000
0.285519 38400 60000
0.574413 41600 60000
0.290176 44800 60000
0.646806 48000 60000
0.288721 51200 60000
0.553059 54400 60000
0.411850 57600 60000
Epoch 6
-------------------------------
0.325139     0 60000
0.476448  3200 60000
0.134580  6400 60000
0.338318  9600 60000
0.296107 12800 60000
0.471855 16000 60000
0.197578 19200 60000
0.679389 22400 60000
0.401328 25600 60000
0.200669 28800 60000
0.172146 32000 60000
0.466409 35200 60000
0.355832 38400 60000
0.213972 41600 60000
0.312717 44800 60000
0.459443 48000 60000
0.351768 51200 60000
0.200299 54400 60000
0.478190 57600 60000
Epoch 7
-------------------------------
0.262784     0 60000
0.287983  3200 60000
0.546203  6400 60000
0.236040  9600 60000
0.231355 12800 60000
0.253183 16000 60000
0.473035 19200 60000
0.172447 22400 60000
0.389325 25600 60000
0.374253 28800 60000
0.297869 32000 60000
0.258688 35200 60000
0.205086 38400 60000
0.175572 41600 60000
0.188341 44800 60000
0.342432 48000 60000
0.380880 51200 60000
0.385139 54400 60000
0.491269 57600 60000
Epoch 8
-------------------------------
0.209931     0 60000
0.175911  3200 60000
0.267530  6400 60000
0.217520  9600 60000
0.401461 12800 60000
0.248885 16000 60000
0.278193 19200 60000
0.116332 22400 60000
0.493029 25600 60000
0.262208 28800 60000
0.410302 32000 60000
0.319740 35200 60000
0.482215 38400 60000
0.250333 41600 60000
0.119074 44800 60000
0.634812 48000 60000
0.491706 51200 60000
0.558223 54400 60000
0.294666 57600 60000
Epoch 9
-------------------------------
0.199488     0 60000
0.855052  3200 60000
0.629886  6400 60000
0.440396  9600 60000
0.481246 12800 60000
0.394267 16000 60000
0.549939 19200 60000
0.381164 22400 60000
0.266072 25600 60000
0.257335 28800 60000
0.326596 32000 60000
0.503694 35200 60000
0.227265 38400 60000
0.373765 41600 60000
0.450048 44800 60000
0.339877 48000 60000
0.362357 51200 60000
0.821112 54400 60000
0.443972 57600 60000
Epoch 10
-------------------------------
0.652496     0 60000
0.322636  3200 60000
0.151211  6400 60000
0.209928  9600 60000
0.530157 12800 60000
0.247547 16000 60000
0.845000 19200 60000
0.199541 22400 60000
0.260558 25600 60000
0.335031 28800 60000
0.098130 32000 60000
0.058303 35200 60000
0.268524 38400 60000
0.228061 41600 60000
0.332698 44800 60000
0.452942 48000 60000
0.155858 51200 60000
0.288347 54400 60000
0.434701 57600 60000
Epoch 11
-------------------------------
0.326544     0 60000
0.180123  3200 60000
0.472738  6400 60000
0.295975  9600 60000
0.355974 12800 60000
0.417729 16000 60000
0.143839 19200 60000
0.436773 22400 60000
0.595600 25600 60000
0.343683 28800 60000
0.362338 32000 60000
0.489613 35200 60000
0.403014 38400 60000
0.499030 41600 60000
0.525125 44800 60000
0.381557 48000 60000
0.320251 51200 60000
0.652134 54400 60000
0.178236 57600 60000
Epoch 12
-------------------------------
0.480167     0 60000
0.475316  3200 60000
0.358186  6400 60000
0.310436  9600 60000
0.470712 12800 60000
0.468992 16000 60000
0.257920 19200 60000
0.340880 22400 60000
0.723912 25600 60000
0.135415 28800 60000
0.575193 32000 60000
0.276852 35200 60000
0.741851 38400 60000
0.167224 41600 60000
0.351747 44800 60000
0.200043 48000 60000
0.219013 51200 60000
0.137898 54400 60000
0.483441 57600 60000
