Epoch 1
-------------------------------
0.858762     0 60000
1.515762  3200 60000
2.571162  6400 60000
2.539411  9600 60000
2.315753 12800 60000
2.329404 16000 60000
2.313084 19200 60000
2.306005 22400 60000
2.297975 25600 60000
2.301455 28800 60000
2.300153 32000 60000
2.300704 35200 60000
2.299186 38400 60000
2.311214 41600 60000
2.306834 44800 60000
2.299453 48000 60000
2.304784 51200 60000
2.312691 54400 60000
2.300665 57600 60000
Epoch 2
-------------------------------
2.306892     0 60000
2.302619  3200 60000
2.307788  6400 60000
2.299976  9600 60000
2.309106 12800 60000
2.293415 16000 60000
2.304287 19200 60000
2.308989 22400 60000
2.322765 25600 60000
2.304646 28800 60000
2.299931 32000 60000
2.307319 35200 60000
2.301065 38400 60000
2.306396 41600 60000
2.310166 44800 60000
2.294195 48000 60000
2.310544 51200 60000
2.304240 54400 60000
2.309643 57600 60000
Epoch 3
-------------------------------
2.303010     0 60000
2.312546  3200 60000
2.309823  6400 60000
2.297083  9600 60000
2.294664 12800 60000
2.299181 16000 60000
2.296229 19200 60000
2.297928 22400 60000
2.312566 25600 60000
2.301805 28800 60000
2.307724 32000 60000
2.302023 35200 60000
2.296725 38400 60000
2.305318 41600 60000
2.298455 44800 60000
2.308098 48000 60000
2.293555 51200 60000
2.299710 54400 60000
2.313289 57600 60000
Epoch 4
-------------------------------
2.302441     0 60000
2.313139  3200 60000
2.299108  6400 60000
2.300227  9600 60000
2.316659 12800 60000
2.315101 16000 60000
2.307167 19200 60000
2.319844 22400 60000
2.305140 25600 60000
2.307442 28800 60000
2.300023 32000 60000
2.305008 35200 60000
2.309162 38400 60000
2.320301 41600 60000
2.318165 44800 60000
2.304482 48000 60000
2.299197 51200 60000
2.299608 54400 60000
2.304416 57600 60000
Epoch 5
-------------------------------
2.290823     0 60000
2.301533  3200 60000
2.307422  6400 60000
2.314219  9600 60000
2.313498 12800 60000
2.290141 16000 60000
2.296072 19200 60000
2.305646 22400 60000
2.293543 25600 60000
2.298118 28800 60000
2.314703 32000 60000
2.283043 35200 60000
2.302408 38400 60000
2.314608 41600 60000
2.300584 44800 60000
2.306839 48000 60000
2.325722 51200 60000
2.298588 54400 60000
2.294252 57600 60000
Epoch 6
-------------------------------
2.305411     0 60000
2.310636  3200 60000
2.305614  6400 60000
2.297322  9600 60000
2.307564 12800 60000
2.318290 16000 60000
2.307457 19200 60000
2.299967 22400 60000
2.302355 25600 60000
2.303781 28800 60000
2.311871 32000 60000
2.290319 35200 60000
2.292422 38400 60000
2.304399 41600 60000
2.304039 44800 60000
2.304003 48000 60000
2.293606 51200 60000
2.302303 54400 60000
2.315028 57600 60000
Epoch 7
-------------------------------
2.299452     0 60000
2.310804  3200 60000
2.299451  6400 60000
2.293305  9600 60000
2.305771 12800 60000
2.295888 16000 60000
2.294717 19200 60000
2.309705 22400 60000
2.297431 25600 60000
2.306720 28800 60000
2.311405 32000 60000
2.302038 35200 60000
2.301272 38400 60000
2.311863 41600 60000
2.299865 44800 60000
2.309301 48000 60000
2.297449 51200 60000
2.299202 54400 60000
2.302366 57600 60000
Epoch 8
-------------------------------
2.309320     0 60000
2.288943  3200 60000
2.305799  6400 60000
2.307658  9600 60000
2.310353 12800 60000
2.309467 16000 60000
2.308429 19200 60000
2.313587 22400 60000
2.295954 25600 60000
2.303819 28800 60000
2.300750 32000 60000
2.291515 35200 60000
2.293339 38400 60000
2.298453 41600 60000
2.308747 44800 60000
2.305035 48000 60000
2.301879 51200 60000
2.298967 54400 60000
2.314419 57600 60000
Epoch 9
-------------------------------
2.300683     0 60000
2.306895  3200 60000
2.301052  6400 60000
2.310997  9600 60000
2.307056 12800 60000
2.311073 16000 60000
2.315871 19200 60000
2.297953 22400 60000
2.307080 25600 60000
2.295210 28800 60000
2.295364 32000 60000
2.327163 35200 60000
2.307060 38400 60000
2.303541 41600 60000
2.301842 44800 60000
2.298875 48000 60000
2.298841 51200 60000
2.312633 54400 60000
2.298851 57600 60000
Epoch 10
-------------------------------
2.299460     0 60000
2.299564  3200 60000
2.307827  6400 60000
2.312557  9600 60000
2.302766 12800 60000
2.296889 16000 60000
2.307801 19200 60000
2.298415 22400 60000
2.295361 25600 60000
2.299922 28800 60000
2.291756 32000 60000
2.297404 35200 60000
2.286642 38400 60000
2.306143 41600 60000
2.302825 44800 60000
2.301699 48000 60000
2.310995 51200 60000
2.304067 54400 60000
2.289272 57600 60000
Epoch 11
-------------------------------
2.288112     0 60000
2.287810  3200 60000
2.298492  6400 60000
2.293710  9600 60000
2.307683 12800 60000
2.318604 16000 60000
2.307425 19200 60000
2.293506 22400 60000
2.296937 25600 60000
2.312162 28800 60000
2.303674 32000 60000
2.293038 35200 60000
2.303160 38400 60000
2.301435 41600 60000
2.300366 44800 60000
2.302296 48000 60000
2.306135 51200 60000
2.316479 54400 60000
2.300774 57600 60000
Epoch 12
-------------------------------
2.324087     0 60000
2.293005  3200 60000
2.298676  6400 60000
2.298259  9600 60000
2.307539 12800 60000
2.308483 16000 60000
2.303700 19200 60000
2.301428 22400 60000
2.303754 25600 60000
2.306745 28800 60000
2.304797 32000 60000
2.291283 35200 60000
2.311643 38400 60000
2.295227 41600 60000
2.304103 44800 60000
2.286210 48000 60000
2.298283 51200 60000
2.299134 54400 60000
2.304059 57600 60000
