Epoch 1
-------------------------------
2.311686     0 60000
2.309979  3200 60000
2.343342  6400 60000
2.312757  9600 60000
2.321676 12800 60000
2.273575 16000 60000
2.332267 19200 60000
2.283098 22400 60000
2.310591 25600 60000
2.342746 28800 60000
2.275773 32000 60000
2.313386 35200 60000
2.290650 38400 60000
2.318101 41600 60000
2.312455 44800 60000
2.333660 48000 60000
2.327213 51200 60000
2.316488 54400 60000
2.302510 57600 60000
Epoch 2
-------------------------------
2.280190     0 60000
2.323838  3200 60000
2.273317  6400 60000
2.323550  9600 60000
2.277188 12800 60000
2.310974 16000 60000
2.292213 19200 60000
2.333800 22400 60000
2.297046 25600 60000
2.260091 28800 60000
2.277736 32000 60000
2.380958 35200 60000
2.278120 38400 60000
2.318568 41600 60000
2.327812 44800 60000
2.340148 48000 60000
2.332981 51200 60000
2.355593 54400 60000
2.313382 57600 60000
Epoch 3
-------------------------------
2.276784     0 60000
2.294560  3200 60000
2.361361  6400 60000
2.299759  9600 60000
2.281990 12800 60000
2.307542 16000 60000
2.327023 19200 60000
2.309853 22400 60000
2.307136 25600 60000
2.347913 28800 60000
2.293520 32000 60000
2.308289 35200 60000
2.306326 38400 60000
2.321160 41600 60000
2.343470 44800 60000
2.300892 48000 60000
2.296684 51200 60000
2.322347 54400 60000
2.353505 57600 60000
Epoch 4
-------------------------------
2.320040     0 60000
2.296147  3200 60000
2.311078  6400 60000
2.343907  9600 60000
2.297688 12800 60000
2.403000 16000 60000
2.293551 19200 60000
2.289100 22400 60000
2.311166 25600 60000
2.345298 28800 60000
2.272157 32000 60000
2.326698 35200 60000
2.338753 38400 60000
2.351664 41600 60000
2.349331 44800 60000
2.337234 48000 60000
2.318979 51200 60000
2.335280 54400 60000
2.297734 57600 60000
Epoch 5
-------------------------------
2.279433     0 60000
2.317169  3200 60000
2.352957  6400 60000
2.334140  9600 60000
2.316873 12800 60000
2.288273 16000 60000
2.359772 19200 60000
2.313036 22400 60000
2.273033 25600 60000
2.233569 28800 60000
2.364217 32000 60000
2.362219 35200 60000
2.309251 38400 60000
2.338947 41600 60000
2.332646 44800 60000
2.298162 48000 60000
2.316704 51200 60000
2.353681 54400 60000
2.288653 57600 60000
Epoch 6
-------------------------------
2.349218     0 60000
2.293532  3200 60000
2.291669  6400 60000
2.346360  9600 60000
2.322862 12800 60000
2.351168 16000 60000
2.327670 19200 60000
2.299479 22400 60000
2.301621 25600 60000
2.319749 28800 60000
2.279112 32000 60000
2.329316 35200 60000
2.279748 38400 60000
2.289480 41600 60000
2.305628 44800 60000
2.343566 48000 60000
2.295176 51200 60000
2.367532 54400 60000
2.287915 57600 60000
Epoch 7
-------------------------------
2.278798     0 60000
2.286810  3200 60000
2.359587  6400 60000
2.325475  9600 60000
2.373174 12800 60000
2.272841 16000 60000
2.293071 19200 60000
2.312481 22400 60000
2.292866 25600 60000
2.310700 28800 60000
2.281775 32000 60000
2.311773 35200 60000
2.313823 38400 60000
2.315631 41600 60000
2.305649 44800 60000
2.314626 48000 60000
2.312209 51200 60000
2.329871 54400 60000
2.306096 57600 60000
Epoch 8
-------------------------------
2.326998     0 60000
2.259901  3200 60000
2.292793  6400 60000
2.342416  9600 60000
2.313939 12800 60000
2.298301 16000 60000
2.336164 19200 60000
2.265229 22400 60000
2.298886 25600 60000
2.337067 28800 60000
2.309956 32000 60000
2.266322 35200 60000
2.325677 38400 60000
2.308139 41600 60000
2.379701 44800 60000
2.352677 48000 60000
2.316900 51200 60000
2.333984 54400 60000
2.287576 57600 60000
Epoch 9
-------------------------------
2.302316     0 60000
2.314826  3200 60000
2.308675  6400 60000
2.314131  9600 60000
2.278399 12800 60000
2.346696 16000 60000
2.338568 19200 60000
2.301957 22400 60000
2.295583 25600 60000
2.287926 28800 60000
2.284711 32000 60000
2.393339 35200 60000
2.314640 38400 60000
2.321818 41600 60000
2.292586 44800 60000
2.270111 48000 60000
2.341740 51200 60000
2.324723 54400 60000
2.290995 57600 60000
Epoch 10
-------------------------------
2.310212     0 60000
2.256684  3200 60000
2.389086  6400 60000
2.291911  9600 60000
2.278366 12800 60000
2.313058 16000 60000
2.322540 19200 60000
2.302281 22400 60000
2.268810 25600 60000
2.349400 28800 60000
2.322272 32000 60000
2.330994 35200 60000
2.334696 38400 60000
2.332824 41600 60000
2.318884 44800 60000
2.316103 48000 60000
2.350831 51200 60000
2.333781 54400 60000
2.371498 57600 60000
Epoch 11
-------------------------------
2.380687     0 60000
2.346434  3200 60000
2.306082  6400 60000
2.394127  9600 60000
2.301700 12800 60000
2.300758 16000 60000
2.303195 19200 60000
2.307523 22400 60000
2.339177 25600 60000
2.343894 28800 60000
2.315471 32000 60000
2.320804 35200 60000
2.292271 38400 60000
2.305804 41600 60000
2.328114 44800 60000
2.318342 48000 60000
2.387105 51200 60000
2.330405 54400 60000
2.338495 57600 60000
Epoch 12
-------------------------------
2.280590     0 60000
2.310262  3200 60000
2.311804  6400 60000
2.314210  9600 60000
2.336941 12800 60000
2.286036 16000 60000
2.316640 19200 60000
2.302959 22400 60000
2.300496 25600 60000
2.341091 28800 60000
2.382596 32000 60000
2.329544 35200 60000
2.294062 38400 60000
2.341689 41600 60000
2.289702 44800 60000
2.332542 48000 60000
2.309212 51200 60000
2.261829 54400 60000
2.333455 57600 60000
