2.296943     0 60000
0.881094  3200 60000
0.593892  6400 60000
0.400742  9600 60000
0.500770 12800 60000
0.861428 16000 60000
0.481326 19200 60000
0.610748 22400 60000
0.417358 25600 60000
0.548945 28800 60000
0.854825 32000 60000
0.750487 35200 60000
0.373780 38400 60000
0.232961 41600 60000
0.941275 44800 60000
1.074587 48000 60000
0.278039 51200 60000
0.442995 54400 60000
0.485712 57600 60000
0.410382     0 60000
0.292968  3200 60000
0.480796  6400 60000
0.374458  9600 60000
0.381568 12800 60000
0.515500 16000 60000
0.285033 19200 60000
0.306696 22400 60000
0.532321 25600 60000
0.584977 28800 60000
0.207469 32000 60000
0.592752 35200 60000
0.359536 38400 60000
0.613774 41600 60000
0.304395 44800 60000
0.423118 48000 60000
0.353928 51200 60000
0.339283 54400 60000
0.494071 57600 60000
0.364045     0 60000
0.417294  3200 60000
0.280442  6400 60000
0.440131  9600 60000
0.551159 12800 60000
0.691410 16000 60000
0.251335 19200 60000
0.415846 22400 60000
0.669337 25600 60000
0.492052 28800 60000
0.911485 32000 60000
0.334722 35200 60000
0.657391 38400 60000
0.166906 41600 60000
0.408105 44800 60000
0.262329 48000 60000
0.624949 51200 60000
0.252165 54400 60000
0.387538 57600 60000
0.672263     0 60000
0.574062  3200 60000
0.560107  6400 60000
0.480374  9600 60000
0.283219 12800 60000
0.591723 16000 60000
0.498025 19200 60000
0.463042 22400 60000
0.422399 25600 60000
0.433608 28800 60000
0.396351 32000 60000
0.497986 35200 60000
0.374672 38400 60000
0.262157 41600 60000
0.264075 44800 60000
0.426595 48000 60000
0.391166 51200 60000
0.445757 54400 60000
0.428510 57600 60000
0.261955     0 60000
0.256499  3200 60000
0.586307  6400 60000
0.493723  9600 60000
0.550102 12800 60000
0.448971 16000 60000
0.518882 19200 60000
0.376325 22400 60000
0.326424 25600 60000
0.301913 28800 60000
0.490123 32000 60000
0.494822 35200 60000
0.508385 38400 60000
0.304937 41600 60000
0.255439 44800 60000
0.321658 48000 60000
0.613776 51200 60000
0.402281 54400 60000
0.452062 57600 60000
