Epoch 1
-------------------------------
2.276285     0 60000
2.399950  3200 60000
2.323361  6400 60000
2.334486  9600 60000
2.402556 12800 60000
2.334693 16000 60000
2.357403 19200 60000
2.346544 22400 60000
2.316970 25600 60000
2.326595 28800 60000
2.318960 32000 60000
2.288930 35200 60000
2.279905 38400 60000
2.298142 41600 60000
2.316404 44800 60000
2.317952 48000 60000
2.322283 51200 60000
2.295013 54400 60000
2.329022 57600 60000
Epoch 2
-------------------------------
2.335535     0 60000
2.390100  3200 60000
2.295421  6400 60000
2.362641  9600 60000
2.282358 12800 60000
2.314852 16000 60000
2.214580 19200 60000
2.269183 22400 60000
2.267661 25600 60000
2.252110 28800 60000
2.278451 32000 60000
2.286499 35200 60000
2.343707 38400 60000
2.327780 41600 60000
2.310757 44800 60000
2.300398 48000 60000
2.296684 51200 60000
2.276872 54400 60000
2.325739 57600 60000
Epoch 3
-------------------------------
2.299123     0 60000
2.343134  3200 60000
2.290630  6400 60000
2.321836  9600 60000
2.291315 12800 60000
2.297665 16000 60000
2.354075 19200 60000
2.309105 22400 60000
2.308754 25600 60000
2.350959 28800 60000
2.290345 32000 60000
2.297171 35200 60000
2.353527 38400 60000
2.329169 41600 60000
2.359325 44800 60000
2.347951 48000 60000
2.300636 51200 60000
2.308175 54400 60000
2.345095 57600 60000
Epoch 4
-------------------------------
2.309117     0 60000
2.339870  3200 60000
2.343276  6400 60000
2.293465  9600 60000
2.338906 12800 60000
2.317845 16000 60000
2.283230 19200 60000
2.298993 22400 60000
2.308609 25600 60000
2.312586 28800 60000
2.335503 32000 60000
2.293442 35200 60000
2.281328 38400 60000
2.327845 41600 60000
2.348627 44800 60000
2.326127 48000 60000
2.283083 51200 60000
2.303225 54400 60000
2.342111 57600 60000
Epoch 5
-------------------------------
2.328935     0 60000
2.295894  3200 60000
2.299981  6400 60000
2.285467  9600 60000
2.308167 12800 60000
2.296656 16000 60000
2.313244 19200 60000
2.331963 22400 60000
2.297469 25600 60000
2.272733 28800 60000
2.318698 32000 60000
2.335069 35200 60000
2.342637 38400 60000
2.279463 41600 60000
2.336181 44800 60000
2.296271 48000 60000
2.289254 51200 60000
2.303488 54400 60000
2.307125 57600 60000
Epoch 6
-------------------------------
2.372128     0 60000
2.286425  3200 60000
2.304142  6400 60000
2.299708  9600 60000
2.293136 12800 60000
2.287489 16000 60000
2.313095 19200 60000
2.309299 22400 60000
2.288888 25600 60000
2.347446 28800 60000
2.376849 32000 60000
2.377725 35200 60000
2.326885 38400 60000
2.328437 41600 60000
2.302705 44800 60000
2.257885 48000 60000
2.323187 51200 60000
2.268968 54400 60000
2.293023 57600 60000
Epoch 7
-------------------------------
2.300761     0 60000
2.240074  3200 60000
2.267135  6400 60000
2.296242  9600 60000
2.285397 12800 60000
2.326883 16000 60000
2.299579 19200 60000
2.307668 22400 60000
2.302462 25600 60000
2.283423 28800 60000
2.298537 32000 60000
2.287638 35200 60000
2.332925 38400 60000
2.271126 41600 60000
2.296075 44800 60000
2.336989 48000 60000
2.308953 51200 60000
2.314193 54400 60000
2.326076 57600 60000
Epoch 8
-------------------------------
2.295828     0 60000
2.293017  3200 60000
2.321567  6400 60000
2.331315  9600 60000
2.331809 12800 60000
2.378710 16000 60000
2.304712 19200 60000
2.285654 22400 60000
2.319549 25600 60000
2.359199 28800 60000
2.297882 32000 60000
2.325137 35200 60000
2.305747 38400 60000
2.289387 41600 60000
2.337050 44800 60000
2.312075 48000 60000
2.338426 51200 60000
2.292119 54400 60000
2.381435 57600 60000
Epoch 9
-------------------------------
2.304695     0 60000
2.285101  3200 60000
2.309697  6400 60000
2.329055  9600 60000
2.311894 12800 60000
2.311663 16000 60000
2.323298 19200 60000
2.331601 22400 60000
2.350618 25600 60000
2.337993 28800 60000
2.311776 32000 60000
2.314990 35200 60000
2.314414 38400 60000
2.309282 41600 60000
2.300909 44800 60000
2.261154 48000 60000
2.320079 51200 60000
2.274370 54400 60000
2.311168 57600 60000
Epoch 10
-------------------------------
2.308783     0 60000
2.306335  3200 60000
2.320843  6400 60000
2.322149  9600 60000
2.274757 12800 60000
2.303917 16000 60000
2.303394 19200 60000
2.314849 22400 60000
2.330494 25600 60000
2.345216 28800 60000
2.332991 32000 60000
2.293814 35200 60000
2.348339 38400 60000
2.314177 41600 60000
2.315149 44800 60000
2.306182 48000 60000
2.323670 51200 60000
2.335827 54400 60000
2.321882 57600 60000
Epoch 11
-------------------------------
2.317625     0 60000
2.325396  3200 60000
2.304665  6400 60000
2.338382  9600 60000
2.345769 12800 60000
2.338941 16000 60000
2.291055 19200 60000
2.306223 22400 60000
2.302124 25600 60000
2.318206 28800 60000
2.386819 32000 60000
2.382085 35200 60000
2.305406 38400 60000
2.327172 41600 60000
2.411406 44800 60000
2.328633 48000 60000
2.276523 51200 60000
2.301145 54400 60000
2.346030 57600 60000
Epoch 12
-------------------------------
2.297084     0 60000
2.342240  3200 60000
2.351362  6400 60000
2.266376  9600 60000
2.306116 12800 60000
2.345052 16000 60000
2.321638 19200 60000
2.296735 22400 60000
2.321548 25600 60000
2.261407 28800 60000
2.260711 32000 60000
2.294436 35200 60000
2.321633 38400 60000
2.324303 41600 60000
2.318150 44800 60000
2.327371 48000 60000
2.303206 51200 60000
2.316409 54400 60000
2.297412 57600 60000
