Epoch 1
-------------------------------
0.277567     0 60000
2.340820  3200 60000
2.253740  6400 60000
2.319785  9600 60000
2.276481 12800 60000
2.311338 16000 60000
2.286911 19200 60000
2.353709 22400 60000
2.315491 25600 60000
2.289473 28800 60000
2.290726 32000 60000
2.294223 35200 60000
2.302421 38400 60000
2.295312 41600 60000
2.350089 44800 60000
2.304077 48000 60000
2.302375 51200 60000
2.286141 54400 60000
2.298047 57600 60000
Epoch 2
-------------------------------
2.312105     0 60000
2.295228  3200 60000
2.340241  6400 60000
2.282277  9600 60000
2.310379 12800 60000
2.343885 16000 60000
2.300691 19200 60000
2.334630 22400 60000
2.357567 25600 60000
2.314012 28800 60000
2.259236 32000 60000
2.331692 35200 60000
2.373251 38400 60000
2.303560 41600 60000
2.343309 44800 60000
2.324255 48000 60000
2.299726 51200 60000
2.316159 54400 60000
2.255836 57600 60000
Epoch 3
-------------------------------
2.336564     0 60000
2.340557  3200 60000
2.341917  6400 60000
2.298084  9600 60000
2.288945 12800 60000
2.288415 16000 60000
2.307312 19200 60000
2.311528 22400 60000
2.334454 25600 60000
2.285094 28800 60000
2.290001 32000 60000
2.405982 35200 60000
2.334689 38400 60000
2.351554 41600 60000
2.382336 44800 60000
2.346256 48000 60000
2.320686 51200 60000
2.332235 54400 60000
2.310825 57600 60000
Epoch 4
-------------------------------
2.300800     0 60000
2.344138  3200 60000
2.233506  6400 60000
2.278269  9600 60000
2.303628 12800 60000
2.337392 16000 60000
2.261638 19200 60000
2.306973 22400 60000
2.349888 25600 60000
2.311667 28800 60000
2.253694 32000 60000
2.308374 35200 60000
2.328982 38400 60000
2.325387 41600 60000
2.348178 44800 60000
2.329972 48000 60000
2.315214 51200 60000
2.355573 54400 60000
2.330477 57600 60000
Epoch 5
-------------------------------
2.332403     0 60000
2.322817  3200 60000
2.334780  6400 60000
2.334763  9600 60000
2.313370 12800 60000
2.294929 16000 60000
2.302689 19200 60000
2.297074 22400 60000
2.301156 25600 60000
2.316427 28800 60000
2.366128 32000 60000
2.322037 35200 60000
2.242050 38400 60000
2.309167 41600 60000
2.264809 44800 60000
2.292384 48000 60000
2.328920 51200 60000
2.328993 54400 60000
2.312311 57600 60000
Epoch 6
-------------------------------
2.321631     0 60000
2.341386  3200 60000
2.342894  6400 60000
2.257787  9600 60000
2.288314 12800 60000
2.363888 16000 60000
2.302027 19200 60000
2.269505 22400 60000
2.292300 25600 60000
2.316499 28800 60000
2.306496 32000 60000
2.330296 35200 60000
2.310898 38400 60000
2.346537 41600 60000
2.331507 44800 60000
2.296245 48000 60000
2.307405 51200 60000
2.307445 54400 60000
2.279885 57600 60000
Epoch 7
-------------------------------
2.315650     0 60000
2.250250  3200 60000
2.312722  6400 60000
2.317210  9600 60000
2.311117 12800 60000
2.315673 16000 60000
2.298263 19200 60000
2.340346 22400 60000
2.371141 25600 60000
2.305554 28800 60000
2.316972 32000 60000
2.330305 35200 60000
2.323676 38400 60000
2.298658 41600 60000
2.354343 44800 60000
2.305710 48000 60000
2.360801 51200 60000
2.276132 54400 60000
2.284306 57600 60000
Epoch 8
-------------------------------
2.322400     0 60000
2.306492  3200 60000
2.288318  6400 60000
2.404680  9600 60000
2.300077 12800 60000
2.330993 16000 60000
2.273759 19200 60000
2.387416 22400 60000
2.313650 25600 60000
2.310154 28800 60000
2.314347 32000 60000
2.276437 35200 60000
2.295922 38400 60000
2.313508 41600 60000
2.370431 44800 60000
2.323287 48000 60000
2.330126 51200 60000
2.296678 54400 60000
2.302334 57600 60000
Epoch 9
-------------------------------
2.325048     0 60000
2.280055  3200 60000
2.314747  6400 60000
2.323737  9600 60000
2.293364 12800 60000
2.311779 16000 60000
2.288022 19200 60000
2.281357 22400 60000
2.317439 25600 60000
2.332151 28800 60000
2.318627 32000 60000
2.299448 35200 60000
2.346926 38400 60000
2.294812 41600 60000
2.300076 44800 60000
2.297034 48000 60000
2.333168 51200 60000
2.291634 54400 60000
2.369348 57600 60000
Epoch 10
-------------------------------
2.344715     0 60000
2.308690  3200 60000
2.293680  6400 60000
2.288777  9600 60000
2.275341 12800 60000
2.335666 16000 60000
2.294091 19200 60000
2.268407 22400 60000
2.304816 25600 60000
2.364734 28800 60000
2.379784 32000 60000
2.277550 35200 60000
2.244275 38400 60000
2.281203 41600 60000
2.265353 44800 60000
2.254704 48000 60000
2.282582 51200 60000
2.307830 54400 60000
2.379705 57600 60000
Epoch 11
-------------------------------
2.308067     0 60000
2.309494  3200 60000
2.325937  6400 60000
2.332003  9600 60000
2.357329 12800 60000
2.314595 16000 60000
2.326126 19200 60000
2.307196 22400 60000
2.379829 25600 60000
2.348039 28800 60000
2.316391 32000 60000
2.311720 35200 60000
2.326346 38400 60000
2.293830 41600 60000
2.347841 44800 60000
2.368023 48000 60000
2.287200 51200 60000
2.285452 54400 60000
2.357391 57600 60000
Epoch 12
-------------------------------
2.356294     0 60000
2.366421  3200 60000
2.323434  6400 60000
2.287586  9600 60000
2.295533 12800 60000
2.315671 16000 60000
2.300220 19200 60000
2.289163 22400 60000
2.285760 25600 60000
2.304007 28800 60000
2.342687 32000 60000
2.305778 35200 60000
2.310838 38400 60000
2.305544 41600 60000
2.270389 44800 60000
2.331834 48000 60000
2.338039 51200 60000
2.301734 54400 60000
2.266510 57600 60000
