Epoch 1
-------------------------------
2.300916     0 60000
1.575235  3200 60000
1.359055  6400 60000
1.279490  9600 60000
0.843721 12800 60000
1.127948 16000 60000
0.879779 19200 60000
0.881817 22400 60000
0.992264 25600 60000
0.999026 28800 60000
0.946122 32000 60000
1.204888 35200 60000
0.627218 38400 60000
1.257791 41600 60000
1.138990 44800 60000
1.256557 48000 60000
0.914530 51200 60000
1.019669 54400 60000
0.573729 57600 60000
Epoch 2
-------------------------------
0.693052     0 60000
0.623783  3200 60000
0.920741  6400 60000
1.294909  9600 60000
0.864125 12800 60000
0.898602 16000 60000
0.804991 19200 60000
1.070979 22400 60000
1.092253 25600 60000
0.716873 28800 60000
0.532064 32000 60000
0.757011 35200 60000
0.831653 38400 60000
0.623255 41600 60000
0.438919 44800 60000
0.581965 48000 60000
0.578898 51200 60000
0.499293 54400 60000
1.083580 57600 60000
Epoch 3
-------------------------------
1.100278     0 60000
1.116699  3200 60000
0.939993  6400 60000
1.058158  9600 60000
0.669147 12800 60000
0.566218 16000 60000
0.628617 19200 60000
0.784495 22400 60000
0.571143 25600 60000
0.773778 28800 60000
0.864346 32000 60000
0.537053 35200 60000
1.255232 38400 60000
1.079953 41600 60000
0.962086 44800 60000
0.624802 48000 60000
0.775789 51200 60000
0.843276 54400 60000
0.495834 57600 60000
Epoch 4
-------------------------------
0.735460     0 60000
0.651104  3200 60000
0.568918  6400 60000
0.452902  9600 60000
0.716121 12800 60000
0.726581 16000 60000
0.371833 19200 60000
0.596560 22400 60000
0.502500 25600 60000
0.585165 28800 60000
0.550173 32000 60000
0.744915 35200 60000
0.499592 38400 60000
0.516809 41600 60000
0.791948 44800 60000
0.308206 48000 60000
0.479592 51200 60000
0.348704 54400 60000
0.612766 57600 60000
Epoch 5
-------------------------------
0.685059     0 60000
0.601993  3200 60000
0.559362  6400 60000
0.699981  9600 60000
0.619745 12800 60000
0.340452 16000 60000
0.591407 19200 60000
0.489811 22400 60000
1.021688 25600 60000
0.551776 28800 60000
0.751107 32000 60000
0.789766 35200 60000
0.818370 38400 60000
0.651870 41600 60000
0.595326 44800 60000
0.344240 48000 60000
0.534230 51200 60000
0.512675 54400 60000
0.596535 57600 60000
Epoch 6
-------------------------------
0.388294     0 60000
0.371399  3200 60000
0.482938  6400 60000
0.661204  9600 60000
0.430138 12800 60000
0.302546 16000 60000
0.692969 19200 60000
0.556173 22400 60000
0.877805 25600 60000
0.371286 28800 60000
0.704405 32000 60000
0.460140 35200 60000
0.904961 38400 60000
0.632724 41600 60000
0.843834 44800 60000
0.666770 48000 60000
0.601270 51200 60000
0.735234 54400 60000
1.018860 57600 60000
Epoch 7
-------------------------------
0.690440     0 60000
0.596922  3200 60000
0.635211  6400 60000
0.450602  9600 60000
0.215132 12800 60000
0.502133 16000 60000
1.006771 19200 60000
0.571323 22400 60000
1.057995 25600 60000
0.835035 28800 60000
0.376013 32000 60000
0.837986 35200 60000
0.440293 38400 60000
0.498280 41600 60000
0.565026 44800 60000
0.639437 48000 60000
0.384169 51200 60000
0.661959 54400 60000
0.381133 57600 60000
Epoch 8
-------------------------------
0.718920     0 60000
0.509374  3200 60000
0.773362  6400 60000
0.446021  9600 60000
0.665460 12800 60000
0.533933 16000 60000
0.700248 19200 60000
0.912860 22400 60000
0.683475 25600 60000
0.448257 28800 60000
0.623774 32000 60000
0.671829 35200 60000
0.255760 38400 60000
0.542591 41600 60000
0.572400 44800 60000
0.322726 48000 60000
0.429276 51200 60000
0.284919 54400 60000
0.437935 57600 60000
Epoch 9
-------------------------------
0.457429     0 60000
0.830721  3200 60000
0.784562  6400 60000
0.570868  9600 60000
0.201912 12800 60000
0.555823 16000 60000
0.581965 19200 60000
0.484432 22400 60000
0.609840 25600 60000
0.275978 28800 60000
0.328828 32000 60000
0.748005 35200 60000
0.381368 38400 60000
0.366997 41600 60000
0.562627 44800 60000
0.403054 48000 60000
0.286978 51200 60000
0.842329 54400 60000
0.357687 57600 60000
Epoch 10
-------------------------------
0.773756     0 60000
0.535289  3200 60000
0.691704  6400 60000
0.567567  9600 60000
0.849353 12800 60000
0.554288 16000 60000
0.735203 19200 60000
0.575706 22400 60000
0.484052 25600 60000
0.439124 28800 60000
0.550192 32000 60000
0.559330 35200 60000
0.285588 38400 60000
0.488431 41600 60000
0.594847 44800 60000
0.595853 48000 60000
0.584334 51200 60000
0.541890 54400 60000
0.688879 57600 60000
Epoch 11
-------------------------------
0.650438     0 60000
0.303649  3200 60000
0.895229  6400 60000
0.451262  9600 60000
0.183745 12800 60000
0.500699 16000 60000
0.406049 19200 60000
0.808356 22400 60000
0.574601 25600 60000
0.330889 28800 60000
0.354149 32000 60000
0.500442 35200 60000
0.538276 38400 60000
0.627425 41600 60000
0.371874 44800 60000
0.417273 48000 60000
0.288231 51200 60000
0.743125 54400 60000
0.456158 57600 60000
Epoch 12
-------------------------------
0.428943     0 60000
0.598552  3200 60000
0.614001  6400 60000
0.380802  9600 60000
0.647875 12800 60000
0.787734 16000 60000
0.641247 19200 60000
0.367773 22400 60000
0.305414 25600 60000
0.475397 28800 60000
0.553026 32000 60000
0.456639 35200 60000
0.636259 38400 60000
0.486646 41600 60000
0.362422 44800 60000
0.435972 48000 60000
0.455317 51200 60000
0.793626 54400 60000
0.584456 57600 60000
