Epoch 1
-------------------------------
2.306912     0 60000
1.317275  3200 60000
0.989935  6400 60000
1.071756  9600 60000
0.749786 12800 60000
0.563471 16000 60000
0.721496 19200 60000
0.789812 22400 60000
0.645641 25600 60000
0.712656 28800 60000
0.472413 32000 60000
0.762463 35200 60000
0.957465 38400 60000
1.000443 41600 60000
0.845832 44800 60000
0.648219 48000 60000
0.501585 51200 60000
0.409934 54400 60000
0.636176 57600 60000
Epoch 2
-------------------------------
0.448376     0 60000
0.781882  3200 60000
0.744826  6400 60000
0.568253  9600 60000
0.324941 12800 60000
0.798793 16000 60000
0.537688 19200 60000
0.762414 22400 60000
0.531523 25600 60000
0.525534 28800 60000
0.353119 32000 60000
0.239464 35200 60000
0.335026 38400 60000
0.437542 41600 60000
0.429593 44800 60000
0.509509 48000 60000
0.449083 51200 60000
0.794195 54400 60000
0.611023 57600 60000
Epoch 3
-------------------------------
0.457700     0 60000
0.651836  3200 60000
0.648224  6400 60000
0.325810  9600 60000
0.379374 12800 60000
0.742244 16000 60000
0.485192 19200 60000
0.523923 22400 60000
0.409127 25600 60000
0.457401 28800 60000
0.728975 32000 60000
0.274917 35200 60000
0.420236 38400 60000
0.604681 41600 60000
0.396604 44800 60000
0.464308 48000 60000
0.785380 51200 60000
0.255657 54400 60000
0.395524 57600 60000
Epoch 4
-------------------------------
0.191268     0 60000
0.485020  3200 60000
0.255661  6400 60000
0.426965  9600 60000
0.328461 12800 60000
0.406787 16000 60000
0.488872 19200 60000
0.425613 22400 60000
0.188864 25600 60000
0.222875 28800 60000
0.603875 32000 60000
0.357215 35200 60000
0.586513 38400 60000
0.475715 41600 60000
0.200440 44800 60000
0.288005 48000 60000
0.327148 51200 60000
0.427516 54400 60000
0.291964 57600 60000
Epoch 5
-------------------------------
0.456850     0 60000
0.264609  3200 60000
0.735585  6400 60000
0.555807  9600 60000
0.382563 12800 60000
0.436068 16000 60000
0.531512 19200 60000
0.215990 22400 60000
0.266531 25600 60000
0.262268 28800 60000
0.305899 32000 60000
0.333916 35200 60000
0.255760 38400 60000
0.092192 41600 60000
0.515505 44800 60000
0.316471 48000 60000
0.332222 51200 60000
0.285921 54400 60000
0.703826 57600 60000
Epoch 6
-------------------------------
0.518351     0 60000
0.400390  3200 60000
0.150545  6400 60000
0.521022  9600 60000
0.362539 12800 60000
0.327308 16000 60000
0.207085 19200 60000
0.552533 22400 60000
0.428534 25600 60000
0.233188 28800 60000
0.159034 32000 60000
0.245393 35200 60000
0.336544 38400 60000
0.525636 41600 60000
0.413561 44800 60000
0.393663 48000 60000
0.295125 51200 60000
0.267841 54400 60000
0.254262 57600 60000
Epoch 7
-------------------------------
0.581383     0 60000
0.192889  3200 60000
0.231632  6400 60000
0.154926  9600 60000
0.483839 12800 60000
0.452823 16000 60000
0.207092 19200 60000
0.501802 22400 60000
0.544349 25600 60000
0.169982 28800 60000
0.357499 32000 60000
0.319424 35200 60000
0.390963 38400 60000
0.630787 41600 60000
0.377881 44800 60000
0.431265 48000 60000
0.112852 51200 60000
0.235522 54400 60000
0.215728 57600 60000
Epoch 8
-------------------------------
0.138588     0 60000
0.350280  3200 60000
0.578529  6400 60000
0.275945  9600 60000
0.172283 12800 60000
0.290461 16000 60000
0.388596 19200 60000
0.270787 22400 60000
0.531403 25600 60000
0.599754 28800 60000
0.445947 32000 60000
0.260827 35200 60000
0.280066 38400 60000
0.131665 41600 60000
0.150816 44800 60000
0.131956 48000 60000
0.375159 51200 60000
0.221481 54400 60000
0.140687 57600 60000
Epoch 9
-------------------------------
0.405949     0 60000
0.337526  3200 60000
0.245403  6400 60000
0.785602  9600 60000
0.437537 12800 60000
0.063498 16000 60000
0.319542 19200 60000
0.368347 22400 60000
0.321583 25600 60000
0.304109 28800 60000
0.508599 32000 60000
0.180711 35200 60000
0.288220 38400 60000
0.599064 41600 60000
0.320650 44800 60000
0.266977 48000 60000
0.196853 51200 60000
0.170666 54400 60000
0.574059 57600 60000
Epoch 10
-------------------------------
0.171838     0 60000
0.214691  3200 60000
0.293078  6400 60000
0.306486  9600 60000
0.257196 12800 60000
0.138693 16000 60000
0.150770 19200 60000
0.301851 22400 60000
0.194667 25600 60000
0.204641 28800 60000
0.229118 32000 60000
0.375728 35200 60000
0.233356 38400 60000
0.354632 41600 60000
0.195900 44800 60000
0.303861 48000 60000
0.265250 51200 60000
0.231986 54400 60000
0.502481 57600 60000
Epoch 11
-------------------------------
0.447962     0 60000
0.068514  3200 60000
0.289099  6400 60000
0.407611  9600 60000
0.195372 12800 60000
0.167531 16000 60000
0.247304 19200 60000
0.405760 22400 60000
0.671713 25600 60000
0.364673 28800 60000
0.268013 32000 60000
0.120875 35200 60000
0.194899 38400 60000
0.264603 41600 60000
0.558700 44800 60000
0.096007 48000 60000
0.290015 51200 60000
0.166448 54400 60000
0.398984 57600 60000
Epoch 12
-------------------------------
0.137756     0 60000
0.686214  3200 60000
0.522130  6400 60000
0.105642  9600 60000
0.187062 12800 60000
0.199663 16000 60000
0.445343 19200 60000
0.609142 22400 60000
0.133612 25600 60000
0.298952 28800 60000
0.392739 32000 60000
0.440016 35200 60000
0.516054 38400 60000
0.113952 41600 60000
0.167843 44800 60000
0.337335 48000 60000
0.150677 51200 60000
0.262888 54400 60000
0.254519 57600 60000
