Epoch 1
-------------------------------
2.299899     0 60000
0.722354  3200 60000
0.646825  6400 60000
0.766926  9600 60000
0.422510 12800 60000
0.269343 16000 60000
0.456700 19200 60000
0.770446 22400 60000
0.358747 25600 60000
0.797784 28800 60000
0.502193 32000 60000
0.158098 35200 60000
0.261201 38400 60000
0.400061 41600 60000
0.492471 44800 60000
0.713340 48000 60000
0.367754 51200 60000
0.267364 54400 60000
0.559540 57600 60000
Epoch 2
-------------------------------
0.354421     0 60000
0.194243  3200 60000
0.340470  6400 60000
0.484470  9600 60000
0.608245 12800 60000
0.139341 16000 60000
0.241874 19200 60000
0.500919 22400 60000
0.440223 25600 60000
0.427338 28800 60000
0.416434 32000 60000
0.389031 35200 60000
0.374757 38400 60000
0.634947 41600 60000
0.116067 44800 60000
0.242397 48000 60000
0.845459 51200 60000
0.377572 54400 60000
0.190619 57600 60000
Epoch 3
-------------------------------
0.318208     0 60000
0.545443  3200 60000
0.098230  6400 60000
0.646917  9600 60000
0.231654 12800 60000
0.487880 16000 60000
0.123631 19200 60000
0.328984 22400 60000
0.200936 25600 60000
0.247938 28800 60000
0.431818 32000 60000
0.425328 35200 60000
0.268873 38400 60000
0.412952 41600 60000
0.470109 44800 60000
0.379802 48000 60000
0.107189 51200 60000
0.232924 54400 60000
0.357983 57600 60000
Epoch 4
-------------------------------
0.249388     0 60000
0.228690  3200 60000
0.249177  6400 60000
0.547156  9600 60000
0.295396 12800 60000
0.630715 16000 60000
0.322338 19200 60000
0.343498 22400 60000
0.290290 25600 60000
0.236227 28800 60000
0.498725 32000 60000
0.224380 35200 60000
0.426188 38400 60000
0.248518 41600 60000
0.532038 44800 60000
0.179759 48000 60000
0.424425 51200 60000
0.216326 54400 60000
0.225294 57600 60000
Epoch 5
-------------------------------
0.279088     0 60000
0.348721  3200 60000
0.166110  6400 60000
0.127956  9600 60000
0.635418 12800 60000
0.195523 16000 60000
0.149061 19200 60000
0.194924 22400 60000
0.352738 25600 60000
0.127814 28800 60000
0.460998 32000 60000
0.340506 35200 60000
0.292397 38400 60000
0.326852 41600 60000
0.297340 44800 60000
0.240359 48000 60000
0.176540 51200 60000
0.143707 54400 60000
0.246429 57600 60000
Epoch 6
-------------------------------
0.129570     0 60000
0.214513  3200 60000
0.757600  6400 60000
0.158284  9600 60000
0.142491 12800 60000
0.363336 16000 60000
0.086917 19200 60000
0.226121 22400 60000
0.230038 25600 60000
0.243571 28800 60000
0.225025 32000 60000
0.184679 35200 60000
0.167087 38400 60000
0.265241 41600 60000
0.199974 44800 60000
0.344098 48000 60000
0.314239 51200 60000
0.183460 54400 60000
0.436806 57600 60000
Epoch 7
-------------------------------
0.205432     0 60000
0.311874  3200 60000
0.166005  6400 60000
0.242187  9600 60000
0.296651 12800 60000
0.059323 16000 60000
0.240357 19200 60000
0.232430 22400 60000
0.157006 25600 60000
0.251270 28800 60000
0.464052 32000 60000
0.205264 35200 60000
0.333298 38400 60000
0.328828 41600 60000
0.240301 44800 60000
0.255566 48000 60000
0.333035 51200 60000
0.418302 54400 60000
0.377101 57600 60000
Epoch 8
-------------------------------
0.360561     0 60000
0.314022  3200 60000
0.339554  6400 60000
0.359770  9600 60000
0.284537 12800 60000
0.328524 16000 60000
0.222442 19200 60000
0.265134 22400 60000
0.160530 25600 60000
0.290870 28800 60000
0.188902 32000 60000
0.217762 35200 60000
0.217475 38400 60000
0.167459 41600 60000
0.247605 44800 60000
0.122755 48000 60000
0.193801 51200 60000
0.178758 54400 60000
0.111417 57600 60000
Epoch 9
-------------------------------
0.115049     0 60000
0.366177  3200 60000
0.116437  6400 60000
0.368000  9600 60000
0.271740 12800 60000
0.218462 16000 60000
0.336538 19200 60000
0.385935 22400 60000
0.099295 25600 60000
0.310802 28800 60000
0.272133 32000 60000
0.271091 35200 60000
0.078361 38400 60000
0.110387 41600 60000
0.402008 44800 60000
0.541502 48000 60000
0.393889 51200 60000
0.235615 54400 60000
0.300379 57600 60000
Epoch 10
-------------------------------
0.331572     0 60000
0.150737  3200 60000
0.266366  6400 60000
0.199529  9600 60000
0.092430 12800 60000
0.170727 16000 60000
0.335439 19200 60000
0.286922 22400 60000
0.303775 25600 60000
0.128947 28800 60000
0.173327 32000 60000
0.097877 35200 60000
0.242792 38400 60000
0.262478 41600 60000
0.195734 44800 60000
0.150562 48000 60000
0.156958 51200 60000
0.414800 54400 60000
0.200858 57600 60000
Epoch 11
-------------------------------
0.125864     0 60000
0.098749  3200 60000
0.208629  6400 60000
0.221766  9600 60000
0.404657 12800 60000
0.270533 16000 60000
0.114481 19200 60000
0.233972 22400 60000
0.173411 25600 60000
0.424615 28800 60000
0.205821 32000 60000
0.358160 35200 60000
0.173259 38400 60000
0.136857 41600 60000
0.326492 44800 60000
0.215691 48000 60000
0.181798 51200 60000
0.290994 54400 60000
0.151252 57600 60000
Epoch 12
-------------------------------
0.133678     0 60000
0.068869  3200 60000
0.174594  6400 60000
0.272205  9600 60000
0.382064 12800 60000
0.198381 16000 60000
0.226722 19200 60000
0.088616 22400 60000
0.253009 25600 60000
0.211187 28800 60000
0.419278 32000 60000
0.148197 35200 60000
0.130614 38400 60000
0.049584 41600 60000
0.219983 44800 60000
0.118524 48000 60000
0.271370 51200 60000
0.430669 54400 60000
0.316505 57600 60000
