Epoch 1
-------------------------------
0.276817     0 60000
2.352260  3200 60000
2.323410  6400 60000
2.283681  9600 60000
2.321095 12800 60000
2.300177 16000 60000
2.281860 19200 60000
2.317932 22400 60000
2.339172 25600 60000
2.291451 28800 60000
2.330192 32000 60000
2.323851 35200 60000
2.292189 38400 60000
2.294112 41600 60000
2.342554 44800 60000
2.279652 48000 60000
2.398503 51200 60000
2.332462 54400 60000
2.403979 57600 60000
Epoch 2
-------------------------------
2.308163     0 60000
2.333323  3200 60000
2.332449  6400 60000
2.331597  9600 60000
2.321321 12800 60000
2.295919 16000 60000
2.324409 19200 60000
2.315199 22400 60000
2.341859 25600 60000
2.301305 28800 60000
2.297457 32000 60000
2.308960 35200 60000
2.339556 38400 60000
2.314912 41600 60000
2.303832 44800 60000
2.325221 48000 60000
2.391087 51200 60000
2.316401 54400 60000
2.293040 57600 60000
Epoch 3
-------------------------------
2.365844     0 60000
2.356432  3200 60000
2.309861  6400 60000
2.349049  9600 60000
2.326625 12800 60000
2.331003 16000 60000
2.356283 19200 60000
2.300014 22400 60000
2.306183 25600 60000
2.341933 28800 60000
2.312941 32000 60000
2.301900 35200 60000
2.297279 38400 60000
2.284370 41600 60000
2.279988 44800 60000
2.284806 48000 60000
2.305021 51200 60000
2.320628 54400 60000
2.311453 57600 60000
Epoch 4
-------------------------------
2.336135     0 60000
2.338728  3200 60000
2.293088  6400 60000
2.291564  9600 60000
2.311987 12800 60000
2.375380 16000 60000
2.297300 19200 60000
2.307986 22400 60000
2.315989 25600 60000
2.338113 28800 60000
2.329166 32000 60000
2.303852 35200 60000
2.290618 38400 60000
2.319130 41600 60000
2.284603 44800 60000
2.334128 48000 60000
2.361396 51200 60000
2.297778 54400 60000
2.310730 57600 60000
Epoch 5
-------------------------------
2.305865     0 60000
2.277897  3200 60000
2.316567  6400 60000
2.273041  9600 60000
2.303247 12800 60000
2.330122 16000 60000
2.328798 19200 60000
2.298017 22400 60000
2.295128 25600 60000
2.334204 28800 60000
2.339427 32000 60000
2.289392 35200 60000
2.285251 38400 60000
2.299716 41600 60000
2.316589 44800 60000
2.305284 48000 60000
2.355912 51200 60000
2.281748 54400 60000
2.316189 57600 60000
Epoch 6
-------------------------------
2.311125     0 60000
2.291792  3200 60000
2.332547  6400 60000
2.288983  9600 60000
2.303914 12800 60000
2.299486 16000 60000
2.295767 19200 60000
2.308714 22400 60000
2.335812 25600 60000
2.267284 28800 60000
2.309278 32000 60000
2.292407 35200 60000
2.316423 38400 60000
2.292800 41600 60000
2.335210 44800 60000
2.274418 48000 60000
2.316688 51200 60000
2.350074 54400 60000
2.347178 57600 60000
Epoch 7
-------------------------------
2.281998     0 60000
2.325052  3200 60000
2.351600  6400 60000
2.331334  9600 60000
2.306891 12800 60000
2.318490 16000 60000
2.276488 19200 60000
2.310977 22400 60000
2.349041 25600 60000
2.310793 28800 60000
2.330930 32000 60000
2.326332 35200 60000
2.267343 38400 60000
2.326647 41600 60000
2.303309 44800 60000
2.320128 48000 60000
2.363748 51200 60000
2.311565 54400 60000
2.337216 57600 60000
Epoch 8
-------------------------------
2.327394     0 60000
2.308333  3200 60000
2.361211  6400 60000
2.383815  9600 60000
2.274852 12800 60000
2.325943 16000 60000
2.316047 19200 60000
2.297513 22400 60000
2.393799 25600 60000
2.331939 28800 60000
2.310952 32000 60000
2.348563 35200 60000
2.287063 38400 60000
2.350975 41600 60000
2.312573 44800 60000
2.350751 48000 60000
2.326088 51200 60000
2.325145 54400 60000
2.297949 57600 60000
Epoch 9
-------------------------------
2.293543     0 60000
2.258347  3200 60000
2.289523  6400 60000
2.310425  9600 60000
2.342055 12800 60000
2.309858 16000 60000
2.310557 19200 60000
2.262127 22400 60000
2.275671 25600 60000
2.355415 28800 60000
2.340639 32000 60000
2.271842 35200 60000
2.293176 38400 60000
2.324591 41600 60000
2.329143 44800 60000
2.318488 48000 60000
2.332928 51200 60000
2.299649 54400 60000
2.311683 57600 60000
Epoch 10
-------------------------------
2.267182     0 60000
2.325212  3200 60000
2.342310  6400 60000
2.312627  9600 60000
2.308931 12800 60000
2.302313 16000 60000
2.323317 19200 60000
2.297944 22400 60000
2.300007 25600 60000
2.286759 28800 60000
2.316286 32000 60000
2.305521 35200 60000
2.407692 38400 60000
2.326426 41600 60000
2.338997 44800 60000
2.338992 48000 60000
2.316762 51200 60000
2.359609 54400 60000
2.345990 57600 60000
Epoch 11
-------------------------------
2.291881     0 60000
2.262323  3200 60000
2.319146  6400 60000
2.351650  9600 60000
2.297971 12800 60000
2.306301 16000 60000
2.296128 19200 60000
2.268280 22400 60000
2.305094 25600 60000
2.363421 28800 60000
2.230736 32000 60000
2.322004 35200 60000
2.262150 38400 60000
2.335080 41600 60000
2.316051 44800 60000
2.371332 48000 60000
2.347326 51200 60000
2.335167 54400 60000
2.286875 57600 60000
Epoch 12
-------------------------------
2.286356     0 60000
2.334052  3200 60000
2.287210  6400 60000
2.321341  9600 60000
2.326445 12800 60000
2.312292 16000 60000
2.302320 19200 60000
2.315993 22400 60000
2.304849 25600 60000
2.316255 28800 60000
2.351552 32000 60000
2.373404 35200 60000
2.325890 38400 60000
2.341476 41600 60000
2.332366 44800 60000
2.312390 48000 60000
2.329338 51200 60000
2.342215 54400 60000
2.333879 57600 60000
