Epoch 1
-------------------------------
0.345218     0 60000
2.287851  3200 60000
2.339776  6400 60000
2.271491  9600 60000
2.283891 12800 60000
2.310799 16000 60000
2.241072 19200 60000
2.252659 22400 60000
2.373734 25600 60000
2.189557 28800 60000
2.315472 32000 60000
2.317864 35200 60000
2.286874 38400 60000
2.302963 41600 60000
2.302448 44800 60000
2.324412 48000 60000
2.305316 51200 60000
2.282092 54400 60000
2.272784 57600 60000
Epoch 2
-------------------------------
2.306505     0 60000
2.326684  3200 60000
2.331209  6400 60000
2.308370  9600 60000
2.290141 12800 60000
2.331415 16000 60000
2.322559 19200 60000
2.340488 22400 60000
2.268966 25600 60000
2.350477 28800 60000
2.321395 32000 60000
2.351303 35200 60000
2.285414 38400 60000
2.300578 41600 60000
2.277305 44800 60000
2.290965 48000 60000
2.235191 51200 60000
2.305470 54400 60000
2.325850 57600 60000
Epoch 3
-------------------------------
2.264814     0 60000
2.383442  3200 60000
2.307153  6400 60000
2.299474  9600 60000
2.330109 12800 60000
2.277553 16000 60000
2.268893 19200 60000
2.327338 22400 60000
2.306109 25600 60000
2.339398 28800 60000
2.303872 32000 60000
2.311884 35200 60000
2.296830 38400 60000
2.266792 41600 60000
2.299418 44800 60000
2.300704 48000 60000
2.288191 51200 60000
2.303644 54400 60000
2.392629 57600 60000
Epoch 4
-------------------------------
2.338449     0 60000
2.317132  3200 60000
2.336366  6400 60000
2.291952  9600 60000
2.322482 12800 60000
2.344865 16000 60000
2.315922 19200 60000
2.276478 22400 60000
2.298614 25600 60000
2.296437 28800 60000
2.330761 32000 60000
2.331564 35200 60000
2.348164 38400 60000
2.287351 41600 60000
2.359308 44800 60000
2.359123 48000 60000
2.316487 51200 60000
2.286708 54400 60000
2.312058 57600 60000
Epoch 5
-------------------------------
2.359973     0 60000
2.302312  3200 60000
2.319304  6400 60000
2.287787  9600 60000
2.304025 12800 60000
2.346388 16000 60000
2.319590 19200 60000
2.345985 22400 60000
2.326710 25600 60000
2.320266 28800 60000
2.281712 32000 60000
2.296348 35200 60000
2.275217 38400 60000
2.268155 41600 60000
2.332796 44800 60000
2.308555 48000 60000
2.304359 51200 60000
2.300672 54400 60000
2.388934 57600 60000
Epoch 6
-------------------------------
2.254696     0 60000
2.339081  3200 60000
2.332775  6400 60000
2.376565  9600 60000
2.304492 12800 60000
2.300816 16000 60000
2.314144 19200 60000
2.368848 22400 60000
2.279167 25600 60000
2.293759 28800 60000
2.312474 32000 60000
2.319762 35200 60000
2.402342 38400 60000
2.302393 41600 60000
2.301987 44800 60000
2.326714 48000 60000
2.323204 51200 60000
2.270967 54400 60000
2.393223 57600 60000
Epoch 7
-------------------------------
2.330534     0 60000
2.346673  3200 60000
2.333646  6400 60000
2.264787  9600 60000
2.336229 12800 60000
2.262839 16000 60000
2.338819 19200 60000
2.319935 22400 60000
2.389071 25600 60000
2.337466 28800 60000
2.338943 32000 60000
2.263472 35200 60000
2.300382 38400 60000
2.274907 41600 60000
2.330938 44800 60000
2.318364 48000 60000
2.273618 51200 60000
2.284470 54400 60000
2.306827 57600 60000
Epoch 8
-------------------------------
2.314199     0 60000
2.324219  3200 60000
2.323462  6400 60000
2.344914  9600 60000
2.324632 12800 60000
2.380903 16000 60000
2.344308 19200 60000
2.315997 22400 60000
2.282879 25600 60000
2.312867 28800 60000
2.261236 32000 60000
2.351871 35200 60000
2.280007 38400 60000
2.320718 41600 60000
2.285488 44800 60000
2.276895 48000 60000
2.358497 51200 60000
2.309273 54400 60000
2.294055 57600 60000
Epoch 9
-------------------------------
2.296043     0 60000
2.305645  3200 60000
2.328967  6400 60000
2.331367  9600 60000
2.334065 12800 60000
2.296380 16000 60000
2.387320 19200 60000
2.344700 22400 60000
2.298699 25600 60000
2.363611 28800 60000
2.360605 32000 60000
2.324697 35200 60000
2.323856 38400 60000
2.313458 41600 60000
2.366693 44800 60000
2.337585 48000 60000
2.364568 51200 60000
2.323074 54400 60000
2.330033 57600 60000
Epoch 10
-------------------------------
2.254226     0 60000
2.338266  3200 60000
2.307212  6400 60000
2.305887  9600 60000
2.278610 12800 60000
2.301053 16000 60000
2.348922 19200 60000
2.297539 22400 60000
2.300711 25600 60000
2.329529 28800 60000
2.312571 32000 60000
2.355730 35200 60000
2.310572 38400 60000
2.306798 41600 60000
2.283121 44800 60000
2.279822 48000 60000
2.301555 51200 60000
2.339035 54400 60000
2.321792 57600 60000
Epoch 11
-------------------------------
2.341074     0 60000
2.270515  3200 60000
2.318720  6400 60000
2.328480  9600 60000
2.345297 12800 60000
2.318785 16000 60000
2.324478 19200 60000
2.313743 22400 60000
2.357787 25600 60000
2.280016 28800 60000
2.316632 32000 60000
2.314789 35200 60000
2.345030 38400 60000
2.375578 41600 60000
2.284407 44800 60000
2.309975 48000 60000
2.279989 51200 60000
2.343018 54400 60000
2.357388 57600 60000
Epoch 12
-------------------------------
2.337497     0 60000
2.287373  3200 60000
2.316188  6400 60000
2.361075  9600 60000
2.336290 12800 60000
2.334219 16000 60000
2.309674 19200 60000
2.221369 22400 60000
2.317356 25600 60000
2.317370 28800 60000
2.307265 32000 60000
2.262854 35200 60000
2.281516 38400 60000
2.356414 41600 60000
2.242742 44800 60000
2.307731 48000 60000
2.330612 51200 60000
2.356659 54400 60000
2.348633 57600 60000
