Epoch 1
-------------------------------
2.307652     0 60000
1.401953  3200 60000
1.014254  6400 60000
0.970727  9600 60000
0.979752 12800 60000
0.854470 16000 60000
0.817678 19200 60000
0.698593 22400 60000
0.581363 25600 60000
0.741873 28800 60000
0.562857 32000 60000
0.807142 35200 60000
0.464684 38400 60000
0.290722 41600 60000
0.746170 44800 60000
0.334581 48000 60000
0.418701 51200 60000
0.532290 54400 60000
0.277559 57600 60000
Epoch 2
-------------------------------
0.915182     0 60000
0.478909  3200 60000
0.558853  6400 60000
0.560137  9600 60000
0.510637 12800 60000
0.272158 16000 60000
0.369896 19200 60000
0.260632 22400 60000
0.606039 25600 60000
0.297692 28800 60000
0.527736 32000 60000
0.480921 35200 60000
0.725220 38400 60000
0.596519 41600 60000
0.432284 44800 60000
0.473586 48000 60000
0.777016 51200 60000
0.238644 54400 60000
0.385185 57600 60000
Epoch 3
-------------------------------
0.393143     0 60000
0.219562  3200 60000
0.372738  6400 60000
0.485400  9600 60000
0.444188 12800 60000
0.408785 16000 60000
0.334577 19200 60000
0.206749 22400 60000
0.315155 25600 60000
0.311432 28800 60000
0.577416 32000 60000
0.522904 35200 60000
0.174050 38400 60000
0.586006 41600 60000
0.190795 44800 60000
0.184887 48000 60000
0.395577 51200 60000
0.739967 54400 60000
0.392662 57600 60000
Epoch 4
-------------------------------
0.287940     0 60000
0.495466  3200 60000
0.402441  6400 60000
0.245671  9600 60000
0.322039 12800 60000
0.506578 16000 60000
0.282788 19200 60000
0.673454 22400 60000
0.280485 25600 60000
0.241767 28800 60000
0.322558 32000 60000
0.211487 35200 60000
0.368385 38400 60000
0.240663 41600 60000
0.294681 44800 60000
0.410992 48000 60000
0.477955 51200 60000
0.412598 54400 60000
0.422292 57600 60000
Epoch 5
-------------------------------
0.612358     0 60000
0.411497  3200 60000
0.534148  6400 60000
0.485840  9600 60000
0.250218 12800 60000
0.323850 16000 60000
0.698194 19200 60000
0.535109 22400 60000
0.287687 25600 60000
0.449300 28800 60000
0.176771 32000 60000
0.737565 35200 60000
0.198893 38400 60000
0.274892 41600 60000
0.290576 44800 60000
0.355704 48000 60000
0.386614 51200 60000
0.257388 54400 60000
0.192439 57600 60000
Epoch 6
-------------------------------
0.262665     0 60000
0.586236  3200 60000
0.263823  6400 60000
0.234783  9600 60000
0.391258 12800 60000
0.303730 16000 60000
0.435473 19200 60000
0.288764 22400 60000
0.259461 25600 60000
0.329247 28800 60000
0.170287 32000 60000
0.411700 35200 60000
0.390162 38400 60000
0.261809 41600 60000
0.370530 44800 60000
0.295122 48000 60000
0.136162 51200 60000
0.268004 54400 60000
0.173824 57600 60000
Epoch 7
-------------------------------
0.357059     0 60000
0.270482  3200 60000
0.173234  6400 60000
0.464433  9600 60000
0.169199 12800 60000
0.217172 16000 60000
0.466807 19200 60000
0.293698 22400 60000
0.552783 25600 60000
0.114335 28800 60000
0.370567 32000 60000
0.456071 35200 60000
0.118432 38400 60000
0.292680 41600 60000
0.360841 44800 60000
0.505186 48000 60000
0.204055 51200 60000
0.194290 54400 60000
0.179794 57600 60000
Epoch 8
-------------------------------
0.507746     0 60000
0.312734  3200 60000
0.127611  6400 60000
0.241966  9600 60000
0.293944 12800 60000
0.181223 16000 60000
0.155541 19200 60000
0.391817 22400 60000
0.195304 25600 60000
0.561429 28800 60000
0.373474 32000 60000
0.318914 35200 60000
0.264449 38400 60000
0.425574 41600 60000
0.077147 44800 60000
0.185143 48000 60000
0.392619 51200 60000
0.195752 54400 60000
0.203367 57600 60000
Epoch 9
-------------------------------
0.195713     0 60000
0.119381  3200 60000
0.423313  6400 60000
0.262089  9600 60000
0.286644 12800 60000
0.269309 16000 60000
0.387029 19200 60000
0.262361 22400 60000
0.425430 25600 60000
0.309319 28800 60000
0.309060 32000 60000
0.339572 35200 60000
0.314914 38400 60000
0.257413 41600 60000
0.549389 44800 60000
0.424579 48000 60000
0.191479 51200 60000
0.309262 54400 60000
0.103101 57600 60000
Epoch 10
-------------------------------
0.234861     0 60000
0.255542  3200 60000
0.532680  6400 60000
0.218496  9600 60000
0.304937 12800 60000
0.222440 16000 60000
0.155860 19200 60000
0.228475 22400 60000
0.338370 25600 60000
0.291449 28800 60000
0.321503 32000 60000
0.595691 35200 60000
0.333450 38400 60000
0.303738 41600 60000
0.166026 44800 60000
0.407300 48000 60000
0.324046 51200 60000
0.171640 54400 60000
0.460465 57600 60000
Epoch 11
-------------------------------
0.258006     0 60000
0.181303  3200 60000
0.266606  6400 60000
0.163420  9600 60000
0.208917 12800 60000
0.348826 16000 60000
0.134003 19200 60000
0.059294 22400 60000
0.399854 25600 60000
0.446000 28800 60000
0.208438 32000 60000
0.379539 35200 60000
0.220198 38400 60000
0.131830 41600 60000
0.110483 44800 60000
0.285687 48000 60000
0.354601 51200 60000
0.245190 54400 60000
0.281543 57600 60000
Epoch 12
-------------------------------
0.255547     0 60000
0.306643  3200 60000
0.527677  6400 60000
0.361927  9600 60000
0.401466 12800 60000
0.411535 16000 60000
0.340592 19200 60000
0.176345 22400 60000
0.268578 25600 60000
0.493883 28800 60000
0.264890 32000 60000
0.387262 35200 60000
0.141418 38400 60000
0.171543 41600 60000
0.229180 44800 60000
0.243342 48000 60000
0.271063 51200 60000
0.334386 54400 60000
0.555130 57600 60000
