Epoch 1
-------------------------------
0.684846     0 60000
4.279711  3200 60000
2.659094  6400 60000
2.366764  9600 60000
2.290498 12800 60000
2.278048 16000 60000
2.434149 19200 60000
2.308995 22400 60000
2.388397 25600 60000
2.358803 28800 60000
2.310931 32000 60000
2.313863 35200 60000
2.300354 38400 60000
2.356304 41600 60000
2.301404 44800 60000
2.340951 48000 60000
2.306281 51200 60000
2.388401 54400 60000
2.351305 57600 60000
Epoch 2
-------------------------------
2.336756     0 60000
2.298828  3200 60000
2.318600  6400 60000
2.292205  9600 60000
2.381518 12800 60000
2.294887 16000 60000
2.290443 19200 60000
2.346564 22400 60000
2.284973 25600 60000
2.333697 28800 60000
2.387965 32000 60000
2.428774 35200 60000
2.338993 38400 60000
2.322460 41600 60000
2.295851 44800 60000
2.325922 48000 60000
2.302947 51200 60000
2.302211 54400 60000
2.323550 57600 60000
Epoch 3
-------------------------------
2.300422     0 60000
2.280782  3200 60000
2.311382  6400 60000
2.326962  9600 60000
2.323426 12800 60000
2.363375 16000 60000
2.327857 19200 60000
2.348707 22400 60000
2.298016 25600 60000
2.365909 28800 60000
2.318004 32000 60000
2.307719 35200 60000
2.301144 38400 60000
2.261277 41600 60000
2.310202 44800 60000
2.335564 48000 60000
2.265752 51200 60000
2.329147 54400 60000
2.327285 57600 60000
Epoch 4
-------------------------------
2.306699     0 60000
2.348081  3200 60000
2.285697  6400 60000
2.305934  9600 60000
2.306438 12800 60000
2.288491 16000 60000
2.346079 19200 60000
2.376722 22400 60000
2.405003 25600 60000
2.325710 28800 60000
2.321945 32000 60000
2.260824 35200 60000
2.301799 38400 60000
2.263474 41600 60000
2.306442 44800 60000
2.298576 48000 60000
2.347923 51200 60000
2.332428 54400 60000
2.278397 57600 60000
Epoch 5
-------------------------------
2.304092     0 60000
2.329089  3200 60000
2.330919  6400 60000
2.316448  9600 60000
2.336034 12800 60000
2.291119 16000 60000
2.356025 19200 60000
2.333438 22400 60000
2.301811 25600 60000
2.325724 28800 60000
2.324066 32000 60000
2.257371 35200 60000
2.369031 38400 60000
2.307610 41600 60000
2.289717 44800 60000
2.320725 48000 60000
2.278210 51200 60000
2.361555 54400 60000
2.295666 57600 60000
Epoch 6
-------------------------------
2.304754     0 60000
2.299159  3200 60000
2.316757  6400 60000
2.301898  9600 60000
2.320298 12800 60000
2.336717 16000 60000
2.323017 19200 60000
2.297098 22400 60000
2.304969 25600 60000
2.352989 28800 60000
2.352651 32000 60000
2.320505 35200 60000
2.292782 38400 60000
2.327571 41600 60000
2.339171 44800 60000
2.324506 48000 60000
2.351848 51200 60000
2.262370 54400 60000
2.310670 57600 60000
Epoch 7
-------------------------------
2.292161     0 60000
2.309081  3200 60000
2.302618  6400 60000
2.315143  9600 60000
2.304788 12800 60000
2.311238 16000 60000
2.314131 19200 60000
2.396441 22400 60000
2.316692 25600 60000
2.319988 28800 60000
2.315419 32000 60000
2.303871 35200 60000
2.370675 38400 60000
2.293117 41600 60000
2.315457 44800 60000
2.273304 48000 60000
2.316884 51200 60000
2.323417 54400 60000
2.286734 57600 60000
Epoch 8
-------------------------------
2.313153     0 60000
2.279104  3200 60000
2.331812  6400 60000
2.322093  9600 60000
2.357759 12800 60000
2.314844 16000 60000
2.357873 19200 60000
2.323103 22400 60000
2.283176 25600 60000
2.353663 28800 60000
2.317473 32000 60000
2.334243 35200 60000
2.264127 38400 60000
2.299957 41600 60000
2.316819 44800 60000
2.283218 48000 60000
2.356227 51200 60000
2.310650 54400 60000
2.308766 57600 60000
Epoch 9
-------------------------------
2.287004     0 60000
2.317536  3200 60000
2.302230  6400 60000
2.358990  9600 60000
2.354864 12800 60000
2.273271 16000 60000
2.330203 19200 60000
2.338393 22400 60000
2.322433 25600 60000
2.306650 28800 60000
2.317312 32000 60000
2.291431 35200 60000
2.300650 38400 60000
2.298240 41600 60000
2.296968 44800 60000
2.296252 48000 60000
2.314655 51200 60000
2.326281 54400 60000
2.267404 57600 60000
Epoch 10
-------------------------------
2.300200     0 60000
2.315971  3200 60000
2.292588  6400 60000
2.313411  9600 60000
2.319390 12800 60000
2.274546 16000 60000
2.315252 19200 60000
2.288621 22400 60000
2.341379 25600 60000
2.330477 28800 60000
2.314287 32000 60000
2.336289 35200 60000
2.338209 38400 60000
2.330230 41600 60000
2.293898 44800 60000
2.277807 48000 60000
2.359397 51200 60000
2.361283 54400 60000
2.346968 57600 60000
Epoch 11
-------------------------------
2.344452     0 60000
2.296340  3200 60000
2.310733  6400 60000
2.298733  9600 60000
2.371779 12800 60000
2.313248 16000 60000
2.304954 19200 60000
2.268127 22400 60000
2.329330 25600 60000
2.391402 28800 60000
2.338548 32000 60000
2.298970 35200 60000
2.337205 38400 60000
2.293190 41600 60000
2.332857 44800 60000
2.283262 48000 60000
2.276917 51200 60000
2.339989 54400 60000
2.337066 57600 60000
Epoch 12
-------------------------------
2.303867     0 60000
2.335324  3200 60000
2.283789  6400 60000
2.350543  9600 60000
2.305733 12800 60000
2.260604 16000 60000
2.346574 19200 60000
2.279728 22400 60000
2.305218 25600 60000
2.336632 28800 60000
2.328378 32000 60000
2.272308 35200 60000
2.355605 38400 60000
2.327848 41600 60000
2.339344 44800 60000
2.309392 48000 60000
2.287481 51200 60000
2.333793 54400 60000
2.332615 57600 60000
