Epoch 1
-------------------------------
0.373056     0 60000
0.501762  3200 60000
0.376535  6400 60000
0.730649  9600 60000
0.349186 12800 60000
0.389556 16000 60000
0.385772 19200 60000
0.661392 22400 60000
0.538062 25600 60000
0.431175 28800 60000
0.780860 32000 60000
0.440287 35200 60000
0.633600 38400 60000
0.573774 41600 60000
0.520497 44800 60000
0.682029 48000 60000
0.583846 51200 60000
0.346849 54400 60000
0.774659 57600 60000
Epoch 2
-------------------------------
0.410359     0 60000
0.503520  3200 60000
0.561516  6400 60000
0.275765  9600 60000
0.754691 12800 60000
0.400147 16000 60000
0.384980 19200 60000
0.408389 22400 60000
0.383755 25600 60000
0.372402 28800 60000
0.385467 32000 60000
0.821970 35200 60000
0.450899 38400 60000
1.071231 41600 60000
0.613242 44800 60000
0.400210 48000 60000
0.439208 51200 60000
0.609128 54400 60000
0.560005 57600 60000
Epoch 3
-------------------------------
0.244851     0 60000
0.272521  3200 60000
0.425106  6400 60000
0.488879  9600 60000
0.384929 12800 60000
0.361494 16000 60000
0.590814 19200 60000
0.211493 22400 60000
0.485586 25600 60000
0.463177 28800 60000
0.641505 32000 60000
0.565273 35200 60000
0.469091 38400 60000
0.464492 41600 60000
0.381193 44800 60000
0.295694 48000 60000
0.534824 51200 60000
0.719880 54400 60000
0.537397 57600 60000
Epoch 4
-------------------------------
0.317670     0 60000
0.420581  3200 60000
0.503734  6400 60000
0.488864  9600 60000
0.436145 12800 60000
0.410595 16000 60000
0.818870 19200 60000
0.380824 22400 60000
0.200859 25600 60000
0.365446 28800 60000
0.137834 32000 60000
0.257834 35200 60000
0.396556 38400 60000
0.321973 41600 60000
0.409900 44800 60000
0.431154 48000 60000
0.529861 51200 60000
0.301468 54400 60000
0.389969 57600 60000
Epoch 5
-------------------------------
0.628793     0 60000
0.341299  3200 60000
0.165530  6400 60000
0.571971  9600 60000
0.325231 12800 60000
0.328818 16000 60000
0.347818 19200 60000
0.362683 22400 60000
0.609658 25600 60000
0.577804 28800 60000
0.318602 32000 60000
0.321800 35200 60000
0.478836 38400 60000
0.812046 41600 60000
0.620444 44800 60000
0.586584 48000 60000
0.147743 51200 60000
0.421703 54400 60000
0.232162 57600 60000
Epoch 6
-------------------------------
0.383673     0 60000
0.410202  3200 60000
0.583888  6400 60000
0.491771  9600 60000
0.310122 12800 60000
0.524423 16000 60000
0.320680 19200 60000
0.530503 22400 60000
0.351431 25600 60000
0.362530 28800 60000
0.652697 32000 60000
0.483641 35200 60000
0.397404 38400 60000
0.239693 41600 60000
0.355398 44800 60000
0.468507 48000 60000
0.512631 51200 60000
0.195256 54400 60000
0.322166 57600 60000
Epoch 7
-------------------------------
0.493589     0 60000
0.290046  3200 60000
0.409387  6400 60000
1.314396  9600 60000
0.397299 12800 60000
0.291635 16000 60000
0.536448 19200 60000
0.491600 22400 60000
1.874150 25600 60000
0.341065 28800 60000
0.403216 32000 60000
0.513896 35200 60000
0.395934 38400 60000
0.315382 41600 60000
0.501123 44800 60000
0.384920 48000 60000
0.521598 51200 60000
0.300308 54400 60000
0.393440 57600 60000
Epoch 8
-------------------------------
0.385911     0 60000
0.322465  3200 60000
0.268969  6400 60000
0.856618  9600 60000
0.571640 12800 60000
0.351824 16000 60000
0.687166 19200 60000
0.576558 22400 60000
0.826499 25600 60000
0.507453 28800 60000
0.701874 32000 60000
0.852817 35200 60000
0.473606 38400 60000
0.764484 41600 60000
0.427255 44800 60000
0.311184 48000 60000
0.288844 51200 60000
0.280755 54400 60000
0.651558 57600 60000
Epoch 9
-------------------------------
0.488715     0 60000
0.325567  3200 60000
0.290682  6400 60000
0.467724  9600 60000
0.328123 12800 60000
0.486027 16000 60000
0.513515 19200 60000
0.208312 22400 60000
0.227008 25600 60000
0.419955 28800 60000
0.199347 32000 60000
0.302586 35200 60000
0.295600 38400 60000
0.304316 41600 60000
0.634768 44800 60000
0.374986 48000 60000
0.261253 51200 60000
0.203748 54400 60000
0.394592 57600 60000
Epoch 10
-------------------------------
0.598895     0 60000
0.272989  3200 60000
1.761657  6400 60000
0.457076  9600 60000
0.350017 12800 60000
0.785004 16000 60000
0.314460 19200 60000
0.344739 22400 60000
0.364454 25600 60000
0.293413 28800 60000
0.266021 32000 60000
0.583291 35200 60000
0.747790 38400 60000
0.324349 41600 60000
0.380052 44800 60000
0.350815 48000 60000
0.394208 51200 60000
0.490468 54400 60000
0.832980 57600 60000
Epoch 11
-------------------------------
0.438816     0 60000
0.162525  3200 60000
0.214066  6400 60000
0.293759  9600 60000
0.381588 12800 60000
2.151819 16000 60000
0.215906 19200 60000
0.380999 22400 60000
0.255253 25600 60000
0.307130 28800 60000
0.423584 32000 60000
0.473915 35200 60000
0.305621 38400 60000
0.512726 41600 60000
0.215857 44800 60000
0.362617 48000 60000
0.368799 51200 60000
0.609413 54400 60000
0.375935 57600 60000
Epoch 12
-------------------------------
0.250256     0 60000
0.384953  3200 60000
0.254166  6400 60000
0.269237  9600 60000
0.425461 12800 60000
0.633368 16000 60000
0.444309 19200 60000
0.270658 22400 60000
0.319887 25600 60000
0.493483 28800 60000
0.305765 32000 60000
0.397138 35200 60000
0.479104 38400 60000
0.345173 41600 60000
0.556555 44800 60000
0.346469 48000 60000
0.178262 51200 60000
0.612763 54400 60000
0.546947 57600 60000
