Epoch 1
-------------------------------
2.293024     0 60000
0.814316  3200 60000
0.951083  6400 60000
0.867002  9600 60000
0.735191 12800 60000
0.733940 16000 60000
0.953958 19200 60000
0.874113 22400 60000
0.830818 25600 60000
0.733023 28800 60000
0.475477 32000 60000
1.014579 35200 60000
0.743701 38400 60000
0.841845 41600 60000
0.553322 44800 60000
0.606084 48000 60000
0.435227 51200 60000
0.345171 54400 60000
0.481603 57600 60000
Epoch 2
-------------------------------
0.521031     0 60000
0.559898  3200 60000
0.533190  6400 60000
0.495176  9600 60000
0.385376 12800 60000
0.438388 16000 60000
0.382960 19200 60000
0.431978 22400 60000
0.390126 25600 60000
0.649045 28800 60000
0.594613 32000 60000
0.427428 35200 60000
0.591978 38400 60000
0.571238 41600 60000
0.401921 44800 60000
0.529587 48000 60000
0.687505 51200 60000
0.425629 54400 60000
0.266891 57600 60000
Epoch 3
-------------------------------
0.240082     0 60000
0.467632  3200 60000
0.561433  6400 60000
0.609080  9600 60000
0.485980 12800 60000
0.385236 16000 60000
0.429224 19200 60000
0.354785 22400 60000
0.330788 25600 60000
0.709539 28800 60000
0.525757 32000 60000
0.472609 35200 60000
0.216080 38400 60000
0.302154 41600 60000
0.350056 44800 60000
0.391975 48000 60000
0.442877 51200 60000
0.454213 54400 60000
0.661932 57600 60000
Epoch 4
-------------------------------
0.480090     0 60000
0.175992  3200 60000
0.448926  6400 60000
0.525605  9600 60000
0.375118 12800 60000
0.969509 16000 60000
0.381796 19200 60000
0.529543 22400 60000
0.467440 25600 60000
0.322261 28800 60000
0.328248 32000 60000
0.197281 35200 60000
0.183842 38400 60000
0.130956 41600 60000
0.310736 44800 60000
0.382417 48000 60000
0.092408 51200 60000
0.592310 54400 60000
0.345025 57600 60000
Epoch 5
-------------------------------
0.459943     0 60000
0.284927  3200 60000
0.404237  6400 60000
0.265345  9600 60000
0.318317 12800 60000
0.455016 16000 60000
0.508929 19200 60000
0.428587 22400 60000
0.299299 25600 60000
0.322582 28800 60000
0.585442 32000 60000
0.395680 35200 60000
0.330208 38400 60000
0.361390 41600 60000
0.299461 44800 60000
0.439643 48000 60000
0.503815 51200 60000
0.335036 54400 60000
0.275401 57600 60000
Epoch 6
-------------------------------
0.343011     0 60000
0.215497  3200 60000
0.510898  6400 60000
0.234505  9600 60000
0.365995 12800 60000
0.386477 16000 60000
0.220762 19200 60000
0.361768 22400 60000
0.338252 25600 60000
0.515171 28800 60000
0.379732 32000 60000
0.417277 35200 60000
0.397786 38400 60000
0.249273 41600 60000
0.195337 44800 60000
0.318642 48000 60000
0.461883 51200 60000
0.520654 54400 60000
0.168809 57600 60000
Epoch 7
-------------------------------
0.378649     0 60000
0.208223  3200 60000
0.402515  6400 60000
0.377540  9600 60000
0.176655 12800 60000
0.346255 16000 60000
0.274988 19200 60000
0.491959 22400 60000
0.328271 25600 60000
0.328098 28800 60000
0.261191 32000 60000
0.219414 35200 60000
0.265085 38400 60000
0.537756 41600 60000
0.186808 44800 60000
0.290972 48000 60000
0.267223 51200 60000
0.520698 54400 60000
0.374015 57600 60000
Epoch 8
-------------------------------
0.402370     0 60000
0.447606  3200 60000
0.258333  6400 60000
0.362338  9600 60000
0.639728 12800 60000
0.354740 16000 60000
0.341152 19200 60000
0.184444 22400 60000
0.129242 25600 60000
0.233453 28800 60000
0.369188 32000 60000
0.289908 35200 60000
0.280808 38400 60000
0.612046 41600 60000
0.073090 44800 60000
0.413752 48000 60000
0.275749 51200 60000
0.321361 54400 60000
0.498962 57600 60000
Epoch 9
-------------------------------
0.192772     0 60000
0.296681  3200 60000
0.333476  6400 60000
0.337768  9600 60000
0.317708 12800 60000
0.324111 16000 60000
0.327530 19200 60000
0.238815 22400 60000
0.435008 25600 60000
0.320382 28800 60000
0.377261 32000 60000
0.287686 35200 60000
0.289480 38400 60000
0.540260 41600 60000
0.126078 44800 60000
0.194100 48000 60000
0.168618 51200 60000
0.466567 54400 60000
0.389165 57600 60000
Epoch 10
-------------------------------
0.234449     0 60000
0.146822  3200 60000
0.323355  6400 60000
0.138098  9600 60000
0.230455 12800 60000
0.309406 16000 60000
0.264439 19200 60000
0.284186 22400 60000
0.105714 25600 60000
0.234055 28800 60000
0.395546 32000 60000
0.318775 35200 60000
0.274418 38400 60000
0.237002 41600 60000
0.205339 44800 60000
0.548326 48000 60000
0.206394 51200 60000
0.340830 54400 60000
0.370806 57600 60000
Epoch 11
-------------------------------
0.267193     0 60000
0.275814  3200 60000
0.479044  6400 60000
0.337642  9600 60000
0.612912 12800 60000
0.113380 16000 60000
0.215160 19200 60000
0.232989 22400 60000
0.565290 25600 60000
0.479845 28800 60000
0.277363 32000 60000
0.131194 35200 60000
0.454498 38400 60000
0.380175 41600 60000
0.315622 44800 60000
0.412616 48000 60000
0.279145 51200 60000
0.138249 54400 60000
0.242246 57600 60000
Epoch 12
-------------------------------
0.195201     0 60000
0.142036  3200 60000
0.221026  6400 60000
0.107627  9600 60000
0.412542 12800 60000
0.257737 16000 60000
0.388999 19200 60000
0.332423 22400 60000
0.108744 25600 60000
0.297334 28800 60000
0.270642 32000 60000
0.181539 35200 60000
0.227282 38400 60000
0.153030 41600 60000
0.131897 44800 60000
0.603895 48000 60000
0.265873 51200 60000
0.394124 54400 60000
0.109709 57600 60000
