Epoch 1
-------------------------------
2.326677     0 60000
2.349931  3200 60000
2.311691  6400 60000
2.324761  9600 60000
2.323696 12800 60000
2.346989 16000 60000
2.342955 19200 60000
2.342190 22400 60000
2.316815 25600 60000
2.324732 28800 60000
2.358182 32000 60000
2.288548 35200 60000
2.348676 38400 60000
2.363552 41600 60000
2.302073 44800 60000
2.300360 48000 60000
2.339149 51200 60000
2.326272 54400 60000
2.344894 57600 60000
Epoch 2
-------------------------------
2.308441     0 60000
2.299114  3200 60000
2.290697  6400 60000
2.304577  9600 60000
2.303820 12800 60000
2.322388 16000 60000
2.283334 19200 60000
2.297026 22400 60000
2.259761 25600 60000
2.300827 28800 60000
2.377286 32000 60000
2.277866 35200 60000
2.414398 38400 60000
2.255493 41600 60000
2.306124 44800 60000
2.286277 48000 60000
2.329049 51200 60000
2.299541 54400 60000
2.326032 57600 60000
Epoch 3
-------------------------------
2.320045     0 60000
2.272385  3200 60000
2.307213  6400 60000
2.340867  9600 60000
2.293141 12800 60000
2.277492 16000 60000
2.326530 19200 60000
2.312652 22400 60000
2.279045 25600 60000
2.379373 28800 60000
2.308353 32000 60000
2.300821 35200 60000
2.305438 38400 60000
2.316219 41600 60000
2.315366 44800 60000
2.326979 48000 60000
2.297101 51200 60000
2.385593 54400 60000
2.296993 57600 60000
Epoch 4
-------------------------------
2.292521     0 60000
2.304301  3200 60000
2.300746  6400 60000
2.269493  9600 60000
2.331408 12800 60000
2.359702 16000 60000
2.335741 19200 60000
2.295207 22400 60000
2.274971 25600 60000
2.310473 28800 60000
2.282897 32000 60000
2.300668 35200 60000
2.281244 38400 60000
2.312418 41600 60000
2.328408 44800 60000
2.306169 48000 60000
2.301754 51200 60000
2.331747 54400 60000
2.308386 57600 60000
Epoch 5
-------------------------------
2.289287     0 60000
2.303169  3200 60000
2.328974  6400 60000
2.347558  9600 60000
2.355574 12800 60000
2.284814 16000 60000
2.284373 19200 60000
2.311570 22400 60000
2.329745 25600 60000
2.315908 28800 60000
2.369612 32000 60000
2.331479 35200 60000
2.320800 38400 60000
2.310272 41600 60000
2.337109 44800 60000
2.374865 48000 60000
2.334059 51200 60000
2.299306 54400 60000
2.283515 57600 60000
Epoch 6
-------------------------------
2.356750     0 60000
2.333140  3200 60000
2.355426  6400 60000
2.317784  9600 60000
2.325577 12800 60000
2.289947 16000 60000
2.324702 19200 60000
2.318081 22400 60000
2.316813 25600 60000
2.281043 28800 60000
2.314912 32000 60000
2.322448 35200 60000
2.323069 38400 60000
2.323915 41600 60000
2.291063 44800 60000
2.358943 48000 60000
2.307693 51200 60000
2.286730 54400 60000
2.251497 57600 60000
Epoch 7
-------------------------------
2.296583     0 60000
2.328223  3200 60000
2.288496  6400 60000
2.298041  9600 60000
2.328402 12800 60000
2.272024 16000 60000
2.315747 19200 60000
2.315591 22400 60000
2.293885 25600 60000
2.273309 28800 60000
2.293422 32000 60000
2.296052 35200 60000
2.307897 38400 60000
2.340551 41600 60000
2.310100 44800 60000
2.388999 48000 60000
2.351159 51200 60000
2.291828 54400 60000
2.287502 57600 60000
Epoch 8
-------------------------------
2.305608     0 60000
2.315103  3200 60000
2.317858  6400 60000
2.302214  9600 60000
2.302014 12800 60000
2.357311 16000 60000
2.281984 19200 60000
2.371732 22400 60000
2.295697 25600 60000
2.320024 28800 60000
2.317816 32000 60000
2.330372 35200 60000
2.331547 38400 60000
2.293624 41600 60000
2.313163 44800 60000
2.321541 48000 60000
2.317672 51200 60000
2.288726 54400 60000
2.345695 57600 60000
Epoch 9
-------------------------------
2.260861     0 60000
2.361679  3200 60000
2.322433  6400 60000
2.321973  9600 60000
2.320603 12800 60000
2.338519 16000 60000
2.324589 19200 60000
2.303164 22400 60000
2.328851 25600 60000
2.311754 28800 60000
2.322667 32000 60000
2.319061 35200 60000
2.275763 38400 60000
2.335664 41600 60000
2.366417 44800 60000
2.340574 48000 60000
2.353549 51200 60000
2.339154 54400 60000
2.311858 57600 60000
Epoch 10
-------------------------------
2.297483     0 60000
2.325336  3200 60000
2.380232  6400 60000
2.268075  9600 60000
2.317752 12800 60000
2.311509 16000 60000
2.293531 19200 60000
2.289282 22400 60000
2.317698 25600 60000
2.294132 28800 60000
2.352965 32000 60000
2.301121 35200 60000
2.326729 38400 60000
2.296930 41600 60000
2.328372 44800 60000
2.318039 48000 60000
2.286103 51200 60000
2.318164 54400 60000
2.329988 57600 60000
Epoch 11
-------------------------------
2.283652     0 60000
2.290440  3200 60000
2.285114  6400 60000
2.307535  9600 60000
2.287139 12800 60000
2.373559 16000 60000
2.339130 19200 60000
2.319847 22400 60000
2.318879 25600 60000
2.355176 28800 60000
2.338090 32000 60000
2.311561 35200 60000
2.307532 38400 60000
2.320534 41600 60000
2.283616 44800 60000
2.285378 48000 60000
2.318332 51200 60000
2.282674 54400 60000
2.386606 57600 60000
Epoch 12
-------------------------------
2.260848     0 60000
2.364399  3200 60000
2.324455  6400 60000
2.325242  9600 60000
2.290118 12800 60000
2.347843 16000 60000
2.266155 19200 60000
2.326278 22400 60000
2.315861 25600 60000
2.320782 28800 60000
2.332988 32000 60000
2.322048 35200 60000
2.274981 38400 60000
2.346670 41600 60000
2.338567 44800 60000
2.297259 48000 60000
2.324348 51200 60000
2.297888 54400 60000
2.305302 57600 60000
