Epoch 1
-------------------------------
2.296234     0 60000
0.733455  3200 60000
0.557135  6400 60000
0.943468  9600 60000
0.446746 12800 60000
0.659805 16000 60000
0.264505 19200 60000
0.336579 22400 60000
0.683810 25600 60000
0.456022 28800 60000
0.406991 32000 60000
0.502185 35200 60000
0.374070 38400 60000
0.365356 41600 60000
0.314827 44800 60000
0.506748 48000 60000
0.404106 51200 60000
0.763578 54400 60000
0.707336 57600 60000
Epoch 2
-------------------------------
0.409205     0 60000
0.324640  3200 60000
0.264222  6400 60000
0.369793  9600 60000
0.312868 12800 60000
0.351040 16000 60000
0.212701 19200 60000
0.232430 22400 60000
0.312183 25600 60000
0.510056 28800 60000
0.347334 32000 60000
0.369585 35200 60000
0.555117 38400 60000
0.864923 41600 60000
0.385786 44800 60000
0.200897 48000 60000
0.327500 51200 60000
0.498752 54400 60000
0.219766 57600 60000
Epoch 3
-------------------------------
0.283396     0 60000
0.256974  3200 60000
0.137587  6400 60000
0.356461  9600 60000
0.161840 12800 60000
0.347539 16000 60000
0.373704 19200 60000
0.092333 22400 60000
0.288642 25600 60000
0.275386 28800 60000
0.337023 32000 60000
0.252512 35200 60000
0.257328 38400 60000
0.294165 41600 60000
0.454284 44800 60000
0.365215 48000 60000
0.313212 51200 60000
0.597667 54400 60000
0.305543 57600 60000
Epoch 4
-------------------------------
0.352594     0 60000
0.104576  3200 60000
0.661716  6400 60000
0.398803  9600 60000
0.361369 12800 60000
0.295223 16000 60000
0.190421 19200 60000
0.468284 22400 60000
0.339218 25600 60000
0.212418 28800 60000
0.233087 32000 60000
0.092387 35200 60000
0.297840 38400 60000
0.242207 41600 60000
0.353415 44800 60000
0.166404 48000 60000
0.282389 51200 60000
0.268623 54400 60000
0.354977 57600 60000
Epoch 5
-------------------------------
0.466451     0 60000
0.492924  3200 60000
0.343474  6400 60000
0.260920  9600 60000
0.353232 12800 60000
0.428619 16000 60000
0.531125 19200 60000
0.122965 22400 60000
0.288642 25600 60000
0.132403 28800 60000
0.233648 32000 60000
0.297079 35200 60000
0.222282 38400 60000
0.300920 41600 60000
0.134100 44800 60000
0.173104 48000 60000
0.325471 51200 60000
0.270662 54400 60000
0.335450 57600 60000
Epoch 6
-------------------------------
0.073325     0 60000
0.443701  3200 60000
0.170464  6400 60000
0.274174  9600 60000
0.318692 12800 60000
0.495536 16000 60000
0.107813 19200 60000
0.307825 22400 60000
0.321896 25600 60000
0.305984 28800 60000
0.354144 32000 60000
0.135524 35200 60000
0.256676 38400 60000
0.503389 41600 60000
0.227399 44800 60000
0.297404 48000 60000
0.356072 51200 60000
0.290556 54400 60000
0.155982 57600 60000
Epoch 7
-------------------------------
0.270981     0 60000
0.173427  3200 60000
0.053254  6400 60000
0.147214  9600 60000
0.167132 12800 60000
0.218451 16000 60000
0.102899 19200 60000
0.320574 22400 60000
0.243427 25600 60000
0.177916 28800 60000
0.380669 32000 60000
0.244469 35200 60000
0.198476 38400 60000
0.133913 41600 60000
0.246252 44800 60000
0.333500 48000 60000
0.312527 51200 60000
0.255612 54400 60000
0.113699 57600 60000
Epoch 8
-------------------------------
0.151553     0 60000
0.214949  3200 60000
0.154251  6400 60000
0.348673  9600 60000
0.218073 12800 60000
0.172640 16000 60000
0.125714 19200 60000
0.309716 22400 60000
0.164262 25600 60000
0.644714 28800 60000
0.190393 32000 60000
0.163484 35200 60000
0.244838 38400 60000
0.122795 41600 60000
0.404718 44800 60000
0.314526 48000 60000
0.095540 51200 60000
0.281314 54400 60000
0.106515 57600 60000
Epoch 9
-------------------------------
0.525596     0 60000
0.219152  3200 60000
0.206209  6400 60000
0.267151  9600 60000
0.378689 12800 60000
0.247075 16000 60000
0.194204 19200 60000
0.277823 22400 60000
0.066449 25600 60000
0.195954 28800 60000
0.161274 32000 60000
0.215010 35200 60000
0.191597 38400 60000
0.190274 41600 60000
0.240826 44800 60000
0.441713 48000 60000
0.398032 51200 60000
0.200730 54400 60000
0.236368 57600 60000
Epoch 10
-------------------------------
0.277640     0 60000
0.143546  3200 60000
0.247097  6400 60000
0.153628  9600 60000
0.183038 12800 60000
0.157271 16000 60000
0.455031 19200 60000
0.328121 22400 60000
0.263647 25600 60000
0.185955 28800 60000
0.084697 32000 60000
0.385765 35200 60000
0.158830 38400 60000
0.169565 41600 60000
0.099789 44800 60000
0.312124 48000 60000
0.229391 51200 60000
0.316418 54400 60000
0.341069 57600 60000
Epoch 11
-------------------------------
0.566052     0 60000
0.214493  3200 60000
0.351668  6400 60000
0.129051  9600 60000
0.332354 12800 60000
0.151020 16000 60000
0.154875 19200 60000
0.352794 22400 60000
0.054797 25600 60000
0.146628 28800 60000
0.087186 32000 60000
0.168044 35200 60000
0.130761 38400 60000
0.155608 41600 60000
0.135287 44800 60000
0.131932 48000 60000
0.106167 51200 60000
0.319727 54400 60000
0.071779 57600 60000
Epoch 12
-------------------------------
0.074578     0 60000
0.130809  3200 60000
0.139423  6400 60000
0.089190  9600 60000
0.138673 12800 60000
0.189629 16000 60000
0.177919 19200 60000
0.122227 22400 60000
0.149128 25600 60000
0.480847 28800 60000
0.163743 32000 60000
0.177365 35200 60000
0.386744 38400 60000
0.125021 41600 60000
0.141161 44800 60000
0.328185 48000 60000
0.258357 51200 60000
0.223576 54400 60000
0.195445 57600 60000
