Epoch 1
-------------------------------
2.298185     0 60000
2.348427  3200 60000
2.271361  6400 60000
2.339289  9600 60000
2.314379 12800 60000
2.307922 16000 60000
2.286951 19200 60000
2.284540 22400 60000
2.318605 25600 60000
2.339979 28800 60000
2.291562 32000 60000
2.342755 35200 60000
2.368195 38400 60000
2.330632 41600 60000
2.294509 44800 60000
2.285547 48000 60000
2.324859 51200 60000
2.328337 54400 60000
2.267592 57600 60000
Epoch 2
-------------------------------
2.331783     0 60000
2.277279  3200 60000
2.316182  6400 60000
2.307264  9600 60000
2.304576 12800 60000
2.323288 16000 60000
2.323864 19200 60000
2.320429 22400 60000
2.304138 25600 60000
2.305179 28800 60000
2.292017 32000 60000
2.290885 35200 60000
2.301500 38400 60000
2.319074 41600 60000
2.320244 44800 60000
2.317283 48000 60000
2.315213 51200 60000
2.324326 54400 60000
2.283487 57600 60000
Epoch 3
-------------------------------
2.362444     0 60000
2.285653  3200 60000
2.312588  6400 60000
2.331957  9600 60000
2.307426 12800 60000
2.301836 16000 60000
2.276006 19200 60000
2.281259 22400 60000
2.334778 25600 60000
2.294209 28800 60000
2.305897 32000 60000
2.328799 35200 60000
2.346364 38400 60000
2.332997 41600 60000
2.349035 44800 60000
2.372403 48000 60000
2.277712 51200 60000
2.331251 54400 60000
2.346503 57600 60000
Epoch 4
-------------------------------
2.297490     0 60000
2.315441  3200 60000
2.312731  6400 60000
2.324011  9600 60000
2.310871 12800 60000
2.274482 16000 60000
2.319146 19200 60000
2.333529 22400 60000
2.298861 25600 60000
2.247770 28800 60000
2.335778 32000 60000
2.271359 35200 60000
2.324060 38400 60000
2.308183 41600 60000
2.316267 44800 60000
2.317187 48000 60000
2.342122 51200 60000
2.326057 54400 60000
2.286465 57600 60000
Epoch 5
-------------------------------
2.252027     0 60000
2.316816  3200 60000
2.330800  6400 60000
2.306521  9600 60000
2.281698 12800 60000
2.294586 16000 60000
2.247838 19200 60000
2.285416 22400 60000
2.290711 25600 60000
2.320369 28800 60000
2.264612 32000 60000
2.303999 35200 60000
2.341084 38400 60000
2.335810 41600 60000
2.306564 44800 60000
2.294512 48000 60000
2.364389 51200 60000
2.353838 54400 60000
2.287561 57600 60000
Epoch 6
-------------------------------
2.291113     0 60000
2.311446  3200 60000
2.274384  6400 60000
2.312979  9600 60000
2.390582 12800 60000
2.323338 16000 60000
2.305923 19200 60000
2.376025 22400 60000
2.302198 25600 60000
2.317285 28800 60000
2.324049 32000 60000
2.342100 35200 60000
2.285038 38400 60000
2.330074 41600 60000
2.346133 44800 60000
2.255861 48000 60000
2.292047 51200 60000
2.321914 54400 60000
2.310769 57600 60000
Epoch 7
-------------------------------
2.283941     0 60000
2.300660  3200 60000
2.329151  6400 60000
2.381505  9600 60000
2.298457 12800 60000
2.347858 16000 60000
2.322930 19200 60000
2.319525 22400 60000
2.304250 25600 60000
2.322227 28800 60000
2.300783 32000 60000
2.327876 35200 60000
2.306967 38400 60000
2.340426 41600 60000
2.348077 44800 60000
2.295213 48000 60000
2.349038 51200 60000
2.336104 54400 60000
2.291059 57600 60000
Epoch 8
-------------------------------
2.325965     0 60000
2.310809  3200 60000
2.346908  6400 60000
2.313493  9600 60000
2.346629 12800 60000
2.322877 16000 60000
2.312583 19200 60000
2.321348 22400 60000
2.305062 25600 60000
2.307392 28800 60000
2.302211 32000 60000
2.271997 35200 60000
2.320398 38400 60000
2.316564 41600 60000
2.314855 44800 60000
2.294698 48000 60000
2.340538 51200 60000
2.385916 54400 60000
2.299705 57600 60000
Epoch 9
-------------------------------
2.301283     0 60000
2.354645  3200 60000
2.313812  6400 60000
2.311871  9600 60000
2.316193 12800 60000
2.333613 16000 60000
2.322312 19200 60000
2.316818 22400 60000
2.322750 25600 60000
2.291512 28800 60000
2.353225 32000 60000
2.287676 35200 60000
2.304617 38400 60000
2.322046 41600 60000
2.294260 44800 60000
2.271413 48000 60000
2.281639 51200 60000
2.345680 54400 60000
2.250032 57600 60000
Epoch 10
-------------------------------
2.345253     0 60000
2.301933  3200 60000
2.301505  6400 60000
2.311436  9600 60000
2.238999 12800 60000
2.319004 16000 60000
2.346600 19200 60000
2.323386 22400 60000
2.332936 25600 60000
2.319634 28800 60000
2.319301 32000 60000
2.364175 35200 60000
2.290963 38400 60000
2.323313 41600 60000
2.291716 44800 60000
2.311065 48000 60000
2.273905 51200 60000
2.319023 54400 60000
2.293702 57600 60000
Epoch 11
-------------------------------
2.314396     0 60000
2.327905  3200 60000
2.341548  6400 60000
2.253267  9600 60000
2.313188 12800 60000
2.352696 16000 60000
2.294605 19200 60000
2.310290 22400 60000
2.298452 25600 60000
2.311154 28800 60000
2.312231 32000 60000
2.288069 35200 60000
2.309126 38400 60000
2.302137 41600 60000
2.330633 44800 60000
2.297074 48000 60000
2.296758 51200 60000
2.326414 54400 60000
2.314548 57600 60000
Epoch 12
-------------------------------
2.338408     0 60000
2.262268  3200 60000
2.294530  6400 60000
2.326031  9600 60000
2.294266 12800 60000
2.307419 16000 60000
2.352723 19200 60000
2.279085 22400 60000
2.310112 25600 60000
2.339289 28800 60000
2.309000 32000 60000
2.335824 35200 60000
2.312524 38400 60000
2.304301 41600 60000
2.259495 44800 60000
2.328113 48000 60000
2.314708 51200 60000
2.298174 54400 60000
2.332016 57600 60000
