Epoch 1
-------------------------------
2.300600     0 60000
2.313453  3200 60000
2.288421  6400 60000
2.324336  9600 60000
2.328093 12800 60000
2.340286 16000 60000
2.303922 19200 60000
2.325385 22400 60000
2.297304 25600 60000
2.335115 28800 60000
2.367244 32000 60000
2.273532 35200 60000
2.327157 38400 60000
2.361051 41600 60000
2.301261 44800 60000
2.322112 48000 60000
2.308199 51200 60000
2.313960 54400 60000
2.328968 57600 60000
Epoch 2
-------------------------------
2.349716     0 60000
2.386090  3200 60000
2.347738  6400 60000
2.333231  9600 60000
2.283295 12800 60000
2.302987 16000 60000
2.297559 19200 60000
2.286514 22400 60000
2.325020 25600 60000
2.324347 28800 60000
2.310733 32000 60000
2.286785 35200 60000
2.321824 38400 60000
2.256980 41600 60000
2.319288 44800 60000
2.343691 48000 60000
2.297343 51200 60000
2.318373 54400 60000
2.294308 57600 60000
Epoch 3
-------------------------------
2.305641     0 60000
2.278977  3200 60000
2.301547  6400 60000
2.298024  9600 60000
2.293631 12800 60000
2.332239 16000 60000
2.356697 19200 60000
2.346841 22400 60000
2.300713 25600 60000
2.305011 28800 60000
2.316369 32000 60000
2.360305 35200 60000
2.267752 38400 60000
2.300428 41600 60000
2.351255 44800 60000
2.342683 48000 60000
2.304513 51200 60000
2.336543 54400 60000
2.290570 57600 60000
Epoch 4
-------------------------------
2.300046     0 60000
2.291858  3200 60000
2.454629  6400 60000
2.294766  9600 60000
2.330488 12800 60000
2.254718 16000 60000
2.278875 19200 60000
2.342094 22400 60000
2.313955 25600 60000
2.306612 28800 60000
2.287760 32000 60000
2.349158 35200 60000
2.344819 38400 60000
2.314504 41600 60000
2.362498 44800 60000
2.272944 48000 60000
2.283346 51200 60000
2.315419 54400 60000
2.304765 57600 60000
Epoch 5
-------------------------------
2.279905     0 60000
2.289263  3200 60000
2.283958  6400 60000
2.346745  9600 60000
2.326188 12800 60000
2.289765 16000 60000
2.318563 19200 60000
2.311663 22400 60000
2.372394 25600 60000
2.280233 28800 60000
2.316435 32000 60000
2.311105 35200 60000
2.292102 38400 60000
2.298691 41600 60000
2.303576 44800 60000
2.321852 48000 60000
2.291847 51200 60000
2.318249 54400 60000
2.323136 57600 60000
Epoch 6
-------------------------------
2.301813     0 60000
2.356658  3200 60000
2.287702  6400 60000
2.376096  9600 60000
2.336658 12800 60000
2.317773 16000 60000
2.328871 19200 60000
2.296799 22400 60000
2.357533 25600 60000
2.306267 28800 60000
2.322056 32000 60000
2.308800 35200 60000
2.355247 38400 60000
2.287678 41600 60000
2.332805 44800 60000
2.315344 48000 60000
2.265387 51200 60000
2.285284 54400 60000
2.308333 57600 60000
Epoch 7
-------------------------------
2.348017     0 60000
2.355454  3200 60000
2.317667  6400 60000
2.296873  9600 60000
2.297099 12800 60000
2.332166 16000 60000
2.393620 19200 60000
2.335276 22400 60000
2.332618 25600 60000
2.371747 28800 60000
2.346602 32000 60000
2.312136 35200 60000
2.318428 38400 60000
2.338906 41600 60000
2.311976 44800 60000
2.312082 48000 60000
2.305068 51200 60000
2.281304 54400 60000
2.324637 57600 60000
Epoch 8
-------------------------------
2.283819     0 60000
2.343135  3200 60000
2.356782  6400 60000
2.308721  9600 60000
2.263803 12800 60000
2.355625 16000 60000
2.315947 19200 60000
2.294111 22400 60000
2.295490 25600 60000
2.323926 28800 60000
2.286799 32000 60000
2.359286 35200 60000
2.296505 38400 60000
2.261636 41600 60000
2.303966 44800 60000
2.274382 48000 60000
2.300793 51200 60000
2.343500 54400 60000
2.302613 57600 60000
Epoch 9
-------------------------------
2.348676     0 60000
2.334722  3200 60000
2.340585  6400 60000
2.316160  9600 60000
2.292773 12800 60000
2.331745 16000 60000
2.318642 19200 60000
2.329060 22400 60000
2.360696 25600 60000
2.295731 28800 60000
2.321386 32000 60000
2.317892 35200 60000
2.285089 38400 60000
2.333712 41600 60000
2.350072 44800 60000
2.330361 48000 60000
2.313914 51200 60000
2.296193 54400 60000
2.275992 57600 60000
Epoch 10
-------------------------------
2.314041     0 60000
2.298691  3200 60000
2.373793  6400 60000
2.311176  9600 60000
2.281177 12800 60000
2.412677 16000 60000
2.295990 19200 60000
2.314890 22400 60000
2.295310 25600 60000
2.349516 28800 60000
2.263210 32000 60000
2.312436 35200 60000
2.316261 38400 60000
2.300409 41600 60000
2.300333 44800 60000
2.310735 48000 60000
2.329961 51200 60000
2.367229 54400 60000
2.305059 57600 60000
Epoch 11
-------------------------------
2.297654     0 60000
2.352921  3200 60000
2.305845  6400 60000
2.273345  9600 60000
2.282423 12800 60000
2.294528 16000 60000
2.326723 19200 60000
2.289069 22400 60000
2.327908 25600 60000
2.356938 28800 60000
2.276908 32000 60000
2.276137 35200 60000
2.322774 38400 60000
2.327057 41600 60000
2.250070 44800 60000
2.266969 48000 60000
2.345874 51200 60000
2.380707 54400 60000
2.329802 57600 60000
Epoch 12
-------------------------------
2.269765     0 60000
2.270490  3200 60000
2.313657  6400 60000
2.318738  9600 60000
2.359402 12800 60000
2.304087 16000 60000
2.347399 19200 60000
2.282076 22400 60000
2.295481 25600 60000
2.305482 28800 60000
2.298496 32000 60000
2.360304 35200 60000
2.333963 38400 60000
2.331008 41600 60000
2.300605 44800 60000
2.311177 48000 60000
2.314907 51200 60000
2.365492 54400 60000
2.297428 57600 60000
