Epoch 1
-------------------------------
0.511920     0 60000
0.737261  3200 60000
0.410835  6400 60000
0.469149  9600 60000
0.674874 12800 60000
0.672569 16000 60000
0.565112 19200 60000
0.808958 22400 60000
0.744902 25600 60000
2.072833 28800 60000
1.440669 32000 60000
0.941234 35200 60000
1.302969 38400 60000
1.271414 41600 60000
0.946423 44800 60000
0.527228 48000 60000
1.028311 51200 60000
0.687040 54400 60000
0.498736 57600 60000
Epoch 2
-------------------------------
0.535178     0 60000
0.597729  3200 60000
0.458441  6400 60000
0.618072  9600 60000
0.828958 12800 60000
0.755852 16000 60000
0.613261 19200 60000
0.343717 22400 60000
0.860870 25600 60000
0.981514 28800 60000
1.451351 32000 60000
1.854204 35200 60000
1.156571 38400 60000
1.165050 41600 60000
1.613791 44800 60000
1.507526 48000 60000
1.426139 51200 60000
1.348876 54400 60000
1.119925 57600 60000
Epoch 3
-------------------------------
1.425488     0 60000
1.315594  3200 60000
1.494981  6400 60000
1.742074  9600 60000
1.280414 12800 60000
1.001447 16000 60000
1.343859 19200 60000
1.455716 22400 60000
1.467782 25600 60000
1.325260 28800 60000
1.547476 32000 60000
1.225815 35200 60000
1.206050 38400 60000
2.000268 41600 60000
1.397291 44800 60000
1.603014 48000 60000
1.580123 51200 60000
1.216860 54400 60000
1.886431 57600 60000
Epoch 4
-------------------------------
1.775416     0 60000
1.795004  3200 60000
1.524181  6400 60000
1.415707  9600 60000
1.444620 12800 60000
1.572911 16000 60000
1.611322 19200 60000
1.429691 22400 60000
1.429860 25600 60000
1.684501 28800 60000
2.387702 32000 60000
2.253585 35200 60000
2.283883 38400 60000
2.310632 41600 60000
2.292886 44800 60000
2.309045 48000 60000
2.291115 51200 60000
2.292990 54400 60000
2.276436 57600 60000
Epoch 5
-------------------------------
2.311368     0 60000
2.304244  3200 60000
2.308448  6400 60000
2.312319  9600 60000
2.324146 12800 60000
2.315526 16000 60000
2.329741 19200 60000
2.303122 22400 60000
2.318437 25600 60000
2.339673 28800 60000
2.312917 32000 60000
2.297412 35200 60000
2.327209 38400 60000
2.293464 41600 60000
2.297413 44800 60000
2.307068 48000 60000
2.306810 51200 60000
2.322360 54400 60000
2.293036 57600 60000
Epoch 6
-------------------------------
2.320837     0 60000
2.273589  3200 60000
2.303931  6400 60000
2.296943  9600 60000
2.302344 12800 60000
2.307917 16000 60000
2.314441 19200 60000
2.294731 22400 60000
2.283448 25600 60000
2.331889 28800 60000
2.317027 32000 60000
2.270992 35200 60000
2.365324 38400 60000
2.311033 41600 60000
2.303409 44800 60000
2.327152 48000 60000
2.300452 51200 60000
2.326774 54400 60000
2.297353 57600 60000
Epoch 7
-------------------------------
2.300862     0 60000
2.318952  3200 60000
2.317663  6400 60000
2.283356  9600 60000
2.344998 12800 60000
2.270541 16000 60000
2.336440 19200 60000
2.299441 22400 60000
2.313310 25600 60000
2.297534 28800 60000
2.313788 32000 60000
2.328833 35200 60000
2.299133 38400 60000
2.308258 41600 60000
2.292437 44800 60000
2.299831 48000 60000
2.275101 51200 60000
2.314382 54400 60000
2.305673 57600 60000
Epoch 8
-------------------------------
2.314555     0 60000
2.287040  3200 60000
2.323105  6400 60000
2.306144  9600 60000
2.315707 12800 60000
2.364738 16000 60000
2.275581 19200 60000
2.299850 22400 60000
2.299988 25600 60000
2.310068 28800 60000
2.316979 32000 60000
2.311928 35200 60000
2.365680 38400 60000
2.329890 41600 60000
2.319598 44800 60000
2.318911 48000 60000
2.304600 51200 60000
2.325179 54400 60000
2.307518 57600 60000
Epoch 9
-------------------------------
2.303866     0 60000
2.310511  3200 60000
2.307201  6400 60000
2.280792  9600 60000
2.300761 12800 60000
2.321063 16000 60000
2.300519 19200 60000
2.288456 22400 60000
2.329447 25600 60000
2.301005 28800 60000
2.298189 32000 60000
2.303164 35200 60000
2.293430 38400 60000
2.320187 41600 60000
2.309586 44800 60000
2.291552 48000 60000
2.292252 51200 60000
2.309416 54400 60000
2.285227 57600 60000
Epoch 10
-------------------------------
2.300613     0 60000
2.339674  3200 60000
2.323459  6400 60000
2.314315  9600 60000
2.311506 12800 60000
2.301430 16000 60000
2.315049 19200 60000
2.305204 22400 60000
2.321124 25600 60000
2.316839 28800 60000
2.306698 32000 60000
2.289880 35200 60000
2.307295 38400 60000
2.301621 41600 60000
2.304029 44800 60000
2.298884 48000 60000
2.326920 51200 60000
2.315952 54400 60000
2.374452 57600 60000
Epoch 11
-------------------------------
2.292749     0 60000
2.318844  3200 60000
2.310240  6400 60000
2.316077  9600 60000
2.270845 12800 60000
2.308553 16000 60000
2.305329 19200 60000
2.310352 22400 60000
2.299330 25600 60000
2.288977 28800 60000
2.304289 32000 60000
2.313311 35200 60000
2.319468 38400 60000
2.302382 41600 60000
2.285189 44800 60000
2.307032 48000 60000
2.301354 51200 60000
2.300819 54400 60000
2.290505 57600 60000
Epoch 12
-------------------------------
2.313565     0 60000
2.332010  3200 60000
2.306474  6400 60000
2.312785  9600 60000
2.302986 12800 60000
2.323793 16000 60000
2.281781 19200 60000
2.301516 22400 60000
2.273113 25600 60000
2.312562 28800 60000
2.297563 32000 60000
2.349042 35200 60000
2.300068 38400 60000
2.283952 41600 60000
2.304986 44800 60000
2.315180 48000 60000
2.292170 51200 60000
2.294128 54400 60000
2.321885 57600 60000
