Epoch 1
-------------------------------
2.293435     0 60000
0.985479  3200 60000
0.685359  6400 60000
0.534825  9600 60000
0.472260 12800 60000
0.595093 16000 60000
0.617237 19200 60000
0.515948 22400 60000
0.483661 25600 60000
0.345709 28800 60000
0.538506 32000 60000
0.301930 35200 60000
0.291053 38400 60000
0.421793 41600 60000
0.252216 44800 60000
0.262226 48000 60000
0.700754 51200 60000
0.462305 54400 60000
0.305113 57600 60000
Epoch 2
-------------------------------
0.283176     0 60000
0.535941  3200 60000
0.327274  6400 60000
0.472225  9600 60000
0.395053 12800 60000
0.504032 16000 60000
0.475550 19200 60000
0.303573 22400 60000
0.590501 25600 60000
0.213244 28800 60000
0.628685 32000 60000
0.314847 35200 60000
0.636291 38400 60000
0.433067 41600 60000
0.359284 44800 60000
0.483352 48000 60000
0.420592 51200 60000
0.131587 54400 60000
0.582799 57600 60000
Epoch 3
-------------------------------
0.392094     0 60000
0.300564  3200 60000
0.367171  6400 60000
0.515059  9600 60000
0.402519 12800 60000
0.102450 16000 60000
0.160834 19200 60000
0.221744 22400 60000
0.440861 25600 60000
0.412829 28800 60000
0.223024 32000 60000
0.401985 35200 60000
0.354286 38400 60000
0.273638 41600 60000
0.170616 44800 60000
0.338566 48000 60000
0.532056 51200 60000
0.249922 54400 60000
0.314490 57600 60000
Epoch 4
-------------------------------
0.236819     0 60000
0.326649  3200 60000
0.646953  6400 60000
0.368825  9600 60000
0.164857 12800 60000
0.258053 16000 60000
0.332455 19200 60000
0.494179 22400 60000
0.414307 25600 60000
0.329953 28800 60000
0.126662 32000 60000
0.204984 35200 60000
0.115645 38400 60000
0.236325 41600 60000
0.425739 44800 60000
0.316107 48000 60000
0.261145 51200 60000
0.402502 54400 60000
0.492041 57600 60000
Epoch 5
-------------------------------
0.286306     0 60000
0.282586  3200 60000
0.118283  6400 60000
0.285190  9600 60000
0.095258 12800 60000
0.474675 16000 60000
0.139323 19200 60000
0.063233 22400 60000
0.260006 25600 60000
0.328511 28800 60000
0.461007 32000 60000
0.288165 35200 60000
0.255603 38400 60000
0.345125 41600 60000
0.408377 44800 60000
0.132932 48000 60000
0.280618 51200 60000
0.391973 54400 60000
0.536282 57600 60000
Epoch 6
-------------------------------
0.058224     0 60000
0.309953  3200 60000
0.419560  6400 60000
0.175927  9600 60000
0.605410 12800 60000
0.390020 16000 60000
0.149119 19200 60000
0.259505 22400 60000
0.167227 25600 60000
0.320294 28800 60000
0.441882 32000 60000
0.601996 35200 60000
0.177367 38400 60000
0.286441 41600 60000
0.133987 44800 60000
0.235698 48000 60000
0.505582 51200 60000
0.088336 54400 60000
0.490819 57600 60000
Epoch 7
-------------------------------
0.286042     0 60000
0.177184  3200 60000
0.328642  6400 60000
0.225282  9600 60000
0.206654 12800 60000
0.382183 16000 60000
0.366985 19200 60000
0.183601 22400 60000
0.265470 25600 60000
0.259095 28800 60000
0.520835 32000 60000
0.699671 35200 60000
0.166534 38400 60000
0.303573 41600 60000
0.163118 44800 60000
0.177746 48000 60000
0.261770 51200 60000
0.240963 54400 60000
0.147823 57600 60000
Epoch 8
-------------------------------
0.185722     0 60000
0.232253  3200 60000
0.345391  6400 60000
0.205505  9600 60000
0.267078 12800 60000
0.233676 16000 60000
0.086776 19200 60000
0.349055 22400 60000
0.451639 25600 60000
0.375139 28800 60000
0.186841 32000 60000
0.328485 35200 60000
0.177622 38400 60000
0.174028 41600 60000
0.158107 44800 60000
0.225397 48000 60000
0.305993 51200 60000
0.168772 54400 60000
0.128029 57600 60000
Epoch 9
-------------------------------
0.146508     0 60000
0.268037  3200 60000
0.209730  6400 60000
0.137359  9600 60000
0.202843 12800 60000
0.085298 16000 60000
0.071403 19200 60000
0.281358 22400 60000
0.356555 25600 60000
0.112910 28800 60000
0.115319 32000 60000
0.138141 35200 60000
0.167976 38400 60000
0.189012 41600 60000
0.155036 44800 60000
0.173456 48000 60000
0.163215 51200 60000
0.209475 54400 60000
0.090881 57600 60000
Epoch 10
-------------------------------
0.191909     0 60000
0.302375  3200 60000
0.268924  6400 60000
0.089576  9600 60000
0.394681 12800 60000
0.252278 16000 60000
0.303359 19200 60000
0.214217 22400 60000
0.347274 25600 60000
0.325014 28800 60000
0.120659 32000 60000
0.158139 35200 60000
0.264512 38400 60000
0.232533 41600 60000
0.116286 44800 60000
0.065003 48000 60000
0.181330 51200 60000
0.379854 54400 60000
0.330530 57600 60000
Epoch 11
-------------------------------
0.295806     0 60000
0.296304  3200 60000
0.208905  6400 60000
0.084935  9600 60000
0.258229 12800 60000
0.208406 16000 60000
0.186328 19200 60000
0.195423 22400 60000
0.291459 25600 60000
0.288607 28800 60000
0.223495 32000 60000
0.117554 35200 60000
0.192738 38400 60000
0.300105 41600 60000
0.190400 44800 60000
0.170485 48000 60000
0.246955 51200 60000
0.193970 54400 60000
0.277430 57600 60000
Epoch 12
-------------------------------
0.405836     0 60000
0.168063  3200 60000
0.202074  6400 60000
0.092834  9600 60000
0.282332 12800 60000
0.104457 16000 60000
0.166105 19200 60000
0.381654 22400 60000
0.118928 25600 60000
0.195637 28800 60000
0.177227 32000 60000
0.045481 35200 60000
0.224473 38400 60000
0.155955 41600 60000
0.074998 44800 60000
0.139333 48000 60000
0.167555 51200 60000
0.245633 54400 60000
0.210752 57600 60000
