Epoch 1
-------------------------------
2.308289     0 60000
2.334217  6400 60000
2.307934 12800 60000
2.319506 19200 60000
2.313660 25600 60000
2.328585 32000 60000
2.314366 38400 60000
2.306855 44800 60000
2.300886 51200 60000
2.322413 57600 60000
Epoch 2
-------------------------------
2.322414     0 60000
2.274649  6400 60000
2.330112 12800 60000
2.316994 19200 60000
2.303953 25600 60000
2.324935 32000 60000
2.289192 38400 60000
2.320661 44800 60000
2.315725 51200 60000
2.314658 57600 60000
Epoch 3
-------------------------------
2.321722     0 60000
2.314967  6400 60000
2.346290 12800 60000
2.317493 19200 60000
2.325425 25600 60000
2.279839 32000 60000
2.326264 38400 60000
2.299872 44800 60000
2.285201 51200 60000
2.323002 57600 60000
Epoch 4
-------------------------------
2.272419     0 60000
2.299466  6400 60000
2.292837 12800 60000
2.316538 19200 60000
2.279836 25600 60000
2.349563 32000 60000
2.313754 38400 60000
2.356989 44800 60000
2.307853 51200 60000
2.303275 57600 60000
Epoch 5
-------------------------------
2.316239     0 60000
2.302550  6400 60000
2.287193 12800 60000
2.359343 19200 60000
2.315187 25600 60000
2.320089 32000 60000
2.332147 38400 60000
2.311226 44800 60000
2.303897 51200 60000
2.328905 57600 60000
Epoch 6
-------------------------------
2.305733     0 60000
2.286649  6400 60000
2.348441 12800 60000
2.321362 19200 60000
2.314775 25600 60000
2.294615 32000 60000
2.306503 38400 60000
2.325735 44800 60000
2.274294 51200 60000
2.312576 57600 60000
Epoch 7
-------------------------------
2.306792     0 60000
2.304169  6400 60000
2.298838 12800 60000
2.310967 19200 60000
2.297580 25600 60000
2.313455 32000 60000
2.318083 38400 60000
2.298663 44800 60000
2.292885 51200 60000
2.308640 57600 60000
Epoch 8
-------------------------------
2.324570     0 60000
2.321025  6400 60000
2.290009 12800 60000
2.276985 19200 60000
2.320198 25600 60000
2.304667 32000 60000
2.306503 38400 60000
2.319122 44800 60000
2.322854 51200 60000
2.312389 57600 60000
Epoch 9
-------------------------------
2.308274     0 60000
2.301977  6400 60000
2.293824 12800 60000
2.306777 19200 60000
2.329304 25600 60000
2.301997 32000 60000
2.317388 38400 60000
2.306725 44800 60000
2.302969 51200 60000
2.302309 57600 60000
Epoch 10
-------------------------------
2.284550     0 60000
2.315414  6400 60000
2.298059 12800 60000
2.282264 19200 60000
2.325043 25600 60000
2.321098 32000 60000
2.303489 38400 60000
2.317894 44800 60000
2.315223 51200 60000
2.325963 57600 60000
Epoch 11
-------------------------------
2.311269     0 60000
2.293963  6400 60000
2.311300 12800 60000
2.313756 19200 60000
2.309414 25600 60000
2.289254 32000 60000
2.315311 38400 60000
2.294352 44800 60000
2.323656 51200 60000
2.302132 57600 60000
Epoch 12
-------------------------------
2.307475     0 60000
2.292617  6400 60000
2.304213 12800 60000
2.270440 19200 60000
2.317361 25600 60000
2.317872 32000 60000
2.274255 38400 60000
2.299660 44800 60000
2.314459 51200 60000
2.326979 57600 60000
