Epoch 1
-------------------------------
2.302470     0 60000
2.321867  6400 60000
2.359556 12800 60000
2.263469 19200 60000
2.307896 25600 60000
2.308344 32000 60000
2.338658 38400 60000
2.302719 44800 60000
2.292849 51200 60000
2.289667 57600 60000
Epoch 2
-------------------------------
2.307481     0 60000
2.305351  6400 60000
2.312728 12800 60000
2.306982 19200 60000
2.283652 25600 60000
2.302615 32000 60000
2.279184 38400 60000
2.285511 44800 60000
2.307637 51200 60000
2.332126 57600 60000
Epoch 3
-------------------------------
2.319082     0 60000
2.296270  6400 60000
2.337776 12800 60000
2.321350 19200 60000
2.300744 25600 60000
2.297956 32000 60000
2.281428 38400 60000
2.325341 44800 60000
2.305650 51200 60000
2.342579 57600 60000
Epoch 4
-------------------------------
2.298544     0 60000
2.299674  6400 60000
2.325854 12800 60000
2.306736 19200 60000
2.306153 25600 60000
2.300407 32000 60000
2.334085 38400 60000
2.305453 44800 60000
2.279353 51200 60000
2.341295 57600 60000
Epoch 5
-------------------------------
2.323788     0 60000
2.275202  6400 60000
2.304927 12800 60000
2.317223 19200 60000
2.354367 25600 60000
2.305222 32000 60000
2.327042 38400 60000
2.325746 44800 60000
2.321051 51200 60000
2.295601 57600 60000
Epoch 6
-------------------------------
2.332537     0 60000
2.300869  6400 60000
2.343794 12800 60000
2.294149 19200 60000
2.341957 25600 60000
2.311753 32000 60000
2.307213 38400 60000
2.332147 44800 60000
2.322635 51200 60000
2.322144 57600 60000
Epoch 7
-------------------------------
2.304635     0 60000
2.290445  6400 60000
2.298936 12800 60000
2.292992 19200 60000
2.315213 25600 60000
2.320377 32000 60000
2.303679 38400 60000
2.301637 44800 60000
2.372293 51200 60000
2.314846 57600 60000
Epoch 8
-------------------------------
2.319356     0 60000
2.305011  6400 60000
2.305006 12800 60000
2.261498 19200 60000
2.308329 25600 60000
2.304657 32000 60000
2.283744 38400 60000
2.337435 44800 60000
2.332175 51200 60000
2.304878 57600 60000
Epoch 9
-------------------------------
2.310556     0 60000
2.320595  6400 60000
2.296064 12800 60000
2.318304 19200 60000
2.324632 25600 60000
2.310087 32000 60000
2.309511 38400 60000
2.329539 44800 60000
2.317531 51200 60000
2.311911 57600 60000
Epoch 10
-------------------------------
2.317197     0 60000
2.328588  6400 60000
2.309963 12800 60000
2.303562 19200 60000
2.340079 25600 60000
2.323908 32000 60000
2.316280 38400 60000
2.299448 44800 60000
2.314490 51200 60000
2.327888 57600 60000
Epoch 11
-------------------------------
2.331925     0 60000
2.334504  6400 60000
2.294199 12800 60000
2.285665 19200 60000
2.290086 25600 60000
2.306655 32000 60000
2.311420 38400 60000
2.280108 44800 60000
2.327912 51200 60000
2.315749 57600 60000
Epoch 12
-------------------------------
2.342114     0 60000
2.325726  6400 60000
2.330393 12800 60000
2.308204 19200 60000
2.334464 25600 60000
2.305566 32000 60000
2.314890 38400 60000
2.337615 44800 60000
2.293270 51200 60000
2.301635 57600 60000
