Epoch 1
-------------------------------
0.401993     0 60000
4.761807  6400 60000
0.902754 12800 60000
1.033244 19200 60000
1.721268 25600 60000
1.637915 32000 60000
2.305454 38400 60000
1.256003 44800 60000
3.938621 51200 60000
2.343927 57600 60000
Epoch 2
-------------------------------
2.336920     0 60000
2.313645  6400 60000
2.302089 12800 60000
2.300137 19200 60000
2.300465 25600 60000
2.308295 32000 60000
2.294368 38400 60000
2.297036 44800 60000
2.307586 51200 60000
2.306755 57600 60000
Epoch 3
-------------------------------
2.303704     0 60000
2.300342  6400 60000
2.304286 12800 60000
2.304798 19200 60000
2.295776 25600 60000
2.303427 32000 60000
2.299619 38400 60000
2.299331 44800 60000
2.300124 51200 60000
2.299616 57600 60000
Epoch 4
-------------------------------
2.296340     0 60000
2.297958  6400 60000
2.301939 12800 60000
2.311623 19200 60000
2.302888 25600 60000
2.303011 32000 60000
2.302533 38400 60000
2.306525 44800 60000
2.303277 51200 60000
2.300451 57600 60000
Epoch 5
-------------------------------
2.300372     0 60000
2.304781  6400 60000
2.302717 12800 60000
2.307899 19200 60000
2.304218 25600 60000
2.303028 32000 60000
2.309867 38400 60000
2.305988 44800 60000
2.305631 51200 60000
2.312580 57600 60000
Epoch 6
-------------------------------
2.298519     0 60000
2.305033  6400 60000
2.305228 12800 60000
2.300597 19200 60000
2.302725 25600 60000
2.299916 32000 60000
2.307227 38400 60000
2.305636 44800 60000
2.303983 51200 60000
2.300399 57600 60000
Epoch 7
-------------------------------
2.302855     0 60000
2.293931  6400 60000
2.300536 12800 60000
2.298315 19200 60000
2.302998 25600 60000
2.300370 32000 60000
2.306188 38400 60000
2.304569 44800 60000
2.316205 51200 60000
2.295692 57600 60000
Epoch 8
-------------------------------
2.304005     0 60000
2.302590  6400 60000
2.308596 12800 60000
2.298848 19200 60000
2.313120 25600 60000
2.300914 32000 60000
2.290719 38400 60000
2.303694 44800 60000
2.305614 51200 60000
2.299605 57600 60000
Epoch 9
-------------------------------
2.304015     0 60000
2.307706  6400 60000
2.301395 12800 60000
2.307842 19200 60000
2.299006 25600 60000
2.294703 32000 60000
2.304110 38400 60000
2.307629 44800 60000
2.307210 51200 60000
2.297856 57600 60000
Epoch 10
-------------------------------
2.301939     0 60000
2.296340  6400 60000
2.303453 12800 60000
2.304488 19200 60000
2.302218 25600 60000
2.293488 32000 60000
2.299938 38400 60000
2.308098 44800 60000
2.300266 51200 60000
2.306920 57600 60000
Epoch 11
-------------------------------
2.305484     0 60000
2.303576  6400 60000
2.303888 12800 60000
2.306360 19200 60000
2.304191 25600 60000
2.300328 32000 60000
2.302616 38400 60000
2.297845 44800 60000
2.292487 51200 60000
2.300336 57600 60000
Epoch 12
-------------------------------
2.307455     0 60000
2.306001  6400 60000
2.300285 12800 60000
2.306580 19200 60000
2.299118 25600 60000
2.296899 32000 60000
2.291420 38400 60000
2.310248 44800 60000
2.306915 51200 60000
2.316385 57600 60000
