Epoch 1
-------------------------------
0.625588     0 60000
2.046803  6400 60000
2.558898 12800 60000
2.308978 19200 60000
2.306253 25600 60000
2.303510 32000 60000
2.296510 38400 60000
2.301669 44800 60000
2.300946 51200 60000
2.303274 57600 60000
Epoch 2
-------------------------------
2.306398     0 60000
2.303448  6400 60000
2.306718 12800 60000
2.297506 19200 60000
2.314790 25600 60000
2.301607 32000 60000
2.306456 38400 60000
2.305333 44800 60000
2.312836 51200 60000
2.302951 57600 60000
Epoch 3
-------------------------------
2.299025     0 60000
2.305272  6400 60000
2.300629 12800 60000
2.305467 19200 60000
2.306563 25600 60000
2.306973 32000 60000
2.301713 38400 60000
2.304225 44800 60000
2.306150 51200 60000
2.304959 57600 60000
Epoch 4
-------------------------------
2.310096     0 60000
2.303630  6400 60000
2.313427 12800 60000
2.303390 19200 60000
2.300268 25600 60000
2.298567 32000 60000
2.306864 38400 60000
2.306555 44800 60000
2.296602 51200 60000
2.302456 57600 60000
Epoch 5
-------------------------------
2.298682     0 60000
2.305992  6400 60000
2.308323 12800 60000
2.295757 19200 60000
2.298879 25600 60000
2.306280 32000 60000
2.300013 38400 60000
2.303978 44800 60000
2.313556 51200 60000
2.297108 57600 60000
Epoch 6
-------------------------------
2.301852     0 60000
2.302779  6400 60000
2.304883 12800 60000
2.297131 19200 60000
2.294436 25600 60000
2.306881 32000 60000
2.301640 38400 60000
2.307349 44800 60000
2.290601 51200 60000
2.312863 57600 60000
Epoch 7
-------------------------------
2.314452     0 60000
2.297566  6400 60000
2.301485 12800 60000
2.301110 19200 60000
2.304222 25600 60000
2.309186 32000 60000
2.301669 38400 60000
2.298513 44800 60000
2.301199 51200 60000
2.300617 57600 60000
Epoch 8
-------------------------------
2.306549     0 60000
2.305313  6400 60000
2.295419 12800 60000
2.304116 19200 60000
2.308901 25600 60000
2.297164 32000 60000
2.299777 38400 60000
2.298657 44800 60000
2.302986 51200 60000
2.314474 57600 60000
Epoch 9
-------------------------------
2.299680     0 60000
2.305266  6400 60000
2.306257 12800 60000
2.310086 19200 60000
2.300108 25600 60000
2.297544 32000 60000
2.304022 38400 60000
2.302464 44800 60000
2.301651 51200 60000
2.299377 57600 60000
Epoch 10
-------------------------------
2.300977     0 60000
2.305365  6400 60000
2.305134 12800 60000
2.299820 19200 60000
2.304856 25600 60000
2.295080 32000 60000
2.291652 38400 60000
2.298805 44800 60000
2.309810 51200 60000
2.304263 57600 60000
Epoch 11
-------------------------------
2.283441     0 60000
2.303509  6400 60000
2.306123 12800 60000
2.301892 19200 60000
2.305374 25600 60000
2.306944 32000 60000
2.298965 38400 60000
2.300708 44800 60000
2.305344 51200 60000
2.302376 57600 60000
Epoch 12
-------------------------------
2.310793     0 60000
2.301485  6400 60000
2.314722 12800 60000
2.305766 19200 60000
2.307080 25600 60000
2.311492 32000 60000
2.299521 38400 60000
2.310087 44800 60000
2.289147 51200 60000
2.304555 57600 60000
