Epoch 1
-------------------------------
0.567603     0 60000
2.280746  6400 60000
2.329101 12800 60000
2.318621 19200 60000
2.312755 25600 60000
2.280519 32000 60000
2.311777 38400 60000
2.315461 44800 60000
2.293764 51200 60000
2.317945 57600 60000
Epoch 2
-------------------------------
2.347285     0 60000
2.321407  6400 60000
2.341285 12800 60000
2.319037 19200 60000
2.322294 25600 60000
2.310639 32000 60000
2.296227 38400 60000
2.320605 44800 60000
2.271610 51200 60000
2.329826 57600 60000
Epoch 3
-------------------------------
2.301288     0 60000
2.287596  6400 60000
2.320347 12800 60000
2.333015 19200 60000
2.312132 25600 60000
2.315406 32000 60000
2.303025 38400 60000
2.310102 44800 60000
2.286779 51200 60000
2.343027 57600 60000
Epoch 4
-------------------------------
2.319074     0 60000
2.307513  6400 60000
2.297637 12800 60000
2.317350 19200 60000
2.281490 25600 60000
2.329328 32000 60000
2.319500 38400 60000
2.301211 44800 60000
2.325614 51200 60000
2.327566 57600 60000
Epoch 5
-------------------------------
2.348614     0 60000
2.304518  6400 60000
2.318365 12800 60000
2.324654 19200 60000
2.308337 25600 60000
2.334339 32000 60000
2.314615 38400 60000
2.321432 44800 60000
2.322166 51200 60000
2.371846 57600 60000
Epoch 6
-------------------------------
2.315799     0 60000
2.306589  6400 60000
2.310215 12800 60000
2.291920 19200 60000
2.328739 25600 60000
2.312111 32000 60000
2.294556 38400 60000
2.306334 44800 60000
2.302350 51200 60000
2.288633 57600 60000
Epoch 7
-------------------------------
2.343520     0 60000
2.324539  6400 60000
2.288493 12800 60000
2.300263 19200 60000
2.334033 25600 60000
2.303066 32000 60000
2.343367 38400 60000
2.316322 44800 60000
2.287483 51200 60000
2.298009 57600 60000
Epoch 8
-------------------------------
2.289014     0 60000
2.303310  6400 60000
2.329273 12800 60000
2.294946 19200 60000
2.292767 25600 60000
2.313211 32000 60000
2.332644 38400 60000
2.295591 44800 60000
2.310415 51200 60000
2.295667 57600 60000
Epoch 9
-------------------------------
2.319362     0 60000
2.308341  6400 60000
2.297414 12800 60000
2.299652 19200 60000
2.301831 25600 60000
2.319085 32000 60000
2.316819 38400 60000
2.300265 44800 60000
2.283970 51200 60000
2.289736 57600 60000
Epoch 10
-------------------------------
2.294852     0 60000
2.316649  6400 60000
2.274068 12800 60000
2.301301 19200 60000
2.316014 25600 60000
2.308021 32000 60000
2.301194 38400 60000
2.296672 44800 60000
2.321516 51200 60000
2.323510 57600 60000
Epoch 11
-------------------------------
2.294200     0 60000
2.329082  6400 60000
2.306998 12800 60000
2.294208 19200 60000
2.329278 25600 60000
2.284931 32000 60000
2.308617 38400 60000
2.312532 44800 60000
2.302723 51200 60000
2.320684 57600 60000
Epoch 12
-------------------------------
2.325475     0 60000
2.310775  6400 60000
2.285283 12800 60000
2.299750 19200 60000
2.324907 25600 60000
2.296235 32000 60000
2.304188 38400 60000
2.301476 44800 60000
2.326568 51200 60000
2.319719 57600 60000
