Epoch 1
-------------------------------
2.309033     0 60000
1.130471  6400 60000
0.905831 12800 60000
0.821786 19200 60000
0.637253 25600 60000
0.516780 32000 60000
0.799458 38400 60000
0.763786 44800 60000
0.572748 51200 60000
0.579804 57600 60000
Epoch 2
-------------------------------
0.580695     0 60000
0.666801  6400 60000
0.677036 12800 60000
0.440792 19200 60000
0.538523 25600 60000
0.283371 32000 60000
0.211462 38400 60000
0.490541 44800 60000
0.456932 51200 60000
0.359692 57600 60000
Epoch 3
-------------------------------
0.486489     0 60000
0.662001  6400 60000
0.215263 12800 60000
0.273622 19200 60000
0.371781 25600 60000
0.600198 32000 60000
0.471331 38400 60000
0.474623 44800 60000
0.366418 51200 60000
0.398725 57600 60000
Epoch 4
-------------------------------
0.342901     0 60000
0.160866  6400 60000
0.227588 12800 60000
0.424877 19200 60000
0.239834 25600 60000
0.757062 32000 60000
0.580148 38400 60000
0.429110 44800 60000
0.391923 51200 60000
0.305080 57600 60000
Epoch 5
-------------------------------
0.395734     0 60000
0.533676  6400 60000
0.350610 12800 60000
0.378423 19200 60000
0.305188 25600 60000
0.258022 32000 60000
0.339321 38400 60000
0.345809 44800 60000
0.364385 51200 60000
0.447081 57600 60000
Epoch 6
-------------------------------
0.524333     0 60000
0.280930  6400 60000
0.315032 12800 60000
0.246157 19200 60000
0.379607 25600 60000
0.323942 32000 60000
0.509224 38400 60000
0.306322 44800 60000
0.369658 51200 60000
0.240606 57600 60000
Epoch 7
-------------------------------
0.492098     0 60000
0.364312  6400 60000
0.469877 12800 60000
0.318808 19200 60000
0.369021 25600 60000
0.273870 32000 60000
0.364165 38400 60000
0.248301 44800 60000
0.188771 51200 60000
0.353554 57600 60000
Epoch 8
-------------------------------
0.186550     0 60000
0.367659  6400 60000
0.208011 12800 60000
0.197456 19200 60000
0.431418 25600 60000
0.417406 32000 60000
0.242611 38400 60000
0.212787 44800 60000
0.444178 51200 60000
0.214305 57600 60000
Epoch 9
-------------------------------
0.333927     0 60000
0.342699  6400 60000
0.420259 12800 60000
0.247474 19200 60000
0.325756 25600 60000
0.416664 32000 60000
0.300888 38400 60000
0.284277 44800 60000
0.241546 51200 60000
0.366841 57600 60000
Epoch 10
-------------------------------
0.255555     0 60000
0.352793  6400 60000
0.274604 12800 60000
0.160859 19200 60000
0.147607 25600 60000
0.146538 32000 60000
0.259795 38400 60000
0.303337 44800 60000
0.326425 51200 60000
0.337691 57600 60000
Epoch 11
-------------------------------
0.420106     0 60000
0.197508  6400 60000
0.357836 12800 60000
0.183031 19200 60000
0.478756 25600 60000
0.348912 32000 60000
0.176609 38400 60000
0.355036 44800 60000
0.142527 51200 60000
0.250823 57600 60000
Epoch 12
-------------------------------
0.297942     0 60000
0.276983  6400 60000
0.339226 12800 60000
0.231515 19200 60000
0.271859 25600 60000
0.265676 32000 60000
0.339584 38400 60000
0.223011 44800 60000
0.300097 51200 60000
0.145174 57600 60000
