Epoch 1
-------------------------------
2.305296     0 60000
1.818407  6400 60000
1.602688 12800 60000
1.121645 19200 60000
0.964230 25600 60000
0.952983 32000 60000
0.892775 38400 60000
0.912237 44800 60000
0.875389 51200 60000
0.863676 57600 60000
Epoch 2
-------------------------------
0.703417     0 60000
0.671416  6400 60000
1.028063 12800 60000
0.617410 19200 60000
0.886195 25600 60000
0.592291 32000 60000
0.682473 38400 60000
1.024817 44800 60000
0.997095 51200 60000
0.842462 57600 60000
Epoch 3
-------------------------------
1.164376     0 60000
1.035393  6400 60000
0.777396 12800 60000
0.653256 19200 60000
0.696386 25600 60000
0.466390 32000 60000
0.781637 38400 60000
0.664243 44800 60000
0.630165 51200 60000
0.396617 57600 60000
Epoch 4
-------------------------------
0.413951     0 60000
0.580151  6400 60000
0.689635 12800 60000
0.677953 19200 60000
0.428998 25600 60000
0.476984 32000 60000
0.524438 38400 60000
0.888928 44800 60000
0.499530 51200 60000
0.488081 57600 60000
Epoch 5
-------------------------------
0.742321     0 60000
0.642066  6400 60000
0.583244 12800 60000
0.478287 19200 60000
0.546460 25600 60000
0.533973 32000 60000
0.508295 38400 60000
0.680698 44800 60000
0.843732 51200 60000
0.405077 57600 60000
Epoch 6
-------------------------------
0.832842     0 60000
0.567318  6400 60000
0.763600 12800 60000
0.407592 19200 60000
0.568261 25600 60000
0.462100 32000 60000
0.557047 38400 60000
0.775829 44800 60000
0.556791 51200 60000
0.800336 57600 60000
Epoch 7
-------------------------------
0.744428     0 60000
0.478679  6400 60000
0.721008 12800 60000
0.303132 19200 60000
0.951943 25600 60000
0.607556 32000 60000
0.465566 38400 60000
0.579239 44800 60000
0.612342 51200 60000
0.616570 57600 60000
Epoch 8
-------------------------------
0.596611     0 60000
0.470360  6400 60000
0.442569 12800 60000
0.502706 19200 60000
0.902914 25600 60000
0.764259 32000 60000
0.572299 38400 60000
0.446033 44800 60000
0.420936 51200 60000
0.604411 57600 60000
Epoch 9
-------------------------------
0.625262     0 60000
0.636556  6400 60000
0.511977 12800 60000
0.444297 19200 60000
0.559706 25600 60000
0.589244 32000 60000
0.561925 38400 60000
0.837692 44800 60000
0.633390 51200 60000
0.832669 57600 60000
Epoch 10
-------------------------------
0.468412     0 60000
0.605748  6400 60000
0.225669 12800 60000
0.740733 19200 60000
0.613760 25600 60000
0.442611 32000 60000
0.664678 38400 60000
0.693136 44800 60000
0.424533 51200 60000
0.374018 57600 60000
Epoch 11
-------------------------------
0.775555     0 60000
0.589257  6400 60000
0.601285 12800 60000
0.531732 19200 60000
0.751894 25600 60000
0.647958 32000 60000
0.579960 38400 60000
0.526090 44800 60000
0.581532 51200 60000
0.702139 57600 60000
Epoch 12
-------------------------------
0.622389     0 60000
0.367095  6400 60000
0.353824 12800 60000
0.482175 19200 60000
0.487837 25600 60000
0.456369 32000 60000
0.329365 38400 60000
0.531328 44800 60000
0.676148 51200 60000
0.557563 57600 60000
