Epoch 1
-------------------------------
2.295915     0 60000
0.639936  6400 60000
0.751768 12800 60000
0.616130 19200 60000
0.599707 25600 60000
0.315250 32000 60000
0.553303 38400 60000
0.427759 44800 60000
0.338827 51200 60000
0.267815 57600 60000
Epoch 2
-------------------------------
0.349587     0 60000
0.389468  6400 60000
0.483998 12800 60000
0.470688 19200 60000
0.197389 25600 60000
0.242514 32000 60000
0.240775 38400 60000
0.322903 44800 60000
0.348403 51200 60000
0.346053 57600 60000
Epoch 3
-------------------------------
0.362182     0 60000
0.267125  6400 60000
0.354958 12800 60000
0.213221 19200 60000
0.405147 25600 60000
0.227486 32000 60000
0.346381 38400 60000
0.295394 44800 60000
0.217750 51200 60000
0.186071 57600 60000
Epoch 4
-------------------------------
0.145520     0 60000
0.120400  6400 60000
0.321735 12800 60000
0.259097 19200 60000
0.292232 25600 60000
0.483541 32000 60000
0.239076 38400 60000
0.266977 44800 60000
0.148131 51200 60000
0.379050 57600 60000
Epoch 5
-------------------------------
0.446480     0 60000
0.171445  6400 60000
0.296608 12800 60000
0.402913 19200 60000
0.298183 25600 60000
0.239221 32000 60000
0.322387 38400 60000
0.349311 44800 60000
0.321713 51200 60000
0.384691 57600 60000
Epoch 6
-------------------------------
0.293341     0 60000
0.419752  6400 60000
0.186337 12800 60000
0.146999 19200 60000
0.257462 25600 60000
0.420087 32000 60000
0.227734 38400 60000
0.274307 44800 60000
0.301543 51200 60000
0.265730 57600 60000
Epoch 7
-------------------------------
0.134789     0 60000
0.191756  6400 60000
0.303380 12800 60000
0.145551 19200 60000
0.365705 25600 60000
0.274517 32000 60000
0.316341 38400 60000
0.157361 44800 60000
0.300162 51200 60000
0.179687 57600 60000
Epoch 8
-------------------------------
0.212106     0 60000
0.488313  6400 60000
0.198769 12800 60000
0.147486 19200 60000
0.187425 25600 60000
0.408152 32000 60000
0.494952 38400 60000
0.200839 44800 60000
0.090062 51200 60000
0.356627 57600 60000
Epoch 9
-------------------------------
0.094596     0 60000
0.206571  6400 60000
0.212029 12800 60000
0.150615 19200 60000
0.295554 25600 60000
0.188898 32000 60000
0.221318 38400 60000
0.306756 44800 60000
0.158566 51200 60000
0.106640 57600 60000
Epoch 10
-------------------------------
0.053402     0 60000
0.139443  6400 60000
0.235836 12800 60000
0.298645 19200 60000
0.174845 25600 60000
0.129220 32000 60000
0.276345 38400 60000
0.207915 44800 60000
0.238683 51200 60000
0.295866 57600 60000
Epoch 11
-------------------------------
0.267320     0 60000
0.330816  6400 60000
0.243143 12800 60000
0.074469 19200 60000
0.289853 25600 60000
0.226469 32000 60000
0.283296 38400 60000
0.189431 44800 60000
0.284149 51200 60000
0.175859 57600 60000
Epoch 12
-------------------------------
0.144395     0 60000
0.265572  6400 60000
0.172349 12800 60000
0.294157 19200 60000
0.166219 25600 60000
0.182347 32000 60000
0.076572 38400 60000
0.265221 44800 60000
0.166864 51200 60000
0.168506 57600 60000
