Epoch 1
-------------------------------
2.309946     0 60000
2.312943  6400 60000
2.292646 12800 60000
2.315868 19200 60000
2.329067 25600 60000
2.294509 32000 60000
2.302741 38400 60000
2.291912 44800 60000
2.321819 51200 60000
2.313928 57600 60000
Epoch 2
-------------------------------
2.308718     0 60000
2.333580  6400 60000
2.344443 12800 60000
2.306666 19200 60000
2.318374 25600 60000
2.293921 32000 60000
2.285494 38400 60000
2.323825 44800 60000
2.317416 51200 60000
2.323929 57600 60000
Epoch 3
-------------------------------
2.316274     0 60000
2.290706  6400 60000
2.306915 12800 60000
2.301740 19200 60000
2.310472 25600 60000
2.303127 32000 60000
2.348476 38400 60000
2.324445 44800 60000
2.284049 51200 60000
2.327278 57600 60000
Epoch 4
-------------------------------
2.315823     0 60000
2.339225  6400 60000
2.311168 12800 60000
2.315303 19200 60000
2.311743 25600 60000
2.323279 32000 60000
2.298847 38400 60000
2.319082 44800 60000
2.332800 51200 60000
2.303284 57600 60000
Epoch 5
-------------------------------
2.310126     0 60000
2.330532  6400 60000
2.279552 12800 60000
2.315968 19200 60000
2.307347 25600 60000
2.299547 32000 60000
2.315969 38400 60000
2.313560 44800 60000
2.359916 51200 60000
2.301315 57600 60000
Epoch 6
-------------------------------
2.285123     0 60000
2.281996  6400 60000
2.316221 12800 60000
2.313409 19200 60000
2.293333 25600 60000
2.323598 32000 60000
2.311894 38400 60000
2.305768 44800 60000
2.312979 51200 60000
2.309398 57600 60000
Epoch 7
-------------------------------
2.301891     0 60000
2.341658  6400 60000
2.313232 12800 60000
2.305496 19200 60000
2.308011 25600 60000
2.310966 32000 60000
2.300612 38400 60000
2.322232 44800 60000
2.305027 51200 60000
2.327305 57600 60000
Epoch 8
-------------------------------
2.336072     0 60000
2.328411  6400 60000
2.313990 12800 60000
2.300320 19200 60000
2.319072 25600 60000
2.300696 32000 60000
2.319272 38400 60000
2.316519 44800 60000
2.323251 51200 60000
2.297219 57600 60000
Epoch 9
-------------------------------
2.311921     0 60000
2.303573  6400 60000
2.316710 12800 60000
2.311466 19200 60000
2.315815 25600 60000
2.323563 32000 60000
2.300380 38400 60000
2.317078 44800 60000
2.289895 51200 60000
2.296057 57600 60000
Epoch 10
-------------------------------
2.309817     0 60000
2.318836  6400 60000
2.304418 12800 60000
2.287192 19200 60000
2.332035 25600 60000
2.302429 32000 60000
2.319292 38400 60000
2.318737 44800 60000
2.301601 51200 60000
2.313426 57600 60000
Epoch 11
-------------------------------
2.321405     0 60000
2.314542  6400 60000
2.313239 12800 60000
2.313958 19200 60000
2.314106 25600 60000
2.328738 32000 60000
2.328227 38400 60000
2.280110 44800 60000
2.313342 51200 60000
2.304471 57600 60000
Epoch 12
-------------------------------
2.324007     0 60000
2.308741  6400 60000
2.285168 12800 60000
2.280475 19200 60000
2.271226 25600 60000
2.289538 32000 60000
2.309446 38400 60000
2.287919 44800 60000
2.312774 51200 60000
2.331810 57600 60000
