Epoch 1
-------------------------------
0.560409     0 60000
1.056171  6400 60000
1.056990 12800 60000
1.003927 19200 60000
1.632366 25600 60000
1.319029 32000 60000
1.071378 38400 60000
1.189282 44800 60000
1.816686 51200 60000
1.012299 57600 60000
Epoch 2
-------------------------------
0.767216     0 60000
1.011144  6400 60000
1.036183 12800 60000
1.342493 19200 60000
0.979484 25600 60000
0.826356 32000 60000
0.727237 38400 60000
0.765705 44800 60000
0.958553 51200 60000
0.845151 57600 60000
Epoch 3
-------------------------------
0.766656     0 60000
1.020684  6400 60000
0.793606 12800 60000
1.678411 19200 60000
0.663901 25600 60000
0.595648 32000 60000
0.480953 38400 60000
1.133055 44800 60000
0.649305 51200 60000
2.499435 57600 60000
Epoch 4
-------------------------------
1.248627     0 60000
1.049980  6400 60000
0.776178 12800 60000
2.653796 19200 60000
2.320035 25600 60000
2.320892 32000 60000
2.309881 38400 60000
2.276204 44800 60000
2.316108 51200 60000
2.335458 57600 60000
Epoch 5
-------------------------------
2.294109     0 60000
2.287209  6400 60000
2.295071 12800 60000
2.308819 19200 60000
2.291790 25600 60000
2.304204 32000 60000
2.304688 38400 60000
2.325148 44800 60000
2.315234 51200 60000
2.298521 57600 60000
Epoch 6
-------------------------------
2.300258     0 60000
2.304434  6400 60000
2.305118 12800 60000
2.308397 19200 60000
2.291216 25600 60000
2.320134 32000 60000
2.301981 38400 60000
2.317517 44800 60000
2.311813 51200 60000
2.302418 57600 60000
Epoch 7
-------------------------------
2.310197     0 60000
2.286402  6400 60000
2.305650 12800 60000
2.295261 19200 60000
2.320580 25600 60000
2.312460 32000 60000
2.299415 38400 60000
2.303524 44800 60000
2.318661 51200 60000
2.303974 57600 60000
Epoch 8
-------------------------------
2.317220     0 60000
2.283485  6400 60000
2.310352 12800 60000
2.292982 19200 60000
2.314584 25600 60000
2.311441 32000 60000
2.311983 38400 60000
2.304648 44800 60000
2.317423 51200 60000
2.301467 57600 60000
Epoch 9
-------------------------------
2.285311     0 60000
2.301141  6400 60000
2.310087 12800 60000
2.294837 19200 60000
2.306102 25600 60000
2.298273 32000 60000
2.305876 38400 60000
2.278604 44800 60000
2.311725 51200 60000
2.303407 57600 60000
Epoch 10
-------------------------------
2.297676     0 60000
2.307897  6400 60000
2.294096 12800 60000
2.308414 19200 60000
2.306651 25600 60000
2.306123 32000 60000
2.306340 38400 60000
2.300154 44800 60000
2.306331 51200 60000
2.301500 57600 60000
Epoch 11
-------------------------------
2.304528     0 60000
2.309631  6400 60000
2.300631 12800 60000
2.304916 19200 60000
2.309067 25600 60000
2.300192 32000 60000
2.304978 38400 60000
2.302631 44800 60000
2.304919 51200 60000
2.318777 57600 60000
Epoch 12
-------------------------------
2.305955     0 60000
2.303249  6400 60000
2.299929 12800 60000
2.297313 19200 60000
2.302015 25600 60000
2.298901 32000 60000
2.309970 38400 60000
2.302462 44800 60000
2.313356 51200 60000
2.300475 57600 60000
