Epoch 1
-------------------------------
2.299023     0 60000
2.324581  6400 60000
2.314810 12800 60000
2.316096 19200 60000
2.304105 25600 60000
2.313327 32000 60000
2.312850 38400 60000
2.298056 44800 60000
2.315584 51200 60000
2.307948 57600 60000
Epoch 2
-------------------------------
2.325034     0 60000
2.332856  6400 60000
2.295759 12800 60000
2.313074 19200 60000
2.306490 25600 60000
2.320757 32000 60000
2.315155 38400 60000
2.295314 44800 60000
2.309704 51200 60000
2.312746 57600 60000
Epoch 3
-------------------------------
2.320947     0 60000
2.311525  6400 60000
2.295891 12800 60000
2.326850 19200 60000
2.307476 25600 60000
2.301527 32000 60000
2.271796 38400 60000
2.324787 44800 60000
2.318195 51200 60000
2.311159 57600 60000
Epoch 4
-------------------------------
2.315750     0 60000
2.366666  6400 60000
2.315860 12800 60000
2.286691 19200 60000
2.326430 25600 60000
2.319207 32000 60000
2.326972 38400 60000
2.331365 44800 60000
2.288450 51200 60000
2.307593 57600 60000
Epoch 5
-------------------------------
2.308719     0 60000
2.288715  6400 60000
2.317548 12800 60000
2.303912 19200 60000
2.326127 25600 60000
2.304162 32000 60000
2.300758 38400 60000
2.301272 44800 60000
2.303415 51200 60000
2.328328 57600 60000
Epoch 6
-------------------------------
2.280677     0 60000
2.301327  6400 60000
2.312120 12800 60000
2.304816 19200 60000
2.317065 25600 60000
2.306314 32000 60000
2.326980 38400 60000
2.332409 44800 60000
2.298566 51200 60000
2.326937 57600 60000
Epoch 7
-------------------------------
2.350688     0 60000
2.307667  6400 60000
2.316340 12800 60000
2.354149 19200 60000
2.297078 25600 60000
2.299535 32000 60000
2.316301 38400 60000
2.294737 44800 60000
2.294442 51200 60000
2.315284 57600 60000
Epoch 8
-------------------------------
2.313150     0 60000
2.289758  6400 60000
2.285057 12800 60000
2.309218 19200 60000
2.296263 25600 60000
2.321183 32000 60000
2.325627 38400 60000
2.317823 44800 60000
2.321251 51200 60000
2.309174 57600 60000
Epoch 9
-------------------------------
2.306798     0 60000
2.322116  6400 60000
2.299515 12800 60000
2.305348 19200 60000
2.353429 25600 60000
2.334162 32000 60000
2.306459 38400 60000
2.363299 44800 60000
2.296282 51200 60000
2.300981 57600 60000
Epoch 10
-------------------------------
2.312461     0 60000
2.370903  6400 60000
2.328273 12800 60000
2.287108 19200 60000
2.316701 25600 60000
2.279871 32000 60000
2.306241 38400 60000
2.307892 44800 60000
2.315118 51200 60000
2.300505 57600 60000
Epoch 11
-------------------------------
2.320707     0 60000
2.312982  6400 60000
2.287637 12800 60000
2.319709 19200 60000
2.298355 25600 60000
2.330012 32000 60000
2.292841 38400 60000
2.285398 44800 60000
2.322149 51200 60000
2.319577 57600 60000
Epoch 12
-------------------------------
2.316505     0 60000
2.298359  6400 60000
2.326250 12800 60000
2.334730 19200 60000
2.319817 25600 60000
2.322398 32000 60000
2.316564 38400 60000
2.307045 44800 60000
2.299597 51200 60000
2.343798 57600 60000
