Epoch 1
-------------------------------
2.302999     0 60000
0.736009  6400 60000
0.549659 12800 60000
0.601295 19200 60000
0.380329 25600 60000
0.403500 32000 60000
0.412010 38400 60000
0.604796 44800 60000
0.541925 51200 60000
0.395528 57600 60000
Epoch 2
-------------------------------
0.505385     0 60000
0.499442  6400 60000
0.265632 12800 60000
0.493949 19200 60000
0.599145 25600 60000
0.344415 32000 60000
0.235680 38400 60000
0.255485 44800 60000
0.266136 51200 60000
0.374765 57600 60000
Epoch 3
-------------------------------
0.393206     0 60000
0.256115  6400 60000
0.418092 12800 60000
0.472442 19200 60000
0.292823 25600 60000
0.384745 32000 60000
0.340784 38400 60000
0.307339 44800 60000
0.367574 51200 60000
0.348166 57600 60000
Epoch 4
-------------------------------
0.312083     0 60000
0.226659  6400 60000
0.292138 12800 60000
0.251230 19200 60000
0.182303 25600 60000
0.379560 32000 60000
0.370900 38400 60000
0.274537 44800 60000
0.337810 51200 60000
0.294911 57600 60000
Epoch 5
-------------------------------
0.226259     0 60000
0.152310  6400 60000
0.432173 12800 60000
0.086430 19200 60000
0.176726 25600 60000
0.231099 32000 60000
0.286645 38400 60000
0.276513 44800 60000
0.271283 51200 60000
0.189663 57600 60000
Epoch 6
-------------------------------
0.283387     0 60000
0.243344  6400 60000
0.428288 12800 60000
0.403911 19200 60000
0.290291 25600 60000
0.419653 32000 60000
0.234800 38400 60000
0.399497 44800 60000
0.334358 51200 60000
0.185667 57600 60000
Epoch 7
-------------------------------
0.231517     0 60000
0.301464  6400 60000
0.265450 12800 60000
0.256053 19200 60000
0.238474 25600 60000
0.281508 32000 60000
0.367332 38400 60000
0.359669 44800 60000
0.321534 51200 60000
0.277006 57600 60000
Epoch 8
-------------------------------
0.335799     0 60000
0.116059  6400 60000
0.387067 12800 60000
0.307734 19200 60000
0.192908 25600 60000
0.227066 32000 60000
0.128038 38400 60000
0.339726 44800 60000
0.110252 51200 60000
0.210124 57600 60000
Epoch 9
-------------------------------
0.213022     0 60000
0.210249  6400 60000
0.212793 12800 60000
0.257635 19200 60000
0.469642 25600 60000
0.239097 32000 60000
0.119453 38400 60000
0.280373 44800 60000
0.186513 51200 60000
0.280721 57600 60000
Epoch 10
-------------------------------
0.244269     0 60000
0.138803  6400 60000
0.349630 12800 60000
0.131585 19200 60000
0.241035 25600 60000
0.125583 32000 60000
0.222316 38400 60000
0.115714 44800 60000
0.323199 51200 60000
0.244920 57600 60000
Epoch 11
-------------------------------
0.231975     0 60000
0.190478  6400 60000
0.199656 12800 60000
0.286236 19200 60000
0.232986 25600 60000
0.309670 32000 60000
0.131946 38400 60000
0.142881 44800 60000
0.236861 51200 60000
0.196585 57600 60000
Epoch 12
-------------------------------
0.151203     0 60000
0.066829  6400 60000
0.200825 12800 60000
0.208805 19200 60000
0.260969 25600 60000
0.181467 32000 60000
0.367644 38400 60000
0.396951 44800 60000
0.211487 51200 60000
0.172932 57600 60000
