Epoch 1
-------------------------------
2.291588     0 60000
2.327367  6400 60000
2.310378 12800 60000
2.300683 19200 60000
2.352145 25600 60000
2.318363 32000 60000
2.297658 38400 60000
2.300883 44800 60000
2.302322 51200 60000
2.315989 57600 60000
Epoch 2
-------------------------------
2.326393     0 60000
2.325770  6400 60000
2.322324 12800 60000
2.283430 19200 60000
2.272869 25600 60000
2.298549 32000 60000
2.349197 38400 60000
2.300228 44800 60000
2.297027 51200 60000
2.324489 57600 60000
Epoch 3
-------------------------------
2.307833     0 60000
2.309695  6400 60000
2.302725 12800 60000
2.320526 19200 60000
2.294089 25600 60000
2.309232 32000 60000
2.306525 38400 60000
2.326814 44800 60000
2.308621 51200 60000
2.321657 57600 60000
Epoch 4
-------------------------------
2.313673     0 60000
2.311395  6400 60000
2.328631 12800 60000
2.300161 19200 60000
2.312531 25600 60000
2.320152 32000 60000
2.320081 38400 60000
2.325505 44800 60000
2.279317 51200 60000
2.302130 57600 60000
Epoch 5
-------------------------------
2.308165     0 60000
2.316722  6400 60000
2.287841 12800 60000
2.302645 19200 60000
2.300514 25600 60000
2.306584 32000 60000
2.302910 38400 60000
2.323220 44800 60000
2.305659 51200 60000
2.296904 57600 60000
Epoch 6
-------------------------------
2.299443     0 60000
2.333460  6400 60000
2.291296 12800 60000
2.308842 19200 60000
2.293761 25600 60000
2.302399 32000 60000
2.324775 38400 60000
2.297168 44800 60000
2.332544 51200 60000
2.310078 57600 60000
Epoch 7
-------------------------------
2.310634     0 60000
2.290494  6400 60000
2.295563 12800 60000
2.319824 19200 60000
2.309340 25600 60000
2.338583 32000 60000
2.291359 38400 60000
2.328613 44800 60000
2.303704 51200 60000
2.302731 57600 60000
Epoch 8
-------------------------------
2.311748     0 60000
2.303869  6400 60000
2.333163 12800 60000
2.314917 19200 60000
2.310606 25600 60000
2.314166 32000 60000
2.310363 38400 60000
2.322693 44800 60000
2.315738 51200 60000
2.309645 57600 60000
Epoch 9
-------------------------------
2.306710     0 60000
2.321939  6400 60000
2.325298 12800 60000
2.322576 19200 60000
2.327937 25600 60000
2.333011 32000 60000
2.319509 38400 60000
2.309680 44800 60000
2.303537 51200 60000
2.319033 57600 60000
Epoch 10
-------------------------------
2.308064     0 60000
2.323939  6400 60000
2.314270 12800 60000
2.317121 19200 60000
2.331181 25600 60000
2.309514 32000 60000
2.304782 38400 60000
2.307401 44800 60000
2.309075 51200 60000
2.322467 57600 60000
Epoch 11
-------------------------------
2.293476     0 60000
2.305869  6400 60000
2.312938 12800 60000
2.332565 19200 60000
2.303501 25600 60000
2.361753 32000 60000
2.296335 38400 60000
2.349775 44800 60000
2.310646 51200 60000
2.320211 57600 60000
Epoch 12
-------------------------------
2.300783     0 60000
2.308550  6400 60000
2.319504 12800 60000
2.311861 19200 60000
2.275890 25600 60000
2.299224 32000 60000
2.307403 38400 60000
2.299105 44800 60000
2.301428 51200 60000
2.316745 57600 60000
