Epoch 1
-------------------------------
2.306322     0 60000
0.704116  6400 60000
0.483957 12800 60000
0.646239 19200 60000
0.545034 25600 60000
0.519326 32000 60000
0.333802 38400 60000
0.621006 44800 60000
0.641451 51200 60000
0.373515 57600 60000
Epoch 2
-------------------------------
0.475201     0 60000
0.478526  6400 60000
0.349056 12800 60000
0.411770 19200 60000
0.424549 25600 60000
0.550570 32000 60000
0.416472 38400 60000
0.375498 44800 60000
0.355673 51200 60000
0.348216 57600 60000
Epoch 3
-------------------------------
0.707256     0 60000
0.595507  6400 60000
0.325220 12800 60000
0.267835 19200 60000
0.534019 25600 60000
0.304164 32000 60000
0.367084 38400 60000
0.266660 44800 60000
0.417338 51200 60000
0.237667 57600 60000
Epoch 4
-------------------------------
0.300988     0 60000
0.443247  6400 60000
0.213195 12800 60000
0.315817 19200 60000
0.332108 25600 60000
0.337357 32000 60000
0.246231 38400 60000
0.428910 44800 60000
0.212811 51200 60000
0.455570 57600 60000
Epoch 5
-------------------------------
0.209034     0 60000
0.255224  6400 60000
0.150591 12800 60000
0.281194 19200 60000
0.211386 25600 60000
0.258207 32000 60000
0.197260 38400 60000
0.268958 44800 60000
0.275488 51200 60000
0.379599 57600 60000
Epoch 6
-------------------------------
0.172536     0 60000
0.276344  6400 60000
0.501404 12800 60000
0.173811 19200 60000
0.269992 25600 60000
0.209958 32000 60000
0.233597 38400 60000
0.152168 44800 60000
0.398795 51200 60000
0.323615 57600 60000
Epoch 7
-------------------------------
0.266622     0 60000
0.246183  6400 60000
0.197572 12800 60000
0.382862 19200 60000
0.179641 25600 60000
0.268326 32000 60000
0.243166 38400 60000
0.243069 44800 60000
0.260241 51200 60000
0.133808 57600 60000
Epoch 8
-------------------------------
0.294224     0 60000
0.318720  6400 60000
0.401669 12800 60000
0.207681 19200 60000
0.274198 25600 60000
0.180258 32000 60000
0.189888 38400 60000
0.309466 44800 60000
0.348251 51200 60000
0.183280 57600 60000
Epoch 9
-------------------------------
0.167222     0 60000
0.167359  6400 60000
0.185550 12800 60000
0.274526 19200 60000
0.302066 25600 60000
0.121563 32000 60000
0.171471 38400 60000
0.405025 44800 60000
0.223898 51200 60000
0.176989 57600 60000
Epoch 10
-------------------------------
0.183559     0 60000
0.182804  6400 60000
0.251815 12800 60000
0.317274 19200 60000
0.405570 25600 60000
0.114848 32000 60000
0.216242 38400 60000
0.147476 44800 60000
0.182388 51200 60000
0.262527 57600 60000
Epoch 11
-------------------------------
0.330389     0 60000
0.186951  6400 60000
0.206469 12800 60000
0.349697 19200 60000
0.161477 25600 60000
0.192238 32000 60000
0.308265 38400 60000
0.161048 44800 60000
0.269867 51200 60000
0.233693 57600 60000
Epoch 12
-------------------------------
0.302742     0 60000
0.230397  6400 60000
0.207885 12800 60000
0.175864 19200 60000
0.175320 25600 60000
0.202637 32000 60000
0.207199 38400 60000
0.156141 44800 60000
0.114955 51200 60000
0.190956 57600 60000
