Epoch 1
-------------------------------
0.430037     0 60000
2.305641  6400 60000
2.309892 12800 60000
2.311320 19200 60000
2.304092 25600 60000
2.302608 32000 60000
2.298317 38400 60000
2.308240 44800 60000
2.330795 51200 60000
2.279337 57600 60000
Epoch 2
-------------------------------
2.309451     0 60000
2.303707  6400 60000
2.304836 12800 60000
2.313582 19200 60000
2.312010 25600 60000
2.295075 32000 60000
2.303663 38400 60000
2.313088 44800 60000
2.294250 51200 60000
2.331926 57600 60000
Epoch 3
-------------------------------
2.314136     0 60000
2.305022  6400 60000
2.284146 12800 60000
2.321796 19200 60000
2.321076 25600 60000
2.305354 32000 60000
2.306103 38400 60000
2.293062 44800 60000
2.341690 51200 60000
2.309787 57600 60000
Epoch 4
-------------------------------
2.298032     0 60000
2.306024  6400 60000
2.308240 12800 60000
2.302134 19200 60000
2.328628 25600 60000
2.302897 32000 60000
2.320731 38400 60000
2.295714 44800 60000
2.314681 51200 60000
2.292427 57600 60000
Epoch 5
-------------------------------
2.308338     0 60000
2.289943  6400 60000
2.311949 12800 60000
2.312489 19200 60000
2.321260 25600 60000
2.296352 32000 60000
2.302450 38400 60000
2.302148 44800 60000
2.310686 51200 60000
2.293646 57600 60000
Epoch 6
-------------------------------
2.290522     0 60000
2.325312  6400 60000
2.295022 12800 60000
2.289832 19200 60000
2.314576 25600 60000
2.308300 32000 60000
2.304170 38400 60000
2.312151 44800 60000
2.313983 51200 60000
2.304379 57600 60000
Epoch 7
-------------------------------
2.309378     0 60000
2.267812  6400 60000
2.324640 12800 60000
2.316655 19200 60000
2.310343 25600 60000
2.296439 32000 60000
2.347548 38400 60000
2.320409 44800 60000
2.305776 51200 60000
2.303081 57600 60000
Epoch 8
-------------------------------
2.303266     0 60000
2.296786  6400 60000
2.320601 12800 60000
2.325163 19200 60000
2.335155 25600 60000
2.290586 32000 60000
2.295395 38400 60000
2.298016 44800 60000
2.287256 51200 60000
2.337531 57600 60000
Epoch 9
-------------------------------
2.283309     0 60000
2.289613  6400 60000
2.327768 12800 60000
2.300435 19200 60000
2.321555 25600 60000
2.311304 32000 60000
2.336631 38400 60000
2.299196 44800 60000
2.312869 51200 60000
2.344050 57600 60000
Epoch 10
-------------------------------
2.283101     0 60000
2.284484  6400 60000
2.316869 12800 60000
2.334816 19200 60000
2.278606 25600 60000
2.278267 32000 60000
2.307309 38400 60000
2.283804 44800 60000
2.290245 51200 60000
2.309033 57600 60000
Epoch 11
-------------------------------
2.330814     0 60000
2.330359  6400 60000
2.300613 12800 60000
2.318850 19200 60000
2.318354 25600 60000
2.281689 32000 60000
2.314281 38400 60000
2.322402 44800 60000
2.293075 51200 60000
2.312083 57600 60000
Epoch 12
-------------------------------
2.314507     0 60000
2.320181  6400 60000
2.305323 12800 60000
2.348470 19200 60000
2.306712 25600 60000
2.310201 32000 60000
2.297004 38400 60000
2.317592 44800 60000
2.303497 51200 60000
2.372168 57600 60000
