Epoch 1
-------------------------------
0.279581     0 60000
2.259356  6400 60000
2.308067 12800 60000
2.319971 19200 60000
2.305043 25600 60000
2.273928 32000 60000
2.288602 38400 60000
2.359924 44800 60000
2.300861 51200 60000
2.306026 57600 60000
Epoch 2
-------------------------------
2.309438     0 60000
2.327995  6400 60000
2.296756 12800 60000
2.319357 19200 60000
2.325923 25600 60000
2.257431 32000 60000
2.336174 38400 60000
2.312849 44800 60000
2.279282 51200 60000
2.296140 57600 60000
Epoch 3
-------------------------------
2.305916     0 60000
2.293060  6400 60000
2.313708 12800 60000
2.306846 19200 60000
2.304168 25600 60000
2.335720 32000 60000
2.307438 38400 60000
2.302165 44800 60000
2.325499 51200 60000
2.308942 57600 60000
Epoch 4
-------------------------------
2.305204     0 60000
2.294303  6400 60000
2.292230 12800 60000
2.295074 19200 60000
2.294286 25600 60000
2.290931 32000 60000
2.288321 38400 60000
2.324556 44800 60000
2.306078 51200 60000
2.306959 57600 60000
Epoch 5
-------------------------------
2.316941     0 60000
2.307091  6400 60000
2.326521 12800 60000
2.312129 19200 60000
2.304772 25600 60000
2.273755 32000 60000
2.287138 38400 60000
2.279272 44800 60000
2.293932 51200 60000
2.299093 57600 60000
Epoch 6
-------------------------------
2.316400     0 60000
2.318932  6400 60000
2.279126 12800 60000
2.292550 19200 60000
2.276441 25600 60000
2.323763 32000 60000
2.296765 38400 60000
2.327154 44800 60000
2.320724 51200 60000
2.318335 57600 60000
Epoch 7
-------------------------------
2.305776     0 60000
2.304260  6400 60000
2.315060 12800 60000
2.290410 19200 60000
2.367875 25600 60000
2.310589 32000 60000
2.309936 38400 60000
2.321688 44800 60000
2.298247 51200 60000
2.311590 57600 60000
Epoch 8
-------------------------------
2.321421     0 60000
2.338140  6400 60000
2.298137 12800 60000
2.301569 19200 60000
2.308689 25600 60000
2.315498 32000 60000
2.316208 38400 60000
2.311022 44800 60000
2.289766 51200 60000
2.296050 57600 60000
Epoch 9
-------------------------------
2.318412     0 60000
2.319209  6400 60000
2.301411 12800 60000
2.325183 19200 60000
2.310427 25600 60000
2.345906 32000 60000
2.317857 38400 60000
2.279855 44800 60000
2.310697 51200 60000
2.324175 57600 60000
Epoch 10
-------------------------------
2.323444     0 60000
2.305108  6400 60000
2.295655 12800 60000
2.310595 19200 60000
2.283362 25600 60000
2.326267 32000 60000
2.301341 38400 60000
2.311450 44800 60000
2.305670 51200 60000
2.303237 57600 60000
Epoch 11
-------------------------------
2.332091     0 60000
2.301498  6400 60000
2.302886 12800 60000
2.312167 19200 60000
2.353569 25600 60000
2.312306 32000 60000
2.296119 38400 60000
2.319836 44800 60000
2.308794 51200 60000
2.311843 57600 60000
Epoch 12
-------------------------------
2.322233     0 60000
2.302499  6400 60000
2.269873 12800 60000
2.315210 19200 60000
2.314522 25600 60000
2.308959 32000 60000
2.303438 38400 60000
2.333466 44800 60000
2.346805 51200 60000
2.274151 57600 60000
