Epoch 1
-------------------------------
0.289353     0 60000
0.450494  6400 60000
0.419219 12800 60000
0.465751 19200 60000
0.450961 25600 60000
0.414607 32000 60000
0.385674 38400 60000
0.270805 44800 60000
0.486371 51200 60000
0.434919 57600 60000
Epoch 2
-------------------------------
0.322124     0 60000
0.463248  6400 60000
0.415919 12800 60000
0.327138 19200 60000
0.411509 25600 60000
0.206572 32000 60000
0.295028 38400 60000
0.400910 44800 60000
0.245875 51200 60000
0.502437 57600 60000
Epoch 3
-------------------------------
0.304357     0 60000
0.388098  6400 60000
0.470957 12800 60000
0.324488 19200 60000
0.193776 25600 60000
0.331049 32000 60000
0.335781 38400 60000
0.479200 44800 60000
0.309236 51200 60000
0.433361 57600 60000
Epoch 4
-------------------------------
0.573950     0 60000
0.608385  6400 60000
0.365264 12800 60000
0.413984 19200 60000
0.141422 25600 60000
0.227148 32000 60000
0.508510 38400 60000
0.419243 44800 60000
0.394267 51200 60000
0.317558 57600 60000
Epoch 5
-------------------------------
0.377083     0 60000
0.241750  6400 60000
0.309270 12800 60000
0.429323 19200 60000
0.536857 25600 60000
0.431181 32000 60000
0.319167 38400 60000
0.492932 44800 60000
0.285774 51200 60000
0.226129 57600 60000
Epoch 6
-------------------------------
0.316142     0 60000
0.392963  6400 60000
0.321754 12800 60000
0.347781 19200 60000
0.646107 25600 60000
0.532060 32000 60000
0.533904 38400 60000
0.345855 44800 60000
0.421814 51200 60000
0.310068 57600 60000
Epoch 7
-------------------------------
0.392487     0 60000
0.505366  6400 60000
0.465594 12800 60000
0.477122 19200 60000
0.374520 25600 60000
0.372198 32000 60000
0.371607 38400 60000
0.359990 44800 60000
0.316712 51200 60000
0.358873 57600 60000
Epoch 8
-------------------------------
0.490024     0 60000
0.288717  6400 60000
0.379540 12800 60000
0.657930 19200 60000
0.376356 25600 60000
0.437605 32000 60000
0.363551 38400 60000
0.197106 44800 60000
0.369874 51200 60000
0.477564 57600 60000
Epoch 9
-------------------------------
0.235893     0 60000
0.131248  6400 60000
0.329117 12800 60000
0.458304 19200 60000
0.186396 25600 60000
0.297447 32000 60000
0.225874 38400 60000
0.415066 44800 60000
0.228871 51200 60000
0.265775 57600 60000
Epoch 10
-------------------------------
0.420101     0 60000
0.313511  6400 60000
0.274013 12800 60000
0.349387 19200 60000
0.331516 25600 60000
0.327964 32000 60000
0.607627 38400 60000
0.285675 44800 60000
0.411804 51200 60000
0.487697 57600 60000
Epoch 11
-------------------------------
0.311619     0 60000
0.371897  6400 60000
0.328739 12800 60000
0.486864 19200 60000
0.229017 25600 60000
0.362939 32000 60000
0.294029 38400 60000
0.163904 44800 60000
0.315654 51200 60000
0.376698 57600 60000
Epoch 12
-------------------------------
0.149343     0 60000
0.335198  6400 60000
0.363957 12800 60000
0.315227 19200 60000
0.430960 25600 60000
0.499978 32000 60000
0.613896 38400 60000
0.473877 44800 60000
0.413799 51200 60000
0.420672 57600 60000
