Epoch 1
-------------------------------
2.307325     0 60000
0.755134  6400 60000
1.034594 12800 60000
0.627609 19200 60000
0.545007 25600 60000
0.504069 32000 60000
0.544921 38400 60000
0.424789 44800 60000
0.633061 51200 60000
0.476548 57600 60000
Epoch 2
-------------------------------
0.510027     0 60000
0.462698  6400 60000
0.343731 12800 60000
0.409660 19200 60000
0.300821 25600 60000
0.374543 32000 60000
0.388361 38400 60000
0.635848 44800 60000
0.465927 51200 60000
0.428363 57600 60000
Epoch 3
-------------------------------
0.520858     0 60000
0.471248  6400 60000
0.295709 12800 60000
0.602456 19200 60000
0.596563 25600 60000
0.600071 32000 60000
0.345600 38400 60000
0.296350 44800 60000
0.390126 51200 60000
0.400098 57600 60000
Epoch 4
-------------------------------
0.286535     0 60000
0.598670  6400 60000
0.426029 12800 60000
0.368299 19200 60000
0.585540 25600 60000
0.350770 32000 60000
0.311821 38400 60000
0.398700 44800 60000
0.471596 51200 60000
0.312162 57600 60000
Epoch 5
-------------------------------
0.281650     0 60000
0.349033  6400 60000
0.438013 12800 60000
0.336817 19200 60000
0.224927 25600 60000
0.254317 32000 60000
0.281867 38400 60000
0.261133 44800 60000
0.305306 51200 60000
0.245239 57600 60000
Epoch 6
-------------------------------
0.397268     0 60000
0.368659  6400 60000
0.392155 12800 60000
0.282277 19200 60000
0.331215 25600 60000
0.215961 32000 60000
0.240804 38400 60000
0.431049 44800 60000
0.213829 51200 60000
0.277689 57600 60000
Epoch 7
-------------------------------
0.224880     0 60000
0.290060  6400 60000
0.368827 12800 60000
0.241953 19200 60000
0.336820 25600 60000
0.309747 32000 60000
0.307163 38400 60000
0.206189 44800 60000
0.243181 51200 60000
0.675761 57600 60000
Epoch 8
-------------------------------
0.233309     0 60000
0.159537  6400 60000
0.344295 12800 60000
0.320421 19200 60000
0.250128 25600 60000
0.349412 32000 60000
0.234061 38400 60000
0.417348 44800 60000
0.351060 51200 60000
0.258621 57600 60000
Epoch 9
-------------------------------
0.194208     0 60000
0.266530  6400 60000
0.438727 12800 60000
0.323969 19200 60000
0.407055 25600 60000
0.247321 32000 60000
0.186087 38400 60000
0.374268 44800 60000
0.278299 51200 60000
0.344624 57600 60000
Epoch 10
-------------------------------
0.199067     0 60000
0.228770  6400 60000
0.307482 12800 60000
0.382540 19200 60000
0.327133 25600 60000
0.359376 32000 60000
0.205964 38400 60000
0.417341 44800 60000
0.271799 51200 60000
0.524652 57600 60000
Epoch 11
-------------------------------
0.379036     0 60000
0.234536  6400 60000
0.199207 12800 60000
0.241047 19200 60000
0.354192 25600 60000
0.325581 32000 60000
0.132717 38400 60000
0.379438 44800 60000
0.196917 51200 60000
0.416929 57600 60000
Epoch 12
-------------------------------
0.244112     0 60000
0.214494  6400 60000
0.190812 12800 60000
0.273298 19200 60000
0.226203 25600 60000
0.404899 32000 60000
0.140662 38400 60000
0.291469 44800 60000
0.268732 51200 60000
0.311804 57600 60000
