Epoch 1
-------------------------------
2.313151     0 60000
0.568840  6400 60000
0.371947 12800 60000
0.583956 19200 60000
0.504864 25600 60000
0.364192 32000 60000
0.221134 38400 60000
0.407693 44800 60000
0.474013 51200 60000
0.460350 57600 60000
Epoch 2
-------------------------------
0.511853     0 60000
0.586903  6400 60000
0.568121 12800 60000
0.394659 19200 60000
0.373421 25600 60000
0.296006 32000 60000
0.282544 38400 60000
0.304716 44800 60000
0.356786 51200 60000
0.427194 57600 60000
Epoch 3
-------------------------------
0.240787     0 60000
0.368255  6400 60000
0.318065 12800 60000
0.417289 19200 60000
0.297098 25600 60000
0.305518 32000 60000
0.313633 38400 60000
0.387442 44800 60000
0.388843 51200 60000
0.361369 57600 60000
Epoch 4
-------------------------------
0.257264     0 60000
0.402999  6400 60000
0.270736 12800 60000
0.249443 19200 60000
0.210666 25600 60000
0.261115 32000 60000
0.219294 38400 60000
0.265711 44800 60000
0.325582 51200 60000
0.264661 57600 60000
Epoch 5
-------------------------------
0.453153     0 60000
0.281441  6400 60000
0.367978 12800 60000
0.216959 19200 60000
0.247257 25600 60000
0.150576 32000 60000
0.335758 38400 60000
0.213920 44800 60000
0.568129 51200 60000
0.337096 57600 60000
Epoch 6
-------------------------------
0.295597     0 60000
0.354650  6400 60000
0.171988 12800 60000
0.306789 19200 60000
0.186380 25600 60000
0.253192 32000 60000
0.156321 38400 60000
0.410219 44800 60000
0.254580 51200 60000
0.308465 57600 60000
Epoch 7
-------------------------------
0.167837     0 60000
0.359113  6400 60000
0.329312 12800 60000
0.263676 19200 60000
0.296222 25600 60000
0.189639 32000 60000
0.257545 38400 60000
0.199035 44800 60000
0.234709 51200 60000
0.221790 57600 60000
Epoch 8
-------------------------------
0.239329     0 60000
0.360304  6400 60000
0.265968 12800 60000
0.221597 19200 60000
0.162389 25600 60000
0.335914 32000 60000
0.201706 38400 60000
0.270811 44800 60000
0.216596 51200 60000
0.329758 57600 60000
Epoch 9
-------------------------------
0.305825     0 60000
0.133025  6400 60000
0.219285 12800 60000
0.149470 19200 60000
0.175027 25600 60000
0.151069 32000 60000
0.275673 38400 60000
0.276023 44800 60000
0.175567 51200 60000
0.205675 57600 60000
Epoch 10
-------------------------------
0.155453     0 60000
0.251941  6400 60000
0.207626 12800 60000
0.227090 19200 60000
0.082866 25600 60000
0.390085 32000 60000
0.200382 38400 60000
0.187769 44800 60000
0.114688 51200 60000
0.142109 57600 60000
Epoch 11
-------------------------------
0.196034     0 60000
0.293254  6400 60000
0.132748 12800 60000
0.186217 19200 60000
0.162178 25600 60000
0.295152 32000 60000
0.298158 38400 60000
0.255935 44800 60000
0.493782 51200 60000
0.158319 57600 60000
Epoch 12
-------------------------------
0.140090     0 60000
0.262914  6400 60000
0.179237 12800 60000
0.139380 19200 60000
0.229242 25600 60000
0.125416 32000 60000
0.169263 38400 60000
0.205448 44800 60000
0.246232 51200 60000
0.147354 57600 60000
