Epoch 1
-------------------------------
2.313345     0 60000
2.292775  6400 60000
2.326449 12800 60000
2.357449 19200 60000
2.333360 25600 60000
2.312730 32000 60000
2.310175 38400 60000
2.330652 44800 60000
2.318687 51200 60000
2.317946 57600 60000
Epoch 2
-------------------------------
2.319916     0 60000
2.293702  6400 60000
2.298225 12800 60000
2.300519 19200 60000
2.317233 25600 60000
2.336574 32000 60000
2.301857 38400 60000
2.346910 44800 60000
2.311921 51200 60000
2.306248 57600 60000
Epoch 3
-------------------------------
2.328591     0 60000
2.313334  6400 60000
2.302815 12800 60000
2.330885 19200 60000
2.307540 25600 60000
2.306746 32000 60000
2.304286 38400 60000
2.332132 44800 60000
2.304146 51200 60000
2.326659 57600 60000
Epoch 4
-------------------------------
2.275181     0 60000
2.288913  6400 60000
2.315417 12800 60000
2.320161 19200 60000
2.327400 25600 60000
2.316813 32000 60000
2.332798 38400 60000
2.293124 44800 60000
2.289996 51200 60000
2.298930 57600 60000
Epoch 5
-------------------------------
2.297196     0 60000
2.320402  6400 60000
2.311238 12800 60000
2.325346 19200 60000
2.307540 25600 60000
2.320198 32000 60000
2.326834 38400 60000
2.314191 44800 60000
2.306027 51200 60000
2.297826 57600 60000
Epoch 6
-------------------------------
2.358162     0 60000
2.340934  6400 60000
2.306576 12800 60000
2.272554 19200 60000
2.317957 25600 60000
2.298746 32000 60000
2.328419 38400 60000
2.293463 44800 60000
2.320582 51200 60000
2.302413 57600 60000
Epoch 7
-------------------------------
2.305485     0 60000
2.296001  6400 60000
2.326362 12800 60000
2.316172 19200 60000
2.319668 25600 60000
2.293263 32000 60000
2.322799 38400 60000
2.328975 44800 60000
2.301647 51200 60000
2.295817 57600 60000
Epoch 8
-------------------------------
2.312393     0 60000
2.289651  6400 60000
2.287488 12800 60000
2.278929 19200 60000
2.314708 25600 60000
2.302594 32000 60000
2.310593 38400 60000
2.325310 44800 60000
2.283424 51200 60000
2.332411 57600 60000
Epoch 9
-------------------------------
2.287741     0 60000
2.322417  6400 60000
2.333738 12800 60000
2.329160 19200 60000
2.302619 25600 60000
2.308651 32000 60000
2.326039 38400 60000
2.328923 44800 60000
2.351027 51200 60000
2.308096 57600 60000
Epoch 10
-------------------------------
2.317148     0 60000
2.306928  6400 60000
2.291277 12800 60000
2.305789 19200 60000
2.304142 25600 60000
2.335504 32000 60000
2.311651 38400 60000
2.314954 44800 60000
2.318954 51200 60000
2.270487 57600 60000
Epoch 11
-------------------------------
2.310134     0 60000
2.321833  6400 60000
2.289345 12800 60000
2.323969 19200 60000
2.319947 25600 60000
2.302407 32000 60000
2.308867 38400 60000
2.331190 44800 60000
2.331825 51200 60000
2.344522 57600 60000
Epoch 12
-------------------------------
2.294737     0 60000
2.305757  6400 60000
2.316571 12800 60000
2.305637 19200 60000
2.328267 25600 60000
2.309018 32000 60000
2.314377 38400 60000
2.353041 44800 60000
2.305656 51200 60000
2.329041 57600 60000
