Epoch 1
-------------------------------
0.287721     0 60000
0.529953  6400 60000
0.507599 12800 60000
0.376410 19200 60000
0.396119 25600 60000
0.610006 32000 60000
0.443479 38400 60000
0.405658 44800 60000
0.297873 51200 60000
0.546836 57600 60000
Epoch 2
-------------------------------
0.260373     0 60000
0.285635  6400 60000
0.476340 12800 60000
0.499641 19200 60000
0.303312 25600 60000
0.520145 32000 60000
0.433924 38400 60000
0.386318 44800 60000
0.471714 51200 60000
0.318730 57600 60000
Epoch 3
-------------------------------
0.383218     0 60000
0.233550  6400 60000
0.337605 12800 60000
0.259204 19200 60000
0.353968 25600 60000
0.210530 32000 60000
0.494850 38400 60000
0.354113 44800 60000
0.504550 51200 60000
0.308367 57600 60000
Epoch 4
-------------------------------
0.249162     0 60000
0.583518  6400 60000
0.314260 12800 60000
0.325843 19200 60000
0.415417 25600 60000
0.395918 32000 60000
0.386319 38400 60000
0.438673 44800 60000
0.269080 51200 60000
0.320205 57600 60000
Epoch 5
-------------------------------
0.256377     0 60000
0.475741  6400 60000
0.376348 12800 60000
0.208178 19200 60000
0.287620 25600 60000
0.466207 32000 60000
0.389994 38400 60000
0.367832 44800 60000
0.624736 51200 60000
0.338111 57600 60000
Epoch 6
-------------------------------
0.304543     0 60000
0.422192  6400 60000
0.421950 12800 60000
0.302100 19200 60000
0.330122 25600 60000
0.513279 32000 60000
0.285214 38400 60000
0.236202 44800 60000
0.375104 51200 60000
0.316864 57600 60000
Epoch 7
-------------------------------
0.209892     0 60000
0.427990  6400 60000
0.313984 12800 60000
0.371146 19200 60000
0.233863 25600 60000
0.683527 32000 60000
0.461899 38400 60000
0.324354 44800 60000
0.500377 51200 60000
0.206716 57600 60000
Epoch 8
-------------------------------
0.337866     0 60000
0.444317  6400 60000
0.322739 12800 60000
0.473012 19200 60000
0.341866 25600 60000
0.360290 32000 60000
0.268266 38400 60000
0.337383 44800 60000
0.446827 51200 60000
0.581505 57600 60000
Epoch 9
-------------------------------
0.168053     0 60000
0.466199  6400 60000
0.247094 12800 60000
0.249950 19200 60000
0.340247 25600 60000
0.351432 32000 60000
0.181620 38400 60000
0.276374 44800 60000
0.259100 51200 60000
0.382552 57600 60000
Epoch 10
-------------------------------
0.221377     0 60000
0.382669  6400 60000
0.133772 12800 60000
0.271968 19200 60000
0.380389 25600 60000
0.336090 32000 60000
0.325420 38400 60000
0.455681 44800 60000
0.205665 51200 60000
0.389420 57600 60000
Epoch 11
-------------------------------
0.220986     0 60000
0.490223  6400 60000
0.270994 12800 60000
0.426455 19200 60000
0.409739 25600 60000
0.452658 32000 60000
0.170672 38400 60000
0.344955 44800 60000
0.314155 51200 60000
0.361069 57600 60000
Epoch 12
-------------------------------
0.189053     0 60000
0.478734  6400 60000
0.267848 12800 60000
0.241897 19200 60000
0.292748 25600 60000
0.271148 32000 60000
0.365653 38400 60000
0.287039 44800 60000
0.388604 51200 60000
0.305242 57600 60000
