Epoch 1
-------------------------------
0.506024     0 60000
2.317415  6400 60000
2.312970 12800 60000
2.338360 19200 60000
2.306839 25600 60000
2.330677 32000 60000
2.317172 38400 60000
2.286681 44800 60000
2.296849 51200 60000
2.308833 57600 60000
Epoch 2
-------------------------------
2.319544     0 60000
2.350683  6400 60000
2.290428 12800 60000
2.322106 19200 60000
2.290772 25600 60000
2.325372 32000 60000
2.332801 38400 60000
2.317857 44800 60000
2.314561 51200 60000
2.310373 57600 60000
Epoch 3
-------------------------------
2.307123     0 60000
2.314344  6400 60000
2.317056 12800 60000
2.307557 19200 60000
2.315605 25600 60000
2.346252 32000 60000
2.327983 38400 60000
2.297653 44800 60000
2.302649 51200 60000
2.330680 57600 60000
Epoch 4
-------------------------------
2.312744     0 60000
2.303306  6400 60000
2.315058 12800 60000
2.332021 19200 60000
2.290028 25600 60000
2.349769 32000 60000
2.338593 38400 60000
2.332994 44800 60000
2.305410 51200 60000
2.311799 57600 60000
Epoch 5
-------------------------------
2.310360     0 60000
2.290453  6400 60000
2.303679 12800 60000
2.295690 19200 60000
2.344281 25600 60000
2.294879 32000 60000
2.311498 38400 60000
2.305566 44800 60000
2.309210 51200 60000
2.296955 57600 60000
Epoch 6
-------------------------------
2.301563     0 60000
2.306177  6400 60000
2.293352 12800 60000
2.304962 19200 60000
2.307585 25600 60000
2.309769 32000 60000
2.279671 38400 60000
2.315162 44800 60000
2.286700 51200 60000
2.310380 57600 60000
Epoch 7
-------------------------------
2.314038     0 60000
2.325423  6400 60000
2.349977 12800 60000
2.332103 19200 60000
2.337052 25600 60000
2.304234 32000 60000
2.313851 38400 60000
2.294957 44800 60000
2.307581 51200 60000
2.281879 57600 60000
Epoch 8
-------------------------------
2.312162     0 60000
2.332194  6400 60000
2.323299 12800 60000
2.320810 19200 60000
2.308653 25600 60000
2.284198 32000 60000
2.300421 38400 60000
2.329754 44800 60000
2.316612 51200 60000
2.284942 57600 60000
Epoch 9
-------------------------------
2.318269     0 60000
2.309468  6400 60000
2.349305 12800 60000
2.322611 19200 60000
2.351841 25600 60000
2.321016 32000 60000
2.306741 38400 60000
2.321822 44800 60000
2.298623 51200 60000
2.306232 57600 60000
Epoch 10
-------------------------------
2.336344     0 60000
2.290564  6400 60000
2.324354 12800 60000
2.314282 19200 60000
2.348522 25600 60000
2.304212 32000 60000
2.322655 38400 60000
2.297943 44800 60000
2.333997 51200 60000
2.297956 57600 60000
Epoch 11
-------------------------------
2.290646     0 60000
2.325174  6400 60000
2.309193 12800 60000
2.275800 19200 60000
2.314244 25600 60000
2.315516 32000 60000
2.305758 38400 60000
2.301106 44800 60000
2.369769 51200 60000
2.308335 57600 60000
Epoch 12
-------------------------------
2.277952     0 60000
2.316697  6400 60000
2.303159 12800 60000
2.301934 19200 60000
2.322636 25600 60000
2.322329 32000 60000
2.321085 38400 60000
2.300087 44800 60000
2.324148 51200 60000
2.304772 57600 60000
