Epoch 1
-------------------------------
0.253991     0 60000
0.934800  6400 60000
0.923418 12800 60000
0.967596 19200 60000
0.749617 25600 60000
0.904263 32000 60000
1.212444 38400 60000
1.170890 44800 60000
1.015250 51200 60000
1.075425 57600 60000
Epoch 2
-------------------------------
0.956159     0 60000
0.941587  6400 60000
0.964484 12800 60000
0.963487 19200 60000
1.251266 25600 60000
1.037778 32000 60000
0.958389 38400 60000
2.950531 44800 60000
2.305504 51200 60000
2.310001 57600 60000
Epoch 3
-------------------------------
2.310020     0 60000
2.307339  6400 60000
2.299698 12800 60000
2.299848 19200 60000
2.306298 25600 60000
2.296949 32000 60000
2.307721 38400 60000
2.301322 44800 60000
2.313944 51200 60000
2.308118 57600 60000
Epoch 4
-------------------------------
2.305590     0 60000
2.296865  6400 60000
2.303955 12800 60000
2.298208 19200 60000
2.307342 25600 60000
2.307823 32000 60000
2.294903 38400 60000
2.303946 44800 60000
2.298531 51200 60000
2.302444 57600 60000
Epoch 5
-------------------------------
2.299149     0 60000
2.297924  6400 60000
2.306160 12800 60000
2.309261 19200 60000
2.303790 25600 60000
2.301952 32000 60000
2.298501 38400 60000
2.307721 44800 60000
2.312067 51200 60000
2.290063 57600 60000
Epoch 6
-------------------------------
2.301575     0 60000
2.314139  6400 60000
2.301625 12800 60000
2.298156 19200 60000
2.300073 25600 60000
2.303741 32000 60000
2.301594 38400 60000
2.304466 44800 60000
2.294947 51200 60000
2.298231 57600 60000
Epoch 7
-------------------------------
2.300990     0 60000
2.300538  6400 60000
2.309885 12800 60000
2.298945 19200 60000
2.296977 25600 60000
2.300804 32000 60000
2.309488 38400 60000
2.301860 44800 60000
2.307495 51200 60000
2.302734 57600 60000
Epoch 8
-------------------------------
2.305027     0 60000
2.297523  6400 60000
2.305692 12800 60000
2.300334 19200 60000
2.298265 25600 60000
2.309325 32000 60000
2.296074 38400 60000
2.303066 44800 60000
2.305223 51200 60000
2.306791 57600 60000
Epoch 9
-------------------------------
2.306850     0 60000
2.299484  6400 60000
2.312765 12800 60000
2.301564 19200 60000
2.300202 25600 60000
2.304480 32000 60000
2.300115 38400 60000
2.305432 44800 60000
2.302566 51200 60000
2.289882 57600 60000
Epoch 10
-------------------------------
2.293218     0 60000
2.304410  6400 60000
2.297860 12800 60000
2.308946 19200 60000
2.302349 25600 60000
2.315856 32000 60000
2.309610 38400 60000
2.300843 44800 60000
2.304883 51200 60000
2.305047 57600 60000
Epoch 11
-------------------------------
2.301442     0 60000
2.315557  6400 60000
2.300436 12800 60000
2.290497 19200 60000
2.302972 25600 60000
2.310728 32000 60000
2.303757 38400 60000
2.307671 44800 60000
2.305039 51200 60000
2.307239 57600 60000
Epoch 12
-------------------------------
2.305152     0 60000
2.294935  6400 60000
2.306318 12800 60000
2.308376 19200 60000
2.302801 25600 60000
2.298887 32000 60000
2.299314 38400 60000
2.309298 44800 60000
2.305334 51200 60000
2.304602 57600 60000
