Epoch 1
-------------------------------
2.305162     0 60000
1.626419  6400 60000
0.937757 12800 60000
0.988362 19200 60000
0.923699 25600 60000
0.793771 32000 60000
1.049329 38400 60000
0.952664 44800 60000
0.980940 51200 60000
0.599962 57600 60000
Epoch 2
-------------------------------
0.636657     0 60000
1.161079  6400 60000
0.897696 12800 60000
0.773082 19200 60000
0.630896 25600 60000
0.685524 32000 60000
0.661874 38400 60000
0.522742 44800 60000
0.518081 51200 60000
0.551405 57600 60000
Epoch 3
-------------------------------
0.912768     0 60000
0.523905  6400 60000
0.399213 12800 60000
0.592789 19200 60000
0.666005 25600 60000
0.852331 32000 60000
1.003539 38400 60000
0.640152 44800 60000
0.728672 51200 60000
0.395042 57600 60000
Epoch 4
-------------------------------
0.628146     0 60000
0.577447  6400 60000
0.665204 12800 60000
0.600303 19200 60000
0.401319 25600 60000
0.829005 32000 60000
0.504689 38400 60000
0.691656 44800 60000
0.490983 51200 60000
0.868923 57600 60000
Epoch 5
-------------------------------
0.636251     0 60000
0.441434  6400 60000
0.513969 12800 60000
0.742476 19200 60000
0.798911 25600 60000
0.835971 32000 60000
0.719226 38400 60000
0.608339 44800 60000
0.601972 51200 60000
0.694486 57600 60000
Epoch 6
-------------------------------
0.576463     0 60000
0.446496  6400 60000
0.688413 12800 60000
0.641863 19200 60000
0.677324 25600 60000
0.618593 32000 60000
0.457671 38400 60000
0.681218 44800 60000
0.768563 51200 60000
0.590280 57600 60000
Epoch 7
-------------------------------
1.041851     0 60000
0.782440  6400 60000
0.804685 12800 60000
0.893841 19200 60000
0.948676 25600 60000
0.501063 32000 60000
0.636199 38400 60000
0.578647 44800 60000
0.528187 51200 60000
0.570154 57600 60000
Epoch 8
-------------------------------
0.759314     0 60000
0.723849  6400 60000
0.815550 12800 60000
0.709524 19200 60000
0.919923 25600 60000
0.721711 32000 60000
0.436659 38400 60000
0.563231 44800 60000
0.378516 51200 60000
0.419773 57600 60000
Epoch 9
-------------------------------
0.438766     0 60000
0.638620  6400 60000
0.367766 12800 60000
0.573187 19200 60000
0.586401 25600 60000
0.568952 32000 60000
0.654402 38400 60000
0.832662 44800 60000
0.437399 51200 60000
0.612354 57600 60000
Epoch 10
-------------------------------
0.578919     0 60000
0.571208  6400 60000
0.357337 12800 60000
0.612891 19200 60000
0.623069 25600 60000
0.548454 32000 60000
0.720817 38400 60000
0.682432 44800 60000
0.636766 51200 60000
0.549977 57600 60000
Epoch 11
-------------------------------
0.701861     0 60000
0.849940  6400 60000
0.550704 12800 60000
0.549877 19200 60000
0.441785 25600 60000
0.527577 32000 60000
0.524341 38400 60000
0.537661 44800 60000
0.382408 51200 60000
0.597086 57600 60000
Epoch 12
-------------------------------
0.424275     0 60000
0.557950  6400 60000
0.561716 12800 60000
0.696866 19200 60000
0.484151 25600 60000
0.485016 32000 60000
0.502896 38400 60000
0.385378 44800 60000
0.582221 51200 60000
0.674758 57600 60000
