Epoch 1
-------------------------------
0.601511     0 60000
1.380945  6400 60000
1.500925 12800 60000
1.208251 19200 60000
1.675826 25600 60000
1.423952 32000 60000
2.349468 38400 60000
2.302050 44800 60000
2.311064 51200 60000
2.303080 57600 60000
Epoch 2
-------------------------------
2.293035     0 60000
2.300636  6400 60000
2.302269 12800 60000
2.303887 19200 60000
2.301590 25600 60000
2.304380 32000 60000
2.300738 38400 60000
2.301755 44800 60000
2.309691 51200 60000
2.302708 57600 60000
Epoch 3
-------------------------------
2.300672     0 60000
2.302999  6400 60000
2.301627 12800 60000
2.302283 19200 60000
2.306060 25600 60000
2.299129 32000 60000
2.309283 38400 60000
2.303899 44800 60000
2.305496 51200 60000
2.303753 57600 60000
Epoch 4
-------------------------------
2.304818     0 60000
2.299743  6400 60000
2.299311 12800 60000
2.302826 19200 60000
2.300990 25600 60000
2.302301 32000 60000
2.306035 38400 60000
2.303686 44800 60000
2.306036 51200 60000
2.300392 57600 60000
Epoch 5
-------------------------------
2.301394     0 60000
2.304266  6400 60000
2.307272 12800 60000
2.299517 19200 60000
2.297879 25600 60000
2.301189 32000 60000
2.307411 38400 60000
2.303292 44800 60000
2.306976 51200 60000
2.301015 57600 60000
Epoch 6
-------------------------------
2.302166     0 60000
2.298950  6400 60000
2.293840 12800 60000
2.301569 19200 60000
2.307417 25600 60000
2.302619 32000 60000
2.303445 38400 60000
2.305449 44800 60000
2.308585 51200 60000
2.306736 57600 60000
Epoch 7
-------------------------------
2.311571     0 60000
2.297411  6400 60000
2.300669 12800 60000
2.309994 19200 60000
2.306042 25600 60000
2.309243 32000 60000
2.299742 38400 60000
2.299637 44800 60000
2.305066 51200 60000
2.296203 57600 60000
Epoch 8
-------------------------------
2.312343     0 60000
2.310977  6400 60000
2.299637 12800 60000
2.304355 19200 60000
2.294056 25600 60000
2.301967 32000 60000
2.304212 38400 60000
2.295590 44800 60000
2.302343 51200 60000
2.306470 57600 60000
Epoch 9
-------------------------------
2.296531     0 60000
2.302546  6400 60000
2.306514 12800 60000
2.296628 19200 60000
2.298965 25600 60000
2.302516 32000 60000
2.303305 38400 60000
2.303289 44800 60000
2.310724 51200 60000
2.301282 57600 60000
Epoch 10
-------------------------------
2.300719     0 60000
2.308609  6400 60000
2.308378 12800 60000
2.302593 19200 60000
2.299621 25600 60000
2.314129 32000 60000
2.306806 38400 60000
2.297416 44800 60000
2.307470 51200 60000
2.304806 57600 60000
Epoch 11
-------------------------------
2.308121     0 60000
2.307794  6400 60000
2.299755 12800 60000
2.311551 19200 60000
2.307904 25600 60000
2.296447 32000 60000
2.306461 38400 60000
2.301700 44800 60000
2.305276 51200 60000
2.322947 57600 60000
Epoch 12
-------------------------------
2.304927     0 60000
2.310398  6400 60000
2.297462 12800 60000
2.303067 19200 60000
2.298727 25600 60000
2.305547 32000 60000
2.303309 38400 60000
2.302937 44800 60000
2.310730 51200 60000
2.306825 57600 60000
