Epoch 1
-------------------------------
2.300697     0 60000
1.096610  6400 60000
0.825779 12800 60000
0.967857 19200 60000
0.762688 25600 60000
0.744990 32000 60000
0.879498 38400 60000
0.589261 44800 60000
0.658436 51200 60000
0.643028 57600 60000
Epoch 2
-------------------------------
0.563506     0 60000
0.609001  6400 60000
0.512505 12800 60000
0.524647 19200 60000
0.568198 25600 60000
0.578122 32000 60000
0.557900 38400 60000
0.395998 44800 60000
0.649518 51200 60000
0.374512 57600 60000
Epoch 3
-------------------------------
0.328773     0 60000
0.422688  6400 60000
0.576493 12800 60000
0.531008 19200 60000
0.288305 25600 60000
0.697020 32000 60000
0.224637 38400 60000
0.387616 44800 60000
0.376680 51200 60000
0.373663 57600 60000
Epoch 4
-------------------------------
0.634034     0 60000
0.421639  6400 60000
0.309661 12800 60000
0.415476 19200 60000
0.423624 25600 60000
0.481493 32000 60000
0.230781 38400 60000
0.467275 44800 60000
0.234059 51200 60000
0.527648 57600 60000
Epoch 5
-------------------------------
0.338240     0 60000
0.332847  6400 60000
0.413926 12800 60000
0.294489 19200 60000
0.394026 25600 60000
0.414404 32000 60000
0.417399 38400 60000
0.339256 44800 60000
0.313752 51200 60000
0.315786 57600 60000
Epoch 6
-------------------------------
0.314598     0 60000
0.242637  6400 60000
0.339317 12800 60000
0.319218 19200 60000
0.377628 25600 60000
0.185174 32000 60000
0.378813 38400 60000
0.337543 44800 60000
0.395806 51200 60000
0.276117 57600 60000
Epoch 7
-------------------------------
0.304851     0 60000
0.389249  6400 60000
0.235876 12800 60000
0.243063 19200 60000
0.411835 25600 60000
0.203986 32000 60000
0.225621 38400 60000
0.342326 44800 60000
0.358476 51200 60000
0.235762 57600 60000
Epoch 8
-------------------------------
0.442572     0 60000
0.238790  6400 60000
0.370800 12800 60000
0.262254 19200 60000
0.282974 25600 60000
0.308670 32000 60000
0.240207 38400 60000
0.124402 44800 60000
0.210280 51200 60000
0.327680 57600 60000
Epoch 9
-------------------------------
0.130804     0 60000
0.528736  6400 60000
0.311042 12800 60000
0.355023 19200 60000
0.303349 25600 60000
0.336953 32000 60000
0.328804 38400 60000
0.268011 44800 60000
0.257725 51200 60000
0.297656 57600 60000
Epoch 10
-------------------------------
0.243500     0 60000
0.292656  6400 60000
0.360006 12800 60000
0.275596 19200 60000
0.261633 25600 60000
0.238300 32000 60000
0.259465 38400 60000
0.147565 44800 60000
0.207021 51200 60000
0.317040 57600 60000
Epoch 11
-------------------------------
0.316532     0 60000
0.286648  6400 60000
0.289644 12800 60000
0.347851 19200 60000
0.330058 25600 60000
0.269106 32000 60000
0.320298 38400 60000
0.210145 44800 60000
0.259772 51200 60000
0.271071 57600 60000
Epoch 12
-------------------------------
0.219978     0 60000
0.212366  6400 60000
0.306382 12800 60000
0.299399 19200 60000
0.184370 25600 60000
0.281479 32000 60000
0.244078 38400 60000
0.141000 44800 60000
0.315326 51200 60000
0.135719 57600 60000
