Epoch 1
-------------------------------
0.190787     0 60000
1.111299  6400 60000
0.722292 12800 60000
0.498260 19200 60000
0.384556 25600 60000
0.408223 32000 60000
0.320298 38400 60000
0.669104 44800 60000
0.333697 51200 60000
0.471676 57600 60000
Epoch 2
-------------------------------
0.530472     0 60000
0.648521  6400 60000
0.390279 12800 60000
0.349716 19200 60000
0.381550 25600 60000
0.369420 32000 60000
0.606321 38400 60000
0.330417 44800 60000
0.380286 51200 60000
0.425921 57600 60000
Epoch 3
-------------------------------
0.466568     0 60000
0.414184  6400 60000
0.480481 12800 60000
0.323536 19200 60000
0.424197 25600 60000
0.268819 32000 60000
0.422131 38400 60000
0.225533 44800 60000
0.276830 51200 60000
0.442371 57600 60000
Epoch 4
-------------------------------
0.430783     0 60000
0.611460  6400 60000
0.381843 12800 60000
0.539355 19200 60000
0.389279 25600 60000
0.492389 32000 60000
0.487357 38400 60000
0.432250 44800 60000
0.261399 51200 60000
0.401087 57600 60000
Epoch 5
-------------------------------
0.697949     0 60000
0.457205  6400 60000
0.618918 12800 60000
0.365413 19200 60000
0.299883 25600 60000
0.376090 32000 60000
0.539143 38400 60000
0.559618 44800 60000
0.229081 51200 60000
0.491773 57600 60000
Epoch 6
-------------------------------
0.372918     0 60000
0.390178  6400 60000
0.413785 12800 60000
0.447919 19200 60000
0.377100 25600 60000
0.257007 32000 60000
0.182640 38400 60000
0.648155 44800 60000
0.458514 51200 60000
0.367467 57600 60000
Epoch 7
-------------------------------
0.184449     0 60000
0.555351  6400 60000
0.238581 12800 60000
0.371094 19200 60000
0.329411 25600 60000
0.407150 32000 60000
0.309396 38400 60000
0.299184 44800 60000
0.398040 51200 60000
0.298616 57600 60000
Epoch 8
-------------------------------
0.459639     0 60000
0.468538  6400 60000
0.355807 12800 60000
0.326484 19200 60000
0.593459 25600 60000
0.425261 32000 60000
0.639718 38400 60000
0.441416 44800 60000
0.344674 51200 60000
0.388347 57600 60000
Epoch 9
-------------------------------
0.465569     0 60000
0.648664  6400 60000
0.429374 12800 60000
0.444314 19200 60000
0.295504 25600 60000
0.382905 32000 60000
0.526512 38400 60000
0.411002 44800 60000
0.699851 51200 60000
0.432063 57600 60000
Epoch 10
-------------------------------
0.184078     0 60000
0.437833  6400 60000
0.339707 12800 60000
0.354544 19200 60000
0.337912 25600 60000
0.377094 32000 60000
0.513315 38400 60000
0.459081 44800 60000
0.258140 51200 60000
0.371828 57600 60000
Epoch 11
-------------------------------
0.333297     0 60000
0.319429  6400 60000
0.318280 12800 60000
0.418679 19200 60000
0.368052 25600 60000
0.425666 32000 60000
0.299054 38400 60000
0.426973 44800 60000
0.513644 51200 60000
1.404219 57600 60000
Epoch 12
-------------------------------
0.358773     0 60000
0.494235  6400 60000
0.500674 12800 60000
0.390715 19200 60000
0.164478 25600 60000
0.509777 32000 60000
0.540879 38400 60000
0.414434 44800 60000
0.438618 51200 60000
0.658078 57600 60000
