Epoch 1
-------------------------------
2.300682     0 60000
2.290931  6400 60000
2.326049 12800 60000
2.307280 19200 60000
2.281238 25600 60000
2.314154 32000 60000
2.308822 38400 60000
2.313744 44800 60000
2.287912 51200 60000
2.303213 57600 60000
Epoch 2
-------------------------------
2.325514     0 60000
2.298868  6400 60000
2.315639 12800 60000
2.309265 19200 60000
2.291668 25600 60000
2.316307 32000 60000
2.316094 38400 60000
2.343672 44800 60000
2.319243 51200 60000
2.321159 57600 60000
Epoch 3
-------------------------------
2.305825     0 60000
2.360265  6400 60000
2.305097 12800 60000
2.291449 19200 60000
2.311260 25600 60000
2.286970 32000 60000
2.306823 38400 60000
2.333175 44800 60000
2.295783 51200 60000
2.326108 57600 60000
Epoch 4
-------------------------------
2.295516     0 60000
2.321591  6400 60000
2.301631 12800 60000
2.296999 19200 60000
2.321800 25600 60000
2.272003 32000 60000
2.313532 38400 60000
2.340412 44800 60000
2.336271 51200 60000
2.288903 57600 60000
Epoch 5
-------------------------------
2.298687     0 60000
2.314509  6400 60000
2.343821 12800 60000
2.333285 19200 60000
2.317715 25600 60000
2.318770 32000 60000
2.305585 38400 60000
2.314710 44800 60000
2.302223 51200 60000
2.307797 57600 60000
Epoch 6
-------------------------------
2.326028     0 60000
2.330617  6400 60000
2.311256 12800 60000
2.305608 19200 60000
2.316298 25600 60000
2.320495 32000 60000
2.309821 38400 60000
2.302077 44800 60000
2.319211 51200 60000
2.314632 57600 60000
Epoch 7
-------------------------------
2.332530     0 60000
2.352773  6400 60000
2.307193 12800 60000
2.345106 19200 60000
2.290635 25600 60000
2.294419 32000 60000
2.304804 38400 60000
2.317621 44800 60000
2.303214 51200 60000
2.302336 57600 60000
Epoch 8
-------------------------------
2.302142     0 60000
2.314865  6400 60000
2.317394 12800 60000
2.311425 19200 60000
2.325607 25600 60000
2.283968 32000 60000
2.305328 38400 60000
2.321035 44800 60000
2.312598 51200 60000
2.297774 57600 60000
Epoch 9
-------------------------------
2.316188     0 60000
2.328262  6400 60000
2.310710 12800 60000
2.341428 19200 60000
2.292640 25600 60000
2.301662 32000 60000
2.293278 38400 60000
2.308122 44800 60000
2.339905 51200 60000
2.274012 57600 60000
Epoch 10
-------------------------------
2.322527     0 60000
2.352103  6400 60000
2.270612 12800 60000
2.317667 19200 60000
2.321414 25600 60000
2.314098 32000 60000
2.310323 38400 60000
2.317266 44800 60000
2.304207 51200 60000
2.333588 57600 60000
Epoch 11
-------------------------------
2.324089     0 60000
2.318224  6400 60000
2.292944 12800 60000
2.300265 19200 60000
2.297189 25600 60000
2.307651 32000 60000
2.308221 38400 60000
2.308164 44800 60000
2.315171 51200 60000
2.319471 57600 60000
Epoch 12
-------------------------------
2.314652     0 60000
2.319449  6400 60000
2.358356 12800 60000
2.307899 19200 60000
2.287343 25600 60000
2.350051 32000 60000
2.317119 38400 60000
2.298074 44800 60000
2.274389 51200 60000
2.326407 57600 60000
