Epoch 1
-------------------------------
0.204149     0 60000
0.655179  6400 60000
0.747596 12800 60000
0.494686 19200 60000
0.447294 25600 60000
0.791042 32000 60000
0.767988 38400 60000
0.809412 44800 60000
1.006695 51200 60000
0.750346 57600 60000
Epoch 2
-------------------------------
0.873027     0 60000
1.545052  6400 60000
1.006751 12800 60000
1.217071 19200 60000
1.446002 25600 60000
2.013156 32000 60000
2.965877 38400 60000
1.769022 44800 60000
1.747149 51200 60000
1.659465 57600 60000
Epoch 3
-------------------------------
1.618723     0 60000
2.461014  6400 60000
2.307665 12800 60000
2.308769 19200 60000
2.300151 25600 60000
2.300972 32000 60000
2.302354 38400 60000
2.323720 44800 60000
2.304905 51200 60000
2.299985 57600 60000
Epoch 4
-------------------------------
2.303343     0 60000
2.299140  6400 60000
2.303724 12800 60000
2.307750 19200 60000
2.311160 25600 60000
2.298409 32000 60000
2.303324 38400 60000
2.298216 44800 60000
2.303162 51200 60000
2.299573 57600 60000
Epoch 5
-------------------------------
2.305160     0 60000
2.303971  6400 60000
2.311389 12800 60000
2.307918 19200 60000
2.301272 25600 60000
2.304865 32000 60000
2.310071 38400 60000
2.304613 44800 60000
2.306537 51200 60000
2.302521 57600 60000
Epoch 6
-------------------------------
2.310453     0 60000
2.303417  6400 60000
2.311813 12800 60000
2.306332 19200 60000
2.301694 25600 60000
2.307492 32000 60000
2.328501 38400 60000
2.298378 44800 60000
2.301554 51200 60000
2.309138 57600 60000
Epoch 7
-------------------------------
2.304104     0 60000
2.311463  6400 60000
2.303971 12800 60000
2.319939 19200 60000
2.303201 25600 60000
2.310768 32000 60000
2.308300 38400 60000
2.302893 44800 60000
2.313613 51200 60000
2.301197 57600 60000
Epoch 8
-------------------------------
2.309641     0 60000
2.305169  6400 60000
2.309593 12800 60000
2.302364 19200 60000
2.292839 25600 60000
2.307287 32000 60000
2.299047 38400 60000
2.300455 44800 60000
2.319389 51200 60000
2.306735 57600 60000
Epoch 9
-------------------------------
2.303100     0 60000
2.305292  6400 60000
2.299105 12800 60000
2.295511 19200 60000
2.305194 25600 60000
2.302825 32000 60000
2.306218 38400 60000
2.318686 44800 60000
2.303416 51200 60000
2.302882 57600 60000
Epoch 10
-------------------------------
2.302444     0 60000
2.302014  6400 60000
2.301547 12800 60000
2.296960 19200 60000
2.294508 25600 60000
2.308725 32000 60000
2.305551 38400 60000
2.300681 44800 60000
2.301982 51200 60000
2.306022 57600 60000
Epoch 11
-------------------------------
2.302079     0 60000
2.306063  6400 60000
2.302755 12800 60000
2.299735 19200 60000
2.296005 25600 60000
2.302578 32000 60000
2.296331 38400 60000
2.305181 44800 60000
2.303647 51200 60000
2.309206 57600 60000
Epoch 12
-------------------------------
2.305723     0 60000
2.296553  6400 60000
2.298885 12800 60000
2.304918 19200 60000
2.301877 25600 60000
2.306545 32000 60000
2.302063 38400 60000
2.302131 44800 60000
2.297244 51200 60000
2.305530 57600 60000
