Epoch 1
-------------------------------
0.158268     0 60000
0.367198  6400 60000
0.461760 12800 60000
0.542821 19200 60000
0.370935 25600 60000
0.454084 32000 60000
0.449542 38400 60000
0.333534 44800 60000
0.430681 51200 60000
0.563051 57600 60000
Epoch 2
-------------------------------
0.361149     0 60000
0.239164  6400 60000
0.343197 12800 60000
0.336892 19200 60000
0.412383 25600 60000
0.253016 32000 60000
0.333358 38400 60000
0.236889 44800 60000
0.333471 51200 60000
0.414173 57600 60000
Epoch 3
-------------------------------
0.370719     0 60000
0.577295  6400 60000
0.302752 12800 60000
0.317886 19200 60000
0.488180 25600 60000
0.328040 32000 60000
0.457978 38400 60000
0.272627 44800 60000
0.250051 51200 60000
0.511100 57600 60000
Epoch 4
-------------------------------
0.354661     0 60000
0.236810  6400 60000
0.195032 12800 60000
0.583740 19200 60000
0.587668 25600 60000
0.268384 32000 60000
0.282259 38400 60000
0.206513 44800 60000
0.354856 51200 60000
0.438934 57600 60000
Epoch 5
-------------------------------
0.440965     0 60000
0.343330  6400 60000
0.617052 12800 60000
0.337156 19200 60000
0.297340 25600 60000
0.291841 32000 60000
0.344278 38400 60000
0.578976 44800 60000
0.366238 51200 60000
0.441254 57600 60000
Epoch 6
-------------------------------
0.293686     0 60000
0.308593  6400 60000
0.377832 12800 60000
0.365527 19200 60000
0.408004 25600 60000
0.184265 32000 60000
0.480304 38400 60000
0.406076 44800 60000
0.323704 51200 60000
0.336907 57600 60000
Epoch 7
-------------------------------
0.405483     0 60000
0.452914  6400 60000
0.180037 12800 60000
0.309430 19200 60000
0.283746 25600 60000
0.200754 32000 60000
0.253874 38400 60000
0.302098 44800 60000
0.367586 51200 60000
0.414963 57600 60000
Epoch 8
-------------------------------
0.166638     0 60000
0.430337  6400 60000
0.622235 12800 60000
0.274145 19200 60000
0.566349 25600 60000
0.394665 32000 60000
0.354772 38400 60000
0.185951 44800 60000
0.383351 51200 60000
0.318926 57600 60000
Epoch 9
-------------------------------
0.235862     0 60000
0.340851  6400 60000
0.416096 12800 60000
0.511000 19200 60000
0.268759 25600 60000
0.299270 32000 60000
0.294706 38400 60000
0.293699 44800 60000
0.277972 51200 60000
0.341188 57600 60000
Epoch 10
-------------------------------
0.303078     0 60000
0.337430  6400 60000
0.395607 12800 60000
0.424096 19200 60000
0.196872 25600 60000
0.145536 32000 60000
0.345313 38400 60000
0.288068 44800 60000
0.244975 51200 60000
0.442975 57600 60000
Epoch 11
-------------------------------
0.400901     0 60000
0.530867  6400 60000
0.438427 12800 60000
0.106445 19200 60000
0.482046 25600 60000
0.247333 32000 60000
0.316086 38400 60000
0.497344 44800 60000
0.366467 51200 60000
0.236419 57600 60000
Epoch 12
-------------------------------
0.435436     0 60000
0.176298  6400 60000
0.444992 12800 60000
0.179867 19200 60000
0.345353 25600 60000
0.333946 32000 60000
0.413373 38400 60000
0.354957 44800 60000
0.301794 51200 60000
0.403099 57600 60000
