Epoch 1
-------------------------------
2.308296     0 60000
1.288657  6400 60000
1.001624 12800 60000
0.657552 19200 60000
0.495826 25600 60000
0.527851 32000 60000
0.452820 38400 60000
0.557625 44800 60000
0.382460 51200 60000
0.239024 57600 60000
Epoch 2
-------------------------------
0.911503     0 60000
0.412786  6400 60000
0.436486 12800 60000
0.428943 19200 60000
0.689331 25600 60000
0.388239 32000 60000
0.569686 38400 60000
0.481389 44800 60000
0.640379 51200 60000
0.341844 57600 60000
Epoch 3
-------------------------------
0.499397     0 60000
0.313413  6400 60000
0.457175 12800 60000
0.444245 19200 60000
0.399386 25600 60000
0.318232 32000 60000
0.295609 38400 60000
0.295428 44800 60000
0.451326 51200 60000
0.401748 57600 60000
Epoch 4
-------------------------------
0.594110     0 60000
0.293602  6400 60000
0.317840 12800 60000
0.311480 19200 60000
0.257084 25600 60000
0.340264 32000 60000
0.329218 38400 60000
0.308763 44800 60000
0.323988 51200 60000
0.379402 57600 60000
Epoch 5
-------------------------------
0.527256     0 60000
0.700910  6400 60000
0.431666 12800 60000
0.355974 19200 60000
0.445361 25600 60000
0.192076 32000 60000
0.340239 38400 60000
0.346789 44800 60000
0.403172 51200 60000
0.285844 57600 60000
Epoch 6
-------------------------------
0.167647     0 60000
0.275386  6400 60000
0.353189 12800 60000
0.372371 19200 60000
0.192712 25600 60000
0.214394 32000 60000
0.475822 38400 60000
0.327144 44800 60000
0.225674 51200 60000
0.265459 57600 60000
Epoch 7
-------------------------------
0.270445     0 60000
0.277005  6400 60000
0.258687 12800 60000
0.454236 19200 60000
0.403045 25600 60000
0.309364 32000 60000
0.179829 38400 60000
0.320119 44800 60000
0.292156 51200 60000
0.302927 57600 60000
Epoch 8
-------------------------------
0.325234     0 60000
0.219085  6400 60000
0.401435 12800 60000
0.231944 19200 60000
0.212205 25600 60000
0.339918 32000 60000
0.346645 38400 60000
0.260124 44800 60000
0.305692 51200 60000
0.210140 57600 60000
Epoch 9
-------------------------------
0.235225     0 60000
0.286471  6400 60000
0.234336 12800 60000
0.152310 19200 60000
0.262308 25600 60000
0.209480 32000 60000
0.377169 38400 60000
0.242116 44800 60000
0.567976 51200 60000
0.173967 57600 60000
Epoch 10
-------------------------------
0.332469     0 60000
0.395291  6400 60000
0.462511 12800 60000
0.353594 19200 60000
0.368441 25600 60000
0.300919 32000 60000
0.347840 38400 60000
0.258818 44800 60000
0.350978 51200 60000
0.418738 57600 60000
Epoch 11
-------------------------------
0.317391     0 60000
0.259545  6400 60000
0.319211 12800 60000
0.134746 19200 60000
0.310043 25600 60000
0.258546 32000 60000
0.227148 38400 60000
0.284585 44800 60000
0.231458 51200 60000
0.255224 57600 60000
Epoch 12
-------------------------------
0.242369     0 60000
0.619525  6400 60000
0.237270 12800 60000
0.284586 19200 60000
0.208588 25600 60000
0.246132 32000 60000
0.221413 38400 60000
0.259373 44800 60000
0.252870 51200 60000
0.227201 57600 60000
