Epoch 1
-------------------------------
0.120950     0 60000
0.439849  6400 60000
0.553681 12800 60000
0.292570 19200 60000
0.540013 25600 60000
0.475675 32000 60000
0.444227 38400 60000
0.368880 44800 60000
0.430947 51200 60000
0.337355 57600 60000
Epoch 2
-------------------------------
0.272427     0 60000
0.443069  6400 60000
0.604990 12800 60000
0.550095 19200 60000
0.406521 25600 60000
0.387858 32000 60000
0.382728 38400 60000
0.348072 44800 60000
0.285011 51200 60000
0.242551 57600 60000
Epoch 3
-------------------------------
0.267297     0 60000
0.232995  6400 60000
0.545420 12800 60000
0.643705 19200 60000
0.544358 25600 60000
0.348355 32000 60000
0.178849 38400 60000
0.790241 44800 60000
0.381822 51200 60000
0.282560 57600 60000
Epoch 4
-------------------------------
0.518071     0 60000
0.202802  6400 60000
0.479672 12800 60000
0.294821 19200 60000
0.443015 25600 60000
0.700495 32000 60000
0.485947 38400 60000
0.405810 44800 60000
0.370653 51200 60000
0.240429 57600 60000
Epoch 5
-------------------------------
0.408237     0 60000
0.327358  6400 60000
0.517428 12800 60000
0.400375 19200 60000
0.238818 25600 60000
0.389347 32000 60000
0.518086 38400 60000
0.444493 44800 60000
0.230313 51200 60000
0.333546 57600 60000
Epoch 6
-------------------------------
0.311506     0 60000
0.367102  6400 60000
0.216642 12800 60000
0.391243 19200 60000
0.298810 25600 60000
0.416234 32000 60000
0.411551 38400 60000
0.512465 44800 60000
0.466042 51200 60000
0.451381 57600 60000
Epoch 7
-------------------------------
0.379093     0 60000
0.344902  6400 60000
0.254460 12800 60000
0.326887 19200 60000
0.168716 25600 60000
0.274509 32000 60000
0.326204 38400 60000
0.633446 44800 60000
0.290559 51200 60000
0.405775 57600 60000
Epoch 8
-------------------------------
0.329554     0 60000
0.274044  6400 60000
0.212529 12800 60000
0.156182 19200 60000
0.489857 25600 60000
0.404666 32000 60000
0.509810 38400 60000
0.392554 44800 60000
0.301472 51200 60000
0.475533 57600 60000
Epoch 9
-------------------------------
0.292561     0 60000
0.139021  6400 60000
0.272916 12800 60000
0.338955 19200 60000
0.170839 25600 60000
0.363044 32000 60000
0.401101 38400 60000
0.344993 44800 60000
0.276130 51200 60000
0.126962 57600 60000
Epoch 10
-------------------------------
0.279188     0 60000
0.296740  6400 60000
0.345588 12800 60000
0.490089 19200 60000
0.328645 25600 60000
0.308833 32000 60000
0.316929 38400 60000
0.222278 44800 60000
0.300064 51200 60000
0.331207 57600 60000
Epoch 11
-------------------------------
0.172376     0 60000
0.355250  6400 60000
0.417116 12800 60000
0.473765 19200 60000
0.242228 25600 60000
0.186906 32000 60000
0.531677 38400 60000
0.532908 44800 60000
0.206877 51200 60000
0.347977 57600 60000
Epoch 12
-------------------------------
0.341538     0 60000
0.327087  6400 60000
0.325269 12800 60000
0.264882 19200 60000
0.260091 25600 60000
0.432398 32000 60000
0.469458 38400 60000
0.343969 44800 60000
0.348354 51200 60000
0.134089 57600 60000
