Epoch 1
-------------------------------
2.301231     0 60000
0.552146  6400 60000
0.560301 12800 60000
0.413773 19200 60000
0.400221 25600 60000
0.549707 32000 60000
0.335986 38400 60000
0.282557 44800 60000
0.499295 51200 60000
0.449348 57600 60000
Epoch 2
-------------------------------
0.386472     0 60000
0.394106  6400 60000
0.592055 12800 60000
0.316606 19200 60000
0.249363 25600 60000
0.426407 32000 60000
0.328635 38400 60000
0.183342 44800 60000
0.544821 51200 60000
0.211360 57600 60000
Epoch 3
-------------------------------
0.398474     0 60000
0.091371  6400 60000
0.284104 12800 60000
0.280795 19200 60000
0.362876 25600 60000
0.347734 32000 60000
0.331522 38400 60000
0.342502 44800 60000
0.097048 51200 60000
0.351443 57600 60000
Epoch 4
-------------------------------
0.198702     0 60000
0.419818  6400 60000
0.265336 12800 60000
0.353522 19200 60000
0.217644 25600 60000
0.394381 32000 60000
0.389005 38400 60000
0.480795 44800 60000
0.370450 51200 60000
0.173964 57600 60000
Epoch 5
-------------------------------
0.236478     0 60000
0.218675  6400 60000
0.315166 12800 60000
0.180775 19200 60000
0.301724 25600 60000
0.299503 32000 60000
0.231204 38400 60000
0.223972 44800 60000
0.261620 51200 60000
0.195828 57600 60000
Epoch 6
-------------------------------
0.159466     0 60000
0.561809  6400 60000
0.352690 12800 60000
0.231367 19200 60000
0.251024 25600 60000
0.291582 32000 60000
0.217698 38400 60000
0.147560 44800 60000
0.212856 51200 60000
0.288289 57600 60000
Epoch 7
-------------------------------
0.227525     0 60000
0.283446  6400 60000
0.159856 12800 60000
0.299100 19200 60000
0.251190 25600 60000
0.339840 32000 60000
0.171356 38400 60000
0.164115 44800 60000
0.389873 51200 60000
0.186589 57600 60000
Epoch 8
-------------------------------
0.358481     0 60000
0.288392  6400 60000
0.203679 12800 60000
0.176466 19200 60000
0.207395 25600 60000
0.203509 32000 60000
0.287879 38400 60000
0.392351 44800 60000
0.148916 51200 60000
0.284187 57600 60000
Epoch 9
-------------------------------
0.184135     0 60000
0.147514  6400 60000
0.154397 12800 60000
0.259623 19200 60000
0.146424 25600 60000
0.206289 32000 60000
0.185403 38400 60000
0.356901 44800 60000
0.261680 51200 60000
0.384425 57600 60000
Epoch 10
-------------------------------
0.256138     0 60000
0.214927  6400 60000
0.146900 12800 60000
0.243929 19200 60000
0.253524 25600 60000
0.149970 32000 60000
0.247299 38400 60000
0.208505 44800 60000
0.242954 51200 60000
0.212886 57600 60000
Epoch 11
-------------------------------
0.162465     0 60000
0.240250  6400 60000
0.286049 12800 60000
0.173453 19200 60000
0.227467 25600 60000
0.183867 32000 60000
0.177936 38400 60000
0.324261 44800 60000
0.194742 51200 60000
0.145576 57600 60000
Epoch 12
-------------------------------
0.184804     0 60000
0.255344  6400 60000
0.204989 12800 60000
0.237474 19200 60000
0.241855 25600 60000
0.316739 32000 60000
0.176759 38400 60000
0.438752 44800 60000
0.297556 51200 60000
0.235950 57600 60000
