Epoch 1
-------------------------------
2.300539     0 60000
1.811876  6400 60000
1.485532 12800 60000
1.223182 19200 60000
1.066162 25600 60000
0.954765 32000 60000
0.869948 38400 60000
0.739406 44800 60000
0.576534 51200 60000
1.102542 57600 60000
Epoch 2
-------------------------------
0.703184     0 60000
0.832894  6400 60000
0.940697 12800 60000
1.057451 19200 60000
1.001061 25600 60000
0.775412 32000 60000
0.704244 38400 60000
0.500349 44800 60000
0.707920 51200 60000
0.585386 57600 60000
Epoch 3
-------------------------------
0.667065     0 60000
0.566501  6400 60000
0.742333 12800 60000
0.607966 19200 60000
0.818950 25600 60000
0.594136 32000 60000
0.535168 38400 60000
0.598110 44800 60000
0.628199 51200 60000
0.571514 57600 60000
Epoch 4
-------------------------------
0.570322     0 60000
0.582294  6400 60000
0.488667 12800 60000
0.681814 19200 60000
0.616529 25600 60000
0.691410 32000 60000
0.599124 38400 60000
0.535064 44800 60000
0.697271 51200 60000
0.435602 57600 60000
Epoch 5
-------------------------------
0.565527     0 60000
0.575081  6400 60000
0.580591 12800 60000
0.483284 19200 60000
0.419839 25600 60000
0.801337 32000 60000
0.754593 38400 60000
0.433456 44800 60000
0.583745 51200 60000
1.007381 57600 60000
Epoch 6
-------------------------------
0.511893     0 60000
0.673311  6400 60000
0.545795 12800 60000
0.756239 19200 60000
0.678384 25600 60000
0.541483 32000 60000
0.350897 38400 60000
0.572446 44800 60000
0.864377 51200 60000
0.581775 57600 60000
Epoch 7
-------------------------------
0.450639     0 60000
0.470793  6400 60000
0.359381 12800 60000
0.769816 19200 60000
0.655767 25600 60000
0.506602 32000 60000
0.494655 38400 60000
0.620133 44800 60000
0.524887 51200 60000
0.435786 57600 60000
Epoch 8
-------------------------------
0.299975     0 60000
0.500836  6400 60000
0.530914 12800 60000
0.514345 19200 60000
0.510539 25600 60000
0.438845 32000 60000
0.516693 38400 60000
0.493628 44800 60000
0.522989 51200 60000
0.472143 57600 60000
Epoch 9
-------------------------------
0.584690     0 60000
0.373378  6400 60000
0.454644 12800 60000
0.451097 19200 60000
1.123083 25600 60000
0.732438 32000 60000
0.678829 38400 60000
0.606678 44800 60000
0.502291 51200 60000
0.698263 57600 60000
Epoch 10
-------------------------------
0.647927     0 60000
0.686085  6400 60000
0.686623 12800 60000
0.731006 19200 60000
0.537575 25600 60000
0.458000 32000 60000
0.540058 38400 60000
0.628488 44800 60000
0.788297 51200 60000
0.586935 57600 60000
Epoch 11
-------------------------------
0.578385     0 60000
0.543023  6400 60000
0.622038 12800 60000
0.434353 19200 60000
0.501435 25600 60000
0.614286 32000 60000
0.556696 38400 60000
0.686465 44800 60000
0.536933 51200 60000
0.513433 57600 60000
Epoch 12
-------------------------------
0.588343     0 60000
0.519439  6400 60000
0.890792 12800 60000
0.380575 19200 60000
0.481908 25600 60000
0.644002 32000 60000
0.501386 38400 60000
0.471493 44800 60000
0.407132 51200 60000
0.826019 57600 60000
