Epoch 1
-------------------------------
0.524222     0 60000
0.868337  6400 60000
0.841944 12800 60000
0.601622 19200 60000
0.777452 25600 60000
0.716525 32000 60000
0.683680 38400 60000
0.623885 44800 60000
0.854950 51200 60000
0.694165 57600 60000
Epoch 2
-------------------------------
0.549376     0 60000
0.376099  6400 60000
0.589200 12800 60000
0.721296 19200 60000
0.856634 25600 60000
0.746358 32000 60000
1.512819 38400 60000
1.338401 44800 60000
1.046278 51200 60000
0.789907 57600 60000
Epoch 3
-------------------------------
0.763723     0 60000
0.766658  6400 60000
0.834334 12800 60000
0.754467 19200 60000
0.601170 25600 60000
0.755506 32000 60000
0.612860 38400 60000
0.732472 44800 60000
0.614138 51200 60000
0.807448 57600 60000
Epoch 4
-------------------------------
1.019251     0 60000
1.086861  6400 60000
0.737174 12800 60000
1.015576 19200 60000
0.683704 25600 60000
0.549372 32000 60000
0.696151 38400 60000
0.427161 44800 60000
0.616717 51200 60000
0.621755 57600 60000
Epoch 5
-------------------------------
0.873978     0 60000
0.419742  6400 60000
0.476982 12800 60000
0.762252 19200 60000
0.662564 25600 60000
0.503068 32000 60000
0.647439 38400 60000
0.381264 44800 60000
0.673140 51200 60000
0.538676 57600 60000
Epoch 6
-------------------------------
0.492317     0 60000
0.492287  6400 60000
0.633116 12800 60000
0.805458 19200 60000
0.568258 25600 60000
0.843628 32000 60000
0.678006 38400 60000
0.678183 44800 60000
0.727616 51200 60000
0.695701 57600 60000
Epoch 7
-------------------------------
0.800696     0 60000
0.553182  6400 60000
0.583998 12800 60000
0.508421 19200 60000
0.668065 25600 60000
0.327676 32000 60000
0.728262 38400 60000
0.464688 44800 60000
0.511363 51200 60000
1.472199 57600 60000
Epoch 8
-------------------------------
0.773758     0 60000
0.518105  6400 60000
0.617276 12800 60000
0.573956 19200 60000
0.401964 25600 60000
0.335231 32000 60000
0.491014 38400 60000
0.653445 44800 60000
0.672359 51200 60000
0.641559 57600 60000
Epoch 9
-------------------------------
0.735532     0 60000
0.583132  6400 60000
0.648155 12800 60000
0.641174 19200 60000
0.464557 25600 60000
0.729236 32000 60000
0.671327 38400 60000
0.659853 44800 60000
0.455406 51200 60000
0.674336 57600 60000
Epoch 10
-------------------------------
0.261697     0 60000
0.557939  6400 60000
0.655419 12800 60000
0.509907 19200 60000
0.611286 25600 60000
0.498642 32000 60000
0.523691 38400 60000
0.509715 44800 60000
0.832422 51200 60000
0.840924 57600 60000
Epoch 11
-------------------------------
0.737443     0 60000
0.886415  6400 60000
0.825870 12800 60000
0.758150 19200 60000
0.629431 25600 60000
0.653484 32000 60000
0.596582 38400 60000
0.421881 44800 60000
0.770994 51200 60000
0.766017 57600 60000
Epoch 12
-------------------------------
1.069194     0 60000
1.039394  6400 60000
1.204361 12800 60000
0.983920 19200 60000
1.212865 25600 60000
1.439557 32000 60000
2.185893 38400 60000
2.504011 44800 60000
2.291752 51200 60000
2.299378 57600 60000
