Epoch 1
-------------------------------
0.270961     0 60000
1.682214  6400 60000
1.953154 12800 60000
1.799390 19200 60000
1.909633 25600 60000
2.300014 32000 60000
2.303591 38400 60000
2.325316 44800 60000
2.364591 51200 60000
2.351222 57600 60000
Epoch 2
-------------------------------
2.299363     0 60000
2.325797  6400 60000
2.292421 12800 60000
2.324251 19200 60000
2.313582 25600 60000
2.305180 32000 60000
2.315587 38400 60000
2.307091 44800 60000
2.319613 51200 60000
2.310324 57600 60000
Epoch 3
-------------------------------
2.316778     0 60000
2.317299  6400 60000
2.291825 12800 60000
2.315601 19200 60000
2.308013 25600 60000
2.308311 32000 60000
2.286473 38400 60000
2.284391 44800 60000
2.314999 51200 60000
2.324461 57600 60000
Epoch 4
-------------------------------
2.325277     0 60000
2.301252  6400 60000
2.311430 12800 60000
2.310522 19200 60000
2.293331 25600 60000
2.312436 32000 60000
2.295734 38400 60000
2.305940 44800 60000
2.316757 51200 60000
2.328722 57600 60000
Epoch 5
-------------------------------
2.281447     0 60000
2.319779  6400 60000
2.324961 12800 60000
2.318765 19200 60000
2.312501 25600 60000
2.335934 32000 60000
2.296642 38400 60000
2.299645 44800 60000
2.358605 51200 60000
2.302664 57600 60000
Epoch 6
-------------------------------
2.284806     0 60000
2.340070  6400 60000
2.304914 12800 60000
2.336447 19200 60000
2.334043 25600 60000
2.290932 32000 60000
2.337682 38400 60000
2.331207 44800 60000
2.303397 51200 60000
2.322819 57600 60000
Epoch 7
-------------------------------
2.307787     0 60000
2.339163  6400 60000
2.349785 12800 60000
2.294918 19200 60000
2.313875 25600 60000
2.326656 32000 60000
2.293764 38400 60000
2.304868 44800 60000
2.343876 51200 60000
2.293253 57600 60000
Epoch 8
-------------------------------
2.306144     0 60000
2.301656  6400 60000
2.306707 12800 60000
2.287634 19200 60000
2.321306 25600 60000
2.330870 32000 60000
2.303918 38400 60000
2.323288 44800 60000
2.342999 51200 60000
2.316770 57600 60000
Epoch 9
-------------------------------
2.323522     0 60000
2.301544  6400 60000
2.344930 12800 60000
2.287467 19200 60000
2.286305 25600 60000
2.318841 32000 60000
2.306452 38400 60000
2.322868 44800 60000
2.325024 51200 60000
2.316025 57600 60000
Epoch 10
-------------------------------
2.271900     0 60000
2.306859  6400 60000
2.317644 12800 60000
2.330539 19200 60000
2.303337 25600 60000
2.329985 32000 60000
2.334117 38400 60000
2.290317 44800 60000
2.313145 51200 60000
2.308951 57600 60000
Epoch 11
-------------------------------
2.304713     0 60000
2.332024  6400 60000
2.293394 12800 60000
2.309426 19200 60000
2.337807 25600 60000
2.300063 32000 60000
2.287467 38400 60000
2.301807 44800 60000
2.309786 51200 60000
2.307340 57600 60000
Epoch 12
-------------------------------
2.295287     0 60000
2.291241  6400 60000
2.307280 12800 60000
2.303623 19200 60000
2.313245 25600 60000
2.311179 32000 60000
2.301755 38400 60000
2.335014 44800 60000
2.303961 51200 60000
2.292255 57600 60000
