Epoch 1
-------------------------------
2.299612     0 60000
1.786020  6400 60000
1.456190 12800 60000
0.938589 19200 60000
0.894471 25600 60000
0.710349 32000 60000
0.898849 38400 60000
0.928951 44800 60000
0.844517 51200 60000
0.964381 57600 60000
Epoch 2
-------------------------------
0.836372     0 60000
0.842732  6400 60000
0.602491 12800 60000
0.680745 19200 60000
0.564062 25600 60000
1.029631 32000 60000
0.595573 38400 60000
0.956185 44800 60000
0.748042 51200 60000
0.759849 57600 60000
Epoch 3
-------------------------------
0.702016     0 60000
0.773380  6400 60000
0.587301 12800 60000
0.611193 19200 60000
0.738844 25600 60000
0.524593 32000 60000
0.764996 38400 60000
0.658280 44800 60000
0.832365 51200 60000
0.600445 57600 60000
Epoch 4
-------------------------------
0.591285     0 60000
0.600734  6400 60000
0.659920 12800 60000
0.690186 19200 60000
0.533224 25600 60000
1.706888 32000 60000
1.006213 38400 60000
1.045727 44800 60000
0.721187 51200 60000
0.954896 57600 60000
Epoch 5
-------------------------------
0.823365     0 60000
0.816778  6400 60000
0.858363 12800 60000
0.851043 19200 60000
0.721951 25600 60000
0.614073 32000 60000
0.700063 38400 60000
0.922178 44800 60000
0.546559 51200 60000
0.657406 57600 60000
Epoch 6
-------------------------------
0.515720     0 60000
0.643628  6400 60000
0.450294 12800 60000
0.554486 19200 60000
0.661341 25600 60000
0.714504 32000 60000
0.697059 38400 60000
0.780619 44800 60000
0.687600 51200 60000
0.554240 57600 60000
Epoch 7
-------------------------------
0.921706     0 60000
0.431445  6400 60000
0.505404 12800 60000
1.033098 19200 60000
0.402104 25600 60000
0.489071 32000 60000
0.766190 38400 60000
1.124545 44800 60000
0.537542 51200 60000
0.599553 57600 60000
Epoch 8
-------------------------------
0.435857     0 60000
0.532553  6400 60000
0.425679 12800 60000
0.608491 19200 60000
0.510275 25600 60000
0.545928 32000 60000
0.481766 38400 60000
0.312566 44800 60000
0.405491 51200 60000
0.456457 57600 60000
Epoch 9
-------------------------------
0.772138     0 60000
0.356575  6400 60000
0.503646 12800 60000
0.354567 19200 60000
0.392228 25600 60000
0.616761 32000 60000
0.819043 38400 60000
0.480646 44800 60000
0.459975 51200 60000
0.455266 57600 60000
Epoch 10
-------------------------------
0.521775     0 60000
0.439864  6400 60000
0.551603 12800 60000
0.563150 19200 60000
0.798102 25600 60000
0.696318 32000 60000
0.672435 38400 60000
0.589123 44800 60000
0.355663 51200 60000
0.359094 57600 60000
Epoch 11
-------------------------------
0.417362     0 60000
0.579742  6400 60000
1.898671 12800 60000
0.605456 19200 60000
0.610582 25600 60000
0.614509 32000 60000
0.490246 38400 60000
0.768646 44800 60000
0.318064 51200 60000
0.347259 57600 60000
Epoch 12
-------------------------------
0.363104     0 60000
0.368272  6400 60000
0.311993 12800 60000
0.441403 19200 60000
0.330005 25600 60000
0.676578 32000 60000
0.791102 38400 60000
1.200962 44800 60000
0.571838 51200 60000
0.792580 57600 60000
