Epoch 1
-------------------------------
0.192756     0 60000
0.391383  6400 60000
0.503223 12800 60000
0.501355 19200 60000
0.571034 25600 60000
0.452877 32000 60000
0.565176 38400 60000
0.658309 44800 60000
0.413879 51200 60000
0.400908 57600 60000
Epoch 2
-------------------------------
0.473329     0 60000
0.452413  6400 60000
0.339554 12800 60000
0.337596 19200 60000
0.375864 25600 60000
0.438278 32000 60000
0.425367 38400 60000
0.576392 44800 60000
0.558291 51200 60000
0.409416 57600 60000
Epoch 3
-------------------------------
0.401425     0 60000
0.452975  6400 60000
0.366062 12800 60000
0.437094 19200 60000
0.211440 25600 60000
0.471521 32000 60000
0.348158 38400 60000
0.417905 44800 60000
0.385739 51200 60000
0.452544 57600 60000
Epoch 4
-------------------------------
0.631771     0 60000
0.424682  6400 60000
0.379523 12800 60000
0.470599 19200 60000
0.516018 25600 60000
0.289546 32000 60000
0.484343 38400 60000
0.360270 44800 60000
0.336655 51200 60000
0.379824 57600 60000
Epoch 5
-------------------------------
0.341873     0 60000
0.333106  6400 60000
0.228659 12800 60000
0.397363 19200 60000
0.468998 25600 60000
0.339122 32000 60000
0.524576 38400 60000
0.248636 44800 60000
0.357081 51200 60000
0.416536 57600 60000
Epoch 6
-------------------------------
0.390059     0 60000
0.348020  6400 60000
0.468147 12800 60000
0.419501 19200 60000
0.244299 25600 60000
0.482187 32000 60000
0.525725 38400 60000
0.297358 44800 60000
0.401787 51200 60000
0.353949 57600 60000
Epoch 7
-------------------------------
0.540133     0 60000
0.284766  6400 60000
0.484502 12800 60000
0.479109 19200 60000
0.362511 25600 60000
0.265008 32000 60000
0.634092 38400 60000
0.287834 44800 60000
0.344259 51200 60000
0.479495 57600 60000
Epoch 8
-------------------------------
0.479445     0 60000
0.404716  6400 60000
0.245885 12800 60000
0.420440 19200 60000
0.308161 25600 60000
0.460253 32000 60000
0.399644 38400 60000
0.411626 44800 60000
0.374973 51200 60000
0.372044 57600 60000
Epoch 9
-------------------------------
0.416992     0 60000
0.256212  6400 60000
0.345723 12800 60000
0.462231 19200 60000
0.331800 25600 60000
0.621136 32000 60000
0.281368 38400 60000
0.518033 44800 60000
0.307276 51200 60000
0.536885 57600 60000
Epoch 10
-------------------------------
0.531739     0 60000
0.279902  6400 60000
0.423649 12800 60000
0.475856 19200 60000
0.406470 25600 60000
0.507278 32000 60000
0.272697 38400 60000
0.236755 44800 60000
0.266956 51200 60000
0.212449 57600 60000
Epoch 11
-------------------------------
0.580572     0 60000
0.430198  6400 60000
0.316730 12800 60000
0.482859 19200 60000
0.249393 25600 60000
0.356618 32000 60000
0.264512 38400 60000
0.309710 44800 60000
0.312238 51200 60000
0.335687 57600 60000
Epoch 12
-------------------------------
0.259622     0 60000
0.459385  6400 60000
0.218902 12800 60000
0.277813 19200 60000
0.515547 25600 60000
0.375780 32000 60000
0.293968 38400 60000
0.404481 44800 60000
0.280168 51200 60000
0.154474 57600 60000
