Epoch 1
-------------------------------
0.232536     0 60000
1.970874  6400 60000
1.927606 12800 60000
2.241618 19200 60000
2.262504 25600 60000
2.285564 32000 60000
2.309167 38400 60000
2.316329 44800 60000
2.335768 51200 60000
2.301939 57600 60000
Epoch 2
-------------------------------
2.297723     0 60000
2.309728  6400 60000
2.303719 12800 60000
2.316505 19200 60000
2.289205 25600 60000
2.328114 32000 60000
2.331565 38400 60000
2.319643 44800 60000
2.331438 51200 60000
2.283106 57600 60000
Epoch 3
-------------------------------
2.328551     0 60000
2.296149  6400 60000
2.320893 12800 60000
2.300924 19200 60000
2.325703 25600 60000
2.306656 32000 60000
2.312494 38400 60000
2.311837 44800 60000
2.327305 51200 60000
2.328595 57600 60000
Epoch 4
-------------------------------
2.324533     0 60000
2.319263  6400 60000
2.312915 12800 60000
2.283787 19200 60000
2.301717 25600 60000
2.273916 32000 60000
2.324459 38400 60000
2.339068 44800 60000
2.300183 51200 60000
2.326487 57600 60000
Epoch 5
-------------------------------
2.297037     0 60000
2.352340  6400 60000
2.311210 12800 60000
2.339021 19200 60000
2.292270 25600 60000
2.299420 32000 60000
2.321861 38400 60000
2.284735 44800 60000
2.316123 51200 60000
2.359105 57600 60000
Epoch 6
-------------------------------
2.319899     0 60000
2.314384  6400 60000
2.314534 12800 60000
2.326308 19200 60000
2.314015 25600 60000
2.319695 32000 60000
2.282640 38400 60000
2.321576 44800 60000
2.316135 51200 60000
2.287492 57600 60000
Epoch 7
-------------------------------
2.301084     0 60000
2.303162  6400 60000
2.296893 12800 60000
2.324973 19200 60000
2.250161 25600 60000
2.307012 32000 60000
2.340851 38400 60000
2.303228 44800 60000
2.300732 51200 60000
2.289058 57600 60000
Epoch 8
-------------------------------
2.336322     0 60000
2.316778  6400 60000
2.323335 12800 60000
2.302397 19200 60000
2.289773 25600 60000
2.299049 32000 60000
2.304384 38400 60000
2.293924 44800 60000
2.315277 51200 60000
2.315077 57600 60000
Epoch 9
-------------------------------
2.288666     0 60000
2.293839  6400 60000
2.347065 12800 60000
2.289101 19200 60000
2.312400 25600 60000
2.292738 32000 60000
2.305386 38400 60000
2.334634 44800 60000
2.308281 51200 60000
2.295472 57600 60000
Epoch 10
-------------------------------
2.288328     0 60000
2.332271  6400 60000
2.343998 12800 60000
2.310067 19200 60000
2.305825 25600 60000
2.308815 32000 60000
2.312835 38400 60000
2.295483 44800 60000
2.273058 51200 60000
2.324615 57600 60000
Epoch 11
-------------------------------
2.326913     0 60000
2.302388  6400 60000
2.310831 12800 60000
2.286865 19200 60000
2.308101 25600 60000
2.290874 32000 60000
2.343078 38400 60000
2.282265 44800 60000
2.312169 51200 60000
2.308226 57600 60000
Epoch 12
-------------------------------
2.298334     0 60000
2.321554  6400 60000
2.311225 12800 60000
2.301688 19200 60000
2.316592 25600 60000
2.295415 32000 60000
2.340944 38400 60000
2.287549 44800 60000
2.307947 51200 60000
2.303930 57600 60000
