Epoch 1
-------------------------------
0.651571     0 60000
2.302998  6400 60000
2.323844 12800 60000
2.356814 19200 60000
2.297004 25600 60000
2.308861 32000 60000
2.308380 38400 60000
2.293168 44800 60000
2.331333 51200 60000
2.314122 57600 60000
Epoch 2
-------------------------------
2.344082     0 60000
2.307842  6400 60000
2.339327 12800 60000
2.278273 19200 60000
2.302455 25600 60000
2.323422 32000 60000
2.317848 38400 60000
2.314479 44800 60000
2.304701 51200 60000
2.308007 57600 60000
Epoch 3
-------------------------------
2.333587     0 60000
2.309461  6400 60000
2.299868 12800 60000
2.332151 19200 60000
2.300389 25600 60000
2.293904 32000 60000
2.282668 38400 60000
2.316201 44800 60000
2.313574 51200 60000
2.316714 57600 60000
Epoch 4
-------------------------------
2.312394     0 60000
2.301964  6400 60000
2.282836 12800 60000
2.319057 19200 60000
2.321340 25600 60000
2.313488 32000 60000
2.312303 38400 60000
2.310258 44800 60000
2.328668 51200 60000
2.311355 57600 60000
Epoch 5
-------------------------------
2.321506     0 60000
2.303229  6400 60000
2.319136 12800 60000
2.302960 19200 60000
2.307784 25600 60000
2.303894 32000 60000
2.335984 38400 60000
2.303076 44800 60000
2.322070 51200 60000
2.314089 57600 60000
Epoch 6
-------------------------------
2.339310     0 60000
2.308622  6400 60000
2.297917 12800 60000
2.326114 19200 60000
2.313491 25600 60000
2.319945 32000 60000
2.305300 38400 60000
2.321839 44800 60000
2.308418 51200 60000
2.316599 57600 60000
Epoch 7
-------------------------------
2.306965     0 60000
2.319983  6400 60000
2.321177 12800 60000
2.311860 19200 60000
2.309488 25600 60000
2.318212 32000 60000
2.321951 38400 60000
2.291442 44800 60000
2.334382 51200 60000
2.308457 57600 60000
Epoch 8
-------------------------------
2.286692     0 60000
2.330517  6400 60000
2.315396 12800 60000
2.322909 19200 60000
2.310293 25600 60000
2.367936 32000 60000
2.310055 38400 60000
2.343290 44800 60000
2.325344 51200 60000
2.307020 57600 60000
Epoch 9
-------------------------------
2.293799     0 60000
2.321531  6400 60000
2.301727 12800 60000
2.298696 19200 60000
2.299108 25600 60000
2.287332 32000 60000
2.304120 38400 60000
2.293567 44800 60000
2.311517 51200 60000
2.299108 57600 60000
Epoch 10
-------------------------------
2.301343     0 60000
2.318145  6400 60000
2.307472 12800 60000
2.329429 19200 60000
2.318983 25600 60000
2.329082 32000 60000
2.387607 38400 60000
2.315193 44800 60000
2.351178 51200 60000
2.299406 57600 60000
Epoch 11
-------------------------------
2.352270     0 60000
2.288384  6400 60000
2.311205 12800 60000
2.318590 19200 60000
2.313826 25600 60000
2.316441 32000 60000
2.313015 38400 60000
2.290953 44800 60000
2.289165 51200 60000
2.318787 57600 60000
Epoch 12
-------------------------------
2.298057     0 60000
2.286359  6400 60000
2.310082 12800 60000
2.303286 19200 60000
2.312093 25600 60000
2.316661 32000 60000
2.302663 38400 60000
2.308940 44800 60000
2.305628 51200 60000
2.305921 57600 60000
