Epoch 1
-------------------------------
2.309036     0 60000
0.697652  6400 60000
0.535478 12800 60000
0.413149 19200 60000
0.458327 25600 60000
0.491854 32000 60000
0.530853 38400 60000
0.395208 44800 60000
0.316643 51200 60000
0.359745 57600 60000
Epoch 2
-------------------------------
0.493724     0 60000
0.306694  6400 60000
0.346086 12800 60000
0.239639 19200 60000
0.274556 25600 60000
0.636935 32000 60000
0.471868 38400 60000
0.271469 44800 60000
0.298449 51200 60000
0.233294 57600 60000
Epoch 3
-------------------------------
0.322511     0 60000
0.120406  6400 60000
0.210635 12800 60000
0.289440 19200 60000
0.338986 25600 60000
0.326507 32000 60000
0.268316 38400 60000
0.425998 44800 60000
0.319808 51200 60000
0.318479 57600 60000
Epoch 4
-------------------------------
0.207465     0 60000
0.368849  6400 60000
0.364251 12800 60000
0.375356 19200 60000
0.291252 25600 60000
0.182893 32000 60000
0.255633 38400 60000
0.320284 44800 60000
0.193469 51200 60000
0.432749 57600 60000
Epoch 5
-------------------------------
0.472867     0 60000
0.266306  6400 60000
0.286452 12800 60000
0.420546 19200 60000
0.305714 25600 60000
0.238276 32000 60000
0.209409 38400 60000
0.219955 44800 60000
0.333861 51200 60000
0.440531 57600 60000
Epoch 6
-------------------------------
0.165925     0 60000
0.214010  6400 60000
0.258646 12800 60000
0.237145 19200 60000
0.191620 25600 60000
0.408454 32000 60000
0.206572 38400 60000
0.260474 44800 60000
0.285431 51200 60000
0.324069 57600 60000
Epoch 7
-------------------------------
0.307304     0 60000
0.072123  6400 60000
0.148135 12800 60000
0.245400 19200 60000
0.151306 25600 60000
0.279743 32000 60000
0.193324 38400 60000
0.244106 44800 60000
0.245532 51200 60000
0.118746 57600 60000
Epoch 8
-------------------------------
0.289102     0 60000
0.152737  6400 60000
0.218942 12800 60000
0.199620 19200 60000
0.191551 25600 60000
0.212396 32000 60000
0.202033 38400 60000
0.266285 44800 60000
0.116146 51200 60000
0.174569 57600 60000
Epoch 9
-------------------------------
0.286791     0 60000
0.164071  6400 60000
0.389139 12800 60000
0.209010 19200 60000
0.217517 25600 60000
0.198030 32000 60000
0.267062 38400 60000
0.294395 44800 60000
0.251201 51200 60000
0.191265 57600 60000
Epoch 10
-------------------------------
0.271990     0 60000
0.217179  6400 60000
0.159361 12800 60000
0.362172 19200 60000
0.245770 25600 60000
0.125909 32000 60000
0.141963 38400 60000
0.179197 44800 60000
0.256231 51200 60000
0.241983 57600 60000
Epoch 11
-------------------------------
0.322909     0 60000
0.296967  6400 60000
0.268664 12800 60000
0.168977 19200 60000
0.051345 25600 60000
0.099403 32000 60000
0.283962 38400 60000
0.172745 44800 60000
0.154585 51200 60000
0.122511 57600 60000
Epoch 12
-------------------------------
0.146175     0 60000
0.163548  6400 60000
0.168912 12800 60000
0.195215 19200 60000
0.185757 25600 60000
0.145108 32000 60000
0.245720 38400 60000
0.209898 44800 60000
0.267138 51200 60000
0.219779 57600 60000
