Epoch 1
-------------------------------
2.301570     0 60000
0.631800  6400 60000
0.462593 12800 60000
0.453950 19200 60000
0.500058 25600 60000
0.483562 32000 60000
0.472027 38400 60000
0.292302 44800 60000
0.446603 51200 60000
0.478807 57600 60000
Epoch 2
-------------------------------
0.350760     0 60000
0.462866  6400 60000
0.451531 12800 60000
0.344800 19200 60000
0.482524 25600 60000
0.451896 32000 60000
0.268644 38400 60000
0.530363 44800 60000
0.448540 51200 60000
0.299400 57600 60000
Epoch 3
-------------------------------
0.396412     0 60000
0.314790  6400 60000
0.724182 12800 60000
0.351239 19200 60000
0.413173 25600 60000
0.466087 32000 60000
0.231337 38400 60000
0.317219 44800 60000
0.366728 51200 60000
0.252787 57600 60000
Epoch 4
-------------------------------
0.207395     0 60000
0.188048  6400 60000
0.305355 12800 60000
0.410916 19200 60000
0.331000 25600 60000
0.258318 32000 60000
0.324335 38400 60000
0.272431 44800 60000
0.324904 51200 60000
0.354246 57600 60000
Epoch 5
-------------------------------
0.360044     0 60000
0.091391  6400 60000
0.215051 12800 60000
0.251874 19200 60000
0.207107 25600 60000
0.278675 32000 60000
0.249970 38400 60000
0.237141 44800 60000
0.165506 51200 60000
0.303085 57600 60000
Epoch 6
-------------------------------
0.301924     0 60000
0.186746  6400 60000
0.229395 12800 60000
0.160192 19200 60000
0.177027 25600 60000
0.356146 32000 60000
0.286643 38400 60000
0.168429 44800 60000
0.308722 51200 60000
0.243734 57600 60000
Epoch 7
-------------------------------
0.334191     0 60000
0.250957  6400 60000
0.165563 12800 60000
0.284364 19200 60000
0.252125 25600 60000
0.214668 32000 60000
0.356632 38400 60000
0.325093 44800 60000
0.234322 51200 60000
0.252740 57600 60000
Epoch 8
-------------------------------
0.193854     0 60000
0.651687  6400 60000
0.180596 12800 60000
0.184970 19200 60000
0.259816 25600 60000
0.276285 32000 60000
0.351083 38400 60000
0.170743 44800 60000
0.317393 51200 60000
0.308021 57600 60000
Epoch 9
-------------------------------
0.218264     0 60000
0.277919  6400 60000
0.182495 12800 60000
0.255767 19200 60000
0.246063 25600 60000
0.231735 32000 60000
0.179422 38400 60000
0.329498 44800 60000
0.220599 51200 60000
0.321742 57600 60000
Epoch 10
-------------------------------
0.168123     0 60000
0.303807  6400 60000
0.268675 12800 60000
0.173945 19200 60000
0.213888 25600 60000
0.136276 32000 60000
0.139152 38400 60000
0.175126 44800 60000
0.257079 51200 60000
0.157542 57600 60000
Epoch 11
-------------------------------
0.153626     0 60000
0.300267  6400 60000
0.145893 12800 60000
0.323071 19200 60000
0.110768 25600 60000
0.256275 32000 60000
0.130946 38400 60000
0.247925 44800 60000
0.202884 51200 60000
0.283394 57600 60000
Epoch 12
-------------------------------
0.378062     0 60000
0.161674  6400 60000
0.159721 12800 60000
0.149651 19200 60000
0.315063 25600 60000
0.224830 32000 60000
0.215773 38400 60000
0.234620 44800 60000
0.109543 51200 60000
0.110791 57600 60000
