Epoch 1
-------------------------------
0.307626     0 60000
2.262124  6400 60000
2.339180 12800 60000
2.287711 19200 60000
2.319673 25600 60000
2.289201 32000 60000
2.289692 38400 60000
2.321816 44800 60000
2.311174 51200 60000
2.302063 57600 60000
Epoch 2
-------------------------------
2.309138     0 60000
2.322887  6400 60000
2.317831 12800 60000
2.311498 19200 60000
2.293160 25600 60000
2.305205 32000 60000
2.303293 38400 60000
2.288239 44800 60000
2.301839 51200 60000
2.307086 57600 60000
Epoch 3
-------------------------------
2.303148     0 60000
2.304851  6400 60000
2.313559 12800 60000
2.295608 19200 60000
2.318531 25600 60000
2.292859 32000 60000
2.282717 38400 60000
2.304154 44800 60000
2.288159 51200 60000
2.318570 57600 60000
Epoch 4
-------------------------------
2.305333     0 60000
2.323031  6400 60000
2.317754 12800 60000
2.316263 19200 60000
2.309720 25600 60000
2.325503 32000 60000
2.346624 38400 60000
2.325258 44800 60000
2.310423 51200 60000
2.286686 57600 60000
Epoch 5
-------------------------------
2.327475     0 60000
2.319383  6400 60000
2.306685 12800 60000
2.296073 19200 60000
2.337470 25600 60000
2.304364 32000 60000
2.295172 38400 60000
2.313532 44800 60000
2.324158 51200 60000
2.303668 57600 60000
Epoch 6
-------------------------------
2.292673     0 60000
2.296164  6400 60000
2.325974 12800 60000
2.291123 19200 60000
2.278382 25600 60000
2.305685 32000 60000
2.339821 38400 60000
2.308210 44800 60000
2.314779 51200 60000
2.332245 57600 60000
Epoch 7
-------------------------------
2.304262     0 60000
2.303126  6400 60000
2.302377 12800 60000
2.313192 19200 60000
2.332101 25600 60000
2.307083 32000 60000
2.303190 38400 60000
2.352579 44800 60000
2.309341 51200 60000
2.315874 57600 60000
Epoch 8
-------------------------------
2.319192     0 60000
2.312572  6400 60000
2.333505 12800 60000
2.331107 19200 60000
2.293216 25600 60000
2.310568 32000 60000
2.289305 38400 60000
2.296724 44800 60000
2.316355 51200 60000
2.339094 57600 60000
Epoch 9
-------------------------------
2.304396     0 60000
2.309161  6400 60000
2.337382 12800 60000
2.341609 19200 60000
2.317371 25600 60000
2.337238 32000 60000
2.312764 38400 60000
2.348542 44800 60000
2.379974 51200 60000
2.295568 57600 60000
Epoch 10
-------------------------------
2.303449     0 60000
2.295766  6400 60000
2.308305 12800 60000
2.304083 19200 60000
2.314944 25600 60000
2.344377 32000 60000
2.298295 38400 60000
2.308300 44800 60000
2.305539 51200 60000
2.296234 57600 60000
Epoch 11
-------------------------------
2.355317     0 60000
2.315707  6400 60000
2.328419 12800 60000
2.315013 19200 60000
2.338106 25600 60000
2.318149 32000 60000
2.307596 38400 60000
2.269003 44800 60000
2.304212 51200 60000
2.323929 57600 60000
Epoch 12
-------------------------------
2.302066     0 60000
2.305192  6400 60000
2.313108 12800 60000
2.296170 19200 60000
2.329171 25600 60000
2.325257 32000 60000
2.311669 38400 60000
2.295695 44800 60000
2.293608 51200 60000
2.315997 57600 60000
