Epoch 1
-------------------------------
2.311427     0 60000
0.741139  6400 60000
0.445038 12800 60000
0.500765 19200 60000
0.479400 25600 60000
0.396542 32000 60000
0.364884 38400 60000
0.552678 44800 60000
0.245046 51200 60000
0.484386 57600 60000
Epoch 2
-------------------------------
0.474950     0 60000
0.326906  6400 60000
0.543975 12800 60000
0.309071 19200 60000
0.327462 25600 60000
0.457285 32000 60000
0.225950 38400 60000
0.229479 44800 60000
0.309159 51200 60000
0.201917 57600 60000
Epoch 3
-------------------------------
0.414611     0 60000
0.350797  6400 60000
0.412213 12800 60000
0.345696 19200 60000
0.124168 25600 60000
0.339702 32000 60000
0.258544 38400 60000
0.407618 44800 60000
0.291707 51200 60000
0.210368 57600 60000
Epoch 4
-------------------------------
0.387893     0 60000
0.286480  6400 60000
0.210547 12800 60000
0.271650 19200 60000
0.271722 25600 60000
0.183867 32000 60000
0.254723 38400 60000
0.112506 44800 60000
0.333690 51200 60000
0.262493 57600 60000
Epoch 5
-------------------------------
0.262297     0 60000
0.163619  6400 60000
0.216163 12800 60000
0.352356 19200 60000
0.327446 25600 60000
0.339281 32000 60000
0.258352 38400 60000
0.595505 44800 60000
0.424939 51200 60000
0.336033 57600 60000
Epoch 6
-------------------------------
0.331140     0 60000
0.190092  6400 60000
0.280584 12800 60000
0.323812 19200 60000
0.315060 25600 60000
0.292322 32000 60000
0.342028 38400 60000
0.369449 44800 60000
0.296210 51200 60000
0.529885 57600 60000
Epoch 7
-------------------------------
0.262687     0 60000
0.232138  6400 60000
0.258110 12800 60000
0.221427 19200 60000
0.396605 25600 60000
0.383508 32000 60000
0.262446 38400 60000
0.314671 44800 60000
0.275361 51200 60000
0.359129 57600 60000
Epoch 8
-------------------------------
0.215154     0 60000
0.220302  6400 60000
0.208489 12800 60000
0.157158 19200 60000
0.318235 25600 60000
0.348395 32000 60000
0.361916 38400 60000
0.348632 44800 60000
0.199824 51200 60000
0.160268 57600 60000
Epoch 9
-------------------------------
0.242777     0 60000
0.210315  6400 60000
0.192067 12800 60000
0.200212 19200 60000
0.261718 25600 60000
0.438519 32000 60000
0.268372 38400 60000
0.223125 44800 60000
0.379356 51200 60000
0.144279 57600 60000
Epoch 10
-------------------------------
0.073053     0 60000
0.212485  6400 60000
0.180895 12800 60000
0.638138 19200 60000
0.279687 25600 60000
0.257204 32000 60000
0.216940 38400 60000
0.333190 44800 60000
0.300204 51200 60000
0.177056 57600 60000
Epoch 11
-------------------------------
0.181910     0 60000
0.145978  6400 60000
0.311666 12800 60000
0.214389 19200 60000
0.109720 25600 60000
0.195380 32000 60000
0.160994 38400 60000
0.213621 44800 60000
0.163316 51200 60000
0.221939 57600 60000
Epoch 12
-------------------------------
0.209014     0 60000
0.252166  6400 60000
0.232006 12800 60000
0.213044 19200 60000
0.287854 25600 60000
0.149892 32000 60000
0.080278 38400 60000
0.398195 44800 60000
0.211903 51200 60000
0.366657 57600 60000
