Epoch 1
-------------------------------
0.191114     0 60000
0.712036  6400 60000
1.070405 12800 60000
0.441281 19200 60000
0.525201 25600 60000
0.850888 32000 60000
1.687934 38400 60000
0.870963 44800 60000
0.788922 51200 60000
0.699640 57600 60000
Epoch 2
-------------------------------
0.811086     0 60000
0.782585  6400 60000
0.501896 12800 60000
0.596683 19200 60000
0.649080 25600 60000
0.544596 32000 60000
0.917321 38400 60000
0.598131 44800 60000
0.578265 51200 60000
0.633549 57600 60000
Epoch 3
-------------------------------
0.462260     0 60000
0.408084  6400 60000
0.651706 12800 60000
0.594918 19200 60000
0.435034 25600 60000
0.506099 32000 60000
0.479741 38400 60000
0.507864 44800 60000
0.291744 51200 60000
0.500356 57600 60000
Epoch 4
-------------------------------
0.547412     0 60000
0.410127  6400 60000
0.316970 12800 60000
0.328026 19200 60000
0.523045 25600 60000
0.763563 32000 60000
0.770923 38400 60000
1.203332 44800 60000
0.794089 51200 60000
1.571399 57600 60000
Epoch 5
-------------------------------
1.889651     0 60000
2.415373  6400 60000
2.301943 12800 60000
2.303461 19200 60000
2.308630 25600 60000
2.290468 32000 60000
2.309495 38400 60000
2.309537 44800 60000
2.300621 51200 60000
2.310254 57600 60000
Epoch 6
-------------------------------
2.300947     0 60000
2.304366  6400 60000
2.305733 12800 60000
2.292949 19200 60000
2.295937 25600 60000
2.302224 32000 60000
2.301358 38400 60000
2.305413 44800 60000
2.305155 51200 60000
2.317348 57600 60000
Epoch 7
-------------------------------
2.304922     0 60000
2.302809  6400 60000
2.308645 12800 60000
2.305962 19200 60000
2.302198 25600 60000
2.309499 32000 60000
2.298846 38400 60000
2.311115 44800 60000
2.306382 51200 60000
2.302901 57600 60000
Epoch 8
-------------------------------
2.301525     0 60000
2.298426  6400 60000
2.294064 12800 60000
2.300767 19200 60000
2.302022 25600 60000
2.298914 32000 60000
2.299853 38400 60000
2.298634 44800 60000
2.306231 51200 60000
2.298734 57600 60000
Epoch 9
-------------------------------
2.296001     0 60000
2.298202  6400 60000
2.295843 12800 60000
2.299459 19200 60000
2.302357 25600 60000
2.304580 32000 60000
2.300718 38400 60000
2.295581 44800 60000
2.305625 51200 60000
2.301189 57600 60000
Epoch 10
-------------------------------
2.291448     0 60000
2.294841  6400 60000
2.308864 12800 60000
2.295717 19200 60000
2.300410 25600 60000
2.300985 32000 60000
2.305604 38400 60000
2.304842 44800 60000
2.295617 51200 60000
2.301628 57600 60000
Epoch 11
-------------------------------
2.296613     0 60000
2.306550  6400 60000
2.298601 12800 60000
2.308751 19200 60000
2.309555 25600 60000
2.308376 32000 60000
2.301485 38400 60000
2.297077 44800 60000
2.305515 51200 60000
2.310639 57600 60000
Epoch 12
-------------------------------
2.301984     0 60000
2.315479  6400 60000
2.295681 12800 60000
2.305391 19200 60000
2.296177 25600 60000
2.303056 32000 60000
2.306691 38400 60000
2.299995 44800 60000
2.289308 51200 60000
2.303586 57600 60000
