Epoch 1
-------------------------------
0.213727     0 60000
1.141051  6400 60000
0.546075 12800 60000
0.679614 19200 60000
0.250344 25600 60000
0.494574 32000 60000
0.508114 38400 60000
0.424217 44800 60000
0.335164 51200 60000
0.706613 57600 60000
Epoch 2
-------------------------------
0.362346     0 60000
0.382578  6400 60000
0.404192 12800 60000
0.337857 19200 60000
0.368271 25600 60000
0.541390 32000 60000
0.267340 38400 60000
0.425053 44800 60000
0.333259 51200 60000
0.429626 57600 60000
Epoch 3
-------------------------------
0.400106     0 60000
0.314932  6400 60000
0.407893 12800 60000
0.528870 19200 60000
0.218360 25600 60000
0.196546 32000 60000
0.341091 38400 60000
0.255679 44800 60000
0.229333 51200 60000
0.595507 57600 60000
Epoch 4
-------------------------------
0.488335     0 60000
0.108979  6400 60000
0.390076 12800 60000
0.460036 19200 60000
0.387050 25600 60000
0.420607 32000 60000
0.571036 38400 60000
0.298872 44800 60000
0.394287 51200 60000
0.352689 57600 60000
Epoch 5
-------------------------------
0.588013     0 60000
0.341862  6400 60000
0.316421 12800 60000
0.340475 19200 60000
0.281151 25600 60000
0.364787 32000 60000
0.197035 38400 60000
0.369347 44800 60000
0.494176 51200 60000
0.222346 57600 60000
Epoch 6
-------------------------------
0.410855     0 60000
0.249957  6400 60000
0.180992 12800 60000
0.350220 19200 60000
0.399054 25600 60000
0.215628 32000 60000
0.467207 38400 60000
0.311978 44800 60000
0.365228 51200 60000
0.330943 57600 60000
Epoch 7
-------------------------------
0.426994     0 60000
0.351803  6400 60000
0.171975 12800 60000
0.177437 19200 60000
0.243358 25600 60000
0.564610 32000 60000
0.341101 38400 60000
0.388519 44800 60000
0.150105 51200 60000
0.394302 57600 60000
Epoch 8
-------------------------------
0.471938     0 60000
0.250068  6400 60000
0.578401 12800 60000
0.327879 19200 60000
0.365456 25600 60000
0.363429 32000 60000
0.321389 38400 60000
0.147146 44800 60000
0.361059 51200 60000
0.481296 57600 60000
Epoch 9
-------------------------------
0.344170     0 60000
0.248046  6400 60000
0.274573 12800 60000
0.346966 19200 60000
0.262753 25600 60000
0.253887 32000 60000
0.444187 38400 60000
0.389484 44800 60000
0.290644 51200 60000
0.243403 57600 60000
Epoch 10
-------------------------------
0.306737     0 60000
0.444285  6400 60000
0.149816 12800 60000
0.320507 19200 60000
0.261099 25600 60000
0.168045 32000 60000
0.320415 38400 60000
0.267073 44800 60000
0.475825 51200 60000
0.344786 57600 60000
Epoch 11
-------------------------------
0.587168     0 60000
0.504463  6400 60000
0.260140 12800 60000
0.404972 19200 60000
0.182268 25600 60000
0.266841 32000 60000
0.193715 38400 60000
0.408765 44800 60000
0.203021 51200 60000
0.472240 57600 60000
Epoch 12
-------------------------------
0.344138     0 60000
0.133908  6400 60000
0.355668 12800 60000
0.163286 19200 60000
0.151954 25600 60000
0.300408 32000 60000
0.478896 38400 60000
0.227772 44800 60000
0.325010 51200 60000
0.260785 57600 60000
