Epoch 1
-------------------------------
2.301268     0 60000
2.362498  6400 60000
2.298976 12800 60000
2.263952 19200 60000
2.330684 25600 60000
2.357032 32000 60000
2.301725 38400 60000
2.315425 44800 60000
2.313938 51200 60000
2.324369 57600 60000
Epoch 2
-------------------------------
2.312131     0 60000
2.255669  6400 60000
2.300632 12800 60000
2.312726 19200 60000
2.335777 25600 60000
2.327524 32000 60000
2.345314 38400 60000
2.325401 44800 60000
2.319172 51200 60000
2.308275 57600 60000
Epoch 3
-------------------------------
2.317593     0 60000
2.292407  6400 60000
2.293192 12800 60000
2.315526 19200 60000
2.317661 25600 60000
2.301411 32000 60000
2.302696 38400 60000
2.277678 44800 60000
2.344142 51200 60000
2.310569 57600 60000
Epoch 4
-------------------------------
2.302069     0 60000
2.324897  6400 60000
2.316034 12800 60000
2.303105 19200 60000
2.312872 25600 60000
2.303237 32000 60000
2.301499 38400 60000
2.291818 44800 60000
2.285568 51200 60000
2.333531 57600 60000
Epoch 5
-------------------------------
2.337245     0 60000
2.301664  6400 60000
2.302475 12800 60000
2.298811 19200 60000
2.316510 25600 60000
2.300747 32000 60000
2.295919 38400 60000
2.306078 44800 60000
2.309778 51200 60000
2.303648 57600 60000
Epoch 6
-------------------------------
2.298830     0 60000
2.298151  6400 60000
2.322160 12800 60000
2.301263 19200 60000
2.294905 25600 60000
2.297840 32000 60000
2.312093 38400 60000
2.325358 44800 60000
2.301218 51200 60000
2.290797 57600 60000
Epoch 7
-------------------------------
2.281946     0 60000
2.351192  6400 60000
2.323092 12800 60000
2.289870 19200 60000
2.308255 25600 60000
2.319214 32000 60000
2.295490 38400 60000
2.312708 44800 60000
2.342345 51200 60000
2.311464 57600 60000
Epoch 8
-------------------------------
2.300706     0 60000
2.338861  6400 60000
2.315248 12800 60000
2.276402 19200 60000
2.339082 25600 60000
2.295343 32000 60000
2.351029 38400 60000
2.303769 44800 60000
2.308537 51200 60000
2.322923 57600 60000
Epoch 9
-------------------------------
2.299897     0 60000
2.316170  6400 60000
2.302066 12800 60000
2.332045 19200 60000
2.328366 25600 60000
2.331654 32000 60000
2.309704 38400 60000
2.302331 44800 60000
2.307851 51200 60000
2.300935 57600 60000
Epoch 10
-------------------------------
2.307678     0 60000
2.330719  6400 60000
2.311358 12800 60000
2.316069 19200 60000
2.302333 25600 60000
2.296133 32000 60000
2.293516 38400 60000
2.322520 44800 60000
2.338876 51200 60000
2.351063 57600 60000
Epoch 11
-------------------------------
2.292954     0 60000
2.327534  6400 60000
2.305729 12800 60000
2.300806 19200 60000
2.246005 25600 60000
2.309914 32000 60000
2.284843 38400 60000
2.292175 44800 60000
2.323870 51200 60000
2.326875 57600 60000
Epoch 12
-------------------------------
2.287069     0 60000
2.310369  6400 60000
2.295387 12800 60000
2.303945 19200 60000
2.316347 25600 60000
2.314520 32000 60000
2.304060 38400 60000
2.301845 44800 60000
2.303893 51200 60000
2.354874 57600 60000
