Epoch 1
-------------------------------
0.200043     0 60000
0.767430  6400 60000
0.352975 12800 60000
0.590112 19200 60000
0.321629 25600 60000
0.884938 32000 60000
0.504896 38400 60000
0.575189 44800 60000
0.372746 51200 60000
0.626394 57600 60000
Epoch 2
-------------------------------
0.493094     0 60000
0.598157  6400 60000
0.468540 12800 60000
0.695833 19200 60000
0.678915 25600 60000
0.340474 32000 60000
0.294484 38400 60000
0.681085 44800 60000
0.370063 51200 60000
0.481765 57600 60000
Epoch 3
-------------------------------
0.456425     0 60000
0.223791  6400 60000
0.551333 12800 60000
0.258236 19200 60000
0.398458 25600 60000
0.335132 32000 60000
0.467804 38400 60000
0.204057 44800 60000
0.376101 51200 60000
0.839102 57600 60000
Epoch 4
-------------------------------
0.408514     0 60000
0.401796  6400 60000
0.370794 12800 60000
0.331687 19200 60000
0.560791 25600 60000
0.329648 32000 60000
0.459243 38400 60000
0.351210 44800 60000
0.360425 51200 60000
0.390419 57600 60000
Epoch 5
-------------------------------
0.550080     0 60000
0.233650  6400 60000
0.409884 12800 60000
0.397122 19200 60000
0.566919 25600 60000
0.270856 32000 60000
0.151698 38400 60000
0.437064 44800 60000
0.573538 51200 60000
0.453737 57600 60000
Epoch 6
-------------------------------
0.376852     0 60000
0.299938  6400 60000
0.513417 12800 60000
0.340648 19200 60000
0.122036 25600 60000
0.365800 32000 60000
1.216479 38400 60000
0.611053 44800 60000
0.632866 51200 60000
0.275494 57600 60000
Epoch 7
-------------------------------
0.429548     0 60000
0.527109  6400 60000
0.229644 12800 60000
0.535569 19200 60000
0.407497 25600 60000
0.400871 32000 60000
0.454307 38400 60000
0.422865 44800 60000
0.429587 51200 60000
0.495783 57600 60000
Epoch 8
-------------------------------
0.376555     0 60000
0.444225  6400 60000
0.281349 12800 60000
0.305105 19200 60000
0.450911 25600 60000
0.286340 32000 60000
0.323446 38400 60000
0.306909 44800 60000
0.349243 51200 60000
0.386831 57600 60000
Epoch 9
-------------------------------
0.331614     0 60000
0.427887  6400 60000
0.392181 12800 60000
0.366874 19200 60000
0.347584 25600 60000
0.462753 32000 60000
0.321481 38400 60000
0.329982 44800 60000
0.404972 51200 60000
0.264616 57600 60000
Epoch 10
-------------------------------
0.361581     0 60000
0.232883  6400 60000
0.525448 12800 60000
0.271802 19200 60000
0.229413 25600 60000
0.331672 32000 60000
0.372900 38400 60000
0.391873 44800 60000
0.541802 51200 60000
0.241767 57600 60000
Epoch 11
-------------------------------
0.252975     0 60000
0.336487  6400 60000
0.459553 12800 60000
0.386735 19200 60000
0.508090 25600 60000
0.440513 32000 60000
0.454023 38400 60000
0.528605 44800 60000
0.293507 51200 60000
0.589365 57600 60000
Epoch 12
-------------------------------
0.408618     0 60000
0.297810  6400 60000
0.375984 12800 60000
0.259210 19200 60000
0.277934 25600 60000
0.255214 32000 60000
0.355441 38400 60000
0.297915 44800 60000
0.318249 51200 60000
0.614131 57600 60000
