8 8
1e-10 0.001 88.71 88.88
1e-10 0.01 88.71 88.88
1e-10 0.1 88.71 88.88
1e-10 1 88.71 88.88
1e-10 10 88.71 88.88
1e-10 100 88.71 88.88
1e-10 10000 88.71 88.88
1e-10 100000 88.71 88.88
1e-05 0.001 88.71 88.88
1e-05 0.01 88.71 88.88
1e-05 0.1 88.71 88.88
1e-05 1 88.71 88.88
1e-05 10 88.71 88.88
1e-05 100 68.95 68.85
1e-05 10000 11.20 11.17
1e-05 100000 9.78 10.50
0.01 0.001 88.71 88.88
0.01 0.01 88.71 88.88
0.01 0.1 69.14 69.23
0.01 1 16.14 15.52
0.01 10 11.13 11.10
0.01 100 9.68 10.13
0.01 10000 4.66 5.83
0.01 100000 1.50 4.08
0.1 0.001 88.71 88.88
0.1 0.01 71.74 71.98
0.1 0.1 16.03 15.55
0.1 1 10.73 10.53
0.1 10 8.20 8.47
0.1 100 4.52 5.52
0.1 10000 0.22 3.83
0.1 100000 0.00 4.08
1 0.001 88.71 88.88
1 0.01 16.20 15.92
1 0.1 8.27 8.17
1 1 4.40 5.28
1 10 1.47 3.60
1 100 0.15 3.32
1 10000 0.00 3.50
1 100000 0.00 3.50
10 0.001 88.71 88.88
10 0.01 58.07 59.57
10 0.1 4.72 6.98
10 1 0.38 3.00
10 10 0.00 2.98
10 100 0.00 2.98
10 10000 0.00 2.98
10 100000 0.00 2.98
100 0.001 88.71 88.88
100 0.01 88.71 88.88
100 0.1 81.47 82.22
100 1 0.00 67.88
100 10 0.00 64.17
100 100 0.00 64.17
100 10000 0.00 64.17
100 100000 0.00 64.17
1000 0.001 88.71 88.88
1000 0.01 88.71 88.88
1000 0.1 88.71 88.88
1000 1 0.00 88.88
1000 10 0.00 88.88
1000 100 0.00 88.88
1000 10000 0.00 88.88
1000 100000 0.00 88.88
