10 10
1 1 4.40 5.28
1 2 3.52 4.70
1 3 2.92 4.27
1 4 2.60 4.13
1 5 2.37 3.83
1 6 2.06 3.78
1 7 1.83 3.58
1 8 1.66 3.57
1 9 1.55 3.50
1 10 1.47 3.60
2 1 2.71 4.13
2 2 1.80 3.37
2 3 1.38 3.17
2 4 1.06 2.97
2 5 0.85 2.97
2 6 0.66 2.93
2 7 0.55 3.05
2 8 0.48 3.02
2 9 0.46 2.98
2 10 0.41 2.98
3 1 1.85 3.45
3 2 1.03 2.93
3 3 0.65 2.73
3 4 0.49 2.73
3 5 0.37 2.73
3 6 0.31 2.78
3 7 0.26 2.77
3 8 0.21 2.72
3 9 0.15 2.70
3 10 0.15 2.73
4 1 1.36 3.12
4 2 0.63 2.63
4 3 0.43 2.67
4 4 0.27 2.67
4 5 0.18 2.68
4 6 0.12 2.65
4 7 0.10 2.65
4 8 0.07 2.67
4 9 0.07 2.65
4 10 0.07 2.63
5 1 1.04 2.82
5 2 0.47 2.67
5 3 0.25 2.70
5 4 0.12 2.72
5 5 0.08 2.70
5 6 0.07 2.67
5 7 0.07 2.67
5 8 0.05 2.68
5 9 0.05 2.68
5 10 0.03 2.70
6 1 0.85 2.75
6 2 0.28 2.68
6 3 0.14 2.75
6 4 0.07 2.63
6 5 0.07 2.62
6 6 0.05 2.65
6 7 0.05 2.67
6 8 0.02 2.67
6 9 0.01 2.67
6 10 0.00 2.65
7 1 0.70 2.83
7 2 0.21 2.73
7 3 0.09 2.72
7 4 0.07 2.77
7 5 0.05 2.78
7 6 0.04 2.78
7 7 0.01 2.78
7 8 0.00 2.78
7 9 0.00 2.80
7 10 0.00 2.78
8 1 0.53 2.88
8 2 0.15 2.72
8 3 0.07 2.70
8 4 0.05 2.68
8 5 0.04 2.68
8 6 0.00 2.72
8 7 0.00 2.73
8 8 0.00 2.70
8 9 0.00 2.70
8 10 0.00 2.72
9 1 0.46 2.92
9 2 0.09 2.85
9 3 0.06 2.75
9 4 0.04 2.80
9 5 0.00 2.83
9 6 0.00 2.83
9 7 0.00 2.83
9 8 0.00 2.83
9 9 0.00 2.83
9 10 0.00 2.85
10 1 0.38 3.00
10 2 0.07 2.93
10 3 0.04 2.95
10 4 0.02 2.95
10 5 0.00 2.95
10 6 0.00 2.97
10 7 0.00 2.97
10 8 0.00 2.97
10 9 0.00 2.98
10 10 0.00 2.98
