gaussian_save_g0.1_c0.01.clf         0.1     0.01    20.01
13M     gaussian\models\gaussian_save_g0.1_c0.01.clf
gaussian_save_g0.1_c0.1.clf          0.1      0.1    11.64
8,6M    gaussian\models\gaussian_save_g0.1_c0.1.clf
gaussian_save_g0.1_c1.0.clf          0.1        1     9.04
5,1M    gaussian\models\gaussian_save_g0.1_c1.0.clf
gaussian_save_g0.1_c10.0.clf         0.1       10     6.12
3,4M    gaussian\models\gaussian_save_g0.1_c10.0.clf
gaussian_save_g0.1_c100.0.clf        0.1      100     3.21
2,3M    gaussian\models\gaussian_save_g0.1_c100.0.clf
gaussian_save_g0.1_c1000.0.clf       0.1     1000     1.64
1,5M    gaussian\models\gaussian_save_g0.1_c1000.0.clf
gaussian_save_g0.1_c10000.0.clf      0.1    10000     0.69
1,2M    gaussian\models\gaussian_save_g0.1_c10000.0.clf
gaussian_save_g1.0_c0.01.clf           1     0.01     9.88
9,2M    gaussian\models\gaussian_save_g1.0_c0.01.clf
gaussian_save_g1.0_c0.1.clf            1      0.1     5.83
5,0M    gaussian\models\gaussian_save_g1.0_c0.1.clf
gaussian_save_g1.0_c1.0.clf            1        1     3.19
2,7M    gaussian\models\gaussian_save_g1.0_c1.0.clf
gaussian_save_g1.0_c10.0.clf           1       10     1.40
1,7M    gaussian\models\gaussian_save_g1.0_c10.0.clf
gaussian_save_g1.0_c100.0.clf          1      100     0.30
1,4M    gaussian\models\gaussian_save_g1.0_c100.0.clf
gaussian_save_g1.0_c1000.0.clf         1     1000     0.01
1,4M    gaussian\models\gaussian_save_g1.0_c1000.0.clf
gaussian_save_g1.0_c10000.0.clf        1    10000     0.00
1,4M    gaussian\models\gaussian_save_g1.0_c10000.0.clf
gaussian_save_g10.0_c0.01.clf         10     0.01     9.29
11M     gaussian\models\gaussian_save_g10.0_c0.01.clf
gaussian_save_g10.0_c0.1.clf          10      0.1     2.83
5,4M    gaussian\models\gaussian_save_g10.0_c0.1.clf
gaussian_save_g10.0_c1.0.clf          10        1     0.39
3,9M    gaussian\models\gaussian_save_g10.0_c1.0.clf
gaussian_save_g10.0_c10.0.clf         10       10     0.01
4,0M    gaussian\models\gaussian_save_g10.0_c10.0.clf
gaussian_save_g10.0_c100.0.clf        10      100     0.00
4,0M    gaussian\models\gaussian_save_g10.0_c100.0.clf
gaussian_save_g10.0_c1000.0.clf       10     1000     0.00
4,0M    gaussian\models\gaussian_save_g10.0_c1000.0.clf
gaussian_save_g10.0_c10000.0.clf              10    10000     0.00
4,0M    gaussian\models\gaussian_save_g10.0_c10000.0.clf
gaussian_save_g100.0_c0.01.clf       100     0.01    88.76
14M     gaussian\models\gaussian_save_g100.0_c0.01.clf
gaussian_save_g100.0_c0.1.clf        100      0.1    80.77
13M     gaussian\models\gaussian_save_g100.0_c0.1.clf
gaussian_save_g100.0_c1.0.clf        100        1     0.00
13M     gaussian\models\gaussian_save_g100.0_c1.0.clf
gaussian_save_g100.0_c10.0.clf       100       10     0.00
13M     gaussian\models\gaussian_save_g100.0_c10.0.clf
gaussian_save_g100.0_c100.0.clf      100      100     0.00
13M     gaussian\models\gaussian_save_g100.0_c100.0.clf
gaussian_save_g100.0_c1000.0.clf             100     1000     0.00
13M     gaussian\models\gaussian_save_g100.0_c1000.0.clf
gaussian_save_g100.0_c10000.0.clf            100    10000     0.00
13M     gaussian\models\gaussian_save_g100.0_c10000.0.clf
gaussian_save_g1000.0_c0.01.clf     1000     0.01    88.76
14M     gaussian\models\gaussian_save_g1000.0_c0.01.clf
gaussian_save_g1000.0_c0.1.clf      1000      0.1    88.76
14M     gaussian\models\gaussian_save_g1000.0_c0.1.clf
gaussian_save_g1000.0_c1.0.clf      1000        1     0.00
14M     gaussian\models\gaussian_save_g1000.0_c1.0.clf
gaussian_save_g1000.0_c10.0.clf     1000       10     0.00
14M     gaussian\models\gaussian_save_g1000.0_c10.0.clf
gaussian_save_g1000.0_c100.0.clf            1000      100     0.00
14M     gaussian\models\gaussian_save_g1000.0_c100.0.clf
gaussian_save_g1000.0_c1000.0.clf           1000     1000     0.00
14M     gaussian\models\gaussian_save_g1000.0_c1000.0.clf
gaussian_save_g1000.0_c10000.0.clf          1000    10000     0.00
14M     gaussian\models\gaussian_save_g1000.0_c10000.0.clf
gaussian_save_g10000.0_c0.01.clf           10000     0.01    88.76
14M     gaussian\models\gaussian_save_g10000.0_c0.01.clf
gaussian_save_g10000.0_c0.1.clf    10000      0.1    88.76
14M     gaussian\models\gaussian_save_g10000.0_c0.1.clf
gaussian_save_g10000.0_c1.0.clf    10000        1     0.00
14M     gaussian\models\gaussian_save_g10000.0_c1.0.clf
gaussian_save_g10000.0_c10.0.clf           10000       10     0.00
14M     gaussian\models\gaussian_save_g10000.0_c10.0.clf
gaussian_save_g10000.0_c100.0.clf          10000      100     0.00
14M     gaussian\models\gaussian_save_g10000.0_c100.0.clf
gaussian_save_g10000.0_c1000.0.clf         10000     1000     0.00
14M     gaussian\models\gaussian_save_g10000.0_c1000.0.clf
gaussian_save_g10000.0_c10000.0.clf        10000    10000     0.00
14M     gaussian\models\gaussian_save_g10000.0_c10000.0.clf